[2024-07-12T08:08:42.170+0000] {local_task_job_runner.py:120} INFO - ::group::Pre task execution logs
[2024-07-12T08:08:42.183+0000] {taskinstance.py:2076} INFO - Dependencies all met for dep_context=non-requeueable deps ti=<TaskInstance: tutorial.print_date scheduled__2024-07-11T00:00:00+00:00 [queued]>
[2024-07-12T08:08:42.187+0000] {taskinstance.py:2076} INFO - Dependencies all met for dep_context=requeueable deps ti=<TaskInstance: tutorial.print_date scheduled__2024-07-11T00:00:00+00:00 [queued]>
[2024-07-12T08:08:42.188+0000] {taskinstance.py:2306} INFO - Starting attempt 1 of 2
[2024-07-12T08:08:42.198+0000] {taskinstance.py:2330} INFO - Executing <Task(BashOperator): print_date> on 2024-07-11 00:00:00+00:00
[2024-07-12T08:08:42.203+0000] {warnings.py:112} WARNING - /home/***/.local/lib/python3.12/site-packages/***/task/task_runner/standard_task_runner.py:61: DeprecationWarning: This process (pid=67) is multi-threaded, use of fork() may lead to deadlocks in the child.
  pid = os.fork()

[2024-07-12T08:08:42.204+0000] {standard_task_runner.py:63} INFO - Started process 69 to run task
[2024-07-12T08:08:42.204+0000] {standard_task_runner.py:90} INFO - Running: ['***', 'tasks', 'run', 'tutorial', 'print_date', 'scheduled__2024-07-11T00:00:00+00:00', '--job-id', '5', '--raw', '--subdir', '/home/***/.local/lib/python3.12/site-packages/***/example_dags/tutorial.py', '--cfg-path', '/tmp/tmpdprvbdgg']
[2024-07-12T08:08:42.206+0000] {standard_task_runner.py:91} INFO - Job 5: Subtask print_date
[2024-07-12T08:08:42.232+0000] {task_command.py:426} INFO - Running <TaskInstance: tutorial.print_date scheduled__2024-07-11T00:00:00+00:00 [running]> on host 498ca3f7b88e
[2024-07-12T08:08:42.278+0000] {taskinstance.py:2648} INFO - Exporting env vars: AIRFLOW_CTX_DAG_EMAIL='***@example.com' AIRFLOW_CTX_DAG_OWNER='***' AIRFLOW_CTX_DAG_ID='tutorial' AIRFLOW_CTX_TASK_ID='print_date' AIRFLOW_CTX_EXECUTION_DATE='2024-07-11T00:00:00+00:00' AIRFLOW_CTX_TRY_NUMBER='1' AIRFLOW_CTX_DAG_RUN_ID='scheduled__2024-07-11T00:00:00+00:00'
[2024-07-12T08:08:42.280+0000] {taskinstance.py:430} INFO - ::endgroup::
[2024-07-12T08:08:42.280+0000] {subprocess.py:63} INFO - Tmp dir root location: /tmp
[2024-07-12T08:08:42.281+0000] {subprocess.py:75} INFO - Running command: ['/usr/bin/bash', '-c', 'date']
[2024-07-12T08:08:42.287+0000] {subprocess.py:86} INFO - Output:
[2024-07-12T08:08:42.289+0000] {subprocess.py:93} INFO - Fri Jul 12 08:08:42 UTC 2024
[2024-07-12T08:08:42.289+0000] {subprocess.py:97} INFO - Command exited with return code 0
[2024-07-12T08:08:42.290+0000] {taskinstance.py:441} INFO - ::group::Post task execution logs
[2024-07-12T08:08:42.302+0000] {taskinstance.py:1206} INFO - Marking task as SUCCESS. dag_id=tutorial, task_id=print_date, run_id=scheduled__2024-07-11T00:00:00+00:00, execution_date=20240711T000000, start_date=20240712T080842, end_date=20240712T080842
[2024-07-12T08:08:42.337+0000] {local_task_job_runner.py:240} INFO - Task exited with return code 0
[2024-07-12T08:08:42.348+0000] {taskinstance.py:3503} INFO - 2 downstream tasks scheduled from follow-on schedule check
[2024-07-12T08:08:42.351+0000] {local_task_job_runner.py:222} INFO - ::endgroup::
