[2024-07-12T07:58:05.779+0000] {processor.py:161} INFO - Started process (PID=72) to work on /home/airflow/.local/lib/python3.12/site-packages/airflow/example_dags/example_sla_dag.py
[2024-07-12T07:58:05.780+0000] {processor.py:830} INFO - Processing file /home/airflow/.local/lib/python3.12/site-packages/airflow/example_dags/example_sla_dag.py for tasks to queue
[2024-07-12T07:58:05.781+0000] {logging_mixin.py:188} INFO - [2024-07-12T07:58:05.781+0000] {dagbag.py:545} INFO - Filling up the DagBag from /home/airflow/.local/lib/python3.12/site-packages/airflow/example_dags/example_sla_dag.py
[2024-07-12T07:58:05.791+0000] {processor.py:840} INFO - DAG(s) 'example_sla_dag' retrieved from /home/airflow/.local/lib/python3.12/site-packages/airflow/example_dags/example_sla_dag.py
[2024-07-12T07:58:05.800+0000] {logging_mixin.py:188} INFO - [2024-07-12T07:58:05.799+0000] {dag.py:3096} INFO - Sync 1 DAGs
[2024-07-12T07:58:05.824+0000] {logging_mixin.py:188} INFO - [2024-07-12T07:58:05.824+0000] {dag.py:3954} INFO - Setting next_dagrun for example_sla_dag to 2024-07-12 07:56:00+00:00, run_after=2024-07-12 07:58:00+00:00
[2024-07-12T07:58:05.842+0000] {processor.py:183} INFO - Processing /home/airflow/.local/lib/python3.12/site-packages/airflow/example_dags/example_sla_dag.py took 0.067 seconds
[2024-07-12T07:58:36.595+0000] {processor.py:161} INFO - Started process (PID=130) to work on /home/airflow/.local/lib/python3.12/site-packages/airflow/example_dags/example_sla_dag.py
[2024-07-12T07:58:36.596+0000] {processor.py:830} INFO - Processing file /home/airflow/.local/lib/python3.12/site-packages/airflow/example_dags/example_sla_dag.py for tasks to queue
[2024-07-12T07:58:36.597+0000] {logging_mixin.py:188} INFO - [2024-07-12T07:58:36.597+0000] {dagbag.py:545} INFO - Filling up the DagBag from /home/airflow/.local/lib/python3.12/site-packages/airflow/example_dags/example_sla_dag.py
[2024-07-12T07:58:36.603+0000] {processor.py:840} INFO - DAG(s) 'example_sla_dag' retrieved from /home/airflow/.local/lib/python3.12/site-packages/airflow/example_dags/example_sla_dag.py
[2024-07-12T07:58:36.666+0000] {logging_mixin.py:188} INFO - [2024-07-12T07:58:36.666+0000] {dag.py:3096} INFO - Sync 1 DAGs
[2024-07-12T07:58:36.681+0000] {logging_mixin.py:188} INFO - [2024-07-12T07:58:36.681+0000] {dag.py:3954} INFO - Setting next_dagrun for example_sla_dag to 2024-07-12 07:56:00+00:00, run_after=2024-07-12 07:58:00+00:00
[2024-07-12T07:58:36.697+0000] {processor.py:183} INFO - Processing /home/airflow/.local/lib/python3.12/site-packages/airflow/example_dags/example_sla_dag.py took 0.106 seconds
[2024-07-12T07:59:07.261+0000] {processor.py:161} INFO - Started process (PID=188) to work on /home/airflow/.local/lib/python3.12/site-packages/airflow/example_dags/example_sla_dag.py
[2024-07-12T07:59:07.262+0000] {processor.py:830} INFO - Processing file /home/airflow/.local/lib/python3.12/site-packages/airflow/example_dags/example_sla_dag.py for tasks to queue
[2024-07-12T07:59:07.263+0000] {logging_mixin.py:188} INFO - [2024-07-12T07:59:07.263+0000] {dagbag.py:545} INFO - Filling up the DagBag from /home/airflow/.local/lib/python3.12/site-packages/airflow/example_dags/example_sla_dag.py
[2024-07-12T07:59:07.269+0000] {processor.py:840} INFO - DAG(s) 'example_sla_dag' retrieved from /home/airflow/.local/lib/python3.12/site-packages/airflow/example_dags/example_sla_dag.py
[2024-07-12T07:59:07.280+0000] {logging_mixin.py:188} INFO - [2024-07-12T07:59:07.280+0000] {dag.py:3096} INFO - Sync 1 DAGs
[2024-07-12T07:59:07.295+0000] {logging_mixin.py:188} INFO - [2024-07-12T07:59:07.295+0000] {dag.py:3954} INFO - Setting next_dagrun for example_sla_dag to 2024-07-12 07:56:00+00:00, run_after=2024-07-12 07:58:00+00:00
[2024-07-12T07:59:07.310+0000] {processor.py:183} INFO - Processing /home/airflow/.local/lib/python3.12/site-packages/airflow/example_dags/example_sla_dag.py took 0.052 seconds
[2024-07-12T07:59:37.417+0000] {processor.py:161} INFO - Started process (PID=246) to work on /home/airflow/.local/lib/python3.12/site-packages/airflow/example_dags/example_sla_dag.py
[2024-07-12T07:59:37.418+0000] {processor.py:830} INFO - Processing file /home/airflow/.local/lib/python3.12/site-packages/airflow/example_dags/example_sla_dag.py for tasks to queue
[2024-07-12T07:59:37.419+0000] {logging_mixin.py:188} INFO - [2024-07-12T07:59:37.419+0000] {dagbag.py:545} INFO - Filling up the DagBag from /home/airflow/.local/lib/python3.12/site-packages/airflow/example_dags/example_sla_dag.py
[2024-07-12T07:59:37.425+0000] {processor.py:840} INFO - DAG(s) 'example_sla_dag' retrieved from /home/airflow/.local/lib/python3.12/site-packages/airflow/example_dags/example_sla_dag.py
[2024-07-12T07:59:37.437+0000] {logging_mixin.py:188} INFO - [2024-07-12T07:59:37.436+0000] {dag.py:3096} INFO - Sync 1 DAGs
[2024-07-12T07:59:37.452+0000] {logging_mixin.py:188} INFO - [2024-07-12T07:59:37.452+0000] {dag.py:3954} INFO - Setting next_dagrun for example_sla_dag to 2024-07-12 07:56:00+00:00, run_after=2024-07-12 07:58:00+00:00
[2024-07-12T07:59:37.466+0000] {processor.py:183} INFO - Processing /home/airflow/.local/lib/python3.12/site-packages/airflow/example_dags/example_sla_dag.py took 0.054 seconds
[2024-07-12T08:01:09.689+0000] {processor.py:161} INFO - Started process (PID=71) to work on /home/airflow/.local/lib/python3.12/site-packages/airflow/example_dags/example_sla_dag.py
[2024-07-12T08:01:09.690+0000] {processor.py:830} INFO - Processing file /home/airflow/.local/lib/python3.12/site-packages/airflow/example_dags/example_sla_dag.py for tasks to queue
[2024-07-12T08:01:09.691+0000] {logging_mixin.py:188} INFO - [2024-07-12T08:01:09.691+0000] {dagbag.py:545} INFO - Filling up the DagBag from /home/airflow/.local/lib/python3.12/site-packages/airflow/example_dags/example_sla_dag.py
[2024-07-12T08:01:09.700+0000] {processor.py:840} INFO - DAG(s) 'example_sla_dag' retrieved from /home/airflow/.local/lib/python3.12/site-packages/airflow/example_dags/example_sla_dag.py
[2024-07-12T08:01:09.705+0000] {logging_mixin.py:188} INFO - [2024-07-12T08:01:09.705+0000] {dag.py:3096} INFO - Sync 1 DAGs
[2024-07-12T08:01:09.723+0000] {logging_mixin.py:188} INFO - [2024-07-12T08:01:09.723+0000] {dag.py:3954} INFO - Setting next_dagrun for example_sla_dag to 2024-07-12 07:58:00+00:00, run_after=2024-07-12 08:00:00+00:00
[2024-07-12T08:01:09.737+0000] {processor.py:183} INFO - Processing /home/airflow/.local/lib/python3.12/site-packages/airflow/example_dags/example_sla_dag.py took 0.053 seconds
[2024-07-12T08:01:40.604+0000] {processor.py:161} INFO - Started process (PID=129) to work on /home/airflow/.local/lib/python3.12/site-packages/airflow/example_dags/example_sla_dag.py
[2024-07-12T08:01:40.604+0000] {processor.py:830} INFO - Processing file /home/airflow/.local/lib/python3.12/site-packages/airflow/example_dags/example_sla_dag.py for tasks to queue
[2024-07-12T08:01:40.605+0000] {logging_mixin.py:188} INFO - [2024-07-12T08:01:40.605+0000] {dagbag.py:545} INFO - Filling up the DagBag from /home/airflow/.local/lib/python3.12/site-packages/airflow/example_dags/example_sla_dag.py
[2024-07-12T08:01:40.610+0000] {processor.py:840} INFO - DAG(s) 'example_sla_dag' retrieved from /home/airflow/.local/lib/python3.12/site-packages/airflow/example_dags/example_sla_dag.py
[2024-07-12T08:01:40.674+0000] {logging_mixin.py:188} INFO - [2024-07-12T08:01:40.673+0000] {dag.py:3096} INFO - Sync 1 DAGs
[2024-07-12T08:01:40.689+0000] {logging_mixin.py:188} INFO - [2024-07-12T08:01:40.689+0000] {dag.py:3954} INFO - Setting next_dagrun for example_sla_dag to 2024-07-12 07:58:00+00:00, run_after=2024-07-12 08:00:00+00:00
[2024-07-12T08:01:40.703+0000] {processor.py:183} INFO - Processing /home/airflow/.local/lib/python3.12/site-packages/airflow/example_dags/example_sla_dag.py took 0.103 seconds
[2024-07-12T08:02:11.431+0000] {processor.py:161} INFO - Started process (PID=187) to work on /home/airflow/.local/lib/python3.12/site-packages/airflow/example_dags/example_sla_dag.py
[2024-07-12T08:02:11.432+0000] {processor.py:830} INFO - Processing file /home/airflow/.local/lib/python3.12/site-packages/airflow/example_dags/example_sla_dag.py for tasks to queue
[2024-07-12T08:02:11.433+0000] {logging_mixin.py:188} INFO - [2024-07-12T08:02:11.433+0000] {dagbag.py:545} INFO - Filling up the DagBag from /home/airflow/.local/lib/python3.12/site-packages/airflow/example_dags/example_sla_dag.py
[2024-07-12T08:02:11.440+0000] {processor.py:840} INFO - DAG(s) 'example_sla_dag' retrieved from /home/airflow/.local/lib/python3.12/site-packages/airflow/example_dags/example_sla_dag.py
[2024-07-12T08:02:11.452+0000] {logging_mixin.py:188} INFO - [2024-07-12T08:02:11.452+0000] {dag.py:3096} INFO - Sync 1 DAGs
[2024-07-12T08:02:11.470+0000] {logging_mixin.py:188} INFO - [2024-07-12T08:02:11.470+0000] {dag.py:3954} INFO - Setting next_dagrun for example_sla_dag to 2024-07-12 08:00:00+00:00, run_after=2024-07-12 08:02:00+00:00
[2024-07-12T08:02:11.486+0000] {processor.py:183} INFO - Processing /home/airflow/.local/lib/python3.12/site-packages/airflow/example_dags/example_sla_dag.py took 0.059 seconds
[2024-07-12T08:02:41.637+0000] {processor.py:161} INFO - Started process (PID=245) to work on /home/airflow/.local/lib/python3.12/site-packages/airflow/example_dags/example_sla_dag.py
[2024-07-12T08:02:41.638+0000] {processor.py:830} INFO - Processing file /home/airflow/.local/lib/python3.12/site-packages/airflow/example_dags/example_sla_dag.py for tasks to queue
[2024-07-12T08:02:41.639+0000] {logging_mixin.py:188} INFO - [2024-07-12T08:02:41.639+0000] {dagbag.py:545} INFO - Filling up the DagBag from /home/airflow/.local/lib/python3.12/site-packages/airflow/example_dags/example_sla_dag.py
[2024-07-12T08:02:41.645+0000] {processor.py:840} INFO - DAG(s) 'example_sla_dag' retrieved from /home/airflow/.local/lib/python3.12/site-packages/airflow/example_dags/example_sla_dag.py
[2024-07-12T08:02:41.655+0000] {logging_mixin.py:188} INFO - [2024-07-12T08:02:41.655+0000] {dag.py:3096} INFO - Sync 1 DAGs
[2024-07-12T08:02:41.670+0000] {logging_mixin.py:188} INFO - [2024-07-12T08:02:41.670+0000] {dag.py:3954} INFO - Setting next_dagrun for example_sla_dag to 2024-07-12 08:00:00+00:00, run_after=2024-07-12 08:02:00+00:00
[2024-07-12T08:02:41.684+0000] {processor.py:183} INFO - Processing /home/airflow/.local/lib/python3.12/site-packages/airflow/example_dags/example_sla_dag.py took 0.051 seconds
[2024-07-12T08:04:17.304+0000] {processor.py:161} INFO - Started process (PID=72) to work on /home/airflow/.local/lib/python3.12/site-packages/airflow/example_dags/example_sla_dag.py
[2024-07-12T08:04:17.305+0000] {processor.py:830} INFO - Processing file /home/airflow/.local/lib/python3.12/site-packages/airflow/example_dags/example_sla_dag.py for tasks to queue
[2024-07-12T08:04:17.306+0000] {logging_mixin.py:188} INFO - [2024-07-12T08:04:17.306+0000] {dagbag.py:545} INFO - Filling up the DagBag from /home/airflow/.local/lib/python3.12/site-packages/airflow/example_dags/example_sla_dag.py
[2024-07-12T08:04:17.315+0000] {processor.py:840} INFO - DAG(s) 'example_sla_dag' retrieved from /home/airflow/.local/lib/python3.12/site-packages/airflow/example_dags/example_sla_dag.py
[2024-07-12T08:04:17.322+0000] {logging_mixin.py:188} INFO - [2024-07-12T08:04:17.321+0000] {dag.py:3096} INFO - Sync 1 DAGs
[2024-07-12T08:04:17.340+0000] {logging_mixin.py:188} INFO - [2024-07-12T08:04:17.340+0000] {dag.py:3954} INFO - Setting next_dagrun for example_sla_dag to 2024-07-12 08:02:00+00:00, run_after=2024-07-12 08:04:00+00:00
[2024-07-12T08:04:17.360+0000] {processor.py:183} INFO - Processing /home/airflow/.local/lib/python3.12/site-packages/airflow/example_dags/example_sla_dag.py took 0.060 seconds
[2024-07-12T08:04:48.188+0000] {processor.py:161} INFO - Started process (PID=130) to work on /home/airflow/.local/lib/python3.12/site-packages/airflow/example_dags/example_sla_dag.py
[2024-07-12T08:04:48.189+0000] {processor.py:830} INFO - Processing file /home/airflow/.local/lib/python3.12/site-packages/airflow/example_dags/example_sla_dag.py for tasks to queue
[2024-07-12T08:04:48.190+0000] {logging_mixin.py:188} INFO - [2024-07-12T08:04:48.190+0000] {dagbag.py:545} INFO - Filling up the DagBag from /home/airflow/.local/lib/python3.12/site-packages/airflow/example_dags/example_sla_dag.py
[2024-07-12T08:04:48.196+0000] {processor.py:840} INFO - DAG(s) 'example_sla_dag' retrieved from /home/airflow/.local/lib/python3.12/site-packages/airflow/example_dags/example_sla_dag.py
[2024-07-12T08:04:48.260+0000] {logging_mixin.py:188} INFO - [2024-07-12T08:04:48.260+0000] {dag.py:3096} INFO - Sync 1 DAGs
[2024-07-12T08:04:48.275+0000] {logging_mixin.py:188} INFO - [2024-07-12T08:04:48.275+0000] {dag.py:3954} INFO - Setting next_dagrun for example_sla_dag to 2024-07-12 08:02:00+00:00, run_after=2024-07-12 08:04:00+00:00
[2024-07-12T08:04:48.291+0000] {processor.py:183} INFO - Processing /home/airflow/.local/lib/python3.12/site-packages/airflow/example_dags/example_sla_dag.py took 0.107 seconds
[2024-07-12T08:05:18.605+0000] {processor.py:161} INFO - Started process (PID=188) to work on /home/airflow/.local/lib/python3.12/site-packages/airflow/example_dags/example_sla_dag.py
[2024-07-12T08:05:18.606+0000] {processor.py:830} INFO - Processing file /home/airflow/.local/lib/python3.12/site-packages/airflow/example_dags/example_sla_dag.py for tasks to queue
[2024-07-12T08:05:18.607+0000] {logging_mixin.py:188} INFO - [2024-07-12T08:05:18.607+0000] {dagbag.py:545} INFO - Filling up the DagBag from /home/airflow/.local/lib/python3.12/site-packages/airflow/example_dags/example_sla_dag.py
[2024-07-12T08:05:18.612+0000] {processor.py:840} INFO - DAG(s) 'example_sla_dag' retrieved from /home/airflow/.local/lib/python3.12/site-packages/airflow/example_dags/example_sla_dag.py
[2024-07-12T08:05:18.623+0000] {logging_mixin.py:188} INFO - [2024-07-12T08:05:18.623+0000] {dag.py:3096} INFO - Sync 1 DAGs
[2024-07-12T08:05:18.638+0000] {logging_mixin.py:188} INFO - [2024-07-12T08:05:18.638+0000] {dag.py:3954} INFO - Setting next_dagrun for example_sla_dag to 2024-07-12 08:02:00+00:00, run_after=2024-07-12 08:04:00+00:00
[2024-07-12T08:05:18.651+0000] {processor.py:183} INFO - Processing /home/airflow/.local/lib/python3.12/site-packages/airflow/example_dags/example_sla_dag.py took 0.050 seconds
[2024-07-12T08:05:48.835+0000] {processor.py:161} INFO - Started process (PID=246) to work on /home/airflow/.local/lib/python3.12/site-packages/airflow/example_dags/example_sla_dag.py
[2024-07-12T08:05:48.836+0000] {processor.py:830} INFO - Processing file /home/airflow/.local/lib/python3.12/site-packages/airflow/example_dags/example_sla_dag.py for tasks to queue
[2024-07-12T08:05:48.837+0000] {logging_mixin.py:188} INFO - [2024-07-12T08:05:48.837+0000] {dagbag.py:545} INFO - Filling up the DagBag from /home/airflow/.local/lib/python3.12/site-packages/airflow/example_dags/example_sla_dag.py
[2024-07-12T08:05:48.842+0000] {processor.py:840} INFO - DAG(s) 'example_sla_dag' retrieved from /home/airflow/.local/lib/python3.12/site-packages/airflow/example_dags/example_sla_dag.py
[2024-07-12T08:05:48.853+0000] {logging_mixin.py:188} INFO - [2024-07-12T08:05:48.853+0000] {dag.py:3096} INFO - Sync 1 DAGs
[2024-07-12T08:05:48.868+0000] {logging_mixin.py:188} INFO - [2024-07-12T08:05:48.868+0000] {dag.py:3954} INFO - Setting next_dagrun for example_sla_dag to 2024-07-12 08:02:00+00:00, run_after=2024-07-12 08:04:00+00:00
[2024-07-12T08:05:48.881+0000] {processor.py:183} INFO - Processing /home/airflow/.local/lib/python3.12/site-packages/airflow/example_dags/example_sla_dag.py took 0.050 seconds
[2024-07-12T08:06:19.755+0000] {processor.py:161} INFO - Started process (PID=304) to work on /home/airflow/.local/lib/python3.12/site-packages/airflow/example_dags/example_sla_dag.py
[2024-07-12T08:06:19.756+0000] {processor.py:830} INFO - Processing file /home/airflow/.local/lib/python3.12/site-packages/airflow/example_dags/example_sla_dag.py for tasks to queue
[2024-07-12T08:06:19.757+0000] {logging_mixin.py:188} INFO - [2024-07-12T08:06:19.757+0000] {dagbag.py:545} INFO - Filling up the DagBag from /home/airflow/.local/lib/python3.12/site-packages/airflow/example_dags/example_sla_dag.py
[2024-07-12T08:06:19.763+0000] {processor.py:840} INFO - DAG(s) 'example_sla_dag' retrieved from /home/airflow/.local/lib/python3.12/site-packages/airflow/example_dags/example_sla_dag.py
[2024-07-12T08:06:19.770+0000] {logging_mixin.py:188} INFO - [2024-07-12T08:06:19.770+0000] {dag.py:3096} INFO - Sync 1 DAGs
[2024-07-12T08:06:19.788+0000] {logging_mixin.py:188} INFO - [2024-07-12T08:06:19.788+0000] {dag.py:3954} INFO - Setting next_dagrun for example_sla_dag to 2024-07-12 08:04:00+00:00, run_after=2024-07-12 08:06:00+00:00
[2024-07-12T08:06:19.806+0000] {processor.py:183} INFO - Processing /home/airflow/.local/lib/python3.12/site-packages/airflow/example_dags/example_sla_dag.py took 0.055 seconds
[2024-07-12T08:06:50.241+0000] {processor.py:161} INFO - Started process (PID=362) to work on /home/airflow/.local/lib/python3.12/site-packages/airflow/example_dags/example_sla_dag.py
[2024-07-12T08:06:50.241+0000] {processor.py:830} INFO - Processing file /home/airflow/.local/lib/python3.12/site-packages/airflow/example_dags/example_sla_dag.py for tasks to queue
[2024-07-12T08:06:50.243+0000] {logging_mixin.py:188} INFO - [2024-07-12T08:06:50.242+0000] {dagbag.py:545} INFO - Filling up the DagBag from /home/airflow/.local/lib/python3.12/site-packages/airflow/example_dags/example_sla_dag.py
[2024-07-12T08:06:50.248+0000] {processor.py:840} INFO - DAG(s) 'example_sla_dag' retrieved from /home/airflow/.local/lib/python3.12/site-packages/airflow/example_dags/example_sla_dag.py
[2024-07-12T08:06:50.314+0000] {logging_mixin.py:188} INFO - [2024-07-12T08:06:50.313+0000] {dag.py:3096} INFO - Sync 1 DAGs
[2024-07-12T08:06:50.329+0000] {logging_mixin.py:188} INFO - [2024-07-12T08:06:50.329+0000] {dag.py:3954} INFO - Setting next_dagrun for example_sla_dag to 2024-07-12 08:04:00+00:00, run_after=2024-07-12 08:06:00+00:00
[2024-07-12T08:06:50.344+0000] {processor.py:183} INFO - Processing /home/airflow/.local/lib/python3.12/site-packages/airflow/example_dags/example_sla_dag.py took 0.108 seconds
[2024-07-12T08:07:20.380+0000] {processor.py:161} INFO - Started process (PID=420) to work on /home/airflow/.local/lib/python3.12/site-packages/airflow/example_dags/example_sla_dag.py
[2024-07-12T08:07:20.381+0000] {processor.py:830} INFO - Processing file /home/airflow/.local/lib/python3.12/site-packages/airflow/example_dags/example_sla_dag.py for tasks to queue
[2024-07-12T08:07:20.382+0000] {logging_mixin.py:188} INFO - [2024-07-12T08:07:20.382+0000] {dagbag.py:545} INFO - Filling up the DagBag from /home/airflow/.local/lib/python3.12/site-packages/airflow/example_dags/example_sla_dag.py
[2024-07-12T08:07:20.387+0000] {processor.py:840} INFO - DAG(s) 'example_sla_dag' retrieved from /home/airflow/.local/lib/python3.12/site-packages/airflow/example_dags/example_sla_dag.py
[2024-07-12T08:07:20.398+0000] {logging_mixin.py:188} INFO - [2024-07-12T08:07:20.398+0000] {dag.py:3096} INFO - Sync 1 DAGs
[2024-07-12T08:07:20.412+0000] {logging_mixin.py:188} INFO - [2024-07-12T08:07:20.412+0000] {dag.py:3954} INFO - Setting next_dagrun for example_sla_dag to 2024-07-12 08:04:00+00:00, run_after=2024-07-12 08:06:00+00:00
[2024-07-12T08:07:20.426+0000] {processor.py:183} INFO - Processing /home/airflow/.local/lib/python3.12/site-packages/airflow/example_dags/example_sla_dag.py took 0.051 seconds
[2024-07-12T08:08:14.783+0000] {processor.py:161} INFO - Started process (PID=71) to work on /home/airflow/.local/lib/python3.12/site-packages/airflow/example_dags/example_sla_dag.py
[2024-07-12T08:08:14.784+0000] {processor.py:830} INFO - Processing file /home/airflow/.local/lib/python3.12/site-packages/airflow/example_dags/example_sla_dag.py for tasks to queue
[2024-07-12T08:08:14.785+0000] {logging_mixin.py:188} INFO - [2024-07-12T08:08:14.785+0000] {dagbag.py:545} INFO - Filling up the DagBag from /home/airflow/.local/lib/python3.12/site-packages/airflow/example_dags/example_sla_dag.py
[2024-07-12T08:08:14.793+0000] {processor.py:840} INFO - DAG(s) 'example_sla_dag' retrieved from /home/airflow/.local/lib/python3.12/site-packages/airflow/example_dags/example_sla_dag.py
[2024-07-12T08:08:14.801+0000] {logging_mixin.py:188} INFO - [2024-07-12T08:08:14.801+0000] {dag.py:3096} INFO - Sync 1 DAGs
[2024-07-12T08:08:14.819+0000] {logging_mixin.py:188} INFO - [2024-07-12T08:08:14.819+0000] {dag.py:3954} INFO - Setting next_dagrun for example_sla_dag to 2024-07-12 08:06:00+00:00, run_after=2024-07-12 08:08:00+00:00
[2024-07-12T08:08:14.839+0000] {processor.py:183} INFO - Processing /home/airflow/.local/lib/python3.12/site-packages/airflow/example_dags/example_sla_dag.py took 0.060 seconds
[2024-07-12T08:08:45.692+0000] {processor.py:161} INFO - Started process (PID=133) to work on /home/airflow/.local/lib/python3.12/site-packages/airflow/example_dags/example_sla_dag.py
[2024-07-12T08:08:45.693+0000] {processor.py:830} INFO - Processing file /home/airflow/.local/lib/python3.12/site-packages/airflow/example_dags/example_sla_dag.py for tasks to queue
[2024-07-12T08:08:45.694+0000] {logging_mixin.py:188} INFO - [2024-07-12T08:08:45.694+0000] {dagbag.py:545} INFO - Filling up the DagBag from /home/airflow/.local/lib/python3.12/site-packages/airflow/example_dags/example_sla_dag.py
[2024-07-12T08:08:45.700+0000] {processor.py:840} INFO - DAG(s) 'example_sla_dag' retrieved from /home/airflow/.local/lib/python3.12/site-packages/airflow/example_dags/example_sla_dag.py
[2024-07-12T08:08:45.763+0000] {logging_mixin.py:188} INFO - [2024-07-12T08:08:45.763+0000] {dag.py:3096} INFO - Sync 1 DAGs
[2024-07-12T08:08:45.778+0000] {logging_mixin.py:188} INFO - [2024-07-12T08:08:45.778+0000] {dag.py:3954} INFO - Setting next_dagrun for example_sla_dag to 2024-07-12 08:06:00+00:00, run_after=2024-07-12 08:08:00+00:00
[2024-07-12T08:08:45.793+0000] {processor.py:183} INFO - Processing /home/airflow/.local/lib/python3.12/site-packages/airflow/example_dags/example_sla_dag.py took 0.105 seconds
[2024-07-12T08:09:16.180+0000] {processor.py:161} INFO - Started process (PID=191) to work on /home/airflow/.local/lib/python3.12/site-packages/airflow/example_dags/example_sla_dag.py
[2024-07-12T08:09:16.181+0000] {processor.py:830} INFO - Processing file /home/airflow/.local/lib/python3.12/site-packages/airflow/example_dags/example_sla_dag.py for tasks to queue
[2024-07-12T08:09:16.183+0000] {logging_mixin.py:188} INFO - [2024-07-12T08:09:16.182+0000] {dagbag.py:545} INFO - Filling up the DagBag from /home/airflow/.local/lib/python3.12/site-packages/airflow/example_dags/example_sla_dag.py
[2024-07-12T08:09:16.188+0000] {processor.py:840} INFO - DAG(s) 'example_sla_dag' retrieved from /home/airflow/.local/lib/python3.12/site-packages/airflow/example_dags/example_sla_dag.py
[2024-07-12T08:09:16.199+0000] {logging_mixin.py:188} INFO - [2024-07-12T08:09:16.199+0000] {dag.py:3096} INFO - Sync 1 DAGs
[2024-07-12T08:09:16.215+0000] {logging_mixin.py:188} INFO - [2024-07-12T08:09:16.215+0000] {dag.py:3954} INFO - Setting next_dagrun for example_sla_dag to 2024-07-12 08:06:00+00:00, run_after=2024-07-12 08:08:00+00:00
[2024-07-12T08:09:16.231+0000] {processor.py:183} INFO - Processing /home/airflow/.local/lib/python3.12/site-packages/airflow/example_dags/example_sla_dag.py took 0.055 seconds
[2024-07-12T08:09:46.499+0000] {processor.py:161} INFO - Started process (PID=249) to work on /home/airflow/.local/lib/python3.12/site-packages/airflow/example_dags/example_sla_dag.py
[2024-07-12T08:09:46.500+0000] {processor.py:830} INFO - Processing file /home/airflow/.local/lib/python3.12/site-packages/airflow/example_dags/example_sla_dag.py for tasks to queue
[2024-07-12T08:09:46.502+0000] {logging_mixin.py:188} INFO - [2024-07-12T08:09:46.501+0000] {dagbag.py:545} INFO - Filling up the DagBag from /home/airflow/.local/lib/python3.12/site-packages/airflow/example_dags/example_sla_dag.py
[2024-07-12T08:09:46.507+0000] {processor.py:840} INFO - DAG(s) 'example_sla_dag' retrieved from /home/airflow/.local/lib/python3.12/site-packages/airflow/example_dags/example_sla_dag.py
[2024-07-12T08:09:46.518+0000] {logging_mixin.py:188} INFO - [2024-07-12T08:09:46.518+0000] {dag.py:3096} INFO - Sync 1 DAGs
[2024-07-12T08:09:46.533+0000] {logging_mixin.py:188} INFO - [2024-07-12T08:09:46.533+0000] {dag.py:3954} INFO - Setting next_dagrun for example_sla_dag to 2024-07-12 08:06:00+00:00, run_after=2024-07-12 08:08:00+00:00
[2024-07-12T08:09:46.546+0000] {processor.py:183} INFO - Processing /home/airflow/.local/lib/python3.12/site-packages/airflow/example_dags/example_sla_dag.py took 0.051 seconds
[2024-07-12T08:10:16.616+0000] {processor.py:161} INFO - Started process (PID=307) to work on /home/airflow/.local/lib/python3.12/site-packages/airflow/example_dags/example_sla_dag.py
[2024-07-12T08:10:16.617+0000] {processor.py:830} INFO - Processing file /home/airflow/.local/lib/python3.12/site-packages/airflow/example_dags/example_sla_dag.py for tasks to queue
[2024-07-12T08:10:16.618+0000] {logging_mixin.py:188} INFO - [2024-07-12T08:10:16.618+0000] {dagbag.py:545} INFO - Filling up the DagBag from /home/airflow/.local/lib/python3.12/site-packages/airflow/example_dags/example_sla_dag.py
[2024-07-12T08:10:16.624+0000] {processor.py:840} INFO - DAG(s) 'example_sla_dag' retrieved from /home/airflow/.local/lib/python3.12/site-packages/airflow/example_dags/example_sla_dag.py
[2024-07-12T08:10:16.634+0000] {logging_mixin.py:188} INFO - [2024-07-12T08:10:16.634+0000] {dag.py:3096} INFO - Sync 1 DAGs
[2024-07-12T08:10:16.649+0000] {logging_mixin.py:188} INFO - [2024-07-12T08:10:16.649+0000] {dag.py:3954} INFO - Setting next_dagrun for example_sla_dag to 2024-07-12 08:08:00+00:00, run_after=2024-07-12 08:10:00+00:00
[2024-07-12T08:10:16.662+0000] {processor.py:183} INFO - Processing /home/airflow/.local/lib/python3.12/site-packages/airflow/example_dags/example_sla_dag.py took 0.050 seconds
[2024-07-12T08:10:46.803+0000] {processor.py:161} INFO - Started process (PID=365) to work on /home/airflow/.local/lib/python3.12/site-packages/airflow/example_dags/example_sla_dag.py
[2024-07-12T08:10:46.803+0000] {processor.py:830} INFO - Processing file /home/airflow/.local/lib/python3.12/site-packages/airflow/example_dags/example_sla_dag.py for tasks to queue
[2024-07-12T08:10:46.805+0000] {logging_mixin.py:188} INFO - [2024-07-12T08:10:46.804+0000] {dagbag.py:545} INFO - Filling up the DagBag from /home/airflow/.local/lib/python3.12/site-packages/airflow/example_dags/example_sla_dag.py
[2024-07-12T08:10:46.810+0000] {processor.py:840} INFO - DAG(s) 'example_sla_dag' retrieved from /home/airflow/.local/lib/python3.12/site-packages/airflow/example_dags/example_sla_dag.py
[2024-07-12T08:10:46.821+0000] {logging_mixin.py:188} INFO - [2024-07-12T08:10:46.821+0000] {dag.py:3096} INFO - Sync 1 DAGs
[2024-07-12T08:10:46.835+0000] {logging_mixin.py:188} INFO - [2024-07-12T08:10:46.835+0000] {dag.py:3954} INFO - Setting next_dagrun for example_sla_dag to 2024-07-12 08:08:00+00:00, run_after=2024-07-12 08:10:00+00:00
[2024-07-12T08:10:46.851+0000] {processor.py:183} INFO - Processing /home/airflow/.local/lib/python3.12/site-packages/airflow/example_dags/example_sla_dag.py took 0.052 seconds
[2024-07-12T08:11:16.882+0000] {processor.py:161} INFO - Started process (PID=423) to work on /home/airflow/.local/lib/python3.12/site-packages/airflow/example_dags/example_sla_dag.py
[2024-07-12T08:11:16.883+0000] {processor.py:830} INFO - Processing file /home/airflow/.local/lib/python3.12/site-packages/airflow/example_dags/example_sla_dag.py for tasks to queue
[2024-07-12T08:11:16.884+0000] {logging_mixin.py:188} INFO - [2024-07-12T08:11:16.884+0000] {dagbag.py:545} INFO - Filling up the DagBag from /home/airflow/.local/lib/python3.12/site-packages/airflow/example_dags/example_sla_dag.py
[2024-07-12T08:11:16.890+0000] {processor.py:840} INFO - DAG(s) 'example_sla_dag' retrieved from /home/airflow/.local/lib/python3.12/site-packages/airflow/example_dags/example_sla_dag.py
[2024-07-12T08:11:16.900+0000] {logging_mixin.py:188} INFO - [2024-07-12T08:11:16.900+0000] {dag.py:3096} INFO - Sync 1 DAGs
[2024-07-12T08:11:16.915+0000] {logging_mixin.py:188} INFO - [2024-07-12T08:11:16.915+0000] {dag.py:3954} INFO - Setting next_dagrun for example_sla_dag to 2024-07-12 08:08:00+00:00, run_after=2024-07-12 08:10:00+00:00
[2024-07-12T08:11:16.928+0000] {processor.py:183} INFO - Processing /home/airflow/.local/lib/python3.12/site-packages/airflow/example_dags/example_sla_dag.py took 0.050 seconds
[2024-07-12T08:11:46.986+0000] {processor.py:161} INFO - Started process (PID=481) to work on /home/airflow/.local/lib/python3.12/site-packages/airflow/example_dags/example_sla_dag.py
[2024-07-12T08:11:46.987+0000] {processor.py:830} INFO - Processing file /home/airflow/.local/lib/python3.12/site-packages/airflow/example_dags/example_sla_dag.py for tasks to queue
[2024-07-12T08:11:46.989+0000] {logging_mixin.py:188} INFO - [2024-07-12T08:11:46.988+0000] {dagbag.py:545} INFO - Filling up the DagBag from /home/airflow/.local/lib/python3.12/site-packages/airflow/example_dags/example_sla_dag.py
[2024-07-12T08:11:46.994+0000] {processor.py:840} INFO - DAG(s) 'example_sla_dag' retrieved from /home/airflow/.local/lib/python3.12/site-packages/airflow/example_dags/example_sla_dag.py
[2024-07-12T08:11:47.005+0000] {logging_mixin.py:188} INFO - [2024-07-12T08:11:47.005+0000] {dag.py:3096} INFO - Sync 1 DAGs
[2024-07-12T08:11:47.021+0000] {logging_mixin.py:188} INFO - [2024-07-12T08:11:47.021+0000] {dag.py:3954} INFO - Setting next_dagrun for example_sla_dag to 2024-07-12 08:08:00+00:00, run_after=2024-07-12 08:10:00+00:00
[2024-07-12T08:11:47.035+0000] {processor.py:183} INFO - Processing /home/airflow/.local/lib/python3.12/site-packages/airflow/example_dags/example_sla_dag.py took 0.052 seconds
[2024-07-12T08:12:17.140+0000] {processor.py:161} INFO - Started process (PID=539) to work on /home/airflow/.local/lib/python3.12/site-packages/airflow/example_dags/example_sla_dag.py
[2024-07-12T08:12:17.140+0000] {processor.py:830} INFO - Processing file /home/airflow/.local/lib/python3.12/site-packages/airflow/example_dags/example_sla_dag.py for tasks to queue
[2024-07-12T08:12:17.142+0000] {logging_mixin.py:188} INFO - [2024-07-12T08:12:17.142+0000] {dagbag.py:545} INFO - Filling up the DagBag from /home/airflow/.local/lib/python3.12/site-packages/airflow/example_dags/example_sla_dag.py
[2024-07-12T08:12:17.148+0000] {processor.py:840} INFO - DAG(s) 'example_sla_dag' retrieved from /home/airflow/.local/lib/python3.12/site-packages/airflow/example_dags/example_sla_dag.py
[2024-07-12T08:12:17.160+0000] {logging_mixin.py:188} INFO - [2024-07-12T08:12:17.160+0000] {dag.py:3096} INFO - Sync 1 DAGs
[2024-07-12T08:12:17.177+0000] {logging_mixin.py:188} INFO - [2024-07-12T08:12:17.177+0000] {dag.py:3954} INFO - Setting next_dagrun for example_sla_dag to 2024-07-12 08:10:00+00:00, run_after=2024-07-12 08:12:00+00:00
[2024-07-12T08:12:17.192+0000] {processor.py:183} INFO - Processing /home/airflow/.local/lib/python3.12/site-packages/airflow/example_dags/example_sla_dag.py took 0.057 seconds
[2024-07-12T08:12:47.390+0000] {processor.py:161} INFO - Started process (PID=597) to work on /home/airflow/.local/lib/python3.12/site-packages/airflow/example_dags/example_sla_dag.py
[2024-07-12T08:12:47.391+0000] {processor.py:830} INFO - Processing file /home/airflow/.local/lib/python3.12/site-packages/airflow/example_dags/example_sla_dag.py for tasks to queue
[2024-07-12T08:12:47.392+0000] {logging_mixin.py:188} INFO - [2024-07-12T08:12:47.392+0000] {dagbag.py:545} INFO - Filling up the DagBag from /home/airflow/.local/lib/python3.12/site-packages/airflow/example_dags/example_sla_dag.py
[2024-07-12T08:12:47.398+0000] {processor.py:840} INFO - DAG(s) 'example_sla_dag' retrieved from /home/airflow/.local/lib/python3.12/site-packages/airflow/example_dags/example_sla_dag.py
[2024-07-12T08:12:47.410+0000] {logging_mixin.py:188} INFO - [2024-07-12T08:12:47.410+0000] {dag.py:3096} INFO - Sync 1 DAGs
[2024-07-12T08:12:47.428+0000] {logging_mixin.py:188} INFO - [2024-07-12T08:12:47.427+0000] {dag.py:3954} INFO - Setting next_dagrun for example_sla_dag to 2024-07-12 08:10:00+00:00, run_after=2024-07-12 08:12:00+00:00
[2024-07-12T08:12:47.441+0000] {processor.py:183} INFO - Processing /home/airflow/.local/lib/python3.12/site-packages/airflow/example_dags/example_sla_dag.py took 0.056 seconds
[2024-07-12T08:13:17.846+0000] {processor.py:161} INFO - Started process (PID=655) to work on /home/airflow/.local/lib/python3.12/site-packages/airflow/example_dags/example_sla_dag.py
[2024-07-12T08:13:17.847+0000] {processor.py:830} INFO - Processing file /home/airflow/.local/lib/python3.12/site-packages/airflow/example_dags/example_sla_dag.py for tasks to queue
[2024-07-12T08:13:17.848+0000] {logging_mixin.py:188} INFO - [2024-07-12T08:13:17.848+0000] {dagbag.py:545} INFO - Filling up the DagBag from /home/airflow/.local/lib/python3.12/site-packages/airflow/example_dags/example_sla_dag.py
[2024-07-12T08:13:17.854+0000] {processor.py:840} INFO - DAG(s) 'example_sla_dag' retrieved from /home/airflow/.local/lib/python3.12/site-packages/airflow/example_dags/example_sla_dag.py
[2024-07-12T08:13:17.864+0000] {logging_mixin.py:188} INFO - [2024-07-12T08:13:17.864+0000] {dag.py:3096} INFO - Sync 1 DAGs
[2024-07-12T08:13:17.880+0000] {logging_mixin.py:188} INFO - [2024-07-12T08:13:17.880+0000] {dag.py:3954} INFO - Setting next_dagrun for example_sla_dag to 2024-07-12 08:10:00+00:00, run_after=2024-07-12 08:12:00+00:00
[2024-07-12T08:13:17.895+0000] {processor.py:183} INFO - Processing /home/airflow/.local/lib/python3.12/site-packages/airflow/example_dags/example_sla_dag.py took 0.053 seconds
[2024-07-12T08:13:48.315+0000] {processor.py:161} INFO - Started process (PID=713) to work on /home/airflow/.local/lib/python3.12/site-packages/airflow/example_dags/example_sla_dag.py
[2024-07-12T08:13:48.315+0000] {processor.py:830} INFO - Processing file /home/airflow/.local/lib/python3.12/site-packages/airflow/example_dags/example_sla_dag.py for tasks to queue
[2024-07-12T08:13:48.317+0000] {logging_mixin.py:188} INFO - [2024-07-12T08:13:48.316+0000] {dagbag.py:545} INFO - Filling up the DagBag from /home/airflow/.local/lib/python3.12/site-packages/airflow/example_dags/example_sla_dag.py
[2024-07-12T08:13:48.322+0000] {processor.py:840} INFO - DAG(s) 'example_sla_dag' retrieved from /home/airflow/.local/lib/python3.12/site-packages/airflow/example_dags/example_sla_dag.py
[2024-07-12T08:13:48.333+0000] {logging_mixin.py:188} INFO - [2024-07-12T08:13:48.333+0000] {dag.py:3096} INFO - Sync 1 DAGs
[2024-07-12T08:13:48.348+0000] {logging_mixin.py:188} INFO - [2024-07-12T08:13:48.348+0000] {dag.py:3954} INFO - Setting next_dagrun for example_sla_dag to 2024-07-12 08:10:00+00:00, run_after=2024-07-12 08:12:00+00:00
[2024-07-12T08:13:48.362+0000] {processor.py:183} INFO - Processing /home/airflow/.local/lib/python3.12/site-packages/airflow/example_dags/example_sla_dag.py took 0.051 seconds
[2024-07-12T08:14:18.485+0000] {processor.py:161} INFO - Started process (PID=772) to work on /home/airflow/.local/lib/python3.12/site-packages/airflow/example_dags/example_sla_dag.py
[2024-07-12T08:14:18.486+0000] {processor.py:830} INFO - Processing file /home/airflow/.local/lib/python3.12/site-packages/airflow/example_dags/example_sla_dag.py for tasks to queue
[2024-07-12T08:14:18.487+0000] {logging_mixin.py:188} INFO - [2024-07-12T08:14:18.487+0000] {dagbag.py:545} INFO - Filling up the DagBag from /home/airflow/.local/lib/python3.12/site-packages/airflow/example_dags/example_sla_dag.py
[2024-07-12T08:14:18.493+0000] {processor.py:840} INFO - DAG(s) 'example_sla_dag' retrieved from /home/airflow/.local/lib/python3.12/site-packages/airflow/example_dags/example_sla_dag.py
[2024-07-12T08:14:18.503+0000] {logging_mixin.py:188} INFO - [2024-07-12T08:14:18.503+0000] {dag.py:3096} INFO - Sync 1 DAGs
[2024-07-12T08:14:18.518+0000] {logging_mixin.py:188} INFO - [2024-07-12T08:14:18.518+0000] {dag.py:3954} INFO - Setting next_dagrun for example_sla_dag to 2024-07-12 08:12:00+00:00, run_after=2024-07-12 08:14:00+00:00
[2024-07-12T08:14:18.532+0000] {processor.py:183} INFO - Processing /home/airflow/.local/lib/python3.12/site-packages/airflow/example_dags/example_sla_dag.py took 0.051 seconds
[2024-07-12T08:14:48.701+0000] {processor.py:161} INFO - Started process (PID=830) to work on /home/airflow/.local/lib/python3.12/site-packages/airflow/example_dags/example_sla_dag.py
[2024-07-12T08:14:48.702+0000] {processor.py:830} INFO - Processing file /home/airflow/.local/lib/python3.12/site-packages/airflow/example_dags/example_sla_dag.py for tasks to queue
[2024-07-12T08:14:48.703+0000] {logging_mixin.py:188} INFO - [2024-07-12T08:14:48.703+0000] {dagbag.py:545} INFO - Filling up the DagBag from /home/airflow/.local/lib/python3.12/site-packages/airflow/example_dags/example_sla_dag.py
[2024-07-12T08:14:48.708+0000] {processor.py:840} INFO - DAG(s) 'example_sla_dag' retrieved from /home/airflow/.local/lib/python3.12/site-packages/airflow/example_dags/example_sla_dag.py
[2024-07-12T08:14:48.720+0000] {logging_mixin.py:188} INFO - [2024-07-12T08:14:48.720+0000] {dag.py:3096} INFO - Sync 1 DAGs
[2024-07-12T08:14:48.737+0000] {logging_mixin.py:188} INFO - [2024-07-12T08:14:48.736+0000] {dag.py:3954} INFO - Setting next_dagrun for example_sla_dag to 2024-07-12 08:12:00+00:00, run_after=2024-07-12 08:14:00+00:00
[2024-07-12T08:14:48.751+0000] {processor.py:183} INFO - Processing /home/airflow/.local/lib/python3.12/site-packages/airflow/example_dags/example_sla_dag.py took 0.054 seconds
[2024-07-12T08:15:18.769+0000] {processor.py:161} INFO - Started process (PID=888) to work on /home/airflow/.local/lib/python3.12/site-packages/airflow/example_dags/example_sla_dag.py
[2024-07-12T08:15:18.770+0000] {processor.py:830} INFO - Processing file /home/airflow/.local/lib/python3.12/site-packages/airflow/example_dags/example_sla_dag.py for tasks to queue
[2024-07-12T08:15:18.771+0000] {logging_mixin.py:188} INFO - [2024-07-12T08:15:18.771+0000] {dagbag.py:545} INFO - Filling up the DagBag from /home/airflow/.local/lib/python3.12/site-packages/airflow/example_dags/example_sla_dag.py
[2024-07-12T08:15:18.777+0000] {processor.py:840} INFO - DAG(s) 'example_sla_dag' retrieved from /home/airflow/.local/lib/python3.12/site-packages/airflow/example_dags/example_sla_dag.py
[2024-07-12T08:15:18.788+0000] {logging_mixin.py:188} INFO - [2024-07-12T08:15:18.788+0000] {dag.py:3096} INFO - Sync 1 DAGs
[2024-07-12T08:15:18.803+0000] {logging_mixin.py:188} INFO - [2024-07-12T08:15:18.803+0000] {dag.py:3954} INFO - Setting next_dagrun for example_sla_dag to 2024-07-12 08:12:00+00:00, run_after=2024-07-12 08:14:00+00:00
[2024-07-12T08:15:18.817+0000] {processor.py:183} INFO - Processing /home/airflow/.local/lib/python3.12/site-packages/airflow/example_dags/example_sla_dag.py took 0.051 seconds
[2024-07-12T08:15:49.118+0000] {processor.py:161} INFO - Started process (PID=946) to work on /home/airflow/.local/lib/python3.12/site-packages/airflow/example_dags/example_sla_dag.py
[2024-07-12T08:15:49.118+0000] {processor.py:830} INFO - Processing file /home/airflow/.local/lib/python3.12/site-packages/airflow/example_dags/example_sla_dag.py for tasks to queue
[2024-07-12T08:15:49.120+0000] {logging_mixin.py:188} INFO - [2024-07-12T08:15:49.119+0000] {dagbag.py:545} INFO - Filling up the DagBag from /home/airflow/.local/lib/python3.12/site-packages/airflow/example_dags/example_sla_dag.py
[2024-07-12T08:15:49.125+0000] {processor.py:840} INFO - DAG(s) 'example_sla_dag' retrieved from /home/airflow/.local/lib/python3.12/site-packages/airflow/example_dags/example_sla_dag.py
[2024-07-12T08:15:49.136+0000] {logging_mixin.py:188} INFO - [2024-07-12T08:15:49.135+0000] {dag.py:3096} INFO - Sync 1 DAGs
[2024-07-12T08:15:49.150+0000] {logging_mixin.py:188} INFO - [2024-07-12T08:15:49.149+0000] {dag.py:3954} INFO - Setting next_dagrun for example_sla_dag to 2024-07-12 08:12:00+00:00, run_after=2024-07-12 08:14:00+00:00
[2024-07-12T08:15:49.162+0000] {processor.py:183} INFO - Processing /home/airflow/.local/lib/python3.12/site-packages/airflow/example_dags/example_sla_dag.py took 0.048 seconds
[2024-07-12T08:16:20.125+0000] {processor.py:161} INFO - Started process (PID=1004) to work on /home/airflow/.local/lib/python3.12/site-packages/airflow/example_dags/example_sla_dag.py
[2024-07-12T08:16:20.126+0000] {processor.py:830} INFO - Processing file /home/airflow/.local/lib/python3.12/site-packages/airflow/example_dags/example_sla_dag.py for tasks to queue
[2024-07-12T08:16:20.127+0000] {logging_mixin.py:188} INFO - [2024-07-12T08:16:20.127+0000] {dagbag.py:545} INFO - Filling up the DagBag from /home/airflow/.local/lib/python3.12/site-packages/airflow/example_dags/example_sla_dag.py
[2024-07-12T08:16:20.132+0000] {processor.py:840} INFO - DAG(s) 'example_sla_dag' retrieved from /home/airflow/.local/lib/python3.12/site-packages/airflow/example_dags/example_sla_dag.py
[2024-07-12T08:16:20.142+0000] {logging_mixin.py:188} INFO - [2024-07-12T08:16:20.142+0000] {dag.py:3096} INFO - Sync 1 DAGs
[2024-07-12T08:16:20.156+0000] {logging_mixin.py:188} INFO - [2024-07-12T08:16:20.156+0000] {dag.py:3954} INFO - Setting next_dagrun for example_sla_dag to 2024-07-12 08:14:00+00:00, run_after=2024-07-12 08:16:00+00:00
[2024-07-12T08:16:20.169+0000] {processor.py:183} INFO - Processing /home/airflow/.local/lib/python3.12/site-packages/airflow/example_dags/example_sla_dag.py took 0.048 seconds
[2024-07-12T08:16:50.395+0000] {processor.py:161} INFO - Started process (PID=1062) to work on /home/airflow/.local/lib/python3.12/site-packages/airflow/example_dags/example_sla_dag.py
[2024-07-12T08:16:50.396+0000] {processor.py:830} INFO - Processing file /home/airflow/.local/lib/python3.12/site-packages/airflow/example_dags/example_sla_dag.py for tasks to queue
[2024-07-12T08:16:50.397+0000] {logging_mixin.py:188} INFO - [2024-07-12T08:16:50.397+0000] {dagbag.py:545} INFO - Filling up the DagBag from /home/airflow/.local/lib/python3.12/site-packages/airflow/example_dags/example_sla_dag.py
[2024-07-12T08:16:50.402+0000] {processor.py:840} INFO - DAG(s) 'example_sla_dag' retrieved from /home/airflow/.local/lib/python3.12/site-packages/airflow/example_dags/example_sla_dag.py
[2024-07-12T08:16:50.413+0000] {logging_mixin.py:188} INFO - [2024-07-12T08:16:50.413+0000] {dag.py:3096} INFO - Sync 1 DAGs
[2024-07-12T08:16:50.428+0000] {logging_mixin.py:188} INFO - [2024-07-12T08:16:50.428+0000] {dag.py:3954} INFO - Setting next_dagrun for example_sla_dag to 2024-07-12 08:14:00+00:00, run_after=2024-07-12 08:16:00+00:00
[2024-07-12T08:16:50.441+0000] {processor.py:183} INFO - Processing /home/airflow/.local/lib/python3.12/site-packages/airflow/example_dags/example_sla_dag.py took 0.049 seconds
[2024-07-12T08:17:20.660+0000] {processor.py:161} INFO - Started process (PID=1120) to work on /home/airflow/.local/lib/python3.12/site-packages/airflow/example_dags/example_sla_dag.py
[2024-07-12T08:17:20.661+0000] {processor.py:830} INFO - Processing file /home/airflow/.local/lib/python3.12/site-packages/airflow/example_dags/example_sla_dag.py for tasks to queue
[2024-07-12T08:17:20.662+0000] {logging_mixin.py:188} INFO - [2024-07-12T08:17:20.662+0000] {dagbag.py:545} INFO - Filling up the DagBag from /home/airflow/.local/lib/python3.12/site-packages/airflow/example_dags/example_sla_dag.py
[2024-07-12T08:17:20.668+0000] {processor.py:840} INFO - DAG(s) 'example_sla_dag' retrieved from /home/airflow/.local/lib/python3.12/site-packages/airflow/example_dags/example_sla_dag.py
[2024-07-12T08:17:20.678+0000] {logging_mixin.py:188} INFO - [2024-07-12T08:17:20.678+0000] {dag.py:3096} INFO - Sync 1 DAGs
[2024-07-12T08:17:20.693+0000] {logging_mixin.py:188} INFO - [2024-07-12T08:17:20.693+0000] {dag.py:3954} INFO - Setting next_dagrun for example_sla_dag to 2024-07-12 08:14:00+00:00, run_after=2024-07-12 08:16:00+00:00
[2024-07-12T08:17:20.706+0000] {processor.py:183} INFO - Processing /home/airflow/.local/lib/python3.12/site-packages/airflow/example_dags/example_sla_dag.py took 0.049 seconds
[2024-07-12T08:17:50.958+0000] {processor.py:161} INFO - Started process (PID=1178) to work on /home/airflow/.local/lib/python3.12/site-packages/airflow/example_dags/example_sla_dag.py
[2024-07-12T08:17:50.958+0000] {processor.py:830} INFO - Processing file /home/airflow/.local/lib/python3.12/site-packages/airflow/example_dags/example_sla_dag.py for tasks to queue
[2024-07-12T08:17:50.961+0000] {logging_mixin.py:188} INFO - [2024-07-12T08:17:50.960+0000] {dagbag.py:545} INFO - Filling up the DagBag from /home/airflow/.local/lib/python3.12/site-packages/airflow/example_dags/example_sla_dag.py
[2024-07-12T08:17:50.966+0000] {processor.py:840} INFO - DAG(s) 'example_sla_dag' retrieved from /home/airflow/.local/lib/python3.12/site-packages/airflow/example_dags/example_sla_dag.py
[2024-07-12T08:17:50.977+0000] {logging_mixin.py:188} INFO - [2024-07-12T08:17:50.977+0000] {dag.py:3096} INFO - Sync 1 DAGs
[2024-07-12T08:17:50.992+0000] {logging_mixin.py:188} INFO - [2024-07-12T08:17:50.992+0000] {dag.py:3954} INFO - Setting next_dagrun for example_sla_dag to 2024-07-12 08:14:00+00:00, run_after=2024-07-12 08:16:00+00:00
[2024-07-12T08:17:51.006+0000] {processor.py:183} INFO - Processing /home/airflow/.local/lib/python3.12/site-packages/airflow/example_dags/example_sla_dag.py took 0.052 seconds
[2024-07-12T08:18:21.261+0000] {processor.py:161} INFO - Started process (PID=1236) to work on /home/airflow/.local/lib/python3.12/site-packages/airflow/example_dags/example_sla_dag.py
[2024-07-12T08:18:21.262+0000] {processor.py:830} INFO - Processing file /home/airflow/.local/lib/python3.12/site-packages/airflow/example_dags/example_sla_dag.py for tasks to queue
[2024-07-12T08:18:21.263+0000] {logging_mixin.py:188} INFO - [2024-07-12T08:18:21.263+0000] {dagbag.py:545} INFO - Filling up the DagBag from /home/airflow/.local/lib/python3.12/site-packages/airflow/example_dags/example_sla_dag.py
[2024-07-12T08:18:21.269+0000] {processor.py:840} INFO - DAG(s) 'example_sla_dag' retrieved from /home/airflow/.local/lib/python3.12/site-packages/airflow/example_dags/example_sla_dag.py
[2024-07-12T08:18:21.280+0000] {logging_mixin.py:188} INFO - [2024-07-12T08:18:21.280+0000] {dag.py:3096} INFO - Sync 1 DAGs
[2024-07-12T08:18:21.297+0000] {logging_mixin.py:188} INFO - [2024-07-12T08:18:21.297+0000] {dag.py:3954} INFO - Setting next_dagrun for example_sla_dag to 2024-07-12 08:16:00+00:00, run_after=2024-07-12 08:18:00+00:00
[2024-07-12T08:18:21.314+0000] {processor.py:183} INFO - Processing /home/airflow/.local/lib/python3.12/site-packages/airflow/example_dags/example_sla_dag.py took 0.057 seconds
[2024-07-12T08:18:51.528+0000] {processor.py:161} INFO - Started process (PID=1294) to work on /home/airflow/.local/lib/python3.12/site-packages/airflow/example_dags/example_sla_dag.py
[2024-07-12T08:18:51.529+0000] {processor.py:830} INFO - Processing file /home/airflow/.local/lib/python3.12/site-packages/airflow/example_dags/example_sla_dag.py for tasks to queue
[2024-07-12T08:18:51.530+0000] {logging_mixin.py:188} INFO - [2024-07-12T08:18:51.530+0000] {dagbag.py:545} INFO - Filling up the DagBag from /home/airflow/.local/lib/python3.12/site-packages/airflow/example_dags/example_sla_dag.py
[2024-07-12T08:18:51.535+0000] {processor.py:840} INFO - DAG(s) 'example_sla_dag' retrieved from /home/airflow/.local/lib/python3.12/site-packages/airflow/example_dags/example_sla_dag.py
[2024-07-12T08:18:51.547+0000] {logging_mixin.py:188} INFO - [2024-07-12T08:18:51.547+0000] {dag.py:3096} INFO - Sync 1 DAGs
[2024-07-12T08:18:51.563+0000] {logging_mixin.py:188} INFO - [2024-07-12T08:18:51.563+0000] {dag.py:3954} INFO - Setting next_dagrun for example_sla_dag to 2024-07-12 08:16:00+00:00, run_after=2024-07-12 08:18:00+00:00
[2024-07-12T08:18:51.576+0000] {processor.py:183} INFO - Processing /home/airflow/.local/lib/python3.12/site-packages/airflow/example_dags/example_sla_dag.py took 0.052 seconds
[2024-07-12T08:19:21.889+0000] {processor.py:161} INFO - Started process (PID=1352) to work on /home/airflow/.local/lib/python3.12/site-packages/airflow/example_dags/example_sla_dag.py
[2024-07-12T08:19:21.889+0000] {processor.py:830} INFO - Processing file /home/airflow/.local/lib/python3.12/site-packages/airflow/example_dags/example_sla_dag.py for tasks to queue
[2024-07-12T08:19:21.891+0000] {logging_mixin.py:188} INFO - [2024-07-12T08:19:21.890+0000] {dagbag.py:545} INFO - Filling up the DagBag from /home/airflow/.local/lib/python3.12/site-packages/airflow/example_dags/example_sla_dag.py
[2024-07-12T08:19:21.896+0000] {processor.py:840} INFO - DAG(s) 'example_sla_dag' retrieved from /home/airflow/.local/lib/python3.12/site-packages/airflow/example_dags/example_sla_dag.py
[2024-07-12T08:19:21.906+0000] {logging_mixin.py:188} INFO - [2024-07-12T08:19:21.906+0000] {dag.py:3096} INFO - Sync 1 DAGs
[2024-07-12T08:19:21.922+0000] {logging_mixin.py:188} INFO - [2024-07-12T08:19:21.922+0000] {dag.py:3954} INFO - Setting next_dagrun for example_sla_dag to 2024-07-12 08:16:00+00:00, run_after=2024-07-12 08:18:00+00:00
[2024-07-12T08:19:21.937+0000] {processor.py:183} INFO - Processing /home/airflow/.local/lib/python3.12/site-packages/airflow/example_dags/example_sla_dag.py took 0.052 seconds
[2024-07-12T08:19:52.060+0000] {processor.py:161} INFO - Started process (PID=1410) to work on /home/airflow/.local/lib/python3.12/site-packages/airflow/example_dags/example_sla_dag.py
[2024-07-12T08:19:52.060+0000] {processor.py:830} INFO - Processing file /home/airflow/.local/lib/python3.12/site-packages/airflow/example_dags/example_sla_dag.py for tasks to queue
[2024-07-12T08:19:52.062+0000] {logging_mixin.py:188} INFO - [2024-07-12T08:19:52.062+0000] {dagbag.py:545} INFO - Filling up the DagBag from /home/airflow/.local/lib/python3.12/site-packages/airflow/example_dags/example_sla_dag.py
[2024-07-12T08:19:52.069+0000] {processor.py:840} INFO - DAG(s) 'example_sla_dag' retrieved from /home/airflow/.local/lib/python3.12/site-packages/airflow/example_dags/example_sla_dag.py
[2024-07-12T08:19:52.083+0000] {logging_mixin.py:188} INFO - [2024-07-12T08:19:52.083+0000] {dag.py:3096} INFO - Sync 1 DAGs
[2024-07-12T08:19:52.101+0000] {logging_mixin.py:188} INFO - [2024-07-12T08:19:52.101+0000] {dag.py:3954} INFO - Setting next_dagrun for example_sla_dag to 2024-07-12 08:16:00+00:00, run_after=2024-07-12 08:18:00+00:00
[2024-07-12T08:19:52.116+0000] {processor.py:183} INFO - Processing /home/airflow/.local/lib/python3.12/site-packages/airflow/example_dags/example_sla_dag.py took 0.061 seconds
[2024-07-12T08:20:22.260+0000] {processor.py:161} INFO - Started process (PID=1468) to work on /home/airflow/.local/lib/python3.12/site-packages/airflow/example_dags/example_sla_dag.py
[2024-07-12T08:20:22.261+0000] {processor.py:830} INFO - Processing file /home/airflow/.local/lib/python3.12/site-packages/airflow/example_dags/example_sla_dag.py for tasks to queue
[2024-07-12T08:20:22.262+0000] {logging_mixin.py:188} INFO - [2024-07-12T08:20:22.262+0000] {dagbag.py:545} INFO - Filling up the DagBag from /home/airflow/.local/lib/python3.12/site-packages/airflow/example_dags/example_sla_dag.py
[2024-07-12T08:20:22.269+0000] {processor.py:840} INFO - DAG(s) 'example_sla_dag' retrieved from /home/airflow/.local/lib/python3.12/site-packages/airflow/example_dags/example_sla_dag.py
[2024-07-12T08:20:22.280+0000] {logging_mixin.py:188} INFO - [2024-07-12T08:20:22.280+0000] {dag.py:3096} INFO - Sync 1 DAGs
[2024-07-12T08:20:22.295+0000] {logging_mixin.py:188} INFO - [2024-07-12T08:20:22.295+0000] {dag.py:3954} INFO - Setting next_dagrun for example_sla_dag to 2024-07-12 08:18:00+00:00, run_after=2024-07-12 08:20:00+00:00
[2024-07-12T08:20:22.308+0000] {processor.py:183} INFO - Processing /home/airflow/.local/lib/python3.12/site-packages/airflow/example_dags/example_sla_dag.py took 0.053 seconds
[2024-07-12T08:22:55.877+0000] {processor.py:161} INFO - Started process (PID=71) to work on /home/airflow/.local/lib/python3.12/site-packages/airflow/example_dags/example_sla_dag.py
[2024-07-12T08:22:55.878+0000] {processor.py:830} INFO - Processing file /home/airflow/.local/lib/python3.12/site-packages/airflow/example_dags/example_sla_dag.py for tasks to queue
[2024-07-12T08:22:55.879+0000] {logging_mixin.py:188} INFO - [2024-07-12T08:22:55.879+0000] {dagbag.py:545} INFO - Filling up the DagBag from /home/airflow/.local/lib/python3.12/site-packages/airflow/example_dags/example_sla_dag.py
[2024-07-12T08:22:55.887+0000] {processor.py:840} INFO - DAG(s) 'example_sla_dag' retrieved from /home/airflow/.local/lib/python3.12/site-packages/airflow/example_dags/example_sla_dag.py
[2024-07-12T08:22:55.892+0000] {logging_mixin.py:188} INFO - [2024-07-12T08:22:55.892+0000] {dag.py:3096} INFO - Sync 1 DAGs
[2024-07-12T08:22:55.910+0000] {logging_mixin.py:188} INFO - [2024-07-12T08:22:55.910+0000] {dag.py:3954} INFO - Setting next_dagrun for example_sla_dag to 2024-07-12 08:20:00+00:00, run_after=2024-07-12 08:22:00+00:00
[2024-07-12T08:22:55.926+0000] {processor.py:183} INFO - Processing /home/airflow/.local/lib/python3.12/site-packages/airflow/example_dags/example_sla_dag.py took 0.053 seconds
[2024-07-12T08:23:26.853+0000] {processor.py:161} INFO - Started process (PID=129) to work on /home/airflow/.local/lib/python3.12/site-packages/airflow/example_dags/example_sla_dag.py
[2024-07-12T08:23:26.853+0000] {processor.py:830} INFO - Processing file /home/airflow/.local/lib/python3.12/site-packages/airflow/example_dags/example_sla_dag.py for tasks to queue
[2024-07-12T08:23:26.855+0000] {logging_mixin.py:188} INFO - [2024-07-12T08:23:26.855+0000] {dagbag.py:545} INFO - Filling up the DagBag from /home/airflow/.local/lib/python3.12/site-packages/airflow/example_dags/example_sla_dag.py
[2024-07-12T08:23:26.860+0000] {processor.py:840} INFO - DAG(s) 'example_sla_dag' retrieved from /home/airflow/.local/lib/python3.12/site-packages/airflow/example_dags/example_sla_dag.py
[2024-07-12T08:23:26.925+0000] {logging_mixin.py:188} INFO - [2024-07-12T08:23:26.925+0000] {dag.py:3096} INFO - Sync 1 DAGs
[2024-07-12T08:23:26.940+0000] {logging_mixin.py:188} INFO - [2024-07-12T08:23:26.940+0000] {dag.py:3954} INFO - Setting next_dagrun for example_sla_dag to 2024-07-12 08:20:00+00:00, run_after=2024-07-12 08:22:00+00:00
[2024-07-12T08:23:26.954+0000] {processor.py:183} INFO - Processing /home/airflow/.local/lib/python3.12/site-packages/airflow/example_dags/example_sla_dag.py took 0.106 seconds
[2024-07-12T08:23:57.721+0000] {processor.py:161} INFO - Started process (PID=187) to work on /home/airflow/.local/lib/python3.12/site-packages/airflow/example_dags/example_sla_dag.py
[2024-07-12T08:23:57.721+0000] {processor.py:830} INFO - Processing file /home/airflow/.local/lib/python3.12/site-packages/airflow/example_dags/example_sla_dag.py for tasks to queue
[2024-07-12T08:23:57.723+0000] {logging_mixin.py:188} INFO - [2024-07-12T08:23:57.722+0000] {dagbag.py:545} INFO - Filling up the DagBag from /home/airflow/.local/lib/python3.12/site-packages/airflow/example_dags/example_sla_dag.py
[2024-07-12T08:23:57.728+0000] {processor.py:840} INFO - DAG(s) 'example_sla_dag' retrieved from /home/airflow/.local/lib/python3.12/site-packages/airflow/example_dags/example_sla_dag.py
[2024-07-12T08:23:57.741+0000] {logging_mixin.py:188} INFO - [2024-07-12T08:23:57.741+0000] {dag.py:3096} INFO - Sync 1 DAGs
[2024-07-12T08:23:57.758+0000] {logging_mixin.py:188} INFO - [2024-07-12T08:23:57.758+0000] {dag.py:3954} INFO - Setting next_dagrun for example_sla_dag to 2024-07-12 08:20:00+00:00, run_after=2024-07-12 08:22:00+00:00
[2024-07-12T08:23:57.776+0000] {processor.py:183} INFO - Processing /home/airflow/.local/lib/python3.12/site-packages/airflow/example_dags/example_sla_dag.py took 0.059 seconds
[2024-07-12T08:24:27.950+0000] {processor.py:161} INFO - Started process (PID=245) to work on /home/airflow/.local/lib/python3.12/site-packages/airflow/example_dags/example_sla_dag.py
[2024-07-12T08:24:27.951+0000] {processor.py:830} INFO - Processing file /home/airflow/.local/lib/python3.12/site-packages/airflow/example_dags/example_sla_dag.py for tasks to queue
[2024-07-12T08:24:27.953+0000] {logging_mixin.py:188} INFO - [2024-07-12T08:24:27.952+0000] {dagbag.py:545} INFO - Filling up the DagBag from /home/airflow/.local/lib/python3.12/site-packages/airflow/example_dags/example_sla_dag.py
[2024-07-12T08:24:27.959+0000] {processor.py:840} INFO - DAG(s) 'example_sla_dag' retrieved from /home/airflow/.local/lib/python3.12/site-packages/airflow/example_dags/example_sla_dag.py
[2024-07-12T08:24:27.970+0000] {logging_mixin.py:188} INFO - [2024-07-12T08:24:27.970+0000] {dag.py:3096} INFO - Sync 1 DAGs
[2024-07-12T08:24:27.986+0000] {logging_mixin.py:188} INFO - [2024-07-12T08:24:27.985+0000] {dag.py:3954} INFO - Setting next_dagrun for example_sla_dag to 2024-07-12 08:22:00+00:00, run_after=2024-07-12 08:24:00+00:00
[2024-07-12T08:24:28.000+0000] {processor.py:183} INFO - Processing /home/airflow/.local/lib/python3.12/site-packages/airflow/example_dags/example_sla_dag.py took 0.054 seconds
[2024-07-12T08:24:58.055+0000] {processor.py:161} INFO - Started process (PID=303) to work on /home/airflow/.local/lib/python3.12/site-packages/airflow/example_dags/example_sla_dag.py
[2024-07-12T08:24:58.056+0000] {processor.py:830} INFO - Processing file /home/airflow/.local/lib/python3.12/site-packages/airflow/example_dags/example_sla_dag.py for tasks to queue
[2024-07-12T08:24:58.057+0000] {logging_mixin.py:188} INFO - [2024-07-12T08:24:58.057+0000] {dagbag.py:545} INFO - Filling up the DagBag from /home/airflow/.local/lib/python3.12/site-packages/airflow/example_dags/example_sla_dag.py
[2024-07-12T08:24:58.063+0000] {processor.py:840} INFO - DAG(s) 'example_sla_dag' retrieved from /home/airflow/.local/lib/python3.12/site-packages/airflow/example_dags/example_sla_dag.py
[2024-07-12T08:24:58.074+0000] {logging_mixin.py:188} INFO - [2024-07-12T08:24:58.073+0000] {dag.py:3096} INFO - Sync 1 DAGs
[2024-07-12T08:24:58.088+0000] {logging_mixin.py:188} INFO - [2024-07-12T08:24:58.088+0000] {dag.py:3954} INFO - Setting next_dagrun for example_sla_dag to 2024-07-12 08:22:00+00:00, run_after=2024-07-12 08:24:00+00:00
[2024-07-12T08:24:58.102+0000] {processor.py:183} INFO - Processing /home/airflow/.local/lib/python3.12/site-packages/airflow/example_dags/example_sla_dag.py took 0.051 seconds
[2024-07-12T08:25:28.231+0000] {processor.py:161} INFO - Started process (PID=361) to work on /home/airflow/.local/lib/python3.12/site-packages/airflow/example_dags/example_sla_dag.py
[2024-07-12T08:25:28.232+0000] {processor.py:830} INFO - Processing file /home/airflow/.local/lib/python3.12/site-packages/airflow/example_dags/example_sla_dag.py for tasks to queue
[2024-07-12T08:25:28.233+0000] {logging_mixin.py:188} INFO - [2024-07-12T08:25:28.233+0000] {dagbag.py:545} INFO - Filling up the DagBag from /home/airflow/.local/lib/python3.12/site-packages/airflow/example_dags/example_sla_dag.py
[2024-07-12T08:25:28.238+0000] {processor.py:840} INFO - DAG(s) 'example_sla_dag' retrieved from /home/airflow/.local/lib/python3.12/site-packages/airflow/example_dags/example_sla_dag.py
[2024-07-12T08:25:28.250+0000] {logging_mixin.py:188} INFO - [2024-07-12T08:25:28.250+0000] {dag.py:3096} INFO - Sync 1 DAGs
[2024-07-12T08:25:28.265+0000] {logging_mixin.py:188} INFO - [2024-07-12T08:25:28.265+0000] {dag.py:3954} INFO - Setting next_dagrun for example_sla_dag to 2024-07-12 08:22:00+00:00, run_after=2024-07-12 08:24:00+00:00
[2024-07-12T08:25:28.279+0000] {processor.py:183} INFO - Processing /home/airflow/.local/lib/python3.12/site-packages/airflow/example_dags/example_sla_dag.py took 0.052 seconds
[2024-07-12T08:25:58.623+0000] {processor.py:161} INFO - Started process (PID=419) to work on /home/airflow/.local/lib/python3.12/site-packages/airflow/example_dags/example_sla_dag.py
[2024-07-12T08:25:58.624+0000] {processor.py:830} INFO - Processing file /home/airflow/.local/lib/python3.12/site-packages/airflow/example_dags/example_sla_dag.py for tasks to queue
[2024-07-12T08:25:58.625+0000] {logging_mixin.py:188} INFO - [2024-07-12T08:25:58.625+0000] {dagbag.py:545} INFO - Filling up the DagBag from /home/airflow/.local/lib/python3.12/site-packages/airflow/example_dags/example_sla_dag.py
[2024-07-12T08:25:58.631+0000] {processor.py:840} INFO - DAG(s) 'example_sla_dag' retrieved from /home/airflow/.local/lib/python3.12/site-packages/airflow/example_dags/example_sla_dag.py
[2024-07-12T08:25:58.642+0000] {logging_mixin.py:188} INFO - [2024-07-12T08:25:58.642+0000] {dag.py:3096} INFO - Sync 1 DAGs
[2024-07-12T08:25:58.658+0000] {logging_mixin.py:188} INFO - [2024-07-12T08:25:58.657+0000] {dag.py:3954} INFO - Setting next_dagrun for example_sla_dag to 2024-07-12 08:22:00+00:00, run_after=2024-07-12 08:24:00+00:00
[2024-07-12T08:25:58.671+0000] {processor.py:183} INFO - Processing /home/airflow/.local/lib/python3.12/site-packages/airflow/example_dags/example_sla_dag.py took 0.053 seconds
[2024-07-12T08:27:25.112+0000] {processor.py:161} INFO - Started process (PID=71) to work on /home/airflow/.local/lib/python3.12/site-packages/airflow/example_dags/example_sla_dag.py
[2024-07-12T08:27:25.113+0000] {processor.py:830} INFO - Processing file /home/airflow/.local/lib/python3.12/site-packages/airflow/example_dags/example_sla_dag.py for tasks to queue
[2024-07-12T08:27:25.114+0000] {logging_mixin.py:188} INFO - [2024-07-12T08:27:25.114+0000] {dagbag.py:545} INFO - Filling up the DagBag from /home/airflow/.local/lib/python3.12/site-packages/airflow/example_dags/example_sla_dag.py
[2024-07-12T08:27:25.122+0000] {processor.py:840} INFO - DAG(s) 'example_sla_dag' retrieved from /home/airflow/.local/lib/python3.12/site-packages/airflow/example_dags/example_sla_dag.py
[2024-07-12T08:27:25.129+0000] {logging_mixin.py:188} INFO - [2024-07-12T08:27:25.129+0000] {dag.py:3096} INFO - Sync 1 DAGs
[2024-07-12T08:27:25.149+0000] {logging_mixin.py:188} INFO - [2024-07-12T08:27:25.149+0000] {dag.py:3954} INFO - Setting next_dagrun for example_sla_dag to 2024-07-12 08:24:00+00:00, run_after=2024-07-12 08:26:00+00:00
[2024-07-12T08:27:25.165+0000] {processor.py:183} INFO - Processing /home/airflow/.local/lib/python3.12/site-packages/airflow/example_dags/example_sla_dag.py took 0.057 seconds
[2024-07-12T08:27:55.881+0000] {processor.py:161} INFO - Started process (PID=129) to work on /home/airflow/.local/lib/python3.12/site-packages/airflow/example_dags/example_sla_dag.py
[2024-07-12T08:27:55.882+0000] {processor.py:830} INFO - Processing file /home/airflow/.local/lib/python3.12/site-packages/airflow/example_dags/example_sla_dag.py for tasks to queue
[2024-07-12T08:27:55.883+0000] {logging_mixin.py:188} INFO - [2024-07-12T08:27:55.883+0000] {dagbag.py:545} INFO - Filling up the DagBag from /home/airflow/.local/lib/python3.12/site-packages/airflow/example_dags/example_sla_dag.py
[2024-07-12T08:27:55.889+0000] {processor.py:840} INFO - DAG(s) 'example_sla_dag' retrieved from /home/airflow/.local/lib/python3.12/site-packages/airflow/example_dags/example_sla_dag.py
[2024-07-12T08:27:55.894+0000] {logging_mixin.py:188} INFO - [2024-07-12T08:27:55.894+0000] {dag.py:3096} INFO - Sync 1 DAGs
[2024-07-12T08:27:55.912+0000] {logging_mixin.py:188} INFO - [2024-07-12T08:27:55.912+0000] {dag.py:3954} INFO - Setting next_dagrun for example_sla_dag to 2024-07-12 08:24:00+00:00, run_after=2024-07-12 08:26:00+00:00
[2024-07-12T08:27:55.926+0000] {processor.py:183} INFO - Processing /home/airflow/.local/lib/python3.12/site-packages/airflow/example_dags/example_sla_dag.py took 0.049 seconds
[2024-07-12T08:29:03.086+0000] {processor.py:161} INFO - Started process (PID=71) to work on /home/airflow/.local/lib/python3.12/site-packages/airflow/example_dags/example_sla_dag.py
[2024-07-12T08:29:03.087+0000] {processor.py:830} INFO - Processing file /home/airflow/.local/lib/python3.12/site-packages/airflow/example_dags/example_sla_dag.py for tasks to queue
[2024-07-12T08:29:03.088+0000] {logging_mixin.py:188} INFO - [2024-07-12T08:29:03.088+0000] {dagbag.py:545} INFO - Filling up the DagBag from /home/airflow/.local/lib/python3.12/site-packages/airflow/example_dags/example_sla_dag.py
[2024-07-12T08:29:03.096+0000] {processor.py:840} INFO - DAG(s) 'example_sla_dag' retrieved from /home/airflow/.local/lib/python3.12/site-packages/airflow/example_dags/example_sla_dag.py
[2024-07-12T08:29:03.101+0000] {logging_mixin.py:188} INFO - [2024-07-12T08:29:03.101+0000] {dag.py:3096} INFO - Sync 1 DAGs
[2024-07-12T08:29:03.117+0000] {logging_mixin.py:188} INFO - [2024-07-12T08:29:03.117+0000] {dag.py:3954} INFO - Setting next_dagrun for example_sla_dag to 2024-07-12 08:26:00+00:00, run_after=2024-07-12 08:28:00+00:00
[2024-07-12T08:29:03.131+0000] {processor.py:183} INFO - Processing /home/airflow/.local/lib/python3.12/site-packages/airflow/example_dags/example_sla_dag.py took 0.049 seconds
[2024-07-12T08:29:33.843+0000] {processor.py:161} INFO - Started process (PID=129) to work on /home/airflow/.local/lib/python3.12/site-packages/airflow/example_dags/example_sla_dag.py
[2024-07-12T08:29:33.843+0000] {processor.py:830} INFO - Processing file /home/airflow/.local/lib/python3.12/site-packages/airflow/example_dags/example_sla_dag.py for tasks to queue
[2024-07-12T08:29:33.845+0000] {logging_mixin.py:188} INFO - [2024-07-12T08:29:33.844+0000] {dagbag.py:545} INFO - Filling up the DagBag from /home/airflow/.local/lib/python3.12/site-packages/airflow/example_dags/example_sla_dag.py
[2024-07-12T08:29:33.851+0000] {processor.py:840} INFO - DAG(s) 'example_sla_dag' retrieved from /home/airflow/.local/lib/python3.12/site-packages/airflow/example_dags/example_sla_dag.py
[2024-07-12T08:29:33.913+0000] {logging_mixin.py:188} INFO - [2024-07-12T08:29:33.913+0000] {dag.py:3096} INFO - Sync 1 DAGs
[2024-07-12T08:29:33.928+0000] {logging_mixin.py:188} INFO - [2024-07-12T08:29:33.928+0000] {dag.py:3954} INFO - Setting next_dagrun for example_sla_dag to 2024-07-12 08:26:00+00:00, run_after=2024-07-12 08:28:00+00:00
[2024-07-12T08:29:33.943+0000] {processor.py:183} INFO - Processing /home/airflow/.local/lib/python3.12/site-packages/airflow/example_dags/example_sla_dag.py took 0.105 seconds
[2024-07-12T08:30:04.663+0000] {processor.py:161} INFO - Started process (PID=187) to work on /home/airflow/.local/lib/python3.12/site-packages/airflow/example_dags/example_sla_dag.py
[2024-07-12T08:30:04.663+0000] {processor.py:830} INFO - Processing file /home/airflow/.local/lib/python3.12/site-packages/airflow/example_dags/example_sla_dag.py for tasks to queue
[2024-07-12T08:30:04.665+0000] {logging_mixin.py:188} INFO - [2024-07-12T08:30:04.664+0000] {dagbag.py:545} INFO - Filling up the DagBag from /home/airflow/.local/lib/python3.12/site-packages/airflow/example_dags/example_sla_dag.py
[2024-07-12T08:30:04.670+0000] {processor.py:840} INFO - DAG(s) 'example_sla_dag' retrieved from /home/airflow/.local/lib/python3.12/site-packages/airflow/example_dags/example_sla_dag.py
[2024-07-12T08:30:04.681+0000] {logging_mixin.py:188} INFO - [2024-07-12T08:30:04.681+0000] {dag.py:3096} INFO - Sync 1 DAGs
[2024-07-12T08:30:04.696+0000] {logging_mixin.py:188} INFO - [2024-07-12T08:30:04.696+0000] {dag.py:3954} INFO - Setting next_dagrun for example_sla_dag to 2024-07-12 08:28:00+00:00, run_after=2024-07-12 08:30:00+00:00
[2024-07-12T08:30:04.711+0000] {processor.py:183} INFO - Processing /home/airflow/.local/lib/python3.12/site-packages/airflow/example_dags/example_sla_dag.py took 0.052 seconds
[2024-07-12T08:30:34.804+0000] {processor.py:161} INFO - Started process (PID=245) to work on /home/airflow/.local/lib/python3.12/site-packages/airflow/example_dags/example_sla_dag.py
[2024-07-12T08:30:34.805+0000] {processor.py:830} INFO - Processing file /home/airflow/.local/lib/python3.12/site-packages/airflow/example_dags/example_sla_dag.py for tasks to queue
[2024-07-12T08:30:34.806+0000] {logging_mixin.py:188} INFO - [2024-07-12T08:30:34.806+0000] {dagbag.py:545} INFO - Filling up the DagBag from /home/airflow/.local/lib/python3.12/site-packages/airflow/example_dags/example_sla_dag.py
[2024-07-12T08:30:34.812+0000] {processor.py:840} INFO - DAG(s) 'example_sla_dag' retrieved from /home/airflow/.local/lib/python3.12/site-packages/airflow/example_dags/example_sla_dag.py
[2024-07-12T08:30:34.823+0000] {logging_mixin.py:188} INFO - [2024-07-12T08:30:34.823+0000] {dag.py:3096} INFO - Sync 1 DAGs
[2024-07-12T08:30:34.838+0000] {logging_mixin.py:188} INFO - [2024-07-12T08:30:34.838+0000] {dag.py:3954} INFO - Setting next_dagrun for example_sla_dag to 2024-07-12 08:28:00+00:00, run_after=2024-07-12 08:30:00+00:00
[2024-07-12T08:30:34.852+0000] {processor.py:183} INFO - Processing /home/airflow/.local/lib/python3.12/site-packages/airflow/example_dags/example_sla_dag.py took 0.052 seconds
[2024-07-12T08:31:04.894+0000] {processor.py:161} INFO - Started process (PID=303) to work on /home/airflow/.local/lib/python3.12/site-packages/airflow/example_dags/example_sla_dag.py
[2024-07-12T08:31:04.895+0000] {processor.py:830} INFO - Processing file /home/airflow/.local/lib/python3.12/site-packages/airflow/example_dags/example_sla_dag.py for tasks to queue
[2024-07-12T08:31:04.896+0000] {logging_mixin.py:188} INFO - [2024-07-12T08:31:04.896+0000] {dagbag.py:545} INFO - Filling up the DagBag from /home/airflow/.local/lib/python3.12/site-packages/airflow/example_dags/example_sla_dag.py
[2024-07-12T08:31:04.902+0000] {processor.py:840} INFO - DAG(s) 'example_sla_dag' retrieved from /home/airflow/.local/lib/python3.12/site-packages/airflow/example_dags/example_sla_dag.py
[2024-07-12T08:31:04.913+0000] {logging_mixin.py:188} INFO - [2024-07-12T08:31:04.913+0000] {dag.py:3096} INFO - Sync 1 DAGs
[2024-07-12T08:31:04.927+0000] {logging_mixin.py:188} INFO - [2024-07-12T08:31:04.927+0000] {dag.py:3954} INFO - Setting next_dagrun for example_sla_dag to 2024-07-12 08:28:00+00:00, run_after=2024-07-12 08:30:00+00:00
[2024-07-12T08:31:04.941+0000] {processor.py:183} INFO - Processing /home/airflow/.local/lib/python3.12/site-packages/airflow/example_dags/example_sla_dag.py took 0.050 seconds
[2024-07-12T08:31:35.316+0000] {processor.py:161} INFO - Started process (PID=361) to work on /home/airflow/.local/lib/python3.12/site-packages/airflow/example_dags/example_sla_dag.py
[2024-07-12T08:31:35.316+0000] {processor.py:830} INFO - Processing file /home/airflow/.local/lib/python3.12/site-packages/airflow/example_dags/example_sla_dag.py for tasks to queue
[2024-07-12T08:31:35.318+0000] {logging_mixin.py:188} INFO - [2024-07-12T08:31:35.317+0000] {dagbag.py:545} INFO - Filling up the DagBag from /home/airflow/.local/lib/python3.12/site-packages/airflow/example_dags/example_sla_dag.py
[2024-07-12T08:31:35.323+0000] {processor.py:840} INFO - DAG(s) 'example_sla_dag' retrieved from /home/airflow/.local/lib/python3.12/site-packages/airflow/example_dags/example_sla_dag.py
[2024-07-12T08:31:35.333+0000] {logging_mixin.py:188} INFO - [2024-07-12T08:31:35.333+0000] {dag.py:3096} INFO - Sync 1 DAGs
[2024-07-12T08:31:35.348+0000] {logging_mixin.py:188} INFO - [2024-07-12T08:31:35.348+0000] {dag.py:3954} INFO - Setting next_dagrun for example_sla_dag to 2024-07-12 08:28:00+00:00, run_after=2024-07-12 08:30:00+00:00
[2024-07-12T08:31:35.361+0000] {processor.py:183} INFO - Processing /home/airflow/.local/lib/python3.12/site-packages/airflow/example_dags/example_sla_dag.py took 0.049 seconds
[2024-07-12T08:32:05.532+0000] {processor.py:161} INFO - Started process (PID=419) to work on /home/airflow/.local/lib/python3.12/site-packages/airflow/example_dags/example_sla_dag.py
[2024-07-12T08:32:05.533+0000] {processor.py:830} INFO - Processing file /home/airflow/.local/lib/python3.12/site-packages/airflow/example_dags/example_sla_dag.py for tasks to queue
[2024-07-12T08:32:05.534+0000] {logging_mixin.py:188} INFO - [2024-07-12T08:32:05.534+0000] {dagbag.py:545} INFO - Filling up the DagBag from /home/airflow/.local/lib/python3.12/site-packages/airflow/example_dags/example_sla_dag.py
[2024-07-12T08:32:05.539+0000] {processor.py:840} INFO - DAG(s) 'example_sla_dag' retrieved from /home/airflow/.local/lib/python3.12/site-packages/airflow/example_dags/example_sla_dag.py
[2024-07-12T08:32:05.551+0000] {logging_mixin.py:188} INFO - [2024-07-12T08:32:05.550+0000] {dag.py:3096} INFO - Sync 1 DAGs
[2024-07-12T08:32:05.565+0000] {logging_mixin.py:188} INFO - [2024-07-12T08:32:05.565+0000] {dag.py:3954} INFO - Setting next_dagrun for example_sla_dag to 2024-07-12 08:30:00+00:00, run_after=2024-07-12 08:32:00+00:00
[2024-07-12T08:32:05.577+0000] {processor.py:183} INFO - Processing /home/airflow/.local/lib/python3.12/site-packages/airflow/example_dags/example_sla_dag.py took 0.049 seconds
[2024-07-12T08:32:35.726+0000] {processor.py:161} INFO - Started process (PID=477) to work on /home/airflow/.local/lib/python3.12/site-packages/airflow/example_dags/example_sla_dag.py
[2024-07-12T08:32:35.727+0000] {processor.py:830} INFO - Processing file /home/airflow/.local/lib/python3.12/site-packages/airflow/example_dags/example_sla_dag.py for tasks to queue
[2024-07-12T08:32:35.728+0000] {logging_mixin.py:188} INFO - [2024-07-12T08:32:35.728+0000] {dagbag.py:545} INFO - Filling up the DagBag from /home/airflow/.local/lib/python3.12/site-packages/airflow/example_dags/example_sla_dag.py
[2024-07-12T08:32:35.734+0000] {processor.py:840} INFO - DAG(s) 'example_sla_dag' retrieved from /home/airflow/.local/lib/python3.12/site-packages/airflow/example_dags/example_sla_dag.py
[2024-07-12T08:32:35.746+0000] {logging_mixin.py:188} INFO - [2024-07-12T08:32:35.746+0000] {dag.py:3096} INFO - Sync 1 DAGs
[2024-07-12T08:32:35.761+0000] {logging_mixin.py:188} INFO - [2024-07-12T08:32:35.761+0000] {dag.py:3954} INFO - Setting next_dagrun for example_sla_dag to 2024-07-12 08:30:00+00:00, run_after=2024-07-12 08:32:00+00:00
[2024-07-12T08:32:35.774+0000] {processor.py:183} INFO - Processing /home/airflow/.local/lib/python3.12/site-packages/airflow/example_dags/example_sla_dag.py took 0.052 seconds
[2024-07-12T08:33:06.019+0000] {processor.py:161} INFO - Started process (PID=535) to work on /home/airflow/.local/lib/python3.12/site-packages/airflow/example_dags/example_sla_dag.py
[2024-07-12T08:33:06.019+0000] {processor.py:830} INFO - Processing file /home/airflow/.local/lib/python3.12/site-packages/airflow/example_dags/example_sla_dag.py for tasks to queue
[2024-07-12T08:33:06.021+0000] {logging_mixin.py:188} INFO - [2024-07-12T08:33:06.020+0000] {dagbag.py:545} INFO - Filling up the DagBag from /home/airflow/.local/lib/python3.12/site-packages/airflow/example_dags/example_sla_dag.py
[2024-07-12T08:33:06.026+0000] {processor.py:840} INFO - DAG(s) 'example_sla_dag' retrieved from /home/airflow/.local/lib/python3.12/site-packages/airflow/example_dags/example_sla_dag.py
[2024-07-12T08:33:06.037+0000] {logging_mixin.py:188} INFO - [2024-07-12T08:33:06.037+0000] {dag.py:3096} INFO - Sync 1 DAGs
[2024-07-12T08:33:06.052+0000] {logging_mixin.py:188} INFO - [2024-07-12T08:33:06.052+0000] {dag.py:3954} INFO - Setting next_dagrun for example_sla_dag to 2024-07-12 08:30:00+00:00, run_after=2024-07-12 08:32:00+00:00
[2024-07-12T08:33:06.067+0000] {processor.py:183} INFO - Processing /home/airflow/.local/lib/python3.12/site-packages/airflow/example_dags/example_sla_dag.py took 0.052 seconds
[2024-07-12T08:33:36.191+0000] {processor.py:161} INFO - Started process (PID=593) to work on /home/airflow/.local/lib/python3.12/site-packages/airflow/example_dags/example_sla_dag.py
[2024-07-12T08:33:36.192+0000] {processor.py:830} INFO - Processing file /home/airflow/.local/lib/python3.12/site-packages/airflow/example_dags/example_sla_dag.py for tasks to queue
[2024-07-12T08:33:36.193+0000] {logging_mixin.py:188} INFO - [2024-07-12T08:33:36.193+0000] {dagbag.py:545} INFO - Filling up the DagBag from /home/airflow/.local/lib/python3.12/site-packages/airflow/example_dags/example_sla_dag.py
[2024-07-12T08:33:36.198+0000] {processor.py:840} INFO - DAG(s) 'example_sla_dag' retrieved from /home/airflow/.local/lib/python3.12/site-packages/airflow/example_dags/example_sla_dag.py
[2024-07-12T08:33:36.209+0000] {logging_mixin.py:188} INFO - [2024-07-12T08:33:36.208+0000] {dag.py:3096} INFO - Sync 1 DAGs
[2024-07-12T08:33:36.223+0000] {logging_mixin.py:188} INFO - [2024-07-12T08:33:36.222+0000] {dag.py:3954} INFO - Setting next_dagrun for example_sla_dag to 2024-07-12 08:30:00+00:00, run_after=2024-07-12 08:32:00+00:00
[2024-07-12T08:33:36.236+0000] {processor.py:183} INFO - Processing /home/airflow/.local/lib/python3.12/site-packages/airflow/example_dags/example_sla_dag.py took 0.049 seconds
[2024-07-12T08:34:06.369+0000] {processor.py:161} INFO - Started process (PID=651) to work on /home/airflow/.local/lib/python3.12/site-packages/airflow/example_dags/example_sla_dag.py
[2024-07-12T08:34:06.370+0000] {processor.py:830} INFO - Processing file /home/airflow/.local/lib/python3.12/site-packages/airflow/example_dags/example_sla_dag.py for tasks to queue
[2024-07-12T08:34:06.371+0000] {logging_mixin.py:188} INFO - [2024-07-12T08:34:06.371+0000] {dagbag.py:545} INFO - Filling up the DagBag from /home/airflow/.local/lib/python3.12/site-packages/airflow/example_dags/example_sla_dag.py
[2024-07-12T08:34:06.376+0000] {processor.py:840} INFO - DAG(s) 'example_sla_dag' retrieved from /home/airflow/.local/lib/python3.12/site-packages/airflow/example_dags/example_sla_dag.py
[2024-07-12T08:34:06.387+0000] {logging_mixin.py:188} INFO - [2024-07-12T08:34:06.387+0000] {dag.py:3096} INFO - Sync 1 DAGs
[2024-07-12T08:34:06.401+0000] {logging_mixin.py:188} INFO - [2024-07-12T08:34:06.401+0000] {dag.py:3954} INFO - Setting next_dagrun for example_sla_dag to 2024-07-12 08:32:00+00:00, run_after=2024-07-12 08:34:00+00:00
[2024-07-12T08:34:06.415+0000] {processor.py:183} INFO - Processing /home/airflow/.local/lib/python3.12/site-packages/airflow/example_dags/example_sla_dag.py took 0.049 seconds
[2024-07-12T08:34:36.540+0000] {processor.py:161} INFO - Started process (PID=709) to work on /home/airflow/.local/lib/python3.12/site-packages/airflow/example_dags/example_sla_dag.py
[2024-07-12T08:34:36.541+0000] {processor.py:830} INFO - Processing file /home/airflow/.local/lib/python3.12/site-packages/airflow/example_dags/example_sla_dag.py for tasks to queue
[2024-07-12T08:34:36.542+0000] {logging_mixin.py:188} INFO - [2024-07-12T08:34:36.542+0000] {dagbag.py:545} INFO - Filling up the DagBag from /home/airflow/.local/lib/python3.12/site-packages/airflow/example_dags/example_sla_dag.py
[2024-07-12T08:34:36.548+0000] {processor.py:840} INFO - DAG(s) 'example_sla_dag' retrieved from /home/airflow/.local/lib/python3.12/site-packages/airflow/example_dags/example_sla_dag.py
[2024-07-12T08:34:36.559+0000] {logging_mixin.py:188} INFO - [2024-07-12T08:34:36.559+0000] {dag.py:3096} INFO - Sync 1 DAGs
[2024-07-12T08:34:36.574+0000] {logging_mixin.py:188} INFO - [2024-07-12T08:34:36.573+0000] {dag.py:3954} INFO - Setting next_dagrun for example_sla_dag to 2024-07-12 08:32:00+00:00, run_after=2024-07-12 08:34:00+00:00
[2024-07-12T08:34:36.586+0000] {processor.py:183} INFO - Processing /home/airflow/.local/lib/python3.12/site-packages/airflow/example_dags/example_sla_dag.py took 0.049 seconds
[2024-07-12T08:35:07.519+0000] {processor.py:161} INFO - Started process (PID=767) to work on /home/airflow/.local/lib/python3.12/site-packages/airflow/example_dags/example_sla_dag.py
[2024-07-12T08:35:07.520+0000] {processor.py:830} INFO - Processing file /home/airflow/.local/lib/python3.12/site-packages/airflow/example_dags/example_sla_dag.py for tasks to queue
[2024-07-12T08:35:07.521+0000] {logging_mixin.py:188} INFO - [2024-07-12T08:35:07.521+0000] {dagbag.py:545} INFO - Filling up the DagBag from /home/airflow/.local/lib/python3.12/site-packages/airflow/example_dags/example_sla_dag.py
[2024-07-12T08:35:07.526+0000] {processor.py:840} INFO - DAG(s) 'example_sla_dag' retrieved from /home/airflow/.local/lib/python3.12/site-packages/airflow/example_dags/example_sla_dag.py
[2024-07-12T08:35:07.538+0000] {logging_mixin.py:188} INFO - [2024-07-12T08:35:07.537+0000] {dag.py:3096} INFO - Sync 1 DAGs
[2024-07-12T08:35:07.552+0000] {logging_mixin.py:188} INFO - [2024-07-12T08:35:07.552+0000] {dag.py:3954} INFO - Setting next_dagrun for example_sla_dag to 2024-07-12 08:32:00+00:00, run_after=2024-07-12 08:34:00+00:00
[2024-07-12T08:35:07.567+0000] {processor.py:183} INFO - Processing /home/airflow/.local/lib/python3.12/site-packages/airflow/example_dags/example_sla_dag.py took 0.052 seconds
[2024-07-12T08:35:38.042+0000] {processor.py:161} INFO - Started process (PID=825) to work on /home/airflow/.local/lib/python3.12/site-packages/airflow/example_dags/example_sla_dag.py
[2024-07-12T08:35:38.042+0000] {processor.py:830} INFO - Processing file /home/airflow/.local/lib/python3.12/site-packages/airflow/example_dags/example_sla_dag.py for tasks to queue
[2024-07-12T08:35:38.043+0000] {logging_mixin.py:188} INFO - [2024-07-12T08:35:38.043+0000] {dagbag.py:545} INFO - Filling up the DagBag from /home/airflow/.local/lib/python3.12/site-packages/airflow/example_dags/example_sla_dag.py
[2024-07-12T08:35:38.049+0000] {processor.py:840} INFO - DAG(s) 'example_sla_dag' retrieved from /home/airflow/.local/lib/python3.12/site-packages/airflow/example_dags/example_sla_dag.py
[2024-07-12T08:35:38.058+0000] {logging_mixin.py:188} INFO - [2024-07-12T08:35:38.058+0000] {dag.py:3096} INFO - Sync 1 DAGs
[2024-07-12T08:35:38.072+0000] {logging_mixin.py:188} INFO - [2024-07-12T08:35:38.072+0000] {dag.py:3954} INFO - Setting next_dagrun for example_sla_dag to 2024-07-12 08:32:00+00:00, run_after=2024-07-12 08:34:00+00:00
[2024-07-12T08:35:38.084+0000] {processor.py:183} INFO - Processing /home/airflow/.local/lib/python3.12/site-packages/airflow/example_dags/example_sla_dag.py took 0.046 seconds
[2024-07-12T08:36:09.037+0000] {processor.py:161} INFO - Started process (PID=883) to work on /home/airflow/.local/lib/python3.12/site-packages/airflow/example_dags/example_sla_dag.py
[2024-07-12T08:36:09.038+0000] {processor.py:830} INFO - Processing file /home/airflow/.local/lib/python3.12/site-packages/airflow/example_dags/example_sla_dag.py for tasks to queue
[2024-07-12T08:36:09.039+0000] {logging_mixin.py:188} INFO - [2024-07-12T08:36:09.039+0000] {dagbag.py:545} INFO - Filling up the DagBag from /home/airflow/.local/lib/python3.12/site-packages/airflow/example_dags/example_sla_dag.py
[2024-07-12T08:36:09.044+0000] {processor.py:840} INFO - DAG(s) 'example_sla_dag' retrieved from /home/airflow/.local/lib/python3.12/site-packages/airflow/example_dags/example_sla_dag.py
[2024-07-12T08:36:09.055+0000] {logging_mixin.py:188} INFO - [2024-07-12T08:36:09.055+0000] {dag.py:3096} INFO - Sync 1 DAGs
[2024-07-12T08:36:09.070+0000] {logging_mixin.py:188} INFO - [2024-07-12T08:36:09.070+0000] {dag.py:3954} INFO - Setting next_dagrun for example_sla_dag to 2024-07-12 08:34:00+00:00, run_after=2024-07-12 08:36:00+00:00
[2024-07-12T08:36:09.083+0000] {processor.py:183} INFO - Processing /home/airflow/.local/lib/python3.12/site-packages/airflow/example_dags/example_sla_dag.py took 0.049 seconds
[2024-07-12T08:36:39.603+0000] {processor.py:161} INFO - Started process (PID=941) to work on /home/airflow/.local/lib/python3.12/site-packages/airflow/example_dags/example_sla_dag.py
[2024-07-12T08:36:39.604+0000] {processor.py:830} INFO - Processing file /home/airflow/.local/lib/python3.12/site-packages/airflow/example_dags/example_sla_dag.py for tasks to queue
[2024-07-12T08:36:39.605+0000] {logging_mixin.py:188} INFO - [2024-07-12T08:36:39.605+0000] {dagbag.py:545} INFO - Filling up the DagBag from /home/airflow/.local/lib/python3.12/site-packages/airflow/example_dags/example_sla_dag.py
[2024-07-12T08:36:39.611+0000] {processor.py:840} INFO - DAG(s) 'example_sla_dag' retrieved from /home/airflow/.local/lib/python3.12/site-packages/airflow/example_dags/example_sla_dag.py
[2024-07-12T08:36:39.624+0000] {logging_mixin.py:188} INFO - [2024-07-12T08:36:39.624+0000] {dag.py:3096} INFO - Sync 1 DAGs
[2024-07-12T08:36:39.638+0000] {logging_mixin.py:188} INFO - [2024-07-12T08:36:39.638+0000] {dag.py:3954} INFO - Setting next_dagrun for example_sla_dag to 2024-07-12 08:34:00+00:00, run_after=2024-07-12 08:36:00+00:00
[2024-07-12T08:36:39.651+0000] {processor.py:183} INFO - Processing /home/airflow/.local/lib/python3.12/site-packages/airflow/example_dags/example_sla_dag.py took 0.051 seconds
[2024-07-12T08:37:09.856+0000] {processor.py:161} INFO - Started process (PID=999) to work on /home/airflow/.local/lib/python3.12/site-packages/airflow/example_dags/example_sla_dag.py
[2024-07-12T08:37:09.857+0000] {processor.py:830} INFO - Processing file /home/airflow/.local/lib/python3.12/site-packages/airflow/example_dags/example_sla_dag.py for tasks to queue
[2024-07-12T08:37:09.858+0000] {logging_mixin.py:188} INFO - [2024-07-12T08:37:09.858+0000] {dagbag.py:545} INFO - Filling up the DagBag from /home/airflow/.local/lib/python3.12/site-packages/airflow/example_dags/example_sla_dag.py
[2024-07-12T08:37:09.863+0000] {processor.py:840} INFO - DAG(s) 'example_sla_dag' retrieved from /home/airflow/.local/lib/python3.12/site-packages/airflow/example_dags/example_sla_dag.py
[2024-07-12T08:37:09.874+0000] {logging_mixin.py:188} INFO - [2024-07-12T08:37:09.874+0000] {dag.py:3096} INFO - Sync 1 DAGs
[2024-07-12T08:37:09.888+0000] {logging_mixin.py:188} INFO - [2024-07-12T08:37:09.888+0000] {dag.py:3954} INFO - Setting next_dagrun for example_sla_dag to 2024-07-12 08:34:00+00:00, run_after=2024-07-12 08:36:00+00:00
[2024-07-12T08:37:09.900+0000] {processor.py:183} INFO - Processing /home/airflow/.local/lib/python3.12/site-packages/airflow/example_dags/example_sla_dag.py took 0.048 seconds
[2024-07-12T08:37:40.024+0000] {processor.py:161} INFO - Started process (PID=1057) to work on /home/airflow/.local/lib/python3.12/site-packages/airflow/example_dags/example_sla_dag.py
[2024-07-12T08:37:40.025+0000] {processor.py:830} INFO - Processing file /home/airflow/.local/lib/python3.12/site-packages/airflow/example_dags/example_sla_dag.py for tasks to queue
[2024-07-12T08:37:40.026+0000] {logging_mixin.py:188} INFO - [2024-07-12T08:37:40.026+0000] {dagbag.py:545} INFO - Filling up the DagBag from /home/airflow/.local/lib/python3.12/site-packages/airflow/example_dags/example_sla_dag.py
[2024-07-12T08:37:40.032+0000] {processor.py:840} INFO - DAG(s) 'example_sla_dag' retrieved from /home/airflow/.local/lib/python3.12/site-packages/airflow/example_dags/example_sla_dag.py
[2024-07-12T08:37:40.043+0000] {logging_mixin.py:188} INFO - [2024-07-12T08:37:40.043+0000] {dag.py:3096} INFO - Sync 1 DAGs
[2024-07-12T08:37:40.057+0000] {logging_mixin.py:188} INFO - [2024-07-12T08:37:40.057+0000] {dag.py:3954} INFO - Setting next_dagrun for example_sla_dag to 2024-07-12 08:34:00+00:00, run_after=2024-07-12 08:36:00+00:00
[2024-07-12T08:37:40.072+0000] {processor.py:183} INFO - Processing /home/airflow/.local/lib/python3.12/site-packages/airflow/example_dags/example_sla_dag.py took 0.052 seconds
[2024-07-12T08:38:10.378+0000] {processor.py:161} INFO - Started process (PID=1115) to work on /home/airflow/.local/lib/python3.12/site-packages/airflow/example_dags/example_sla_dag.py
[2024-07-12T08:38:10.379+0000] {processor.py:830} INFO - Processing file /home/airflow/.local/lib/python3.12/site-packages/airflow/example_dags/example_sla_dag.py for tasks to queue
[2024-07-12T08:38:10.380+0000] {logging_mixin.py:188} INFO - [2024-07-12T08:38:10.380+0000] {dagbag.py:545} INFO - Filling up the DagBag from /home/airflow/.local/lib/python3.12/site-packages/airflow/example_dags/example_sla_dag.py
[2024-07-12T08:38:10.386+0000] {processor.py:840} INFO - DAG(s) 'example_sla_dag' retrieved from /home/airflow/.local/lib/python3.12/site-packages/airflow/example_dags/example_sla_dag.py
[2024-07-12T08:38:10.397+0000] {logging_mixin.py:188} INFO - [2024-07-12T08:38:10.397+0000] {dag.py:3096} INFO - Sync 1 DAGs
[2024-07-12T08:38:10.413+0000] {logging_mixin.py:188} INFO - [2024-07-12T08:38:10.413+0000] {dag.py:3954} INFO - Setting next_dagrun for example_sla_dag to 2024-07-12 08:36:00+00:00, run_after=2024-07-12 08:38:00+00:00
[2024-07-12T08:38:10.428+0000] {processor.py:183} INFO - Processing /home/airflow/.local/lib/python3.12/site-packages/airflow/example_dags/example_sla_dag.py took 0.053 seconds
[2024-07-12T08:38:41.294+0000] {processor.py:161} INFO - Started process (PID=1173) to work on /home/airflow/.local/lib/python3.12/site-packages/airflow/example_dags/example_sla_dag.py
[2024-07-12T08:38:41.295+0000] {processor.py:830} INFO - Processing file /home/airflow/.local/lib/python3.12/site-packages/airflow/example_dags/example_sla_dag.py for tasks to queue
[2024-07-12T08:38:41.296+0000] {logging_mixin.py:188} INFO - [2024-07-12T08:38:41.296+0000] {dagbag.py:545} INFO - Filling up the DagBag from /home/airflow/.local/lib/python3.12/site-packages/airflow/example_dags/example_sla_dag.py
[2024-07-12T08:38:41.302+0000] {processor.py:840} INFO - DAG(s) 'example_sla_dag' retrieved from /home/airflow/.local/lib/python3.12/site-packages/airflow/example_dags/example_sla_dag.py
[2024-07-12T08:38:41.313+0000] {logging_mixin.py:188} INFO - [2024-07-12T08:38:41.312+0000] {dag.py:3096} INFO - Sync 1 DAGs
[2024-07-12T08:38:41.328+0000] {logging_mixin.py:188} INFO - [2024-07-12T08:38:41.328+0000] {dag.py:3954} INFO - Setting next_dagrun for example_sla_dag to 2024-07-12 08:36:00+00:00, run_after=2024-07-12 08:38:00+00:00
[2024-07-12T08:38:41.342+0000] {processor.py:183} INFO - Processing /home/airflow/.local/lib/python3.12/site-packages/airflow/example_dags/example_sla_dag.py took 0.052 seconds
[2024-07-12T08:39:12.277+0000] {processor.py:161} INFO - Started process (PID=1231) to work on /home/airflow/.local/lib/python3.12/site-packages/airflow/example_dags/example_sla_dag.py
[2024-07-12T08:39:12.278+0000] {processor.py:830} INFO - Processing file /home/airflow/.local/lib/python3.12/site-packages/airflow/example_dags/example_sla_dag.py for tasks to queue
[2024-07-12T08:39:12.281+0000] {logging_mixin.py:188} INFO - [2024-07-12T08:39:12.281+0000] {dagbag.py:545} INFO - Filling up the DagBag from /home/airflow/.local/lib/python3.12/site-packages/airflow/example_dags/example_sla_dag.py
[2024-07-12T08:39:12.287+0000] {processor.py:840} INFO - DAG(s) 'example_sla_dag' retrieved from /home/airflow/.local/lib/python3.12/site-packages/airflow/example_dags/example_sla_dag.py
[2024-07-12T08:39:12.299+0000] {logging_mixin.py:188} INFO - [2024-07-12T08:39:12.299+0000] {dag.py:3096} INFO - Sync 1 DAGs
[2024-07-12T08:39:12.315+0000] {logging_mixin.py:188} INFO - [2024-07-12T08:39:12.315+0000] {dag.py:3954} INFO - Setting next_dagrun for example_sla_dag to 2024-07-12 08:36:00+00:00, run_after=2024-07-12 08:38:00+00:00
[2024-07-12T08:39:12.331+0000] {processor.py:183} INFO - Processing /home/airflow/.local/lib/python3.12/site-packages/airflow/example_dags/example_sla_dag.py took 0.058 seconds
