[2024-07-12T07:58:05.231+0000] {processor.py:161} INFO - Started process (PID=59) to work on /home/airflow/.local/lib/python3.12/site-packages/airflow/example_dags/example_skip_dag.py
[2024-07-12T07:58:05.231+0000] {processor.py:830} INFO - Processing file /home/airflow/.local/lib/python3.12/site-packages/airflow/example_dags/example_skip_dag.py for tasks to queue
[2024-07-12T07:58:05.233+0000] {logging_mixin.py:188} INFO - [2024-07-12T07:58:05.233+0000] {dagbag.py:545} INFO - Filling up the DagBag from /home/airflow/.local/lib/python3.12/site-packages/airflow/example_dags/example_skip_dag.py
[2024-07-12T07:58:05.241+0000] {processor.py:840} INFO - DAG(s) 'example_skip_dag' retrieved from /home/airflow/.local/lib/python3.12/site-packages/airflow/example_dags/example_skip_dag.py
[2024-07-12T07:58:05.247+0000] {logging_mixin.py:188} INFO - [2024-07-12T07:58:05.247+0000] {dag.py:3096} INFO - Sync 1 DAGs
[2024-07-12T07:58:05.263+0000] {logging_mixin.py:188} INFO - [2024-07-12T07:58:05.262+0000] {dag.py:3954} INFO - Setting next_dagrun for example_skip_dag to 2024-07-11 00:00:00+00:00, run_after=2024-07-12 00:00:00+00:00
[2024-07-12T07:58:05.278+0000] {processor.py:183} INFO - Processing /home/airflow/.local/lib/python3.12/site-packages/airflow/example_dags/example_skip_dag.py took 0.051 seconds
[2024-07-12T07:58:35.819+0000] {processor.py:161} INFO - Started process (PID=117) to work on /home/airflow/.local/lib/python3.12/site-packages/airflow/example_dags/example_skip_dag.py
[2024-07-12T07:58:35.819+0000] {processor.py:830} INFO - Processing file /home/airflow/.local/lib/python3.12/site-packages/airflow/example_dags/example_skip_dag.py for tasks to queue
[2024-07-12T07:58:35.821+0000] {logging_mixin.py:188} INFO - [2024-07-12T07:58:35.820+0000] {dagbag.py:545} INFO - Filling up the DagBag from /home/airflow/.local/lib/python3.12/site-packages/airflow/example_dags/example_skip_dag.py
[2024-07-12T07:58:35.825+0000] {processor.py:840} INFO - DAG(s) 'example_skip_dag' retrieved from /home/airflow/.local/lib/python3.12/site-packages/airflow/example_dags/example_skip_dag.py
[2024-07-12T07:58:35.892+0000] {logging_mixin.py:188} INFO - [2024-07-12T07:58:35.892+0000] {dag.py:3096} INFO - Sync 1 DAGs
[2024-07-12T07:58:35.903+0000] {logging_mixin.py:188} INFO - [2024-07-12T07:58:35.903+0000] {dag.py:3954} INFO - Setting next_dagrun for example_skip_dag to 2024-07-11 00:00:00+00:00, run_after=2024-07-12 00:00:00+00:00
[2024-07-12T07:58:35.919+0000] {processor.py:183} INFO - Processing /home/airflow/.local/lib/python3.12/site-packages/airflow/example_dags/example_skip_dag.py took 0.103 seconds
[2024-07-12T07:59:06.821+0000] {processor.py:161} INFO - Started process (PID=175) to work on /home/airflow/.local/lib/python3.12/site-packages/airflow/example_dags/example_skip_dag.py
[2024-07-12T07:59:06.822+0000] {processor.py:830} INFO - Processing file /home/airflow/.local/lib/python3.12/site-packages/airflow/example_dags/example_skip_dag.py for tasks to queue
[2024-07-12T07:59:06.823+0000] {logging_mixin.py:188} INFO - [2024-07-12T07:59:06.823+0000] {dagbag.py:545} INFO - Filling up the DagBag from /home/airflow/.local/lib/python3.12/site-packages/airflow/example_dags/example_skip_dag.py
[2024-07-12T07:59:06.827+0000] {processor.py:840} INFO - DAG(s) 'example_skip_dag' retrieved from /home/airflow/.local/lib/python3.12/site-packages/airflow/example_dags/example_skip_dag.py
[2024-07-12T07:59:06.840+0000] {logging_mixin.py:188} INFO - [2024-07-12T07:59:06.840+0000] {dag.py:3096} INFO - Sync 1 DAGs
[2024-07-12T07:59:06.854+0000] {logging_mixin.py:188} INFO - [2024-07-12T07:59:06.854+0000] {dag.py:3954} INFO - Setting next_dagrun for example_skip_dag to 2024-07-11 00:00:00+00:00, run_after=2024-07-12 00:00:00+00:00
[2024-07-12T07:59:06.870+0000] {processor.py:183} INFO - Processing /home/airflow/.local/lib/python3.12/site-packages/airflow/example_dags/example_skip_dag.py took 0.052 seconds
[2024-07-12T07:59:36.967+0000] {processor.py:161} INFO - Started process (PID=233) to work on /home/airflow/.local/lib/python3.12/site-packages/airflow/example_dags/example_skip_dag.py
[2024-07-12T07:59:36.968+0000] {processor.py:830} INFO - Processing file /home/airflow/.local/lib/python3.12/site-packages/airflow/example_dags/example_skip_dag.py for tasks to queue
[2024-07-12T07:59:36.969+0000] {logging_mixin.py:188} INFO - [2024-07-12T07:59:36.969+0000] {dagbag.py:545} INFO - Filling up the DagBag from /home/airflow/.local/lib/python3.12/site-packages/airflow/example_dags/example_skip_dag.py
[2024-07-12T07:59:36.974+0000] {processor.py:840} INFO - DAG(s) 'example_skip_dag' retrieved from /home/airflow/.local/lib/python3.12/site-packages/airflow/example_dags/example_skip_dag.py
[2024-07-12T07:59:36.986+0000] {logging_mixin.py:188} INFO - [2024-07-12T07:59:36.986+0000] {dag.py:3096} INFO - Sync 1 DAGs
[2024-07-12T07:59:37.000+0000] {logging_mixin.py:188} INFO - [2024-07-12T07:59:37.000+0000] {dag.py:3954} INFO - Setting next_dagrun for example_skip_dag to 2024-07-11 00:00:00+00:00, run_after=2024-07-12 00:00:00+00:00
[2024-07-12T07:59:37.016+0000] {processor.py:183} INFO - Processing /home/airflow/.local/lib/python3.12/site-packages/airflow/example_dags/example_skip_dag.py took 0.052 seconds
[2024-07-12T08:01:09.220+0000] {processor.py:161} INFO - Started process (PID=58) to work on /home/airflow/.local/lib/python3.12/site-packages/airflow/example_dags/example_skip_dag.py
[2024-07-12T08:01:09.221+0000] {processor.py:830} INFO - Processing file /home/airflow/.local/lib/python3.12/site-packages/airflow/example_dags/example_skip_dag.py for tasks to queue
[2024-07-12T08:01:09.223+0000] {logging_mixin.py:188} INFO - [2024-07-12T08:01:09.222+0000] {dagbag.py:545} INFO - Filling up the DagBag from /home/airflow/.local/lib/python3.12/site-packages/airflow/example_dags/example_skip_dag.py
[2024-07-12T08:01:09.229+0000] {processor.py:840} INFO - DAG(s) 'example_skip_dag' retrieved from /home/airflow/.local/lib/python3.12/site-packages/airflow/example_dags/example_skip_dag.py
[2024-07-12T08:01:09.235+0000] {logging_mixin.py:188} INFO - [2024-07-12T08:01:09.234+0000] {dag.py:3096} INFO - Sync 1 DAGs
[2024-07-12T08:01:09.250+0000] {logging_mixin.py:188} INFO - [2024-07-12T08:01:09.250+0000] {dag.py:3954} INFO - Setting next_dagrun for example_skip_dag to 2024-07-11 00:00:00+00:00, run_after=2024-07-12 00:00:00+00:00
[2024-07-12T08:01:09.267+0000] {processor.py:183} INFO - Processing /home/airflow/.local/lib/python3.12/site-packages/airflow/example_dags/example_skip_dag.py took 0.051 seconds
[2024-07-12T08:01:39.674+0000] {processor.py:161} INFO - Started process (PID=116) to work on /home/airflow/.local/lib/python3.12/site-packages/airflow/example_dags/example_skip_dag.py
[2024-07-12T08:01:39.675+0000] {processor.py:830} INFO - Processing file /home/airflow/.local/lib/python3.12/site-packages/airflow/example_dags/example_skip_dag.py for tasks to queue
[2024-07-12T08:01:39.676+0000] {logging_mixin.py:188} INFO - [2024-07-12T08:01:39.676+0000] {dagbag.py:545} INFO - Filling up the DagBag from /home/airflow/.local/lib/python3.12/site-packages/airflow/example_dags/example_skip_dag.py
[2024-07-12T08:01:39.680+0000] {processor.py:840} INFO - DAG(s) 'example_skip_dag' retrieved from /home/airflow/.local/lib/python3.12/site-packages/airflow/example_dags/example_skip_dag.py
[2024-07-12T08:01:39.741+0000] {logging_mixin.py:188} INFO - [2024-07-12T08:01:39.741+0000] {dag.py:3096} INFO - Sync 1 DAGs
[2024-07-12T08:01:39.753+0000] {logging_mixin.py:188} INFO - [2024-07-12T08:01:39.753+0000] {dag.py:3954} INFO - Setting next_dagrun for example_skip_dag to 2024-07-11 00:00:00+00:00, run_after=2024-07-12 00:00:00+00:00
[2024-07-12T08:01:39.767+0000] {processor.py:183} INFO - Processing /home/airflow/.local/lib/python3.12/site-packages/airflow/example_dags/example_skip_dag.py took 0.097 seconds
[2024-07-12T08:02:09.855+0000] {processor.py:161} INFO - Started process (PID=174) to work on /home/airflow/.local/lib/python3.12/site-packages/airflow/example_dags/example_skip_dag.py
[2024-07-12T08:02:09.856+0000] {processor.py:830} INFO - Processing file /home/airflow/.local/lib/python3.12/site-packages/airflow/example_dags/example_skip_dag.py for tasks to queue
[2024-07-12T08:02:09.858+0000] {logging_mixin.py:188} INFO - [2024-07-12T08:02:09.857+0000] {dagbag.py:545} INFO - Filling up the DagBag from /home/airflow/.local/lib/python3.12/site-packages/airflow/example_dags/example_skip_dag.py
[2024-07-12T08:02:09.862+0000] {processor.py:840} INFO - DAG(s) 'example_skip_dag' retrieved from /home/airflow/.local/lib/python3.12/site-packages/airflow/example_dags/example_skip_dag.py
[2024-07-12T08:02:09.874+0000] {logging_mixin.py:188} INFO - [2024-07-12T08:02:09.874+0000] {dag.py:3096} INFO - Sync 1 DAGs
[2024-07-12T08:02:09.888+0000] {logging_mixin.py:188} INFO - [2024-07-12T08:02:09.888+0000] {dag.py:3954} INFO - Setting next_dagrun for example_skip_dag to 2024-07-11 00:00:00+00:00, run_after=2024-07-12 00:00:00+00:00
[2024-07-12T08:02:09.903+0000] {processor.py:183} INFO - Processing /home/airflow/.local/lib/python3.12/site-packages/airflow/example_dags/example_skip_dag.py took 0.052 seconds
[2024-07-12T08:02:40.109+0000] {processor.py:161} INFO - Started process (PID=232) to work on /home/airflow/.local/lib/python3.12/site-packages/airflow/example_dags/example_skip_dag.py
[2024-07-12T08:02:40.110+0000] {processor.py:830} INFO - Processing file /home/airflow/.local/lib/python3.12/site-packages/airflow/example_dags/example_skip_dag.py for tasks to queue
[2024-07-12T08:02:40.111+0000] {logging_mixin.py:188} INFO - [2024-07-12T08:02:40.111+0000] {dagbag.py:545} INFO - Filling up the DagBag from /home/airflow/.local/lib/python3.12/site-packages/airflow/example_dags/example_skip_dag.py
[2024-07-12T08:02:40.115+0000] {processor.py:840} INFO - DAG(s) 'example_skip_dag' retrieved from /home/airflow/.local/lib/python3.12/site-packages/airflow/example_dags/example_skip_dag.py
[2024-07-12T08:02:40.129+0000] {logging_mixin.py:188} INFO - [2024-07-12T08:02:40.128+0000] {dag.py:3096} INFO - Sync 1 DAGs
[2024-07-12T08:02:40.142+0000] {logging_mixin.py:188} INFO - [2024-07-12T08:02:40.142+0000] {dag.py:3954} INFO - Setting next_dagrun for example_skip_dag to 2024-07-11 00:00:00+00:00, run_after=2024-07-12 00:00:00+00:00
[2024-07-12T08:02:40.158+0000] {processor.py:183} INFO - Processing /home/airflow/.local/lib/python3.12/site-packages/airflow/example_dags/example_skip_dag.py took 0.053 seconds
[2024-07-12T08:04:16.861+0000] {processor.py:161} INFO - Started process (PID=59) to work on /home/airflow/.local/lib/python3.12/site-packages/airflow/example_dags/example_skip_dag.py
[2024-07-12T08:04:16.862+0000] {processor.py:830} INFO - Processing file /home/airflow/.local/lib/python3.12/site-packages/airflow/example_dags/example_skip_dag.py for tasks to queue
[2024-07-12T08:04:16.863+0000] {logging_mixin.py:188} INFO - [2024-07-12T08:04:16.863+0000] {dagbag.py:545} INFO - Filling up the DagBag from /home/airflow/.local/lib/python3.12/site-packages/airflow/example_dags/example_skip_dag.py
[2024-07-12T08:04:16.869+0000] {processor.py:840} INFO - DAG(s) 'example_skip_dag' retrieved from /home/airflow/.local/lib/python3.12/site-packages/airflow/example_dags/example_skip_dag.py
[2024-07-12T08:04:16.876+0000] {logging_mixin.py:188} INFO - [2024-07-12T08:04:16.876+0000] {dag.py:3096} INFO - Sync 1 DAGs
[2024-07-12T08:04:16.891+0000] {logging_mixin.py:188} INFO - [2024-07-12T08:04:16.891+0000] {dag.py:3954} INFO - Setting next_dagrun for example_skip_dag to 2024-07-11 00:00:00+00:00, run_after=2024-07-12 00:00:00+00:00
[2024-07-12T08:04:16.907+0000] {processor.py:183} INFO - Processing /home/airflow/.local/lib/python3.12/site-packages/airflow/example_dags/example_skip_dag.py took 0.051 seconds
[2024-07-12T08:04:47.386+0000] {processor.py:161} INFO - Started process (PID=117) to work on /home/airflow/.local/lib/python3.12/site-packages/airflow/example_dags/example_skip_dag.py
[2024-07-12T08:04:47.387+0000] {processor.py:830} INFO - Processing file /home/airflow/.local/lib/python3.12/site-packages/airflow/example_dags/example_skip_dag.py for tasks to queue
[2024-07-12T08:04:47.388+0000] {logging_mixin.py:188} INFO - [2024-07-12T08:04:47.388+0000] {dagbag.py:545} INFO - Filling up the DagBag from /home/airflow/.local/lib/python3.12/site-packages/airflow/example_dags/example_skip_dag.py
[2024-07-12T08:04:47.393+0000] {processor.py:840} INFO - DAG(s) 'example_skip_dag' retrieved from /home/airflow/.local/lib/python3.12/site-packages/airflow/example_dags/example_skip_dag.py
[2024-07-12T08:04:47.464+0000] {logging_mixin.py:188} INFO - [2024-07-12T08:04:47.464+0000] {dag.py:3096} INFO - Sync 1 DAGs
[2024-07-12T08:04:47.478+0000] {logging_mixin.py:188} INFO - [2024-07-12T08:04:47.478+0000] {dag.py:3954} INFO - Setting next_dagrun for example_skip_dag to 2024-07-11 00:00:00+00:00, run_after=2024-07-12 00:00:00+00:00
[2024-07-12T08:04:47.495+0000] {processor.py:183} INFO - Processing /home/airflow/.local/lib/python3.12/site-packages/airflow/example_dags/example_skip_dag.py took 0.112 seconds
[2024-07-12T08:05:18.065+0000] {processor.py:161} INFO - Started process (PID=175) to work on /home/airflow/.local/lib/python3.12/site-packages/airflow/example_dags/example_skip_dag.py
[2024-07-12T08:05:18.066+0000] {processor.py:830} INFO - Processing file /home/airflow/.local/lib/python3.12/site-packages/airflow/example_dags/example_skip_dag.py for tasks to queue
[2024-07-12T08:05:18.067+0000] {logging_mixin.py:188} INFO - [2024-07-12T08:05:18.067+0000] {dagbag.py:545} INFO - Filling up the DagBag from /home/airflow/.local/lib/python3.12/site-packages/airflow/example_dags/example_skip_dag.py
[2024-07-12T08:05:18.072+0000] {processor.py:840} INFO - DAG(s) 'example_skip_dag' retrieved from /home/airflow/.local/lib/python3.12/site-packages/airflow/example_dags/example_skip_dag.py
[2024-07-12T08:05:18.084+0000] {logging_mixin.py:188} INFO - [2024-07-12T08:05:18.084+0000] {dag.py:3096} INFO - Sync 1 DAGs
[2024-07-12T08:05:18.097+0000] {logging_mixin.py:188} INFO - [2024-07-12T08:05:18.097+0000] {dag.py:3954} INFO - Setting next_dagrun for example_skip_dag to 2024-07-11 00:00:00+00:00, run_after=2024-07-12 00:00:00+00:00
[2024-07-12T08:05:18.112+0000] {processor.py:183} INFO - Processing /home/airflow/.local/lib/python3.12/site-packages/airflow/example_dags/example_skip_dag.py took 0.051 seconds
[2024-07-12T08:05:48.267+0000] {processor.py:161} INFO - Started process (PID=233) to work on /home/airflow/.local/lib/python3.12/site-packages/airflow/example_dags/example_skip_dag.py
[2024-07-12T08:05:48.268+0000] {processor.py:830} INFO - Processing file /home/airflow/.local/lib/python3.12/site-packages/airflow/example_dags/example_skip_dag.py for tasks to queue
[2024-07-12T08:05:48.270+0000] {logging_mixin.py:188} INFO - [2024-07-12T08:05:48.269+0000] {dagbag.py:545} INFO - Filling up the DagBag from /home/airflow/.local/lib/python3.12/site-packages/airflow/example_dags/example_skip_dag.py
[2024-07-12T08:05:48.274+0000] {processor.py:840} INFO - DAG(s) 'example_skip_dag' retrieved from /home/airflow/.local/lib/python3.12/site-packages/airflow/example_dags/example_skip_dag.py
[2024-07-12T08:05:48.288+0000] {logging_mixin.py:188} INFO - [2024-07-12T08:05:48.288+0000] {dag.py:3096} INFO - Sync 1 DAGs
[2024-07-12T08:05:48.301+0000] {logging_mixin.py:188} INFO - [2024-07-12T08:05:48.301+0000] {dag.py:3954} INFO - Setting next_dagrun for example_skip_dag to 2024-07-11 00:00:00+00:00, run_after=2024-07-12 00:00:00+00:00
[2024-07-12T08:05:48.316+0000] {processor.py:183} INFO - Processing /home/airflow/.local/lib/python3.12/site-packages/airflow/example_dags/example_skip_dag.py took 0.055 seconds
[2024-07-12T08:06:18.357+0000] {processor.py:161} INFO - Started process (PID=291) to work on /home/airflow/.local/lib/python3.12/site-packages/airflow/example_dags/example_skip_dag.py
[2024-07-12T08:06:18.358+0000] {processor.py:830} INFO - Processing file /home/airflow/.local/lib/python3.12/site-packages/airflow/example_dags/example_skip_dag.py for tasks to queue
[2024-07-12T08:06:18.359+0000] {logging_mixin.py:188} INFO - [2024-07-12T08:06:18.359+0000] {dagbag.py:545} INFO - Filling up the DagBag from /home/airflow/.local/lib/python3.12/site-packages/airflow/example_dags/example_skip_dag.py
[2024-07-12T08:06:18.363+0000] {processor.py:840} INFO - DAG(s) 'example_skip_dag' retrieved from /home/airflow/.local/lib/python3.12/site-packages/airflow/example_dags/example_skip_dag.py
[2024-07-12T08:06:18.370+0000] {logging_mixin.py:188} INFO - [2024-07-12T08:06:18.369+0000] {dag.py:3096} INFO - Sync 1 DAGs
[2024-07-12T08:06:18.384+0000] {logging_mixin.py:188} INFO - [2024-07-12T08:06:18.384+0000] {dag.py:3954} INFO - Setting next_dagrun for example_skip_dag to 2024-07-11 00:00:00+00:00, run_after=2024-07-12 00:00:00+00:00
[2024-07-12T08:06:18.399+0000] {processor.py:183} INFO - Processing /home/airflow/.local/lib/python3.12/site-packages/airflow/example_dags/example_skip_dag.py took 0.045 seconds
[2024-07-12T08:06:49.452+0000] {processor.py:161} INFO - Started process (PID=349) to work on /home/airflow/.local/lib/python3.12/site-packages/airflow/example_dags/example_skip_dag.py
[2024-07-12T08:06:49.453+0000] {processor.py:830} INFO - Processing file /home/airflow/.local/lib/python3.12/site-packages/airflow/example_dags/example_skip_dag.py for tasks to queue
[2024-07-12T08:06:49.454+0000] {logging_mixin.py:188} INFO - [2024-07-12T08:06:49.454+0000] {dagbag.py:545} INFO - Filling up the DagBag from /home/airflow/.local/lib/python3.12/site-packages/airflow/example_dags/example_skip_dag.py
[2024-07-12T08:06:49.459+0000] {processor.py:840} INFO - DAG(s) 'example_skip_dag' retrieved from /home/airflow/.local/lib/python3.12/site-packages/airflow/example_dags/example_skip_dag.py
[2024-07-12T08:06:49.520+0000] {logging_mixin.py:188} INFO - [2024-07-12T08:06:49.519+0000] {dag.py:3096} INFO - Sync 1 DAGs
[2024-07-12T08:06:49.531+0000] {logging_mixin.py:188} INFO - [2024-07-12T08:06:49.531+0000] {dag.py:3954} INFO - Setting next_dagrun for example_skip_dag to 2024-07-11 00:00:00+00:00, run_after=2024-07-12 00:00:00+00:00
[2024-07-12T08:06:49.546+0000] {processor.py:183} INFO - Processing /home/airflow/.local/lib/python3.12/site-packages/airflow/example_dags/example_skip_dag.py took 0.099 seconds
[2024-07-12T08:07:19.654+0000] {processor.py:161} INFO - Started process (PID=407) to work on /home/airflow/.local/lib/python3.12/site-packages/airflow/example_dags/example_skip_dag.py
[2024-07-12T08:07:19.655+0000] {processor.py:830} INFO - Processing file /home/airflow/.local/lib/python3.12/site-packages/airflow/example_dags/example_skip_dag.py for tasks to queue
[2024-07-12T08:07:19.656+0000] {logging_mixin.py:188} INFO - [2024-07-12T08:07:19.656+0000] {dagbag.py:545} INFO - Filling up the DagBag from /home/airflow/.local/lib/python3.12/site-packages/airflow/example_dags/example_skip_dag.py
[2024-07-12T08:07:19.660+0000] {processor.py:840} INFO - DAG(s) 'example_skip_dag' retrieved from /home/airflow/.local/lib/python3.12/site-packages/airflow/example_dags/example_skip_dag.py
[2024-07-12T08:07:19.672+0000] {logging_mixin.py:188} INFO - [2024-07-12T08:07:19.672+0000] {dag.py:3096} INFO - Sync 1 DAGs
[2024-07-12T08:07:19.686+0000] {logging_mixin.py:188} INFO - [2024-07-12T08:07:19.686+0000] {dag.py:3954} INFO - Setting next_dagrun for example_skip_dag to 2024-07-11 00:00:00+00:00, run_after=2024-07-12 00:00:00+00:00
[2024-07-12T08:07:19.700+0000] {processor.py:183} INFO - Processing /home/airflow/.local/lib/python3.12/site-packages/airflow/example_dags/example_skip_dag.py took 0.050 seconds
[2024-07-12T08:08:14.179+0000] {processor.py:161} INFO - Started process (PID=58) to work on /home/airflow/.local/lib/python3.12/site-packages/airflow/example_dags/example_skip_dag.py
[2024-07-12T08:08:14.180+0000] {processor.py:830} INFO - Processing file /home/airflow/.local/lib/python3.12/site-packages/airflow/example_dags/example_skip_dag.py for tasks to queue
[2024-07-12T08:08:14.181+0000] {logging_mixin.py:188} INFO - [2024-07-12T08:08:14.181+0000] {dagbag.py:545} INFO - Filling up the DagBag from /home/airflow/.local/lib/python3.12/site-packages/airflow/example_dags/example_skip_dag.py
[2024-07-12T08:08:14.187+0000] {processor.py:840} INFO - DAG(s) 'example_skip_dag' retrieved from /home/airflow/.local/lib/python3.12/site-packages/airflow/example_dags/example_skip_dag.py
[2024-07-12T08:08:14.194+0000] {logging_mixin.py:188} INFO - [2024-07-12T08:08:14.194+0000] {dag.py:3096} INFO - Sync 1 DAGs
[2024-07-12T08:08:14.209+0000] {logging_mixin.py:188} INFO - [2024-07-12T08:08:14.209+0000] {dag.py:3954} INFO - Setting next_dagrun for example_skip_dag to 2024-07-11 00:00:00+00:00, run_after=2024-07-12 00:00:00+00:00
[2024-07-12T08:08:14.225+0000] {processor.py:183} INFO - Processing /home/airflow/.local/lib/python3.12/site-packages/airflow/example_dags/example_skip_dag.py took 0.049 seconds
[2024-07-12T08:08:44.912+0000] {processor.py:161} INFO - Started process (PID=120) to work on /home/airflow/.local/lib/python3.12/site-packages/airflow/example_dags/example_skip_dag.py
[2024-07-12T08:08:44.913+0000] {processor.py:830} INFO - Processing file /home/airflow/.local/lib/python3.12/site-packages/airflow/example_dags/example_skip_dag.py for tasks to queue
[2024-07-12T08:08:44.914+0000] {logging_mixin.py:188} INFO - [2024-07-12T08:08:44.914+0000] {dagbag.py:545} INFO - Filling up the DagBag from /home/airflow/.local/lib/python3.12/site-packages/airflow/example_dags/example_skip_dag.py
[2024-07-12T08:08:44.918+0000] {processor.py:840} INFO - DAG(s) 'example_skip_dag' retrieved from /home/airflow/.local/lib/python3.12/site-packages/airflow/example_dags/example_skip_dag.py
[2024-07-12T08:08:44.980+0000] {logging_mixin.py:188} INFO - [2024-07-12T08:08:44.979+0000] {dag.py:3096} INFO - Sync 1 DAGs
[2024-07-12T08:08:44.991+0000] {logging_mixin.py:188} INFO - [2024-07-12T08:08:44.991+0000] {dag.py:3954} INFO - Setting next_dagrun for example_skip_dag to 2024-07-11 00:00:00+00:00, run_after=2024-07-12 00:00:00+00:00
[2024-07-12T08:08:45.006+0000] {processor.py:183} INFO - Processing /home/airflow/.local/lib/python3.12/site-packages/airflow/example_dags/example_skip_dag.py took 0.097 seconds
[2024-07-12T08:09:15.659+0000] {processor.py:161} INFO - Started process (PID=178) to work on /home/airflow/.local/lib/python3.12/site-packages/airflow/example_dags/example_skip_dag.py
[2024-07-12T08:09:15.659+0000] {processor.py:830} INFO - Processing file /home/airflow/.local/lib/python3.12/site-packages/airflow/example_dags/example_skip_dag.py for tasks to queue
[2024-07-12T08:09:15.661+0000] {logging_mixin.py:188} INFO - [2024-07-12T08:09:15.661+0000] {dagbag.py:545} INFO - Filling up the DagBag from /home/airflow/.local/lib/python3.12/site-packages/airflow/example_dags/example_skip_dag.py
[2024-07-12T08:09:15.665+0000] {processor.py:840} INFO - DAG(s) 'example_skip_dag' retrieved from /home/airflow/.local/lib/python3.12/site-packages/airflow/example_dags/example_skip_dag.py
[2024-07-12T08:09:15.677+0000] {logging_mixin.py:188} INFO - [2024-07-12T08:09:15.677+0000] {dag.py:3096} INFO - Sync 1 DAGs
[2024-07-12T08:09:15.690+0000] {logging_mixin.py:188} INFO - [2024-07-12T08:09:15.690+0000] {dag.py:3954} INFO - Setting next_dagrun for example_skip_dag to 2024-07-11 00:00:00+00:00, run_after=2024-07-12 00:00:00+00:00
[2024-07-12T08:09:15.705+0000] {processor.py:183} INFO - Processing /home/airflow/.local/lib/python3.12/site-packages/airflow/example_dags/example_skip_dag.py took 0.049 seconds
[2024-07-12T08:09:45.850+0000] {processor.py:161} INFO - Started process (PID=236) to work on /home/airflow/.local/lib/python3.12/site-packages/airflow/example_dags/example_skip_dag.py
[2024-07-12T08:09:45.851+0000] {processor.py:830} INFO - Processing file /home/airflow/.local/lib/python3.12/site-packages/airflow/example_dags/example_skip_dag.py for tasks to queue
[2024-07-12T08:09:45.852+0000] {logging_mixin.py:188} INFO - [2024-07-12T08:09:45.852+0000] {dagbag.py:545} INFO - Filling up the DagBag from /home/airflow/.local/lib/python3.12/site-packages/airflow/example_dags/example_skip_dag.py
[2024-07-12T08:09:45.856+0000] {processor.py:840} INFO - DAG(s) 'example_skip_dag' retrieved from /home/airflow/.local/lib/python3.12/site-packages/airflow/example_dags/example_skip_dag.py
[2024-07-12T08:09:45.868+0000] {logging_mixin.py:188} INFO - [2024-07-12T08:09:45.868+0000] {dag.py:3096} INFO - Sync 1 DAGs
[2024-07-12T08:09:45.881+0000] {logging_mixin.py:188} INFO - [2024-07-12T08:09:45.881+0000] {dag.py:3954} INFO - Setting next_dagrun for example_skip_dag to 2024-07-11 00:00:00+00:00, run_after=2024-07-12 00:00:00+00:00
[2024-07-12T08:09:45.895+0000] {processor.py:183} INFO - Processing /home/airflow/.local/lib/python3.12/site-packages/airflow/example_dags/example_skip_dag.py took 0.049 seconds
[2024-07-12T08:10:15.986+0000] {processor.py:161} INFO - Started process (PID=294) to work on /home/airflow/.local/lib/python3.12/site-packages/airflow/example_dags/example_skip_dag.py
[2024-07-12T08:10:15.987+0000] {processor.py:830} INFO - Processing file /home/airflow/.local/lib/python3.12/site-packages/airflow/example_dags/example_skip_dag.py for tasks to queue
[2024-07-12T08:10:15.988+0000] {logging_mixin.py:188} INFO - [2024-07-12T08:10:15.988+0000] {dagbag.py:545} INFO - Filling up the DagBag from /home/airflow/.local/lib/python3.12/site-packages/airflow/example_dags/example_skip_dag.py
[2024-07-12T08:10:15.993+0000] {processor.py:840} INFO - DAG(s) 'example_skip_dag' retrieved from /home/airflow/.local/lib/python3.12/site-packages/airflow/example_dags/example_skip_dag.py
[2024-07-12T08:10:16.004+0000] {logging_mixin.py:188} INFO - [2024-07-12T08:10:16.004+0000] {dag.py:3096} INFO - Sync 1 DAGs
[2024-07-12T08:10:16.017+0000] {logging_mixin.py:188} INFO - [2024-07-12T08:10:16.017+0000] {dag.py:3954} INFO - Setting next_dagrun for example_skip_dag to 2024-07-11 00:00:00+00:00, run_after=2024-07-12 00:00:00+00:00
[2024-07-12T08:10:16.030+0000] {processor.py:183} INFO - Processing /home/airflow/.local/lib/python3.12/site-packages/airflow/example_dags/example_skip_dag.py took 0.048 seconds
[2024-07-12T08:10:46.151+0000] {processor.py:161} INFO - Started process (PID=352) to work on /home/airflow/.local/lib/python3.12/site-packages/airflow/example_dags/example_skip_dag.py
[2024-07-12T08:10:46.152+0000] {processor.py:830} INFO - Processing file /home/airflow/.local/lib/python3.12/site-packages/airflow/example_dags/example_skip_dag.py for tasks to queue
[2024-07-12T08:10:46.153+0000] {logging_mixin.py:188} INFO - [2024-07-12T08:10:46.153+0000] {dagbag.py:545} INFO - Filling up the DagBag from /home/airflow/.local/lib/python3.12/site-packages/airflow/example_dags/example_skip_dag.py
[2024-07-12T08:10:46.157+0000] {processor.py:840} INFO - DAG(s) 'example_skip_dag' retrieved from /home/airflow/.local/lib/python3.12/site-packages/airflow/example_dags/example_skip_dag.py
[2024-07-12T08:10:46.168+0000] {logging_mixin.py:188} INFO - [2024-07-12T08:10:46.168+0000] {dag.py:3096} INFO - Sync 1 DAGs
[2024-07-12T08:10:46.182+0000] {logging_mixin.py:188} INFO - [2024-07-12T08:10:46.182+0000] {dag.py:3954} INFO - Setting next_dagrun for example_skip_dag to 2024-07-11 00:00:00+00:00, run_after=2024-07-12 00:00:00+00:00
[2024-07-12T08:10:46.194+0000] {processor.py:183} INFO - Processing /home/airflow/.local/lib/python3.12/site-packages/airflow/example_dags/example_skip_dag.py took 0.047 seconds
[2024-07-12T08:11:16.357+0000] {processor.py:161} INFO - Started process (PID=410) to work on /home/airflow/.local/lib/python3.12/site-packages/airflow/example_dags/example_skip_dag.py
[2024-07-12T08:11:16.358+0000] {processor.py:830} INFO - Processing file /home/airflow/.local/lib/python3.12/site-packages/airflow/example_dags/example_skip_dag.py for tasks to queue
[2024-07-12T08:11:16.359+0000] {logging_mixin.py:188} INFO - [2024-07-12T08:11:16.359+0000] {dagbag.py:545} INFO - Filling up the DagBag from /home/airflow/.local/lib/python3.12/site-packages/airflow/example_dags/example_skip_dag.py
[2024-07-12T08:11:16.363+0000] {processor.py:840} INFO - DAG(s) 'example_skip_dag' retrieved from /home/airflow/.local/lib/python3.12/site-packages/airflow/example_dags/example_skip_dag.py
[2024-07-12T08:11:16.375+0000] {logging_mixin.py:188} INFO - [2024-07-12T08:11:16.375+0000] {dag.py:3096} INFO - Sync 1 DAGs
[2024-07-12T08:11:16.389+0000] {logging_mixin.py:188} INFO - [2024-07-12T08:11:16.389+0000] {dag.py:3954} INFO - Setting next_dagrun for example_skip_dag to 2024-07-11 00:00:00+00:00, run_after=2024-07-12 00:00:00+00:00
[2024-07-12T08:11:16.403+0000] {processor.py:183} INFO - Processing /home/airflow/.local/lib/python3.12/site-packages/airflow/example_dags/example_skip_dag.py took 0.050 seconds
[2024-07-12T08:11:46.511+0000] {processor.py:161} INFO - Started process (PID=468) to work on /home/airflow/.local/lib/python3.12/site-packages/airflow/example_dags/example_skip_dag.py
[2024-07-12T08:11:46.512+0000] {processor.py:830} INFO - Processing file /home/airflow/.local/lib/python3.12/site-packages/airflow/example_dags/example_skip_dag.py for tasks to queue
[2024-07-12T08:11:46.513+0000] {logging_mixin.py:188} INFO - [2024-07-12T08:11:46.513+0000] {dagbag.py:545} INFO - Filling up the DagBag from /home/airflow/.local/lib/python3.12/site-packages/airflow/example_dags/example_skip_dag.py
[2024-07-12T08:11:46.517+0000] {processor.py:840} INFO - DAG(s) 'example_skip_dag' retrieved from /home/airflow/.local/lib/python3.12/site-packages/airflow/example_dags/example_skip_dag.py
[2024-07-12T08:11:46.530+0000] {logging_mixin.py:188} INFO - [2024-07-12T08:11:46.530+0000] {dag.py:3096} INFO - Sync 1 DAGs
[2024-07-12T08:11:46.544+0000] {logging_mixin.py:188} INFO - [2024-07-12T08:11:46.544+0000] {dag.py:3954} INFO - Setting next_dagrun for example_skip_dag to 2024-07-11 00:00:00+00:00, run_after=2024-07-12 00:00:00+00:00
[2024-07-12T08:11:46.559+0000] {processor.py:183} INFO - Processing /home/airflow/.local/lib/python3.12/site-packages/airflow/example_dags/example_skip_dag.py took 0.053 seconds
[2024-07-12T08:12:16.647+0000] {processor.py:161} INFO - Started process (PID=526) to work on /home/airflow/.local/lib/python3.12/site-packages/airflow/example_dags/example_skip_dag.py
[2024-07-12T08:12:16.648+0000] {processor.py:830} INFO - Processing file /home/airflow/.local/lib/python3.12/site-packages/airflow/example_dags/example_skip_dag.py for tasks to queue
[2024-07-12T08:12:16.649+0000] {logging_mixin.py:188} INFO - [2024-07-12T08:12:16.649+0000] {dagbag.py:545} INFO - Filling up the DagBag from /home/airflow/.local/lib/python3.12/site-packages/airflow/example_dags/example_skip_dag.py
[2024-07-12T08:12:16.655+0000] {processor.py:840} INFO - DAG(s) 'example_skip_dag' retrieved from /home/airflow/.local/lib/python3.12/site-packages/airflow/example_dags/example_skip_dag.py
[2024-07-12T08:12:16.667+0000] {logging_mixin.py:188} INFO - [2024-07-12T08:12:16.667+0000] {dag.py:3096} INFO - Sync 1 DAGs
[2024-07-12T08:12:16.685+0000] {logging_mixin.py:188} INFO - [2024-07-12T08:12:16.685+0000] {dag.py:3954} INFO - Setting next_dagrun for example_skip_dag to 2024-07-11 00:00:00+00:00, run_after=2024-07-12 00:00:00+00:00
[2024-07-12T08:12:16.703+0000] {processor.py:183} INFO - Processing /home/airflow/.local/lib/python3.12/site-packages/airflow/example_dags/example_skip_dag.py took 0.060 seconds
[2024-07-12T08:12:46.926+0000] {processor.py:161} INFO - Started process (PID=584) to work on /home/airflow/.local/lib/python3.12/site-packages/airflow/example_dags/example_skip_dag.py
[2024-07-12T08:12:46.927+0000] {processor.py:830} INFO - Processing file /home/airflow/.local/lib/python3.12/site-packages/airflow/example_dags/example_skip_dag.py for tasks to queue
[2024-07-12T08:12:46.928+0000] {logging_mixin.py:188} INFO - [2024-07-12T08:12:46.928+0000] {dagbag.py:545} INFO - Filling up the DagBag from /home/airflow/.local/lib/python3.12/site-packages/airflow/example_dags/example_skip_dag.py
[2024-07-12T08:12:46.932+0000] {processor.py:840} INFO - DAG(s) 'example_skip_dag' retrieved from /home/airflow/.local/lib/python3.12/site-packages/airflow/example_dags/example_skip_dag.py
[2024-07-12T08:12:46.944+0000] {logging_mixin.py:188} INFO - [2024-07-12T08:12:46.944+0000] {dag.py:3096} INFO - Sync 1 DAGs
[2024-07-12T08:12:46.959+0000] {logging_mixin.py:188} INFO - [2024-07-12T08:12:46.959+0000] {dag.py:3954} INFO - Setting next_dagrun for example_skip_dag to 2024-07-11 00:00:00+00:00, run_after=2024-07-12 00:00:00+00:00
[2024-07-12T08:12:46.972+0000] {processor.py:183} INFO - Processing /home/airflow/.local/lib/python3.12/site-packages/airflow/example_dags/example_skip_dag.py took 0.050 seconds
[2024-07-12T08:13:17.412+0000] {processor.py:161} INFO - Started process (PID=642) to work on /home/airflow/.local/lib/python3.12/site-packages/airflow/example_dags/example_skip_dag.py
[2024-07-12T08:13:17.413+0000] {processor.py:830} INFO - Processing file /home/airflow/.local/lib/python3.12/site-packages/airflow/example_dags/example_skip_dag.py for tasks to queue
[2024-07-12T08:13:17.414+0000] {logging_mixin.py:188} INFO - [2024-07-12T08:13:17.414+0000] {dagbag.py:545} INFO - Filling up the DagBag from /home/airflow/.local/lib/python3.12/site-packages/airflow/example_dags/example_skip_dag.py
[2024-07-12T08:13:17.419+0000] {processor.py:840} INFO - DAG(s) 'example_skip_dag' retrieved from /home/airflow/.local/lib/python3.12/site-packages/airflow/example_dags/example_skip_dag.py
[2024-07-12T08:13:17.432+0000] {logging_mixin.py:188} INFO - [2024-07-12T08:13:17.431+0000] {dag.py:3096} INFO - Sync 1 DAGs
[2024-07-12T08:13:17.446+0000] {logging_mixin.py:188} INFO - [2024-07-12T08:13:17.445+0000] {dag.py:3954} INFO - Setting next_dagrun for example_skip_dag to 2024-07-11 00:00:00+00:00, run_after=2024-07-12 00:00:00+00:00
[2024-07-12T08:13:17.459+0000] {processor.py:183} INFO - Processing /home/airflow/.local/lib/python3.12/site-packages/airflow/example_dags/example_skip_dag.py took 0.051 seconds
[2024-07-12T08:13:47.846+0000] {processor.py:161} INFO - Started process (PID=700) to work on /home/airflow/.local/lib/python3.12/site-packages/airflow/example_dags/example_skip_dag.py
[2024-07-12T08:13:47.847+0000] {processor.py:830} INFO - Processing file /home/airflow/.local/lib/python3.12/site-packages/airflow/example_dags/example_skip_dag.py for tasks to queue
[2024-07-12T08:13:47.849+0000] {logging_mixin.py:188} INFO - [2024-07-12T08:13:47.849+0000] {dagbag.py:545} INFO - Filling up the DagBag from /home/airflow/.local/lib/python3.12/site-packages/airflow/example_dags/example_skip_dag.py
[2024-07-12T08:13:47.854+0000] {processor.py:840} INFO - DAG(s) 'example_skip_dag' retrieved from /home/airflow/.local/lib/python3.12/site-packages/airflow/example_dags/example_skip_dag.py
[2024-07-12T08:13:47.868+0000] {logging_mixin.py:188} INFO - [2024-07-12T08:13:47.868+0000] {dag.py:3096} INFO - Sync 1 DAGs
[2024-07-12T08:13:47.883+0000] {logging_mixin.py:188} INFO - [2024-07-12T08:13:47.883+0000] {dag.py:3954} INFO - Setting next_dagrun for example_skip_dag to 2024-07-11 00:00:00+00:00, run_after=2024-07-12 00:00:00+00:00
[2024-07-12T08:13:47.900+0000] {processor.py:183} INFO - Processing /home/airflow/.local/lib/python3.12/site-packages/airflow/example_dags/example_skip_dag.py took 0.058 seconds
[2024-07-12T08:14:17.981+0000] {processor.py:161} INFO - Started process (PID=759) to work on /home/airflow/.local/lib/python3.12/site-packages/airflow/example_dags/example_skip_dag.py
[2024-07-12T08:14:17.982+0000] {processor.py:830} INFO - Processing file /home/airflow/.local/lib/python3.12/site-packages/airflow/example_dags/example_skip_dag.py for tasks to queue
[2024-07-12T08:14:17.983+0000] {logging_mixin.py:188} INFO - [2024-07-12T08:14:17.983+0000] {dagbag.py:545} INFO - Filling up the DagBag from /home/airflow/.local/lib/python3.12/site-packages/airflow/example_dags/example_skip_dag.py
[2024-07-12T08:14:17.987+0000] {processor.py:840} INFO - DAG(s) 'example_skip_dag' retrieved from /home/airflow/.local/lib/python3.12/site-packages/airflow/example_dags/example_skip_dag.py
[2024-07-12T08:14:18.000+0000] {logging_mixin.py:188} INFO - [2024-07-12T08:14:18.000+0000] {dag.py:3096} INFO - Sync 1 DAGs
[2024-07-12T08:14:18.013+0000] {logging_mixin.py:188} INFO - [2024-07-12T08:14:18.013+0000] {dag.py:3954} INFO - Setting next_dagrun for example_skip_dag to 2024-07-11 00:00:00+00:00, run_after=2024-07-12 00:00:00+00:00
[2024-07-12T08:14:18.027+0000] {processor.py:183} INFO - Processing /home/airflow/.local/lib/python3.12/site-packages/airflow/example_dags/example_skip_dag.py took 0.050 seconds
[2024-07-12T08:14:48.127+0000] {processor.py:161} INFO - Started process (PID=817) to work on /home/airflow/.local/lib/python3.12/site-packages/airflow/example_dags/example_skip_dag.py
[2024-07-12T08:14:48.128+0000] {processor.py:830} INFO - Processing file /home/airflow/.local/lib/python3.12/site-packages/airflow/example_dags/example_skip_dag.py for tasks to queue
[2024-07-12T08:14:48.129+0000] {logging_mixin.py:188} INFO - [2024-07-12T08:14:48.129+0000] {dagbag.py:545} INFO - Filling up the DagBag from /home/airflow/.local/lib/python3.12/site-packages/airflow/example_dags/example_skip_dag.py
[2024-07-12T08:14:48.134+0000] {processor.py:840} INFO - DAG(s) 'example_skip_dag' retrieved from /home/airflow/.local/lib/python3.12/site-packages/airflow/example_dags/example_skip_dag.py
[2024-07-12T08:14:48.146+0000] {logging_mixin.py:188} INFO - [2024-07-12T08:14:48.146+0000] {dag.py:3096} INFO - Sync 1 DAGs
[2024-07-12T08:14:48.161+0000] {logging_mixin.py:188} INFO - [2024-07-12T08:14:48.161+0000] {dag.py:3954} INFO - Setting next_dagrun for example_skip_dag to 2024-07-11 00:00:00+00:00, run_after=2024-07-12 00:00:00+00:00
[2024-07-12T08:14:48.176+0000] {processor.py:183} INFO - Processing /home/airflow/.local/lib/python3.12/site-packages/airflow/example_dags/example_skip_dag.py took 0.052 seconds
[2024-07-12T08:15:18.346+0000] {processor.py:161} INFO - Started process (PID=875) to work on /home/airflow/.local/lib/python3.12/site-packages/airflow/example_dags/example_skip_dag.py
[2024-07-12T08:15:18.347+0000] {processor.py:830} INFO - Processing file /home/airflow/.local/lib/python3.12/site-packages/airflow/example_dags/example_skip_dag.py for tasks to queue
[2024-07-12T08:15:18.348+0000] {logging_mixin.py:188} INFO - [2024-07-12T08:15:18.348+0000] {dagbag.py:545} INFO - Filling up the DagBag from /home/airflow/.local/lib/python3.12/site-packages/airflow/example_dags/example_skip_dag.py
[2024-07-12T08:15:18.352+0000] {processor.py:840} INFO - DAG(s) 'example_skip_dag' retrieved from /home/airflow/.local/lib/python3.12/site-packages/airflow/example_dags/example_skip_dag.py
[2024-07-12T08:15:18.365+0000] {logging_mixin.py:188} INFO - [2024-07-12T08:15:18.364+0000] {dag.py:3096} INFO - Sync 1 DAGs
[2024-07-12T08:15:18.378+0000] {logging_mixin.py:188} INFO - [2024-07-12T08:15:18.378+0000] {dag.py:3954} INFO - Setting next_dagrun for example_skip_dag to 2024-07-11 00:00:00+00:00, run_after=2024-07-12 00:00:00+00:00
[2024-07-12T08:15:18.391+0000] {processor.py:183} INFO - Processing /home/airflow/.local/lib/python3.12/site-packages/airflow/example_dags/example_skip_dag.py took 0.049 seconds
[2024-07-12T08:15:48.567+0000] {processor.py:161} INFO - Started process (PID=933) to work on /home/airflow/.local/lib/python3.12/site-packages/airflow/example_dags/example_skip_dag.py
[2024-07-12T08:15:48.568+0000] {processor.py:830} INFO - Processing file /home/airflow/.local/lib/python3.12/site-packages/airflow/example_dags/example_skip_dag.py for tasks to queue
[2024-07-12T08:15:48.569+0000] {logging_mixin.py:188} INFO - [2024-07-12T08:15:48.569+0000] {dagbag.py:545} INFO - Filling up the DagBag from /home/airflow/.local/lib/python3.12/site-packages/airflow/example_dags/example_skip_dag.py
[2024-07-12T08:15:48.573+0000] {processor.py:840} INFO - DAG(s) 'example_skip_dag' retrieved from /home/airflow/.local/lib/python3.12/site-packages/airflow/example_dags/example_skip_dag.py
[2024-07-12T08:15:48.585+0000] {logging_mixin.py:188} INFO - [2024-07-12T08:15:48.584+0000] {dag.py:3096} INFO - Sync 1 DAGs
[2024-07-12T08:15:48.597+0000] {logging_mixin.py:188} INFO - [2024-07-12T08:15:48.597+0000] {dag.py:3954} INFO - Setting next_dagrun for example_skip_dag to 2024-07-11 00:00:00+00:00, run_after=2024-07-12 00:00:00+00:00
[2024-07-12T08:15:48.610+0000] {processor.py:183} INFO - Processing /home/airflow/.local/lib/python3.12/site-packages/airflow/example_dags/example_skip_dag.py took 0.047 seconds
[2024-07-12T08:16:19.652+0000] {processor.py:161} INFO - Started process (PID=991) to work on /home/airflow/.local/lib/python3.12/site-packages/airflow/example_dags/example_skip_dag.py
[2024-07-12T08:16:19.652+0000] {processor.py:830} INFO - Processing file /home/airflow/.local/lib/python3.12/site-packages/airflow/example_dags/example_skip_dag.py for tasks to queue
[2024-07-12T08:16:19.654+0000] {logging_mixin.py:188} INFO - [2024-07-12T08:16:19.654+0000] {dagbag.py:545} INFO - Filling up the DagBag from /home/airflow/.local/lib/python3.12/site-packages/airflow/example_dags/example_skip_dag.py
[2024-07-12T08:16:19.658+0000] {processor.py:840} INFO - DAG(s) 'example_skip_dag' retrieved from /home/airflow/.local/lib/python3.12/site-packages/airflow/example_dags/example_skip_dag.py
[2024-07-12T08:16:19.676+0000] {logging_mixin.py:188} INFO - [2024-07-12T08:16:19.676+0000] {dag.py:3096} INFO - Sync 1 DAGs
[2024-07-12T08:16:19.691+0000] {logging_mixin.py:188} INFO - [2024-07-12T08:16:19.690+0000] {dag.py:3954} INFO - Setting next_dagrun for example_skip_dag to 2024-07-11 00:00:00+00:00, run_after=2024-07-12 00:00:00+00:00
[2024-07-12T08:16:19.706+0000] {processor.py:183} INFO - Processing /home/airflow/.local/lib/python3.12/site-packages/airflow/example_dags/example_skip_dag.py took 0.058 seconds
[2024-07-12T08:16:49.952+0000] {processor.py:161} INFO - Started process (PID=1049) to work on /home/airflow/.local/lib/python3.12/site-packages/airflow/example_dags/example_skip_dag.py
[2024-07-12T08:16:49.953+0000] {processor.py:830} INFO - Processing file /home/airflow/.local/lib/python3.12/site-packages/airflow/example_dags/example_skip_dag.py for tasks to queue
[2024-07-12T08:16:49.954+0000] {logging_mixin.py:188} INFO - [2024-07-12T08:16:49.954+0000] {dagbag.py:545} INFO - Filling up the DagBag from /home/airflow/.local/lib/python3.12/site-packages/airflow/example_dags/example_skip_dag.py
[2024-07-12T08:16:49.959+0000] {processor.py:840} INFO - DAG(s) 'example_skip_dag' retrieved from /home/airflow/.local/lib/python3.12/site-packages/airflow/example_dags/example_skip_dag.py
[2024-07-12T08:16:49.972+0000] {logging_mixin.py:188} INFO - [2024-07-12T08:16:49.971+0000] {dag.py:3096} INFO - Sync 1 DAGs
[2024-07-12T08:16:49.985+0000] {logging_mixin.py:188} INFO - [2024-07-12T08:16:49.985+0000] {dag.py:3954} INFO - Setting next_dagrun for example_skip_dag to 2024-07-11 00:00:00+00:00, run_after=2024-07-12 00:00:00+00:00
[2024-07-12T08:16:50.000+0000] {processor.py:183} INFO - Processing /home/airflow/.local/lib/python3.12/site-packages/airflow/example_dags/example_skip_dag.py took 0.052 seconds
[2024-07-12T08:17:20.217+0000] {processor.py:161} INFO - Started process (PID=1107) to work on /home/airflow/.local/lib/python3.12/site-packages/airflow/example_dags/example_skip_dag.py
[2024-07-12T08:17:20.218+0000] {processor.py:830} INFO - Processing file /home/airflow/.local/lib/python3.12/site-packages/airflow/example_dags/example_skip_dag.py for tasks to queue
[2024-07-12T08:17:20.219+0000] {logging_mixin.py:188} INFO - [2024-07-12T08:17:20.219+0000] {dagbag.py:545} INFO - Filling up the DagBag from /home/airflow/.local/lib/python3.12/site-packages/airflow/example_dags/example_skip_dag.py
[2024-07-12T08:17:20.223+0000] {processor.py:840} INFO - DAG(s) 'example_skip_dag' retrieved from /home/airflow/.local/lib/python3.12/site-packages/airflow/example_dags/example_skip_dag.py
[2024-07-12T08:17:20.236+0000] {logging_mixin.py:188} INFO - [2024-07-12T08:17:20.236+0000] {dag.py:3096} INFO - Sync 1 DAGs
[2024-07-12T08:17:20.249+0000] {logging_mixin.py:188} INFO - [2024-07-12T08:17:20.249+0000] {dag.py:3954} INFO - Setting next_dagrun for example_skip_dag to 2024-07-11 00:00:00+00:00, run_after=2024-07-12 00:00:00+00:00
[2024-07-12T08:17:20.262+0000] {processor.py:183} INFO - Processing /home/airflow/.local/lib/python3.12/site-packages/airflow/example_dags/example_skip_dag.py took 0.048 seconds
[2024-07-12T08:17:50.478+0000] {processor.py:161} INFO - Started process (PID=1165) to work on /home/airflow/.local/lib/python3.12/site-packages/airflow/example_dags/example_skip_dag.py
[2024-07-12T08:17:50.479+0000] {processor.py:830} INFO - Processing file /home/airflow/.local/lib/python3.12/site-packages/airflow/example_dags/example_skip_dag.py for tasks to queue
[2024-07-12T08:17:50.480+0000] {logging_mixin.py:188} INFO - [2024-07-12T08:17:50.480+0000] {dagbag.py:545} INFO - Filling up the DagBag from /home/airflow/.local/lib/python3.12/site-packages/airflow/example_dags/example_skip_dag.py
[2024-07-12T08:17:50.484+0000] {processor.py:840} INFO - DAG(s) 'example_skip_dag' retrieved from /home/airflow/.local/lib/python3.12/site-packages/airflow/example_dags/example_skip_dag.py
[2024-07-12T08:17:50.496+0000] {logging_mixin.py:188} INFO - [2024-07-12T08:17:50.496+0000] {dag.py:3096} INFO - Sync 1 DAGs
[2024-07-12T08:17:50.509+0000] {logging_mixin.py:188} INFO - [2024-07-12T08:17:50.508+0000] {dag.py:3954} INFO - Setting next_dagrun for example_skip_dag to 2024-07-11 00:00:00+00:00, run_after=2024-07-12 00:00:00+00:00
[2024-07-12T08:17:50.522+0000] {processor.py:183} INFO - Processing /home/airflow/.local/lib/python3.12/site-packages/airflow/example_dags/example_skip_dag.py took 0.047 seconds
[2024-07-12T08:18:20.791+0000] {processor.py:161} INFO - Started process (PID=1223) to work on /home/airflow/.local/lib/python3.12/site-packages/airflow/example_dags/example_skip_dag.py
[2024-07-12T08:18:20.792+0000] {processor.py:830} INFO - Processing file /home/airflow/.local/lib/python3.12/site-packages/airflow/example_dags/example_skip_dag.py for tasks to queue
[2024-07-12T08:18:20.793+0000] {logging_mixin.py:188} INFO - [2024-07-12T08:18:20.793+0000] {dagbag.py:545} INFO - Filling up the DagBag from /home/airflow/.local/lib/python3.12/site-packages/airflow/example_dags/example_skip_dag.py
[2024-07-12T08:18:20.797+0000] {processor.py:840} INFO - DAG(s) 'example_skip_dag' retrieved from /home/airflow/.local/lib/python3.12/site-packages/airflow/example_dags/example_skip_dag.py
[2024-07-12T08:18:20.809+0000] {logging_mixin.py:188} INFO - [2024-07-12T08:18:20.809+0000] {dag.py:3096} INFO - Sync 1 DAGs
[2024-07-12T08:18:20.822+0000] {logging_mixin.py:188} INFO - [2024-07-12T08:18:20.822+0000] {dag.py:3954} INFO - Setting next_dagrun for example_skip_dag to 2024-07-11 00:00:00+00:00, run_after=2024-07-12 00:00:00+00:00
[2024-07-12T08:18:20.835+0000] {processor.py:183} INFO - Processing /home/airflow/.local/lib/python3.12/site-packages/airflow/example_dags/example_skip_dag.py took 0.048 seconds
[2024-07-12T08:18:51.063+0000] {processor.py:161} INFO - Started process (PID=1281) to work on /home/airflow/.local/lib/python3.12/site-packages/airflow/example_dags/example_skip_dag.py
[2024-07-12T08:18:51.064+0000] {processor.py:830} INFO - Processing file /home/airflow/.local/lib/python3.12/site-packages/airflow/example_dags/example_skip_dag.py for tasks to queue
[2024-07-12T08:18:51.065+0000] {logging_mixin.py:188} INFO - [2024-07-12T08:18:51.065+0000] {dagbag.py:545} INFO - Filling up the DagBag from /home/airflow/.local/lib/python3.12/site-packages/airflow/example_dags/example_skip_dag.py
[2024-07-12T08:18:51.069+0000] {processor.py:840} INFO - DAG(s) 'example_skip_dag' retrieved from /home/airflow/.local/lib/python3.12/site-packages/airflow/example_dags/example_skip_dag.py
[2024-07-12T08:18:51.082+0000] {logging_mixin.py:188} INFO - [2024-07-12T08:18:51.082+0000] {dag.py:3096} INFO - Sync 1 DAGs
[2024-07-12T08:18:51.096+0000] {logging_mixin.py:188} INFO - [2024-07-12T08:18:51.095+0000] {dag.py:3954} INFO - Setting next_dagrun for example_skip_dag to 2024-07-11 00:00:00+00:00, run_after=2024-07-12 00:00:00+00:00
[2024-07-12T08:18:51.109+0000] {processor.py:183} INFO - Processing /home/airflow/.local/lib/python3.12/site-packages/airflow/example_dags/example_skip_dag.py took 0.049 seconds
[2024-07-12T08:19:21.419+0000] {processor.py:161} INFO - Started process (PID=1339) to work on /home/airflow/.local/lib/python3.12/site-packages/airflow/example_dags/example_skip_dag.py
[2024-07-12T08:19:21.419+0000] {processor.py:830} INFO - Processing file /home/airflow/.local/lib/python3.12/site-packages/airflow/example_dags/example_skip_dag.py for tasks to queue
[2024-07-12T08:19:21.420+0000] {logging_mixin.py:188} INFO - [2024-07-12T08:19:21.420+0000] {dagbag.py:545} INFO - Filling up the DagBag from /home/airflow/.local/lib/python3.12/site-packages/airflow/example_dags/example_skip_dag.py
[2024-07-12T08:19:21.425+0000] {processor.py:840} INFO - DAG(s) 'example_skip_dag' retrieved from /home/airflow/.local/lib/python3.12/site-packages/airflow/example_dags/example_skip_dag.py
[2024-07-12T08:19:21.436+0000] {logging_mixin.py:188} INFO - [2024-07-12T08:19:21.436+0000] {dag.py:3096} INFO - Sync 1 DAGs
[2024-07-12T08:19:21.450+0000] {logging_mixin.py:188} INFO - [2024-07-12T08:19:21.450+0000] {dag.py:3954} INFO - Setting next_dagrun for example_skip_dag to 2024-07-11 00:00:00+00:00, run_after=2024-07-12 00:00:00+00:00
[2024-07-12T08:19:21.464+0000] {processor.py:183} INFO - Processing /home/airflow/.local/lib/python3.12/site-packages/airflow/example_dags/example_skip_dag.py took 0.049 seconds
[2024-07-12T08:19:51.507+0000] {processor.py:161} INFO - Started process (PID=1397) to work on /home/airflow/.local/lib/python3.12/site-packages/airflow/example_dags/example_skip_dag.py
[2024-07-12T08:19:51.508+0000] {processor.py:830} INFO - Processing file /home/airflow/.local/lib/python3.12/site-packages/airflow/example_dags/example_skip_dag.py for tasks to queue
[2024-07-12T08:19:51.509+0000] {logging_mixin.py:188} INFO - [2024-07-12T08:19:51.509+0000] {dagbag.py:545} INFO - Filling up the DagBag from /home/airflow/.local/lib/python3.12/site-packages/airflow/example_dags/example_skip_dag.py
[2024-07-12T08:19:51.513+0000] {processor.py:840} INFO - DAG(s) 'example_skip_dag' retrieved from /home/airflow/.local/lib/python3.12/site-packages/airflow/example_dags/example_skip_dag.py
[2024-07-12T08:19:51.525+0000] {logging_mixin.py:188} INFO - [2024-07-12T08:19:51.525+0000] {dag.py:3096} INFO - Sync 1 DAGs
[2024-07-12T08:19:51.540+0000] {logging_mixin.py:188} INFO - [2024-07-12T08:19:51.540+0000] {dag.py:3954} INFO - Setting next_dagrun for example_skip_dag to 2024-07-11 00:00:00+00:00, run_after=2024-07-12 00:00:00+00:00
[2024-07-12T08:19:51.556+0000] {processor.py:183} INFO - Processing /home/airflow/.local/lib/python3.12/site-packages/airflow/example_dags/example_skip_dag.py took 0.053 seconds
[2024-07-12T08:20:21.596+0000] {processor.py:161} INFO - Started process (PID=1454) to work on /home/airflow/.local/lib/python3.12/site-packages/airflow/example_dags/example_skip_dag.py
[2024-07-12T08:20:21.597+0000] {processor.py:830} INFO - Processing file /home/airflow/.local/lib/python3.12/site-packages/airflow/example_dags/example_skip_dag.py for tasks to queue
[2024-07-12T08:20:21.598+0000] {logging_mixin.py:188} INFO - [2024-07-12T08:20:21.598+0000] {dagbag.py:545} INFO - Filling up the DagBag from /home/airflow/.local/lib/python3.12/site-packages/airflow/example_dags/example_skip_dag.py
[2024-07-12T08:20:21.602+0000] {processor.py:840} INFO - DAG(s) 'example_skip_dag' retrieved from /home/airflow/.local/lib/python3.12/site-packages/airflow/example_dags/example_skip_dag.py
[2024-07-12T08:20:21.615+0000] {logging_mixin.py:188} INFO - [2024-07-12T08:20:21.614+0000] {dag.py:3096} INFO - Sync 1 DAGs
[2024-07-12T08:20:21.628+0000] {logging_mixin.py:188} INFO - [2024-07-12T08:20:21.628+0000] {dag.py:3954} INFO - Setting next_dagrun for example_skip_dag to 2024-07-11 00:00:00+00:00, run_after=2024-07-12 00:00:00+00:00
[2024-07-12T08:20:21.642+0000] {processor.py:183} INFO - Processing /home/airflow/.local/lib/python3.12/site-packages/airflow/example_dags/example_skip_dag.py took 0.051 seconds
[2024-07-12T08:22:55.442+0000] {processor.py:161} INFO - Started process (PID=58) to work on /home/airflow/.local/lib/python3.12/site-packages/airflow/example_dags/example_skip_dag.py
[2024-07-12T08:22:55.443+0000] {processor.py:830} INFO - Processing file /home/airflow/.local/lib/python3.12/site-packages/airflow/example_dags/example_skip_dag.py for tasks to queue
[2024-07-12T08:22:55.444+0000] {logging_mixin.py:188} INFO - [2024-07-12T08:22:55.444+0000] {dagbag.py:545} INFO - Filling up the DagBag from /home/airflow/.local/lib/python3.12/site-packages/airflow/example_dags/example_skip_dag.py
[2024-07-12T08:22:55.452+0000] {processor.py:840} INFO - DAG(s) 'example_skip_dag' retrieved from /home/airflow/.local/lib/python3.12/site-packages/airflow/example_dags/example_skip_dag.py
[2024-07-12T08:22:55.458+0000] {logging_mixin.py:188} INFO - [2024-07-12T08:22:55.458+0000] {dag.py:3096} INFO - Sync 1 DAGs
[2024-07-12T08:22:55.474+0000] {logging_mixin.py:188} INFO - [2024-07-12T08:22:55.473+0000] {dag.py:3954} INFO - Setting next_dagrun for example_skip_dag to 2024-07-11 00:00:00+00:00, run_after=2024-07-12 00:00:00+00:00
[2024-07-12T08:22:55.492+0000] {processor.py:183} INFO - Processing /home/airflow/.local/lib/python3.12/site-packages/airflow/example_dags/example_skip_dag.py took 0.054 seconds
[2024-07-12T08:23:25.871+0000] {processor.py:161} INFO - Started process (PID=116) to work on /home/airflow/.local/lib/python3.12/site-packages/airflow/example_dags/example_skip_dag.py
[2024-07-12T08:23:25.871+0000] {processor.py:830} INFO - Processing file /home/airflow/.local/lib/python3.12/site-packages/airflow/example_dags/example_skip_dag.py for tasks to queue
[2024-07-12T08:23:25.873+0000] {logging_mixin.py:188} INFO - [2024-07-12T08:23:25.872+0000] {dagbag.py:545} INFO - Filling up the DagBag from /home/airflow/.local/lib/python3.12/site-packages/airflow/example_dags/example_skip_dag.py
[2024-07-12T08:23:25.877+0000] {processor.py:840} INFO - DAG(s) 'example_skip_dag' retrieved from /home/airflow/.local/lib/python3.12/site-packages/airflow/example_dags/example_skip_dag.py
[2024-07-12T08:23:25.939+0000] {logging_mixin.py:188} INFO - [2024-07-12T08:23:25.939+0000] {dag.py:3096} INFO - Sync 1 DAGs
[2024-07-12T08:23:25.951+0000] {logging_mixin.py:188} INFO - [2024-07-12T08:23:25.951+0000] {dag.py:3954} INFO - Setting next_dagrun for example_skip_dag to 2024-07-11 00:00:00+00:00, run_after=2024-07-12 00:00:00+00:00
[2024-07-12T08:23:25.965+0000] {processor.py:183} INFO - Processing /home/airflow/.local/lib/python3.12/site-packages/airflow/example_dags/example_skip_dag.py took 0.098 seconds
[2024-07-12T08:23:56.143+0000] {processor.py:161} INFO - Started process (PID=174) to work on /home/airflow/.local/lib/python3.12/site-packages/airflow/example_dags/example_skip_dag.py
[2024-07-12T08:23:56.144+0000] {processor.py:830} INFO - Processing file /home/airflow/.local/lib/python3.12/site-packages/airflow/example_dags/example_skip_dag.py for tasks to queue
[2024-07-12T08:23:56.146+0000] {logging_mixin.py:188} INFO - [2024-07-12T08:23:56.145+0000] {dagbag.py:545} INFO - Filling up the DagBag from /home/airflow/.local/lib/python3.12/site-packages/airflow/example_dags/example_skip_dag.py
[2024-07-12T08:23:56.150+0000] {processor.py:840} INFO - DAG(s) 'example_skip_dag' retrieved from /home/airflow/.local/lib/python3.12/site-packages/airflow/example_dags/example_skip_dag.py
[2024-07-12T08:23:56.162+0000] {logging_mixin.py:188} INFO - [2024-07-12T08:23:56.162+0000] {dag.py:3096} INFO - Sync 1 DAGs
[2024-07-12T08:23:56.177+0000] {logging_mixin.py:188} INFO - [2024-07-12T08:23:56.177+0000] {dag.py:3954} INFO - Setting next_dagrun for example_skip_dag to 2024-07-11 00:00:00+00:00, run_after=2024-07-12 00:00:00+00:00
[2024-07-12T08:23:56.192+0000] {processor.py:183} INFO - Processing /home/airflow/.local/lib/python3.12/site-packages/airflow/example_dags/example_skip_dag.py took 0.052 seconds
[2024-07-12T08:24:26.333+0000] {processor.py:161} INFO - Started process (PID=232) to work on /home/airflow/.local/lib/python3.12/site-packages/airflow/example_dags/example_skip_dag.py
[2024-07-12T08:24:26.334+0000] {processor.py:830} INFO - Processing file /home/airflow/.local/lib/python3.12/site-packages/airflow/example_dags/example_skip_dag.py for tasks to queue
[2024-07-12T08:24:26.335+0000] {logging_mixin.py:188} INFO - [2024-07-12T08:24:26.335+0000] {dagbag.py:545} INFO - Filling up the DagBag from /home/airflow/.local/lib/python3.12/site-packages/airflow/example_dags/example_skip_dag.py
[2024-07-12T08:24:26.339+0000] {processor.py:840} INFO - DAG(s) 'example_skip_dag' retrieved from /home/airflow/.local/lib/python3.12/site-packages/airflow/example_dags/example_skip_dag.py
[2024-07-12T08:24:26.352+0000] {logging_mixin.py:188} INFO - [2024-07-12T08:24:26.352+0000] {dag.py:3096} INFO - Sync 1 DAGs
[2024-07-12T08:24:26.366+0000] {logging_mixin.py:188} INFO - [2024-07-12T08:24:26.366+0000] {dag.py:3954} INFO - Setting next_dagrun for example_skip_dag to 2024-07-11 00:00:00+00:00, run_after=2024-07-12 00:00:00+00:00
[2024-07-12T08:24:26.381+0000] {processor.py:183} INFO - Processing /home/airflow/.local/lib/python3.12/site-packages/airflow/example_dags/example_skip_dag.py took 0.052 seconds
[2024-07-12T08:24:56.568+0000] {processor.py:161} INFO - Started process (PID=290) to work on /home/airflow/.local/lib/python3.12/site-packages/airflow/example_dags/example_skip_dag.py
[2024-07-12T08:24:56.569+0000] {processor.py:830} INFO - Processing file /home/airflow/.local/lib/python3.12/site-packages/airflow/example_dags/example_skip_dag.py for tasks to queue
[2024-07-12T08:24:56.570+0000] {logging_mixin.py:188} INFO - [2024-07-12T08:24:56.570+0000] {dagbag.py:545} INFO - Filling up the DagBag from /home/airflow/.local/lib/python3.12/site-packages/airflow/example_dags/example_skip_dag.py
[2024-07-12T08:24:56.575+0000] {processor.py:840} INFO - DAG(s) 'example_skip_dag' retrieved from /home/airflow/.local/lib/python3.12/site-packages/airflow/example_dags/example_skip_dag.py
[2024-07-12T08:24:56.586+0000] {logging_mixin.py:188} INFO - [2024-07-12T08:24:56.586+0000] {dag.py:3096} INFO - Sync 1 DAGs
[2024-07-12T08:24:56.599+0000] {logging_mixin.py:188} INFO - [2024-07-12T08:24:56.599+0000] {dag.py:3954} INFO - Setting next_dagrun for example_skip_dag to 2024-07-11 00:00:00+00:00, run_after=2024-07-12 00:00:00+00:00
[2024-07-12T08:24:56.612+0000] {processor.py:183} INFO - Processing /home/airflow/.local/lib/python3.12/site-packages/airflow/example_dags/example_skip_dag.py took 0.048 seconds
[2024-07-12T08:25:26.764+0000] {processor.py:161} INFO - Started process (PID=348) to work on /home/airflow/.local/lib/python3.12/site-packages/airflow/example_dags/example_skip_dag.py
[2024-07-12T08:25:26.765+0000] {processor.py:830} INFO - Processing file /home/airflow/.local/lib/python3.12/site-packages/airflow/example_dags/example_skip_dag.py for tasks to queue
[2024-07-12T08:25:26.767+0000] {logging_mixin.py:188} INFO - [2024-07-12T08:25:26.767+0000] {dagbag.py:545} INFO - Filling up the DagBag from /home/airflow/.local/lib/python3.12/site-packages/airflow/example_dags/example_skip_dag.py
[2024-07-12T08:25:26.771+0000] {processor.py:840} INFO - DAG(s) 'example_skip_dag' retrieved from /home/airflow/.local/lib/python3.12/site-packages/airflow/example_dags/example_skip_dag.py
[2024-07-12T08:25:26.783+0000] {logging_mixin.py:188} INFO - [2024-07-12T08:25:26.783+0000] {dag.py:3096} INFO - Sync 1 DAGs
[2024-07-12T08:25:26.797+0000] {logging_mixin.py:188} INFO - [2024-07-12T08:25:26.796+0000] {dag.py:3954} INFO - Setting next_dagrun for example_skip_dag to 2024-07-11 00:00:00+00:00, run_after=2024-07-12 00:00:00+00:00
[2024-07-12T08:25:26.810+0000] {processor.py:183} INFO - Processing /home/airflow/.local/lib/python3.12/site-packages/airflow/example_dags/example_skip_dag.py took 0.050 seconds
[2024-07-12T08:25:56.850+0000] {processor.py:161} INFO - Started process (PID=405) to work on /home/airflow/.local/lib/python3.12/site-packages/airflow/example_dags/example_skip_dag.py
[2024-07-12T08:25:56.851+0000] {processor.py:830} INFO - Processing file /home/airflow/.local/lib/python3.12/site-packages/airflow/example_dags/example_skip_dag.py for tasks to queue
[2024-07-12T08:25:56.852+0000] {logging_mixin.py:188} INFO - [2024-07-12T08:25:56.852+0000] {dagbag.py:545} INFO - Filling up the DagBag from /home/airflow/.local/lib/python3.12/site-packages/airflow/example_dags/example_skip_dag.py
[2024-07-12T08:25:56.856+0000] {processor.py:840} INFO - DAG(s) 'example_skip_dag' retrieved from /home/airflow/.local/lib/python3.12/site-packages/airflow/example_dags/example_skip_dag.py
[2024-07-12T08:25:56.868+0000] {logging_mixin.py:188} INFO - [2024-07-12T08:25:56.868+0000] {dag.py:3096} INFO - Sync 1 DAGs
[2024-07-12T08:25:56.882+0000] {logging_mixin.py:188} INFO - [2024-07-12T08:25:56.882+0000] {dag.py:3954} INFO - Setting next_dagrun for example_skip_dag to 2024-07-11 00:00:00+00:00, run_after=2024-07-12 00:00:00+00:00
[2024-07-12T08:25:56.897+0000] {processor.py:183} INFO - Processing /home/airflow/.local/lib/python3.12/site-packages/airflow/example_dags/example_skip_dag.py took 0.051 seconds
[2024-07-12T08:27:24.621+0000] {processor.py:161} INFO - Started process (PID=58) to work on /home/airflow/.local/lib/python3.12/site-packages/airflow/example_dags/example_skip_dag.py
[2024-07-12T08:27:24.622+0000] {processor.py:830} INFO - Processing file /home/airflow/.local/lib/python3.12/site-packages/airflow/example_dags/example_skip_dag.py for tasks to queue
[2024-07-12T08:27:24.624+0000] {logging_mixin.py:188} INFO - [2024-07-12T08:27:24.623+0000] {dagbag.py:545} INFO - Filling up the DagBag from /home/airflow/.local/lib/python3.12/site-packages/airflow/example_dags/example_skip_dag.py
[2024-07-12T08:27:24.631+0000] {processor.py:840} INFO - DAG(s) 'example_skip_dag' retrieved from /home/airflow/.local/lib/python3.12/site-packages/airflow/example_dags/example_skip_dag.py
[2024-07-12T08:27:24.637+0000] {logging_mixin.py:188} INFO - [2024-07-12T08:27:24.637+0000] {dag.py:3096} INFO - Sync 1 DAGs
[2024-07-12T08:27:24.654+0000] {logging_mixin.py:188} INFO - [2024-07-12T08:27:24.654+0000] {dag.py:3954} INFO - Setting next_dagrun for example_skip_dag to 2024-07-11 00:00:00+00:00, run_after=2024-07-12 00:00:00+00:00
[2024-07-12T08:27:24.677+0000] {processor.py:183} INFO - Processing /home/airflow/.local/lib/python3.12/site-packages/airflow/example_dags/example_skip_dag.py took 0.060 seconds
[2024-07-12T08:27:55.467+0000] {processor.py:161} INFO - Started process (PID=116) to work on /home/airflow/.local/lib/python3.12/site-packages/airflow/example_dags/example_skip_dag.py
[2024-07-12T08:27:55.467+0000] {processor.py:830} INFO - Processing file /home/airflow/.local/lib/python3.12/site-packages/airflow/example_dags/example_skip_dag.py for tasks to queue
[2024-07-12T08:27:55.469+0000] {logging_mixin.py:188} INFO - [2024-07-12T08:27:55.468+0000] {dagbag.py:545} INFO - Filling up the DagBag from /home/airflow/.local/lib/python3.12/site-packages/airflow/example_dags/example_skip_dag.py
[2024-07-12T08:27:55.473+0000] {processor.py:840} INFO - DAG(s) 'example_skip_dag' retrieved from /home/airflow/.local/lib/python3.12/site-packages/airflow/example_dags/example_skip_dag.py
[2024-07-12T08:27:55.479+0000] {logging_mixin.py:188} INFO - [2024-07-12T08:27:55.478+0000] {dag.py:3096} INFO - Sync 1 DAGs
[2024-07-12T08:27:55.493+0000] {logging_mixin.py:188} INFO - [2024-07-12T08:27:55.493+0000] {dag.py:3954} INFO - Setting next_dagrun for example_skip_dag to 2024-07-11 00:00:00+00:00, run_after=2024-07-12 00:00:00+00:00
[2024-07-12T08:27:55.508+0000] {processor.py:183} INFO - Processing /home/airflow/.local/lib/python3.12/site-packages/airflow/example_dags/example_skip_dag.py took 0.045 seconds
[2024-07-12T08:29:02.666+0000] {processor.py:161} INFO - Started process (PID=58) to work on /home/airflow/.local/lib/python3.12/site-packages/airflow/example_dags/example_skip_dag.py
[2024-07-12T08:29:02.667+0000] {processor.py:830} INFO - Processing file /home/airflow/.local/lib/python3.12/site-packages/airflow/example_dags/example_skip_dag.py for tasks to queue
[2024-07-12T08:29:02.668+0000] {logging_mixin.py:188} INFO - [2024-07-12T08:29:02.668+0000] {dagbag.py:545} INFO - Filling up the DagBag from /home/airflow/.local/lib/python3.12/site-packages/airflow/example_dags/example_skip_dag.py
[2024-07-12T08:29:02.674+0000] {processor.py:840} INFO - DAG(s) 'example_skip_dag' retrieved from /home/airflow/.local/lib/python3.12/site-packages/airflow/example_dags/example_skip_dag.py
[2024-07-12T08:29:02.681+0000] {logging_mixin.py:188} INFO - [2024-07-12T08:29:02.681+0000] {dag.py:3096} INFO - Sync 1 DAGs
[2024-07-12T08:29:02.696+0000] {logging_mixin.py:188} INFO - [2024-07-12T08:29:02.696+0000] {dag.py:3954} INFO - Setting next_dagrun for example_skip_dag to 2024-07-11 00:00:00+00:00, run_after=2024-07-12 00:00:00+00:00
[2024-07-12T08:29:02.712+0000] {processor.py:183} INFO - Processing /home/airflow/.local/lib/python3.12/site-packages/airflow/example_dags/example_skip_dag.py took 0.050 seconds
[2024-07-12T08:29:33.062+0000] {processor.py:161} INFO - Started process (PID=116) to work on /home/airflow/.local/lib/python3.12/site-packages/airflow/example_dags/example_skip_dag.py
[2024-07-12T08:29:33.063+0000] {processor.py:830} INFO - Processing file /home/airflow/.local/lib/python3.12/site-packages/airflow/example_dags/example_skip_dag.py for tasks to queue
[2024-07-12T08:29:33.064+0000] {logging_mixin.py:188} INFO - [2024-07-12T08:29:33.064+0000] {dagbag.py:545} INFO - Filling up the DagBag from /home/airflow/.local/lib/python3.12/site-packages/airflow/example_dags/example_skip_dag.py
[2024-07-12T08:29:33.068+0000] {processor.py:840} INFO - DAG(s) 'example_skip_dag' retrieved from /home/airflow/.local/lib/python3.12/site-packages/airflow/example_dags/example_skip_dag.py
[2024-07-12T08:29:33.133+0000] {logging_mixin.py:188} INFO - [2024-07-12T08:29:33.133+0000] {dag.py:3096} INFO - Sync 1 DAGs
[2024-07-12T08:29:33.146+0000] {logging_mixin.py:188} INFO - [2024-07-12T08:29:33.146+0000] {dag.py:3954} INFO - Setting next_dagrun for example_skip_dag to 2024-07-11 00:00:00+00:00, run_after=2024-07-12 00:00:00+00:00
[2024-07-12T08:29:33.163+0000] {processor.py:183} INFO - Processing /home/airflow/.local/lib/python3.12/site-packages/airflow/example_dags/example_skip_dag.py took 0.104 seconds
[2024-07-12T08:30:04.122+0000] {processor.py:161} INFO - Started process (PID=174) to work on /home/airflow/.local/lib/python3.12/site-packages/airflow/example_dags/example_skip_dag.py
[2024-07-12T08:30:04.123+0000] {processor.py:830} INFO - Processing file /home/airflow/.local/lib/python3.12/site-packages/airflow/example_dags/example_skip_dag.py for tasks to queue
[2024-07-12T08:30:04.124+0000] {logging_mixin.py:188} INFO - [2024-07-12T08:30:04.124+0000] {dagbag.py:545} INFO - Filling up the DagBag from /home/airflow/.local/lib/python3.12/site-packages/airflow/example_dags/example_skip_dag.py
[2024-07-12T08:30:04.128+0000] {processor.py:840} INFO - DAG(s) 'example_skip_dag' retrieved from /home/airflow/.local/lib/python3.12/site-packages/airflow/example_dags/example_skip_dag.py
[2024-07-12T08:30:04.140+0000] {logging_mixin.py:188} INFO - [2024-07-12T08:30:04.139+0000] {dag.py:3096} INFO - Sync 1 DAGs
[2024-07-12T08:30:04.153+0000] {logging_mixin.py:188} INFO - [2024-07-12T08:30:04.153+0000] {dag.py:3954} INFO - Setting next_dagrun for example_skip_dag to 2024-07-11 00:00:00+00:00, run_after=2024-07-12 00:00:00+00:00
[2024-07-12T08:30:04.168+0000] {processor.py:183} INFO - Processing /home/airflow/.local/lib/python3.12/site-packages/airflow/example_dags/example_skip_dag.py took 0.050 seconds
[2024-07-12T08:30:34.215+0000] {processor.py:161} INFO - Started process (PID=232) to work on /home/airflow/.local/lib/python3.12/site-packages/airflow/example_dags/example_skip_dag.py
[2024-07-12T08:30:34.216+0000] {processor.py:830} INFO - Processing file /home/airflow/.local/lib/python3.12/site-packages/airflow/example_dags/example_skip_dag.py for tasks to queue
[2024-07-12T08:30:34.217+0000] {logging_mixin.py:188} INFO - [2024-07-12T08:30:34.217+0000] {dagbag.py:545} INFO - Filling up the DagBag from /home/airflow/.local/lib/python3.12/site-packages/airflow/example_dags/example_skip_dag.py
[2024-07-12T08:30:34.221+0000] {processor.py:840} INFO - DAG(s) 'example_skip_dag' retrieved from /home/airflow/.local/lib/python3.12/site-packages/airflow/example_dags/example_skip_dag.py
[2024-07-12T08:30:34.234+0000] {logging_mixin.py:188} INFO - [2024-07-12T08:30:34.234+0000] {dag.py:3096} INFO - Sync 1 DAGs
[2024-07-12T08:30:34.248+0000] {logging_mixin.py:188} INFO - [2024-07-12T08:30:34.247+0000] {dag.py:3954} INFO - Setting next_dagrun for example_skip_dag to 2024-07-11 00:00:00+00:00, run_after=2024-07-12 00:00:00+00:00
[2024-07-12T08:30:34.263+0000] {processor.py:183} INFO - Processing /home/airflow/.local/lib/python3.12/site-packages/airflow/example_dags/example_skip_dag.py took 0.051 seconds
[2024-07-12T08:31:04.392+0000] {processor.py:161} INFO - Started process (PID=290) to work on /home/airflow/.local/lib/python3.12/site-packages/airflow/example_dags/example_skip_dag.py
[2024-07-12T08:31:04.392+0000] {processor.py:830} INFO - Processing file /home/airflow/.local/lib/python3.12/site-packages/airflow/example_dags/example_skip_dag.py for tasks to queue
[2024-07-12T08:31:04.393+0000] {logging_mixin.py:188} INFO - [2024-07-12T08:31:04.393+0000] {dagbag.py:545} INFO - Filling up the DagBag from /home/airflow/.local/lib/python3.12/site-packages/airflow/example_dags/example_skip_dag.py
[2024-07-12T08:31:04.397+0000] {processor.py:840} INFO - DAG(s) 'example_skip_dag' retrieved from /home/airflow/.local/lib/python3.12/site-packages/airflow/example_dags/example_skip_dag.py
[2024-07-12T08:31:04.409+0000] {logging_mixin.py:188} INFO - [2024-07-12T08:31:04.409+0000] {dag.py:3096} INFO - Sync 1 DAGs
[2024-07-12T08:31:04.422+0000] {logging_mixin.py:188} INFO - [2024-07-12T08:31:04.421+0000] {dag.py:3954} INFO - Setting next_dagrun for example_skip_dag to 2024-07-11 00:00:00+00:00, run_after=2024-07-12 00:00:00+00:00
[2024-07-12T08:31:04.435+0000] {processor.py:183} INFO - Processing /home/airflow/.local/lib/python3.12/site-packages/airflow/example_dags/example_skip_dag.py took 0.047 seconds
[2024-07-12T08:31:34.776+0000] {processor.py:161} INFO - Started process (PID=348) to work on /home/airflow/.local/lib/python3.12/site-packages/airflow/example_dags/example_skip_dag.py
[2024-07-12T08:31:34.777+0000] {processor.py:830} INFO - Processing file /home/airflow/.local/lib/python3.12/site-packages/airflow/example_dags/example_skip_dag.py for tasks to queue
[2024-07-12T08:31:34.778+0000] {logging_mixin.py:188} INFO - [2024-07-12T08:31:34.778+0000] {dagbag.py:545} INFO - Filling up the DagBag from /home/airflow/.local/lib/python3.12/site-packages/airflow/example_dags/example_skip_dag.py
[2024-07-12T08:31:34.782+0000] {processor.py:840} INFO - DAG(s) 'example_skip_dag' retrieved from /home/airflow/.local/lib/python3.12/site-packages/airflow/example_dags/example_skip_dag.py
[2024-07-12T08:31:34.795+0000] {logging_mixin.py:188} INFO - [2024-07-12T08:31:34.794+0000] {dag.py:3096} INFO - Sync 1 DAGs
[2024-07-12T08:31:34.808+0000] {logging_mixin.py:188} INFO - [2024-07-12T08:31:34.808+0000] {dag.py:3954} INFO - Setting next_dagrun for example_skip_dag to 2024-07-11 00:00:00+00:00, run_after=2024-07-12 00:00:00+00:00
[2024-07-12T08:31:34.824+0000] {processor.py:183} INFO - Processing /home/airflow/.local/lib/python3.12/site-packages/airflow/example_dags/example_skip_dag.py took 0.051 seconds
[2024-07-12T08:32:04.947+0000] {processor.py:161} INFO - Started process (PID=406) to work on /home/airflow/.local/lib/python3.12/site-packages/airflow/example_dags/example_skip_dag.py
[2024-07-12T08:32:04.947+0000] {processor.py:830} INFO - Processing file /home/airflow/.local/lib/python3.12/site-packages/airflow/example_dags/example_skip_dag.py for tasks to queue
[2024-07-12T08:32:04.949+0000] {logging_mixin.py:188} INFO - [2024-07-12T08:32:04.948+0000] {dagbag.py:545} INFO - Filling up the DagBag from /home/airflow/.local/lib/python3.12/site-packages/airflow/example_dags/example_skip_dag.py
[2024-07-12T08:32:04.953+0000] {processor.py:840} INFO - DAG(s) 'example_skip_dag' retrieved from /home/airflow/.local/lib/python3.12/site-packages/airflow/example_dags/example_skip_dag.py
[2024-07-12T08:32:04.964+0000] {logging_mixin.py:188} INFO - [2024-07-12T08:32:04.963+0000] {dag.py:3096} INFO - Sync 1 DAGs
[2024-07-12T08:32:04.976+0000] {logging_mixin.py:188} INFO - [2024-07-12T08:32:04.976+0000] {dag.py:3954} INFO - Setting next_dagrun for example_skip_dag to 2024-07-11 00:00:00+00:00, run_after=2024-07-12 00:00:00+00:00
[2024-07-12T08:32:04.988+0000] {processor.py:183} INFO - Processing /home/airflow/.local/lib/python3.12/site-packages/airflow/example_dags/example_skip_dag.py took 0.046 seconds
[2024-07-12T08:32:35.123+0000] {processor.py:161} INFO - Started process (PID=464) to work on /home/airflow/.local/lib/python3.12/site-packages/airflow/example_dags/example_skip_dag.py
[2024-07-12T08:32:35.124+0000] {processor.py:830} INFO - Processing file /home/airflow/.local/lib/python3.12/site-packages/airflow/example_dags/example_skip_dag.py for tasks to queue
[2024-07-12T08:32:35.125+0000] {logging_mixin.py:188} INFO - [2024-07-12T08:32:35.125+0000] {dagbag.py:545} INFO - Filling up the DagBag from /home/airflow/.local/lib/python3.12/site-packages/airflow/example_dags/example_skip_dag.py
[2024-07-12T08:32:35.129+0000] {processor.py:840} INFO - DAG(s) 'example_skip_dag' retrieved from /home/airflow/.local/lib/python3.12/site-packages/airflow/example_dags/example_skip_dag.py
[2024-07-12T08:32:35.141+0000] {logging_mixin.py:188} INFO - [2024-07-12T08:32:35.141+0000] {dag.py:3096} INFO - Sync 1 DAGs
[2024-07-12T08:32:35.154+0000] {logging_mixin.py:188} INFO - [2024-07-12T08:32:35.153+0000] {dag.py:3954} INFO - Setting next_dagrun for example_skip_dag to 2024-07-11 00:00:00+00:00, run_after=2024-07-12 00:00:00+00:00
[2024-07-12T08:32:35.166+0000] {processor.py:183} INFO - Processing /home/airflow/.local/lib/python3.12/site-packages/airflow/example_dags/example_skip_dag.py took 0.046 seconds
[2024-07-12T08:33:05.425+0000] {processor.py:161} INFO - Started process (PID=522) to work on /home/airflow/.local/lib/python3.12/site-packages/airflow/example_dags/example_skip_dag.py
[2024-07-12T08:33:05.426+0000] {processor.py:830} INFO - Processing file /home/airflow/.local/lib/python3.12/site-packages/airflow/example_dags/example_skip_dag.py for tasks to queue
[2024-07-12T08:33:05.427+0000] {logging_mixin.py:188} INFO - [2024-07-12T08:33:05.427+0000] {dagbag.py:545} INFO - Filling up the DagBag from /home/airflow/.local/lib/python3.12/site-packages/airflow/example_dags/example_skip_dag.py
[2024-07-12T08:33:05.431+0000] {processor.py:840} INFO - DAG(s) 'example_skip_dag' retrieved from /home/airflow/.local/lib/python3.12/site-packages/airflow/example_dags/example_skip_dag.py
[2024-07-12T08:33:05.442+0000] {logging_mixin.py:188} INFO - [2024-07-12T08:33:05.442+0000] {dag.py:3096} INFO - Sync 1 DAGs
[2024-07-12T08:33:05.455+0000] {logging_mixin.py:188} INFO - [2024-07-12T08:33:05.455+0000] {dag.py:3954} INFO - Setting next_dagrun for example_skip_dag to 2024-07-11 00:00:00+00:00, run_after=2024-07-12 00:00:00+00:00
[2024-07-12T08:33:05.467+0000] {processor.py:183} INFO - Processing /home/airflow/.local/lib/python3.12/site-packages/airflow/example_dags/example_skip_dag.py took 0.045 seconds
[2024-07-12T08:33:35.655+0000] {processor.py:161} INFO - Started process (PID=580) to work on /home/airflow/.local/lib/python3.12/site-packages/airflow/example_dags/example_skip_dag.py
[2024-07-12T08:33:35.656+0000] {processor.py:830} INFO - Processing file /home/airflow/.local/lib/python3.12/site-packages/airflow/example_dags/example_skip_dag.py for tasks to queue
[2024-07-12T08:33:35.657+0000] {logging_mixin.py:188} INFO - [2024-07-12T08:33:35.657+0000] {dagbag.py:545} INFO - Filling up the DagBag from /home/airflow/.local/lib/python3.12/site-packages/airflow/example_dags/example_skip_dag.py
[2024-07-12T08:33:35.661+0000] {processor.py:840} INFO - DAG(s) 'example_skip_dag' retrieved from /home/airflow/.local/lib/python3.12/site-packages/airflow/example_dags/example_skip_dag.py
[2024-07-12T08:33:35.673+0000] {logging_mixin.py:188} INFO - [2024-07-12T08:33:35.673+0000] {dag.py:3096} INFO - Sync 1 DAGs
[2024-07-12T08:33:35.687+0000] {logging_mixin.py:188} INFO - [2024-07-12T08:33:35.686+0000] {dag.py:3954} INFO - Setting next_dagrun for example_skip_dag to 2024-07-11 00:00:00+00:00, run_after=2024-07-12 00:00:00+00:00
[2024-07-12T08:33:35.700+0000] {processor.py:183} INFO - Processing /home/airflow/.local/lib/python3.12/site-packages/airflow/example_dags/example_skip_dag.py took 0.049 seconds
[2024-07-12T08:34:05.822+0000] {processor.py:161} INFO - Started process (PID=638) to work on /home/airflow/.local/lib/python3.12/site-packages/airflow/example_dags/example_skip_dag.py
[2024-07-12T08:34:05.823+0000] {processor.py:830} INFO - Processing file /home/airflow/.local/lib/python3.12/site-packages/airflow/example_dags/example_skip_dag.py for tasks to queue
[2024-07-12T08:34:05.824+0000] {logging_mixin.py:188} INFO - [2024-07-12T08:34:05.824+0000] {dagbag.py:545} INFO - Filling up the DagBag from /home/airflow/.local/lib/python3.12/site-packages/airflow/example_dags/example_skip_dag.py
[2024-07-12T08:34:05.829+0000] {processor.py:840} INFO - DAG(s) 'example_skip_dag' retrieved from /home/airflow/.local/lib/python3.12/site-packages/airflow/example_dags/example_skip_dag.py
[2024-07-12T08:34:05.841+0000] {logging_mixin.py:188} INFO - [2024-07-12T08:34:05.841+0000] {dag.py:3096} INFO - Sync 1 DAGs
[2024-07-12T08:34:05.855+0000] {logging_mixin.py:188} INFO - [2024-07-12T08:34:05.855+0000] {dag.py:3954} INFO - Setting next_dagrun for example_skip_dag to 2024-07-11 00:00:00+00:00, run_after=2024-07-12 00:00:00+00:00
[2024-07-12T08:34:05.870+0000] {processor.py:183} INFO - Processing /home/airflow/.local/lib/python3.12/site-packages/airflow/example_dags/example_skip_dag.py took 0.052 seconds
[2024-07-12T08:34:35.982+0000] {processor.py:161} INFO - Started process (PID=696) to work on /home/airflow/.local/lib/python3.12/site-packages/airflow/example_dags/example_skip_dag.py
[2024-07-12T08:34:35.983+0000] {processor.py:830} INFO - Processing file /home/airflow/.local/lib/python3.12/site-packages/airflow/example_dags/example_skip_dag.py for tasks to queue
[2024-07-12T08:34:35.984+0000] {logging_mixin.py:188} INFO - [2024-07-12T08:34:35.984+0000] {dagbag.py:545} INFO - Filling up the DagBag from /home/airflow/.local/lib/python3.12/site-packages/airflow/example_dags/example_skip_dag.py
[2024-07-12T08:34:35.988+0000] {processor.py:840} INFO - DAG(s) 'example_skip_dag' retrieved from /home/airflow/.local/lib/python3.12/site-packages/airflow/example_dags/example_skip_dag.py
[2024-07-12T08:34:36.000+0000] {logging_mixin.py:188} INFO - [2024-07-12T08:34:36.000+0000] {dag.py:3096} INFO - Sync 1 DAGs
[2024-07-12T08:34:36.012+0000] {logging_mixin.py:188} INFO - [2024-07-12T08:34:36.012+0000] {dag.py:3954} INFO - Setting next_dagrun for example_skip_dag to 2024-07-11 00:00:00+00:00, run_after=2024-07-12 00:00:00+00:00
[2024-07-12T08:34:36.027+0000] {processor.py:183} INFO - Processing /home/airflow/.local/lib/python3.12/site-packages/airflow/example_dags/example_skip_dag.py took 0.048 seconds
[2024-07-12T08:35:07.056+0000] {processor.py:161} INFO - Started process (PID=754) to work on /home/airflow/.local/lib/python3.12/site-packages/airflow/example_dags/example_skip_dag.py
[2024-07-12T08:35:07.057+0000] {processor.py:830} INFO - Processing file /home/airflow/.local/lib/python3.12/site-packages/airflow/example_dags/example_skip_dag.py for tasks to queue
[2024-07-12T08:35:07.058+0000] {logging_mixin.py:188} INFO - [2024-07-12T08:35:07.058+0000] {dagbag.py:545} INFO - Filling up the DagBag from /home/airflow/.local/lib/python3.12/site-packages/airflow/example_dags/example_skip_dag.py
[2024-07-12T08:35:07.062+0000] {processor.py:840} INFO - DAG(s) 'example_skip_dag' retrieved from /home/airflow/.local/lib/python3.12/site-packages/airflow/example_dags/example_skip_dag.py
[2024-07-12T08:35:07.074+0000] {logging_mixin.py:188} INFO - [2024-07-12T08:35:07.074+0000] {dag.py:3096} INFO - Sync 1 DAGs
[2024-07-12T08:35:07.087+0000] {logging_mixin.py:188} INFO - [2024-07-12T08:35:07.087+0000] {dag.py:3954} INFO - Setting next_dagrun for example_skip_dag to 2024-07-11 00:00:00+00:00, run_after=2024-07-12 00:00:00+00:00
[2024-07-12T08:35:07.100+0000] {processor.py:183} INFO - Processing /home/airflow/.local/lib/python3.12/site-packages/airflow/example_dags/example_skip_dag.py took 0.048 seconds
[2024-07-12T08:35:37.152+0000] {processor.py:161} INFO - Started process (PID=812) to work on /home/airflow/.local/lib/python3.12/site-packages/airflow/example_dags/example_skip_dag.py
[2024-07-12T08:35:37.153+0000] {processor.py:830} INFO - Processing file /home/airflow/.local/lib/python3.12/site-packages/airflow/example_dags/example_skip_dag.py for tasks to queue
[2024-07-12T08:35:37.154+0000] {logging_mixin.py:188} INFO - [2024-07-12T08:35:37.154+0000] {dagbag.py:545} INFO - Filling up the DagBag from /home/airflow/.local/lib/python3.12/site-packages/airflow/example_dags/example_skip_dag.py
[2024-07-12T08:35:37.158+0000] {processor.py:840} INFO - DAG(s) 'example_skip_dag' retrieved from /home/airflow/.local/lib/python3.12/site-packages/airflow/example_dags/example_skip_dag.py
[2024-07-12T08:35:37.170+0000] {logging_mixin.py:188} INFO - [2024-07-12T08:35:37.170+0000] {dag.py:3096} INFO - Sync 1 DAGs
[2024-07-12T08:35:37.183+0000] {logging_mixin.py:188} INFO - [2024-07-12T08:35:37.183+0000] {dag.py:3954} INFO - Setting next_dagrun for example_skip_dag to 2024-07-11 00:00:00+00:00, run_after=2024-07-12 00:00:00+00:00
[2024-07-12T08:35:37.197+0000] {processor.py:183} INFO - Processing /home/airflow/.local/lib/python3.12/site-packages/airflow/example_dags/example_skip_dag.py took 0.048 seconds
[2024-07-12T08:36:07.465+0000] {processor.py:161} INFO - Started process (PID=869) to work on /home/airflow/.local/lib/python3.12/site-packages/airflow/example_dags/example_skip_dag.py
[2024-07-12T08:36:07.466+0000] {processor.py:830} INFO - Processing file /home/airflow/.local/lib/python3.12/site-packages/airflow/example_dags/example_skip_dag.py for tasks to queue
[2024-07-12T08:36:07.467+0000] {logging_mixin.py:188} INFO - [2024-07-12T08:36:07.467+0000] {dagbag.py:545} INFO - Filling up the DagBag from /home/airflow/.local/lib/python3.12/site-packages/airflow/example_dags/example_skip_dag.py
[2024-07-12T08:36:07.471+0000] {processor.py:840} INFO - DAG(s) 'example_skip_dag' retrieved from /home/airflow/.local/lib/python3.12/site-packages/airflow/example_dags/example_skip_dag.py
[2024-07-12T08:36:07.482+0000] {logging_mixin.py:188} INFO - [2024-07-12T08:36:07.482+0000] {dag.py:3096} INFO - Sync 1 DAGs
[2024-07-12T08:36:07.496+0000] {logging_mixin.py:188} INFO - [2024-07-12T08:36:07.496+0000] {dag.py:3954} INFO - Setting next_dagrun for example_skip_dag to 2024-07-11 00:00:00+00:00, run_after=2024-07-12 00:00:00+00:00
[2024-07-12T08:36:07.510+0000] {processor.py:183} INFO - Processing /home/airflow/.local/lib/python3.12/site-packages/airflow/example_dags/example_skip_dag.py took 0.048 seconds
[2024-07-12T08:36:37.651+0000] {processor.py:161} INFO - Started process (PID=927) to work on /home/airflow/.local/lib/python3.12/site-packages/airflow/example_dags/example_skip_dag.py
[2024-07-12T08:36:37.652+0000] {processor.py:830} INFO - Processing file /home/airflow/.local/lib/python3.12/site-packages/airflow/example_dags/example_skip_dag.py for tasks to queue
[2024-07-12T08:36:37.654+0000] {logging_mixin.py:188} INFO - [2024-07-12T08:36:37.653+0000] {dagbag.py:545} INFO - Filling up the DagBag from /home/airflow/.local/lib/python3.12/site-packages/airflow/example_dags/example_skip_dag.py
[2024-07-12T08:36:37.658+0000] {processor.py:840} INFO - DAG(s) 'example_skip_dag' retrieved from /home/airflow/.local/lib/python3.12/site-packages/airflow/example_dags/example_skip_dag.py
[2024-07-12T08:36:37.670+0000] {logging_mixin.py:188} INFO - [2024-07-12T08:36:37.670+0000] {dag.py:3096} INFO - Sync 1 DAGs
[2024-07-12T08:36:37.684+0000] {logging_mixin.py:188} INFO - [2024-07-12T08:36:37.684+0000] {dag.py:3954} INFO - Setting next_dagrun for example_skip_dag to 2024-07-11 00:00:00+00:00, run_after=2024-07-12 00:00:00+00:00
[2024-07-12T08:36:37.699+0000] {processor.py:183} INFO - Processing /home/airflow/.local/lib/python3.12/site-packages/airflow/example_dags/example_skip_dag.py took 0.052 seconds
[2024-07-12T08:37:08.307+0000] {processor.py:161} INFO - Started process (PID=985) to work on /home/airflow/.local/lib/python3.12/site-packages/airflow/example_dags/example_skip_dag.py
[2024-07-12T08:37:08.308+0000] {processor.py:830} INFO - Processing file /home/airflow/.local/lib/python3.12/site-packages/airflow/example_dags/example_skip_dag.py for tasks to queue
[2024-07-12T08:37:08.309+0000] {logging_mixin.py:188} INFO - [2024-07-12T08:37:08.309+0000] {dagbag.py:545} INFO - Filling up the DagBag from /home/airflow/.local/lib/python3.12/site-packages/airflow/example_dags/example_skip_dag.py
[2024-07-12T08:37:08.313+0000] {processor.py:840} INFO - DAG(s) 'example_skip_dag' retrieved from /home/airflow/.local/lib/python3.12/site-packages/airflow/example_dags/example_skip_dag.py
[2024-07-12T08:37:08.324+0000] {logging_mixin.py:188} INFO - [2024-07-12T08:37:08.324+0000] {dag.py:3096} INFO - Sync 1 DAGs
[2024-07-12T08:37:08.337+0000] {logging_mixin.py:188} INFO - [2024-07-12T08:37:08.337+0000] {dag.py:3954} INFO - Setting next_dagrun for example_skip_dag to 2024-07-11 00:00:00+00:00, run_after=2024-07-12 00:00:00+00:00
[2024-07-12T08:37:08.351+0000] {processor.py:183} INFO - Processing /home/airflow/.local/lib/python3.12/site-packages/airflow/example_dags/example_skip_dag.py took 0.047 seconds
[2024-07-12T08:37:38.501+0000] {processor.py:161} INFO - Started process (PID=1043) to work on /home/airflow/.local/lib/python3.12/site-packages/airflow/example_dags/example_skip_dag.py
[2024-07-12T08:37:38.502+0000] {processor.py:830} INFO - Processing file /home/airflow/.local/lib/python3.12/site-packages/airflow/example_dags/example_skip_dag.py for tasks to queue
[2024-07-12T08:37:38.503+0000] {logging_mixin.py:188} INFO - [2024-07-12T08:37:38.503+0000] {dagbag.py:545} INFO - Filling up the DagBag from /home/airflow/.local/lib/python3.12/site-packages/airflow/example_dags/example_skip_dag.py
[2024-07-12T08:37:38.507+0000] {processor.py:840} INFO - DAG(s) 'example_skip_dag' retrieved from /home/airflow/.local/lib/python3.12/site-packages/airflow/example_dags/example_skip_dag.py
[2024-07-12T08:37:38.518+0000] {logging_mixin.py:188} INFO - [2024-07-12T08:37:38.518+0000] {dag.py:3096} INFO - Sync 1 DAGs
[2024-07-12T08:37:38.532+0000] {logging_mixin.py:188} INFO - [2024-07-12T08:37:38.532+0000] {dag.py:3954} INFO - Setting next_dagrun for example_skip_dag to 2024-07-11 00:00:00+00:00, run_after=2024-07-12 00:00:00+00:00
[2024-07-12T08:37:38.545+0000] {processor.py:183} INFO - Processing /home/airflow/.local/lib/python3.12/site-packages/airflow/example_dags/example_skip_dag.py took 0.047 seconds
[2024-07-12T08:38:08.781+0000] {processor.py:161} INFO - Started process (PID=1101) to work on /home/airflow/.local/lib/python3.12/site-packages/airflow/example_dags/example_skip_dag.py
[2024-07-12T08:38:08.782+0000] {processor.py:830} INFO - Processing file /home/airflow/.local/lib/python3.12/site-packages/airflow/example_dags/example_skip_dag.py for tasks to queue
[2024-07-12T08:38:08.783+0000] {logging_mixin.py:188} INFO - [2024-07-12T08:38:08.783+0000] {dagbag.py:545} INFO - Filling up the DagBag from /home/airflow/.local/lib/python3.12/site-packages/airflow/example_dags/example_skip_dag.py
[2024-07-12T08:38:08.787+0000] {processor.py:840} INFO - DAG(s) 'example_skip_dag' retrieved from /home/airflow/.local/lib/python3.12/site-packages/airflow/example_dags/example_skip_dag.py
[2024-07-12T08:38:08.799+0000] {logging_mixin.py:188} INFO - [2024-07-12T08:38:08.799+0000] {dag.py:3096} INFO - Sync 1 DAGs
[2024-07-12T08:38:08.813+0000] {logging_mixin.py:188} INFO - [2024-07-12T08:38:08.813+0000] {dag.py:3954} INFO - Setting next_dagrun for example_skip_dag to 2024-07-11 00:00:00+00:00, run_after=2024-07-12 00:00:00+00:00
[2024-07-12T08:38:08.827+0000] {processor.py:183} INFO - Processing /home/airflow/.local/lib/python3.12/site-packages/airflow/example_dags/example_skip_dag.py took 0.050 seconds
[2024-07-12T08:38:39.590+0000] {processor.py:161} INFO - Started process (PID=1159) to work on /home/airflow/.local/lib/python3.12/site-packages/airflow/example_dags/example_skip_dag.py
[2024-07-12T08:38:39.601+0000] {processor.py:830} INFO - Processing file /home/airflow/.local/lib/python3.12/site-packages/airflow/example_dags/example_skip_dag.py for tasks to queue
[2024-07-12T08:38:39.617+0000] {logging_mixin.py:188} INFO - [2024-07-12T08:38:39.616+0000] {dagbag.py:545} INFO - Filling up the DagBag from /home/airflow/.local/lib/python3.12/site-packages/airflow/example_dags/example_skip_dag.py
[2024-07-12T08:38:39.621+0000] {processor.py:840} INFO - DAG(s) 'example_skip_dag' retrieved from /home/airflow/.local/lib/python3.12/site-packages/airflow/example_dags/example_skip_dag.py
[2024-07-12T08:38:39.635+0000] {logging_mixin.py:188} INFO - [2024-07-12T08:38:39.635+0000] {dag.py:3096} INFO - Sync 1 DAGs
[2024-07-12T08:38:39.649+0000] {logging_mixin.py:188} INFO - [2024-07-12T08:38:39.649+0000] {dag.py:3954} INFO - Setting next_dagrun for example_skip_dag to 2024-07-11 00:00:00+00:00, run_after=2024-07-12 00:00:00+00:00
[2024-07-12T08:38:39.663+0000] {processor.py:183} INFO - Processing /home/airflow/.local/lib/python3.12/site-packages/airflow/example_dags/example_skip_dag.py took 0.077 seconds
[2024-07-12T08:39:09.716+0000] {processor.py:161} INFO - Started process (PID=1217) to work on /home/airflow/.local/lib/python3.12/site-packages/airflow/example_dags/example_skip_dag.py
[2024-07-12T08:39:09.717+0000] {processor.py:830} INFO - Processing file /home/airflow/.local/lib/python3.12/site-packages/airflow/example_dags/example_skip_dag.py for tasks to queue
[2024-07-12T08:39:09.718+0000] {logging_mixin.py:188} INFO - [2024-07-12T08:39:09.718+0000] {dagbag.py:545} INFO - Filling up the DagBag from /home/airflow/.local/lib/python3.12/site-packages/airflow/example_dags/example_skip_dag.py
[2024-07-12T08:39:09.722+0000] {processor.py:840} INFO - DAG(s) 'example_skip_dag' retrieved from /home/airflow/.local/lib/python3.12/site-packages/airflow/example_dags/example_skip_dag.py
[2024-07-12T08:39:09.734+0000] {logging_mixin.py:188} INFO - [2024-07-12T08:39:09.734+0000] {dag.py:3096} INFO - Sync 1 DAGs
[2024-07-12T08:39:09.748+0000] {logging_mixin.py:188} INFO - [2024-07-12T08:39:09.747+0000] {dag.py:3954} INFO - Setting next_dagrun for example_skip_dag to 2024-07-11 00:00:00+00:00, run_after=2024-07-12 00:00:00+00:00
[2024-07-12T08:39:09.762+0000] {processor.py:183} INFO - Processing /home/airflow/.local/lib/python3.12/site-packages/airflow/example_dags/example_skip_dag.py took 0.049 seconds
