[2024-07-12T07:58:05.230+0000] {processor.py:161} INFO - Started process (PID=58) to work on /home/airflow/.local/lib/python3.12/site-packages/airflow/example_dags/example_complex.py
[2024-07-12T07:58:05.231+0000] {processor.py:830} INFO - Processing file /home/airflow/.local/lib/python3.12/site-packages/airflow/example_dags/example_complex.py for tasks to queue
[2024-07-12T07:58:05.233+0000] {logging_mixin.py:188} INFO - [2024-07-12T07:58:05.233+0000] {dagbag.py:545} INFO - Filling up the DagBag from /home/airflow/.local/lib/python3.12/site-packages/airflow/example_dags/example_complex.py
[2024-07-12T07:58:05.244+0000] {processor.py:840} INFO - DAG(s) 'example_complex' retrieved from /home/airflow/.local/lib/python3.12/site-packages/airflow/example_dags/example_complex.py
[2024-07-12T07:58:05.250+0000] {logging_mixin.py:188} INFO - [2024-07-12T07:58:05.250+0000] {dag.py:3096} INFO - Sync 1 DAGs
[2024-07-12T07:58:05.259+0000] {logging_mixin.py:188} INFO - [2024-07-12T07:58:05.259+0000] {dag.py:3954} INFO - Setting next_dagrun for example_complex to None, run_after=None
[2024-07-12T07:58:05.274+0000] {processor.py:183} INFO - Processing /home/airflow/.local/lib/python3.12/site-packages/airflow/example_dags/example_complex.py took 0.047 seconds
[2024-07-12T07:58:35.694+0000] {processor.py:161} INFO - Started process (PID=116) to work on /home/airflow/.local/lib/python3.12/site-packages/airflow/example_dags/example_complex.py
[2024-07-12T07:58:35.695+0000] {processor.py:830} INFO - Processing file /home/airflow/.local/lib/python3.12/site-packages/airflow/example_dags/example_complex.py for tasks to queue
[2024-07-12T07:58:35.696+0000] {logging_mixin.py:188} INFO - [2024-07-12T07:58:35.696+0000] {dagbag.py:545} INFO - Filling up the DagBag from /home/airflow/.local/lib/python3.12/site-packages/airflow/example_dags/example_complex.py
[2024-07-12T07:58:35.704+0000] {processor.py:840} INFO - DAG(s) 'example_complex' retrieved from /home/airflow/.local/lib/python3.12/site-packages/airflow/example_dags/example_complex.py
[2024-07-12T07:58:35.780+0000] {logging_mixin.py:188} INFO - [2024-07-12T07:58:35.779+0000] {dag.py:3096} INFO - Sync 1 DAGs
[2024-07-12T07:58:35.787+0000] {logging_mixin.py:188} INFO - [2024-07-12T07:58:35.786+0000] {dag.py:3954} INFO - Setting next_dagrun for example_complex to None, run_after=None
[2024-07-12T07:58:35.802+0000] {processor.py:183} INFO - Processing /home/airflow/.local/lib/python3.12/site-packages/airflow/example_dags/example_complex.py took 0.112 seconds
[2024-07-12T07:59:06.753+0000] {processor.py:161} INFO - Started process (PID=174) to work on /home/airflow/.local/lib/python3.12/site-packages/airflow/example_dags/example_complex.py
[2024-07-12T07:59:06.753+0000] {processor.py:830} INFO - Processing file /home/airflow/.local/lib/python3.12/site-packages/airflow/example_dags/example_complex.py for tasks to queue
[2024-07-12T07:59:06.755+0000] {logging_mixin.py:188} INFO - [2024-07-12T07:59:06.755+0000] {dagbag.py:545} INFO - Filling up the DagBag from /home/airflow/.local/lib/python3.12/site-packages/airflow/example_dags/example_complex.py
[2024-07-12T07:59:06.761+0000] {processor.py:840} INFO - DAG(s) 'example_complex' retrieved from /home/airflow/.local/lib/python3.12/site-packages/airflow/example_dags/example_complex.py
[2024-07-12T07:59:06.783+0000] {logging_mixin.py:188} INFO - [2024-07-12T07:59:06.783+0000] {dag.py:3096} INFO - Sync 1 DAGs
[2024-07-12T07:59:06.791+0000] {logging_mixin.py:188} INFO - [2024-07-12T07:59:06.791+0000] {dag.py:3954} INFO - Setting next_dagrun for example_complex to None, run_after=None
[2024-07-12T07:59:06.805+0000] {processor.py:183} INFO - Processing /home/airflow/.local/lib/python3.12/site-packages/airflow/example_dags/example_complex.py took 0.056 seconds
[2024-07-12T07:59:36.893+0000] {processor.py:161} INFO - Started process (PID=232) to work on /home/airflow/.local/lib/python3.12/site-packages/airflow/example_dags/example_complex.py
[2024-07-12T07:59:36.894+0000] {processor.py:830} INFO - Processing file /home/airflow/.local/lib/python3.12/site-packages/airflow/example_dags/example_complex.py for tasks to queue
[2024-07-12T07:59:36.895+0000] {logging_mixin.py:188} INFO - [2024-07-12T07:59:36.895+0000] {dagbag.py:545} INFO - Filling up the DagBag from /home/airflow/.local/lib/python3.12/site-packages/airflow/example_dags/example_complex.py
[2024-07-12T07:59:36.903+0000] {processor.py:840} INFO - DAG(s) 'example_complex' retrieved from /home/airflow/.local/lib/python3.12/site-packages/airflow/example_dags/example_complex.py
[2024-07-12T07:59:36.924+0000] {logging_mixin.py:188} INFO - [2024-07-12T07:59:36.924+0000] {dag.py:3096} INFO - Sync 1 DAGs
[2024-07-12T07:59:36.933+0000] {logging_mixin.py:188} INFO - [2024-07-12T07:59:36.932+0000] {dag.py:3954} INFO - Setting next_dagrun for example_complex to None, run_after=None
[2024-07-12T07:59:36.950+0000] {processor.py:183} INFO - Processing /home/airflow/.local/lib/python3.12/site-packages/airflow/example_dags/example_complex.py took 0.061 seconds
[2024-07-12T08:01:09.181+0000] {processor.py:161} INFO - Started process (PID=57) to work on /home/airflow/.local/lib/python3.12/site-packages/airflow/example_dags/example_complex.py
[2024-07-12T08:01:09.182+0000] {processor.py:830} INFO - Processing file /home/airflow/.local/lib/python3.12/site-packages/airflow/example_dags/example_complex.py for tasks to queue
[2024-07-12T08:01:09.183+0000] {logging_mixin.py:188} INFO - [2024-07-12T08:01:09.183+0000] {dagbag.py:545} INFO - Filling up the DagBag from /home/airflow/.local/lib/python3.12/site-packages/airflow/example_dags/example_complex.py
[2024-07-12T08:01:09.192+0000] {processor.py:840} INFO - DAG(s) 'example_complex' retrieved from /home/airflow/.local/lib/python3.12/site-packages/airflow/example_dags/example_complex.py
[2024-07-12T08:01:09.199+0000] {logging_mixin.py:188} INFO - [2024-07-12T08:01:09.199+0000] {dag.py:3096} INFO - Sync 1 DAGs
[2024-07-12T08:01:09.208+0000] {logging_mixin.py:188} INFO - [2024-07-12T08:01:09.208+0000] {dag.py:3954} INFO - Setting next_dagrun for example_complex to None, run_after=None
[2024-07-12T08:01:09.225+0000] {processor.py:183} INFO - Processing /home/airflow/.local/lib/python3.12/site-packages/airflow/example_dags/example_complex.py took 0.048 seconds
[2024-07-12T08:01:39.554+0000] {processor.py:161} INFO - Started process (PID=115) to work on /home/airflow/.local/lib/python3.12/site-packages/airflow/example_dags/example_complex.py
[2024-07-12T08:01:39.555+0000] {processor.py:830} INFO - Processing file /home/airflow/.local/lib/python3.12/site-packages/airflow/example_dags/example_complex.py for tasks to queue
[2024-07-12T08:01:39.557+0000] {logging_mixin.py:188} INFO - [2024-07-12T08:01:39.557+0000] {dagbag.py:545} INFO - Filling up the DagBag from /home/airflow/.local/lib/python3.12/site-packages/airflow/example_dags/example_complex.py
[2024-07-12T08:01:39.564+0000] {processor.py:840} INFO - DAG(s) 'example_complex' retrieved from /home/airflow/.local/lib/python3.12/site-packages/airflow/example_dags/example_complex.py
[2024-07-12T08:01:39.635+0000] {logging_mixin.py:188} INFO - [2024-07-12T08:01:39.635+0000] {dag.py:3096} INFO - Sync 1 DAGs
[2024-07-12T08:01:39.642+0000] {logging_mixin.py:188} INFO - [2024-07-12T08:01:39.642+0000] {dag.py:3954} INFO - Setting next_dagrun for example_complex to None, run_after=None
[2024-07-12T08:01:39.657+0000] {processor.py:183} INFO - Processing /home/airflow/.local/lib/python3.12/site-packages/airflow/example_dags/example_complex.py took 0.107 seconds
[2024-07-12T08:02:09.838+0000] {processor.py:161} INFO - Started process (PID=173) to work on /home/airflow/.local/lib/python3.12/site-packages/airflow/example_dags/example_complex.py
[2024-07-12T08:02:09.838+0000] {processor.py:830} INFO - Processing file /home/airflow/.local/lib/python3.12/site-packages/airflow/example_dags/example_complex.py for tasks to queue
[2024-07-12T08:02:09.840+0000] {logging_mixin.py:188} INFO - [2024-07-12T08:02:09.839+0000] {dagbag.py:545} INFO - Filling up the DagBag from /home/airflow/.local/lib/python3.12/site-packages/airflow/example_dags/example_complex.py
[2024-07-12T08:02:09.848+0000] {processor.py:840} INFO - DAG(s) 'example_complex' retrieved from /home/airflow/.local/lib/python3.12/site-packages/airflow/example_dags/example_complex.py
[2024-07-12T08:02:09.867+0000] {logging_mixin.py:188} INFO - [2024-07-12T08:02:09.867+0000] {dag.py:3096} INFO - Sync 1 DAGs
[2024-07-12T08:02:09.875+0000] {logging_mixin.py:188} INFO - [2024-07-12T08:02:09.875+0000] {dag.py:3954} INFO - Setting next_dagrun for example_complex to None, run_after=None
[2024-07-12T08:02:09.890+0000] {processor.py:183} INFO - Processing /home/airflow/.local/lib/python3.12/site-packages/airflow/example_dags/example_complex.py took 0.057 seconds
[2024-07-12T08:02:40.034+0000] {processor.py:161} INFO - Started process (PID=231) to work on /home/airflow/.local/lib/python3.12/site-packages/airflow/example_dags/example_complex.py
[2024-07-12T08:02:40.035+0000] {processor.py:830} INFO - Processing file /home/airflow/.local/lib/python3.12/site-packages/airflow/example_dags/example_complex.py for tasks to queue
[2024-07-12T08:02:40.037+0000] {logging_mixin.py:188} INFO - [2024-07-12T08:02:40.037+0000] {dagbag.py:545} INFO - Filling up the DagBag from /home/airflow/.local/lib/python3.12/site-packages/airflow/example_dags/example_complex.py
[2024-07-12T08:02:40.044+0000] {processor.py:840} INFO - DAG(s) 'example_complex' retrieved from /home/airflow/.local/lib/python3.12/site-packages/airflow/example_dags/example_complex.py
[2024-07-12T08:02:40.064+0000] {logging_mixin.py:188} INFO - [2024-07-12T08:02:40.064+0000] {dag.py:3096} INFO - Sync 1 DAGs
[2024-07-12T08:02:40.072+0000] {logging_mixin.py:188} INFO - [2024-07-12T08:02:40.072+0000] {dag.py:3954} INFO - Setting next_dagrun for example_complex to None, run_after=None
[2024-07-12T08:02:40.089+0000] {processor.py:183} INFO - Processing /home/airflow/.local/lib/python3.12/site-packages/airflow/example_dags/example_complex.py took 0.058 seconds
[2024-07-12T08:04:16.813+0000] {processor.py:161} INFO - Started process (PID=58) to work on /home/airflow/.local/lib/python3.12/site-packages/airflow/example_dags/example_complex.py
[2024-07-12T08:04:16.814+0000] {processor.py:830} INFO - Processing file /home/airflow/.local/lib/python3.12/site-packages/airflow/example_dags/example_complex.py for tasks to queue
[2024-07-12T08:04:16.815+0000] {logging_mixin.py:188} INFO - [2024-07-12T08:04:16.815+0000] {dagbag.py:545} INFO - Filling up the DagBag from /home/airflow/.local/lib/python3.12/site-packages/airflow/example_dags/example_complex.py
[2024-07-12T08:04:16.825+0000] {processor.py:840} INFO - DAG(s) 'example_complex' retrieved from /home/airflow/.local/lib/python3.12/site-packages/airflow/example_dags/example_complex.py
[2024-07-12T08:04:16.832+0000] {logging_mixin.py:188} INFO - [2024-07-12T08:04:16.832+0000] {dag.py:3096} INFO - Sync 1 DAGs
[2024-07-12T08:04:16.841+0000] {logging_mixin.py:188} INFO - [2024-07-12T08:04:16.841+0000] {dag.py:3954} INFO - Setting next_dagrun for example_complex to None, run_after=None
[2024-07-12T08:04:16.857+0000] {processor.py:183} INFO - Processing /home/airflow/.local/lib/python3.12/site-packages/airflow/example_dags/example_complex.py took 0.047 seconds
[2024-07-12T08:04:47.268+0000] {processor.py:161} INFO - Started process (PID=116) to work on /home/airflow/.local/lib/python3.12/site-packages/airflow/example_dags/example_complex.py
[2024-07-12T08:04:47.269+0000] {processor.py:830} INFO - Processing file /home/airflow/.local/lib/python3.12/site-packages/airflow/example_dags/example_complex.py for tasks to queue
[2024-07-12T08:04:47.270+0000] {logging_mixin.py:188} INFO - [2024-07-12T08:04:47.270+0000] {dagbag.py:545} INFO - Filling up the DagBag from /home/airflow/.local/lib/python3.12/site-packages/airflow/example_dags/example_complex.py
[2024-07-12T08:04:47.276+0000] {processor.py:840} INFO - DAG(s) 'example_complex' retrieved from /home/airflow/.local/lib/python3.12/site-packages/airflow/example_dags/example_complex.py
[2024-07-12T08:04:47.346+0000] {logging_mixin.py:188} INFO - [2024-07-12T08:04:47.346+0000] {dag.py:3096} INFO - Sync 1 DAGs
[2024-07-12T08:04:47.354+0000] {logging_mixin.py:188} INFO - [2024-07-12T08:04:47.354+0000] {dag.py:3954} INFO - Setting next_dagrun for example_complex to None, run_after=None
[2024-07-12T08:04:47.370+0000] {processor.py:183} INFO - Processing /home/airflow/.local/lib/python3.12/site-packages/airflow/example_dags/example_complex.py took 0.106 seconds
[2024-07-12T08:05:17.986+0000] {processor.py:161} INFO - Started process (PID=174) to work on /home/airflow/.local/lib/python3.12/site-packages/airflow/example_dags/example_complex.py
[2024-07-12T08:05:17.987+0000] {processor.py:830} INFO - Processing file /home/airflow/.local/lib/python3.12/site-packages/airflow/example_dags/example_complex.py for tasks to queue
[2024-07-12T08:05:17.988+0000] {logging_mixin.py:188} INFO - [2024-07-12T08:05:17.988+0000] {dagbag.py:545} INFO - Filling up the DagBag from /home/airflow/.local/lib/python3.12/site-packages/airflow/example_dags/example_complex.py
[2024-07-12T08:05:17.995+0000] {processor.py:840} INFO - DAG(s) 'example_complex' retrieved from /home/airflow/.local/lib/python3.12/site-packages/airflow/example_dags/example_complex.py
[2024-07-12T08:05:18.015+0000] {logging_mixin.py:188} INFO - [2024-07-12T08:05:18.014+0000] {dag.py:3096} INFO - Sync 1 DAGs
[2024-07-12T08:05:18.023+0000] {logging_mixin.py:188} INFO - [2024-07-12T08:05:18.022+0000] {dag.py:3954} INFO - Setting next_dagrun for example_complex to None, run_after=None
[2024-07-12T08:05:18.039+0000] {processor.py:183} INFO - Processing /home/airflow/.local/lib/python3.12/site-packages/airflow/example_dags/example_complex.py took 0.057 seconds
[2024-07-12T08:05:48.183+0000] {processor.py:161} INFO - Started process (PID=232) to work on /home/airflow/.local/lib/python3.12/site-packages/airflow/example_dags/example_complex.py
[2024-07-12T08:05:48.184+0000] {processor.py:830} INFO - Processing file /home/airflow/.local/lib/python3.12/site-packages/airflow/example_dags/example_complex.py for tasks to queue
[2024-07-12T08:05:48.185+0000] {logging_mixin.py:188} INFO - [2024-07-12T08:05:48.185+0000] {dagbag.py:545} INFO - Filling up the DagBag from /home/airflow/.local/lib/python3.12/site-packages/airflow/example_dags/example_complex.py
[2024-07-12T08:05:48.192+0000] {processor.py:840} INFO - DAG(s) 'example_complex' retrieved from /home/airflow/.local/lib/python3.12/site-packages/airflow/example_dags/example_complex.py
[2024-07-12T08:05:48.210+0000] {logging_mixin.py:188} INFO - [2024-07-12T08:05:48.210+0000] {dag.py:3096} INFO - Sync 1 DAGs
[2024-07-12T08:05:48.218+0000] {logging_mixin.py:188} INFO - [2024-07-12T08:05:48.218+0000] {dag.py:3954} INFO - Setting next_dagrun for example_complex to None, run_after=None
[2024-07-12T08:05:48.235+0000] {processor.py:183} INFO - Processing /home/airflow/.local/lib/python3.12/site-packages/airflow/example_dags/example_complex.py took 0.055 seconds
[2024-07-12T08:06:18.293+0000] {processor.py:161} INFO - Started process (PID=290) to work on /home/airflow/.local/lib/python3.12/site-packages/airflow/example_dags/example_complex.py
[2024-07-12T08:06:18.294+0000] {processor.py:830} INFO - Processing file /home/airflow/.local/lib/python3.12/site-packages/airflow/example_dags/example_complex.py for tasks to queue
[2024-07-12T08:06:18.295+0000] {logging_mixin.py:188} INFO - [2024-07-12T08:06:18.295+0000] {dagbag.py:545} INFO - Filling up the DagBag from /home/airflow/.local/lib/python3.12/site-packages/airflow/example_dags/example_complex.py
[2024-07-12T08:06:18.303+0000] {processor.py:840} INFO - DAG(s) 'example_complex' retrieved from /home/airflow/.local/lib/python3.12/site-packages/airflow/example_dags/example_complex.py
[2024-07-12T08:06:18.309+0000] {logging_mixin.py:188} INFO - [2024-07-12T08:06:18.309+0000] {dag.py:3096} INFO - Sync 1 DAGs
[2024-07-12T08:06:18.318+0000] {logging_mixin.py:188} INFO - [2024-07-12T08:06:18.318+0000] {dag.py:3954} INFO - Setting next_dagrun for example_complex to None, run_after=None
[2024-07-12T08:06:18.334+0000] {processor.py:183} INFO - Processing /home/airflow/.local/lib/python3.12/site-packages/airflow/example_dags/example_complex.py took 0.045 seconds
[2024-07-12T08:06:49.319+0000] {processor.py:161} INFO - Started process (PID=348) to work on /home/airflow/.local/lib/python3.12/site-packages/airflow/example_dags/example_complex.py
[2024-07-12T08:06:49.320+0000] {processor.py:830} INFO - Processing file /home/airflow/.local/lib/python3.12/site-packages/airflow/example_dags/example_complex.py for tasks to queue
[2024-07-12T08:06:49.321+0000] {logging_mixin.py:188} INFO - [2024-07-12T08:06:49.321+0000] {dagbag.py:545} INFO - Filling up the DagBag from /home/airflow/.local/lib/python3.12/site-packages/airflow/example_dags/example_complex.py
[2024-07-12T08:06:49.329+0000] {processor.py:840} INFO - DAG(s) 'example_complex' retrieved from /home/airflow/.local/lib/python3.12/site-packages/airflow/example_dags/example_complex.py
[2024-07-12T08:06:49.410+0000] {logging_mixin.py:188} INFO - [2024-07-12T08:06:49.409+0000] {dag.py:3096} INFO - Sync 1 DAGs
[2024-07-12T08:06:49.417+0000] {logging_mixin.py:188} INFO - [2024-07-12T08:06:49.416+0000] {dag.py:3954} INFO - Setting next_dagrun for example_complex to None, run_after=None
[2024-07-12T08:06:49.434+0000] {processor.py:183} INFO - Processing /home/airflow/.local/lib/python3.12/site-packages/airflow/example_dags/example_complex.py took 0.118 seconds
[2024-07-12T08:07:19.475+0000] {processor.py:161} INFO - Started process (PID=405) to work on /home/airflow/.local/lib/python3.12/site-packages/airflow/example_dags/example_complex.py
[2024-07-12T08:07:19.476+0000] {processor.py:830} INFO - Processing file /home/airflow/.local/lib/python3.12/site-packages/airflow/example_dags/example_complex.py for tasks to queue
[2024-07-12T08:07:19.478+0000] {logging_mixin.py:188} INFO - [2024-07-12T08:07:19.477+0000] {dagbag.py:545} INFO - Filling up the DagBag from /home/airflow/.local/lib/python3.12/site-packages/airflow/example_dags/example_complex.py
[2024-07-12T08:07:19.484+0000] {processor.py:840} INFO - DAG(s) 'example_complex' retrieved from /home/airflow/.local/lib/python3.12/site-packages/airflow/example_dags/example_complex.py
[2024-07-12T08:07:19.503+0000] {logging_mixin.py:188} INFO - [2024-07-12T08:07:19.503+0000] {dag.py:3096} INFO - Sync 1 DAGs
[2024-07-12T08:07:19.511+0000] {logging_mixin.py:188} INFO - [2024-07-12T08:07:19.511+0000] {dag.py:3954} INFO - Setting next_dagrun for example_complex to None, run_after=None
[2024-07-12T08:07:19.525+0000] {processor.py:183} INFO - Processing /home/airflow/.local/lib/python3.12/site-packages/airflow/example_dags/example_complex.py took 0.053 seconds
[2024-07-12T08:08:14.179+0000] {processor.py:161} INFO - Started process (PID=57) to work on /home/airflow/.local/lib/python3.12/site-packages/airflow/example_dags/example_complex.py
[2024-07-12T08:08:14.180+0000] {processor.py:830} INFO - Processing file /home/airflow/.local/lib/python3.12/site-packages/airflow/example_dags/example_complex.py for tasks to queue
[2024-07-12T08:08:14.181+0000] {logging_mixin.py:188} INFO - [2024-07-12T08:08:14.181+0000] {dagbag.py:545} INFO - Filling up the DagBag from /home/airflow/.local/lib/python3.12/site-packages/airflow/example_dags/example_complex.py
[2024-07-12T08:08:14.190+0000] {processor.py:840} INFO - DAG(s) 'example_complex' retrieved from /home/airflow/.local/lib/python3.12/site-packages/airflow/example_dags/example_complex.py
[2024-07-12T08:08:14.196+0000] {logging_mixin.py:188} INFO - [2024-07-12T08:08:14.196+0000] {dag.py:3096} INFO - Sync 1 DAGs
[2024-07-12T08:08:14.206+0000] {logging_mixin.py:188} INFO - [2024-07-12T08:08:14.206+0000] {dag.py:3954} INFO - Setting next_dagrun for example_complex to None, run_after=None
[2024-07-12T08:08:14.221+0000] {processor.py:183} INFO - Processing /home/airflow/.local/lib/python3.12/site-packages/airflow/example_dags/example_complex.py took 0.046 seconds
[2024-07-12T08:08:44.788+0000] {processor.py:161} INFO - Started process (PID=119) to work on /home/airflow/.local/lib/python3.12/site-packages/airflow/example_dags/example_complex.py
[2024-07-12T08:08:44.789+0000] {processor.py:830} INFO - Processing file /home/airflow/.local/lib/python3.12/site-packages/airflow/example_dags/example_complex.py for tasks to queue
[2024-07-12T08:08:44.790+0000] {logging_mixin.py:188} INFO - [2024-07-12T08:08:44.790+0000] {dagbag.py:545} INFO - Filling up the DagBag from /home/airflow/.local/lib/python3.12/site-packages/airflow/example_dags/example_complex.py
[2024-07-12T08:08:44.798+0000] {processor.py:840} INFO - DAG(s) 'example_complex' retrieved from /home/airflow/.local/lib/python3.12/site-packages/airflow/example_dags/example_complex.py
[2024-07-12T08:08:44.872+0000] {logging_mixin.py:188} INFO - [2024-07-12T08:08:44.872+0000] {dag.py:3096} INFO - Sync 1 DAGs
[2024-07-12T08:08:44.879+0000] {logging_mixin.py:188} INFO - [2024-07-12T08:08:44.879+0000] {dag.py:3954} INFO - Setting next_dagrun for example_complex to None, run_after=None
[2024-07-12T08:08:44.894+0000] {processor.py:183} INFO - Processing /home/airflow/.local/lib/python3.12/site-packages/airflow/example_dags/example_complex.py took 0.110 seconds
[2024-07-12T08:09:15.588+0000] {processor.py:161} INFO - Started process (PID=177) to work on /home/airflow/.local/lib/python3.12/site-packages/airflow/example_dags/example_complex.py
[2024-07-12T08:09:15.589+0000] {processor.py:830} INFO - Processing file /home/airflow/.local/lib/python3.12/site-packages/airflow/example_dags/example_complex.py for tasks to queue
[2024-07-12T08:09:15.590+0000] {logging_mixin.py:188} INFO - [2024-07-12T08:09:15.590+0000] {dagbag.py:545} INFO - Filling up the DagBag from /home/airflow/.local/lib/python3.12/site-packages/airflow/example_dags/example_complex.py
[2024-07-12T08:09:15.597+0000] {processor.py:840} INFO - DAG(s) 'example_complex' retrieved from /home/airflow/.local/lib/python3.12/site-packages/airflow/example_dags/example_complex.py
[2024-07-12T08:09:15.616+0000] {logging_mixin.py:188} INFO - [2024-07-12T08:09:15.615+0000] {dag.py:3096} INFO - Sync 1 DAGs
[2024-07-12T08:09:15.624+0000] {logging_mixin.py:188} INFO - [2024-07-12T08:09:15.624+0000] {dag.py:3954} INFO - Setting next_dagrun for example_complex to None, run_after=None
[2024-07-12T08:09:15.637+0000] {processor.py:183} INFO - Processing /home/airflow/.local/lib/python3.12/site-packages/airflow/example_dags/example_complex.py took 0.053 seconds
[2024-07-12T08:09:45.780+0000] {processor.py:161} INFO - Started process (PID=235) to work on /home/airflow/.local/lib/python3.12/site-packages/airflow/example_dags/example_complex.py
[2024-07-12T08:09:45.781+0000] {processor.py:830} INFO - Processing file /home/airflow/.local/lib/python3.12/site-packages/airflow/example_dags/example_complex.py for tasks to queue
[2024-07-12T08:09:45.782+0000] {logging_mixin.py:188} INFO - [2024-07-12T08:09:45.782+0000] {dagbag.py:545} INFO - Filling up the DagBag from /home/airflow/.local/lib/python3.12/site-packages/airflow/example_dags/example_complex.py
[2024-07-12T08:09:45.789+0000] {processor.py:840} INFO - DAG(s) 'example_complex' retrieved from /home/airflow/.local/lib/python3.12/site-packages/airflow/example_dags/example_complex.py
[2024-07-12T08:09:45.807+0000] {logging_mixin.py:188} INFO - [2024-07-12T08:09:45.807+0000] {dag.py:3096} INFO - Sync 1 DAGs
[2024-07-12T08:09:45.815+0000] {logging_mixin.py:188} INFO - [2024-07-12T08:09:45.815+0000] {dag.py:3954} INFO - Setting next_dagrun for example_complex to None, run_after=None
[2024-07-12T08:09:45.828+0000] {processor.py:183} INFO - Processing /home/airflow/.local/lib/python3.12/site-packages/airflow/example_dags/example_complex.py took 0.052 seconds
[2024-07-12T08:10:15.975+0000] {processor.py:161} INFO - Started process (PID=293) to work on /home/airflow/.local/lib/python3.12/site-packages/airflow/example_dags/example_complex.py
[2024-07-12T08:10:15.975+0000] {processor.py:830} INFO - Processing file /home/airflow/.local/lib/python3.12/site-packages/airflow/example_dags/example_complex.py for tasks to queue
[2024-07-12T08:10:15.977+0000] {logging_mixin.py:188} INFO - [2024-07-12T08:10:15.976+0000] {dagbag.py:545} INFO - Filling up the DagBag from /home/airflow/.local/lib/python3.12/site-packages/airflow/example_dags/example_complex.py
[2024-07-12T08:10:15.983+0000] {processor.py:840} INFO - DAG(s) 'example_complex' retrieved from /home/airflow/.local/lib/python3.12/site-packages/airflow/example_dags/example_complex.py
[2024-07-12T08:10:16.001+0000] {logging_mixin.py:188} INFO - [2024-07-12T08:10:16.001+0000] {dag.py:3096} INFO - Sync 1 DAGs
[2024-07-12T08:10:16.009+0000] {logging_mixin.py:188} INFO - [2024-07-12T08:10:16.009+0000] {dag.py:3954} INFO - Setting next_dagrun for example_complex to None, run_after=None
[2024-07-12T08:10:16.023+0000] {processor.py:183} INFO - Processing /home/airflow/.local/lib/python3.12/site-packages/airflow/example_dags/example_complex.py took 0.052 seconds
[2024-07-12T08:10:46.139+0000] {processor.py:161} INFO - Started process (PID=351) to work on /home/airflow/.local/lib/python3.12/site-packages/airflow/example_dags/example_complex.py
[2024-07-12T08:10:46.140+0000] {processor.py:830} INFO - Processing file /home/airflow/.local/lib/python3.12/site-packages/airflow/example_dags/example_complex.py for tasks to queue
[2024-07-12T08:10:46.141+0000] {logging_mixin.py:188} INFO - [2024-07-12T08:10:46.141+0000] {dagbag.py:545} INFO - Filling up the DagBag from /home/airflow/.local/lib/python3.12/site-packages/airflow/example_dags/example_complex.py
[2024-07-12T08:10:46.148+0000] {processor.py:840} INFO - DAG(s) 'example_complex' retrieved from /home/airflow/.local/lib/python3.12/site-packages/airflow/example_dags/example_complex.py
[2024-07-12T08:10:46.166+0000] {logging_mixin.py:188} INFO - [2024-07-12T08:10:46.166+0000] {dag.py:3096} INFO - Sync 1 DAGs
[2024-07-12T08:10:46.175+0000] {logging_mixin.py:188} INFO - [2024-07-12T08:10:46.174+0000] {dag.py:3954} INFO - Setting next_dagrun for example_complex to None, run_after=None
[2024-07-12T08:10:46.188+0000] {processor.py:183} INFO - Processing /home/airflow/.local/lib/python3.12/site-packages/airflow/example_dags/example_complex.py took 0.053 seconds
[2024-07-12T08:11:16.333+0000] {processor.py:161} INFO - Started process (PID=409) to work on /home/airflow/.local/lib/python3.12/site-packages/airflow/example_dags/example_complex.py
[2024-07-12T08:11:16.333+0000] {processor.py:830} INFO - Processing file /home/airflow/.local/lib/python3.12/site-packages/airflow/example_dags/example_complex.py for tasks to queue
[2024-07-12T08:11:16.335+0000] {logging_mixin.py:188} INFO - [2024-07-12T08:11:16.335+0000] {dagbag.py:545} INFO - Filling up the DagBag from /home/airflow/.local/lib/python3.12/site-packages/airflow/example_dags/example_complex.py
[2024-07-12T08:11:16.342+0000] {processor.py:840} INFO - DAG(s) 'example_complex' retrieved from /home/airflow/.local/lib/python3.12/site-packages/airflow/example_dags/example_complex.py
[2024-07-12T08:11:16.361+0000] {logging_mixin.py:188} INFO - [2024-07-12T08:11:16.361+0000] {dag.py:3096} INFO - Sync 1 DAGs
[2024-07-12T08:11:16.369+0000] {logging_mixin.py:188} INFO - [2024-07-12T08:11:16.369+0000] {dag.py:3954} INFO - Setting next_dagrun for example_complex to None, run_after=None
[2024-07-12T08:11:16.383+0000] {processor.py:183} INFO - Processing /home/airflow/.local/lib/python3.12/site-packages/airflow/example_dags/example_complex.py took 0.054 seconds
[2024-07-12T08:11:46.442+0000] {processor.py:161} INFO - Started process (PID=467) to work on /home/airflow/.local/lib/python3.12/site-packages/airflow/example_dags/example_complex.py
[2024-07-12T08:11:46.443+0000] {processor.py:830} INFO - Processing file /home/airflow/.local/lib/python3.12/site-packages/airflow/example_dags/example_complex.py for tasks to queue
[2024-07-12T08:11:46.444+0000] {logging_mixin.py:188} INFO - [2024-07-12T08:11:46.444+0000] {dagbag.py:545} INFO - Filling up the DagBag from /home/airflow/.local/lib/python3.12/site-packages/airflow/example_dags/example_complex.py
[2024-07-12T08:11:46.451+0000] {processor.py:840} INFO - DAG(s) 'example_complex' retrieved from /home/airflow/.local/lib/python3.12/site-packages/airflow/example_dags/example_complex.py
[2024-07-12T08:11:46.470+0000] {logging_mixin.py:188} INFO - [2024-07-12T08:11:46.469+0000] {dag.py:3096} INFO - Sync 1 DAGs
[2024-07-12T08:11:46.478+0000] {logging_mixin.py:188} INFO - [2024-07-12T08:11:46.477+0000] {dag.py:3954} INFO - Setting next_dagrun for example_complex to None, run_after=None
[2024-07-12T08:11:46.492+0000] {processor.py:183} INFO - Processing /home/airflow/.local/lib/python3.12/site-packages/airflow/example_dags/example_complex.py took 0.053 seconds
[2024-07-12T08:12:16.578+0000] {processor.py:161} INFO - Started process (PID=525) to work on /home/airflow/.local/lib/python3.12/site-packages/airflow/example_dags/example_complex.py
[2024-07-12T08:12:16.579+0000] {processor.py:830} INFO - Processing file /home/airflow/.local/lib/python3.12/site-packages/airflow/example_dags/example_complex.py for tasks to queue
[2024-07-12T08:12:16.580+0000] {logging_mixin.py:188} INFO - [2024-07-12T08:12:16.580+0000] {dagbag.py:545} INFO - Filling up the DagBag from /home/airflow/.local/lib/python3.12/site-packages/airflow/example_dags/example_complex.py
[2024-07-12T08:12:16.586+0000] {processor.py:840} INFO - DAG(s) 'example_complex' retrieved from /home/airflow/.local/lib/python3.12/site-packages/airflow/example_dags/example_complex.py
[2024-07-12T08:12:16.606+0000] {logging_mixin.py:188} INFO - [2024-07-12T08:12:16.606+0000] {dag.py:3096} INFO - Sync 1 DAGs
[2024-07-12T08:12:16.614+0000] {logging_mixin.py:188} INFO - [2024-07-12T08:12:16.614+0000] {dag.py:3954} INFO - Setting next_dagrun for example_complex to None, run_after=None
[2024-07-12T08:12:16.629+0000] {processor.py:183} INFO - Processing /home/airflow/.local/lib/python3.12/site-packages/airflow/example_dags/example_complex.py took 0.055 seconds
[2024-07-12T08:12:46.858+0000] {processor.py:161} INFO - Started process (PID=582) to work on /home/airflow/.local/lib/python3.12/site-packages/airflow/example_dags/example_complex.py
[2024-07-12T08:12:46.859+0000] {processor.py:830} INFO - Processing file /home/airflow/.local/lib/python3.12/site-packages/airflow/example_dags/example_complex.py for tasks to queue
[2024-07-12T08:12:46.860+0000] {logging_mixin.py:188} INFO - [2024-07-12T08:12:46.860+0000] {dagbag.py:545} INFO - Filling up the DagBag from /home/airflow/.local/lib/python3.12/site-packages/airflow/example_dags/example_complex.py
[2024-07-12T08:12:46.866+0000] {processor.py:840} INFO - DAG(s) 'example_complex' retrieved from /home/airflow/.local/lib/python3.12/site-packages/airflow/example_dags/example_complex.py
[2024-07-12T08:12:46.885+0000] {logging_mixin.py:188} INFO - [2024-07-12T08:12:46.885+0000] {dag.py:3096} INFO - Sync 1 DAGs
[2024-07-12T08:12:46.895+0000] {logging_mixin.py:188} INFO - [2024-07-12T08:12:46.894+0000] {dag.py:3954} INFO - Setting next_dagrun for example_complex to None, run_after=None
[2024-07-12T08:12:46.908+0000] {processor.py:183} INFO - Processing /home/airflow/.local/lib/python3.12/site-packages/airflow/example_dags/example_complex.py took 0.054 seconds
[2024-07-12T08:13:17.372+0000] {processor.py:161} INFO - Started process (PID=641) to work on /home/airflow/.local/lib/python3.12/site-packages/airflow/example_dags/example_complex.py
[2024-07-12T08:13:17.373+0000] {processor.py:830} INFO - Processing file /home/airflow/.local/lib/python3.12/site-packages/airflow/example_dags/example_complex.py for tasks to queue
[2024-07-12T08:13:17.374+0000] {logging_mixin.py:188} INFO - [2024-07-12T08:13:17.374+0000] {dagbag.py:545} INFO - Filling up the DagBag from /home/airflow/.local/lib/python3.12/site-packages/airflow/example_dags/example_complex.py
[2024-07-12T08:13:17.381+0000] {processor.py:840} INFO - DAG(s) 'example_complex' retrieved from /home/airflow/.local/lib/python3.12/site-packages/airflow/example_dags/example_complex.py
[2024-07-12T08:13:17.401+0000] {logging_mixin.py:188} INFO - [2024-07-12T08:13:17.400+0000] {dag.py:3096} INFO - Sync 1 DAGs
[2024-07-12T08:13:17.410+0000] {logging_mixin.py:188} INFO - [2024-07-12T08:13:17.410+0000] {dag.py:3954} INFO - Setting next_dagrun for example_complex to None, run_after=None
[2024-07-12T08:13:17.426+0000] {processor.py:183} INFO - Processing /home/airflow/.local/lib/python3.12/site-packages/airflow/example_dags/example_complex.py took 0.057 seconds
[2024-07-12T08:13:47.819+0000] {processor.py:161} INFO - Started process (PID=699) to work on /home/airflow/.local/lib/python3.12/site-packages/airflow/example_dags/example_complex.py
[2024-07-12T08:13:47.820+0000] {processor.py:830} INFO - Processing file /home/airflow/.local/lib/python3.12/site-packages/airflow/example_dags/example_complex.py for tasks to queue
[2024-07-12T08:13:47.823+0000] {logging_mixin.py:188} INFO - [2024-07-12T08:13:47.822+0000] {dagbag.py:545} INFO - Filling up the DagBag from /home/airflow/.local/lib/python3.12/site-packages/airflow/example_dags/example_complex.py
[2024-07-12T08:13:47.834+0000] {processor.py:840} INFO - DAG(s) 'example_complex' retrieved from /home/airflow/.local/lib/python3.12/site-packages/airflow/example_dags/example_complex.py
[2024-07-12T08:13:47.855+0000] {logging_mixin.py:188} INFO - [2024-07-12T08:13:47.855+0000] {dag.py:3096} INFO - Sync 1 DAGs
[2024-07-12T08:13:47.865+0000] {logging_mixin.py:188} INFO - [2024-07-12T08:13:47.864+0000] {dag.py:3954} INFO - Setting next_dagrun for example_complex to None, run_after=None
[2024-07-12T08:13:47.881+0000] {processor.py:183} INFO - Processing /home/airflow/.local/lib/python3.12/site-packages/airflow/example_dags/example_complex.py took 0.066 seconds
[2024-07-12T08:14:17.981+0000] {processor.py:161} INFO - Started process (PID=758) to work on /home/airflow/.local/lib/python3.12/site-packages/airflow/example_dags/example_complex.py
[2024-07-12T08:14:17.982+0000] {processor.py:830} INFO - Processing file /home/airflow/.local/lib/python3.12/site-packages/airflow/example_dags/example_complex.py for tasks to queue
[2024-07-12T08:14:17.983+0000] {logging_mixin.py:188} INFO - [2024-07-12T08:14:17.983+0000] {dagbag.py:545} INFO - Filling up the DagBag from /home/airflow/.local/lib/python3.12/site-packages/airflow/example_dags/example_complex.py
[2024-07-12T08:14:17.990+0000] {processor.py:840} INFO - DAG(s) 'example_complex' retrieved from /home/airflow/.local/lib/python3.12/site-packages/airflow/example_dags/example_complex.py
[2024-07-12T08:14:18.009+0000] {logging_mixin.py:188} INFO - [2024-07-12T08:14:18.009+0000] {dag.py:3096} INFO - Sync 1 DAGs
[2024-07-12T08:14:18.017+0000] {logging_mixin.py:188} INFO - [2024-07-12T08:14:18.017+0000] {dag.py:3954} INFO - Setting next_dagrun for example_complex to None, run_after=None
[2024-07-12T08:14:18.030+0000] {processor.py:183} INFO - Processing /home/airflow/.local/lib/python3.12/site-packages/airflow/example_dags/example_complex.py took 0.052 seconds
[2024-07-12T08:14:48.127+0000] {processor.py:161} INFO - Started process (PID=816) to work on /home/airflow/.local/lib/python3.12/site-packages/airflow/example_dags/example_complex.py
[2024-07-12T08:14:48.128+0000] {processor.py:830} INFO - Processing file /home/airflow/.local/lib/python3.12/site-packages/airflow/example_dags/example_complex.py for tasks to queue
[2024-07-12T08:14:48.129+0000] {logging_mixin.py:188} INFO - [2024-07-12T08:14:48.129+0000] {dagbag.py:545} INFO - Filling up the DagBag from /home/airflow/.local/lib/python3.12/site-packages/airflow/example_dags/example_complex.py
[2024-07-12T08:14:48.136+0000] {processor.py:840} INFO - DAG(s) 'example_complex' retrieved from /home/airflow/.local/lib/python3.12/site-packages/airflow/example_dags/example_complex.py
[2024-07-12T08:14:48.159+0000] {logging_mixin.py:188} INFO - [2024-07-12T08:14:48.159+0000] {dag.py:3096} INFO - Sync 1 DAGs
[2024-07-12T08:14:48.168+0000] {logging_mixin.py:188} INFO - [2024-07-12T08:14:48.168+0000] {dag.py:3954} INFO - Setting next_dagrun for example_complex to None, run_after=None
[2024-07-12T08:14:48.184+0000] {processor.py:183} INFO - Processing /home/airflow/.local/lib/python3.12/site-packages/airflow/example_dags/example_complex.py took 0.060 seconds
[2024-07-12T08:15:18.280+0000] {processor.py:161} INFO - Started process (PID=874) to work on /home/airflow/.local/lib/python3.12/site-packages/airflow/example_dags/example_complex.py
[2024-07-12T08:15:18.280+0000] {processor.py:830} INFO - Processing file /home/airflow/.local/lib/python3.12/site-packages/airflow/example_dags/example_complex.py for tasks to queue
[2024-07-12T08:15:18.282+0000] {logging_mixin.py:188} INFO - [2024-07-12T08:15:18.282+0000] {dagbag.py:545} INFO - Filling up the DagBag from /home/airflow/.local/lib/python3.12/site-packages/airflow/example_dags/example_complex.py
[2024-07-12T08:15:18.288+0000] {processor.py:840} INFO - DAG(s) 'example_complex' retrieved from /home/airflow/.local/lib/python3.12/site-packages/airflow/example_dags/example_complex.py
[2024-07-12T08:15:18.306+0000] {logging_mixin.py:188} INFO - [2024-07-12T08:15:18.306+0000] {dag.py:3096} INFO - Sync 1 DAGs
[2024-07-12T08:15:18.315+0000] {logging_mixin.py:188} INFO - [2024-07-12T08:15:18.315+0000] {dag.py:3954} INFO - Setting next_dagrun for example_complex to None, run_after=None
[2024-07-12T08:15:18.329+0000] {processor.py:183} INFO - Processing /home/airflow/.local/lib/python3.12/site-packages/airflow/example_dags/example_complex.py took 0.053 seconds
[2024-07-12T08:15:48.498+0000] {processor.py:161} INFO - Started process (PID=932) to work on /home/airflow/.local/lib/python3.12/site-packages/airflow/example_dags/example_complex.py
[2024-07-12T08:15:48.499+0000] {processor.py:830} INFO - Processing file /home/airflow/.local/lib/python3.12/site-packages/airflow/example_dags/example_complex.py for tasks to queue
[2024-07-12T08:15:48.500+0000] {logging_mixin.py:188} INFO - [2024-07-12T08:15:48.500+0000] {dagbag.py:545} INFO - Filling up the DagBag from /home/airflow/.local/lib/python3.12/site-packages/airflow/example_dags/example_complex.py
[2024-07-12T08:15:48.506+0000] {processor.py:840} INFO - DAG(s) 'example_complex' retrieved from /home/airflow/.local/lib/python3.12/site-packages/airflow/example_dags/example_complex.py
[2024-07-12T08:15:48.527+0000] {logging_mixin.py:188} INFO - [2024-07-12T08:15:48.527+0000] {dag.py:3096} INFO - Sync 1 DAGs
[2024-07-12T08:15:48.535+0000] {logging_mixin.py:188} INFO - [2024-07-12T08:15:48.535+0000] {dag.py:3954} INFO - Setting next_dagrun for example_complex to None, run_after=None
[2024-07-12T08:15:48.549+0000] {processor.py:183} INFO - Processing /home/airflow/.local/lib/python3.12/site-packages/airflow/example_dags/example_complex.py took 0.055 seconds
[2024-07-12T08:16:19.571+0000] {processor.py:161} INFO - Started process (PID=990) to work on /home/airflow/.local/lib/python3.12/site-packages/airflow/example_dags/example_complex.py
[2024-07-12T08:16:19.572+0000] {processor.py:830} INFO - Processing file /home/airflow/.local/lib/python3.12/site-packages/airflow/example_dags/example_complex.py for tasks to queue
[2024-07-12T08:16:19.573+0000] {logging_mixin.py:188} INFO - [2024-07-12T08:16:19.573+0000] {dagbag.py:545} INFO - Filling up the DagBag from /home/airflow/.local/lib/python3.12/site-packages/airflow/example_dags/example_complex.py
[2024-07-12T08:16:19.580+0000] {processor.py:840} INFO - DAG(s) 'example_complex' retrieved from /home/airflow/.local/lib/python3.12/site-packages/airflow/example_dags/example_complex.py
[2024-07-12T08:16:19.601+0000] {logging_mixin.py:188} INFO - [2024-07-12T08:16:19.600+0000] {dag.py:3096} INFO - Sync 1 DAGs
[2024-07-12T08:16:19.611+0000] {logging_mixin.py:188} INFO - [2024-07-12T08:16:19.610+0000] {dag.py:3954} INFO - Setting next_dagrun for example_complex to None, run_after=None
[2024-07-12T08:16:19.628+0000] {processor.py:183} INFO - Processing /home/airflow/.local/lib/python3.12/site-packages/airflow/example_dags/example_complex.py took 0.061 seconds
[2024-07-12T08:16:49.884+0000] {processor.py:161} INFO - Started process (PID=1048) to work on /home/airflow/.local/lib/python3.12/site-packages/airflow/example_dags/example_complex.py
[2024-07-12T08:16:49.885+0000] {processor.py:830} INFO - Processing file /home/airflow/.local/lib/python3.12/site-packages/airflow/example_dags/example_complex.py for tasks to queue
[2024-07-12T08:16:49.886+0000] {logging_mixin.py:188} INFO - [2024-07-12T08:16:49.886+0000] {dagbag.py:545} INFO - Filling up the DagBag from /home/airflow/.local/lib/python3.12/site-packages/airflow/example_dags/example_complex.py
[2024-07-12T08:16:49.893+0000] {processor.py:840} INFO - DAG(s) 'example_complex' retrieved from /home/airflow/.local/lib/python3.12/site-packages/airflow/example_dags/example_complex.py
[2024-07-12T08:16:49.913+0000] {logging_mixin.py:188} INFO - [2024-07-12T08:16:49.912+0000] {dag.py:3096} INFO - Sync 1 DAGs
[2024-07-12T08:16:49.921+0000] {logging_mixin.py:188} INFO - [2024-07-12T08:16:49.921+0000] {dag.py:3954} INFO - Setting next_dagrun for example_complex to None, run_after=None
[2024-07-12T08:16:49.935+0000] {processor.py:183} INFO - Processing /home/airflow/.local/lib/python3.12/site-packages/airflow/example_dags/example_complex.py took 0.054 seconds
[2024-07-12T08:17:20.146+0000] {processor.py:161} INFO - Started process (PID=1106) to work on /home/airflow/.local/lib/python3.12/site-packages/airflow/example_dags/example_complex.py
[2024-07-12T08:17:20.147+0000] {processor.py:830} INFO - Processing file /home/airflow/.local/lib/python3.12/site-packages/airflow/example_dags/example_complex.py for tasks to queue
[2024-07-12T08:17:20.148+0000] {logging_mixin.py:188} INFO - [2024-07-12T08:17:20.148+0000] {dagbag.py:545} INFO - Filling up the DagBag from /home/airflow/.local/lib/python3.12/site-packages/airflow/example_dags/example_complex.py
[2024-07-12T08:17:20.155+0000] {processor.py:840} INFO - DAG(s) 'example_complex' retrieved from /home/airflow/.local/lib/python3.12/site-packages/airflow/example_dags/example_complex.py
[2024-07-12T08:17:20.177+0000] {logging_mixin.py:188} INFO - [2024-07-12T08:17:20.176+0000] {dag.py:3096} INFO - Sync 1 DAGs
[2024-07-12T08:17:20.186+0000] {logging_mixin.py:188} INFO - [2024-07-12T08:17:20.186+0000] {dag.py:3954} INFO - Setting next_dagrun for example_complex to None, run_after=None
[2024-07-12T08:17:20.200+0000] {processor.py:183} INFO - Processing /home/airflow/.local/lib/python3.12/site-packages/airflow/example_dags/example_complex.py took 0.057 seconds
[2024-07-12T08:17:50.410+0000] {processor.py:161} INFO - Started process (PID=1164) to work on /home/airflow/.local/lib/python3.12/site-packages/airflow/example_dags/example_complex.py
[2024-07-12T08:17:50.411+0000] {processor.py:830} INFO - Processing file /home/airflow/.local/lib/python3.12/site-packages/airflow/example_dags/example_complex.py for tasks to queue
[2024-07-12T08:17:50.412+0000] {logging_mixin.py:188} INFO - [2024-07-12T08:17:50.412+0000] {dagbag.py:545} INFO - Filling up the DagBag from /home/airflow/.local/lib/python3.12/site-packages/airflow/example_dags/example_complex.py
[2024-07-12T08:17:50.419+0000] {processor.py:840} INFO - DAG(s) 'example_complex' retrieved from /home/airflow/.local/lib/python3.12/site-packages/airflow/example_dags/example_complex.py
[2024-07-12T08:17:50.439+0000] {logging_mixin.py:188} INFO - [2024-07-12T08:17:50.438+0000] {dag.py:3096} INFO - Sync 1 DAGs
[2024-07-12T08:17:50.447+0000] {logging_mixin.py:188} INFO - [2024-07-12T08:17:50.447+0000] {dag.py:3954} INFO - Setting next_dagrun for example_complex to None, run_after=None
[2024-07-12T08:17:50.461+0000] {processor.py:183} INFO - Processing /home/airflow/.local/lib/python3.12/site-packages/airflow/example_dags/example_complex.py took 0.055 seconds
[2024-07-12T08:18:20.719+0000] {processor.py:161} INFO - Started process (PID=1222) to work on /home/airflow/.local/lib/python3.12/site-packages/airflow/example_dags/example_complex.py
[2024-07-12T08:18:20.720+0000] {processor.py:830} INFO - Processing file /home/airflow/.local/lib/python3.12/site-packages/airflow/example_dags/example_complex.py for tasks to queue
[2024-07-12T08:18:20.722+0000] {logging_mixin.py:188} INFO - [2024-07-12T08:18:20.721+0000] {dagbag.py:545} INFO - Filling up the DagBag from /home/airflow/.local/lib/python3.12/site-packages/airflow/example_dags/example_complex.py
[2024-07-12T08:18:20.729+0000] {processor.py:840} INFO - DAG(s) 'example_complex' retrieved from /home/airflow/.local/lib/python3.12/site-packages/airflow/example_dags/example_complex.py
[2024-07-12T08:18:20.749+0000] {logging_mixin.py:188} INFO - [2024-07-12T08:18:20.749+0000] {dag.py:3096} INFO - Sync 1 DAGs
[2024-07-12T08:18:20.758+0000] {logging_mixin.py:188} INFO - [2024-07-12T08:18:20.758+0000] {dag.py:3954} INFO - Setting next_dagrun for example_complex to None, run_after=None
[2024-07-12T08:18:20.772+0000] {processor.py:183} INFO - Processing /home/airflow/.local/lib/python3.12/site-packages/airflow/example_dags/example_complex.py took 0.057 seconds
[2024-07-12T08:18:50.994+0000] {processor.py:161} INFO - Started process (PID=1280) to work on /home/airflow/.local/lib/python3.12/site-packages/airflow/example_dags/example_complex.py
[2024-07-12T08:18:50.995+0000] {processor.py:830} INFO - Processing file /home/airflow/.local/lib/python3.12/site-packages/airflow/example_dags/example_complex.py for tasks to queue
[2024-07-12T08:18:50.997+0000] {logging_mixin.py:188} INFO - [2024-07-12T08:18:50.996+0000] {dagbag.py:545} INFO - Filling up the DagBag from /home/airflow/.local/lib/python3.12/site-packages/airflow/example_dags/example_complex.py
[2024-07-12T08:18:51.003+0000] {processor.py:840} INFO - DAG(s) 'example_complex' retrieved from /home/airflow/.local/lib/python3.12/site-packages/airflow/example_dags/example_complex.py
[2024-07-12T08:18:51.023+0000] {logging_mixin.py:188} INFO - [2024-07-12T08:18:51.022+0000] {dag.py:3096} INFO - Sync 1 DAGs
[2024-07-12T08:18:51.032+0000] {logging_mixin.py:188} INFO - [2024-07-12T08:18:51.032+0000] {dag.py:3954} INFO - Setting next_dagrun for example_complex to None, run_after=None
[2024-07-12T08:18:51.047+0000] {processor.py:183} INFO - Processing /home/airflow/.local/lib/python3.12/site-packages/airflow/example_dags/example_complex.py took 0.056 seconds
[2024-07-12T08:19:21.348+0000] {processor.py:161} INFO - Started process (PID=1338) to work on /home/airflow/.local/lib/python3.12/site-packages/airflow/example_dags/example_complex.py
[2024-07-12T08:19:21.348+0000] {processor.py:830} INFO - Processing file /home/airflow/.local/lib/python3.12/site-packages/airflow/example_dags/example_complex.py for tasks to queue
[2024-07-12T08:19:21.350+0000] {logging_mixin.py:188} INFO - [2024-07-12T08:19:21.349+0000] {dagbag.py:545} INFO - Filling up the DagBag from /home/airflow/.local/lib/python3.12/site-packages/airflow/example_dags/example_complex.py
[2024-07-12T08:19:21.356+0000] {processor.py:840} INFO - DAG(s) 'example_complex' retrieved from /home/airflow/.local/lib/python3.12/site-packages/airflow/example_dags/example_complex.py
[2024-07-12T08:19:21.376+0000] {logging_mixin.py:188} INFO - [2024-07-12T08:19:21.376+0000] {dag.py:3096} INFO - Sync 1 DAGs
[2024-07-12T08:19:21.385+0000] {logging_mixin.py:188} INFO - [2024-07-12T08:19:21.385+0000] {dag.py:3954} INFO - Setting next_dagrun for example_complex to None, run_after=None
[2024-07-12T08:19:21.400+0000] {processor.py:183} INFO - Processing /home/airflow/.local/lib/python3.12/site-packages/airflow/example_dags/example_complex.py took 0.057 seconds
[2024-07-12T08:19:51.435+0000] {processor.py:161} INFO - Started process (PID=1395) to work on /home/airflow/.local/lib/python3.12/site-packages/airflow/example_dags/example_complex.py
[2024-07-12T08:19:51.436+0000] {processor.py:830} INFO - Processing file /home/airflow/.local/lib/python3.12/site-packages/airflow/example_dags/example_complex.py for tasks to queue
[2024-07-12T08:19:51.438+0000] {logging_mixin.py:188} INFO - [2024-07-12T08:19:51.437+0000] {dagbag.py:545} INFO - Filling up the DagBag from /home/airflow/.local/lib/python3.12/site-packages/airflow/example_dags/example_complex.py
[2024-07-12T08:19:51.444+0000] {processor.py:840} INFO - DAG(s) 'example_complex' retrieved from /home/airflow/.local/lib/python3.12/site-packages/airflow/example_dags/example_complex.py
[2024-07-12T08:19:51.464+0000] {logging_mixin.py:188} INFO - [2024-07-12T08:19:51.464+0000] {dag.py:3096} INFO - Sync 1 DAGs
[2024-07-12T08:19:51.472+0000] {logging_mixin.py:188} INFO - [2024-07-12T08:19:51.472+0000] {dag.py:3954} INFO - Setting next_dagrun for example_complex to None, run_after=None
[2024-07-12T08:19:51.487+0000] {processor.py:183} INFO - Processing /home/airflow/.local/lib/python3.12/site-packages/airflow/example_dags/example_complex.py took 0.057 seconds
[2024-07-12T08:20:21.526+0000] {processor.py:161} INFO - Started process (PID=1453) to work on /home/airflow/.local/lib/python3.12/site-packages/airflow/example_dags/example_complex.py
[2024-07-12T08:20:21.527+0000] {processor.py:830} INFO - Processing file /home/airflow/.local/lib/python3.12/site-packages/airflow/example_dags/example_complex.py for tasks to queue
[2024-07-12T08:20:21.528+0000] {logging_mixin.py:188} INFO - [2024-07-12T08:20:21.528+0000] {dagbag.py:545} INFO - Filling up the DagBag from /home/airflow/.local/lib/python3.12/site-packages/airflow/example_dags/example_complex.py
[2024-07-12T08:20:21.535+0000] {processor.py:840} INFO - DAG(s) 'example_complex' retrieved from /home/airflow/.local/lib/python3.12/site-packages/airflow/example_dags/example_complex.py
[2024-07-12T08:20:21.554+0000] {logging_mixin.py:188} INFO - [2024-07-12T08:20:21.554+0000] {dag.py:3096} INFO - Sync 1 DAGs
[2024-07-12T08:20:21.563+0000] {logging_mixin.py:188} INFO - [2024-07-12T08:20:21.563+0000] {dag.py:3954} INFO - Setting next_dagrun for example_complex to None, run_after=None
[2024-07-12T08:20:21.577+0000] {processor.py:183} INFO - Processing /home/airflow/.local/lib/python3.12/site-packages/airflow/example_dags/example_complex.py took 0.054 seconds
[2024-07-12T08:22:55.394+0000] {processor.py:161} INFO - Started process (PID=57) to work on /home/airflow/.local/lib/python3.12/site-packages/airflow/example_dags/example_complex.py
[2024-07-12T08:22:55.395+0000] {processor.py:830} INFO - Processing file /home/airflow/.local/lib/python3.12/site-packages/airflow/example_dags/example_complex.py for tasks to queue
[2024-07-12T08:22:55.396+0000] {logging_mixin.py:188} INFO - [2024-07-12T08:22:55.396+0000] {dagbag.py:545} INFO - Filling up the DagBag from /home/airflow/.local/lib/python3.12/site-packages/airflow/example_dags/example_complex.py
[2024-07-12T08:22:55.405+0000] {processor.py:840} INFO - DAG(s) 'example_complex' retrieved from /home/airflow/.local/lib/python3.12/site-packages/airflow/example_dags/example_complex.py
[2024-07-12T08:22:55.413+0000] {logging_mixin.py:188} INFO - [2024-07-12T08:22:55.413+0000] {dag.py:3096} INFO - Sync 1 DAGs
[2024-07-12T08:22:55.423+0000] {logging_mixin.py:188} INFO - [2024-07-12T08:22:55.423+0000] {dag.py:3954} INFO - Setting next_dagrun for example_complex to None, run_after=None
[2024-07-12T08:22:55.439+0000] {processor.py:183} INFO - Processing /home/airflow/.local/lib/python3.12/site-packages/airflow/example_dags/example_complex.py took 0.048 seconds
[2024-07-12T08:23:25.752+0000] {processor.py:161} INFO - Started process (PID=115) to work on /home/airflow/.local/lib/python3.12/site-packages/airflow/example_dags/example_complex.py
[2024-07-12T08:23:25.753+0000] {processor.py:830} INFO - Processing file /home/airflow/.local/lib/python3.12/site-packages/airflow/example_dags/example_complex.py for tasks to queue
[2024-07-12T08:23:25.755+0000] {logging_mixin.py:188} INFO - [2024-07-12T08:23:25.754+0000] {dagbag.py:545} INFO - Filling up the DagBag from /home/airflow/.local/lib/python3.12/site-packages/airflow/example_dags/example_complex.py
[2024-07-12T08:23:25.761+0000] {processor.py:840} INFO - DAG(s) 'example_complex' retrieved from /home/airflow/.local/lib/python3.12/site-packages/airflow/example_dags/example_complex.py
[2024-07-12T08:23:25.830+0000] {logging_mixin.py:188} INFO - [2024-07-12T08:23:25.830+0000] {dag.py:3096} INFO - Sync 1 DAGs
[2024-07-12T08:23:25.838+0000] {logging_mixin.py:188} INFO - [2024-07-12T08:23:25.837+0000] {dag.py:3954} INFO - Setting next_dagrun for example_complex to None, run_after=None
[2024-07-12T08:23:25.853+0000] {processor.py:183} INFO - Processing /home/airflow/.local/lib/python3.12/site-packages/airflow/example_dags/example_complex.py took 0.105 seconds
[2024-07-12T08:23:56.072+0000] {processor.py:161} INFO - Started process (PID=173) to work on /home/airflow/.local/lib/python3.12/site-packages/airflow/example_dags/example_complex.py
[2024-07-12T08:23:56.073+0000] {processor.py:830} INFO - Processing file /home/airflow/.local/lib/python3.12/site-packages/airflow/example_dags/example_complex.py for tasks to queue
[2024-07-12T08:23:56.074+0000] {logging_mixin.py:188} INFO - [2024-07-12T08:23:56.074+0000] {dagbag.py:545} INFO - Filling up the DagBag from /home/airflow/.local/lib/python3.12/site-packages/airflow/example_dags/example_complex.py
[2024-07-12T08:23:56.080+0000] {processor.py:840} INFO - DAG(s) 'example_complex' retrieved from /home/airflow/.local/lib/python3.12/site-packages/airflow/example_dags/example_complex.py
[2024-07-12T08:23:56.101+0000] {logging_mixin.py:188} INFO - [2024-07-12T08:23:56.101+0000] {dag.py:3096} INFO - Sync 1 DAGs
[2024-07-12T08:23:56.110+0000] {logging_mixin.py:188} INFO - [2024-07-12T08:23:56.110+0000] {dag.py:3954} INFO - Setting next_dagrun for example_complex to None, run_after=None
[2024-07-12T08:23:56.125+0000] {processor.py:183} INFO - Processing /home/airflow/.local/lib/python3.12/site-packages/airflow/example_dags/example_complex.py took 0.058 seconds
[2024-07-12T08:24:26.258+0000] {processor.py:161} INFO - Started process (PID=231) to work on /home/airflow/.local/lib/python3.12/site-packages/airflow/example_dags/example_complex.py
[2024-07-12T08:24:26.259+0000] {processor.py:830} INFO - Processing file /home/airflow/.local/lib/python3.12/site-packages/airflow/example_dags/example_complex.py for tasks to queue
[2024-07-12T08:24:26.260+0000] {logging_mixin.py:188} INFO - [2024-07-12T08:24:26.260+0000] {dagbag.py:545} INFO - Filling up the DagBag from /home/airflow/.local/lib/python3.12/site-packages/airflow/example_dags/example_complex.py
[2024-07-12T08:24:26.267+0000] {processor.py:840} INFO - DAG(s) 'example_complex' retrieved from /home/airflow/.local/lib/python3.12/site-packages/airflow/example_dags/example_complex.py
[2024-07-12T08:24:26.288+0000] {logging_mixin.py:188} INFO - [2024-07-12T08:24:26.288+0000] {dag.py:3096} INFO - Sync 1 DAGs
[2024-07-12T08:24:26.297+0000] {logging_mixin.py:188} INFO - [2024-07-12T08:24:26.297+0000] {dag.py:3954} INFO - Setting next_dagrun for example_complex to None, run_after=None
[2024-07-12T08:24:26.313+0000] {processor.py:183} INFO - Processing /home/airflow/.local/lib/python3.12/site-packages/airflow/example_dags/example_complex.py took 0.058 seconds
[2024-07-12T08:24:56.522+0000] {processor.py:161} INFO - Started process (PID=289) to work on /home/airflow/.local/lib/python3.12/site-packages/airflow/example_dags/example_complex.py
[2024-07-12T08:24:56.522+0000] {processor.py:830} INFO - Processing file /home/airflow/.local/lib/python3.12/site-packages/airflow/example_dags/example_complex.py for tasks to queue
[2024-07-12T08:24:56.524+0000] {logging_mixin.py:188} INFO - [2024-07-12T08:24:56.524+0000] {dagbag.py:545} INFO - Filling up the DagBag from /home/airflow/.local/lib/python3.12/site-packages/airflow/example_dags/example_complex.py
[2024-07-12T08:24:56.530+0000] {processor.py:840} INFO - DAG(s) 'example_complex' retrieved from /home/airflow/.local/lib/python3.12/site-packages/airflow/example_dags/example_complex.py
[2024-07-12T08:24:56.550+0000] {logging_mixin.py:188} INFO - [2024-07-12T08:24:56.550+0000] {dag.py:3096} INFO - Sync 1 DAGs
[2024-07-12T08:24:56.558+0000] {logging_mixin.py:188} INFO - [2024-07-12T08:24:56.558+0000] {dag.py:3954} INFO - Setting next_dagrun for example_complex to None, run_after=None
[2024-07-12T08:24:56.572+0000] {processor.py:183} INFO - Processing /home/airflow/.local/lib/python3.12/site-packages/airflow/example_dags/example_complex.py took 0.054 seconds
[2024-07-12T08:25:26.690+0000] {processor.py:161} INFO - Started process (PID=347) to work on /home/airflow/.local/lib/python3.12/site-packages/airflow/example_dags/example_complex.py
[2024-07-12T08:25:26.691+0000] {processor.py:830} INFO - Processing file /home/airflow/.local/lib/python3.12/site-packages/airflow/example_dags/example_complex.py for tasks to queue
[2024-07-12T08:25:26.692+0000] {logging_mixin.py:188} INFO - [2024-07-12T08:25:26.692+0000] {dagbag.py:545} INFO - Filling up the DagBag from /home/airflow/.local/lib/python3.12/site-packages/airflow/example_dags/example_complex.py
[2024-07-12T08:25:26.700+0000] {processor.py:840} INFO - DAG(s) 'example_complex' retrieved from /home/airflow/.local/lib/python3.12/site-packages/airflow/example_dags/example_complex.py
[2024-07-12T08:25:26.721+0000] {logging_mixin.py:188} INFO - [2024-07-12T08:25:26.721+0000] {dag.py:3096} INFO - Sync 1 DAGs
[2024-07-12T08:25:26.730+0000] {logging_mixin.py:188} INFO - [2024-07-12T08:25:26.730+0000] {dag.py:3954} INFO - Setting next_dagrun for example_complex to None, run_after=None
[2024-07-12T08:25:26.746+0000] {processor.py:183} INFO - Processing /home/airflow/.local/lib/python3.12/site-packages/airflow/example_dags/example_complex.py took 0.060 seconds
[2024-07-12T08:25:56.848+0000] {processor.py:161} INFO - Started process (PID=404) to work on /home/airflow/.local/lib/python3.12/site-packages/airflow/example_dags/example_complex.py
[2024-07-12T08:25:56.849+0000] {processor.py:830} INFO - Processing file /home/airflow/.local/lib/python3.12/site-packages/airflow/example_dags/example_complex.py for tasks to queue
[2024-07-12T08:25:56.850+0000] {logging_mixin.py:188} INFO - [2024-07-12T08:25:56.850+0000] {dagbag.py:545} INFO - Filling up the DagBag from /home/airflow/.local/lib/python3.12/site-packages/airflow/example_dags/example_complex.py
[2024-07-12T08:25:56.857+0000] {processor.py:840} INFO - DAG(s) 'example_complex' retrieved from /home/airflow/.local/lib/python3.12/site-packages/airflow/example_dags/example_complex.py
[2024-07-12T08:25:56.876+0000] {logging_mixin.py:188} INFO - [2024-07-12T08:25:56.876+0000] {dag.py:3096} INFO - Sync 1 DAGs
[2024-07-12T08:25:56.884+0000] {logging_mixin.py:188} INFO - [2024-07-12T08:25:56.884+0000] {dag.py:3954} INFO - Setting next_dagrun for example_complex to None, run_after=None
[2024-07-12T08:25:56.897+0000] {processor.py:183} INFO - Processing /home/airflow/.local/lib/python3.12/site-packages/airflow/example_dags/example_complex.py took 0.054 seconds
[2024-07-12T08:27:24.585+0000] {processor.py:161} INFO - Started process (PID=57) to work on /home/airflow/.local/lib/python3.12/site-packages/airflow/example_dags/example_complex.py
[2024-07-12T08:27:24.586+0000] {processor.py:830} INFO - Processing file /home/airflow/.local/lib/python3.12/site-packages/airflow/example_dags/example_complex.py for tasks to queue
[2024-07-12T08:27:24.587+0000] {logging_mixin.py:188} INFO - [2024-07-12T08:27:24.587+0000] {dagbag.py:545} INFO - Filling up the DagBag from /home/airflow/.local/lib/python3.12/site-packages/airflow/example_dags/example_complex.py
[2024-07-12T08:27:24.597+0000] {processor.py:840} INFO - DAG(s) 'example_complex' retrieved from /home/airflow/.local/lib/python3.12/site-packages/airflow/example_dags/example_complex.py
[2024-07-12T08:27:24.603+0000] {logging_mixin.py:188} INFO - [2024-07-12T08:27:24.603+0000] {dag.py:3096} INFO - Sync 1 DAGs
[2024-07-12T08:27:24.613+0000] {logging_mixin.py:188} INFO - [2024-07-12T08:27:24.613+0000] {dag.py:3954} INFO - Setting next_dagrun for example_complex to None, run_after=None
[2024-07-12T08:27:24.633+0000] {processor.py:183} INFO - Processing /home/airflow/.local/lib/python3.12/site-packages/airflow/example_dags/example_complex.py took 0.052 seconds
[2024-07-12T08:27:55.407+0000] {processor.py:161} INFO - Started process (PID=115) to work on /home/airflow/.local/lib/python3.12/site-packages/airflow/example_dags/example_complex.py
[2024-07-12T08:27:55.408+0000] {processor.py:830} INFO - Processing file /home/airflow/.local/lib/python3.12/site-packages/airflow/example_dags/example_complex.py for tasks to queue
[2024-07-12T08:27:55.409+0000] {logging_mixin.py:188} INFO - [2024-07-12T08:27:55.409+0000] {dagbag.py:545} INFO - Filling up the DagBag from /home/airflow/.local/lib/python3.12/site-packages/airflow/example_dags/example_complex.py
[2024-07-12T08:27:55.416+0000] {processor.py:840} INFO - DAG(s) 'example_complex' retrieved from /home/airflow/.local/lib/python3.12/site-packages/airflow/example_dags/example_complex.py
[2024-07-12T08:27:55.422+0000] {logging_mixin.py:188} INFO - [2024-07-12T08:27:55.422+0000] {dag.py:3096} INFO - Sync 1 DAGs
[2024-07-12T08:27:55.432+0000] {logging_mixin.py:188} INFO - [2024-07-12T08:27:55.432+0000] {dag.py:3954} INFO - Setting next_dagrun for example_complex to None, run_after=None
[2024-07-12T08:27:55.448+0000] {processor.py:183} INFO - Processing /home/airflow/.local/lib/python3.12/site-packages/airflow/example_dags/example_complex.py took 0.044 seconds
[2024-07-12T08:29:02.625+0000] {processor.py:161} INFO - Started process (PID=57) to work on /home/airflow/.local/lib/python3.12/site-packages/airflow/example_dags/example_complex.py
[2024-07-12T08:29:02.626+0000] {processor.py:830} INFO - Processing file /home/airflow/.local/lib/python3.12/site-packages/airflow/example_dags/example_complex.py for tasks to queue
[2024-07-12T08:29:02.627+0000] {logging_mixin.py:188} INFO - [2024-07-12T08:29:02.627+0000] {dagbag.py:545} INFO - Filling up the DagBag from /home/airflow/.local/lib/python3.12/site-packages/airflow/example_dags/example_complex.py
[2024-07-12T08:29:02.636+0000] {processor.py:840} INFO - DAG(s) 'example_complex' retrieved from /home/airflow/.local/lib/python3.12/site-packages/airflow/example_dags/example_complex.py
[2024-07-12T08:29:02.642+0000] {logging_mixin.py:188} INFO - [2024-07-12T08:29:02.642+0000] {dag.py:3096} INFO - Sync 1 DAGs
[2024-07-12T08:29:02.651+0000] {logging_mixin.py:188} INFO - [2024-07-12T08:29:02.651+0000] {dag.py:3954} INFO - Setting next_dagrun for example_complex to None, run_after=None
[2024-07-12T08:29:02.666+0000] {processor.py:183} INFO - Processing /home/airflow/.local/lib/python3.12/site-packages/airflow/example_dags/example_complex.py took 0.045 seconds
[2024-07-12T08:29:32.940+0000] {processor.py:161} INFO - Started process (PID=115) to work on /home/airflow/.local/lib/python3.12/site-packages/airflow/example_dags/example_complex.py
[2024-07-12T08:29:32.941+0000] {processor.py:830} INFO - Processing file /home/airflow/.local/lib/python3.12/site-packages/airflow/example_dags/example_complex.py for tasks to queue
[2024-07-12T08:29:32.942+0000] {logging_mixin.py:188} INFO - [2024-07-12T08:29:32.941+0000] {dagbag.py:545} INFO - Filling up the DagBag from /home/airflow/.local/lib/python3.12/site-packages/airflow/example_dags/example_complex.py
[2024-07-12T08:29:32.948+0000] {processor.py:840} INFO - DAG(s) 'example_complex' retrieved from /home/airflow/.local/lib/python3.12/site-packages/airflow/example_dags/example_complex.py
[2024-07-12T08:29:33.018+0000] {logging_mixin.py:188} INFO - [2024-07-12T08:29:33.018+0000] {dag.py:3096} INFO - Sync 1 DAGs
[2024-07-12T08:29:33.026+0000] {logging_mixin.py:188} INFO - [2024-07-12T08:29:33.026+0000] {dag.py:3954} INFO - Setting next_dagrun for example_complex to None, run_after=None
[2024-07-12T08:29:33.043+0000] {processor.py:183} INFO - Processing /home/airflow/.local/lib/python3.12/site-packages/airflow/example_dags/example_complex.py took 0.106 seconds
[2024-07-12T08:30:04.042+0000] {processor.py:161} INFO - Started process (PID=173) to work on /home/airflow/.local/lib/python3.12/site-packages/airflow/example_dags/example_complex.py
[2024-07-12T08:30:04.043+0000] {processor.py:830} INFO - Processing file /home/airflow/.local/lib/python3.12/site-packages/airflow/example_dags/example_complex.py for tasks to queue
[2024-07-12T08:30:04.045+0000] {logging_mixin.py:188} INFO - [2024-07-12T08:30:04.044+0000] {dagbag.py:545} INFO - Filling up the DagBag from /home/airflow/.local/lib/python3.12/site-packages/airflow/example_dags/example_complex.py
[2024-07-12T08:30:04.052+0000] {processor.py:840} INFO - DAG(s) 'example_complex' retrieved from /home/airflow/.local/lib/python3.12/site-packages/airflow/example_dags/example_complex.py
[2024-07-12T08:30:04.073+0000] {logging_mixin.py:188} INFO - [2024-07-12T08:30:04.073+0000] {dag.py:3096} INFO - Sync 1 DAGs
[2024-07-12T08:30:04.083+0000] {logging_mixin.py:188} INFO - [2024-07-12T08:30:04.083+0000] {dag.py:3954} INFO - Setting next_dagrun for example_complex to None, run_after=None
[2024-07-12T08:30:04.099+0000] {processor.py:183} INFO - Processing /home/airflow/.local/lib/python3.12/site-packages/airflow/example_dags/example_complex.py took 0.061 seconds
[2024-07-12T08:30:34.181+0000] {processor.py:161} INFO - Started process (PID=231) to work on /home/airflow/.local/lib/python3.12/site-packages/airflow/example_dags/example_complex.py
[2024-07-12T08:30:34.182+0000] {processor.py:830} INFO - Processing file /home/airflow/.local/lib/python3.12/site-packages/airflow/example_dags/example_complex.py for tasks to queue
[2024-07-12T08:30:34.183+0000] {logging_mixin.py:188} INFO - [2024-07-12T08:30:34.183+0000] {dagbag.py:545} INFO - Filling up the DagBag from /home/airflow/.local/lib/python3.12/site-packages/airflow/example_dags/example_complex.py
[2024-07-12T08:30:34.190+0000] {processor.py:840} INFO - DAG(s) 'example_complex' retrieved from /home/airflow/.local/lib/python3.12/site-packages/airflow/example_dags/example_complex.py
[2024-07-12T08:30:34.210+0000] {logging_mixin.py:188} INFO - [2024-07-12T08:30:34.210+0000] {dag.py:3096} INFO - Sync 1 DAGs
[2024-07-12T08:30:34.220+0000] {logging_mixin.py:188} INFO - [2024-07-12T08:30:34.219+0000] {dag.py:3954} INFO - Setting next_dagrun for example_complex to None, run_after=None
[2024-07-12T08:30:34.236+0000] {processor.py:183} INFO - Processing /home/airflow/.local/lib/python3.12/site-packages/airflow/example_dags/example_complex.py took 0.058 seconds
[2024-07-12T08:31:04.326+0000] {processor.py:161} INFO - Started process (PID=289) to work on /home/airflow/.local/lib/python3.12/site-packages/airflow/example_dags/example_complex.py
[2024-07-12T08:31:04.327+0000] {processor.py:830} INFO - Processing file /home/airflow/.local/lib/python3.12/site-packages/airflow/example_dags/example_complex.py for tasks to queue
[2024-07-12T08:31:04.328+0000] {logging_mixin.py:188} INFO - [2024-07-12T08:31:04.328+0000] {dagbag.py:545} INFO - Filling up the DagBag from /home/airflow/.local/lib/python3.12/site-packages/airflow/example_dags/example_complex.py
[2024-07-12T08:31:04.334+0000] {processor.py:840} INFO - DAG(s) 'example_complex' retrieved from /home/airflow/.local/lib/python3.12/site-packages/airflow/example_dags/example_complex.py
[2024-07-12T08:31:04.353+0000] {logging_mixin.py:188} INFO - [2024-07-12T08:31:04.353+0000] {dag.py:3096} INFO - Sync 1 DAGs
[2024-07-12T08:31:04.361+0000] {logging_mixin.py:188} INFO - [2024-07-12T08:31:04.361+0000] {dag.py:3954} INFO - Setting next_dagrun for example_complex to None, run_after=None
[2024-07-12T08:31:04.375+0000] {processor.py:183} INFO - Processing /home/airflow/.local/lib/python3.12/site-packages/airflow/example_dags/example_complex.py took 0.053 seconds
[2024-07-12T08:31:34.708+0000] {processor.py:161} INFO - Started process (PID=347) to work on /home/airflow/.local/lib/python3.12/site-packages/airflow/example_dags/example_complex.py
[2024-07-12T08:31:34.708+0000] {processor.py:830} INFO - Processing file /home/airflow/.local/lib/python3.12/site-packages/airflow/example_dags/example_complex.py for tasks to queue
[2024-07-12T08:31:34.710+0000] {logging_mixin.py:188} INFO - [2024-07-12T08:31:34.709+0000] {dagbag.py:545} INFO - Filling up the DagBag from /home/airflow/.local/lib/python3.12/site-packages/airflow/example_dags/example_complex.py
[2024-07-12T08:31:34.716+0000] {processor.py:840} INFO - DAG(s) 'example_complex' retrieved from /home/airflow/.local/lib/python3.12/site-packages/airflow/example_dags/example_complex.py
[2024-07-12T08:31:34.735+0000] {logging_mixin.py:188} INFO - [2024-07-12T08:31:34.734+0000] {dag.py:3096} INFO - Sync 1 DAGs
[2024-07-12T08:31:34.743+0000] {logging_mixin.py:188} INFO - [2024-07-12T08:31:34.743+0000] {dag.py:3954} INFO - Setting next_dagrun for example_complex to None, run_after=None
[2024-07-12T08:31:34.758+0000] {processor.py:183} INFO - Processing /home/airflow/.local/lib/python3.12/site-packages/airflow/example_dags/example_complex.py took 0.054 seconds
[2024-07-12T08:32:04.938+0000] {processor.py:161} INFO - Started process (PID=405) to work on /home/airflow/.local/lib/python3.12/site-packages/airflow/example_dags/example_complex.py
[2024-07-12T08:32:04.939+0000] {processor.py:830} INFO - Processing file /home/airflow/.local/lib/python3.12/site-packages/airflow/example_dags/example_complex.py for tasks to queue
[2024-07-12T08:32:04.940+0000] {logging_mixin.py:188} INFO - [2024-07-12T08:32:04.940+0000] {dagbag.py:545} INFO - Filling up the DagBag from /home/airflow/.local/lib/python3.12/site-packages/airflow/example_dags/example_complex.py
[2024-07-12T08:32:04.947+0000] {processor.py:840} INFO - DAG(s) 'example_complex' retrieved from /home/airflow/.local/lib/python3.12/site-packages/airflow/example_dags/example_complex.py
[2024-07-12T08:32:04.965+0000] {logging_mixin.py:188} INFO - [2024-07-12T08:32:04.964+0000] {dag.py:3096} INFO - Sync 1 DAGs
[2024-07-12T08:32:04.972+0000] {logging_mixin.py:188} INFO - [2024-07-12T08:32:04.972+0000] {dag.py:3954} INFO - Setting next_dagrun for example_complex to None, run_after=None
[2024-07-12T08:32:04.985+0000] {processor.py:183} INFO - Processing /home/airflow/.local/lib/python3.12/site-packages/airflow/example_dags/example_complex.py took 0.050 seconds
[2024-07-12T08:32:35.063+0000] {processor.py:161} INFO - Started process (PID=463) to work on /home/airflow/.local/lib/python3.12/site-packages/airflow/example_dags/example_complex.py
[2024-07-12T08:32:35.064+0000] {processor.py:830} INFO - Processing file /home/airflow/.local/lib/python3.12/site-packages/airflow/example_dags/example_complex.py for tasks to queue
[2024-07-12T08:32:35.065+0000] {logging_mixin.py:188} INFO - [2024-07-12T08:32:35.065+0000] {dagbag.py:545} INFO - Filling up the DagBag from /home/airflow/.local/lib/python3.12/site-packages/airflow/example_dags/example_complex.py
[2024-07-12T08:32:35.071+0000] {processor.py:840} INFO - DAG(s) 'example_complex' retrieved from /home/airflow/.local/lib/python3.12/site-packages/airflow/example_dags/example_complex.py
[2024-07-12T08:32:35.089+0000] {logging_mixin.py:188} INFO - [2024-07-12T08:32:35.089+0000] {dag.py:3096} INFO - Sync 1 DAGs
[2024-07-12T08:32:35.096+0000] {logging_mixin.py:188} INFO - [2024-07-12T08:32:35.096+0000] {dag.py:3954} INFO - Setting next_dagrun for example_complex to None, run_after=None
[2024-07-12T08:32:35.108+0000] {processor.py:183} INFO - Processing /home/airflow/.local/lib/python3.12/site-packages/airflow/example_dags/example_complex.py took 0.049 seconds
[2024-07-12T08:33:05.361+0000] {processor.py:161} INFO - Started process (PID=521) to work on /home/airflow/.local/lib/python3.12/site-packages/airflow/example_dags/example_complex.py
[2024-07-12T08:33:05.361+0000] {processor.py:830} INFO - Processing file /home/airflow/.local/lib/python3.12/site-packages/airflow/example_dags/example_complex.py for tasks to queue
[2024-07-12T08:33:05.363+0000] {logging_mixin.py:188} INFO - [2024-07-12T08:33:05.363+0000] {dagbag.py:545} INFO - Filling up the DagBag from /home/airflow/.local/lib/python3.12/site-packages/airflow/example_dags/example_complex.py
[2024-07-12T08:33:05.369+0000] {processor.py:840} INFO - DAG(s) 'example_complex' retrieved from /home/airflow/.local/lib/python3.12/site-packages/airflow/example_dags/example_complex.py
[2024-07-12T08:33:05.388+0000] {logging_mixin.py:188} INFO - [2024-07-12T08:33:05.388+0000] {dag.py:3096} INFO - Sync 1 DAGs
[2024-07-12T08:33:05.396+0000] {logging_mixin.py:188} INFO - [2024-07-12T08:33:05.395+0000] {dag.py:3954} INFO - Setting next_dagrun for example_complex to None, run_after=None
[2024-07-12T08:33:05.408+0000] {processor.py:183} INFO - Processing /home/airflow/.local/lib/python3.12/site-packages/airflow/example_dags/example_complex.py took 0.051 seconds
[2024-07-12T08:33:35.583+0000] {processor.py:161} INFO - Started process (PID=579) to work on /home/airflow/.local/lib/python3.12/site-packages/airflow/example_dags/example_complex.py
[2024-07-12T08:33:35.584+0000] {processor.py:830} INFO - Processing file /home/airflow/.local/lib/python3.12/site-packages/airflow/example_dags/example_complex.py for tasks to queue
[2024-07-12T08:33:35.586+0000] {logging_mixin.py:188} INFO - [2024-07-12T08:33:35.586+0000] {dagbag.py:545} INFO - Filling up the DagBag from /home/airflow/.local/lib/python3.12/site-packages/airflow/example_dags/example_complex.py
[2024-07-12T08:33:35.593+0000] {processor.py:840} INFO - DAG(s) 'example_complex' retrieved from /home/airflow/.local/lib/python3.12/site-packages/airflow/example_dags/example_complex.py
[2024-07-12T08:33:35.613+0000] {logging_mixin.py:188} INFO - [2024-07-12T08:33:35.613+0000] {dag.py:3096} INFO - Sync 1 DAGs
[2024-07-12T08:33:35.621+0000] {logging_mixin.py:188} INFO - [2024-07-12T08:33:35.621+0000] {dag.py:3954} INFO - Setting next_dagrun for example_complex to None, run_after=None
[2024-07-12T08:33:35.635+0000] {processor.py:183} INFO - Processing /home/airflow/.local/lib/python3.12/site-packages/airflow/example_dags/example_complex.py took 0.056 seconds
[2024-07-12T08:34:05.752+0000] {processor.py:161} INFO - Started process (PID=637) to work on /home/airflow/.local/lib/python3.12/site-packages/airflow/example_dags/example_complex.py
[2024-07-12T08:34:05.753+0000] {processor.py:830} INFO - Processing file /home/airflow/.local/lib/python3.12/site-packages/airflow/example_dags/example_complex.py for tasks to queue
[2024-07-12T08:34:05.754+0000] {logging_mixin.py:188} INFO - [2024-07-12T08:34:05.754+0000] {dagbag.py:545} INFO - Filling up the DagBag from /home/airflow/.local/lib/python3.12/site-packages/airflow/example_dags/example_complex.py
[2024-07-12T08:34:05.760+0000] {processor.py:840} INFO - DAG(s) 'example_complex' retrieved from /home/airflow/.local/lib/python3.12/site-packages/airflow/example_dags/example_complex.py
[2024-07-12T08:34:05.779+0000] {logging_mixin.py:188} INFO - [2024-07-12T08:34:05.779+0000] {dag.py:3096} INFO - Sync 1 DAGs
[2024-07-12T08:34:05.788+0000] {logging_mixin.py:188} INFO - [2024-07-12T08:34:05.788+0000] {dag.py:3954} INFO - Setting next_dagrun for example_complex to None, run_after=None
[2024-07-12T08:34:05.802+0000] {processor.py:183} INFO - Processing /home/airflow/.local/lib/python3.12/site-packages/airflow/example_dags/example_complex.py took 0.054 seconds
[2024-07-12T08:34:35.920+0000] {processor.py:161} INFO - Started process (PID=695) to work on /home/airflow/.local/lib/python3.12/site-packages/airflow/example_dags/example_complex.py
[2024-07-12T08:34:35.920+0000] {processor.py:830} INFO - Processing file /home/airflow/.local/lib/python3.12/site-packages/airflow/example_dags/example_complex.py for tasks to queue
[2024-07-12T08:34:35.921+0000] {logging_mixin.py:188} INFO - [2024-07-12T08:34:35.921+0000] {dagbag.py:545} INFO - Filling up the DagBag from /home/airflow/.local/lib/python3.12/site-packages/airflow/example_dags/example_complex.py
[2024-07-12T08:34:35.927+0000] {processor.py:840} INFO - DAG(s) 'example_complex' retrieved from /home/airflow/.local/lib/python3.12/site-packages/airflow/example_dags/example_complex.py
[2024-07-12T08:34:35.945+0000] {logging_mixin.py:188} INFO - [2024-07-12T08:34:35.945+0000] {dag.py:3096} INFO - Sync 1 DAGs
[2024-07-12T08:34:35.952+0000] {logging_mixin.py:188} INFO - [2024-07-12T08:34:35.952+0000] {dag.py:3954} INFO - Setting next_dagrun for example_complex to None, run_after=None
[2024-07-12T08:34:35.965+0000] {processor.py:183} INFO - Processing /home/airflow/.local/lib/python3.12/site-packages/airflow/example_dags/example_complex.py took 0.049 seconds
[2024-07-12T08:35:06.992+0000] {processor.py:161} INFO - Started process (PID=753) to work on /home/airflow/.local/lib/python3.12/site-packages/airflow/example_dags/example_complex.py
[2024-07-12T08:35:06.992+0000] {processor.py:830} INFO - Processing file /home/airflow/.local/lib/python3.12/site-packages/airflow/example_dags/example_complex.py for tasks to queue
[2024-07-12T08:35:06.994+0000] {logging_mixin.py:188} INFO - [2024-07-12T08:35:06.993+0000] {dagbag.py:545} INFO - Filling up the DagBag from /home/airflow/.local/lib/python3.12/site-packages/airflow/example_dags/example_complex.py
[2024-07-12T08:35:07.000+0000] {processor.py:840} INFO - DAG(s) 'example_complex' retrieved from /home/airflow/.local/lib/python3.12/site-packages/airflow/example_dags/example_complex.py
[2024-07-12T08:35:07.018+0000] {logging_mixin.py:188} INFO - [2024-07-12T08:35:07.018+0000] {dag.py:3096} INFO - Sync 1 DAGs
[2024-07-12T08:35:07.025+0000] {logging_mixin.py:188} INFO - [2024-07-12T08:35:07.025+0000] {dag.py:3954} INFO - Setting next_dagrun for example_complex to None, run_after=None
[2024-07-12T08:35:07.039+0000] {processor.py:183} INFO - Processing /home/airflow/.local/lib/python3.12/site-packages/airflow/example_dags/example_complex.py took 0.051 seconds
[2024-07-12T08:35:37.088+0000] {processor.py:161} INFO - Started process (PID=810) to work on /home/airflow/.local/lib/python3.12/site-packages/airflow/example_dags/example_complex.py
[2024-07-12T08:35:37.088+0000] {processor.py:830} INFO - Processing file /home/airflow/.local/lib/python3.12/site-packages/airflow/example_dags/example_complex.py for tasks to queue
[2024-07-12T08:35:37.090+0000] {logging_mixin.py:188} INFO - [2024-07-12T08:35:37.089+0000] {dagbag.py:545} INFO - Filling up the DagBag from /home/airflow/.local/lib/python3.12/site-packages/airflow/example_dags/example_complex.py
[2024-07-12T08:35:37.096+0000] {processor.py:840} INFO - DAG(s) 'example_complex' retrieved from /home/airflow/.local/lib/python3.12/site-packages/airflow/example_dags/example_complex.py
[2024-07-12T08:35:37.114+0000] {logging_mixin.py:188} INFO - [2024-07-12T08:35:37.114+0000] {dag.py:3096} INFO - Sync 1 DAGs
[2024-07-12T08:35:37.122+0000] {logging_mixin.py:188} INFO - [2024-07-12T08:35:37.121+0000] {dag.py:3954} INFO - Setting next_dagrun for example_complex to None, run_after=None
[2024-07-12T08:35:37.136+0000] {processor.py:183} INFO - Processing /home/airflow/.local/lib/python3.12/site-packages/airflow/example_dags/example_complex.py took 0.052 seconds
[2024-07-12T08:36:07.399+0000] {processor.py:161} INFO - Started process (PID=868) to work on /home/airflow/.local/lib/python3.12/site-packages/airflow/example_dags/example_complex.py
[2024-07-12T08:36:07.399+0000] {processor.py:830} INFO - Processing file /home/airflow/.local/lib/python3.12/site-packages/airflow/example_dags/example_complex.py for tasks to queue
[2024-07-12T08:36:07.401+0000] {logging_mixin.py:188} INFO - [2024-07-12T08:36:07.401+0000] {dagbag.py:545} INFO - Filling up the DagBag from /home/airflow/.local/lib/python3.12/site-packages/airflow/example_dags/example_complex.py
[2024-07-12T08:36:07.408+0000] {processor.py:840} INFO - DAG(s) 'example_complex' retrieved from /home/airflow/.local/lib/python3.12/site-packages/airflow/example_dags/example_complex.py
[2024-07-12T08:36:07.427+0000] {logging_mixin.py:188} INFO - [2024-07-12T08:36:07.427+0000] {dag.py:3096} INFO - Sync 1 DAGs
[2024-07-12T08:36:07.435+0000] {logging_mixin.py:188} INFO - [2024-07-12T08:36:07.435+0000] {dag.py:3954} INFO - Setting next_dagrun for example_complex to None, run_after=None
[2024-07-12T08:36:07.450+0000] {processor.py:183} INFO - Processing /home/airflow/.local/lib/python3.12/site-packages/airflow/example_dags/example_complex.py took 0.055 seconds
[2024-07-12T08:36:37.582+0000] {processor.py:161} INFO - Started process (PID=926) to work on /home/airflow/.local/lib/python3.12/site-packages/airflow/example_dags/example_complex.py
[2024-07-12T08:36:37.583+0000] {processor.py:830} INFO - Processing file /home/airflow/.local/lib/python3.12/site-packages/airflow/example_dags/example_complex.py for tasks to queue
[2024-07-12T08:36:37.584+0000] {logging_mixin.py:188} INFO - [2024-07-12T08:36:37.584+0000] {dagbag.py:545} INFO - Filling up the DagBag from /home/airflow/.local/lib/python3.12/site-packages/airflow/example_dags/example_complex.py
[2024-07-12T08:36:37.590+0000] {processor.py:840} INFO - DAG(s) 'example_complex' retrieved from /home/airflow/.local/lib/python3.12/site-packages/airflow/example_dags/example_complex.py
[2024-07-12T08:36:37.610+0000] {logging_mixin.py:188} INFO - [2024-07-12T08:36:37.610+0000] {dag.py:3096} INFO - Sync 1 DAGs
[2024-07-12T08:36:37.618+0000] {logging_mixin.py:188} INFO - [2024-07-12T08:36:37.617+0000] {dag.py:3954} INFO - Setting next_dagrun for example_complex to None, run_after=None
[2024-07-12T08:36:37.633+0000] {processor.py:183} INFO - Processing /home/airflow/.local/lib/python3.12/site-packages/airflow/example_dags/example_complex.py took 0.055 seconds
[2024-07-12T08:37:08.225+0000] {processor.py:161} INFO - Started process (PID=984) to work on /home/airflow/.local/lib/python3.12/site-packages/airflow/example_dags/example_complex.py
[2024-07-12T08:37:08.233+0000] {processor.py:830} INFO - Processing file /home/airflow/.local/lib/python3.12/site-packages/airflow/example_dags/example_complex.py for tasks to queue
[2024-07-12T08:37:08.235+0000] {logging_mixin.py:188} INFO - [2024-07-12T08:37:08.234+0000] {dagbag.py:545} INFO - Filling up the DagBag from /home/airflow/.local/lib/python3.12/site-packages/airflow/example_dags/example_complex.py
[2024-07-12T08:37:08.241+0000] {processor.py:840} INFO - DAG(s) 'example_complex' retrieved from /home/airflow/.local/lib/python3.12/site-packages/airflow/example_dags/example_complex.py
[2024-07-12T08:37:08.267+0000] {logging_mixin.py:188} INFO - [2024-07-12T08:37:08.267+0000] {dag.py:3096} INFO - Sync 1 DAGs
[2024-07-12T08:37:08.279+0000] {logging_mixin.py:188} INFO - [2024-07-12T08:37:08.279+0000] {dag.py:3954} INFO - Setting next_dagrun for example_complex to None, run_after=None
[2024-07-12T08:37:08.292+0000] {processor.py:183} INFO - Processing /home/airflow/.local/lib/python3.12/site-packages/airflow/example_dags/example_complex.py took 0.070 seconds
[2024-07-12T08:37:38.441+0000] {processor.py:161} INFO - Started process (PID=1042) to work on /home/airflow/.local/lib/python3.12/site-packages/airflow/example_dags/example_complex.py
[2024-07-12T08:37:38.442+0000] {processor.py:830} INFO - Processing file /home/airflow/.local/lib/python3.12/site-packages/airflow/example_dags/example_complex.py for tasks to queue
[2024-07-12T08:37:38.443+0000] {logging_mixin.py:188} INFO - [2024-07-12T08:37:38.443+0000] {dagbag.py:545} INFO - Filling up the DagBag from /home/airflow/.local/lib/python3.12/site-packages/airflow/example_dags/example_complex.py
[2024-07-12T08:37:38.449+0000] {processor.py:840} INFO - DAG(s) 'example_complex' retrieved from /home/airflow/.local/lib/python3.12/site-packages/airflow/example_dags/example_complex.py
[2024-07-12T08:37:38.467+0000] {logging_mixin.py:188} INFO - [2024-07-12T08:37:38.467+0000] {dag.py:3096} INFO - Sync 1 DAGs
[2024-07-12T08:37:38.474+0000] {logging_mixin.py:188} INFO - [2024-07-12T08:37:38.474+0000] {dag.py:3954} INFO - Setting next_dagrun for example_complex to None, run_after=None
[2024-07-12T08:37:38.487+0000] {processor.py:183} INFO - Processing /home/airflow/.local/lib/python3.12/site-packages/airflow/example_dags/example_complex.py took 0.048 seconds
[2024-07-12T08:38:08.707+0000] {processor.py:161} INFO - Started process (PID=1100) to work on /home/airflow/.local/lib/python3.12/site-packages/airflow/example_dags/example_complex.py
[2024-07-12T08:38:08.708+0000] {processor.py:830} INFO - Processing file /home/airflow/.local/lib/python3.12/site-packages/airflow/example_dags/example_complex.py for tasks to queue
[2024-07-12T08:38:08.709+0000] {logging_mixin.py:188} INFO - [2024-07-12T08:38:08.709+0000] {dagbag.py:545} INFO - Filling up the DagBag from /home/airflow/.local/lib/python3.12/site-packages/airflow/example_dags/example_complex.py
[2024-07-12T08:38:08.716+0000] {processor.py:840} INFO - DAG(s) 'example_complex' retrieved from /home/airflow/.local/lib/python3.12/site-packages/airflow/example_dags/example_complex.py
[2024-07-12T08:38:08.735+0000] {logging_mixin.py:188} INFO - [2024-07-12T08:38:08.735+0000] {dag.py:3096} INFO - Sync 1 DAGs
[2024-07-12T08:38:08.743+0000] {logging_mixin.py:188} INFO - [2024-07-12T08:38:08.743+0000] {dag.py:3954} INFO - Setting next_dagrun for example_complex to None, run_after=None
[2024-07-12T08:38:08.760+0000] {processor.py:183} INFO - Processing /home/airflow/.local/lib/python3.12/site-packages/airflow/example_dags/example_complex.py took 0.056 seconds
[2024-07-12T08:38:39.458+0000] {processor.py:161} INFO - Started process (PID=1158) to work on /home/airflow/.local/lib/python3.12/site-packages/airflow/example_dags/example_complex.py
[2024-07-12T08:38:39.459+0000] {processor.py:830} INFO - Processing file /home/airflow/.local/lib/python3.12/site-packages/airflow/example_dags/example_complex.py for tasks to queue
[2024-07-12T08:38:39.461+0000] {logging_mixin.py:188} INFO - [2024-07-12T08:38:39.461+0000] {dagbag.py:545} INFO - Filling up the DagBag from /home/airflow/.local/lib/python3.12/site-packages/airflow/example_dags/example_complex.py
[2024-07-12T08:38:39.472+0000] {processor.py:840} INFO - DAG(s) 'example_complex' retrieved from /home/airflow/.local/lib/python3.12/site-packages/airflow/example_dags/example_complex.py
[2024-07-12T08:38:39.499+0000] {logging_mixin.py:188} INFO - [2024-07-12T08:38:39.499+0000] {dag.py:3096} INFO - Sync 1 DAGs
[2024-07-12T08:38:39.507+0000] {logging_mixin.py:188} INFO - [2024-07-12T08:38:39.507+0000] {dag.py:3954} INFO - Setting next_dagrun for example_complex to None, run_after=None
[2024-07-12T08:38:39.523+0000] {processor.py:183} INFO - Processing /home/airflow/.local/lib/python3.12/site-packages/airflow/example_dags/example_complex.py took 0.069 seconds
[2024-07-12T08:39:09.649+0000] {processor.py:161} INFO - Started process (PID=1216) to work on /home/airflow/.local/lib/python3.12/site-packages/airflow/example_dags/example_complex.py
[2024-07-12T08:39:09.649+0000] {processor.py:830} INFO - Processing file /home/airflow/.local/lib/python3.12/site-packages/airflow/example_dags/example_complex.py for tasks to queue
[2024-07-12T08:39:09.651+0000] {logging_mixin.py:188} INFO - [2024-07-12T08:39:09.650+0000] {dagbag.py:545} INFO - Filling up the DagBag from /home/airflow/.local/lib/python3.12/site-packages/airflow/example_dags/example_complex.py
[2024-07-12T08:39:09.658+0000] {processor.py:840} INFO - DAG(s) 'example_complex' retrieved from /home/airflow/.local/lib/python3.12/site-packages/airflow/example_dags/example_complex.py
[2024-07-12T08:39:09.678+0000] {logging_mixin.py:188} INFO - [2024-07-12T08:39:09.677+0000] {dag.py:3096} INFO - Sync 1 DAGs
[2024-07-12T08:39:09.686+0000] {logging_mixin.py:188} INFO - [2024-07-12T08:39:09.685+0000] {dag.py:3954} INFO - Setting next_dagrun for example_complex to None, run_after=None
[2024-07-12T08:39:09.700+0000] {processor.py:183} INFO - Processing /home/airflow/.local/lib/python3.12/site-packages/airflow/example_dags/example_complex.py took 0.054 seconds
