[2024-07-12T07:58:05.569+0000] {processor.py:161} INFO - Started process (PID=66) to work on /home/airflow/.local/lib/python3.12/site-packages/airflow/example_dags/example_setup_teardown.py
[2024-07-12T07:58:05.570+0000] {processor.py:830} INFO - Processing file /home/airflow/.local/lib/python3.12/site-packages/airflow/example_dags/example_setup_teardown.py for tasks to queue
[2024-07-12T07:58:05.571+0000] {logging_mixin.py:188} INFO - [2024-07-12T07:58:05.571+0000] {dagbag.py:545} INFO - Filling up the DagBag from /home/airflow/.local/lib/python3.12/site-packages/airflow/example_dags/example_setup_teardown.py
[2024-07-12T07:58:05.578+0000] {processor.py:840} INFO - DAG(s) 'example_setup_teardown' retrieved from /home/airflow/.local/lib/python3.12/site-packages/airflow/example_dags/example_setup_teardown.py
[2024-07-12T07:58:05.583+0000] {logging_mixin.py:188} INFO - [2024-07-12T07:58:05.583+0000] {dag.py:3096} INFO - Sync 1 DAGs
[2024-07-12T07:58:05.602+0000] {logging_mixin.py:188} INFO - [2024-07-12T07:58:05.602+0000] {dag.py:3954} INFO - Setting next_dagrun for example_setup_teardown to 2024-07-11 00:00:00+00:00, run_after=2024-07-12 00:00:00+00:00
[2024-07-12T07:58:05.619+0000] {processor.py:183} INFO - Processing /home/airflow/.local/lib/python3.12/site-packages/airflow/example_dags/example_setup_teardown.py took 0.053 seconds
[2024-07-12T07:58:36.234+0000] {processor.py:161} INFO - Started process (PID=124) to work on /home/airflow/.local/lib/python3.12/site-packages/airflow/example_dags/example_setup_teardown.py
[2024-07-12T07:58:36.235+0000] {processor.py:830} INFO - Processing file /home/airflow/.local/lib/python3.12/site-packages/airflow/example_dags/example_setup_teardown.py for tasks to queue
[2024-07-12T07:58:36.237+0000] {logging_mixin.py:188} INFO - [2024-07-12T07:58:36.236+0000] {dagbag.py:545} INFO - Filling up the DagBag from /home/airflow/.local/lib/python3.12/site-packages/airflow/example_dags/example_setup_teardown.py
[2024-07-12T07:58:36.241+0000] {processor.py:840} INFO - DAG(s) 'example_setup_teardown' retrieved from /home/airflow/.local/lib/python3.12/site-packages/airflow/example_dags/example_setup_teardown.py
[2024-07-12T07:58:36.306+0000] {logging_mixin.py:188} INFO - [2024-07-12T07:58:36.305+0000] {dag.py:3096} INFO - Sync 1 DAGs
[2024-07-12T07:58:36.320+0000] {logging_mixin.py:188} INFO - [2024-07-12T07:58:36.320+0000] {dag.py:3954} INFO - Setting next_dagrun for example_setup_teardown to 2024-07-11 00:00:00+00:00, run_after=2024-07-12 00:00:00+00:00
[2024-07-12T07:58:36.337+0000] {processor.py:183} INFO - Processing /home/airflow/.local/lib/python3.12/site-packages/airflow/example_dags/example_setup_teardown.py took 0.107 seconds
[2024-07-12T07:59:07.067+0000] {processor.py:161} INFO - Started process (PID=182) to work on /home/airflow/.local/lib/python3.12/site-packages/airflow/example_dags/example_setup_teardown.py
[2024-07-12T07:59:07.068+0000] {processor.py:830} INFO - Processing file /home/airflow/.local/lib/python3.12/site-packages/airflow/example_dags/example_setup_teardown.py for tasks to queue
[2024-07-12T07:59:07.070+0000] {logging_mixin.py:188} INFO - [2024-07-12T07:59:07.070+0000] {dagbag.py:545} INFO - Filling up the DagBag from /home/airflow/.local/lib/python3.12/site-packages/airflow/example_dags/example_setup_teardown.py
[2024-07-12T07:59:07.075+0000] {processor.py:840} INFO - DAG(s) 'example_setup_teardown' retrieved from /home/airflow/.local/lib/python3.12/site-packages/airflow/example_dags/example_setup_teardown.py
[2024-07-12T07:59:07.087+0000] {logging_mixin.py:188} INFO - [2024-07-12T07:59:07.087+0000] {dag.py:3096} INFO - Sync 1 DAGs
[2024-07-12T07:59:07.101+0000] {logging_mixin.py:188} INFO - [2024-07-12T07:59:07.100+0000] {dag.py:3954} INFO - Setting next_dagrun for example_setup_teardown to 2024-07-11 00:00:00+00:00, run_after=2024-07-12 00:00:00+00:00
[2024-07-12T07:59:07.116+0000] {processor.py:183} INFO - Processing /home/airflow/.local/lib/python3.12/site-packages/airflow/example_dags/example_setup_teardown.py took 0.052 seconds
[2024-07-12T07:59:37.213+0000] {processor.py:161} INFO - Started process (PID=240) to work on /home/airflow/.local/lib/python3.12/site-packages/airflow/example_dags/example_setup_teardown.py
[2024-07-12T07:59:37.214+0000] {processor.py:830} INFO - Processing file /home/airflow/.local/lib/python3.12/site-packages/airflow/example_dags/example_setup_teardown.py for tasks to queue
[2024-07-12T07:59:37.215+0000] {logging_mixin.py:188} INFO - [2024-07-12T07:59:37.215+0000] {dagbag.py:545} INFO - Filling up the DagBag from /home/airflow/.local/lib/python3.12/site-packages/airflow/example_dags/example_setup_teardown.py
[2024-07-12T07:59:37.220+0000] {processor.py:840} INFO - DAG(s) 'example_setup_teardown' retrieved from /home/airflow/.local/lib/python3.12/site-packages/airflow/example_dags/example_setup_teardown.py
[2024-07-12T07:59:37.233+0000] {logging_mixin.py:188} INFO - [2024-07-12T07:59:37.233+0000] {dag.py:3096} INFO - Sync 1 DAGs
[2024-07-12T07:59:37.249+0000] {logging_mixin.py:188} INFO - [2024-07-12T07:59:37.249+0000] {dag.py:3954} INFO - Setting next_dagrun for example_setup_teardown to 2024-07-11 00:00:00+00:00, run_after=2024-07-12 00:00:00+00:00
[2024-07-12T07:59:37.263+0000] {processor.py:183} INFO - Processing /home/airflow/.local/lib/python3.12/site-packages/airflow/example_dags/example_setup_teardown.py took 0.054 seconds
[2024-07-12T08:01:09.473+0000] {processor.py:161} INFO - Started process (PID=65) to work on /home/airflow/.local/lib/python3.12/site-packages/airflow/example_dags/example_setup_teardown.py
[2024-07-12T08:01:09.474+0000] {processor.py:830} INFO - Processing file /home/airflow/.local/lib/python3.12/site-packages/airflow/example_dags/example_setup_teardown.py for tasks to queue
[2024-07-12T08:01:09.476+0000] {logging_mixin.py:188} INFO - [2024-07-12T08:01:09.476+0000] {dagbag.py:545} INFO - Filling up the DagBag from /home/airflow/.local/lib/python3.12/site-packages/airflow/example_dags/example_setup_teardown.py
[2024-07-12T08:01:09.483+0000] {processor.py:840} INFO - DAG(s) 'example_setup_teardown' retrieved from /home/airflow/.local/lib/python3.12/site-packages/airflow/example_dags/example_setup_teardown.py
[2024-07-12T08:01:09.489+0000] {logging_mixin.py:188} INFO - [2024-07-12T08:01:09.489+0000] {dag.py:3096} INFO - Sync 1 DAGs
[2024-07-12T08:01:09.508+0000] {logging_mixin.py:188} INFO - [2024-07-12T08:01:09.508+0000] {dag.py:3954} INFO - Setting next_dagrun for example_setup_teardown to 2024-07-11 00:00:00+00:00, run_after=2024-07-12 00:00:00+00:00
[2024-07-12T08:01:09.527+0000] {processor.py:183} INFO - Processing /home/airflow/.local/lib/python3.12/site-packages/airflow/example_dags/example_setup_teardown.py took 0.058 seconds
[2024-07-12T08:01:40.149+0000] {processor.py:161} INFO - Started process (PID=123) to work on /home/airflow/.local/lib/python3.12/site-packages/airflow/example_dags/example_setup_teardown.py
[2024-07-12T08:01:40.149+0000] {processor.py:830} INFO - Processing file /home/airflow/.local/lib/python3.12/site-packages/airflow/example_dags/example_setup_teardown.py for tasks to queue
[2024-07-12T08:01:40.151+0000] {logging_mixin.py:188} INFO - [2024-07-12T08:01:40.151+0000] {dagbag.py:545} INFO - Filling up the DagBag from /home/airflow/.local/lib/python3.12/site-packages/airflow/example_dags/example_setup_teardown.py
[2024-07-12T08:01:40.155+0000] {processor.py:840} INFO - DAG(s) 'example_setup_teardown' retrieved from /home/airflow/.local/lib/python3.12/site-packages/airflow/example_dags/example_setup_teardown.py
[2024-07-12T08:01:40.219+0000] {logging_mixin.py:188} INFO - [2024-07-12T08:01:40.219+0000] {dag.py:3096} INFO - Sync 1 DAGs
[2024-07-12T08:01:40.231+0000] {logging_mixin.py:188} INFO - [2024-07-12T08:01:40.231+0000] {dag.py:3954} INFO - Setting next_dagrun for example_setup_teardown to 2024-07-11 00:00:00+00:00, run_after=2024-07-12 00:00:00+00:00
[2024-07-12T08:01:40.246+0000] {processor.py:183} INFO - Processing /home/airflow/.local/lib/python3.12/site-packages/airflow/example_dags/example_setup_teardown.py took 0.101 seconds
[2024-07-12T08:02:11.130+0000] {processor.py:161} INFO - Started process (PID=181) to work on /home/airflow/.local/lib/python3.12/site-packages/airflow/example_dags/example_setup_teardown.py
[2024-07-12T08:02:11.131+0000] {processor.py:830} INFO - Processing file /home/airflow/.local/lib/python3.12/site-packages/airflow/example_dags/example_setup_teardown.py for tasks to queue
[2024-07-12T08:02:11.132+0000] {logging_mixin.py:188} INFO - [2024-07-12T08:02:11.132+0000] {dagbag.py:545} INFO - Filling up the DagBag from /home/airflow/.local/lib/python3.12/site-packages/airflow/example_dags/example_setup_teardown.py
[2024-07-12T08:02:11.137+0000] {processor.py:840} INFO - DAG(s) 'example_setup_teardown' retrieved from /home/airflow/.local/lib/python3.12/site-packages/airflow/example_dags/example_setup_teardown.py
[2024-07-12T08:02:11.148+0000] {logging_mixin.py:188} INFO - [2024-07-12T08:02:11.148+0000] {dag.py:3096} INFO - Sync 1 DAGs
[2024-07-12T08:02:11.163+0000] {logging_mixin.py:188} INFO - [2024-07-12T08:02:11.163+0000] {dag.py:3954} INFO - Setting next_dagrun for example_setup_teardown to 2024-07-11 00:00:00+00:00, run_after=2024-07-12 00:00:00+00:00
[2024-07-12T08:02:11.176+0000] {processor.py:183} INFO - Processing /home/airflow/.local/lib/python3.12/site-packages/airflow/example_dags/example_setup_teardown.py took 0.050 seconds
[2024-07-12T08:02:41.373+0000] {processor.py:161} INFO - Started process (PID=239) to work on /home/airflow/.local/lib/python3.12/site-packages/airflow/example_dags/example_setup_teardown.py
[2024-07-12T08:02:41.374+0000] {processor.py:830} INFO - Processing file /home/airflow/.local/lib/python3.12/site-packages/airflow/example_dags/example_setup_teardown.py for tasks to queue
[2024-07-12T08:02:41.375+0000] {logging_mixin.py:188} INFO - [2024-07-12T08:02:41.375+0000] {dagbag.py:545} INFO - Filling up the DagBag from /home/airflow/.local/lib/python3.12/site-packages/airflow/example_dags/example_setup_teardown.py
[2024-07-12T08:02:41.380+0000] {processor.py:840} INFO - DAG(s) 'example_setup_teardown' retrieved from /home/airflow/.local/lib/python3.12/site-packages/airflow/example_dags/example_setup_teardown.py
[2024-07-12T08:02:41.391+0000] {logging_mixin.py:188} INFO - [2024-07-12T08:02:41.391+0000] {dag.py:3096} INFO - Sync 1 DAGs
[2024-07-12T08:02:41.407+0000] {logging_mixin.py:188} INFO - [2024-07-12T08:02:41.407+0000] {dag.py:3954} INFO - Setting next_dagrun for example_setup_teardown to 2024-07-11 00:00:00+00:00, run_after=2024-07-12 00:00:00+00:00
[2024-07-12T08:02:41.423+0000] {processor.py:183} INFO - Processing /home/airflow/.local/lib/python3.12/site-packages/airflow/example_dags/example_setup_teardown.py took 0.054 seconds
[2024-07-12T08:04:17.097+0000] {processor.py:161} INFO - Started process (PID=66) to work on /home/airflow/.local/lib/python3.12/site-packages/airflow/example_dags/example_setup_teardown.py
[2024-07-12T08:04:17.098+0000] {processor.py:830} INFO - Processing file /home/airflow/.local/lib/python3.12/site-packages/airflow/example_dags/example_setup_teardown.py for tasks to queue
[2024-07-12T08:04:17.099+0000] {logging_mixin.py:188} INFO - [2024-07-12T08:04:17.099+0000] {dagbag.py:545} INFO - Filling up the DagBag from /home/airflow/.local/lib/python3.12/site-packages/airflow/example_dags/example_setup_teardown.py
[2024-07-12T08:04:17.105+0000] {processor.py:840} INFO - DAG(s) 'example_setup_teardown' retrieved from /home/airflow/.local/lib/python3.12/site-packages/airflow/example_dags/example_setup_teardown.py
[2024-07-12T08:04:17.113+0000] {logging_mixin.py:188} INFO - [2024-07-12T08:04:17.112+0000] {dag.py:3096} INFO - Sync 1 DAGs
[2024-07-12T08:04:17.128+0000] {logging_mixin.py:188} INFO - [2024-07-12T08:04:17.127+0000] {dag.py:3954} INFO - Setting next_dagrun for example_setup_teardown to 2024-07-11 00:00:00+00:00, run_after=2024-07-12 00:00:00+00:00
[2024-07-12T08:04:17.146+0000] {processor.py:183} INFO - Processing /home/airflow/.local/lib/python3.12/site-packages/airflow/example_dags/example_setup_teardown.py took 0.054 seconds
[2024-07-12T08:04:47.822+0000] {processor.py:161} INFO - Started process (PID=124) to work on /home/airflow/.local/lib/python3.12/site-packages/airflow/example_dags/example_setup_teardown.py
[2024-07-12T08:04:47.823+0000] {processor.py:830} INFO - Processing file /home/airflow/.local/lib/python3.12/site-packages/airflow/example_dags/example_setup_teardown.py for tasks to queue
[2024-07-12T08:04:47.824+0000] {logging_mixin.py:188} INFO - [2024-07-12T08:04:47.824+0000] {dagbag.py:545} INFO - Filling up the DagBag from /home/airflow/.local/lib/python3.12/site-packages/airflow/example_dags/example_setup_teardown.py
[2024-07-12T08:04:47.829+0000] {processor.py:840} INFO - DAG(s) 'example_setup_teardown' retrieved from /home/airflow/.local/lib/python3.12/site-packages/airflow/example_dags/example_setup_teardown.py
[2024-07-12T08:04:47.897+0000] {logging_mixin.py:188} INFO - [2024-07-12T08:04:47.897+0000] {dag.py:3096} INFO - Sync 1 DAGs
[2024-07-12T08:04:47.910+0000] {logging_mixin.py:188} INFO - [2024-07-12T08:04:47.910+0000] {dag.py:3954} INFO - Setting next_dagrun for example_setup_teardown to 2024-07-11 00:00:00+00:00, run_after=2024-07-12 00:00:00+00:00
[2024-07-12T08:04:47.926+0000] {processor.py:183} INFO - Processing /home/airflow/.local/lib/python3.12/site-packages/airflow/example_dags/example_setup_teardown.py took 0.108 seconds
[2024-07-12T08:05:18.343+0000] {processor.py:161} INFO - Started process (PID=182) to work on /home/airflow/.local/lib/python3.12/site-packages/airflow/example_dags/example_setup_teardown.py
[2024-07-12T08:05:18.344+0000] {processor.py:830} INFO - Processing file /home/airflow/.local/lib/python3.12/site-packages/airflow/example_dags/example_setup_teardown.py for tasks to queue
[2024-07-12T08:05:18.345+0000] {logging_mixin.py:188} INFO - [2024-07-12T08:05:18.345+0000] {dagbag.py:545} INFO - Filling up the DagBag from /home/airflow/.local/lib/python3.12/site-packages/airflow/example_dags/example_setup_teardown.py
[2024-07-12T08:05:18.350+0000] {processor.py:840} INFO - DAG(s) 'example_setup_teardown' retrieved from /home/airflow/.local/lib/python3.12/site-packages/airflow/example_dags/example_setup_teardown.py
[2024-07-12T08:05:18.362+0000] {logging_mixin.py:188} INFO - [2024-07-12T08:05:18.362+0000] {dag.py:3096} INFO - Sync 1 DAGs
[2024-07-12T08:05:18.374+0000] {logging_mixin.py:188} INFO - [2024-07-12T08:05:18.374+0000] {dag.py:3954} INFO - Setting next_dagrun for example_setup_teardown to 2024-07-11 00:00:00+00:00, run_after=2024-07-12 00:00:00+00:00
[2024-07-12T08:05:18.387+0000] {processor.py:183} INFO - Processing /home/airflow/.local/lib/python3.12/site-packages/airflow/example_dags/example_setup_teardown.py took 0.048 seconds
[2024-07-12T08:05:48.566+0000] {processor.py:161} INFO - Started process (PID=240) to work on /home/airflow/.local/lib/python3.12/site-packages/airflow/example_dags/example_setup_teardown.py
[2024-07-12T08:05:48.566+0000] {processor.py:830} INFO - Processing file /home/airflow/.local/lib/python3.12/site-packages/airflow/example_dags/example_setup_teardown.py for tasks to queue
[2024-07-12T08:05:48.568+0000] {logging_mixin.py:188} INFO - [2024-07-12T08:05:48.568+0000] {dagbag.py:545} INFO - Filling up the DagBag from /home/airflow/.local/lib/python3.12/site-packages/airflow/example_dags/example_setup_teardown.py
[2024-07-12T08:05:48.572+0000] {processor.py:840} INFO - DAG(s) 'example_setup_teardown' retrieved from /home/airflow/.local/lib/python3.12/site-packages/airflow/example_dags/example_setup_teardown.py
[2024-07-12T08:05:48.585+0000] {logging_mixin.py:188} INFO - [2024-07-12T08:05:48.585+0000] {dag.py:3096} INFO - Sync 1 DAGs
[2024-07-12T08:05:48.599+0000] {logging_mixin.py:188} INFO - [2024-07-12T08:05:48.599+0000] {dag.py:3954} INFO - Setting next_dagrun for example_setup_teardown to 2024-07-11 00:00:00+00:00, run_after=2024-07-12 00:00:00+00:00
[2024-07-12T08:05:48.613+0000] {processor.py:183} INFO - Processing /home/airflow/.local/lib/python3.12/site-packages/airflow/example_dags/example_setup_teardown.py took 0.052 seconds
[2024-07-12T08:06:19.572+0000] {processor.py:161} INFO - Started process (PID=298) to work on /home/airflow/.local/lib/python3.12/site-packages/airflow/example_dags/example_setup_teardown.py
[2024-07-12T08:06:19.573+0000] {processor.py:830} INFO - Processing file /home/airflow/.local/lib/python3.12/site-packages/airflow/example_dags/example_setup_teardown.py for tasks to queue
[2024-07-12T08:06:19.574+0000] {logging_mixin.py:188} INFO - [2024-07-12T08:06:19.574+0000] {dagbag.py:545} INFO - Filling up the DagBag from /home/airflow/.local/lib/python3.12/site-packages/airflow/example_dags/example_setup_teardown.py
[2024-07-12T08:06:19.578+0000] {processor.py:840} INFO - DAG(s) 'example_setup_teardown' retrieved from /home/airflow/.local/lib/python3.12/site-packages/airflow/example_dags/example_setup_teardown.py
[2024-07-12T08:06:19.584+0000] {logging_mixin.py:188} INFO - [2024-07-12T08:06:19.584+0000] {dag.py:3096} INFO - Sync 1 DAGs
[2024-07-12T08:06:19.597+0000] {logging_mixin.py:188} INFO - [2024-07-12T08:06:19.597+0000] {dag.py:3954} INFO - Setting next_dagrun for example_setup_teardown to 2024-07-11 00:00:00+00:00, run_after=2024-07-12 00:00:00+00:00
[2024-07-12T08:06:19.613+0000] {processor.py:183} INFO - Processing /home/airflow/.local/lib/python3.12/site-packages/airflow/example_dags/example_setup_teardown.py took 0.045 seconds
[2024-07-12T08:06:49.883+0000] {processor.py:161} INFO - Started process (PID=356) to work on /home/airflow/.local/lib/python3.12/site-packages/airflow/example_dags/example_setup_teardown.py
[2024-07-12T08:06:49.884+0000] {processor.py:830} INFO - Processing file /home/airflow/.local/lib/python3.12/site-packages/airflow/example_dags/example_setup_teardown.py for tasks to queue
[2024-07-12T08:06:49.886+0000] {logging_mixin.py:188} INFO - [2024-07-12T08:06:49.885+0000] {dagbag.py:545} INFO - Filling up the DagBag from /home/airflow/.local/lib/python3.12/site-packages/airflow/example_dags/example_setup_teardown.py
[2024-07-12T08:06:49.890+0000] {processor.py:840} INFO - DAG(s) 'example_setup_teardown' retrieved from /home/airflow/.local/lib/python3.12/site-packages/airflow/example_dags/example_setup_teardown.py
[2024-07-12T08:06:49.963+0000] {logging_mixin.py:188} INFO - [2024-07-12T08:06:49.963+0000] {dag.py:3096} INFO - Sync 1 DAGs
[2024-07-12T08:06:49.975+0000] {logging_mixin.py:188} INFO - [2024-07-12T08:06:49.974+0000] {dag.py:3954} INFO - Setting next_dagrun for example_setup_teardown to 2024-07-11 00:00:00+00:00, run_after=2024-07-12 00:00:00+00:00
[2024-07-12T08:06:49.991+0000] {processor.py:183} INFO - Processing /home/airflow/.local/lib/python3.12/site-packages/airflow/example_dags/example_setup_teardown.py took 0.112 seconds
[2024-07-12T08:07:20.023+0000] {processor.py:161} INFO - Started process (PID=414) to work on /home/airflow/.local/lib/python3.12/site-packages/airflow/example_dags/example_setup_teardown.py
[2024-07-12T08:07:20.024+0000] {processor.py:830} INFO - Processing file /home/airflow/.local/lib/python3.12/site-packages/airflow/example_dags/example_setup_teardown.py for tasks to queue
[2024-07-12T08:07:20.025+0000] {logging_mixin.py:188} INFO - [2024-07-12T08:07:20.025+0000] {dagbag.py:545} INFO - Filling up the DagBag from /home/airflow/.local/lib/python3.12/site-packages/airflow/example_dags/example_setup_teardown.py
[2024-07-12T08:07:20.030+0000] {processor.py:840} INFO - DAG(s) 'example_setup_teardown' retrieved from /home/airflow/.local/lib/python3.12/site-packages/airflow/example_dags/example_setup_teardown.py
[2024-07-12T08:07:20.042+0000] {logging_mixin.py:188} INFO - [2024-07-12T08:07:20.042+0000] {dag.py:3096} INFO - Sync 1 DAGs
[2024-07-12T08:07:20.056+0000] {logging_mixin.py:188} INFO - [2024-07-12T08:07:20.056+0000] {dag.py:3954} INFO - Setting next_dagrun for example_setup_teardown to 2024-07-11 00:00:00+00:00, run_after=2024-07-12 00:00:00+00:00
[2024-07-12T08:07:20.072+0000] {processor.py:183} INFO - Processing /home/airflow/.local/lib/python3.12/site-packages/airflow/example_dags/example_setup_teardown.py took 0.052 seconds
[2024-07-12T08:08:14.506+0000] {processor.py:161} INFO - Started process (PID=65) to work on /home/airflow/.local/lib/python3.12/site-packages/airflow/example_dags/example_setup_teardown.py
[2024-07-12T08:08:14.507+0000] {processor.py:830} INFO - Processing file /home/airflow/.local/lib/python3.12/site-packages/airflow/example_dags/example_setup_teardown.py for tasks to queue
[2024-07-12T08:08:14.508+0000] {logging_mixin.py:188} INFO - [2024-07-12T08:08:14.508+0000] {dagbag.py:545} INFO - Filling up the DagBag from /home/airflow/.local/lib/python3.12/site-packages/airflow/example_dags/example_setup_teardown.py
[2024-07-12T08:08:14.514+0000] {processor.py:840} INFO - DAG(s) 'example_setup_teardown' retrieved from /home/airflow/.local/lib/python3.12/site-packages/airflow/example_dags/example_setup_teardown.py
[2024-07-12T08:08:14.520+0000] {logging_mixin.py:188} INFO - [2024-07-12T08:08:14.520+0000] {dag.py:3096} INFO - Sync 1 DAGs
[2024-07-12T08:08:14.536+0000] {logging_mixin.py:188} INFO - [2024-07-12T08:08:14.536+0000] {dag.py:3954} INFO - Setting next_dagrun for example_setup_teardown to 2024-07-11 00:00:00+00:00, run_after=2024-07-12 00:00:00+00:00
[2024-07-12T08:08:14.552+0000] {processor.py:183} INFO - Processing /home/airflow/.local/lib/python3.12/site-packages/airflow/example_dags/example_setup_teardown.py took 0.050 seconds
[2024-07-12T08:08:45.341+0000] {processor.py:161} INFO - Started process (PID=127) to work on /home/airflow/.local/lib/python3.12/site-packages/airflow/example_dags/example_setup_teardown.py
[2024-07-12T08:08:45.342+0000] {processor.py:830} INFO - Processing file /home/airflow/.local/lib/python3.12/site-packages/airflow/example_dags/example_setup_teardown.py for tasks to queue
[2024-07-12T08:08:45.345+0000] {logging_mixin.py:188} INFO - [2024-07-12T08:08:45.344+0000] {dagbag.py:545} INFO - Filling up the DagBag from /home/airflow/.local/lib/python3.12/site-packages/airflow/example_dags/example_setup_teardown.py
[2024-07-12T08:08:45.349+0000] {processor.py:840} INFO - DAG(s) 'example_setup_teardown' retrieved from /home/airflow/.local/lib/python3.12/site-packages/airflow/example_dags/example_setup_teardown.py
[2024-07-12T08:08:45.413+0000] {logging_mixin.py:188} INFO - [2024-07-12T08:08:45.413+0000] {dag.py:3096} INFO - Sync 1 DAGs
[2024-07-12T08:08:45.425+0000] {logging_mixin.py:188} INFO - [2024-07-12T08:08:45.425+0000] {dag.py:3954} INFO - Setting next_dagrun for example_setup_teardown to 2024-07-11 00:00:00+00:00, run_after=2024-07-12 00:00:00+00:00
[2024-07-12T08:08:45.441+0000] {processor.py:183} INFO - Processing /home/airflow/.local/lib/python3.12/site-packages/airflow/example_dags/example_setup_teardown.py took 0.105 seconds
[2024-07-12T08:09:15.929+0000] {processor.py:161} INFO - Started process (PID=185) to work on /home/airflow/.local/lib/python3.12/site-packages/airflow/example_dags/example_setup_teardown.py
[2024-07-12T08:09:15.929+0000] {processor.py:830} INFO - Processing file /home/airflow/.local/lib/python3.12/site-packages/airflow/example_dags/example_setup_teardown.py for tasks to queue
[2024-07-12T08:09:15.931+0000] {logging_mixin.py:188} INFO - [2024-07-12T08:09:15.930+0000] {dagbag.py:545} INFO - Filling up the DagBag from /home/airflow/.local/lib/python3.12/site-packages/airflow/example_dags/example_setup_teardown.py
[2024-07-12T08:09:15.935+0000] {processor.py:840} INFO - DAG(s) 'example_setup_teardown' retrieved from /home/airflow/.local/lib/python3.12/site-packages/airflow/example_dags/example_setup_teardown.py
[2024-07-12T08:09:15.946+0000] {logging_mixin.py:188} INFO - [2024-07-12T08:09:15.946+0000] {dag.py:3096} INFO - Sync 1 DAGs
[2024-07-12T08:09:15.959+0000] {logging_mixin.py:188} INFO - [2024-07-12T08:09:15.959+0000] {dag.py:3954} INFO - Setting next_dagrun for example_setup_teardown to 2024-07-11 00:00:00+00:00, run_after=2024-07-12 00:00:00+00:00
[2024-07-12T08:09:15.972+0000] {processor.py:183} INFO - Processing /home/airflow/.local/lib/python3.12/site-packages/airflow/example_dags/example_setup_teardown.py took 0.047 seconds
[2024-07-12T08:09:46.133+0000] {processor.py:161} INFO - Started process (PID=243) to work on /home/airflow/.local/lib/python3.12/site-packages/airflow/example_dags/example_setup_teardown.py
[2024-07-12T08:09:46.134+0000] {processor.py:830} INFO - Processing file /home/airflow/.local/lib/python3.12/site-packages/airflow/example_dags/example_setup_teardown.py for tasks to queue
[2024-07-12T08:09:46.135+0000] {logging_mixin.py:188} INFO - [2024-07-12T08:09:46.135+0000] {dagbag.py:545} INFO - Filling up the DagBag from /home/airflow/.local/lib/python3.12/site-packages/airflow/example_dags/example_setup_teardown.py
[2024-07-12T08:09:46.139+0000] {processor.py:840} INFO - DAG(s) 'example_setup_teardown' retrieved from /home/airflow/.local/lib/python3.12/site-packages/airflow/example_dags/example_setup_teardown.py
[2024-07-12T08:09:46.150+0000] {logging_mixin.py:188} INFO - [2024-07-12T08:09:46.150+0000] {dag.py:3096} INFO - Sync 1 DAGs
[2024-07-12T08:09:46.163+0000] {logging_mixin.py:188} INFO - [2024-07-12T08:09:46.163+0000] {dag.py:3954} INFO - Setting next_dagrun for example_setup_teardown to 2024-07-11 00:00:00+00:00, run_after=2024-07-12 00:00:00+00:00
[2024-07-12T08:09:46.175+0000] {processor.py:183} INFO - Processing /home/airflow/.local/lib/python3.12/site-packages/airflow/example_dags/example_setup_teardown.py took 0.046 seconds
[2024-07-12T08:10:16.231+0000] {processor.py:161} INFO - Started process (PID=301) to work on /home/airflow/.local/lib/python3.12/site-packages/airflow/example_dags/example_setup_teardown.py
[2024-07-12T08:10:16.231+0000] {processor.py:830} INFO - Processing file /home/airflow/.local/lib/python3.12/site-packages/airflow/example_dags/example_setup_teardown.py for tasks to queue
[2024-07-12T08:10:16.233+0000] {logging_mixin.py:188} INFO - [2024-07-12T08:10:16.232+0000] {dagbag.py:545} INFO - Filling up the DagBag from /home/airflow/.local/lib/python3.12/site-packages/airflow/example_dags/example_setup_teardown.py
[2024-07-12T08:10:16.237+0000] {processor.py:840} INFO - DAG(s) 'example_setup_teardown' retrieved from /home/airflow/.local/lib/python3.12/site-packages/airflow/example_dags/example_setup_teardown.py
[2024-07-12T08:10:16.247+0000] {logging_mixin.py:188} INFO - [2024-07-12T08:10:16.247+0000] {dag.py:3096} INFO - Sync 1 DAGs
[2024-07-12T08:10:16.260+0000] {logging_mixin.py:188} INFO - [2024-07-12T08:10:16.260+0000] {dag.py:3954} INFO - Setting next_dagrun for example_setup_teardown to 2024-07-11 00:00:00+00:00, run_after=2024-07-12 00:00:00+00:00
[2024-07-12T08:10:16.274+0000] {processor.py:183} INFO - Processing /home/airflow/.local/lib/python3.12/site-packages/airflow/example_dags/example_setup_teardown.py took 0.047 seconds
[2024-07-12T08:10:46.517+0000] {processor.py:161} INFO - Started process (PID=359) to work on /home/airflow/.local/lib/python3.12/site-packages/airflow/example_dags/example_setup_teardown.py
[2024-07-12T08:10:46.518+0000] {processor.py:830} INFO - Processing file /home/airflow/.local/lib/python3.12/site-packages/airflow/example_dags/example_setup_teardown.py for tasks to queue
[2024-07-12T08:10:46.519+0000] {logging_mixin.py:188} INFO - [2024-07-12T08:10:46.519+0000] {dagbag.py:545} INFO - Filling up the DagBag from /home/airflow/.local/lib/python3.12/site-packages/airflow/example_dags/example_setup_teardown.py
[2024-07-12T08:10:46.524+0000] {processor.py:840} INFO - DAG(s) 'example_setup_teardown' retrieved from /home/airflow/.local/lib/python3.12/site-packages/airflow/example_dags/example_setup_teardown.py
[2024-07-12T08:10:46.536+0000] {logging_mixin.py:188} INFO - [2024-07-12T08:10:46.536+0000] {dag.py:3096} INFO - Sync 1 DAGs
[2024-07-12T08:10:46.551+0000] {logging_mixin.py:188} INFO - [2024-07-12T08:10:46.551+0000] {dag.py:3954} INFO - Setting next_dagrun for example_setup_teardown to 2024-07-11 00:00:00+00:00, run_after=2024-07-12 00:00:00+00:00
[2024-07-12T08:10:46.564+0000] {processor.py:183} INFO - Processing /home/airflow/.local/lib/python3.12/site-packages/airflow/example_dags/example_setup_teardown.py took 0.051 seconds
[2024-07-12T08:11:16.604+0000] {processor.py:161} INFO - Started process (PID=417) to work on /home/airflow/.local/lib/python3.12/site-packages/airflow/example_dags/example_setup_teardown.py
[2024-07-12T08:11:16.604+0000] {processor.py:830} INFO - Processing file /home/airflow/.local/lib/python3.12/site-packages/airflow/example_dags/example_setup_teardown.py for tasks to queue
[2024-07-12T08:11:16.606+0000] {logging_mixin.py:188} INFO - [2024-07-12T08:11:16.605+0000] {dagbag.py:545} INFO - Filling up the DagBag from /home/airflow/.local/lib/python3.12/site-packages/airflow/example_dags/example_setup_teardown.py
[2024-07-12T08:11:16.610+0000] {processor.py:840} INFO - DAG(s) 'example_setup_teardown' retrieved from /home/airflow/.local/lib/python3.12/site-packages/airflow/example_dags/example_setup_teardown.py
[2024-07-12T08:11:16.621+0000] {logging_mixin.py:188} INFO - [2024-07-12T08:11:16.621+0000] {dag.py:3096} INFO - Sync 1 DAGs
[2024-07-12T08:11:16.634+0000] {logging_mixin.py:188} INFO - [2024-07-12T08:11:16.634+0000] {dag.py:3954} INFO - Setting next_dagrun for example_setup_teardown to 2024-07-11 00:00:00+00:00, run_after=2024-07-12 00:00:00+00:00
[2024-07-12T08:11:16.647+0000] {processor.py:183} INFO - Processing /home/airflow/.local/lib/python3.12/site-packages/airflow/example_dags/example_setup_teardown.py took 0.047 seconds
[2024-07-12T08:11:46.779+0000] {processor.py:161} INFO - Started process (PID=475) to work on /home/airflow/.local/lib/python3.12/site-packages/airflow/example_dags/example_setup_teardown.py
[2024-07-12T08:11:46.780+0000] {processor.py:830} INFO - Processing file /home/airflow/.local/lib/python3.12/site-packages/airflow/example_dags/example_setup_teardown.py for tasks to queue
[2024-07-12T08:11:46.781+0000] {logging_mixin.py:188} INFO - [2024-07-12T08:11:46.781+0000] {dagbag.py:545} INFO - Filling up the DagBag from /home/airflow/.local/lib/python3.12/site-packages/airflow/example_dags/example_setup_teardown.py
[2024-07-12T08:11:46.786+0000] {processor.py:840} INFO - DAG(s) 'example_setup_teardown' retrieved from /home/airflow/.local/lib/python3.12/site-packages/airflow/example_dags/example_setup_teardown.py
[2024-07-12T08:11:46.799+0000] {logging_mixin.py:188} INFO - [2024-07-12T08:11:46.799+0000] {dag.py:3096} INFO - Sync 1 DAGs
[2024-07-12T08:11:46.813+0000] {logging_mixin.py:188} INFO - [2024-07-12T08:11:46.813+0000] {dag.py:3954} INFO - Setting next_dagrun for example_setup_teardown to 2024-07-11 00:00:00+00:00, run_after=2024-07-12 00:00:00+00:00
[2024-07-12T08:11:46.829+0000] {processor.py:183} INFO - Processing /home/airflow/.local/lib/python3.12/site-packages/airflow/example_dags/example_setup_teardown.py took 0.054 seconds
[2024-07-12T08:12:16.926+0000] {processor.py:161} INFO - Started process (PID=533) to work on /home/airflow/.local/lib/python3.12/site-packages/airflow/example_dags/example_setup_teardown.py
[2024-07-12T08:12:16.927+0000] {processor.py:830} INFO - Processing file /home/airflow/.local/lib/python3.12/site-packages/airflow/example_dags/example_setup_teardown.py for tasks to queue
[2024-07-12T08:12:16.928+0000] {logging_mixin.py:188} INFO - [2024-07-12T08:12:16.928+0000] {dagbag.py:545} INFO - Filling up the DagBag from /home/airflow/.local/lib/python3.12/site-packages/airflow/example_dags/example_setup_teardown.py
[2024-07-12T08:12:16.933+0000] {processor.py:840} INFO - DAG(s) 'example_setup_teardown' retrieved from /home/airflow/.local/lib/python3.12/site-packages/airflow/example_dags/example_setup_teardown.py
[2024-07-12T08:12:16.945+0000] {logging_mixin.py:188} INFO - [2024-07-12T08:12:16.945+0000] {dag.py:3096} INFO - Sync 1 DAGs
[2024-07-12T08:12:16.961+0000] {logging_mixin.py:188} INFO - [2024-07-12T08:12:16.961+0000] {dag.py:3954} INFO - Setting next_dagrun for example_setup_teardown to 2024-07-11 00:00:00+00:00, run_after=2024-07-12 00:00:00+00:00
[2024-07-12T08:12:16.976+0000] {processor.py:183} INFO - Processing /home/airflow/.local/lib/python3.12/site-packages/airflow/example_dags/example_setup_teardown.py took 0.054 seconds
[2024-07-12T08:12:47.184+0000] {processor.py:161} INFO - Started process (PID=591) to work on /home/airflow/.local/lib/python3.12/site-packages/airflow/example_dags/example_setup_teardown.py
[2024-07-12T08:12:47.185+0000] {processor.py:830} INFO - Processing file /home/airflow/.local/lib/python3.12/site-packages/airflow/example_dags/example_setup_teardown.py for tasks to queue
[2024-07-12T08:12:47.187+0000] {logging_mixin.py:188} INFO - [2024-07-12T08:12:47.186+0000] {dagbag.py:545} INFO - Filling up the DagBag from /home/airflow/.local/lib/python3.12/site-packages/airflow/example_dags/example_setup_teardown.py
[2024-07-12T08:12:47.192+0000] {processor.py:840} INFO - DAG(s) 'example_setup_teardown' retrieved from /home/airflow/.local/lib/python3.12/site-packages/airflow/example_dags/example_setup_teardown.py
[2024-07-12T08:12:47.203+0000] {logging_mixin.py:188} INFO - [2024-07-12T08:12:47.203+0000] {dag.py:3096} INFO - Sync 1 DAGs
[2024-07-12T08:12:47.217+0000] {logging_mixin.py:188} INFO - [2024-07-12T08:12:47.217+0000] {dag.py:3954} INFO - Setting next_dagrun for example_setup_teardown to 2024-07-11 00:00:00+00:00, run_after=2024-07-12 00:00:00+00:00
[2024-07-12T08:12:47.230+0000] {processor.py:183} INFO - Processing /home/airflow/.local/lib/python3.12/site-packages/airflow/example_dags/example_setup_teardown.py took 0.049 seconds
[2024-07-12T08:13:17.649+0000] {processor.py:161} INFO - Started process (PID=649) to work on /home/airflow/.local/lib/python3.12/site-packages/airflow/example_dags/example_setup_teardown.py
[2024-07-12T08:13:17.650+0000] {processor.py:830} INFO - Processing file /home/airflow/.local/lib/python3.12/site-packages/airflow/example_dags/example_setup_teardown.py for tasks to queue
[2024-07-12T08:13:17.651+0000] {logging_mixin.py:188} INFO - [2024-07-12T08:13:17.651+0000] {dagbag.py:545} INFO - Filling up the DagBag from /home/airflow/.local/lib/python3.12/site-packages/airflow/example_dags/example_setup_teardown.py
[2024-07-12T08:13:17.656+0000] {processor.py:840} INFO - DAG(s) 'example_setup_teardown' retrieved from /home/airflow/.local/lib/python3.12/site-packages/airflow/example_dags/example_setup_teardown.py
[2024-07-12T08:13:17.667+0000] {logging_mixin.py:188} INFO - [2024-07-12T08:13:17.667+0000] {dag.py:3096} INFO - Sync 1 DAGs
[2024-07-12T08:13:17.681+0000] {logging_mixin.py:188} INFO - [2024-07-12T08:13:17.681+0000] {dag.py:3954} INFO - Setting next_dagrun for example_setup_teardown to 2024-07-11 00:00:00+00:00, run_after=2024-07-12 00:00:00+00:00
[2024-07-12T08:13:17.695+0000] {processor.py:183} INFO - Processing /home/airflow/.local/lib/python3.12/site-packages/airflow/example_dags/example_setup_teardown.py took 0.050 seconds
[2024-07-12T08:13:48.117+0000] {processor.py:161} INFO - Started process (PID=707) to work on /home/airflow/.local/lib/python3.12/site-packages/airflow/example_dags/example_setup_teardown.py
[2024-07-12T08:13:48.118+0000] {processor.py:830} INFO - Processing file /home/airflow/.local/lib/python3.12/site-packages/airflow/example_dags/example_setup_teardown.py for tasks to queue
[2024-07-12T08:13:48.119+0000] {logging_mixin.py:188} INFO - [2024-07-12T08:13:48.119+0000] {dagbag.py:545} INFO - Filling up the DagBag from /home/airflow/.local/lib/python3.12/site-packages/airflow/example_dags/example_setup_teardown.py
[2024-07-12T08:13:48.125+0000] {processor.py:840} INFO - DAG(s) 'example_setup_teardown' retrieved from /home/airflow/.local/lib/python3.12/site-packages/airflow/example_dags/example_setup_teardown.py
[2024-07-12T08:13:48.138+0000] {logging_mixin.py:188} INFO - [2024-07-12T08:13:48.138+0000] {dag.py:3096} INFO - Sync 1 DAGs
[2024-07-12T08:13:48.154+0000] {logging_mixin.py:188} INFO - [2024-07-12T08:13:48.154+0000] {dag.py:3954} INFO - Setting next_dagrun for example_setup_teardown to 2024-07-11 00:00:00+00:00, run_after=2024-07-12 00:00:00+00:00
[2024-07-12T08:13:48.167+0000] {processor.py:183} INFO - Processing /home/airflow/.local/lib/python3.12/site-packages/airflow/example_dags/example_setup_teardown.py took 0.054 seconds
[2024-07-12T08:14:18.277+0000] {processor.py:161} INFO - Started process (PID=766) to work on /home/airflow/.local/lib/python3.12/site-packages/airflow/example_dags/example_setup_teardown.py
[2024-07-12T08:14:18.278+0000] {processor.py:830} INFO - Processing file /home/airflow/.local/lib/python3.12/site-packages/airflow/example_dags/example_setup_teardown.py for tasks to queue
[2024-07-12T08:14:18.279+0000] {logging_mixin.py:188} INFO - [2024-07-12T08:14:18.279+0000] {dagbag.py:545} INFO - Filling up the DagBag from /home/airflow/.local/lib/python3.12/site-packages/airflow/example_dags/example_setup_teardown.py
[2024-07-12T08:14:18.284+0000] {processor.py:840} INFO - DAG(s) 'example_setup_teardown' retrieved from /home/airflow/.local/lib/python3.12/site-packages/airflow/example_dags/example_setup_teardown.py
[2024-07-12T08:14:18.299+0000] {logging_mixin.py:188} INFO - [2024-07-12T08:14:18.298+0000] {dag.py:3096} INFO - Sync 1 DAGs
[2024-07-12T08:14:18.317+0000] {logging_mixin.py:188} INFO - [2024-07-12T08:14:18.317+0000] {dag.py:3954} INFO - Setting next_dagrun for example_setup_teardown to 2024-07-11 00:00:00+00:00, run_after=2024-07-12 00:00:00+00:00
[2024-07-12T08:14:18.333+0000] {processor.py:183} INFO - Processing /home/airflow/.local/lib/python3.12/site-packages/airflow/example_dags/example_setup_teardown.py took 0.060 seconds
[2024-07-12T08:14:48.404+0000] {processor.py:161} INFO - Started process (PID=824) to work on /home/airflow/.local/lib/python3.12/site-packages/airflow/example_dags/example_setup_teardown.py
[2024-07-12T08:14:48.405+0000] {processor.py:830} INFO - Processing file /home/airflow/.local/lib/python3.12/site-packages/airflow/example_dags/example_setup_teardown.py for tasks to queue
[2024-07-12T08:14:48.406+0000] {logging_mixin.py:188} INFO - [2024-07-12T08:14:48.406+0000] {dagbag.py:545} INFO - Filling up the DagBag from /home/airflow/.local/lib/python3.12/site-packages/airflow/example_dags/example_setup_teardown.py
[2024-07-12T08:14:48.411+0000] {processor.py:840} INFO - DAG(s) 'example_setup_teardown' retrieved from /home/airflow/.local/lib/python3.12/site-packages/airflow/example_dags/example_setup_teardown.py
[2024-07-12T08:14:48.422+0000] {logging_mixin.py:188} INFO - [2024-07-12T08:14:48.422+0000] {dag.py:3096} INFO - Sync 1 DAGs
[2024-07-12T08:14:48.436+0000] {logging_mixin.py:188} INFO - [2024-07-12T08:14:48.436+0000] {dag.py:3954} INFO - Setting next_dagrun for example_setup_teardown to 2024-07-11 00:00:00+00:00, run_after=2024-07-12 00:00:00+00:00
[2024-07-12T08:14:48.451+0000] {processor.py:183} INFO - Processing /home/airflow/.local/lib/python3.12/site-packages/airflow/example_dags/example_setup_teardown.py took 0.051 seconds
[2024-07-12T08:15:18.583+0000] {processor.py:161} INFO - Started process (PID=882) to work on /home/airflow/.local/lib/python3.12/site-packages/airflow/example_dags/example_setup_teardown.py
[2024-07-12T08:15:18.584+0000] {processor.py:830} INFO - Processing file /home/airflow/.local/lib/python3.12/site-packages/airflow/example_dags/example_setup_teardown.py for tasks to queue
[2024-07-12T08:15:18.585+0000] {logging_mixin.py:188} INFO - [2024-07-12T08:15:18.585+0000] {dagbag.py:545} INFO - Filling up the DagBag from /home/airflow/.local/lib/python3.12/site-packages/airflow/example_dags/example_setup_teardown.py
[2024-07-12T08:15:18.590+0000] {processor.py:840} INFO - DAG(s) 'example_setup_teardown' retrieved from /home/airflow/.local/lib/python3.12/site-packages/airflow/example_dags/example_setup_teardown.py
[2024-07-12T08:15:18.601+0000] {logging_mixin.py:188} INFO - [2024-07-12T08:15:18.601+0000] {dag.py:3096} INFO - Sync 1 DAGs
[2024-07-12T08:15:18.614+0000] {logging_mixin.py:188} INFO - [2024-07-12T08:15:18.614+0000] {dag.py:3954} INFO - Setting next_dagrun for example_setup_teardown to 2024-07-11 00:00:00+00:00, run_after=2024-07-12 00:00:00+00:00
[2024-07-12T08:15:18.628+0000] {processor.py:183} INFO - Processing /home/airflow/.local/lib/python3.12/site-packages/airflow/example_dags/example_setup_teardown.py took 0.048 seconds
[2024-07-12T08:15:48.839+0000] {processor.py:161} INFO - Started process (PID=940) to work on /home/airflow/.local/lib/python3.12/site-packages/airflow/example_dags/example_setup_teardown.py
[2024-07-12T08:15:48.840+0000] {processor.py:830} INFO - Processing file /home/airflow/.local/lib/python3.12/site-packages/airflow/example_dags/example_setup_teardown.py for tasks to queue
[2024-07-12T08:15:48.841+0000] {logging_mixin.py:188} INFO - [2024-07-12T08:15:48.841+0000] {dagbag.py:545} INFO - Filling up the DagBag from /home/airflow/.local/lib/python3.12/site-packages/airflow/example_dags/example_setup_teardown.py
[2024-07-12T08:15:48.846+0000] {processor.py:840} INFO - DAG(s) 'example_setup_teardown' retrieved from /home/airflow/.local/lib/python3.12/site-packages/airflow/example_dags/example_setup_teardown.py
[2024-07-12T08:15:48.857+0000] {logging_mixin.py:188} INFO - [2024-07-12T08:15:48.857+0000] {dag.py:3096} INFO - Sync 1 DAGs
[2024-07-12T08:15:48.870+0000] {logging_mixin.py:188} INFO - [2024-07-12T08:15:48.870+0000] {dag.py:3954} INFO - Setting next_dagrun for example_setup_teardown to 2024-07-11 00:00:00+00:00, run_after=2024-07-12 00:00:00+00:00
[2024-07-12T08:15:48.884+0000] {processor.py:183} INFO - Processing /home/airflow/.local/lib/python3.12/site-packages/airflow/example_dags/example_setup_teardown.py took 0.049 seconds
[2024-07-12T08:16:19.939+0000] {processor.py:161} INFO - Started process (PID=998) to work on /home/airflow/.local/lib/python3.12/site-packages/airflow/example_dags/example_setup_teardown.py
[2024-07-12T08:16:19.939+0000] {processor.py:830} INFO - Processing file /home/airflow/.local/lib/python3.12/site-packages/airflow/example_dags/example_setup_teardown.py for tasks to queue
[2024-07-12T08:16:19.941+0000] {logging_mixin.py:188} INFO - [2024-07-12T08:16:19.940+0000] {dagbag.py:545} INFO - Filling up the DagBag from /home/airflow/.local/lib/python3.12/site-packages/airflow/example_dags/example_setup_teardown.py
[2024-07-12T08:16:19.945+0000] {processor.py:840} INFO - DAG(s) 'example_setup_teardown' retrieved from /home/airflow/.local/lib/python3.12/site-packages/airflow/example_dags/example_setup_teardown.py
[2024-07-12T08:16:19.956+0000] {logging_mixin.py:188} INFO - [2024-07-12T08:16:19.956+0000] {dag.py:3096} INFO - Sync 1 DAGs
[2024-07-12T08:16:19.969+0000] {logging_mixin.py:188} INFO - [2024-07-12T08:16:19.969+0000] {dag.py:3954} INFO - Setting next_dagrun for example_setup_teardown to 2024-07-11 00:00:00+00:00, run_after=2024-07-12 00:00:00+00:00
[2024-07-12T08:16:19.982+0000] {processor.py:183} INFO - Processing /home/airflow/.local/lib/python3.12/site-packages/airflow/example_dags/example_setup_teardown.py took 0.048 seconds
[2024-07-12T08:16:50.209+0000] {processor.py:161} INFO - Started process (PID=1056) to work on /home/airflow/.local/lib/python3.12/site-packages/airflow/example_dags/example_setup_teardown.py
[2024-07-12T08:16:50.209+0000] {processor.py:830} INFO - Processing file /home/airflow/.local/lib/python3.12/site-packages/airflow/example_dags/example_setup_teardown.py for tasks to queue
[2024-07-12T08:16:50.211+0000] {logging_mixin.py:188} INFO - [2024-07-12T08:16:50.210+0000] {dagbag.py:545} INFO - Filling up the DagBag from /home/airflow/.local/lib/python3.12/site-packages/airflow/example_dags/example_setup_teardown.py
[2024-07-12T08:16:50.215+0000] {processor.py:840} INFO - DAG(s) 'example_setup_teardown' retrieved from /home/airflow/.local/lib/python3.12/site-packages/airflow/example_dags/example_setup_teardown.py
[2024-07-12T08:16:50.226+0000] {logging_mixin.py:188} INFO - [2024-07-12T08:16:50.226+0000] {dag.py:3096} INFO - Sync 1 DAGs
[2024-07-12T08:16:50.239+0000] {logging_mixin.py:188} INFO - [2024-07-12T08:16:50.239+0000] {dag.py:3954} INFO - Setting next_dagrun for example_setup_teardown to 2024-07-11 00:00:00+00:00, run_after=2024-07-12 00:00:00+00:00
[2024-07-12T08:16:50.253+0000] {processor.py:183} INFO - Processing /home/airflow/.local/lib/python3.12/site-packages/airflow/example_dags/example_setup_teardown.py took 0.048 seconds
[2024-07-12T08:17:20.466+0000] {processor.py:161} INFO - Started process (PID=1114) to work on /home/airflow/.local/lib/python3.12/site-packages/airflow/example_dags/example_setup_teardown.py
[2024-07-12T08:17:20.467+0000] {processor.py:830} INFO - Processing file /home/airflow/.local/lib/python3.12/site-packages/airflow/example_dags/example_setup_teardown.py for tasks to queue
[2024-07-12T08:17:20.469+0000] {logging_mixin.py:188} INFO - [2024-07-12T08:17:20.469+0000] {dagbag.py:545} INFO - Filling up the DagBag from /home/airflow/.local/lib/python3.12/site-packages/airflow/example_dags/example_setup_teardown.py
[2024-07-12T08:17:20.473+0000] {processor.py:840} INFO - DAG(s) 'example_setup_teardown' retrieved from /home/airflow/.local/lib/python3.12/site-packages/airflow/example_dags/example_setup_teardown.py
[2024-07-12T08:17:20.484+0000] {logging_mixin.py:188} INFO - [2024-07-12T08:17:20.484+0000] {dag.py:3096} INFO - Sync 1 DAGs
[2024-07-12T08:17:20.497+0000] {logging_mixin.py:188} INFO - [2024-07-12T08:17:20.497+0000] {dag.py:3954} INFO - Setting next_dagrun for example_setup_teardown to 2024-07-11 00:00:00+00:00, run_after=2024-07-12 00:00:00+00:00
[2024-07-12T08:17:20.510+0000] {processor.py:183} INFO - Processing /home/airflow/.local/lib/python3.12/site-packages/airflow/example_dags/example_setup_teardown.py took 0.048 seconds
[2024-07-12T08:17:50.743+0000] {processor.py:161} INFO - Started process (PID=1172) to work on /home/airflow/.local/lib/python3.12/site-packages/airflow/example_dags/example_setup_teardown.py
[2024-07-12T08:17:50.744+0000] {processor.py:830} INFO - Processing file /home/airflow/.local/lib/python3.12/site-packages/airflow/example_dags/example_setup_teardown.py for tasks to queue
[2024-07-12T08:17:50.745+0000] {logging_mixin.py:188} INFO - [2024-07-12T08:17:50.745+0000] {dagbag.py:545} INFO - Filling up the DagBag from /home/airflow/.local/lib/python3.12/site-packages/airflow/example_dags/example_setup_teardown.py
[2024-07-12T08:17:50.750+0000] {processor.py:840} INFO - DAG(s) 'example_setup_teardown' retrieved from /home/airflow/.local/lib/python3.12/site-packages/airflow/example_dags/example_setup_teardown.py
[2024-07-12T08:17:50.763+0000] {logging_mixin.py:188} INFO - [2024-07-12T08:17:50.762+0000] {dag.py:3096} INFO - Sync 1 DAGs
[2024-07-12T08:17:50.777+0000] {logging_mixin.py:188} INFO - [2024-07-12T08:17:50.777+0000] {dag.py:3954} INFO - Setting next_dagrun for example_setup_teardown to 2024-07-11 00:00:00+00:00, run_after=2024-07-12 00:00:00+00:00
[2024-07-12T08:17:50.792+0000] {processor.py:183} INFO - Processing /home/airflow/.local/lib/python3.12/site-packages/airflow/example_dags/example_setup_teardown.py took 0.053 seconds
[2024-07-12T08:18:21.051+0000] {processor.py:161} INFO - Started process (PID=1230) to work on /home/airflow/.local/lib/python3.12/site-packages/airflow/example_dags/example_setup_teardown.py
[2024-07-12T08:18:21.051+0000] {processor.py:830} INFO - Processing file /home/airflow/.local/lib/python3.12/site-packages/airflow/example_dags/example_setup_teardown.py for tasks to queue
[2024-07-12T08:18:21.053+0000] {logging_mixin.py:188} INFO - [2024-07-12T08:18:21.053+0000] {dagbag.py:545} INFO - Filling up the DagBag from /home/airflow/.local/lib/python3.12/site-packages/airflow/example_dags/example_setup_teardown.py
[2024-07-12T08:18:21.057+0000] {processor.py:840} INFO - DAG(s) 'example_setup_teardown' retrieved from /home/airflow/.local/lib/python3.12/site-packages/airflow/example_dags/example_setup_teardown.py
[2024-07-12T08:18:21.070+0000] {logging_mixin.py:188} INFO - [2024-07-12T08:18:21.070+0000] {dag.py:3096} INFO - Sync 1 DAGs
[2024-07-12T08:18:21.085+0000] {logging_mixin.py:188} INFO - [2024-07-12T08:18:21.085+0000] {dag.py:3954} INFO - Setting next_dagrun for example_setup_teardown to 2024-07-11 00:00:00+00:00, run_after=2024-07-12 00:00:00+00:00
[2024-07-12T08:18:21.101+0000] {processor.py:183} INFO - Processing /home/airflow/.local/lib/python3.12/site-packages/airflow/example_dags/example_setup_teardown.py took 0.054 seconds
[2024-07-12T08:18:51.338+0000] {processor.py:161} INFO - Started process (PID=1288) to work on /home/airflow/.local/lib/python3.12/site-packages/airflow/example_dags/example_setup_teardown.py
[2024-07-12T08:18:51.339+0000] {processor.py:830} INFO - Processing file /home/airflow/.local/lib/python3.12/site-packages/airflow/example_dags/example_setup_teardown.py for tasks to queue
[2024-07-12T08:18:51.340+0000] {logging_mixin.py:188} INFO - [2024-07-12T08:18:51.340+0000] {dagbag.py:545} INFO - Filling up the DagBag from /home/airflow/.local/lib/python3.12/site-packages/airflow/example_dags/example_setup_teardown.py
[2024-07-12T08:18:51.345+0000] {processor.py:840} INFO - DAG(s) 'example_setup_teardown' retrieved from /home/airflow/.local/lib/python3.12/site-packages/airflow/example_dags/example_setup_teardown.py
[2024-07-12T08:18:51.356+0000] {logging_mixin.py:188} INFO - [2024-07-12T08:18:51.356+0000] {dag.py:3096} INFO - Sync 1 DAGs
[2024-07-12T08:18:51.370+0000] {logging_mixin.py:188} INFO - [2024-07-12T08:18:51.370+0000] {dag.py:3954} INFO - Setting next_dagrun for example_setup_teardown to 2024-07-11 00:00:00+00:00, run_after=2024-07-12 00:00:00+00:00
[2024-07-12T08:18:51.383+0000] {processor.py:183} INFO - Processing /home/airflow/.local/lib/python3.12/site-packages/airflow/example_dags/example_setup_teardown.py took 0.048 seconds
[2024-07-12T08:19:21.693+0000] {processor.py:161} INFO - Started process (PID=1346) to work on /home/airflow/.local/lib/python3.12/site-packages/airflow/example_dags/example_setup_teardown.py
[2024-07-12T08:19:21.693+0000] {processor.py:830} INFO - Processing file /home/airflow/.local/lib/python3.12/site-packages/airflow/example_dags/example_setup_teardown.py for tasks to queue
[2024-07-12T08:19:21.695+0000] {logging_mixin.py:188} INFO - [2024-07-12T08:19:21.694+0000] {dagbag.py:545} INFO - Filling up the DagBag from /home/airflow/.local/lib/python3.12/site-packages/airflow/example_dags/example_setup_teardown.py
[2024-07-12T08:19:21.700+0000] {processor.py:840} INFO - DAG(s) 'example_setup_teardown' retrieved from /home/airflow/.local/lib/python3.12/site-packages/airflow/example_dags/example_setup_teardown.py
[2024-07-12T08:19:21.711+0000] {logging_mixin.py:188} INFO - [2024-07-12T08:19:21.711+0000] {dag.py:3096} INFO - Sync 1 DAGs
[2024-07-12T08:19:21.726+0000] {logging_mixin.py:188} INFO - [2024-07-12T08:19:21.726+0000] {dag.py:3954} INFO - Setting next_dagrun for example_setup_teardown to 2024-07-11 00:00:00+00:00, run_after=2024-07-12 00:00:00+00:00
[2024-07-12T08:19:21.740+0000] {processor.py:183} INFO - Processing /home/airflow/.local/lib/python3.12/site-packages/airflow/example_dags/example_setup_teardown.py took 0.051 seconds
[2024-07-12T08:19:51.858+0000] {processor.py:161} INFO - Started process (PID=1404) to work on /home/airflow/.local/lib/python3.12/site-packages/airflow/example_dags/example_setup_teardown.py
[2024-07-12T08:19:51.859+0000] {processor.py:830} INFO - Processing file /home/airflow/.local/lib/python3.12/site-packages/airflow/example_dags/example_setup_teardown.py for tasks to queue
[2024-07-12T08:19:51.860+0000] {logging_mixin.py:188} INFO - [2024-07-12T08:19:51.860+0000] {dagbag.py:545} INFO - Filling up the DagBag from /home/airflow/.local/lib/python3.12/site-packages/airflow/example_dags/example_setup_teardown.py
[2024-07-12T08:19:51.865+0000] {processor.py:840} INFO - DAG(s) 'example_setup_teardown' retrieved from /home/airflow/.local/lib/python3.12/site-packages/airflow/example_dags/example_setup_teardown.py
[2024-07-12T08:19:51.877+0000] {logging_mixin.py:188} INFO - [2024-07-12T08:19:51.876+0000] {dag.py:3096} INFO - Sync 1 DAGs
[2024-07-12T08:19:51.891+0000] {logging_mixin.py:188} INFO - [2024-07-12T08:19:51.891+0000] {dag.py:3954} INFO - Setting next_dagrun for example_setup_teardown to 2024-07-11 00:00:00+00:00, run_after=2024-07-12 00:00:00+00:00
[2024-07-12T08:19:51.905+0000] {processor.py:183} INFO - Processing /home/airflow/.local/lib/python3.12/site-packages/airflow/example_dags/example_setup_teardown.py took 0.050 seconds
[2024-07-12T08:20:22.059+0000] {processor.py:161} INFO - Started process (PID=1462) to work on /home/airflow/.local/lib/python3.12/site-packages/airflow/example_dags/example_setup_teardown.py
[2024-07-12T08:20:22.059+0000] {processor.py:830} INFO - Processing file /home/airflow/.local/lib/python3.12/site-packages/airflow/example_dags/example_setup_teardown.py for tasks to queue
[2024-07-12T08:20:22.061+0000] {logging_mixin.py:188} INFO - [2024-07-12T08:20:22.060+0000] {dagbag.py:545} INFO - Filling up the DagBag from /home/airflow/.local/lib/python3.12/site-packages/airflow/example_dags/example_setup_teardown.py
[2024-07-12T08:20:22.065+0000] {processor.py:840} INFO - DAG(s) 'example_setup_teardown' retrieved from /home/airflow/.local/lib/python3.12/site-packages/airflow/example_dags/example_setup_teardown.py
[2024-07-12T08:20:22.076+0000] {logging_mixin.py:188} INFO - [2024-07-12T08:20:22.075+0000] {dag.py:3096} INFO - Sync 1 DAGs
[2024-07-12T08:20:22.090+0000] {logging_mixin.py:188} INFO - [2024-07-12T08:20:22.090+0000] {dag.py:3954} INFO - Setting next_dagrun for example_setup_teardown to 2024-07-11 00:00:00+00:00, run_after=2024-07-12 00:00:00+00:00
[2024-07-12T08:20:22.103+0000] {processor.py:183} INFO - Processing /home/airflow/.local/lib/python3.12/site-packages/airflow/example_dags/example_setup_teardown.py took 0.048 seconds
[2024-07-12T08:22:55.670+0000] {processor.py:161} INFO - Started process (PID=65) to work on /home/airflow/.local/lib/python3.12/site-packages/airflow/example_dags/example_setup_teardown.py
[2024-07-12T08:22:55.671+0000] {processor.py:830} INFO - Processing file /home/airflow/.local/lib/python3.12/site-packages/airflow/example_dags/example_setup_teardown.py for tasks to queue
[2024-07-12T08:22:55.672+0000] {logging_mixin.py:188} INFO - [2024-07-12T08:22:55.672+0000] {dagbag.py:545} INFO - Filling up the DagBag from /home/airflow/.local/lib/python3.12/site-packages/airflow/example_dags/example_setup_teardown.py
[2024-07-12T08:22:55.679+0000] {processor.py:840} INFO - DAG(s) 'example_setup_teardown' retrieved from /home/airflow/.local/lib/python3.12/site-packages/airflow/example_dags/example_setup_teardown.py
[2024-07-12T08:22:55.685+0000] {logging_mixin.py:188} INFO - [2024-07-12T08:22:55.685+0000] {dag.py:3096} INFO - Sync 1 DAGs
[2024-07-12T08:22:55.701+0000] {logging_mixin.py:188} INFO - [2024-07-12T08:22:55.701+0000] {dag.py:3954} INFO - Setting next_dagrun for example_setup_teardown to 2024-07-11 00:00:00+00:00, run_after=2024-07-12 00:00:00+00:00
[2024-07-12T08:22:55.717+0000] {processor.py:183} INFO - Processing /home/airflow/.local/lib/python3.12/site-packages/airflow/example_dags/example_setup_teardown.py took 0.051 seconds
[2024-07-12T08:23:26.355+0000] {processor.py:161} INFO - Started process (PID=123) to work on /home/airflow/.local/lib/python3.12/site-packages/airflow/example_dags/example_setup_teardown.py
[2024-07-12T08:23:26.356+0000] {processor.py:830} INFO - Processing file /home/airflow/.local/lib/python3.12/site-packages/airflow/example_dags/example_setup_teardown.py for tasks to queue
[2024-07-12T08:23:26.358+0000] {logging_mixin.py:188} INFO - [2024-07-12T08:23:26.358+0000] {dagbag.py:545} INFO - Filling up the DagBag from /home/airflow/.local/lib/python3.12/site-packages/airflow/example_dags/example_setup_teardown.py
[2024-07-12T08:23:26.363+0000] {processor.py:840} INFO - DAG(s) 'example_setup_teardown' retrieved from /home/airflow/.local/lib/python3.12/site-packages/airflow/example_dags/example_setup_teardown.py
[2024-07-12T08:23:26.427+0000] {logging_mixin.py:188} INFO - [2024-07-12T08:23:26.426+0000] {dag.py:3096} INFO - Sync 1 DAGs
[2024-07-12T08:23:26.439+0000] {logging_mixin.py:188} INFO - [2024-07-12T08:23:26.439+0000] {dag.py:3954} INFO - Setting next_dagrun for example_setup_teardown to 2024-07-11 00:00:00+00:00, run_after=2024-07-12 00:00:00+00:00
[2024-07-12T08:23:26.454+0000] {processor.py:183} INFO - Processing /home/airflow/.local/lib/python3.12/site-packages/airflow/example_dags/example_setup_teardown.py took 0.103 seconds
[2024-07-12T08:23:57.433+0000] {processor.py:161} INFO - Started process (PID=181) to work on /home/airflow/.local/lib/python3.12/site-packages/airflow/example_dags/example_setup_teardown.py
[2024-07-12T08:23:57.434+0000] {processor.py:830} INFO - Processing file /home/airflow/.local/lib/python3.12/site-packages/airflow/example_dags/example_setup_teardown.py for tasks to queue
[2024-07-12T08:23:57.436+0000] {logging_mixin.py:188} INFO - [2024-07-12T08:23:57.435+0000] {dagbag.py:545} INFO - Filling up the DagBag from /home/airflow/.local/lib/python3.12/site-packages/airflow/example_dags/example_setup_teardown.py
[2024-07-12T08:23:57.440+0000] {processor.py:840} INFO - DAG(s) 'example_setup_teardown' retrieved from /home/airflow/.local/lib/python3.12/site-packages/airflow/example_dags/example_setup_teardown.py
[2024-07-12T08:23:57.452+0000] {logging_mixin.py:188} INFO - [2024-07-12T08:23:57.452+0000] {dag.py:3096} INFO - Sync 1 DAGs
[2024-07-12T08:23:57.466+0000] {logging_mixin.py:188} INFO - [2024-07-12T08:23:57.466+0000] {dag.py:3954} INFO - Setting next_dagrun for example_setup_teardown to 2024-07-11 00:00:00+00:00, run_after=2024-07-12 00:00:00+00:00
[2024-07-12T08:23:57.481+0000] {processor.py:183} INFO - Processing /home/airflow/.local/lib/python3.12/site-packages/airflow/example_dags/example_setup_teardown.py took 0.052 seconds
[2024-07-12T08:24:27.607+0000] {processor.py:161} INFO - Started process (PID=239) to work on /home/airflow/.local/lib/python3.12/site-packages/airflow/example_dags/example_setup_teardown.py
[2024-07-12T08:24:27.608+0000] {processor.py:830} INFO - Processing file /home/airflow/.local/lib/python3.12/site-packages/airflow/example_dags/example_setup_teardown.py for tasks to queue
[2024-07-12T08:24:27.610+0000] {logging_mixin.py:188} INFO - [2024-07-12T08:24:27.609+0000] {dagbag.py:545} INFO - Filling up the DagBag from /home/airflow/.local/lib/python3.12/site-packages/airflow/example_dags/example_setup_teardown.py
[2024-07-12T08:24:27.615+0000] {processor.py:840} INFO - DAG(s) 'example_setup_teardown' retrieved from /home/airflow/.local/lib/python3.12/site-packages/airflow/example_dags/example_setup_teardown.py
[2024-07-12T08:24:27.628+0000] {logging_mixin.py:188} INFO - [2024-07-12T08:24:27.628+0000] {dag.py:3096} INFO - Sync 1 DAGs
[2024-07-12T08:24:27.643+0000] {logging_mixin.py:188} INFO - [2024-07-12T08:24:27.643+0000] {dag.py:3954} INFO - Setting next_dagrun for example_setup_teardown to 2024-07-11 00:00:00+00:00, run_after=2024-07-12 00:00:00+00:00
[2024-07-12T08:24:27.661+0000] {processor.py:183} INFO - Processing /home/airflow/.local/lib/python3.12/site-packages/airflow/example_dags/example_setup_teardown.py took 0.059 seconds
[2024-07-12T08:24:57.798+0000] {processor.py:161} INFO - Started process (PID=297) to work on /home/airflow/.local/lib/python3.12/site-packages/airflow/example_dags/example_setup_teardown.py
[2024-07-12T08:24:57.798+0000] {processor.py:830} INFO - Processing file /home/airflow/.local/lib/python3.12/site-packages/airflow/example_dags/example_setup_teardown.py for tasks to queue
[2024-07-12T08:24:57.799+0000] {logging_mixin.py:188} INFO - [2024-07-12T08:24:57.799+0000] {dagbag.py:545} INFO - Filling up the DagBag from /home/airflow/.local/lib/python3.12/site-packages/airflow/example_dags/example_setup_teardown.py
[2024-07-12T08:24:57.804+0000] {processor.py:840} INFO - DAG(s) 'example_setup_teardown' retrieved from /home/airflow/.local/lib/python3.12/site-packages/airflow/example_dags/example_setup_teardown.py
[2024-07-12T08:24:57.815+0000] {logging_mixin.py:188} INFO - [2024-07-12T08:24:57.815+0000] {dag.py:3096} INFO - Sync 1 DAGs
[2024-07-12T08:24:57.828+0000] {logging_mixin.py:188} INFO - [2024-07-12T08:24:57.828+0000] {dag.py:3954} INFO - Setting next_dagrun for example_setup_teardown to 2024-07-11 00:00:00+00:00, run_after=2024-07-12 00:00:00+00:00
[2024-07-12T08:24:57.843+0000] {processor.py:183} INFO - Processing /home/airflow/.local/lib/python3.12/site-packages/airflow/example_dags/example_setup_teardown.py took 0.049 seconds
[2024-07-12T08:25:28.026+0000] {processor.py:161} INFO - Started process (PID=355) to work on /home/airflow/.local/lib/python3.12/site-packages/airflow/example_dags/example_setup_teardown.py
[2024-07-12T08:25:28.026+0000] {processor.py:830} INFO - Processing file /home/airflow/.local/lib/python3.12/site-packages/airflow/example_dags/example_setup_teardown.py for tasks to queue
[2024-07-12T08:25:28.028+0000] {logging_mixin.py:188} INFO - [2024-07-12T08:25:28.027+0000] {dagbag.py:545} INFO - Filling up the DagBag from /home/airflow/.local/lib/python3.12/site-packages/airflow/example_dags/example_setup_teardown.py
[2024-07-12T08:25:28.033+0000] {processor.py:840} INFO - DAG(s) 'example_setup_teardown' retrieved from /home/airflow/.local/lib/python3.12/site-packages/airflow/example_dags/example_setup_teardown.py
[2024-07-12T08:25:28.044+0000] {logging_mixin.py:188} INFO - [2024-07-12T08:25:28.044+0000] {dag.py:3096} INFO - Sync 1 DAGs
[2024-07-12T08:25:28.059+0000] {logging_mixin.py:188} INFO - [2024-07-12T08:25:28.059+0000] {dag.py:3954} INFO - Setting next_dagrun for example_setup_teardown to 2024-07-11 00:00:00+00:00, run_after=2024-07-12 00:00:00+00:00
[2024-07-12T08:25:28.075+0000] {processor.py:183} INFO - Processing /home/airflow/.local/lib/python3.12/site-packages/airflow/example_dags/example_setup_teardown.py took 0.053 seconds
[2024-07-12T08:25:58.343+0000] {processor.py:161} INFO - Started process (PID=413) to work on /home/airflow/.local/lib/python3.12/site-packages/airflow/example_dags/example_setup_teardown.py
[2024-07-12T08:25:58.344+0000] {processor.py:830} INFO - Processing file /home/airflow/.local/lib/python3.12/site-packages/airflow/example_dags/example_setup_teardown.py for tasks to queue
[2024-07-12T08:25:58.345+0000] {logging_mixin.py:188} INFO - [2024-07-12T08:25:58.345+0000] {dagbag.py:545} INFO - Filling up the DagBag from /home/airflow/.local/lib/python3.12/site-packages/airflow/example_dags/example_setup_teardown.py
[2024-07-12T08:25:58.350+0000] {processor.py:840} INFO - DAG(s) 'example_setup_teardown' retrieved from /home/airflow/.local/lib/python3.12/site-packages/airflow/example_dags/example_setup_teardown.py
[2024-07-12T08:25:58.363+0000] {logging_mixin.py:188} INFO - [2024-07-12T08:25:58.363+0000] {dag.py:3096} INFO - Sync 1 DAGs
[2024-07-12T08:25:58.376+0000] {logging_mixin.py:188} INFO - [2024-07-12T08:25:58.376+0000] {dag.py:3954} INFO - Setting next_dagrun for example_setup_teardown to 2024-07-11 00:00:00+00:00, run_after=2024-07-12 00:00:00+00:00
[2024-07-12T08:25:58.391+0000] {processor.py:183} INFO - Processing /home/airflow/.local/lib/python3.12/site-packages/airflow/example_dags/example_setup_teardown.py took 0.052 seconds
[2024-07-12T08:27:24.890+0000] {processor.py:161} INFO - Started process (PID=65) to work on /home/airflow/.local/lib/python3.12/site-packages/airflow/example_dags/example_setup_teardown.py
[2024-07-12T08:27:24.891+0000] {processor.py:830} INFO - Processing file /home/airflow/.local/lib/python3.12/site-packages/airflow/example_dags/example_setup_teardown.py for tasks to queue
[2024-07-12T08:27:24.892+0000] {logging_mixin.py:188} INFO - [2024-07-12T08:27:24.892+0000] {dagbag.py:545} INFO - Filling up the DagBag from /home/airflow/.local/lib/python3.12/site-packages/airflow/example_dags/example_setup_teardown.py
[2024-07-12T08:27:24.899+0000] {processor.py:840} INFO - DAG(s) 'example_setup_teardown' retrieved from /home/airflow/.local/lib/python3.12/site-packages/airflow/example_dags/example_setup_teardown.py
[2024-07-12T08:27:24.907+0000] {logging_mixin.py:188} INFO - [2024-07-12T08:27:24.906+0000] {dag.py:3096} INFO - Sync 1 DAGs
[2024-07-12T08:27:24.924+0000] {logging_mixin.py:188} INFO - [2024-07-12T08:27:24.924+0000] {dag.py:3954} INFO - Setting next_dagrun for example_setup_teardown to 2024-07-11 00:00:00+00:00, run_after=2024-07-12 00:00:00+00:00
[2024-07-12T08:27:24.944+0000] {processor.py:183} INFO - Processing /home/airflow/.local/lib/python3.12/site-packages/airflow/example_dags/example_setup_teardown.py took 0.058 seconds
[2024-07-12T08:27:55.676+0000] {processor.py:161} INFO - Started process (PID=123) to work on /home/airflow/.local/lib/python3.12/site-packages/airflow/example_dags/example_setup_teardown.py
[2024-07-12T08:27:55.677+0000] {processor.py:830} INFO - Processing file /home/airflow/.local/lib/python3.12/site-packages/airflow/example_dags/example_setup_teardown.py for tasks to queue
[2024-07-12T08:27:55.678+0000] {logging_mixin.py:188} INFO - [2024-07-12T08:27:55.678+0000] {dagbag.py:545} INFO - Filling up the DagBag from /home/airflow/.local/lib/python3.12/site-packages/airflow/example_dags/example_setup_teardown.py
[2024-07-12T08:27:55.683+0000] {processor.py:840} INFO - DAG(s) 'example_setup_teardown' retrieved from /home/airflow/.local/lib/python3.12/site-packages/airflow/example_dags/example_setup_teardown.py
[2024-07-12T08:27:55.690+0000] {logging_mixin.py:188} INFO - [2024-07-12T08:27:55.689+0000] {dag.py:3096} INFO - Sync 1 DAGs
[2024-07-12T08:27:55.705+0000] {logging_mixin.py:188} INFO - [2024-07-12T08:27:55.705+0000] {dag.py:3954} INFO - Setting next_dagrun for example_setup_teardown to 2024-07-11 00:00:00+00:00, run_after=2024-07-12 00:00:00+00:00
[2024-07-12T08:27:55.721+0000] {processor.py:183} INFO - Processing /home/airflow/.local/lib/python3.12/site-packages/airflow/example_dags/example_setup_teardown.py took 0.049 seconds
[2024-07-12T08:29:02.888+0000] {processor.py:161} INFO - Started process (PID=65) to work on /home/airflow/.local/lib/python3.12/site-packages/airflow/example_dags/example_setup_teardown.py
[2024-07-12T08:29:02.889+0000] {processor.py:830} INFO - Processing file /home/airflow/.local/lib/python3.12/site-packages/airflow/example_dags/example_setup_teardown.py for tasks to queue
[2024-07-12T08:29:02.890+0000] {logging_mixin.py:188} INFO - [2024-07-12T08:29:02.890+0000] {dagbag.py:545} INFO - Filling up the DagBag from /home/airflow/.local/lib/python3.12/site-packages/airflow/example_dags/example_setup_teardown.py
[2024-07-12T08:29:02.897+0000] {processor.py:840} INFO - DAG(s) 'example_setup_teardown' retrieved from /home/airflow/.local/lib/python3.12/site-packages/airflow/example_dags/example_setup_teardown.py
[2024-07-12T08:29:02.903+0000] {logging_mixin.py:188} INFO - [2024-07-12T08:29:02.903+0000] {dag.py:3096} INFO - Sync 1 DAGs
[2024-07-12T08:29:02.919+0000] {logging_mixin.py:188} INFO - [2024-07-12T08:29:02.919+0000] {dag.py:3954} INFO - Setting next_dagrun for example_setup_teardown to 2024-07-11 00:00:00+00:00, run_after=2024-07-12 00:00:00+00:00
[2024-07-12T08:29:02.935+0000] {processor.py:183} INFO - Processing /home/airflow/.local/lib/python3.12/site-packages/airflow/example_dags/example_setup_teardown.py took 0.050 seconds
[2024-07-12T08:29:33.488+0000] {processor.py:161} INFO - Started process (PID=123) to work on /home/airflow/.local/lib/python3.12/site-packages/airflow/example_dags/example_setup_teardown.py
[2024-07-12T08:29:33.489+0000] {processor.py:830} INFO - Processing file /home/airflow/.local/lib/python3.12/site-packages/airflow/example_dags/example_setup_teardown.py for tasks to queue
[2024-07-12T08:29:33.490+0000] {logging_mixin.py:188} INFO - [2024-07-12T08:29:33.490+0000] {dagbag.py:545} INFO - Filling up the DagBag from /home/airflow/.local/lib/python3.12/site-packages/airflow/example_dags/example_setup_teardown.py
[2024-07-12T08:29:33.494+0000] {processor.py:840} INFO - DAG(s) 'example_setup_teardown' retrieved from /home/airflow/.local/lib/python3.12/site-packages/airflow/example_dags/example_setup_teardown.py
[2024-07-12T08:29:33.557+0000] {logging_mixin.py:188} INFO - [2024-07-12T08:29:33.557+0000] {dag.py:3096} INFO - Sync 1 DAGs
[2024-07-12T08:29:33.570+0000] {logging_mixin.py:188} INFO - [2024-07-12T08:29:33.570+0000] {dag.py:3954} INFO - Setting next_dagrun for example_setup_teardown to 2024-07-11 00:00:00+00:00, run_after=2024-07-12 00:00:00+00:00
[2024-07-12T08:29:33.585+0000] {processor.py:183} INFO - Processing /home/airflow/.local/lib/python3.12/site-packages/airflow/example_dags/example_setup_teardown.py took 0.101 seconds
[2024-07-12T08:30:04.408+0000] {processor.py:161} INFO - Started process (PID=181) to work on /home/airflow/.local/lib/python3.12/site-packages/airflow/example_dags/example_setup_teardown.py
[2024-07-12T08:30:04.409+0000] {processor.py:830} INFO - Processing file /home/airflow/.local/lib/python3.12/site-packages/airflow/example_dags/example_setup_teardown.py for tasks to queue
[2024-07-12T08:30:04.410+0000] {logging_mixin.py:188} INFO - [2024-07-12T08:30:04.410+0000] {dagbag.py:545} INFO - Filling up the DagBag from /home/airflow/.local/lib/python3.12/site-packages/airflow/example_dags/example_setup_teardown.py
[2024-07-12T08:30:04.414+0000] {processor.py:840} INFO - DAG(s) 'example_setup_teardown' retrieved from /home/airflow/.local/lib/python3.12/site-packages/airflow/example_dags/example_setup_teardown.py
[2024-07-12T08:30:04.426+0000] {logging_mixin.py:188} INFO - [2024-07-12T08:30:04.426+0000] {dag.py:3096} INFO - Sync 1 DAGs
[2024-07-12T08:30:04.439+0000] {logging_mixin.py:188} INFO - [2024-07-12T08:30:04.439+0000] {dag.py:3954} INFO - Setting next_dagrun for example_setup_teardown to 2024-07-11 00:00:00+00:00, run_after=2024-07-12 00:00:00+00:00
[2024-07-12T08:30:04.453+0000] {processor.py:183} INFO - Processing /home/airflow/.local/lib/python3.12/site-packages/airflow/example_dags/example_setup_teardown.py took 0.048 seconds
[2024-07-12T08:30:34.478+0000] {processor.py:161} INFO - Started process (PID=239) to work on /home/airflow/.local/lib/python3.12/site-packages/airflow/example_dags/example_setup_teardown.py
[2024-07-12T08:30:34.479+0000] {processor.py:830} INFO - Processing file /home/airflow/.local/lib/python3.12/site-packages/airflow/example_dags/example_setup_teardown.py for tasks to queue
[2024-07-12T08:30:34.480+0000] {logging_mixin.py:188} INFO - [2024-07-12T08:30:34.480+0000] {dagbag.py:545} INFO - Filling up the DagBag from /home/airflow/.local/lib/python3.12/site-packages/airflow/example_dags/example_setup_teardown.py
[2024-07-12T08:30:34.484+0000] {processor.py:840} INFO - DAG(s) 'example_setup_teardown' retrieved from /home/airflow/.local/lib/python3.12/site-packages/airflow/example_dags/example_setup_teardown.py
[2024-07-12T08:30:34.494+0000] {logging_mixin.py:188} INFO - [2024-07-12T08:30:34.494+0000] {dag.py:3096} INFO - Sync 1 DAGs
[2024-07-12T08:30:34.507+0000] {logging_mixin.py:188} INFO - [2024-07-12T08:30:34.507+0000] {dag.py:3954} INFO - Setting next_dagrun for example_setup_teardown to 2024-07-11 00:00:00+00:00, run_after=2024-07-12 00:00:00+00:00
[2024-07-12T08:30:34.521+0000] {processor.py:183} INFO - Processing /home/airflow/.local/lib/python3.12/site-packages/airflow/example_dags/example_setup_teardown.py took 0.047 seconds
[2024-07-12T08:31:04.650+0000] {processor.py:161} INFO - Started process (PID=297) to work on /home/airflow/.local/lib/python3.12/site-packages/airflow/example_dags/example_setup_teardown.py
[2024-07-12T08:31:04.651+0000] {processor.py:830} INFO - Processing file /home/airflow/.local/lib/python3.12/site-packages/airflow/example_dags/example_setup_teardown.py for tasks to queue
[2024-07-12T08:31:04.652+0000] {logging_mixin.py:188} INFO - [2024-07-12T08:31:04.652+0000] {dagbag.py:545} INFO - Filling up the DagBag from /home/airflow/.local/lib/python3.12/site-packages/airflow/example_dags/example_setup_teardown.py
[2024-07-12T08:31:04.657+0000] {processor.py:840} INFO - DAG(s) 'example_setup_teardown' retrieved from /home/airflow/.local/lib/python3.12/site-packages/airflow/example_dags/example_setup_teardown.py
[2024-07-12T08:31:04.670+0000] {logging_mixin.py:188} INFO - [2024-07-12T08:31:04.670+0000] {dag.py:3096} INFO - Sync 1 DAGs
[2024-07-12T08:31:04.683+0000] {logging_mixin.py:188} INFO - [2024-07-12T08:31:04.683+0000] {dag.py:3954} INFO - Setting next_dagrun for example_setup_teardown to 2024-07-11 00:00:00+00:00, run_after=2024-07-12 00:00:00+00:00
[2024-07-12T08:31:04.697+0000] {processor.py:183} INFO - Processing /home/airflow/.local/lib/python3.12/site-packages/airflow/example_dags/example_setup_teardown.py took 0.051 seconds
[2024-07-12T08:31:35.057+0000] {processor.py:161} INFO - Started process (PID=355) to work on /home/airflow/.local/lib/python3.12/site-packages/airflow/example_dags/example_setup_teardown.py
[2024-07-12T08:31:35.058+0000] {processor.py:830} INFO - Processing file /home/airflow/.local/lib/python3.12/site-packages/airflow/example_dags/example_setup_teardown.py for tasks to queue
[2024-07-12T08:31:35.059+0000] {logging_mixin.py:188} INFO - [2024-07-12T08:31:35.059+0000] {dagbag.py:545} INFO - Filling up the DagBag from /home/airflow/.local/lib/python3.12/site-packages/airflow/example_dags/example_setup_teardown.py
[2024-07-12T08:31:35.064+0000] {processor.py:840} INFO - DAG(s) 'example_setup_teardown' retrieved from /home/airflow/.local/lib/python3.12/site-packages/airflow/example_dags/example_setup_teardown.py
[2024-07-12T08:31:35.075+0000] {logging_mixin.py:188} INFO - [2024-07-12T08:31:35.074+0000] {dag.py:3096} INFO - Sync 1 DAGs
[2024-07-12T08:31:35.087+0000] {logging_mixin.py:188} INFO - [2024-07-12T08:31:35.087+0000] {dag.py:3954} INFO - Setting next_dagrun for example_setup_teardown to 2024-07-11 00:00:00+00:00, run_after=2024-07-12 00:00:00+00:00
[2024-07-12T08:31:35.100+0000] {processor.py:183} INFO - Processing /home/airflow/.local/lib/python3.12/site-packages/airflow/example_dags/example_setup_teardown.py took 0.046 seconds
[2024-07-12T08:32:05.281+0000] {processor.py:161} INFO - Started process (PID=413) to work on /home/airflow/.local/lib/python3.12/site-packages/airflow/example_dags/example_setup_teardown.py
[2024-07-12T08:32:05.282+0000] {processor.py:830} INFO - Processing file /home/airflow/.local/lib/python3.12/site-packages/airflow/example_dags/example_setup_teardown.py for tasks to queue
[2024-07-12T08:32:05.283+0000] {logging_mixin.py:188} INFO - [2024-07-12T08:32:05.283+0000] {dagbag.py:545} INFO - Filling up the DagBag from /home/airflow/.local/lib/python3.12/site-packages/airflow/example_dags/example_setup_teardown.py
[2024-07-12T08:32:05.287+0000] {processor.py:840} INFO - DAG(s) 'example_setup_teardown' retrieved from /home/airflow/.local/lib/python3.12/site-packages/airflow/example_dags/example_setup_teardown.py
[2024-07-12T08:32:05.298+0000] {logging_mixin.py:188} INFO - [2024-07-12T08:32:05.298+0000] {dag.py:3096} INFO - Sync 1 DAGs
[2024-07-12T08:32:05.311+0000] {logging_mixin.py:188} INFO - [2024-07-12T08:32:05.311+0000] {dag.py:3954} INFO - Setting next_dagrun for example_setup_teardown to 2024-07-11 00:00:00+00:00, run_after=2024-07-12 00:00:00+00:00
[2024-07-12T08:32:05.328+0000] {processor.py:183} INFO - Processing /home/airflow/.local/lib/python3.12/site-packages/airflow/example_dags/example_setup_teardown.py took 0.051 seconds
[2024-07-12T08:32:35.458+0000] {processor.py:161} INFO - Started process (PID=471) to work on /home/airflow/.local/lib/python3.12/site-packages/airflow/example_dags/example_setup_teardown.py
[2024-07-12T08:32:35.458+0000] {processor.py:830} INFO - Processing file /home/airflow/.local/lib/python3.12/site-packages/airflow/example_dags/example_setup_teardown.py for tasks to queue
[2024-07-12T08:32:35.459+0000] {logging_mixin.py:188} INFO - [2024-07-12T08:32:35.459+0000] {dagbag.py:545} INFO - Filling up the DagBag from /home/airflow/.local/lib/python3.12/site-packages/airflow/example_dags/example_setup_teardown.py
[2024-07-12T08:32:35.464+0000] {processor.py:840} INFO - DAG(s) 'example_setup_teardown' retrieved from /home/airflow/.local/lib/python3.12/site-packages/airflow/example_dags/example_setup_teardown.py
[2024-07-12T08:32:35.475+0000] {logging_mixin.py:188} INFO - [2024-07-12T08:32:35.475+0000] {dag.py:3096} INFO - Sync 1 DAGs
[2024-07-12T08:32:35.488+0000] {logging_mixin.py:188} INFO - [2024-07-12T08:32:35.488+0000] {dag.py:3954} INFO - Setting next_dagrun for example_setup_teardown to 2024-07-11 00:00:00+00:00, run_after=2024-07-12 00:00:00+00:00
[2024-07-12T08:32:35.501+0000] {processor.py:183} INFO - Processing /home/airflow/.local/lib/python3.12/site-packages/airflow/example_dags/example_setup_teardown.py took 0.047 seconds
[2024-07-12T08:33:05.767+0000] {processor.py:161} INFO - Started process (PID=529) to work on /home/airflow/.local/lib/python3.12/site-packages/airflow/example_dags/example_setup_teardown.py
[2024-07-12T08:33:05.768+0000] {processor.py:830} INFO - Processing file /home/airflow/.local/lib/python3.12/site-packages/airflow/example_dags/example_setup_teardown.py for tasks to queue
[2024-07-12T08:33:05.769+0000] {logging_mixin.py:188} INFO - [2024-07-12T08:33:05.769+0000] {dagbag.py:545} INFO - Filling up the DagBag from /home/airflow/.local/lib/python3.12/site-packages/airflow/example_dags/example_setup_teardown.py
[2024-07-12T08:33:05.774+0000] {processor.py:840} INFO - DAG(s) 'example_setup_teardown' retrieved from /home/airflow/.local/lib/python3.12/site-packages/airflow/example_dags/example_setup_teardown.py
[2024-07-12T08:33:05.788+0000] {logging_mixin.py:188} INFO - [2024-07-12T08:33:05.787+0000] {dag.py:3096} INFO - Sync 1 DAGs
[2024-07-12T08:33:05.803+0000] {logging_mixin.py:188} INFO - [2024-07-12T08:33:05.803+0000] {dag.py:3954} INFO - Setting next_dagrun for example_setup_teardown to 2024-07-11 00:00:00+00:00, run_after=2024-07-12 00:00:00+00:00
[2024-07-12T08:33:05.819+0000] {processor.py:183} INFO - Processing /home/airflow/.local/lib/python3.12/site-packages/airflow/example_dags/example_setup_teardown.py took 0.055 seconds
[2024-07-12T08:33:35.929+0000] {processor.py:161} INFO - Started process (PID=587) to work on /home/airflow/.local/lib/python3.12/site-packages/airflow/example_dags/example_setup_teardown.py
[2024-07-12T08:33:35.930+0000] {processor.py:830} INFO - Processing file /home/airflow/.local/lib/python3.12/site-packages/airflow/example_dags/example_setup_teardown.py for tasks to queue
[2024-07-12T08:33:35.931+0000] {logging_mixin.py:188} INFO - [2024-07-12T08:33:35.931+0000] {dagbag.py:545} INFO - Filling up the DagBag from /home/airflow/.local/lib/python3.12/site-packages/airflow/example_dags/example_setup_teardown.py
[2024-07-12T08:33:35.935+0000] {processor.py:840} INFO - DAG(s) 'example_setup_teardown' retrieved from /home/airflow/.local/lib/python3.12/site-packages/airflow/example_dags/example_setup_teardown.py
[2024-07-12T08:33:35.947+0000] {logging_mixin.py:188} INFO - [2024-07-12T08:33:35.947+0000] {dag.py:3096} INFO - Sync 1 DAGs
[2024-07-12T08:33:35.961+0000] {logging_mixin.py:188} INFO - [2024-07-12T08:33:35.960+0000] {dag.py:3954} INFO - Setting next_dagrun for example_setup_teardown to 2024-07-11 00:00:00+00:00, run_after=2024-07-12 00:00:00+00:00
[2024-07-12T08:33:35.974+0000] {processor.py:183} INFO - Processing /home/airflow/.local/lib/python3.12/site-packages/airflow/example_dags/example_setup_teardown.py took 0.049 seconds
[2024-07-12T08:34:06.102+0000] {processor.py:161} INFO - Started process (PID=645) to work on /home/airflow/.local/lib/python3.12/site-packages/airflow/example_dags/example_setup_teardown.py
[2024-07-12T08:34:06.102+0000] {processor.py:830} INFO - Processing file /home/airflow/.local/lib/python3.12/site-packages/airflow/example_dags/example_setup_teardown.py for tasks to queue
[2024-07-12T08:34:06.104+0000] {logging_mixin.py:188} INFO - [2024-07-12T08:34:06.103+0000] {dagbag.py:545} INFO - Filling up the DagBag from /home/airflow/.local/lib/python3.12/site-packages/airflow/example_dags/example_setup_teardown.py
[2024-07-12T08:34:06.108+0000] {processor.py:840} INFO - DAG(s) 'example_setup_teardown' retrieved from /home/airflow/.local/lib/python3.12/site-packages/airflow/example_dags/example_setup_teardown.py
[2024-07-12T08:34:06.119+0000] {logging_mixin.py:188} INFO - [2024-07-12T08:34:06.119+0000] {dag.py:3096} INFO - Sync 1 DAGs
[2024-07-12T08:34:06.132+0000] {logging_mixin.py:188} INFO - [2024-07-12T08:34:06.132+0000] {dag.py:3954} INFO - Setting next_dagrun for example_setup_teardown to 2024-07-11 00:00:00+00:00, run_after=2024-07-12 00:00:00+00:00
[2024-07-12T08:34:06.146+0000] {processor.py:183} INFO - Processing /home/airflow/.local/lib/python3.12/site-packages/airflow/example_dags/example_setup_teardown.py took 0.048 seconds
[2024-07-12T08:34:36.273+0000] {processor.py:161} INFO - Started process (PID=703) to work on /home/airflow/.local/lib/python3.12/site-packages/airflow/example_dags/example_setup_teardown.py
[2024-07-12T08:34:36.273+0000] {processor.py:830} INFO - Processing file /home/airflow/.local/lib/python3.12/site-packages/airflow/example_dags/example_setup_teardown.py for tasks to queue
[2024-07-12T08:34:36.275+0000] {logging_mixin.py:188} INFO - [2024-07-12T08:34:36.274+0000] {dagbag.py:545} INFO - Filling up the DagBag from /home/airflow/.local/lib/python3.12/site-packages/airflow/example_dags/example_setup_teardown.py
[2024-07-12T08:34:36.279+0000] {processor.py:840} INFO - DAG(s) 'example_setup_teardown' retrieved from /home/airflow/.local/lib/python3.12/site-packages/airflow/example_dags/example_setup_teardown.py
[2024-07-12T08:34:36.290+0000] {logging_mixin.py:188} INFO - [2024-07-12T08:34:36.290+0000] {dag.py:3096} INFO - Sync 1 DAGs
[2024-07-12T08:34:36.303+0000] {logging_mixin.py:188} INFO - [2024-07-12T08:34:36.303+0000] {dag.py:3954} INFO - Setting next_dagrun for example_setup_teardown to 2024-07-11 00:00:00+00:00, run_after=2024-07-12 00:00:00+00:00
[2024-07-12T08:34:36.317+0000] {processor.py:183} INFO - Processing /home/airflow/.local/lib/python3.12/site-packages/airflow/example_dags/example_setup_teardown.py took 0.048 seconds
[2024-07-12T08:35:07.306+0000] {processor.py:161} INFO - Started process (PID=761) to work on /home/airflow/.local/lib/python3.12/site-packages/airflow/example_dags/example_setup_teardown.py
[2024-07-12T08:35:07.307+0000] {processor.py:830} INFO - Processing file /home/airflow/.local/lib/python3.12/site-packages/airflow/example_dags/example_setup_teardown.py for tasks to queue
[2024-07-12T08:35:07.308+0000] {logging_mixin.py:188} INFO - [2024-07-12T08:35:07.308+0000] {dagbag.py:545} INFO - Filling up the DagBag from /home/airflow/.local/lib/python3.12/site-packages/airflow/example_dags/example_setup_teardown.py
[2024-07-12T08:35:07.313+0000] {processor.py:840} INFO - DAG(s) 'example_setup_teardown' retrieved from /home/airflow/.local/lib/python3.12/site-packages/airflow/example_dags/example_setup_teardown.py
[2024-07-12T08:35:07.325+0000] {logging_mixin.py:188} INFO - [2024-07-12T08:35:07.325+0000] {dag.py:3096} INFO - Sync 1 DAGs
[2024-07-12T08:35:07.340+0000] {logging_mixin.py:188} INFO - [2024-07-12T08:35:07.340+0000] {dag.py:3954} INFO - Setting next_dagrun for example_setup_teardown to 2024-07-11 00:00:00+00:00, run_after=2024-07-12 00:00:00+00:00
[2024-07-12T08:35:07.356+0000] {processor.py:183} INFO - Processing /home/airflow/.local/lib/python3.12/site-packages/airflow/example_dags/example_setup_teardown.py took 0.054 seconds
[2024-07-12T08:35:37.861+0000] {processor.py:161} INFO - Started process (PID=819) to work on /home/airflow/.local/lib/python3.12/site-packages/airflow/example_dags/example_setup_teardown.py
[2024-07-12T08:35:37.861+0000] {processor.py:830} INFO - Processing file /home/airflow/.local/lib/python3.12/site-packages/airflow/example_dags/example_setup_teardown.py for tasks to queue
[2024-07-12T08:35:37.863+0000] {logging_mixin.py:188} INFO - [2024-07-12T08:35:37.862+0000] {dagbag.py:545} INFO - Filling up the DagBag from /home/airflow/.local/lib/python3.12/site-packages/airflow/example_dags/example_setup_teardown.py
[2024-07-12T08:35:37.867+0000] {processor.py:840} INFO - DAG(s) 'example_setup_teardown' retrieved from /home/airflow/.local/lib/python3.12/site-packages/airflow/example_dags/example_setup_teardown.py
[2024-07-12T08:35:37.878+0000] {logging_mixin.py:188} INFO - [2024-07-12T08:35:37.878+0000] {dag.py:3096} INFO - Sync 1 DAGs
[2024-07-12T08:35:37.891+0000] {logging_mixin.py:188} INFO - [2024-07-12T08:35:37.890+0000] {dag.py:3954} INFO - Setting next_dagrun for example_setup_teardown to 2024-07-11 00:00:00+00:00, run_after=2024-07-12 00:00:00+00:00
[2024-07-12T08:35:37.904+0000] {processor.py:183} INFO - Processing /home/airflow/.local/lib/python3.12/site-packages/airflow/example_dags/example_setup_teardown.py took 0.047 seconds
[2024-07-12T08:36:08.837+0000] {processor.py:161} INFO - Started process (PID=877) to work on /home/airflow/.local/lib/python3.12/site-packages/airflow/example_dags/example_setup_teardown.py
[2024-07-12T08:36:08.837+0000] {processor.py:830} INFO - Processing file /home/airflow/.local/lib/python3.12/site-packages/airflow/example_dags/example_setup_teardown.py for tasks to queue
[2024-07-12T08:36:08.839+0000] {logging_mixin.py:188} INFO - [2024-07-12T08:36:08.838+0000] {dagbag.py:545} INFO - Filling up the DagBag from /home/airflow/.local/lib/python3.12/site-packages/airflow/example_dags/example_setup_teardown.py
[2024-07-12T08:36:08.843+0000] {processor.py:840} INFO - DAG(s) 'example_setup_teardown' retrieved from /home/airflow/.local/lib/python3.12/site-packages/airflow/example_dags/example_setup_teardown.py
[2024-07-12T08:36:08.854+0000] {logging_mixin.py:188} INFO - [2024-07-12T08:36:08.854+0000] {dag.py:3096} INFO - Sync 1 DAGs
[2024-07-12T08:36:08.867+0000] {logging_mixin.py:188} INFO - [2024-07-12T08:36:08.867+0000] {dag.py:3954} INFO - Setting next_dagrun for example_setup_teardown to 2024-07-11 00:00:00+00:00, run_after=2024-07-12 00:00:00+00:00
[2024-07-12T08:36:08.880+0000] {processor.py:183} INFO - Processing /home/airflow/.local/lib/python3.12/site-packages/airflow/example_dags/example_setup_teardown.py took 0.047 seconds
[2024-07-12T08:36:39.350+0000] {processor.py:161} INFO - Started process (PID=935) to work on /home/airflow/.local/lib/python3.12/site-packages/airflow/example_dags/example_setup_teardown.py
[2024-07-12T08:36:39.351+0000] {processor.py:830} INFO - Processing file /home/airflow/.local/lib/python3.12/site-packages/airflow/example_dags/example_setup_teardown.py for tasks to queue
[2024-07-12T08:36:39.352+0000] {logging_mixin.py:188} INFO - [2024-07-12T08:36:39.352+0000] {dagbag.py:545} INFO - Filling up the DagBag from /home/airflow/.local/lib/python3.12/site-packages/airflow/example_dags/example_setup_teardown.py
[2024-07-12T08:36:39.357+0000] {processor.py:840} INFO - DAG(s) 'example_setup_teardown' retrieved from /home/airflow/.local/lib/python3.12/site-packages/airflow/example_dags/example_setup_teardown.py
[2024-07-12T08:36:39.369+0000] {logging_mixin.py:188} INFO - [2024-07-12T08:36:39.368+0000] {dag.py:3096} INFO - Sync 1 DAGs
[2024-07-12T08:36:39.382+0000] {logging_mixin.py:188} INFO - [2024-07-12T08:36:39.382+0000] {dag.py:3954} INFO - Setting next_dagrun for example_setup_teardown to 2024-07-11 00:00:00+00:00, run_after=2024-07-12 00:00:00+00:00
[2024-07-12T08:36:39.396+0000] {processor.py:183} INFO - Processing /home/airflow/.local/lib/python3.12/site-packages/airflow/example_dags/example_setup_teardown.py took 0.049 seconds
[2024-07-12T08:37:09.666+0000] {processor.py:161} INFO - Started process (PID=993) to work on /home/airflow/.local/lib/python3.12/site-packages/airflow/example_dags/example_setup_teardown.py
[2024-07-12T08:37:09.667+0000] {processor.py:830} INFO - Processing file /home/airflow/.local/lib/python3.12/site-packages/airflow/example_dags/example_setup_teardown.py for tasks to queue
[2024-07-12T08:37:09.668+0000] {logging_mixin.py:188} INFO - [2024-07-12T08:37:09.668+0000] {dagbag.py:545} INFO - Filling up the DagBag from /home/airflow/.local/lib/python3.12/site-packages/airflow/example_dags/example_setup_teardown.py
[2024-07-12T08:37:09.672+0000] {processor.py:840} INFO - DAG(s) 'example_setup_teardown' retrieved from /home/airflow/.local/lib/python3.12/site-packages/airflow/example_dags/example_setup_teardown.py
[2024-07-12T08:37:09.683+0000] {logging_mixin.py:188} INFO - [2024-07-12T08:37:09.683+0000] {dag.py:3096} INFO - Sync 1 DAGs
[2024-07-12T08:37:09.696+0000] {logging_mixin.py:188} INFO - [2024-07-12T08:37:09.696+0000] {dag.py:3954} INFO - Setting next_dagrun for example_setup_teardown to 2024-07-11 00:00:00+00:00, run_after=2024-07-12 00:00:00+00:00
[2024-07-12T08:37:09.709+0000] {processor.py:183} INFO - Processing /home/airflow/.local/lib/python3.12/site-packages/airflow/example_dags/example_setup_teardown.py took 0.047 seconds
[2024-07-12T08:37:39.779+0000] {processor.py:161} INFO - Started process (PID=1051) to work on /home/airflow/.local/lib/python3.12/site-packages/airflow/example_dags/example_setup_teardown.py
[2024-07-12T08:37:39.780+0000] {processor.py:830} INFO - Processing file /home/airflow/.local/lib/python3.12/site-packages/airflow/example_dags/example_setup_teardown.py for tasks to queue
[2024-07-12T08:37:39.781+0000] {logging_mixin.py:188} INFO - [2024-07-12T08:37:39.781+0000] {dagbag.py:545} INFO - Filling up the DagBag from /home/airflow/.local/lib/python3.12/site-packages/airflow/example_dags/example_setup_teardown.py
[2024-07-12T08:37:39.785+0000] {processor.py:840} INFO - DAG(s) 'example_setup_teardown' retrieved from /home/airflow/.local/lib/python3.12/site-packages/airflow/example_dags/example_setup_teardown.py
[2024-07-12T08:37:39.796+0000] {logging_mixin.py:188} INFO - [2024-07-12T08:37:39.796+0000] {dag.py:3096} INFO - Sync 1 DAGs
[2024-07-12T08:37:39.808+0000] {logging_mixin.py:188} INFO - [2024-07-12T08:37:39.808+0000] {dag.py:3954} INFO - Setting next_dagrun for example_setup_teardown to 2024-07-11 00:00:00+00:00, run_after=2024-07-12 00:00:00+00:00
[2024-07-12T08:37:39.822+0000] {processor.py:183} INFO - Processing /home/airflow/.local/lib/python3.12/site-packages/airflow/example_dags/example_setup_teardown.py took 0.046 seconds
[2024-07-12T08:38:10.031+0000] {processor.py:161} INFO - Started process (PID=1108) to work on /home/airflow/.local/lib/python3.12/site-packages/airflow/example_dags/example_setup_teardown.py
[2024-07-12T08:38:10.032+0000] {processor.py:830} INFO - Processing file /home/airflow/.local/lib/python3.12/site-packages/airflow/example_dags/example_setup_teardown.py for tasks to queue
[2024-07-12T08:38:10.034+0000] {logging_mixin.py:188} INFO - [2024-07-12T08:38:10.034+0000] {dagbag.py:545} INFO - Filling up the DagBag from /home/airflow/.local/lib/python3.12/site-packages/airflow/example_dags/example_setup_teardown.py
[2024-07-12T08:38:10.038+0000] {processor.py:840} INFO - DAG(s) 'example_setup_teardown' retrieved from /home/airflow/.local/lib/python3.12/site-packages/airflow/example_dags/example_setup_teardown.py
[2024-07-12T08:38:10.050+0000] {logging_mixin.py:188} INFO - [2024-07-12T08:38:10.050+0000] {dag.py:3096} INFO - Sync 1 DAGs
[2024-07-12T08:38:10.064+0000] {logging_mixin.py:188} INFO - [2024-07-12T08:38:10.064+0000] {dag.py:3954} INFO - Setting next_dagrun for example_setup_teardown to 2024-07-11 00:00:00+00:00, run_after=2024-07-12 00:00:00+00:00
[2024-07-12T08:38:10.078+0000] {processor.py:183} INFO - Processing /home/airflow/.local/lib/python3.12/site-packages/airflow/example_dags/example_setup_teardown.py took 0.051 seconds
[2024-07-12T08:38:41.096+0000] {processor.py:161} INFO - Started process (PID=1167) to work on /home/airflow/.local/lib/python3.12/site-packages/airflow/example_dags/example_setup_teardown.py
[2024-07-12T08:38:41.097+0000] {processor.py:830} INFO - Processing file /home/airflow/.local/lib/python3.12/site-packages/airflow/example_dags/example_setup_teardown.py for tasks to queue
[2024-07-12T08:38:41.099+0000] {logging_mixin.py:188} INFO - [2024-07-12T08:38:41.098+0000] {dagbag.py:545} INFO - Filling up the DagBag from /home/airflow/.local/lib/python3.12/site-packages/airflow/example_dags/example_setup_teardown.py
[2024-07-12T08:38:41.104+0000] {processor.py:840} INFO - DAG(s) 'example_setup_teardown' retrieved from /home/airflow/.local/lib/python3.12/site-packages/airflow/example_dags/example_setup_teardown.py
[2024-07-12T08:38:41.118+0000] {logging_mixin.py:188} INFO - [2024-07-12T08:38:41.117+0000] {dag.py:3096} INFO - Sync 1 DAGs
[2024-07-12T08:38:41.133+0000] {logging_mixin.py:188} INFO - [2024-07-12T08:38:41.133+0000] {dag.py:3954} INFO - Setting next_dagrun for example_setup_teardown to 2024-07-11 00:00:00+00:00, run_after=2024-07-12 00:00:00+00:00
[2024-07-12T08:38:41.150+0000] {processor.py:183} INFO - Processing /home/airflow/.local/lib/python3.12/site-packages/airflow/example_dags/example_setup_teardown.py took 0.059 seconds
[2024-07-12T08:39:12.091+0000] {processor.py:161} INFO - Started process (PID=1225) to work on /home/airflow/.local/lib/python3.12/site-packages/airflow/example_dags/example_setup_teardown.py
[2024-07-12T08:39:12.092+0000] {processor.py:830} INFO - Processing file /home/airflow/.local/lib/python3.12/site-packages/airflow/example_dags/example_setup_teardown.py for tasks to queue
[2024-07-12T08:39:12.093+0000] {logging_mixin.py:188} INFO - [2024-07-12T08:39:12.093+0000] {dagbag.py:545} INFO - Filling up the DagBag from /home/airflow/.local/lib/python3.12/site-packages/airflow/example_dags/example_setup_teardown.py
[2024-07-12T08:39:12.097+0000] {processor.py:840} INFO - DAG(s) 'example_setup_teardown' retrieved from /home/airflow/.local/lib/python3.12/site-packages/airflow/example_dags/example_setup_teardown.py
[2024-07-12T08:39:12.109+0000] {logging_mixin.py:188} INFO - [2024-07-12T08:39:12.108+0000] {dag.py:3096} INFO - Sync 1 DAGs
[2024-07-12T08:39:12.122+0000] {logging_mixin.py:188} INFO - [2024-07-12T08:39:12.122+0000] {dag.py:3954} INFO - Setting next_dagrun for example_setup_teardown to 2024-07-11 00:00:00+00:00, run_after=2024-07-12 00:00:00+00:00
[2024-07-12T08:39:12.135+0000] {processor.py:183} INFO - Processing /home/airflow/.local/lib/python3.12/site-packages/airflow/example_dags/example_setup_teardown.py took 0.048 seconds
