[2024-07-12T07:58:04.891+0000] {processor.py:161} INFO - Started process (PID=54) to work on /home/airflow/.local/lib/python3.12/site-packages/airflow/example_dags/example_display_name.py
[2024-07-12T07:58:04.892+0000] {processor.py:830} INFO - Processing file /home/airflow/.local/lib/python3.12/site-packages/airflow/example_dags/example_display_name.py for tasks to queue
[2024-07-12T07:58:04.893+0000] {logging_mixin.py:188} INFO - [2024-07-12T07:58:04.893+0000] {dagbag.py:545} INFO - Filling up the DagBag from /home/airflow/.local/lib/python3.12/site-packages/airflow/example_dags/example_display_name.py
[2024-07-12T07:58:04.900+0000] {processor.py:840} INFO - DAG(s) 'example_display_name' retrieved from /home/airflow/.local/lib/python3.12/site-packages/airflow/example_dags/example_display_name.py
[2024-07-12T07:58:04.909+0000] {logging_mixin.py:188} INFO - [2024-07-12T07:58:04.909+0000] {dag.py:3096} INFO - Sync 1 DAGs
[2024-07-12T07:58:04.921+0000] {logging_mixin.py:188} INFO - [2024-07-12T07:58:04.921+0000] {dag.py:3954} INFO - Setting next_dagrun for example_display_name to None, run_after=None
[2024-07-12T07:58:04.947+0000] {processor.py:183} INFO - Processing /home/airflow/.local/lib/python3.12/site-packages/airflow/example_dags/example_display_name.py took 0.060 seconds
[2024-07-12T07:58:35.470+0000] {processor.py:161} INFO - Started process (PID=112) to work on /home/airflow/.local/lib/python3.12/site-packages/airflow/example_dags/example_display_name.py
[2024-07-12T07:58:35.471+0000] {processor.py:830} INFO - Processing file /home/airflow/.local/lib/python3.12/site-packages/airflow/example_dags/example_display_name.py for tasks to queue
[2024-07-12T07:58:35.472+0000] {logging_mixin.py:188} INFO - [2024-07-12T07:58:35.472+0000] {dagbag.py:545} INFO - Filling up the DagBag from /home/airflow/.local/lib/python3.12/site-packages/airflow/example_dags/example_display_name.py
[2024-07-12T07:58:35.476+0000] {processor.py:840} INFO - DAG(s) 'example_display_name' retrieved from /home/airflow/.local/lib/python3.12/site-packages/airflow/example_dags/example_display_name.py
[2024-07-12T07:58:35.538+0000] {logging_mixin.py:188} INFO - [2024-07-12T07:58:35.538+0000] {dag.py:3096} INFO - Sync 1 DAGs
[2024-07-12T07:58:35.544+0000] {logging_mixin.py:188} INFO - [2024-07-12T07:58:35.544+0000] {dag.py:3954} INFO - Setting next_dagrun for example_display_name to None, run_after=None
[2024-07-12T07:58:35.559+0000] {processor.py:183} INFO - Processing /home/airflow/.local/lib/python3.12/site-packages/airflow/example_dags/example_display_name.py took 0.092 seconds
[2024-07-12T07:59:05.610+0000] {processor.py:161} INFO - Started process (PID=170) to work on /home/airflow/.local/lib/python3.12/site-packages/airflow/example_dags/example_display_name.py
[2024-07-12T07:59:05.611+0000] {processor.py:830} INFO - Processing file /home/airflow/.local/lib/python3.12/site-packages/airflow/example_dags/example_display_name.py for tasks to queue
[2024-07-12T07:59:05.612+0000] {logging_mixin.py:188} INFO - [2024-07-12T07:59:05.612+0000] {dagbag.py:545} INFO - Filling up the DagBag from /home/airflow/.local/lib/python3.12/site-packages/airflow/example_dags/example_display_name.py
[2024-07-12T07:59:05.616+0000] {processor.py:840} INFO - DAG(s) 'example_display_name' retrieved from /home/airflow/.local/lib/python3.12/site-packages/airflow/example_dags/example_display_name.py
[2024-07-12T07:59:05.628+0000] {logging_mixin.py:188} INFO - [2024-07-12T07:59:05.628+0000] {dag.py:3096} INFO - Sync 1 DAGs
[2024-07-12T07:59:05.637+0000] {logging_mixin.py:188} INFO - [2024-07-12T07:59:05.637+0000] {dag.py:3954} INFO - Setting next_dagrun for example_display_name to None, run_after=None
[2024-07-12T07:59:05.654+0000] {processor.py:183} INFO - Processing /home/airflow/.local/lib/python3.12/site-packages/airflow/example_dags/example_display_name.py took 0.048 seconds
[2024-07-12T07:59:35.758+0000] {processor.py:161} INFO - Started process (PID=227) to work on /home/airflow/.local/lib/python3.12/site-packages/airflow/example_dags/example_display_name.py
[2024-07-12T07:59:35.759+0000] {processor.py:830} INFO - Processing file /home/airflow/.local/lib/python3.12/site-packages/airflow/example_dags/example_display_name.py for tasks to queue
[2024-07-12T07:59:35.760+0000] {logging_mixin.py:188} INFO - [2024-07-12T07:59:35.760+0000] {dagbag.py:545} INFO - Filling up the DagBag from /home/airflow/.local/lib/python3.12/site-packages/airflow/example_dags/example_display_name.py
[2024-07-12T07:59:35.765+0000] {processor.py:840} INFO - DAG(s) 'example_display_name' retrieved from /home/airflow/.local/lib/python3.12/site-packages/airflow/example_dags/example_display_name.py
[2024-07-12T07:59:35.776+0000] {logging_mixin.py:188} INFO - [2024-07-12T07:59:35.775+0000] {dag.py:3096} INFO - Sync 1 DAGs
[2024-07-12T07:59:35.783+0000] {logging_mixin.py:188} INFO - [2024-07-12T07:59:35.783+0000] {dag.py:3954} INFO - Setting next_dagrun for example_display_name to None, run_after=None
[2024-07-12T07:59:35.796+0000] {processor.py:183} INFO - Processing /home/airflow/.local/lib/python3.12/site-packages/airflow/example_dags/example_display_name.py took 0.043 seconds
[2024-07-12T08:01:08.865+0000] {processor.py:161} INFO - Started process (PID=53) to work on /home/airflow/.local/lib/python3.12/site-packages/airflow/example_dags/example_display_name.py
[2024-07-12T08:01:08.866+0000] {processor.py:830} INFO - Processing file /home/airflow/.local/lib/python3.12/site-packages/airflow/example_dags/example_display_name.py for tasks to queue
[2024-07-12T08:01:08.867+0000] {logging_mixin.py:188} INFO - [2024-07-12T08:01:08.867+0000] {dagbag.py:545} INFO - Filling up the DagBag from /home/airflow/.local/lib/python3.12/site-packages/airflow/example_dags/example_display_name.py
[2024-07-12T08:01:08.873+0000] {processor.py:840} INFO - DAG(s) 'example_display_name' retrieved from /home/airflow/.local/lib/python3.12/site-packages/airflow/example_dags/example_display_name.py
[2024-07-12T08:01:08.880+0000] {logging_mixin.py:188} INFO - [2024-07-12T08:01:08.879+0000] {dag.py:3096} INFO - Sync 1 DAGs
[2024-07-12T08:01:08.891+0000] {logging_mixin.py:188} INFO - [2024-07-12T08:01:08.891+0000] {dag.py:3954} INFO - Setting next_dagrun for example_display_name to None, run_after=None
[2024-07-12T08:01:08.942+0000] {processor.py:183} INFO - Processing /home/airflow/.local/lib/python3.12/site-packages/airflow/example_dags/example_display_name.py took 0.081 seconds
[2024-07-12T08:01:39.108+0000] {processor.py:161} INFO - Started process (PID=110) to work on /home/airflow/.local/lib/python3.12/site-packages/airflow/example_dags/example_display_name.py
[2024-07-12T08:01:39.109+0000] {processor.py:830} INFO - Processing file /home/airflow/.local/lib/python3.12/site-packages/airflow/example_dags/example_display_name.py for tasks to queue
[2024-07-12T08:01:39.110+0000] {logging_mixin.py:188} INFO - [2024-07-12T08:01:39.110+0000] {dagbag.py:545} INFO - Filling up the DagBag from /home/airflow/.local/lib/python3.12/site-packages/airflow/example_dags/example_display_name.py
[2024-07-12T08:01:39.114+0000] {processor.py:840} INFO - DAG(s) 'example_display_name' retrieved from /home/airflow/.local/lib/python3.12/site-packages/airflow/example_dags/example_display_name.py
[2024-07-12T08:01:39.177+0000] {logging_mixin.py:188} INFO - [2024-07-12T08:01:39.177+0000] {dag.py:3096} INFO - Sync 1 DAGs
[2024-07-12T08:01:39.184+0000] {logging_mixin.py:188} INFO - [2024-07-12T08:01:39.184+0000] {dag.py:3954} INFO - Setting next_dagrun for example_display_name to None, run_after=None
[2024-07-12T08:01:39.199+0000] {processor.py:183} INFO - Processing /home/airflow/.local/lib/python3.12/site-packages/airflow/example_dags/example_display_name.py took 0.095 seconds
[2024-07-12T08:02:09.589+0000] {processor.py:161} INFO - Started process (PID=168) to work on /home/airflow/.local/lib/python3.12/site-packages/airflow/example_dags/example_display_name.py
[2024-07-12T08:02:09.590+0000] {processor.py:830} INFO - Processing file /home/airflow/.local/lib/python3.12/site-packages/airflow/example_dags/example_display_name.py for tasks to queue
[2024-07-12T08:02:09.592+0000] {logging_mixin.py:188} INFO - [2024-07-12T08:02:09.592+0000] {dagbag.py:545} INFO - Filling up the DagBag from /home/airflow/.local/lib/python3.12/site-packages/airflow/example_dags/example_display_name.py
[2024-07-12T08:02:09.595+0000] {processor.py:840} INFO - DAG(s) 'example_display_name' retrieved from /home/airflow/.local/lib/python3.12/site-packages/airflow/example_dags/example_display_name.py
[2024-07-12T08:02:09.607+0000] {logging_mixin.py:188} INFO - [2024-07-12T08:02:09.607+0000] {dag.py:3096} INFO - Sync 1 DAGs
[2024-07-12T08:02:09.615+0000] {logging_mixin.py:188} INFO - [2024-07-12T08:02:09.615+0000] {dag.py:3954} INFO - Setting next_dagrun for example_display_name to None, run_after=None
[2024-07-12T08:02:09.629+0000] {processor.py:183} INFO - Processing /home/airflow/.local/lib/python3.12/site-packages/airflow/example_dags/example_display_name.py took 0.044 seconds
[2024-07-12T08:02:39.700+0000] {processor.py:161} INFO - Started process (PID=226) to work on /home/airflow/.local/lib/python3.12/site-packages/airflow/example_dags/example_display_name.py
[2024-07-12T08:02:39.701+0000] {processor.py:830} INFO - Processing file /home/airflow/.local/lib/python3.12/site-packages/airflow/example_dags/example_display_name.py for tasks to queue
[2024-07-12T08:02:39.702+0000] {logging_mixin.py:188} INFO - [2024-07-12T08:02:39.702+0000] {dagbag.py:545} INFO - Filling up the DagBag from /home/airflow/.local/lib/python3.12/site-packages/airflow/example_dags/example_display_name.py
[2024-07-12T08:02:39.706+0000] {processor.py:840} INFO - DAG(s) 'example_display_name' retrieved from /home/airflow/.local/lib/python3.12/site-packages/airflow/example_dags/example_display_name.py
[2024-07-12T08:02:39.718+0000] {logging_mixin.py:188} INFO - [2024-07-12T08:02:39.718+0000] {dag.py:3096} INFO - Sync 1 DAGs
[2024-07-12T08:02:39.727+0000] {logging_mixin.py:188} INFO - [2024-07-12T08:02:39.727+0000] {dag.py:3954} INFO - Setting next_dagrun for example_display_name to None, run_after=None
[2024-07-12T08:02:39.742+0000] {processor.py:183} INFO - Processing /home/airflow/.local/lib/python3.12/site-packages/airflow/example_dags/example_display_name.py took 0.046 seconds
[2024-07-12T08:04:16.544+0000] {processor.py:161} INFO - Started process (PID=54) to work on /home/airflow/.local/lib/python3.12/site-packages/airflow/example_dags/example_display_name.py
[2024-07-12T08:04:16.545+0000] {processor.py:830} INFO - Processing file /home/airflow/.local/lib/python3.12/site-packages/airflow/example_dags/example_display_name.py for tasks to queue
[2024-07-12T08:04:16.547+0000] {logging_mixin.py:188} INFO - [2024-07-12T08:04:16.547+0000] {dagbag.py:545} INFO - Filling up the DagBag from /home/airflow/.local/lib/python3.12/site-packages/airflow/example_dags/example_display_name.py
[2024-07-12T08:04:16.553+0000] {processor.py:840} INFO - DAG(s) 'example_display_name' retrieved from /home/airflow/.local/lib/python3.12/site-packages/airflow/example_dags/example_display_name.py
[2024-07-12T08:04:16.560+0000] {logging_mixin.py:188} INFO - [2024-07-12T08:04:16.560+0000] {dag.py:3096} INFO - Sync 1 DAGs
[2024-07-12T08:04:16.570+0000] {logging_mixin.py:188} INFO - [2024-07-12T08:04:16.570+0000] {dag.py:3954} INFO - Setting next_dagrun for example_display_name to None, run_after=None
[2024-07-12T08:04:16.589+0000] {processor.py:183} INFO - Processing /home/airflow/.local/lib/python3.12/site-packages/airflow/example_dags/example_display_name.py took 0.049 seconds
[2024-07-12T08:04:46.965+0000] {processor.py:161} INFO - Started process (PID=112) to work on /home/airflow/.local/lib/python3.12/site-packages/airflow/example_dags/example_display_name.py
[2024-07-12T08:04:46.966+0000] {processor.py:830} INFO - Processing file /home/airflow/.local/lib/python3.12/site-packages/airflow/example_dags/example_display_name.py for tasks to queue
[2024-07-12T08:04:46.967+0000] {logging_mixin.py:188} INFO - [2024-07-12T08:04:46.967+0000] {dagbag.py:545} INFO - Filling up the DagBag from /home/airflow/.local/lib/python3.12/site-packages/airflow/example_dags/example_display_name.py
[2024-07-12T08:04:46.972+0000] {processor.py:840} INFO - DAG(s) 'example_display_name' retrieved from /home/airflow/.local/lib/python3.12/site-packages/airflow/example_dags/example_display_name.py
[2024-07-12T08:04:47.042+0000] {logging_mixin.py:188} INFO - [2024-07-12T08:04:47.042+0000] {dag.py:3096} INFO - Sync 1 DAGs
[2024-07-12T08:04:47.050+0000] {logging_mixin.py:188} INFO - [2024-07-12T08:04:47.050+0000] {dag.py:3954} INFO - Setting next_dagrun for example_display_name to None, run_after=None
[2024-07-12T08:04:47.065+0000] {processor.py:183} INFO - Processing /home/airflow/.local/lib/python3.12/site-packages/airflow/example_dags/example_display_name.py took 0.104 seconds
[2024-07-12T08:05:17.790+0000] {processor.py:161} INFO - Started process (PID=170) to work on /home/airflow/.local/lib/python3.12/site-packages/airflow/example_dags/example_display_name.py
[2024-07-12T08:05:17.791+0000] {processor.py:830} INFO - Processing file /home/airflow/.local/lib/python3.12/site-packages/airflow/example_dags/example_display_name.py for tasks to queue
[2024-07-12T08:05:17.792+0000] {logging_mixin.py:188} INFO - [2024-07-12T08:05:17.792+0000] {dagbag.py:545} INFO - Filling up the DagBag from /home/airflow/.local/lib/python3.12/site-packages/airflow/example_dags/example_display_name.py
[2024-07-12T08:05:17.796+0000] {processor.py:840} INFO - DAG(s) 'example_display_name' retrieved from /home/airflow/.local/lib/python3.12/site-packages/airflow/example_dags/example_display_name.py
[2024-07-12T08:05:17.808+0000] {logging_mixin.py:188} INFO - [2024-07-12T08:05:17.808+0000] {dag.py:3096} INFO - Sync 1 DAGs
[2024-07-12T08:05:17.816+0000] {logging_mixin.py:188} INFO - [2024-07-12T08:05:17.816+0000] {dag.py:3954} INFO - Setting next_dagrun for example_display_name to None, run_after=None
[2024-07-12T08:05:17.831+0000] {processor.py:183} INFO - Processing /home/airflow/.local/lib/python3.12/site-packages/airflow/example_dags/example_display_name.py took 0.045 seconds
[2024-07-12T08:05:47.878+0000] {processor.py:161} INFO - Started process (PID=227) to work on /home/airflow/.local/lib/python3.12/site-packages/airflow/example_dags/example_display_name.py
[2024-07-12T08:05:47.879+0000] {processor.py:830} INFO - Processing file /home/airflow/.local/lib/python3.12/site-packages/airflow/example_dags/example_display_name.py for tasks to queue
[2024-07-12T08:05:47.880+0000] {logging_mixin.py:188} INFO - [2024-07-12T08:05:47.880+0000] {dagbag.py:545} INFO - Filling up the DagBag from /home/airflow/.local/lib/python3.12/site-packages/airflow/example_dags/example_display_name.py
[2024-07-12T08:05:47.884+0000] {processor.py:840} INFO - DAG(s) 'example_display_name' retrieved from /home/airflow/.local/lib/python3.12/site-packages/airflow/example_dags/example_display_name.py
[2024-07-12T08:05:47.895+0000] {logging_mixin.py:188} INFO - [2024-07-12T08:05:47.895+0000] {dag.py:3096} INFO - Sync 1 DAGs
[2024-07-12T08:05:47.903+0000] {logging_mixin.py:188} INFO - [2024-07-12T08:05:47.903+0000] {dag.py:3954} INFO - Setting next_dagrun for example_display_name to None, run_after=None
[2024-07-12T08:05:47.918+0000] {processor.py:183} INFO - Processing /home/airflow/.local/lib/python3.12/site-packages/airflow/example_dags/example_display_name.py took 0.044 seconds
[2024-07-12T08:06:18.079+0000] {processor.py:161} INFO - Started process (PID=285) to work on /home/airflow/.local/lib/python3.12/site-packages/airflow/example_dags/example_display_name.py
[2024-07-12T08:06:18.080+0000] {processor.py:830} INFO - Processing file /home/airflow/.local/lib/python3.12/site-packages/airflow/example_dags/example_display_name.py for tasks to queue
[2024-07-12T08:06:18.081+0000] {logging_mixin.py:188} INFO - [2024-07-12T08:06:18.081+0000] {dagbag.py:545} INFO - Filling up the DagBag from /home/airflow/.local/lib/python3.12/site-packages/airflow/example_dags/example_display_name.py
[2024-07-12T08:06:18.085+0000] {processor.py:840} INFO - DAG(s) 'example_display_name' retrieved from /home/airflow/.local/lib/python3.12/site-packages/airflow/example_dags/example_display_name.py
[2024-07-12T08:06:18.091+0000] {logging_mixin.py:188} INFO - [2024-07-12T08:06:18.090+0000] {dag.py:3096} INFO - Sync 1 DAGs
[2024-07-12T08:06:18.099+0000] {logging_mixin.py:188} INFO - [2024-07-12T08:06:18.099+0000] {dag.py:3954} INFO - Setting next_dagrun for example_display_name to None, run_after=None
[2024-07-12T08:06:18.115+0000] {processor.py:183} INFO - Processing /home/airflow/.local/lib/python3.12/site-packages/airflow/example_dags/example_display_name.py took 0.039 seconds
[2024-07-12T08:06:49.095+0000] {processor.py:161} INFO - Started process (PID=344) to work on /home/airflow/.local/lib/python3.12/site-packages/airflow/example_dags/example_display_name.py
[2024-07-12T08:06:49.096+0000] {processor.py:830} INFO - Processing file /home/airflow/.local/lib/python3.12/site-packages/airflow/example_dags/example_display_name.py for tasks to queue
[2024-07-12T08:06:49.097+0000] {logging_mixin.py:188} INFO - [2024-07-12T08:06:49.097+0000] {dagbag.py:545} INFO - Filling up the DagBag from /home/airflow/.local/lib/python3.12/site-packages/airflow/example_dags/example_display_name.py
[2024-07-12T08:06:49.101+0000] {processor.py:840} INFO - DAG(s) 'example_display_name' retrieved from /home/airflow/.local/lib/python3.12/site-packages/airflow/example_dags/example_display_name.py
[2024-07-12T08:06:49.163+0000] {logging_mixin.py:188} INFO - [2024-07-12T08:06:49.163+0000] {dag.py:3096} INFO - Sync 1 DAGs
[2024-07-12T08:06:49.170+0000] {logging_mixin.py:188} INFO - [2024-07-12T08:06:49.170+0000] {dag.py:3954} INFO - Setting next_dagrun for example_display_name to None, run_after=None
[2024-07-12T08:06:49.184+0000] {processor.py:183} INFO - Processing /home/airflow/.local/lib/python3.12/site-packages/airflow/example_dags/example_display_name.py took 0.093 seconds
[2024-07-12T08:07:19.223+0000] {processor.py:161} INFO - Started process (PID=402) to work on /home/airflow/.local/lib/python3.12/site-packages/airflow/example_dags/example_display_name.py
[2024-07-12T08:07:19.224+0000] {processor.py:830} INFO - Processing file /home/airflow/.local/lib/python3.12/site-packages/airflow/example_dags/example_display_name.py for tasks to queue
[2024-07-12T08:07:19.225+0000] {logging_mixin.py:188} INFO - [2024-07-12T08:07:19.225+0000] {dagbag.py:545} INFO - Filling up the DagBag from /home/airflow/.local/lib/python3.12/site-packages/airflow/example_dags/example_display_name.py
[2024-07-12T08:07:19.230+0000] {processor.py:840} INFO - DAG(s) 'example_display_name' retrieved from /home/airflow/.local/lib/python3.12/site-packages/airflow/example_dags/example_display_name.py
[2024-07-12T08:07:19.241+0000] {logging_mixin.py:188} INFO - [2024-07-12T08:07:19.241+0000] {dag.py:3096} INFO - Sync 1 DAGs
[2024-07-12T08:07:19.250+0000] {logging_mixin.py:188} INFO - [2024-07-12T08:07:19.250+0000] {dag.py:3954} INFO - Setting next_dagrun for example_display_name to None, run_after=None
[2024-07-12T08:07:19.266+0000] {processor.py:183} INFO - Processing /home/airflow/.local/lib/python3.12/site-packages/airflow/example_dags/example_display_name.py took 0.047 seconds
[2024-07-12T08:08:13.877+0000] {processor.py:161} INFO - Started process (PID=53) to work on /home/airflow/.local/lib/python3.12/site-packages/airflow/example_dags/example_display_name.py
[2024-07-12T08:08:13.878+0000] {processor.py:830} INFO - Processing file /home/airflow/.local/lib/python3.12/site-packages/airflow/example_dags/example_display_name.py for tasks to queue
[2024-07-12T08:08:13.880+0000] {logging_mixin.py:188} INFO - [2024-07-12T08:08:13.879+0000] {dagbag.py:545} INFO - Filling up the DagBag from /home/airflow/.local/lib/python3.12/site-packages/airflow/example_dags/example_display_name.py
[2024-07-12T08:08:13.886+0000] {processor.py:840} INFO - DAG(s) 'example_display_name' retrieved from /home/airflow/.local/lib/python3.12/site-packages/airflow/example_dags/example_display_name.py
[2024-07-12T08:08:13.894+0000] {logging_mixin.py:188} INFO - [2024-07-12T08:08:13.893+0000] {dag.py:3096} INFO - Sync 1 DAGs
[2024-07-12T08:08:13.903+0000] {logging_mixin.py:188} INFO - [2024-07-12T08:08:13.903+0000] {dag.py:3954} INFO - Setting next_dagrun for example_display_name to None, run_after=None
[2024-07-12T08:08:13.920+0000] {processor.py:183} INFO - Processing /home/airflow/.local/lib/python3.12/site-packages/airflow/example_dags/example_display_name.py took 0.047 seconds
[2024-07-12T08:08:44.540+0000] {processor.py:161} INFO - Started process (PID=115) to work on /home/airflow/.local/lib/python3.12/site-packages/airflow/example_dags/example_display_name.py
[2024-07-12T08:08:44.541+0000] {processor.py:830} INFO - Processing file /home/airflow/.local/lib/python3.12/site-packages/airflow/example_dags/example_display_name.py for tasks to queue
[2024-07-12T08:08:44.543+0000] {logging_mixin.py:188} INFO - [2024-07-12T08:08:44.542+0000] {dagbag.py:545} INFO - Filling up the DagBag from /home/airflow/.local/lib/python3.12/site-packages/airflow/example_dags/example_display_name.py
[2024-07-12T08:08:44.546+0000] {processor.py:840} INFO - DAG(s) 'example_display_name' retrieved from /home/airflow/.local/lib/python3.12/site-packages/airflow/example_dags/example_display_name.py
[2024-07-12T08:08:44.611+0000] {logging_mixin.py:188} INFO - [2024-07-12T08:08:44.611+0000] {dag.py:3096} INFO - Sync 1 DAGs
[2024-07-12T08:08:44.618+0000] {logging_mixin.py:188} INFO - [2024-07-12T08:08:44.618+0000] {dag.py:3954} INFO - Setting next_dagrun for example_display_name to None, run_after=None
[2024-07-12T08:08:44.634+0000] {processor.py:183} INFO - Processing /home/airflow/.local/lib/python3.12/site-packages/airflow/example_dags/example_display_name.py took 0.097 seconds
[2024-07-12T08:09:15.395+0000] {processor.py:161} INFO - Started process (PID=173) to work on /home/airflow/.local/lib/python3.12/site-packages/airflow/example_dags/example_display_name.py
[2024-07-12T08:09:15.396+0000] {processor.py:830} INFO - Processing file /home/airflow/.local/lib/python3.12/site-packages/airflow/example_dags/example_display_name.py for tasks to queue
[2024-07-12T08:09:15.397+0000] {logging_mixin.py:188} INFO - [2024-07-12T08:09:15.397+0000] {dagbag.py:545} INFO - Filling up the DagBag from /home/airflow/.local/lib/python3.12/site-packages/airflow/example_dags/example_display_name.py
[2024-07-12T08:09:15.401+0000] {processor.py:840} INFO - DAG(s) 'example_display_name' retrieved from /home/airflow/.local/lib/python3.12/site-packages/airflow/example_dags/example_display_name.py
[2024-07-12T08:09:15.411+0000] {logging_mixin.py:188} INFO - [2024-07-12T08:09:15.411+0000] {dag.py:3096} INFO - Sync 1 DAGs
[2024-07-12T08:09:15.419+0000] {logging_mixin.py:188} INFO - [2024-07-12T08:09:15.419+0000] {dag.py:3954} INFO - Setting next_dagrun for example_display_name to None, run_after=None
[2024-07-12T08:09:15.432+0000] {processor.py:183} INFO - Processing /home/airflow/.local/lib/python3.12/site-packages/airflow/example_dags/example_display_name.py took 0.041 seconds
[2024-07-12T08:09:45.469+0000] {processor.py:161} INFO - Started process (PID=230) to work on /home/airflow/.local/lib/python3.12/site-packages/airflow/example_dags/example_display_name.py
[2024-07-12T08:09:45.470+0000] {processor.py:830} INFO - Processing file /home/airflow/.local/lib/python3.12/site-packages/airflow/example_dags/example_display_name.py for tasks to queue
[2024-07-12T08:09:45.471+0000] {logging_mixin.py:188} INFO - [2024-07-12T08:09:45.471+0000] {dagbag.py:545} INFO - Filling up the DagBag from /home/airflow/.local/lib/python3.12/site-packages/airflow/example_dags/example_display_name.py
[2024-07-12T08:09:45.475+0000] {processor.py:840} INFO - DAG(s) 'example_display_name' retrieved from /home/airflow/.local/lib/python3.12/site-packages/airflow/example_dags/example_display_name.py
[2024-07-12T08:09:45.486+0000] {logging_mixin.py:188} INFO - [2024-07-12T08:09:45.485+0000] {dag.py:3096} INFO - Sync 1 DAGs
[2024-07-12T08:09:45.493+0000] {logging_mixin.py:188} INFO - [2024-07-12T08:09:45.493+0000] {dag.py:3954} INFO - Setting next_dagrun for example_display_name to None, run_after=None
[2024-07-12T08:09:45.507+0000] {processor.py:183} INFO - Processing /home/airflow/.local/lib/python3.12/site-packages/airflow/example_dags/example_display_name.py took 0.041 seconds
[2024-07-12T08:10:15.744+0000] {processor.py:161} INFO - Started process (PID=288) to work on /home/airflow/.local/lib/python3.12/site-packages/airflow/example_dags/example_display_name.py
[2024-07-12T08:10:15.744+0000] {processor.py:830} INFO - Processing file /home/airflow/.local/lib/python3.12/site-packages/airflow/example_dags/example_display_name.py for tasks to queue
[2024-07-12T08:10:15.746+0000] {logging_mixin.py:188} INFO - [2024-07-12T08:10:15.745+0000] {dagbag.py:545} INFO - Filling up the DagBag from /home/airflow/.local/lib/python3.12/site-packages/airflow/example_dags/example_display_name.py
[2024-07-12T08:10:15.750+0000] {processor.py:840} INFO - DAG(s) 'example_display_name' retrieved from /home/airflow/.local/lib/python3.12/site-packages/airflow/example_dags/example_display_name.py
[2024-07-12T08:10:15.762+0000] {logging_mixin.py:188} INFO - [2024-07-12T08:10:15.762+0000] {dag.py:3096} INFO - Sync 1 DAGs
[2024-07-12T08:10:15.770+0000] {logging_mixin.py:188} INFO - [2024-07-12T08:10:15.770+0000] {dag.py:3954} INFO - Setting next_dagrun for example_display_name to None, run_after=None
[2024-07-12T08:10:15.784+0000] {processor.py:183} INFO - Processing /home/airflow/.local/lib/python3.12/site-packages/airflow/example_dags/example_display_name.py took 0.044 seconds
[2024-07-12T08:10:45.916+0000] {processor.py:161} INFO - Started process (PID=346) to work on /home/airflow/.local/lib/python3.12/site-packages/airflow/example_dags/example_display_name.py
[2024-07-12T08:10:45.917+0000] {processor.py:830} INFO - Processing file /home/airflow/.local/lib/python3.12/site-packages/airflow/example_dags/example_display_name.py for tasks to queue
[2024-07-12T08:10:45.918+0000] {logging_mixin.py:188} INFO - [2024-07-12T08:10:45.918+0000] {dagbag.py:545} INFO - Filling up the DagBag from /home/airflow/.local/lib/python3.12/site-packages/airflow/example_dags/example_display_name.py
[2024-07-12T08:10:45.922+0000] {processor.py:840} INFO - DAG(s) 'example_display_name' retrieved from /home/airflow/.local/lib/python3.12/site-packages/airflow/example_dags/example_display_name.py
[2024-07-12T08:10:45.932+0000] {logging_mixin.py:188} INFO - [2024-07-12T08:10:45.932+0000] {dag.py:3096} INFO - Sync 1 DAGs
[2024-07-12T08:10:45.941+0000] {logging_mixin.py:188} INFO - [2024-07-12T08:10:45.941+0000] {dag.py:3954} INFO - Setting next_dagrun for example_display_name to None, run_after=None
[2024-07-12T08:10:45.955+0000] {processor.py:183} INFO - Processing /home/airflow/.local/lib/python3.12/site-packages/airflow/example_dags/example_display_name.py took 0.042 seconds
[2024-07-12T08:11:16.069+0000] {processor.py:161} INFO - Started process (PID=404) to work on /home/airflow/.local/lib/python3.12/site-packages/airflow/example_dags/example_display_name.py
[2024-07-12T08:11:16.070+0000] {processor.py:830} INFO - Processing file /home/airflow/.local/lib/python3.12/site-packages/airflow/example_dags/example_display_name.py for tasks to queue
[2024-07-12T08:11:16.071+0000] {logging_mixin.py:188} INFO - [2024-07-12T08:11:16.071+0000] {dagbag.py:545} INFO - Filling up the DagBag from /home/airflow/.local/lib/python3.12/site-packages/airflow/example_dags/example_display_name.py
[2024-07-12T08:11:16.075+0000] {processor.py:840} INFO - DAG(s) 'example_display_name' retrieved from /home/airflow/.local/lib/python3.12/site-packages/airflow/example_dags/example_display_name.py
[2024-07-12T08:11:16.087+0000] {logging_mixin.py:188} INFO - [2024-07-12T08:11:16.086+0000] {dag.py:3096} INFO - Sync 1 DAGs
[2024-07-12T08:11:16.095+0000] {logging_mixin.py:188} INFO - [2024-07-12T08:11:16.095+0000] {dag.py:3954} INFO - Setting next_dagrun for example_display_name to None, run_after=None
[2024-07-12T08:11:16.110+0000] {processor.py:183} INFO - Processing /home/airflow/.local/lib/python3.12/site-packages/airflow/example_dags/example_display_name.py took 0.046 seconds
[2024-07-12T08:11:46.247+0000] {processor.py:161} INFO - Started process (PID=462) to work on /home/airflow/.local/lib/python3.12/site-packages/airflow/example_dags/example_display_name.py
[2024-07-12T08:11:46.248+0000] {processor.py:830} INFO - Processing file /home/airflow/.local/lib/python3.12/site-packages/airflow/example_dags/example_display_name.py for tasks to queue
[2024-07-12T08:11:46.249+0000] {logging_mixin.py:188} INFO - [2024-07-12T08:11:46.249+0000] {dagbag.py:545} INFO - Filling up the DagBag from /home/airflow/.local/lib/python3.12/site-packages/airflow/example_dags/example_display_name.py
[2024-07-12T08:11:46.253+0000] {processor.py:840} INFO - DAG(s) 'example_display_name' retrieved from /home/airflow/.local/lib/python3.12/site-packages/airflow/example_dags/example_display_name.py
[2024-07-12T08:11:46.265+0000] {logging_mixin.py:188} INFO - [2024-07-12T08:11:46.265+0000] {dag.py:3096} INFO - Sync 1 DAGs
[2024-07-12T08:11:46.274+0000] {logging_mixin.py:188} INFO - [2024-07-12T08:11:46.273+0000] {dag.py:3954} INFO - Setting next_dagrun for example_display_name to None, run_after=None
[2024-07-12T08:11:46.289+0000] {processor.py:183} INFO - Processing /home/airflow/.local/lib/python3.12/site-packages/airflow/example_dags/example_display_name.py took 0.045 seconds
[2024-07-12T08:12:16.347+0000] {processor.py:161} INFO - Started process (PID=520) to work on /home/airflow/.local/lib/python3.12/site-packages/airflow/example_dags/example_display_name.py
[2024-07-12T08:12:16.348+0000] {processor.py:830} INFO - Processing file /home/airflow/.local/lib/python3.12/site-packages/airflow/example_dags/example_display_name.py for tasks to queue
[2024-07-12T08:12:16.349+0000] {logging_mixin.py:188} INFO - [2024-07-12T08:12:16.349+0000] {dagbag.py:545} INFO - Filling up the DagBag from /home/airflow/.local/lib/python3.12/site-packages/airflow/example_dags/example_display_name.py
[2024-07-12T08:12:16.353+0000] {processor.py:840} INFO - DAG(s) 'example_display_name' retrieved from /home/airflow/.local/lib/python3.12/site-packages/airflow/example_dags/example_display_name.py
[2024-07-12T08:12:16.365+0000] {logging_mixin.py:188} INFO - [2024-07-12T08:12:16.364+0000] {dag.py:3096} INFO - Sync 1 DAGs
[2024-07-12T08:12:16.373+0000] {logging_mixin.py:188} INFO - [2024-07-12T08:12:16.373+0000] {dag.py:3954} INFO - Setting next_dagrun for example_display_name to None, run_after=None
[2024-07-12T08:12:16.388+0000] {processor.py:183} INFO - Processing /home/airflow/.local/lib/python3.12/site-packages/airflow/example_dags/example_display_name.py took 0.044 seconds
[2024-07-12T08:12:46.656+0000] {processor.py:161} INFO - Started process (PID=578) to work on /home/airflow/.local/lib/python3.12/site-packages/airflow/example_dags/example_display_name.py
[2024-07-12T08:12:46.657+0000] {processor.py:830} INFO - Processing file /home/airflow/.local/lib/python3.12/site-packages/airflow/example_dags/example_display_name.py for tasks to queue
[2024-07-12T08:12:46.658+0000] {logging_mixin.py:188} INFO - [2024-07-12T08:12:46.658+0000] {dagbag.py:545} INFO - Filling up the DagBag from /home/airflow/.local/lib/python3.12/site-packages/airflow/example_dags/example_display_name.py
[2024-07-12T08:12:46.662+0000] {processor.py:840} INFO - DAG(s) 'example_display_name' retrieved from /home/airflow/.local/lib/python3.12/site-packages/airflow/example_dags/example_display_name.py
[2024-07-12T08:12:46.673+0000] {logging_mixin.py:188} INFO - [2024-07-12T08:12:46.673+0000] {dag.py:3096} INFO - Sync 1 DAGs
[2024-07-12T08:12:46.682+0000] {logging_mixin.py:188} INFO - [2024-07-12T08:12:46.682+0000] {dag.py:3954} INFO - Setting next_dagrun for example_display_name to None, run_after=None
[2024-07-12T08:12:46.696+0000] {processor.py:183} INFO - Processing /home/airflow/.local/lib/python3.12/site-packages/airflow/example_dags/example_display_name.py took 0.044 seconds
[2024-07-12T08:13:17.169+0000] {processor.py:161} INFO - Started process (PID=637) to work on /home/airflow/.local/lib/python3.12/site-packages/airflow/example_dags/example_display_name.py
[2024-07-12T08:13:17.170+0000] {processor.py:830} INFO - Processing file /home/airflow/.local/lib/python3.12/site-packages/airflow/example_dags/example_display_name.py for tasks to queue
[2024-07-12T08:13:17.171+0000] {logging_mixin.py:188} INFO - [2024-07-12T08:13:17.171+0000] {dagbag.py:545} INFO - Filling up the DagBag from /home/airflow/.local/lib/python3.12/site-packages/airflow/example_dags/example_display_name.py
[2024-07-12T08:13:17.175+0000] {processor.py:840} INFO - DAG(s) 'example_display_name' retrieved from /home/airflow/.local/lib/python3.12/site-packages/airflow/example_dags/example_display_name.py
[2024-07-12T08:13:17.186+0000] {logging_mixin.py:188} INFO - [2024-07-12T08:13:17.186+0000] {dag.py:3096} INFO - Sync 1 DAGs
[2024-07-12T08:13:17.194+0000] {logging_mixin.py:188} INFO - [2024-07-12T08:13:17.194+0000] {dag.py:3954} INFO - Setting next_dagrun for example_display_name to None, run_after=None
[2024-07-12T08:13:17.208+0000] {processor.py:183} INFO - Processing /home/airflow/.local/lib/python3.12/site-packages/airflow/example_dags/example_display_name.py took 0.043 seconds
[2024-07-12T08:13:47.557+0000] {processor.py:161} INFO - Started process (PID=695) to work on /home/airflow/.local/lib/python3.12/site-packages/airflow/example_dags/example_display_name.py
[2024-07-12T08:13:47.557+0000] {processor.py:830} INFO - Processing file /home/airflow/.local/lib/python3.12/site-packages/airflow/example_dags/example_display_name.py for tasks to queue
[2024-07-12T08:13:47.559+0000] {logging_mixin.py:188} INFO - [2024-07-12T08:13:47.558+0000] {dagbag.py:545} INFO - Filling up the DagBag from /home/airflow/.local/lib/python3.12/site-packages/airflow/example_dags/example_display_name.py
[2024-07-12T08:13:47.562+0000] {processor.py:840} INFO - DAG(s) 'example_display_name' retrieved from /home/airflow/.local/lib/python3.12/site-packages/airflow/example_dags/example_display_name.py
[2024-07-12T08:13:47.573+0000] {logging_mixin.py:188} INFO - [2024-07-12T08:13:47.573+0000] {dag.py:3096} INFO - Sync 1 DAGs
[2024-07-12T08:13:47.582+0000] {logging_mixin.py:188} INFO - [2024-07-12T08:13:47.582+0000] {dag.py:3954} INFO - Setting next_dagrun for example_display_name to None, run_after=None
[2024-07-12T08:13:47.596+0000] {processor.py:183} INFO - Processing /home/airflow/.local/lib/python3.12/site-packages/airflow/example_dags/example_display_name.py took 0.043 seconds
[2024-07-12T08:14:17.658+0000] {processor.py:161} INFO - Started process (PID=754) to work on /home/airflow/.local/lib/python3.12/site-packages/airflow/example_dags/example_display_name.py
[2024-07-12T08:14:17.659+0000] {processor.py:830} INFO - Processing file /home/airflow/.local/lib/python3.12/site-packages/airflow/example_dags/example_display_name.py for tasks to queue
[2024-07-12T08:14:17.660+0000] {logging_mixin.py:188} INFO - [2024-07-12T08:14:17.660+0000] {dagbag.py:545} INFO - Filling up the DagBag from /home/airflow/.local/lib/python3.12/site-packages/airflow/example_dags/example_display_name.py
[2024-07-12T08:14:17.664+0000] {processor.py:840} INFO - DAG(s) 'example_display_name' retrieved from /home/airflow/.local/lib/python3.12/site-packages/airflow/example_dags/example_display_name.py
[2024-07-12T08:14:17.675+0000] {logging_mixin.py:188} INFO - [2024-07-12T08:14:17.674+0000] {dag.py:3096} INFO - Sync 1 DAGs
[2024-07-12T08:14:17.683+0000] {logging_mixin.py:188} INFO - [2024-07-12T08:14:17.682+0000] {dag.py:3954} INFO - Setting next_dagrun for example_display_name to None, run_after=None
[2024-07-12T08:14:17.698+0000] {processor.py:183} INFO - Processing /home/airflow/.local/lib/python3.12/site-packages/airflow/example_dags/example_display_name.py took 0.044 seconds
[2024-07-12T08:14:47.833+0000] {processor.py:161} INFO - Started process (PID=812) to work on /home/airflow/.local/lib/python3.12/site-packages/airflow/example_dags/example_display_name.py
[2024-07-12T08:14:47.834+0000] {processor.py:830} INFO - Processing file /home/airflow/.local/lib/python3.12/site-packages/airflow/example_dags/example_display_name.py for tasks to queue
[2024-07-12T08:14:47.836+0000] {logging_mixin.py:188} INFO - [2024-07-12T08:14:47.836+0000] {dagbag.py:545} INFO - Filling up the DagBag from /home/airflow/.local/lib/python3.12/site-packages/airflow/example_dags/example_display_name.py
[2024-07-12T08:14:47.840+0000] {processor.py:840} INFO - DAG(s) 'example_display_name' retrieved from /home/airflow/.local/lib/python3.12/site-packages/airflow/example_dags/example_display_name.py
[2024-07-12T08:14:47.854+0000] {logging_mixin.py:188} INFO - [2024-07-12T08:14:47.854+0000] {dag.py:3096} INFO - Sync 1 DAGs
[2024-07-12T08:14:47.863+0000] {logging_mixin.py:188} INFO - [2024-07-12T08:14:47.863+0000] {dag.py:3954} INFO - Setting next_dagrun for example_display_name to None, run_after=None
[2024-07-12T08:14:47.878+0000] {processor.py:183} INFO - Processing /home/airflow/.local/lib/python3.12/site-packages/airflow/example_dags/example_display_name.py took 0.049 seconds
[2024-07-12T08:15:18.074+0000] {processor.py:161} INFO - Started process (PID=870) to work on /home/airflow/.local/lib/python3.12/site-packages/airflow/example_dags/example_display_name.py
[2024-07-12T08:15:18.075+0000] {processor.py:830} INFO - Processing file /home/airflow/.local/lib/python3.12/site-packages/airflow/example_dags/example_display_name.py for tasks to queue
[2024-07-12T08:15:18.077+0000] {logging_mixin.py:188} INFO - [2024-07-12T08:15:18.077+0000] {dagbag.py:545} INFO - Filling up the DagBag from /home/airflow/.local/lib/python3.12/site-packages/airflow/example_dags/example_display_name.py
[2024-07-12T08:15:18.081+0000] {processor.py:840} INFO - DAG(s) 'example_display_name' retrieved from /home/airflow/.local/lib/python3.12/site-packages/airflow/example_dags/example_display_name.py
[2024-07-12T08:15:18.092+0000] {logging_mixin.py:188} INFO - [2024-07-12T08:15:18.092+0000] {dag.py:3096} INFO - Sync 1 DAGs
[2024-07-12T08:15:18.101+0000] {logging_mixin.py:188} INFO - [2024-07-12T08:15:18.101+0000] {dag.py:3954} INFO - Setting next_dagrun for example_display_name to None, run_after=None
[2024-07-12T08:15:18.116+0000] {processor.py:183} INFO - Processing /home/airflow/.local/lib/python3.12/site-packages/airflow/example_dags/example_display_name.py took 0.046 seconds
[2024-07-12T08:15:48.173+0000] {processor.py:161} INFO - Started process (PID=927) to work on /home/airflow/.local/lib/python3.12/site-packages/airflow/example_dags/example_display_name.py
[2024-07-12T08:15:48.174+0000] {processor.py:830} INFO - Processing file /home/airflow/.local/lib/python3.12/site-packages/airflow/example_dags/example_display_name.py for tasks to queue
[2024-07-12T08:15:48.176+0000] {logging_mixin.py:188} INFO - [2024-07-12T08:15:48.176+0000] {dagbag.py:545} INFO - Filling up the DagBag from /home/airflow/.local/lib/python3.12/site-packages/airflow/example_dags/example_display_name.py
[2024-07-12T08:15:48.180+0000] {processor.py:840} INFO - DAG(s) 'example_display_name' retrieved from /home/airflow/.local/lib/python3.12/site-packages/airflow/example_dags/example_display_name.py
[2024-07-12T08:15:48.192+0000] {logging_mixin.py:188} INFO - [2024-07-12T08:15:48.192+0000] {dag.py:3096} INFO - Sync 1 DAGs
[2024-07-12T08:15:48.201+0000] {logging_mixin.py:188} INFO - [2024-07-12T08:15:48.201+0000] {dag.py:3954} INFO - Setting next_dagrun for example_display_name to None, run_after=None
[2024-07-12T08:15:48.218+0000] {processor.py:183} INFO - Processing /home/airflow/.local/lib/python3.12/site-packages/airflow/example_dags/example_display_name.py took 0.049 seconds
[2024-07-12T08:16:18.362+0000] {processor.py:161} INFO - Started process (PID=985) to work on /home/airflow/.local/lib/python3.12/site-packages/airflow/example_dags/example_display_name.py
[2024-07-12T08:16:18.362+0000] {processor.py:830} INFO - Processing file /home/airflow/.local/lib/python3.12/site-packages/airflow/example_dags/example_display_name.py for tasks to queue
[2024-07-12T08:16:18.364+0000] {logging_mixin.py:188} INFO - [2024-07-12T08:16:18.364+0000] {dagbag.py:545} INFO - Filling up the DagBag from /home/airflow/.local/lib/python3.12/site-packages/airflow/example_dags/example_display_name.py
[2024-07-12T08:16:18.368+0000] {processor.py:840} INFO - DAG(s) 'example_display_name' retrieved from /home/airflow/.local/lib/python3.12/site-packages/airflow/example_dags/example_display_name.py
[2024-07-12T08:16:18.378+0000] {logging_mixin.py:188} INFO - [2024-07-12T08:16:18.378+0000] {dag.py:3096} INFO - Sync 1 DAGs
[2024-07-12T08:16:18.386+0000] {logging_mixin.py:188} INFO - [2024-07-12T08:16:18.386+0000] {dag.py:3954} INFO - Setting next_dagrun for example_display_name to None, run_after=None
[2024-07-12T08:16:18.400+0000] {processor.py:183} INFO - Processing /home/airflow/.local/lib/python3.12/site-packages/airflow/example_dags/example_display_name.py took 0.042 seconds
[2024-07-12T08:16:48.698+0000] {processor.py:161} INFO - Started process (PID=1043) to work on /home/airflow/.local/lib/python3.12/site-packages/airflow/example_dags/example_display_name.py
[2024-07-12T08:16:48.698+0000] {processor.py:830} INFO - Processing file /home/airflow/.local/lib/python3.12/site-packages/airflow/example_dags/example_display_name.py for tasks to queue
[2024-07-12T08:16:48.699+0000] {logging_mixin.py:188} INFO - [2024-07-12T08:16:48.699+0000] {dagbag.py:545} INFO - Filling up the DagBag from /home/airflow/.local/lib/python3.12/site-packages/airflow/example_dags/example_display_name.py
[2024-07-12T08:16:48.703+0000] {processor.py:840} INFO - DAG(s) 'example_display_name' retrieved from /home/airflow/.local/lib/python3.12/site-packages/airflow/example_dags/example_display_name.py
[2024-07-12T08:16:48.714+0000] {logging_mixin.py:188} INFO - [2024-07-12T08:16:48.714+0000] {dag.py:3096} INFO - Sync 1 DAGs
[2024-07-12T08:16:48.722+0000] {logging_mixin.py:188} INFO - [2024-07-12T08:16:48.722+0000] {dag.py:3954} INFO - Setting next_dagrun for example_display_name to None, run_after=None
[2024-07-12T08:16:48.735+0000] {processor.py:183} INFO - Processing /home/airflow/.local/lib/python3.12/site-packages/airflow/example_dags/example_display_name.py took 0.042 seconds
[2024-07-12T08:17:18.908+0000] {processor.py:161} INFO - Started process (PID=1101) to work on /home/airflow/.local/lib/python3.12/site-packages/airflow/example_dags/example_display_name.py
[2024-07-12T08:17:18.908+0000] {processor.py:830} INFO - Processing file /home/airflow/.local/lib/python3.12/site-packages/airflow/example_dags/example_display_name.py for tasks to queue
[2024-07-12T08:17:18.909+0000] {logging_mixin.py:188} INFO - [2024-07-12T08:17:18.909+0000] {dagbag.py:545} INFO - Filling up the DagBag from /home/airflow/.local/lib/python3.12/site-packages/airflow/example_dags/example_display_name.py
[2024-07-12T08:17:18.913+0000] {processor.py:840} INFO - DAG(s) 'example_display_name' retrieved from /home/airflow/.local/lib/python3.12/site-packages/airflow/example_dags/example_display_name.py
[2024-07-12T08:17:18.924+0000] {logging_mixin.py:188} INFO - [2024-07-12T08:17:18.924+0000] {dag.py:3096} INFO - Sync 1 DAGs
[2024-07-12T08:17:18.932+0000] {logging_mixin.py:188} INFO - [2024-07-12T08:17:18.931+0000] {dag.py:3954} INFO - Setting next_dagrun for example_display_name to None, run_after=None
[2024-07-12T08:17:18.945+0000] {processor.py:183} INFO - Processing /home/airflow/.local/lib/python3.12/site-packages/airflow/example_dags/example_display_name.py took 0.041 seconds
[2024-07-12T08:17:49.145+0000] {processor.py:161} INFO - Started process (PID=1159) to work on /home/airflow/.local/lib/python3.12/site-packages/airflow/example_dags/example_display_name.py
[2024-07-12T08:17:49.146+0000] {processor.py:830} INFO - Processing file /home/airflow/.local/lib/python3.12/site-packages/airflow/example_dags/example_display_name.py for tasks to queue
[2024-07-12T08:17:49.147+0000] {logging_mixin.py:188} INFO - [2024-07-12T08:17:49.147+0000] {dagbag.py:545} INFO - Filling up the DagBag from /home/airflow/.local/lib/python3.12/site-packages/airflow/example_dags/example_display_name.py
[2024-07-12T08:17:49.151+0000] {processor.py:840} INFO - DAG(s) 'example_display_name' retrieved from /home/airflow/.local/lib/python3.12/site-packages/airflow/example_dags/example_display_name.py
[2024-07-12T08:17:49.162+0000] {logging_mixin.py:188} INFO - [2024-07-12T08:17:49.162+0000] {dag.py:3096} INFO - Sync 1 DAGs
[2024-07-12T08:17:49.170+0000] {logging_mixin.py:188} INFO - [2024-07-12T08:17:49.170+0000] {dag.py:3954} INFO - Setting next_dagrun for example_display_name to None, run_after=None
[2024-07-12T08:17:49.184+0000] {processor.py:183} INFO - Processing /home/airflow/.local/lib/python3.12/site-packages/airflow/example_dags/example_display_name.py took 0.042 seconds
[2024-07-12T08:18:19.448+0000] {processor.py:161} INFO - Started process (PID=1217) to work on /home/airflow/.local/lib/python3.12/site-packages/airflow/example_dags/example_display_name.py
[2024-07-12T08:18:19.449+0000] {processor.py:830} INFO - Processing file /home/airflow/.local/lib/python3.12/site-packages/airflow/example_dags/example_display_name.py for tasks to queue
[2024-07-12T08:18:19.450+0000] {logging_mixin.py:188} INFO - [2024-07-12T08:18:19.450+0000] {dagbag.py:545} INFO - Filling up the DagBag from /home/airflow/.local/lib/python3.12/site-packages/airflow/example_dags/example_display_name.py
[2024-07-12T08:18:19.454+0000] {processor.py:840} INFO - DAG(s) 'example_display_name' retrieved from /home/airflow/.local/lib/python3.12/site-packages/airflow/example_dags/example_display_name.py
[2024-07-12T08:18:19.465+0000] {logging_mixin.py:188} INFO - [2024-07-12T08:18:19.465+0000] {dag.py:3096} INFO - Sync 1 DAGs
[2024-07-12T08:18:19.474+0000] {logging_mixin.py:188} INFO - [2024-07-12T08:18:19.473+0000] {dag.py:3954} INFO - Setting next_dagrun for example_display_name to None, run_after=None
[2024-07-12T08:18:19.488+0000] {processor.py:183} INFO - Processing /home/airflow/.local/lib/python3.12/site-packages/airflow/example_dags/example_display_name.py took 0.044 seconds
[2024-07-12T08:18:49.783+0000] {processor.py:161} INFO - Started process (PID=1275) to work on /home/airflow/.local/lib/python3.12/site-packages/airflow/example_dags/example_display_name.py
[2024-07-12T08:18:49.783+0000] {processor.py:830} INFO - Processing file /home/airflow/.local/lib/python3.12/site-packages/airflow/example_dags/example_display_name.py for tasks to queue
[2024-07-12T08:18:49.785+0000] {logging_mixin.py:188} INFO - [2024-07-12T08:18:49.784+0000] {dagbag.py:545} INFO - Filling up the DagBag from /home/airflow/.local/lib/python3.12/site-packages/airflow/example_dags/example_display_name.py
[2024-07-12T08:18:49.788+0000] {processor.py:840} INFO - DAG(s) 'example_display_name' retrieved from /home/airflow/.local/lib/python3.12/site-packages/airflow/example_dags/example_display_name.py
[2024-07-12T08:18:49.798+0000] {logging_mixin.py:188} INFO - [2024-07-12T08:18:49.798+0000] {dag.py:3096} INFO - Sync 1 DAGs
[2024-07-12T08:18:49.806+0000] {logging_mixin.py:188} INFO - [2024-07-12T08:18:49.806+0000] {dag.py:3954} INFO - Setting next_dagrun for example_display_name to None, run_after=None
[2024-07-12T08:18:49.822+0000] {processor.py:183} INFO - Processing /home/airflow/.local/lib/python3.12/site-packages/airflow/example_dags/example_display_name.py took 0.043 seconds
[2024-07-12T08:19:20.068+0000] {processor.py:161} INFO - Started process (PID=1333) to work on /home/airflow/.local/lib/python3.12/site-packages/airflow/example_dags/example_display_name.py
[2024-07-12T08:19:20.070+0000] {processor.py:830} INFO - Processing file /home/airflow/.local/lib/python3.12/site-packages/airflow/example_dags/example_display_name.py for tasks to queue
[2024-07-12T08:19:20.071+0000] {logging_mixin.py:188} INFO - [2024-07-12T08:19:20.071+0000] {dagbag.py:545} INFO - Filling up the DagBag from /home/airflow/.local/lib/python3.12/site-packages/airflow/example_dags/example_display_name.py
[2024-07-12T08:19:20.075+0000] {processor.py:840} INFO - DAG(s) 'example_display_name' retrieved from /home/airflow/.local/lib/python3.12/site-packages/airflow/example_dags/example_display_name.py
[2024-07-12T08:19:20.086+0000] {logging_mixin.py:188} INFO - [2024-07-12T08:19:20.086+0000] {dag.py:3096} INFO - Sync 1 DAGs
[2024-07-12T08:19:20.096+0000] {logging_mixin.py:188} INFO - [2024-07-12T08:19:20.096+0000] {dag.py:3954} INFO - Setting next_dagrun for example_display_name to None, run_after=None
[2024-07-12T08:19:20.111+0000] {processor.py:183} INFO - Processing /home/airflow/.local/lib/python3.12/site-packages/airflow/example_dags/example_display_name.py took 0.047 seconds
[2024-07-12T08:19:50.219+0000] {processor.py:161} INFO - Started process (PID=1391) to work on /home/airflow/.local/lib/python3.12/site-packages/airflow/example_dags/example_display_name.py
[2024-07-12T08:19:50.220+0000] {processor.py:830} INFO - Processing file /home/airflow/.local/lib/python3.12/site-packages/airflow/example_dags/example_display_name.py for tasks to queue
[2024-07-12T08:19:50.221+0000] {logging_mixin.py:188} INFO - [2024-07-12T08:19:50.221+0000] {dagbag.py:545} INFO - Filling up the DagBag from /home/airflow/.local/lib/python3.12/site-packages/airflow/example_dags/example_display_name.py
[2024-07-12T08:19:50.225+0000] {processor.py:840} INFO - DAG(s) 'example_display_name' retrieved from /home/airflow/.local/lib/python3.12/site-packages/airflow/example_dags/example_display_name.py
[2024-07-12T08:19:50.236+0000] {logging_mixin.py:188} INFO - [2024-07-12T08:19:50.236+0000] {dag.py:3096} INFO - Sync 1 DAGs
[2024-07-12T08:19:50.246+0000] {logging_mixin.py:188} INFO - [2024-07-12T08:19:50.246+0000] {dag.py:3954} INFO - Setting next_dagrun for example_display_name to None, run_after=None
[2024-07-12T08:19:50.262+0000] {processor.py:183} INFO - Processing /home/airflow/.local/lib/python3.12/site-packages/airflow/example_dags/example_display_name.py took 0.047 seconds
[2024-07-12T08:20:20.379+0000] {processor.py:161} INFO - Started process (PID=1449) to work on /home/airflow/.local/lib/python3.12/site-packages/airflow/example_dags/example_display_name.py
[2024-07-12T08:20:20.380+0000] {processor.py:830} INFO - Processing file /home/airflow/.local/lib/python3.12/site-packages/airflow/example_dags/example_display_name.py for tasks to queue
[2024-07-12T08:20:20.381+0000] {logging_mixin.py:188} INFO - [2024-07-12T08:20:20.381+0000] {dagbag.py:545} INFO - Filling up the DagBag from /home/airflow/.local/lib/python3.12/site-packages/airflow/example_dags/example_display_name.py
[2024-07-12T08:20:20.384+0000] {processor.py:840} INFO - DAG(s) 'example_display_name' retrieved from /home/airflow/.local/lib/python3.12/site-packages/airflow/example_dags/example_display_name.py
[2024-07-12T08:20:20.395+0000] {logging_mixin.py:188} INFO - [2024-07-12T08:20:20.395+0000] {dag.py:3096} INFO - Sync 1 DAGs
[2024-07-12T08:20:20.403+0000] {logging_mixin.py:188} INFO - [2024-07-12T08:20:20.402+0000] {dag.py:3954} INFO - Setting next_dagrun for example_display_name to None, run_after=None
[2024-07-12T08:20:20.416+0000] {processor.py:183} INFO - Processing /home/airflow/.local/lib/python3.12/site-packages/airflow/example_dags/example_display_name.py took 0.041 seconds
[2024-07-12T08:22:55.267+0000] {processor.py:161} INFO - Started process (PID=53) to work on /home/airflow/.local/lib/python3.12/site-packages/airflow/example_dags/example_display_name.py
[2024-07-12T08:22:55.268+0000] {processor.py:830} INFO - Processing file /home/airflow/.local/lib/python3.12/site-packages/airflow/example_dags/example_display_name.py for tasks to queue
[2024-07-12T08:22:55.270+0000] {logging_mixin.py:188} INFO - [2024-07-12T08:22:55.270+0000] {dagbag.py:545} INFO - Filling up the DagBag from /home/airflow/.local/lib/python3.12/site-packages/airflow/example_dags/example_display_name.py
[2024-07-12T08:22:55.276+0000] {processor.py:840} INFO - DAG(s) 'example_display_name' retrieved from /home/airflow/.local/lib/python3.12/site-packages/airflow/example_dags/example_display_name.py
[2024-07-12T08:22:55.282+0000] {logging_mixin.py:188} INFO - [2024-07-12T08:22:55.281+0000] {dag.py:3096} INFO - Sync 1 DAGs
[2024-07-12T08:22:55.291+0000] {logging_mixin.py:188} INFO - [2024-07-12T08:22:55.291+0000] {dag.py:3954} INFO - Setting next_dagrun for example_display_name to None, run_after=None
[2024-07-12T08:22:55.309+0000] {processor.py:183} INFO - Processing /home/airflow/.local/lib/python3.12/site-packages/airflow/example_dags/example_display_name.py took 0.046 seconds
[2024-07-12T08:23:25.456+0000] {processor.py:161} INFO - Started process (PID=111) to work on /home/airflow/.local/lib/python3.12/site-packages/airflow/example_dags/example_display_name.py
[2024-07-12T08:23:25.457+0000] {processor.py:830} INFO - Processing file /home/airflow/.local/lib/python3.12/site-packages/airflow/example_dags/example_display_name.py for tasks to queue
[2024-07-12T08:23:25.458+0000] {logging_mixin.py:188} INFO - [2024-07-12T08:23:25.458+0000] {dagbag.py:545} INFO - Filling up the DagBag from /home/airflow/.local/lib/python3.12/site-packages/airflow/example_dags/example_display_name.py
[2024-07-12T08:23:25.462+0000] {processor.py:840} INFO - DAG(s) 'example_display_name' retrieved from /home/airflow/.local/lib/python3.12/site-packages/airflow/example_dags/example_display_name.py
[2024-07-12T08:23:25.524+0000] {logging_mixin.py:188} INFO - [2024-07-12T08:23:25.523+0000] {dag.py:3096} INFO - Sync 1 DAGs
[2024-07-12T08:23:25.530+0000] {logging_mixin.py:188} INFO - [2024-07-12T08:23:25.530+0000] {dag.py:3954} INFO - Setting next_dagrun for example_display_name to None, run_after=None
[2024-07-12T08:23:25.543+0000] {processor.py:183} INFO - Processing /home/airflow/.local/lib/python3.12/site-packages/airflow/example_dags/example_display_name.py took 0.091 seconds
[2024-07-12T08:23:55.877+0000] {processor.py:161} INFO - Started process (PID=169) to work on /home/airflow/.local/lib/python3.12/site-packages/airflow/example_dags/example_display_name.py
[2024-07-12T08:23:55.878+0000] {processor.py:830} INFO - Processing file /home/airflow/.local/lib/python3.12/site-packages/airflow/example_dags/example_display_name.py for tasks to queue
[2024-07-12T08:23:55.879+0000] {logging_mixin.py:188} INFO - [2024-07-12T08:23:55.879+0000] {dagbag.py:545} INFO - Filling up the DagBag from /home/airflow/.local/lib/python3.12/site-packages/airflow/example_dags/example_display_name.py
[2024-07-12T08:23:55.883+0000] {processor.py:840} INFO - DAG(s) 'example_display_name' retrieved from /home/airflow/.local/lib/python3.12/site-packages/airflow/example_dags/example_display_name.py
[2024-07-12T08:23:55.894+0000] {logging_mixin.py:188} INFO - [2024-07-12T08:23:55.894+0000] {dag.py:3096} INFO - Sync 1 DAGs
[2024-07-12T08:23:55.903+0000] {logging_mixin.py:188} INFO - [2024-07-12T08:23:55.902+0000] {dag.py:3954} INFO - Setting next_dagrun for example_display_name to None, run_after=None
[2024-07-12T08:23:55.918+0000] {processor.py:183} INFO - Processing /home/airflow/.local/lib/python3.12/site-packages/airflow/example_dags/example_display_name.py took 0.045 seconds
[2024-07-12T08:24:25.969+0000] {processor.py:161} INFO - Started process (PID=226) to work on /home/airflow/.local/lib/python3.12/site-packages/airflow/example_dags/example_display_name.py
[2024-07-12T08:24:25.970+0000] {processor.py:830} INFO - Processing file /home/airflow/.local/lib/python3.12/site-packages/airflow/example_dags/example_display_name.py for tasks to queue
[2024-07-12T08:24:25.971+0000] {logging_mixin.py:188} INFO - [2024-07-12T08:24:25.971+0000] {dagbag.py:545} INFO - Filling up the DagBag from /home/airflow/.local/lib/python3.12/site-packages/airflow/example_dags/example_display_name.py
[2024-07-12T08:24:25.975+0000] {processor.py:840} INFO - DAG(s) 'example_display_name' retrieved from /home/airflow/.local/lib/python3.12/site-packages/airflow/example_dags/example_display_name.py
[2024-07-12T08:24:25.985+0000] {logging_mixin.py:188} INFO - [2024-07-12T08:24:25.985+0000] {dag.py:3096} INFO - Sync 1 DAGs
[2024-07-12T08:24:25.993+0000] {logging_mixin.py:188} INFO - [2024-07-12T08:24:25.992+0000] {dag.py:3954} INFO - Setting next_dagrun for example_display_name to None, run_after=None
[2024-07-12T08:24:26.006+0000] {processor.py:183} INFO - Processing /home/airflow/.local/lib/python3.12/site-packages/airflow/example_dags/example_display_name.py took 0.040 seconds
[2024-07-12T08:24:56.274+0000] {processor.py:161} INFO - Started process (PID=284) to work on /home/airflow/.local/lib/python3.12/site-packages/airflow/example_dags/example_display_name.py
[2024-07-12T08:24:56.274+0000] {processor.py:830} INFO - Processing file /home/airflow/.local/lib/python3.12/site-packages/airflow/example_dags/example_display_name.py for tasks to queue
[2024-07-12T08:24:56.276+0000] {logging_mixin.py:188} INFO - [2024-07-12T08:24:56.276+0000] {dagbag.py:545} INFO - Filling up the DagBag from /home/airflow/.local/lib/python3.12/site-packages/airflow/example_dags/example_display_name.py
[2024-07-12T08:24:56.279+0000] {processor.py:840} INFO - DAG(s) 'example_display_name' retrieved from /home/airflow/.local/lib/python3.12/site-packages/airflow/example_dags/example_display_name.py
[2024-07-12T08:24:56.290+0000] {logging_mixin.py:188} INFO - [2024-07-12T08:24:56.290+0000] {dag.py:3096} INFO - Sync 1 DAGs
[2024-07-12T08:24:56.298+0000] {logging_mixin.py:188} INFO - [2024-07-12T08:24:56.298+0000] {dag.py:3954} INFO - Setting next_dagrun for example_display_name to None, run_after=None
[2024-07-12T08:24:56.312+0000] {processor.py:183} INFO - Processing /home/airflow/.local/lib/python3.12/site-packages/airflow/example_dags/example_display_name.py took 0.042 seconds
[2024-07-12T08:25:26.432+0000] {processor.py:161} INFO - Started process (PID=342) to work on /home/airflow/.local/lib/python3.12/site-packages/airflow/example_dags/example_display_name.py
[2024-07-12T08:25:26.432+0000] {processor.py:830} INFO - Processing file /home/airflow/.local/lib/python3.12/site-packages/airflow/example_dags/example_display_name.py for tasks to queue
[2024-07-12T08:25:26.434+0000] {logging_mixin.py:188} INFO - [2024-07-12T08:25:26.433+0000] {dagbag.py:545} INFO - Filling up the DagBag from /home/airflow/.local/lib/python3.12/site-packages/airflow/example_dags/example_display_name.py
[2024-07-12T08:25:26.437+0000] {processor.py:840} INFO - DAG(s) 'example_display_name' retrieved from /home/airflow/.local/lib/python3.12/site-packages/airflow/example_dags/example_display_name.py
[2024-07-12T08:25:26.451+0000] {logging_mixin.py:188} INFO - [2024-07-12T08:25:26.451+0000] {dag.py:3096} INFO - Sync 1 DAGs
[2024-07-12T08:25:26.460+0000] {logging_mixin.py:188} INFO - [2024-07-12T08:25:26.460+0000] {dag.py:3954} INFO - Setting next_dagrun for example_display_name to None, run_after=None
[2024-07-12T08:25:26.475+0000] {processor.py:183} INFO - Processing /home/airflow/.local/lib/python3.12/site-packages/airflow/example_dags/example_display_name.py took 0.047 seconds
[2024-07-12T08:25:56.600+0000] {processor.py:161} INFO - Started process (PID=400) to work on /home/airflow/.local/lib/python3.12/site-packages/airflow/example_dags/example_display_name.py
[2024-07-12T08:25:56.600+0000] {processor.py:830} INFO - Processing file /home/airflow/.local/lib/python3.12/site-packages/airflow/example_dags/example_display_name.py for tasks to queue
[2024-07-12T08:25:56.602+0000] {logging_mixin.py:188} INFO - [2024-07-12T08:25:56.601+0000] {dagbag.py:545} INFO - Filling up the DagBag from /home/airflow/.local/lib/python3.12/site-packages/airflow/example_dags/example_display_name.py
[2024-07-12T08:25:56.605+0000] {processor.py:840} INFO - DAG(s) 'example_display_name' retrieved from /home/airflow/.local/lib/python3.12/site-packages/airflow/example_dags/example_display_name.py
[2024-07-12T08:25:56.616+0000] {logging_mixin.py:188} INFO - [2024-07-12T08:25:56.616+0000] {dag.py:3096} INFO - Sync 1 DAGs
[2024-07-12T08:25:56.624+0000] {logging_mixin.py:188} INFO - [2024-07-12T08:25:56.624+0000] {dag.py:3954} INFO - Setting next_dagrun for example_display_name to None, run_after=None
[2024-07-12T08:25:56.639+0000] {processor.py:183} INFO - Processing /home/airflow/.local/lib/python3.12/site-packages/airflow/example_dags/example_display_name.py took 0.044 seconds
[2024-07-12T08:27:24.315+0000] {processor.py:161} INFO - Started process (PID=53) to work on /home/airflow/.local/lib/python3.12/site-packages/airflow/example_dags/example_display_name.py
[2024-07-12T08:27:24.316+0000] {processor.py:830} INFO - Processing file /home/airflow/.local/lib/python3.12/site-packages/airflow/example_dags/example_display_name.py for tasks to queue
[2024-07-12T08:27:24.318+0000] {logging_mixin.py:188} INFO - [2024-07-12T08:27:24.317+0000] {dagbag.py:545} INFO - Filling up the DagBag from /home/airflow/.local/lib/python3.12/site-packages/airflow/example_dags/example_display_name.py
[2024-07-12T08:27:24.323+0000] {processor.py:840} INFO - DAG(s) 'example_display_name' retrieved from /home/airflow/.local/lib/python3.12/site-packages/airflow/example_dags/example_display_name.py
[2024-07-12T08:27:24.331+0000] {logging_mixin.py:188} INFO - [2024-07-12T08:27:24.330+0000] {dag.py:3096} INFO - Sync 1 DAGs
[2024-07-12T08:27:24.340+0000] {logging_mixin.py:188} INFO - [2024-07-12T08:27:24.340+0000] {dag.py:3954} INFO - Setting next_dagrun for example_display_name to None, run_after=None
[2024-07-12T08:27:24.357+0000] {processor.py:183} INFO - Processing /home/airflow/.local/lib/python3.12/site-packages/airflow/example_dags/example_display_name.py took 0.045 seconds
[2024-07-12T08:27:55.264+0000] {processor.py:161} INFO - Started process (PID=111) to work on /home/airflow/.local/lib/python3.12/site-packages/airflow/example_dags/example_display_name.py
[2024-07-12T08:27:55.264+0000] {processor.py:830} INFO - Processing file /home/airflow/.local/lib/python3.12/site-packages/airflow/example_dags/example_display_name.py for tasks to queue
[2024-07-12T08:27:55.266+0000] {logging_mixin.py:188} INFO - [2024-07-12T08:27:55.265+0000] {dagbag.py:545} INFO - Filling up the DagBag from /home/airflow/.local/lib/python3.12/site-packages/airflow/example_dags/example_display_name.py
[2024-07-12T08:27:55.270+0000] {processor.py:840} INFO - DAG(s) 'example_display_name' retrieved from /home/airflow/.local/lib/python3.12/site-packages/airflow/example_dags/example_display_name.py
[2024-07-12T08:27:55.276+0000] {logging_mixin.py:188} INFO - [2024-07-12T08:27:55.276+0000] {dag.py:3096} INFO - Sync 1 DAGs
[2024-07-12T08:27:55.285+0000] {logging_mixin.py:188} INFO - [2024-07-12T08:27:55.285+0000] {dag.py:3954} INFO - Setting next_dagrun for example_display_name to None, run_after=None
[2024-07-12T08:27:55.301+0000] {processor.py:183} INFO - Processing /home/airflow/.local/lib/python3.12/site-packages/airflow/example_dags/example_display_name.py took 0.041 seconds
[2024-07-12T08:29:02.364+0000] {processor.py:161} INFO - Started process (PID=53) to work on /home/airflow/.local/lib/python3.12/site-packages/airflow/example_dags/example_display_name.py
[2024-07-12T08:29:02.365+0000] {processor.py:830} INFO - Processing file /home/airflow/.local/lib/python3.12/site-packages/airflow/example_dags/example_display_name.py for tasks to queue
[2024-07-12T08:29:02.366+0000] {logging_mixin.py:188} INFO - [2024-07-12T08:29:02.366+0000] {dagbag.py:545} INFO - Filling up the DagBag from /home/airflow/.local/lib/python3.12/site-packages/airflow/example_dags/example_display_name.py
[2024-07-12T08:29:02.373+0000] {processor.py:840} INFO - DAG(s) 'example_display_name' retrieved from /home/airflow/.local/lib/python3.12/site-packages/airflow/example_dags/example_display_name.py
[2024-07-12T08:29:02.379+0000] {logging_mixin.py:188} INFO - [2024-07-12T08:29:02.379+0000] {dag.py:3096} INFO - Sync 1 DAGs
[2024-07-12T08:29:02.390+0000] {logging_mixin.py:188} INFO - [2024-07-12T08:29:02.390+0000] {dag.py:3954} INFO - Setting next_dagrun for example_display_name to None, run_after=None
[2024-07-12T08:29:02.410+0000] {processor.py:183} INFO - Processing /home/airflow/.local/lib/python3.12/site-packages/airflow/example_dags/example_display_name.py took 0.050 seconds
[2024-07-12T08:29:32.644+0000] {processor.py:161} INFO - Started process (PID=110) to work on /home/airflow/.local/lib/python3.12/site-packages/airflow/example_dags/example_display_name.py
[2024-07-12T08:29:32.645+0000] {processor.py:830} INFO - Processing file /home/airflow/.local/lib/python3.12/site-packages/airflow/example_dags/example_display_name.py for tasks to queue
[2024-07-12T08:29:32.646+0000] {logging_mixin.py:188} INFO - [2024-07-12T08:29:32.646+0000] {dagbag.py:545} INFO - Filling up the DagBag from /home/airflow/.local/lib/python3.12/site-packages/airflow/example_dags/example_display_name.py
[2024-07-12T08:29:32.650+0000] {processor.py:840} INFO - DAG(s) 'example_display_name' retrieved from /home/airflow/.local/lib/python3.12/site-packages/airflow/example_dags/example_display_name.py
[2024-07-12T08:29:32.711+0000] {logging_mixin.py:188} INFO - [2024-07-12T08:29:32.711+0000] {dag.py:3096} INFO - Sync 1 DAGs
[2024-07-12T08:29:32.718+0000] {logging_mixin.py:188} INFO - [2024-07-12T08:29:32.717+0000] {dag.py:3954} INFO - Setting next_dagrun for example_display_name to None, run_after=None
[2024-07-12T08:29:32.731+0000] {processor.py:183} INFO - Processing /home/airflow/.local/lib/python3.12/site-packages/airflow/example_dags/example_display_name.py took 0.091 seconds
[2024-07-12T08:30:02.780+0000] {processor.py:161} INFO - Started process (PID=168) to work on /home/airflow/.local/lib/python3.12/site-packages/airflow/example_dags/example_display_name.py
[2024-07-12T08:30:02.780+0000] {processor.py:830} INFO - Processing file /home/airflow/.local/lib/python3.12/site-packages/airflow/example_dags/example_display_name.py for tasks to queue
[2024-07-12T08:30:02.781+0000] {logging_mixin.py:188} INFO - [2024-07-12T08:30:02.781+0000] {dagbag.py:545} INFO - Filling up the DagBag from /home/airflow/.local/lib/python3.12/site-packages/airflow/example_dags/example_display_name.py
[2024-07-12T08:30:02.785+0000] {processor.py:840} INFO - DAG(s) 'example_display_name' retrieved from /home/airflow/.local/lib/python3.12/site-packages/airflow/example_dags/example_display_name.py
[2024-07-12T08:30:02.797+0000] {logging_mixin.py:188} INFO - [2024-07-12T08:30:02.797+0000] {dag.py:3096} INFO - Sync 1 DAGs
[2024-07-12T08:30:02.805+0000] {logging_mixin.py:188} INFO - [2024-07-12T08:30:02.805+0000] {dag.py:3954} INFO - Setting next_dagrun for example_display_name to None, run_after=None
[2024-07-12T08:30:02.821+0000] {processor.py:183} INFO - Processing /home/airflow/.local/lib/python3.12/site-packages/airflow/example_dags/example_display_name.py took 0.045 seconds
[2024-07-12T08:30:32.909+0000] {processor.py:161} INFO - Started process (PID=226) to work on /home/airflow/.local/lib/python3.12/site-packages/airflow/example_dags/example_display_name.py
[2024-07-12T08:30:32.909+0000] {processor.py:830} INFO - Processing file /home/airflow/.local/lib/python3.12/site-packages/airflow/example_dags/example_display_name.py for tasks to queue
[2024-07-12T08:30:32.910+0000] {logging_mixin.py:188} INFO - [2024-07-12T08:30:32.910+0000] {dagbag.py:545} INFO - Filling up the DagBag from /home/airflow/.local/lib/python3.12/site-packages/airflow/example_dags/example_display_name.py
[2024-07-12T08:30:32.914+0000] {processor.py:840} INFO - DAG(s) 'example_display_name' retrieved from /home/airflow/.local/lib/python3.12/site-packages/airflow/example_dags/example_display_name.py
[2024-07-12T08:30:32.925+0000] {logging_mixin.py:188} INFO - [2024-07-12T08:30:32.925+0000] {dag.py:3096} INFO - Sync 1 DAGs
[2024-07-12T08:30:32.933+0000] {logging_mixin.py:188} INFO - [2024-07-12T08:30:32.933+0000] {dag.py:3954} INFO - Setting next_dagrun for example_display_name to None, run_after=None
[2024-07-12T08:30:32.948+0000] {processor.py:183} INFO - Processing /home/airflow/.local/lib/python3.12/site-packages/airflow/example_dags/example_display_name.py took 0.043 seconds
[2024-07-12T08:31:03.147+0000] {processor.py:161} INFO - Started process (PID=284) to work on /home/airflow/.local/lib/python3.12/site-packages/airflow/example_dags/example_display_name.py
[2024-07-12T08:31:03.147+0000] {processor.py:830} INFO - Processing file /home/airflow/.local/lib/python3.12/site-packages/airflow/example_dags/example_display_name.py for tasks to queue
[2024-07-12T08:31:03.149+0000] {logging_mixin.py:188} INFO - [2024-07-12T08:31:03.148+0000] {dagbag.py:545} INFO - Filling up the DagBag from /home/airflow/.local/lib/python3.12/site-packages/airflow/example_dags/example_display_name.py
[2024-07-12T08:31:03.152+0000] {processor.py:840} INFO - DAG(s) 'example_display_name' retrieved from /home/airflow/.local/lib/python3.12/site-packages/airflow/example_dags/example_display_name.py
[2024-07-12T08:31:03.162+0000] {logging_mixin.py:188} INFO - [2024-07-12T08:31:03.162+0000] {dag.py:3096} INFO - Sync 1 DAGs
[2024-07-12T08:31:03.169+0000] {logging_mixin.py:188} INFO - [2024-07-12T08:31:03.169+0000] {dag.py:3954} INFO - Setting next_dagrun for example_display_name to None, run_after=None
[2024-07-12T08:31:03.183+0000] {processor.py:183} INFO - Processing /home/airflow/.local/lib/python3.12/site-packages/airflow/example_dags/example_display_name.py took 0.040 seconds
[2024-07-12T08:31:33.467+0000] {processor.py:161} INFO - Started process (PID=342) to work on /home/airflow/.local/lib/python3.12/site-packages/airflow/example_dags/example_display_name.py
[2024-07-12T08:31:33.468+0000] {processor.py:830} INFO - Processing file /home/airflow/.local/lib/python3.12/site-packages/airflow/example_dags/example_display_name.py for tasks to queue
[2024-07-12T08:31:33.469+0000] {logging_mixin.py:188} INFO - [2024-07-12T08:31:33.469+0000] {dagbag.py:545} INFO - Filling up the DagBag from /home/airflow/.local/lib/python3.12/site-packages/airflow/example_dags/example_display_name.py
[2024-07-12T08:31:33.472+0000] {processor.py:840} INFO - DAG(s) 'example_display_name' retrieved from /home/airflow/.local/lib/python3.12/site-packages/airflow/example_dags/example_display_name.py
[2024-07-12T08:31:33.483+0000] {logging_mixin.py:188} INFO - [2024-07-12T08:31:33.482+0000] {dag.py:3096} INFO - Sync 1 DAGs
[2024-07-12T08:31:33.490+0000] {logging_mixin.py:188} INFO - [2024-07-12T08:31:33.490+0000] {dag.py:3954} INFO - Setting next_dagrun for example_display_name to None, run_after=None
[2024-07-12T08:31:33.505+0000] {processor.py:183} INFO - Processing /home/airflow/.local/lib/python3.12/site-packages/airflow/example_dags/example_display_name.py took 0.042 seconds
[2024-07-12T08:32:03.679+0000] {processor.py:161} INFO - Started process (PID=400) to work on /home/airflow/.local/lib/python3.12/site-packages/airflow/example_dags/example_display_name.py
[2024-07-12T08:32:03.683+0000] {processor.py:830} INFO - Processing file /home/airflow/.local/lib/python3.12/site-packages/airflow/example_dags/example_display_name.py for tasks to queue
[2024-07-12T08:32:03.685+0000] {logging_mixin.py:188} INFO - [2024-07-12T08:32:03.685+0000] {dagbag.py:545} INFO - Filling up the DagBag from /home/airflow/.local/lib/python3.12/site-packages/airflow/example_dags/example_display_name.py
[2024-07-12T08:32:03.689+0000] {processor.py:840} INFO - DAG(s) 'example_display_name' retrieved from /home/airflow/.local/lib/python3.12/site-packages/airflow/example_dags/example_display_name.py
[2024-07-12T08:32:03.701+0000] {logging_mixin.py:188} INFO - [2024-07-12T08:32:03.701+0000] {dag.py:3096} INFO - Sync 1 DAGs
[2024-07-12T08:32:03.711+0000] {logging_mixin.py:188} INFO - [2024-07-12T08:32:03.710+0000] {dag.py:3954} INFO - Setting next_dagrun for example_display_name to None, run_after=None
[2024-07-12T08:32:03.731+0000] {processor.py:183} INFO - Processing /home/airflow/.local/lib/python3.12/site-packages/airflow/example_dags/example_display_name.py took 0.056 seconds
[2024-07-12T08:32:33.817+0000] {processor.py:161} INFO - Started process (PID=458) to work on /home/airflow/.local/lib/python3.12/site-packages/airflow/example_dags/example_display_name.py
[2024-07-12T08:32:33.817+0000] {processor.py:830} INFO - Processing file /home/airflow/.local/lib/python3.12/site-packages/airflow/example_dags/example_display_name.py for tasks to queue
[2024-07-12T08:32:33.818+0000] {logging_mixin.py:188} INFO - [2024-07-12T08:32:33.818+0000] {dagbag.py:545} INFO - Filling up the DagBag from /home/airflow/.local/lib/python3.12/site-packages/airflow/example_dags/example_display_name.py
[2024-07-12T08:32:33.822+0000] {processor.py:840} INFO - DAG(s) 'example_display_name' retrieved from /home/airflow/.local/lib/python3.12/site-packages/airflow/example_dags/example_display_name.py
[2024-07-12T08:32:33.833+0000] {logging_mixin.py:188} INFO - [2024-07-12T08:32:33.833+0000] {dag.py:3096} INFO - Sync 1 DAGs
[2024-07-12T08:32:33.841+0000] {logging_mixin.py:188} INFO - [2024-07-12T08:32:33.840+0000] {dag.py:3954} INFO - Setting next_dagrun for example_display_name to None, run_after=None
[2024-07-12T08:32:33.855+0000] {processor.py:183} INFO - Processing /home/airflow/.local/lib/python3.12/site-packages/airflow/example_dags/example_display_name.py took 0.043 seconds
[2024-07-12T08:33:04.127+0000] {processor.py:161} INFO - Started process (PID=516) to work on /home/airflow/.local/lib/python3.12/site-packages/airflow/example_dags/example_display_name.py
[2024-07-12T08:33:04.127+0000] {processor.py:830} INFO - Processing file /home/airflow/.local/lib/python3.12/site-packages/airflow/example_dags/example_display_name.py for tasks to queue
[2024-07-12T08:33:04.128+0000] {logging_mixin.py:188} INFO - [2024-07-12T08:33:04.128+0000] {dagbag.py:545} INFO - Filling up the DagBag from /home/airflow/.local/lib/python3.12/site-packages/airflow/example_dags/example_display_name.py
[2024-07-12T08:33:04.132+0000] {processor.py:840} INFO - DAG(s) 'example_display_name' retrieved from /home/airflow/.local/lib/python3.12/site-packages/airflow/example_dags/example_display_name.py
[2024-07-12T08:33:04.142+0000] {logging_mixin.py:188} INFO - [2024-07-12T08:33:04.142+0000] {dag.py:3096} INFO - Sync 1 DAGs
[2024-07-12T08:33:04.150+0000] {logging_mixin.py:188} INFO - [2024-07-12T08:33:04.150+0000] {dag.py:3954} INFO - Setting next_dagrun for example_display_name to None, run_after=None
[2024-07-12T08:33:04.165+0000] {processor.py:183} INFO - Processing /home/airflow/.local/lib/python3.12/site-packages/airflow/example_dags/example_display_name.py took 0.042 seconds
[2024-07-12T08:33:34.315+0000] {processor.py:161} INFO - Started process (PID=574) to work on /home/airflow/.local/lib/python3.12/site-packages/airflow/example_dags/example_display_name.py
[2024-07-12T08:33:34.315+0000] {processor.py:830} INFO - Processing file /home/airflow/.local/lib/python3.12/site-packages/airflow/example_dags/example_display_name.py for tasks to queue
[2024-07-12T08:33:34.317+0000] {logging_mixin.py:188} INFO - [2024-07-12T08:33:34.317+0000] {dagbag.py:545} INFO - Filling up the DagBag from /home/airflow/.local/lib/python3.12/site-packages/airflow/example_dags/example_display_name.py
[2024-07-12T08:33:34.320+0000] {processor.py:840} INFO - DAG(s) 'example_display_name' retrieved from /home/airflow/.local/lib/python3.12/site-packages/airflow/example_dags/example_display_name.py
[2024-07-12T08:33:34.331+0000] {logging_mixin.py:188} INFO - [2024-07-12T08:33:34.331+0000] {dag.py:3096} INFO - Sync 1 DAGs
[2024-07-12T08:33:34.339+0000] {logging_mixin.py:188} INFO - [2024-07-12T08:33:34.339+0000] {dag.py:3954} INFO - Setting next_dagrun for example_display_name to None, run_after=None
[2024-07-12T08:33:34.353+0000] {processor.py:183} INFO - Processing /home/airflow/.local/lib/python3.12/site-packages/airflow/example_dags/example_display_name.py took 0.042 seconds
[2024-07-12T08:34:04.503+0000] {processor.py:161} INFO - Started process (PID=632) to work on /home/airflow/.local/lib/python3.12/site-packages/airflow/example_dags/example_display_name.py
[2024-07-12T08:34:04.504+0000] {processor.py:830} INFO - Processing file /home/airflow/.local/lib/python3.12/site-packages/airflow/example_dags/example_display_name.py for tasks to queue
[2024-07-12T08:34:04.505+0000] {logging_mixin.py:188} INFO - [2024-07-12T08:34:04.505+0000] {dagbag.py:545} INFO - Filling up the DagBag from /home/airflow/.local/lib/python3.12/site-packages/airflow/example_dags/example_display_name.py
[2024-07-12T08:34:04.509+0000] {processor.py:840} INFO - DAG(s) 'example_display_name' retrieved from /home/airflow/.local/lib/python3.12/site-packages/airflow/example_dags/example_display_name.py
[2024-07-12T08:34:04.520+0000] {logging_mixin.py:188} INFO - [2024-07-12T08:34:04.520+0000] {dag.py:3096} INFO - Sync 1 DAGs
[2024-07-12T08:34:04.529+0000] {logging_mixin.py:188} INFO - [2024-07-12T08:34:04.528+0000] {dag.py:3954} INFO - Setting next_dagrun for example_display_name to None, run_after=None
[2024-07-12T08:34:04.543+0000] {processor.py:183} INFO - Processing /home/airflow/.local/lib/python3.12/site-packages/airflow/example_dags/example_display_name.py took 0.044 seconds
[2024-07-12T08:34:34.682+0000] {processor.py:161} INFO - Started process (PID=690) to work on /home/airflow/.local/lib/python3.12/site-packages/airflow/example_dags/example_display_name.py
[2024-07-12T08:34:34.683+0000] {processor.py:830} INFO - Processing file /home/airflow/.local/lib/python3.12/site-packages/airflow/example_dags/example_display_name.py for tasks to queue
[2024-07-12T08:34:34.684+0000] {logging_mixin.py:188} INFO - [2024-07-12T08:34:34.684+0000] {dagbag.py:545} INFO - Filling up the DagBag from /home/airflow/.local/lib/python3.12/site-packages/airflow/example_dags/example_display_name.py
[2024-07-12T08:34:34.688+0000] {processor.py:840} INFO - DAG(s) 'example_display_name' retrieved from /home/airflow/.local/lib/python3.12/site-packages/airflow/example_dags/example_display_name.py
[2024-07-12T08:34:34.700+0000] {logging_mixin.py:188} INFO - [2024-07-12T08:34:34.700+0000] {dag.py:3096} INFO - Sync 1 DAGs
[2024-07-12T08:34:34.708+0000] {logging_mixin.py:188} INFO - [2024-07-12T08:34:34.708+0000] {dag.py:3954} INFO - Setting next_dagrun for example_display_name to None, run_after=None
[2024-07-12T08:34:34.723+0000] {processor.py:183} INFO - Processing /home/airflow/.local/lib/python3.12/site-packages/airflow/example_dags/example_display_name.py took 0.045 seconds
[2024-07-12T08:35:04.759+0000] {processor.py:161} INFO - Started process (PID=748) to work on /home/airflow/.local/lib/python3.12/site-packages/airflow/example_dags/example_display_name.py
[2024-07-12T08:35:04.760+0000] {processor.py:830} INFO - Processing file /home/airflow/.local/lib/python3.12/site-packages/airflow/example_dags/example_display_name.py for tasks to queue
[2024-07-12T08:35:04.761+0000] {logging_mixin.py:188} INFO - [2024-07-12T08:35:04.761+0000] {dagbag.py:545} INFO - Filling up the DagBag from /home/airflow/.local/lib/python3.12/site-packages/airflow/example_dags/example_display_name.py
[2024-07-12T08:35:04.765+0000] {processor.py:840} INFO - DAG(s) 'example_display_name' retrieved from /home/airflow/.local/lib/python3.12/site-packages/airflow/example_dags/example_display_name.py
[2024-07-12T08:35:04.775+0000] {logging_mixin.py:188} INFO - [2024-07-12T08:35:04.775+0000] {dag.py:3096} INFO - Sync 1 DAGs
[2024-07-12T08:35:04.783+0000] {logging_mixin.py:188} INFO - [2024-07-12T08:35:04.783+0000] {dag.py:3954} INFO - Setting next_dagrun for example_display_name to None, run_after=None
[2024-07-12T08:35:04.798+0000] {processor.py:183} INFO - Processing /home/airflow/.local/lib/python3.12/site-packages/airflow/example_dags/example_display_name.py took 0.042 seconds
[2024-07-12T08:35:34.877+0000] {processor.py:161} INFO - Started process (PID=805) to work on /home/airflow/.local/lib/python3.12/site-packages/airflow/example_dags/example_display_name.py
[2024-07-12T08:35:34.877+0000] {processor.py:830} INFO - Processing file /home/airflow/.local/lib/python3.12/site-packages/airflow/example_dags/example_display_name.py for tasks to queue
[2024-07-12T08:35:34.878+0000] {logging_mixin.py:188} INFO - [2024-07-12T08:35:34.878+0000] {dagbag.py:545} INFO - Filling up the DagBag from /home/airflow/.local/lib/python3.12/site-packages/airflow/example_dags/example_display_name.py
[2024-07-12T08:35:34.882+0000] {processor.py:840} INFO - DAG(s) 'example_display_name' retrieved from /home/airflow/.local/lib/python3.12/site-packages/airflow/example_dags/example_display_name.py
[2024-07-12T08:35:34.892+0000] {logging_mixin.py:188} INFO - [2024-07-12T08:35:34.892+0000] {dag.py:3096} INFO - Sync 1 DAGs
[2024-07-12T08:35:34.900+0000] {logging_mixin.py:188} INFO - [2024-07-12T08:35:34.899+0000] {dag.py:3954} INFO - Setting next_dagrun for example_display_name to None, run_after=None
[2024-07-12T08:35:34.913+0000] {processor.py:183} INFO - Processing /home/airflow/.local/lib/python3.12/site-packages/airflow/example_dags/example_display_name.py took 0.040 seconds
[2024-07-12T08:36:05.272+0000] {processor.py:161} INFO - Started process (PID=864) to work on /home/airflow/.local/lib/python3.12/site-packages/airflow/example_dags/example_display_name.py
[2024-07-12T08:36:05.273+0000] {processor.py:830} INFO - Processing file /home/airflow/.local/lib/python3.12/site-packages/airflow/example_dags/example_display_name.py for tasks to queue
[2024-07-12T08:36:05.274+0000] {logging_mixin.py:188} INFO - [2024-07-12T08:36:05.274+0000] {dagbag.py:545} INFO - Filling up the DagBag from /home/airflow/.local/lib/python3.12/site-packages/airflow/example_dags/example_display_name.py
[2024-07-12T08:36:05.277+0000] {processor.py:840} INFO - DAG(s) 'example_display_name' retrieved from /home/airflow/.local/lib/python3.12/site-packages/airflow/example_dags/example_display_name.py
[2024-07-12T08:36:05.289+0000] {logging_mixin.py:188} INFO - [2024-07-12T08:36:05.289+0000] {dag.py:3096} INFO - Sync 1 DAGs
[2024-07-12T08:36:05.296+0000] {logging_mixin.py:188} INFO - [2024-07-12T08:36:05.296+0000] {dag.py:3954} INFO - Setting next_dagrun for example_display_name to None, run_after=None
[2024-07-12T08:36:05.310+0000] {processor.py:183} INFO - Processing /home/airflow/.local/lib/python3.12/site-packages/airflow/example_dags/example_display_name.py took 0.042 seconds
[2024-07-12T08:36:35.496+0000] {processor.py:161} INFO - Started process (PID=922) to work on /home/airflow/.local/lib/python3.12/site-packages/airflow/example_dags/example_display_name.py
[2024-07-12T08:36:35.497+0000] {processor.py:830} INFO - Processing file /home/airflow/.local/lib/python3.12/site-packages/airflow/example_dags/example_display_name.py for tasks to queue
[2024-07-12T08:36:35.498+0000] {logging_mixin.py:188} INFO - [2024-07-12T08:36:35.498+0000] {dagbag.py:545} INFO - Filling up the DagBag from /home/airflow/.local/lib/python3.12/site-packages/airflow/example_dags/example_display_name.py
[2024-07-12T08:36:35.502+0000] {processor.py:840} INFO - DAG(s) 'example_display_name' retrieved from /home/airflow/.local/lib/python3.12/site-packages/airflow/example_dags/example_display_name.py
[2024-07-12T08:36:35.512+0000] {logging_mixin.py:188} INFO - [2024-07-12T08:36:35.512+0000] {dag.py:3096} INFO - Sync 1 DAGs
[2024-07-12T08:36:35.520+0000] {logging_mixin.py:188} INFO - [2024-07-12T08:36:35.519+0000] {dag.py:3954} INFO - Setting next_dagrun for example_display_name to None, run_after=None
[2024-07-12T08:36:35.533+0000] {processor.py:183} INFO - Processing /home/airflow/.local/lib/python3.12/site-packages/airflow/example_dags/example_display_name.py took 0.040 seconds
[2024-07-12T08:37:05.983+0000] {processor.py:161} INFO - Started process (PID=980) to work on /home/airflow/.local/lib/python3.12/site-packages/airflow/example_dags/example_display_name.py
[2024-07-12T08:37:05.984+0000] {processor.py:830} INFO - Processing file /home/airflow/.local/lib/python3.12/site-packages/airflow/example_dags/example_display_name.py for tasks to queue
[2024-07-12T08:37:05.985+0000] {logging_mixin.py:188} INFO - [2024-07-12T08:37:05.985+0000] {dagbag.py:545} INFO - Filling up the DagBag from /home/airflow/.local/lib/python3.12/site-packages/airflow/example_dags/example_display_name.py
[2024-07-12T08:37:05.989+0000] {processor.py:840} INFO - DAG(s) 'example_display_name' retrieved from /home/airflow/.local/lib/python3.12/site-packages/airflow/example_dags/example_display_name.py
[2024-07-12T08:37:05.999+0000] {logging_mixin.py:188} INFO - [2024-07-12T08:37:05.999+0000] {dag.py:3096} INFO - Sync 1 DAGs
[2024-07-12T08:37:06.011+0000] {logging_mixin.py:188} INFO - [2024-07-12T08:37:06.011+0000] {dag.py:3954} INFO - Setting next_dagrun for example_display_name to None, run_after=None
[2024-07-12T08:37:06.025+0000] {processor.py:183} INFO - Processing /home/airflow/.local/lib/python3.12/site-packages/airflow/example_dags/example_display_name.py took 0.046 seconds
[2024-07-12T08:37:36.301+0000] {processor.py:161} INFO - Started process (PID=1038) to work on /home/airflow/.local/lib/python3.12/site-packages/airflow/example_dags/example_display_name.py
[2024-07-12T08:37:36.302+0000] {processor.py:830} INFO - Processing file /home/airflow/.local/lib/python3.12/site-packages/airflow/example_dags/example_display_name.py for tasks to queue
[2024-07-12T08:37:36.304+0000] {logging_mixin.py:188} INFO - [2024-07-12T08:37:36.303+0000] {dagbag.py:545} INFO - Filling up the DagBag from /home/airflow/.local/lib/python3.12/site-packages/airflow/example_dags/example_display_name.py
[2024-07-12T08:37:36.307+0000] {processor.py:840} INFO - DAG(s) 'example_display_name' retrieved from /home/airflow/.local/lib/python3.12/site-packages/airflow/example_dags/example_display_name.py
[2024-07-12T08:37:36.318+0000] {logging_mixin.py:188} INFO - [2024-07-12T08:37:36.318+0000] {dag.py:3096} INFO - Sync 1 DAGs
[2024-07-12T08:37:36.325+0000] {logging_mixin.py:188} INFO - [2024-07-12T08:37:36.325+0000] {dag.py:3954} INFO - Setting next_dagrun for example_display_name to None, run_after=None
[2024-07-12T08:37:36.339+0000] {processor.py:183} INFO - Processing /home/airflow/.local/lib/python3.12/site-packages/airflow/example_dags/example_display_name.py took 0.041 seconds
[2024-07-12T08:38:06.579+0000] {processor.py:161} INFO - Started process (PID=1096) to work on /home/airflow/.local/lib/python3.12/site-packages/airflow/example_dags/example_display_name.py
[2024-07-12T08:38:06.579+0000] {processor.py:830} INFO - Processing file /home/airflow/.local/lib/python3.12/site-packages/airflow/example_dags/example_display_name.py for tasks to queue
[2024-07-12T08:38:06.581+0000] {logging_mixin.py:188} INFO - [2024-07-12T08:38:06.581+0000] {dagbag.py:545} INFO - Filling up the DagBag from /home/airflow/.local/lib/python3.12/site-packages/airflow/example_dags/example_display_name.py
[2024-07-12T08:38:06.585+0000] {processor.py:840} INFO - DAG(s) 'example_display_name' retrieved from /home/airflow/.local/lib/python3.12/site-packages/airflow/example_dags/example_display_name.py
[2024-07-12T08:38:06.596+0000] {logging_mixin.py:188} INFO - [2024-07-12T08:38:06.596+0000] {dag.py:3096} INFO - Sync 1 DAGs
[2024-07-12T08:38:06.604+0000] {logging_mixin.py:188} INFO - [2024-07-12T08:38:06.604+0000] {dag.py:3954} INFO - Setting next_dagrun for example_display_name to None, run_after=None
[2024-07-12T08:38:06.623+0000] {processor.py:183} INFO - Processing /home/airflow/.local/lib/python3.12/site-packages/airflow/example_dags/example_display_name.py took 0.049 seconds
[2024-07-12T08:38:37.277+0000] {processor.py:161} INFO - Started process (PID=1154) to work on /home/airflow/.local/lib/python3.12/site-packages/airflow/example_dags/example_display_name.py
[2024-07-12T08:38:37.278+0000] {processor.py:830} INFO - Processing file /home/airflow/.local/lib/python3.12/site-packages/airflow/example_dags/example_display_name.py for tasks to queue
[2024-07-12T08:38:37.279+0000] {logging_mixin.py:188} INFO - [2024-07-12T08:38:37.279+0000] {dagbag.py:545} INFO - Filling up the DagBag from /home/airflow/.local/lib/python3.12/site-packages/airflow/example_dags/example_display_name.py
[2024-07-12T08:38:37.283+0000] {processor.py:840} INFO - DAG(s) 'example_display_name' retrieved from /home/airflow/.local/lib/python3.12/site-packages/airflow/example_dags/example_display_name.py
[2024-07-12T08:38:37.294+0000] {logging_mixin.py:188} INFO - [2024-07-12T08:38:37.294+0000] {dag.py:3096} INFO - Sync 1 DAGs
[2024-07-12T08:38:37.302+0000] {logging_mixin.py:188} INFO - [2024-07-12T08:38:37.302+0000] {dag.py:3954} INFO - Setting next_dagrun for example_display_name to None, run_after=None
[2024-07-12T08:38:37.318+0000] {processor.py:183} INFO - Processing /home/airflow/.local/lib/python3.12/site-packages/airflow/example_dags/example_display_name.py took 0.044 seconds
[2024-07-12T08:39:07.530+0000] {processor.py:161} INFO - Started process (PID=1212) to work on /home/airflow/.local/lib/python3.12/site-packages/airflow/example_dags/example_display_name.py
[2024-07-12T08:39:07.531+0000] {processor.py:830} INFO - Processing file /home/airflow/.local/lib/python3.12/site-packages/airflow/example_dags/example_display_name.py for tasks to queue
[2024-07-12T08:39:07.532+0000] {logging_mixin.py:188} INFO - [2024-07-12T08:39:07.532+0000] {dagbag.py:545} INFO - Filling up the DagBag from /home/airflow/.local/lib/python3.12/site-packages/airflow/example_dags/example_display_name.py
[2024-07-12T08:39:07.536+0000] {processor.py:840} INFO - DAG(s) 'example_display_name' retrieved from /home/airflow/.local/lib/python3.12/site-packages/airflow/example_dags/example_display_name.py
[2024-07-12T08:39:07.546+0000] {logging_mixin.py:188} INFO - [2024-07-12T08:39:07.546+0000] {dag.py:3096} INFO - Sync 1 DAGs
[2024-07-12T08:39:07.554+0000] {logging_mixin.py:188} INFO - [2024-07-12T08:39:07.554+0000] {dag.py:3954} INFO - Setting next_dagrun for example_display_name to None, run_after=None
[2024-07-12T08:39:07.566+0000] {processor.py:183} INFO - Processing /home/airflow/.local/lib/python3.12/site-packages/airflow/example_dags/example_display_name.py took 0.040 seconds
