[2024-07-12T07:58:05.712+0000] {processor.py:161} INFO - Started process (PID=70) to work on /home/airflow/.local/lib/python3.12/site-packages/airflow/example_dags/example_latest_only.py
[2024-07-12T07:58:05.712+0000] {processor.py:830} INFO - Processing file /home/airflow/.local/lib/python3.12/site-packages/airflow/example_dags/example_latest_only.py for tasks to queue
[2024-07-12T07:58:05.714+0000] {logging_mixin.py:188} INFO - [2024-07-12T07:58:05.714+0000] {dagbag.py:545} INFO - Filling up the DagBag from /home/airflow/.local/lib/python3.12/site-packages/airflow/example_dags/example_latest_only.py
[2024-07-12T07:58:05.719+0000] {processor.py:840} INFO - DAG(s) 'latest_only' retrieved from /home/airflow/.local/lib/python3.12/site-packages/airflow/example_dags/example_latest_only.py
[2024-07-12T07:58:05.727+0000] {logging_mixin.py:188} INFO - [2024-07-12T07:58:05.726+0000] {dag.py:3096} INFO - Sync 1 DAGs
[2024-07-12T07:58:05.743+0000] {logging_mixin.py:188} INFO - [2024-07-12T07:58:05.743+0000] {dag.py:3954} INFO - Setting next_dagrun for latest_only to 2024-07-12 00:00:00+00:00, run_after=2024-07-12 04:00:00+00:00
[2024-07-12T07:58:05.757+0000] {processor.py:183} INFO - Processing /home/airflow/.local/lib/python3.12/site-packages/airflow/example_dags/example_latest_only.py took 0.049 seconds
[2024-07-12T07:58:36.477+0000] {processor.py:161} INFO - Started process (PID=128) to work on /home/airflow/.local/lib/python3.12/site-packages/airflow/example_dags/example_latest_only.py
[2024-07-12T07:58:36.478+0000] {processor.py:830} INFO - Processing file /home/airflow/.local/lib/python3.12/site-packages/airflow/example_dags/example_latest_only.py for tasks to queue
[2024-07-12T07:58:36.480+0000] {logging_mixin.py:188} INFO - [2024-07-12T07:58:36.479+0000] {dagbag.py:545} INFO - Filling up the DagBag from /home/airflow/.local/lib/python3.12/site-packages/airflow/example_dags/example_latest_only.py
[2024-07-12T07:58:36.483+0000] {processor.py:840} INFO - DAG(s) 'latest_only' retrieved from /home/airflow/.local/lib/python3.12/site-packages/airflow/example_dags/example_latest_only.py
[2024-07-12T07:58:36.550+0000] {logging_mixin.py:188} INFO - [2024-07-12T07:58:36.550+0000] {dag.py:3096} INFO - Sync 1 DAGs
[2024-07-12T07:58:36.563+0000] {logging_mixin.py:188} INFO - [2024-07-12T07:58:36.563+0000] {dag.py:3954} INFO - Setting next_dagrun for latest_only to 2024-07-12 00:00:00+00:00, run_after=2024-07-12 04:00:00+00:00
[2024-07-12T07:58:36.578+0000] {processor.py:183} INFO - Processing /home/airflow/.local/lib/python3.12/site-packages/airflow/example_dags/example_latest_only.py took 0.105 seconds
[2024-07-12T07:59:07.199+0000] {processor.py:161} INFO - Started process (PID=186) to work on /home/airflow/.local/lib/python3.12/site-packages/airflow/example_dags/example_latest_only.py
[2024-07-12T07:59:07.199+0000] {processor.py:830} INFO - Processing file /home/airflow/.local/lib/python3.12/site-packages/airflow/example_dags/example_latest_only.py for tasks to queue
[2024-07-12T07:59:07.200+0000] {logging_mixin.py:188} INFO - [2024-07-12T07:59:07.200+0000] {dagbag.py:545} INFO - Filling up the DagBag from /home/airflow/.local/lib/python3.12/site-packages/airflow/example_dags/example_latest_only.py
[2024-07-12T07:59:07.204+0000] {processor.py:840} INFO - DAG(s) 'latest_only' retrieved from /home/airflow/.local/lib/python3.12/site-packages/airflow/example_dags/example_latest_only.py
[2024-07-12T07:59:07.215+0000] {logging_mixin.py:188} INFO - [2024-07-12T07:59:07.215+0000] {dag.py:3096} INFO - Sync 1 DAGs
[2024-07-12T07:59:07.229+0000] {logging_mixin.py:188} INFO - [2024-07-12T07:59:07.229+0000] {dag.py:3954} INFO - Setting next_dagrun for latest_only to 2024-07-12 00:00:00+00:00, run_after=2024-07-12 04:00:00+00:00
[2024-07-12T07:59:07.244+0000] {processor.py:183} INFO - Processing /home/airflow/.local/lib/python3.12/site-packages/airflow/example_dags/example_latest_only.py took 0.049 seconds
[2024-07-12T07:59:37.347+0000] {processor.py:161} INFO - Started process (PID=244) to work on /home/airflow/.local/lib/python3.12/site-packages/airflow/example_dags/example_latest_only.py
[2024-07-12T07:59:37.348+0000] {processor.py:830} INFO - Processing file /home/airflow/.local/lib/python3.12/site-packages/airflow/example_dags/example_latest_only.py for tasks to queue
[2024-07-12T07:59:37.349+0000] {logging_mixin.py:188} INFO - [2024-07-12T07:59:37.349+0000] {dagbag.py:545} INFO - Filling up the DagBag from /home/airflow/.local/lib/python3.12/site-packages/airflow/example_dags/example_latest_only.py
[2024-07-12T07:59:37.353+0000] {processor.py:840} INFO - DAG(s) 'latest_only' retrieved from /home/airflow/.local/lib/python3.12/site-packages/airflow/example_dags/example_latest_only.py
[2024-07-12T07:59:37.364+0000] {logging_mixin.py:188} INFO - [2024-07-12T07:59:37.364+0000] {dag.py:3096} INFO - Sync 1 DAGs
[2024-07-12T07:59:37.378+0000] {logging_mixin.py:188} INFO - [2024-07-12T07:59:37.378+0000] {dag.py:3954} INFO - Setting next_dagrun for latest_only to 2024-07-12 00:00:00+00:00, run_after=2024-07-12 04:00:00+00:00
[2024-07-12T07:59:37.394+0000] {processor.py:183} INFO - Processing /home/airflow/.local/lib/python3.12/site-packages/airflow/example_dags/example_latest_only.py took 0.051 seconds
[2024-07-12T08:01:09.623+0000] {processor.py:161} INFO - Started process (PID=69) to work on /home/airflow/.local/lib/python3.12/site-packages/airflow/example_dags/example_latest_only.py
[2024-07-12T08:01:09.623+0000] {processor.py:830} INFO - Processing file /home/airflow/.local/lib/python3.12/site-packages/airflow/example_dags/example_latest_only.py for tasks to queue
[2024-07-12T08:01:09.625+0000] {logging_mixin.py:188} INFO - [2024-07-12T08:01:09.624+0000] {dagbag.py:545} INFO - Filling up the DagBag from /home/airflow/.local/lib/python3.12/site-packages/airflow/example_dags/example_latest_only.py
[2024-07-12T08:01:09.630+0000] {processor.py:840} INFO - DAG(s) 'latest_only' retrieved from /home/airflow/.local/lib/python3.12/site-packages/airflow/example_dags/example_latest_only.py
[2024-07-12T08:01:09.636+0000] {logging_mixin.py:188} INFO - [2024-07-12T08:01:09.635+0000] {dag.py:3096} INFO - Sync 1 DAGs
[2024-07-12T08:01:09.653+0000] {logging_mixin.py:188} INFO - [2024-07-12T08:01:09.653+0000] {dag.py:3954} INFO - Setting next_dagrun for latest_only to 2024-07-12 04:00:00+00:00, run_after=2024-07-12 08:00:00+00:00
[2024-07-12T08:01:09.669+0000] {processor.py:183} INFO - Processing /home/airflow/.local/lib/python3.12/site-packages/airflow/example_dags/example_latest_only.py took 0.051 seconds
[2024-07-12T08:01:40.498+0000] {processor.py:161} INFO - Started process (PID=127) to work on /home/airflow/.local/lib/python3.12/site-packages/airflow/example_dags/example_latest_only.py
[2024-07-12T08:01:40.498+0000] {processor.py:830} INFO - Processing file /home/airflow/.local/lib/python3.12/site-packages/airflow/example_dags/example_latest_only.py for tasks to queue
[2024-07-12T08:01:40.499+0000] {logging_mixin.py:188} INFO - [2024-07-12T08:01:40.499+0000] {dagbag.py:545} INFO - Filling up the DagBag from /home/airflow/.local/lib/python3.12/site-packages/airflow/example_dags/example_latest_only.py
[2024-07-12T08:01:40.503+0000] {processor.py:840} INFO - DAG(s) 'latest_only' retrieved from /home/airflow/.local/lib/python3.12/site-packages/airflow/example_dags/example_latest_only.py
[2024-07-12T08:01:40.561+0000] {logging_mixin.py:188} INFO - [2024-07-12T08:01:40.561+0000] {dag.py:3096} INFO - Sync 1 DAGs
[2024-07-12T08:01:40.573+0000] {logging_mixin.py:188} INFO - [2024-07-12T08:01:40.573+0000] {dag.py:3954} INFO - Setting next_dagrun for latest_only to 2024-07-12 04:00:00+00:00, run_after=2024-07-12 08:00:00+00:00
[2024-07-12T08:01:40.586+0000] {processor.py:183} INFO - Processing /home/airflow/.local/lib/python3.12/site-packages/airflow/example_dags/example_latest_only.py took 0.092 seconds
[2024-07-12T08:02:11.340+0000] {processor.py:161} INFO - Started process (PID=185) to work on /home/airflow/.local/lib/python3.12/site-packages/airflow/example_dags/example_latest_only.py
[2024-07-12T08:02:11.342+0000] {processor.py:830} INFO - Processing file /home/airflow/.local/lib/python3.12/site-packages/airflow/example_dags/example_latest_only.py for tasks to queue
[2024-07-12T08:02:11.344+0000] {logging_mixin.py:188} INFO - [2024-07-12T08:02:11.344+0000] {dagbag.py:545} INFO - Filling up the DagBag from /home/airflow/.local/lib/python3.12/site-packages/airflow/example_dags/example_latest_only.py
[2024-07-12T08:02:11.348+0000] {processor.py:840} INFO - DAG(s) 'latest_only' retrieved from /home/airflow/.local/lib/python3.12/site-packages/airflow/example_dags/example_latest_only.py
[2024-07-12T08:02:11.359+0000] {logging_mixin.py:188} INFO - [2024-07-12T08:02:11.359+0000] {dag.py:3096} INFO - Sync 1 DAGs
[2024-07-12T08:02:11.372+0000] {logging_mixin.py:188} INFO - [2024-07-12T08:02:11.372+0000] {dag.py:3954} INFO - Setting next_dagrun for latest_only to 2024-07-12 04:00:00+00:00, run_after=2024-07-12 08:00:00+00:00
[2024-07-12T08:02:11.387+0000] {processor.py:183} INFO - Processing /home/airflow/.local/lib/python3.12/site-packages/airflow/example_dags/example_latest_only.py took 0.051 seconds
[2024-07-12T08:02:41.508+0000] {processor.py:161} INFO - Started process (PID=243) to work on /home/airflow/.local/lib/python3.12/site-packages/airflow/example_dags/example_latest_only.py
[2024-07-12T08:02:41.509+0000] {processor.py:830} INFO - Processing file /home/airflow/.local/lib/python3.12/site-packages/airflow/example_dags/example_latest_only.py for tasks to queue
[2024-07-12T08:02:41.510+0000] {logging_mixin.py:188} INFO - [2024-07-12T08:02:41.510+0000] {dagbag.py:545} INFO - Filling up the DagBag from /home/airflow/.local/lib/python3.12/site-packages/airflow/example_dags/example_latest_only.py
[2024-07-12T08:02:41.514+0000] {processor.py:840} INFO - DAG(s) 'latest_only' retrieved from /home/airflow/.local/lib/python3.12/site-packages/airflow/example_dags/example_latest_only.py
[2024-07-12T08:02:41.525+0000] {logging_mixin.py:188} INFO - [2024-07-12T08:02:41.525+0000] {dag.py:3096} INFO - Sync 1 DAGs
[2024-07-12T08:02:41.539+0000] {logging_mixin.py:188} INFO - [2024-07-12T08:02:41.539+0000] {dag.py:3954} INFO - Setting next_dagrun for latest_only to 2024-07-12 04:00:00+00:00, run_after=2024-07-12 08:00:00+00:00
[2024-07-12T08:02:41.553+0000] {processor.py:183} INFO - Processing /home/airflow/.local/lib/python3.12/site-packages/airflow/example_dags/example_latest_only.py took 0.048 seconds
[2024-07-12T08:04:17.236+0000] {processor.py:161} INFO - Started process (PID=70) to work on /home/airflow/.local/lib/python3.12/site-packages/airflow/example_dags/example_latest_only.py
[2024-07-12T08:04:17.237+0000] {processor.py:830} INFO - Processing file /home/airflow/.local/lib/python3.12/site-packages/airflow/example_dags/example_latest_only.py for tasks to queue
[2024-07-12T08:04:17.238+0000] {logging_mixin.py:188} INFO - [2024-07-12T08:04:17.238+0000] {dagbag.py:545} INFO - Filling up the DagBag from /home/airflow/.local/lib/python3.12/site-packages/airflow/example_dags/example_latest_only.py
[2024-07-12T08:04:17.244+0000] {processor.py:840} INFO - DAG(s) 'latest_only' retrieved from /home/airflow/.local/lib/python3.12/site-packages/airflow/example_dags/example_latest_only.py
[2024-07-12T08:04:17.249+0000] {logging_mixin.py:188} INFO - [2024-07-12T08:04:17.249+0000] {dag.py:3096} INFO - Sync 1 DAGs
[2024-07-12T08:04:17.266+0000] {logging_mixin.py:188} INFO - [2024-07-12T08:04:17.265+0000] {dag.py:3954} INFO - Setting next_dagrun for latest_only to 2024-07-12 04:00:00+00:00, run_after=2024-07-12 08:00:00+00:00
[2024-07-12T08:04:17.283+0000] {processor.py:183} INFO - Processing /home/airflow/.local/lib/python3.12/site-packages/airflow/example_dags/example_latest_only.py took 0.051 seconds
[2024-07-12T08:04:48.070+0000] {processor.py:161} INFO - Started process (PID=128) to work on /home/airflow/.local/lib/python3.12/site-packages/airflow/example_dags/example_latest_only.py
[2024-07-12T08:04:48.071+0000] {processor.py:830} INFO - Processing file /home/airflow/.local/lib/python3.12/site-packages/airflow/example_dags/example_latest_only.py for tasks to queue
[2024-07-12T08:04:48.072+0000] {logging_mixin.py:188} INFO - [2024-07-12T08:04:48.072+0000] {dagbag.py:545} INFO - Filling up the DagBag from /home/airflow/.local/lib/python3.12/site-packages/airflow/example_dags/example_latest_only.py
[2024-07-12T08:04:48.076+0000] {processor.py:840} INFO - DAG(s) 'latest_only' retrieved from /home/airflow/.local/lib/python3.12/site-packages/airflow/example_dags/example_latest_only.py
[2024-07-12T08:04:48.140+0000] {logging_mixin.py:188} INFO - [2024-07-12T08:04:48.140+0000] {dag.py:3096} INFO - Sync 1 DAGs
[2024-07-12T08:04:48.153+0000] {logging_mixin.py:188} INFO - [2024-07-12T08:04:48.153+0000] {dag.py:3954} INFO - Setting next_dagrun for latest_only to 2024-07-12 04:00:00+00:00, run_after=2024-07-12 08:00:00+00:00
[2024-07-12T08:04:48.168+0000] {processor.py:183} INFO - Processing /home/airflow/.local/lib/python3.12/site-packages/airflow/example_dags/example_latest_only.py took 0.102 seconds
[2024-07-12T08:05:18.540+0000] {processor.py:161} INFO - Started process (PID=186) to work on /home/airflow/.local/lib/python3.12/site-packages/airflow/example_dags/example_latest_only.py
[2024-07-12T08:05:18.541+0000] {processor.py:830} INFO - Processing file /home/airflow/.local/lib/python3.12/site-packages/airflow/example_dags/example_latest_only.py for tasks to queue
[2024-07-12T08:05:18.542+0000] {logging_mixin.py:188} INFO - [2024-07-12T08:05:18.542+0000] {dagbag.py:545} INFO - Filling up the DagBag from /home/airflow/.local/lib/python3.12/site-packages/airflow/example_dags/example_latest_only.py
[2024-07-12T08:05:18.546+0000] {processor.py:840} INFO - DAG(s) 'latest_only' retrieved from /home/airflow/.local/lib/python3.12/site-packages/airflow/example_dags/example_latest_only.py
[2024-07-12T08:05:18.556+0000] {logging_mixin.py:188} INFO - [2024-07-12T08:05:18.556+0000] {dag.py:3096} INFO - Sync 1 DAGs
[2024-07-12T08:05:18.571+0000] {logging_mixin.py:188} INFO - [2024-07-12T08:05:18.570+0000] {dag.py:3954} INFO - Setting next_dagrun for latest_only to 2024-07-12 04:00:00+00:00, run_after=2024-07-12 08:00:00+00:00
[2024-07-12T08:05:18.585+0000] {processor.py:183} INFO - Processing /home/airflow/.local/lib/python3.12/site-packages/airflow/example_dags/example_latest_only.py took 0.049 seconds
[2024-07-12T08:05:48.768+0000] {processor.py:161} INFO - Started process (PID=244) to work on /home/airflow/.local/lib/python3.12/site-packages/airflow/example_dags/example_latest_only.py
[2024-07-12T08:05:48.769+0000] {processor.py:830} INFO - Processing file /home/airflow/.local/lib/python3.12/site-packages/airflow/example_dags/example_latest_only.py for tasks to queue
[2024-07-12T08:05:48.770+0000] {logging_mixin.py:188} INFO - [2024-07-12T08:05:48.770+0000] {dagbag.py:545} INFO - Filling up the DagBag from /home/airflow/.local/lib/python3.12/site-packages/airflow/example_dags/example_latest_only.py
[2024-07-12T08:05:48.773+0000] {processor.py:840} INFO - DAG(s) 'latest_only' retrieved from /home/airflow/.local/lib/python3.12/site-packages/airflow/example_dags/example_latest_only.py
[2024-07-12T08:05:48.785+0000] {logging_mixin.py:188} INFO - [2024-07-12T08:05:48.785+0000] {dag.py:3096} INFO - Sync 1 DAGs
[2024-07-12T08:05:48.799+0000] {logging_mixin.py:188} INFO - [2024-07-12T08:05:48.798+0000] {dag.py:3954} INFO - Setting next_dagrun for latest_only to 2024-07-12 04:00:00+00:00, run_after=2024-07-12 08:00:00+00:00
[2024-07-12T08:05:48.814+0000] {processor.py:183} INFO - Processing /home/airflow/.local/lib/python3.12/site-packages/airflow/example_dags/example_latest_only.py took 0.050 seconds
[2024-07-12T08:06:19.695+0000] {processor.py:161} INFO - Started process (PID=302) to work on /home/airflow/.local/lib/python3.12/site-packages/airflow/example_dags/example_latest_only.py
[2024-07-12T08:06:19.696+0000] {processor.py:830} INFO - Processing file /home/airflow/.local/lib/python3.12/site-packages/airflow/example_dags/example_latest_only.py for tasks to queue
[2024-07-12T08:06:19.697+0000] {logging_mixin.py:188} INFO - [2024-07-12T08:06:19.697+0000] {dagbag.py:545} INFO - Filling up the DagBag from /home/airflow/.local/lib/python3.12/site-packages/airflow/example_dags/example_latest_only.py
[2024-07-12T08:06:19.701+0000] {processor.py:840} INFO - DAG(s) 'latest_only' retrieved from /home/airflow/.local/lib/python3.12/site-packages/airflow/example_dags/example_latest_only.py
[2024-07-12T08:06:19.706+0000] {logging_mixin.py:188} INFO - [2024-07-12T08:06:19.706+0000] {dag.py:3096} INFO - Sync 1 DAGs
[2024-07-12T08:06:19.721+0000] {logging_mixin.py:188} INFO - [2024-07-12T08:06:19.721+0000] {dag.py:3954} INFO - Setting next_dagrun for latest_only to 2024-07-12 04:00:00+00:00, run_after=2024-07-12 08:00:00+00:00
[2024-07-12T08:06:19.736+0000] {processor.py:183} INFO - Processing /home/airflow/.local/lib/python3.12/site-packages/airflow/example_dags/example_latest_only.py took 0.044 seconds
[2024-07-12T08:06:50.124+0000] {processor.py:161} INFO - Started process (PID=360) to work on /home/airflow/.local/lib/python3.12/site-packages/airflow/example_dags/example_latest_only.py
[2024-07-12T08:06:50.125+0000] {processor.py:830} INFO - Processing file /home/airflow/.local/lib/python3.12/site-packages/airflow/example_dags/example_latest_only.py for tasks to queue
[2024-07-12T08:06:50.126+0000] {logging_mixin.py:188} INFO - [2024-07-12T08:06:50.126+0000] {dagbag.py:545} INFO - Filling up the DagBag from /home/airflow/.local/lib/python3.12/site-packages/airflow/example_dags/example_latest_only.py
[2024-07-12T08:06:50.129+0000] {processor.py:840} INFO - DAG(s) 'latest_only' retrieved from /home/airflow/.local/lib/python3.12/site-packages/airflow/example_dags/example_latest_only.py
[2024-07-12T08:06:50.194+0000] {logging_mixin.py:188} INFO - [2024-07-12T08:06:50.194+0000] {dag.py:3096} INFO - Sync 1 DAGs
[2024-07-12T08:06:50.205+0000] {logging_mixin.py:188} INFO - [2024-07-12T08:06:50.205+0000] {dag.py:3954} INFO - Setting next_dagrun for latest_only to 2024-07-12 04:00:00+00:00, run_after=2024-07-12 08:00:00+00:00
[2024-07-12T08:06:50.221+0000] {processor.py:183} INFO - Processing /home/airflow/.local/lib/python3.12/site-packages/airflow/example_dags/example_latest_only.py took 0.101 seconds
[2024-07-12T08:07:20.245+0000] {processor.py:161} INFO - Started process (PID=418) to work on /home/airflow/.local/lib/python3.12/site-packages/airflow/example_dags/example_latest_only.py
[2024-07-12T08:07:20.245+0000] {processor.py:830} INFO - Processing file /home/airflow/.local/lib/python3.12/site-packages/airflow/example_dags/example_latest_only.py for tasks to queue
[2024-07-12T08:07:20.247+0000] {logging_mixin.py:188} INFO - [2024-07-12T08:07:20.246+0000] {dagbag.py:545} INFO - Filling up the DagBag from /home/airflow/.local/lib/python3.12/site-packages/airflow/example_dags/example_latest_only.py
[2024-07-12T08:07:20.250+0000] {processor.py:840} INFO - DAG(s) 'latest_only' retrieved from /home/airflow/.local/lib/python3.12/site-packages/airflow/example_dags/example_latest_only.py
[2024-07-12T08:07:20.261+0000] {logging_mixin.py:188} INFO - [2024-07-12T08:07:20.260+0000] {dag.py:3096} INFO - Sync 1 DAGs
[2024-07-12T08:07:20.274+0000] {logging_mixin.py:188} INFO - [2024-07-12T08:07:20.274+0000] {dag.py:3954} INFO - Setting next_dagrun for latest_only to 2024-07-12 04:00:00+00:00, run_after=2024-07-12 08:00:00+00:00
[2024-07-12T08:07:20.288+0000] {processor.py:183} INFO - Processing /home/airflow/.local/lib/python3.12/site-packages/airflow/example_dags/example_latest_only.py took 0.048 seconds
[2024-07-12T08:08:14.715+0000] {processor.py:161} INFO - Started process (PID=69) to work on /home/airflow/.local/lib/python3.12/site-packages/airflow/example_dags/example_latest_only.py
[2024-07-12T08:08:14.716+0000] {processor.py:830} INFO - Processing file /home/airflow/.local/lib/python3.12/site-packages/airflow/example_dags/example_latest_only.py for tasks to queue
[2024-07-12T08:08:14.718+0000] {logging_mixin.py:188} INFO - [2024-07-12T08:08:14.718+0000] {dagbag.py:545} INFO - Filling up the DagBag from /home/airflow/.local/lib/python3.12/site-packages/airflow/example_dags/example_latest_only.py
[2024-07-12T08:08:14.723+0000] {processor.py:840} INFO - DAG(s) 'latest_only' retrieved from /home/airflow/.local/lib/python3.12/site-packages/airflow/example_dags/example_latest_only.py
[2024-07-12T08:08:14.729+0000] {logging_mixin.py:188} INFO - [2024-07-12T08:08:14.729+0000] {dag.py:3096} INFO - Sync 1 DAGs
[2024-07-12T08:08:14.745+0000] {logging_mixin.py:188} INFO - [2024-07-12T08:08:14.745+0000] {dag.py:3954} INFO - Setting next_dagrun for latest_only to 2024-07-12 04:00:00+00:00, run_after=2024-07-12 08:00:00+00:00
[2024-07-12T08:08:14.760+0000] {processor.py:183} INFO - Processing /home/airflow/.local/lib/python3.12/site-packages/airflow/example_dags/example_latest_only.py took 0.049 seconds
[2024-07-12T08:08:45.576+0000] {processor.py:161} INFO - Started process (PID=131) to work on /home/airflow/.local/lib/python3.12/site-packages/airflow/example_dags/example_latest_only.py
[2024-07-12T08:08:45.576+0000] {processor.py:830} INFO - Processing file /home/airflow/.local/lib/python3.12/site-packages/airflow/example_dags/example_latest_only.py for tasks to queue
[2024-07-12T08:08:45.578+0000] {logging_mixin.py:188} INFO - [2024-07-12T08:08:45.577+0000] {dagbag.py:545} INFO - Filling up the DagBag from /home/airflow/.local/lib/python3.12/site-packages/airflow/example_dags/example_latest_only.py
[2024-07-12T08:08:45.581+0000] {processor.py:840} INFO - DAG(s) 'latest_only' retrieved from /home/airflow/.local/lib/python3.12/site-packages/airflow/example_dags/example_latest_only.py
[2024-07-12T08:08:45.642+0000] {logging_mixin.py:188} INFO - [2024-07-12T08:08:45.642+0000] {dag.py:3096} INFO - Sync 1 DAGs
[2024-07-12T08:08:45.655+0000] {logging_mixin.py:188} INFO - [2024-07-12T08:08:45.654+0000] {dag.py:3954} INFO - Setting next_dagrun for latest_only to 2024-07-12 04:00:00+00:00, run_after=2024-07-12 08:00:00+00:00
[2024-07-12T08:08:45.670+0000] {processor.py:183} INFO - Processing /home/airflow/.local/lib/python3.12/site-packages/airflow/example_dags/example_latest_only.py took 0.098 seconds
[2024-07-12T08:09:16.116+0000] {processor.py:161} INFO - Started process (PID=189) to work on /home/airflow/.local/lib/python3.12/site-packages/airflow/example_dags/example_latest_only.py
[2024-07-12T08:09:16.117+0000] {processor.py:830} INFO - Processing file /home/airflow/.local/lib/python3.12/site-packages/airflow/example_dags/example_latest_only.py for tasks to queue
[2024-07-12T08:09:16.118+0000] {logging_mixin.py:188} INFO - [2024-07-12T08:09:16.118+0000] {dagbag.py:545} INFO - Filling up the DagBag from /home/airflow/.local/lib/python3.12/site-packages/airflow/example_dags/example_latest_only.py
[2024-07-12T08:09:16.121+0000] {processor.py:840} INFO - DAG(s) 'latest_only' retrieved from /home/airflow/.local/lib/python3.12/site-packages/airflow/example_dags/example_latest_only.py
[2024-07-12T08:09:16.132+0000] {logging_mixin.py:188} INFO - [2024-07-12T08:09:16.131+0000] {dag.py:3096} INFO - Sync 1 DAGs
[2024-07-12T08:09:16.145+0000] {logging_mixin.py:188} INFO - [2024-07-12T08:09:16.145+0000] {dag.py:3954} INFO - Setting next_dagrun for latest_only to 2024-07-12 04:00:00+00:00, run_after=2024-07-12 08:00:00+00:00
[2024-07-12T08:09:16.159+0000] {processor.py:183} INFO - Processing /home/airflow/.local/lib/python3.12/site-packages/airflow/example_dags/example_latest_only.py took 0.046 seconds
[2024-07-12T08:09:46.356+0000] {processor.py:161} INFO - Started process (PID=247) to work on /home/airflow/.local/lib/python3.12/site-packages/airflow/example_dags/example_latest_only.py
[2024-07-12T08:09:46.357+0000] {processor.py:830} INFO - Processing file /home/airflow/.local/lib/python3.12/site-packages/airflow/example_dags/example_latest_only.py for tasks to queue
[2024-07-12T08:09:46.359+0000] {logging_mixin.py:188} INFO - [2024-07-12T08:09:46.359+0000] {dagbag.py:545} INFO - Filling up the DagBag from /home/airflow/.local/lib/python3.12/site-packages/airflow/example_dags/example_latest_only.py
[2024-07-12T08:09:46.363+0000] {processor.py:840} INFO - DAG(s) 'latest_only' retrieved from /home/airflow/.local/lib/python3.12/site-packages/airflow/example_dags/example_latest_only.py
[2024-07-12T08:09:46.378+0000] {logging_mixin.py:188} INFO - [2024-07-12T08:09:46.378+0000] {dag.py:3096} INFO - Sync 1 DAGs
[2024-07-12T08:09:46.393+0000] {logging_mixin.py:188} INFO - [2024-07-12T08:09:46.393+0000] {dag.py:3954} INFO - Setting next_dagrun for latest_only to 2024-07-12 04:00:00+00:00, run_after=2024-07-12 08:00:00+00:00
[2024-07-12T08:09:46.408+0000] {processor.py:183} INFO - Processing /home/airflow/.local/lib/python3.12/site-packages/airflow/example_dags/example_latest_only.py took 0.057 seconds
[2024-07-12T08:10:16.459+0000] {processor.py:161} INFO - Started process (PID=305) to work on /home/airflow/.local/lib/python3.12/site-packages/airflow/example_dags/example_latest_only.py
[2024-07-12T08:10:16.460+0000] {processor.py:830} INFO - Processing file /home/airflow/.local/lib/python3.12/site-packages/airflow/example_dags/example_latest_only.py for tasks to queue
[2024-07-12T08:10:16.462+0000] {logging_mixin.py:188} INFO - [2024-07-12T08:10:16.461+0000] {dagbag.py:545} INFO - Filling up the DagBag from /home/airflow/.local/lib/python3.12/site-packages/airflow/example_dags/example_latest_only.py
[2024-07-12T08:10:16.465+0000] {processor.py:840} INFO - DAG(s) 'latest_only' retrieved from /home/airflow/.local/lib/python3.12/site-packages/airflow/example_dags/example_latest_only.py
[2024-07-12T08:10:16.476+0000] {logging_mixin.py:188} INFO - [2024-07-12T08:10:16.476+0000] {dag.py:3096} INFO - Sync 1 DAGs
[2024-07-12T08:10:16.492+0000] {logging_mixin.py:188} INFO - [2024-07-12T08:10:16.492+0000] {dag.py:3954} INFO - Setting next_dagrun for latest_only to 2024-07-12 04:00:00+00:00, run_after=2024-07-12 08:00:00+00:00
[2024-07-12T08:10:16.509+0000] {processor.py:183} INFO - Processing /home/airflow/.local/lib/python3.12/site-packages/airflow/example_dags/example_latest_only.py took 0.053 seconds
[2024-07-12T08:10:46.663+0000] {processor.py:161} INFO - Started process (PID=363) to work on /home/airflow/.local/lib/python3.12/site-packages/airflow/example_dags/example_latest_only.py
[2024-07-12T08:10:46.663+0000] {processor.py:830} INFO - Processing file /home/airflow/.local/lib/python3.12/site-packages/airflow/example_dags/example_latest_only.py for tasks to queue
[2024-07-12T08:10:46.666+0000] {logging_mixin.py:188} INFO - [2024-07-12T08:10:46.666+0000] {dagbag.py:545} INFO - Filling up the DagBag from /home/airflow/.local/lib/python3.12/site-packages/airflow/example_dags/example_latest_only.py
[2024-07-12T08:10:46.670+0000] {processor.py:840} INFO - DAG(s) 'latest_only' retrieved from /home/airflow/.local/lib/python3.12/site-packages/airflow/example_dags/example_latest_only.py
[2024-07-12T08:10:46.681+0000] {logging_mixin.py:188} INFO - [2024-07-12T08:10:46.681+0000] {dag.py:3096} INFO - Sync 1 DAGs
[2024-07-12T08:10:46.695+0000] {logging_mixin.py:188} INFO - [2024-07-12T08:10:46.695+0000] {dag.py:3954} INFO - Setting next_dagrun for latest_only to 2024-07-12 04:00:00+00:00, run_after=2024-07-12 08:00:00+00:00
[2024-07-12T08:10:46.709+0000] {processor.py:183} INFO - Processing /home/airflow/.local/lib/python3.12/site-packages/airflow/example_dags/example_latest_only.py took 0.050 seconds
[2024-07-12T08:11:16.745+0000] {processor.py:161} INFO - Started process (PID=421) to work on /home/airflow/.local/lib/python3.12/site-packages/airflow/example_dags/example_latest_only.py
[2024-07-12T08:11:16.746+0000] {processor.py:830} INFO - Processing file /home/airflow/.local/lib/python3.12/site-packages/airflow/example_dags/example_latest_only.py for tasks to queue
[2024-07-12T08:11:16.747+0000] {logging_mixin.py:188} INFO - [2024-07-12T08:11:16.747+0000] {dagbag.py:545} INFO - Filling up the DagBag from /home/airflow/.local/lib/python3.12/site-packages/airflow/example_dags/example_latest_only.py
[2024-07-12T08:11:16.750+0000] {processor.py:840} INFO - DAG(s) 'latest_only' retrieved from /home/airflow/.local/lib/python3.12/site-packages/airflow/example_dags/example_latest_only.py
[2024-07-12T08:11:16.762+0000] {logging_mixin.py:188} INFO - [2024-07-12T08:11:16.762+0000] {dag.py:3096} INFO - Sync 1 DAGs
[2024-07-12T08:11:16.776+0000] {logging_mixin.py:188} INFO - [2024-07-12T08:11:16.776+0000] {dag.py:3954} INFO - Setting next_dagrun for latest_only to 2024-07-12 04:00:00+00:00, run_after=2024-07-12 08:00:00+00:00
[2024-07-12T08:11:16.790+0000] {processor.py:183} INFO - Processing /home/airflow/.local/lib/python3.12/site-packages/airflow/example_dags/example_latest_only.py took 0.049 seconds
[2024-07-12T08:11:46.920+0000] {processor.py:161} INFO - Started process (PID=479) to work on /home/airflow/.local/lib/python3.12/site-packages/airflow/example_dags/example_latest_only.py
[2024-07-12T08:11:46.921+0000] {processor.py:830} INFO - Processing file /home/airflow/.local/lib/python3.12/site-packages/airflow/example_dags/example_latest_only.py for tasks to queue
[2024-07-12T08:11:46.922+0000] {logging_mixin.py:188} INFO - [2024-07-12T08:11:46.922+0000] {dagbag.py:545} INFO - Filling up the DagBag from /home/airflow/.local/lib/python3.12/site-packages/airflow/example_dags/example_latest_only.py
[2024-07-12T08:11:46.926+0000] {processor.py:840} INFO - DAG(s) 'latest_only' retrieved from /home/airflow/.local/lib/python3.12/site-packages/airflow/example_dags/example_latest_only.py
[2024-07-12T08:11:46.937+0000] {logging_mixin.py:188} INFO - [2024-07-12T08:11:46.937+0000] {dag.py:3096} INFO - Sync 1 DAGs
[2024-07-12T08:11:46.951+0000] {logging_mixin.py:188} INFO - [2024-07-12T08:11:46.951+0000] {dag.py:3954} INFO - Setting next_dagrun for latest_only to 2024-07-12 04:00:00+00:00, run_after=2024-07-12 08:00:00+00:00
[2024-07-12T08:11:46.966+0000] {processor.py:183} INFO - Processing /home/airflow/.local/lib/python3.12/site-packages/airflow/example_dags/example_latest_only.py took 0.050 seconds
[2024-07-12T08:12:17.071+0000] {processor.py:161} INFO - Started process (PID=537) to work on /home/airflow/.local/lib/python3.12/site-packages/airflow/example_dags/example_latest_only.py
[2024-07-12T08:12:17.072+0000] {processor.py:830} INFO - Processing file /home/airflow/.local/lib/python3.12/site-packages/airflow/example_dags/example_latest_only.py for tasks to queue
[2024-07-12T08:12:17.073+0000] {logging_mixin.py:188} INFO - [2024-07-12T08:12:17.073+0000] {dagbag.py:545} INFO - Filling up the DagBag from /home/airflow/.local/lib/python3.12/site-packages/airflow/example_dags/example_latest_only.py
[2024-07-12T08:12:17.076+0000] {processor.py:840} INFO - DAG(s) 'latest_only' retrieved from /home/airflow/.local/lib/python3.12/site-packages/airflow/example_dags/example_latest_only.py
[2024-07-12T08:12:17.088+0000] {logging_mixin.py:188} INFO - [2024-07-12T08:12:17.088+0000] {dag.py:3096} INFO - Sync 1 DAGs
[2024-07-12T08:12:17.103+0000] {logging_mixin.py:188} INFO - [2024-07-12T08:12:17.103+0000] {dag.py:3954} INFO - Setting next_dagrun for latest_only to 2024-07-12 04:00:00+00:00, run_after=2024-07-12 08:00:00+00:00
[2024-07-12T08:12:17.119+0000] {processor.py:183} INFO - Processing /home/airflow/.local/lib/python3.12/site-packages/airflow/example_dags/example_latest_only.py took 0.052 seconds
[2024-07-12T08:12:47.320+0000] {processor.py:161} INFO - Started process (PID=595) to work on /home/airflow/.local/lib/python3.12/site-packages/airflow/example_dags/example_latest_only.py
[2024-07-12T08:12:47.321+0000] {processor.py:830} INFO - Processing file /home/airflow/.local/lib/python3.12/site-packages/airflow/example_dags/example_latest_only.py for tasks to queue
[2024-07-12T08:12:47.322+0000] {logging_mixin.py:188} INFO - [2024-07-12T08:12:47.322+0000] {dagbag.py:545} INFO - Filling up the DagBag from /home/airflow/.local/lib/python3.12/site-packages/airflow/example_dags/example_latest_only.py
[2024-07-12T08:12:47.326+0000] {processor.py:840} INFO - DAG(s) 'latest_only' retrieved from /home/airflow/.local/lib/python3.12/site-packages/airflow/example_dags/example_latest_only.py
[2024-07-12T08:12:47.337+0000] {logging_mixin.py:188} INFO - [2024-07-12T08:12:47.336+0000] {dag.py:3096} INFO - Sync 1 DAGs
[2024-07-12T08:12:47.352+0000] {logging_mixin.py:188} INFO - [2024-07-12T08:12:47.352+0000] {dag.py:3954} INFO - Setting next_dagrun for latest_only to 2024-07-12 04:00:00+00:00, run_after=2024-07-12 08:00:00+00:00
[2024-07-12T08:12:47.368+0000] {processor.py:183} INFO - Processing /home/airflow/.local/lib/python3.12/site-packages/airflow/example_dags/example_latest_only.py took 0.052 seconds
[2024-07-12T08:13:17.782+0000] {processor.py:161} INFO - Started process (PID=653) to work on /home/airflow/.local/lib/python3.12/site-packages/airflow/example_dags/example_latest_only.py
[2024-07-12T08:13:17.783+0000] {processor.py:830} INFO - Processing file /home/airflow/.local/lib/python3.12/site-packages/airflow/example_dags/example_latest_only.py for tasks to queue
[2024-07-12T08:13:17.784+0000] {logging_mixin.py:188} INFO - [2024-07-12T08:13:17.784+0000] {dagbag.py:545} INFO - Filling up the DagBag from /home/airflow/.local/lib/python3.12/site-packages/airflow/example_dags/example_latest_only.py
[2024-07-12T08:13:17.787+0000] {processor.py:840} INFO - DAG(s) 'latest_only' retrieved from /home/airflow/.local/lib/python3.12/site-packages/airflow/example_dags/example_latest_only.py
[2024-07-12T08:13:17.799+0000] {logging_mixin.py:188} INFO - [2024-07-12T08:13:17.798+0000] {dag.py:3096} INFO - Sync 1 DAGs
[2024-07-12T08:13:17.812+0000] {logging_mixin.py:188} INFO - [2024-07-12T08:13:17.812+0000] {dag.py:3954} INFO - Setting next_dagrun for latest_only to 2024-07-12 04:00:00+00:00, run_after=2024-07-12 08:00:00+00:00
[2024-07-12T08:13:17.827+0000] {processor.py:183} INFO - Processing /home/airflow/.local/lib/python3.12/site-packages/airflow/example_dags/example_latest_only.py took 0.049 seconds
[2024-07-12T08:13:48.252+0000] {processor.py:161} INFO - Started process (PID=711) to work on /home/airflow/.local/lib/python3.12/site-packages/airflow/example_dags/example_latest_only.py
[2024-07-12T08:13:48.253+0000] {processor.py:830} INFO - Processing file /home/airflow/.local/lib/python3.12/site-packages/airflow/example_dags/example_latest_only.py for tasks to queue
[2024-07-12T08:13:48.254+0000] {logging_mixin.py:188} INFO - [2024-07-12T08:13:48.254+0000] {dagbag.py:545} INFO - Filling up the DagBag from /home/airflow/.local/lib/python3.12/site-packages/airflow/example_dags/example_latest_only.py
[2024-07-12T08:13:48.257+0000] {processor.py:840} INFO - DAG(s) 'latest_only' retrieved from /home/airflow/.local/lib/python3.12/site-packages/airflow/example_dags/example_latest_only.py
[2024-07-12T08:13:48.269+0000] {logging_mixin.py:188} INFO - [2024-07-12T08:13:48.269+0000] {dag.py:3096} INFO - Sync 1 DAGs
[2024-07-12T08:13:48.283+0000] {logging_mixin.py:188} INFO - [2024-07-12T08:13:48.282+0000] {dag.py:3954} INFO - Setting next_dagrun for latest_only to 2024-07-12 04:00:00+00:00, run_after=2024-07-12 08:00:00+00:00
[2024-07-12T08:13:48.297+0000] {processor.py:183} INFO - Processing /home/airflow/.local/lib/python3.12/site-packages/airflow/example_dags/example_latest_only.py took 0.049 seconds
[2024-07-12T08:14:18.423+0000] {processor.py:161} INFO - Started process (PID=770) to work on /home/airflow/.local/lib/python3.12/site-packages/airflow/example_dags/example_latest_only.py
[2024-07-12T08:14:18.424+0000] {processor.py:830} INFO - Processing file /home/airflow/.local/lib/python3.12/site-packages/airflow/example_dags/example_latest_only.py for tasks to queue
[2024-07-12T08:14:18.425+0000] {logging_mixin.py:188} INFO - [2024-07-12T08:14:18.425+0000] {dagbag.py:545} INFO - Filling up the DagBag from /home/airflow/.local/lib/python3.12/site-packages/airflow/example_dags/example_latest_only.py
[2024-07-12T08:14:18.428+0000] {processor.py:840} INFO - DAG(s) 'latest_only' retrieved from /home/airflow/.local/lib/python3.12/site-packages/airflow/example_dags/example_latest_only.py
[2024-07-12T08:14:18.439+0000] {logging_mixin.py:188} INFO - [2024-07-12T08:14:18.439+0000] {dag.py:3096} INFO - Sync 1 DAGs
[2024-07-12T08:14:18.454+0000] {logging_mixin.py:188} INFO - [2024-07-12T08:14:18.454+0000] {dag.py:3954} INFO - Setting next_dagrun for latest_only to 2024-07-12 04:00:00+00:00, run_after=2024-07-12 08:00:00+00:00
[2024-07-12T08:14:18.467+0000] {processor.py:183} INFO - Processing /home/airflow/.local/lib/python3.12/site-packages/airflow/example_dags/example_latest_only.py took 0.048 seconds
[2024-07-12T08:14:48.558+0000] {processor.py:161} INFO - Started process (PID=828) to work on /home/airflow/.local/lib/python3.12/site-packages/airflow/example_dags/example_latest_only.py
[2024-07-12T08:14:48.559+0000] {processor.py:830} INFO - Processing file /home/airflow/.local/lib/python3.12/site-packages/airflow/example_dags/example_latest_only.py for tasks to queue
[2024-07-12T08:14:48.560+0000] {logging_mixin.py:188} INFO - [2024-07-12T08:14:48.560+0000] {dagbag.py:545} INFO - Filling up the DagBag from /home/airflow/.local/lib/python3.12/site-packages/airflow/example_dags/example_latest_only.py
[2024-07-12T08:14:48.564+0000] {processor.py:840} INFO - DAG(s) 'latest_only' retrieved from /home/airflow/.local/lib/python3.12/site-packages/airflow/example_dags/example_latest_only.py
[2024-07-12T08:14:48.577+0000] {logging_mixin.py:188} INFO - [2024-07-12T08:14:48.577+0000] {dag.py:3096} INFO - Sync 1 DAGs
[2024-07-12T08:14:48.594+0000] {logging_mixin.py:188} INFO - [2024-07-12T08:14:48.594+0000] {dag.py:3954} INFO - Setting next_dagrun for latest_only to 2024-07-12 04:00:00+00:00, run_after=2024-07-12 08:00:00+00:00
[2024-07-12T08:14:48.611+0000] {processor.py:183} INFO - Processing /home/airflow/.local/lib/python3.12/site-packages/airflow/example_dags/example_latest_only.py took 0.058 seconds
[2024-07-12T08:15:18.709+0000] {processor.py:161} INFO - Started process (PID=886) to work on /home/airflow/.local/lib/python3.12/site-packages/airflow/example_dags/example_latest_only.py
[2024-07-12T08:15:18.710+0000] {processor.py:830} INFO - Processing file /home/airflow/.local/lib/python3.12/site-packages/airflow/example_dags/example_latest_only.py for tasks to queue
[2024-07-12T08:15:18.711+0000] {logging_mixin.py:188} INFO - [2024-07-12T08:15:18.711+0000] {dagbag.py:545} INFO - Filling up the DagBag from /home/airflow/.local/lib/python3.12/site-packages/airflow/example_dags/example_latest_only.py
[2024-07-12T08:15:18.714+0000] {processor.py:840} INFO - DAG(s) 'latest_only' retrieved from /home/airflow/.local/lib/python3.12/site-packages/airflow/example_dags/example_latest_only.py
[2024-07-12T08:15:18.725+0000] {logging_mixin.py:188} INFO - [2024-07-12T08:15:18.725+0000] {dag.py:3096} INFO - Sync 1 DAGs
[2024-07-12T08:15:18.739+0000] {logging_mixin.py:188} INFO - [2024-07-12T08:15:18.739+0000] {dag.py:3954} INFO - Setting next_dagrun for latest_only to 2024-07-12 04:00:00+00:00, run_after=2024-07-12 08:00:00+00:00
[2024-07-12T08:15:18.752+0000] {processor.py:183} INFO - Processing /home/airflow/.local/lib/python3.12/site-packages/airflow/example_dags/example_latest_only.py took 0.047 seconds
[2024-07-12T08:15:48.971+0000] {processor.py:161} INFO - Started process (PID=944) to work on /home/airflow/.local/lib/python3.12/site-packages/airflow/example_dags/example_latest_only.py
[2024-07-12T08:15:48.971+0000] {processor.py:830} INFO - Processing file /home/airflow/.local/lib/python3.12/site-packages/airflow/example_dags/example_latest_only.py for tasks to queue
[2024-07-12T08:15:48.973+0000] {logging_mixin.py:188} INFO - [2024-07-12T08:15:48.972+0000] {dagbag.py:545} INFO - Filling up the DagBag from /home/airflow/.local/lib/python3.12/site-packages/airflow/example_dags/example_latest_only.py
[2024-07-12T08:15:48.976+0000] {processor.py:840} INFO - DAG(s) 'latest_only' retrieved from /home/airflow/.local/lib/python3.12/site-packages/airflow/example_dags/example_latest_only.py
[2024-07-12T08:15:48.987+0000] {logging_mixin.py:188} INFO - [2024-07-12T08:15:48.987+0000] {dag.py:3096} INFO - Sync 1 DAGs
[2024-07-12T08:15:49.001+0000] {logging_mixin.py:188} INFO - [2024-07-12T08:15:49.001+0000] {dag.py:3954} INFO - Setting next_dagrun for latest_only to 2024-07-12 04:00:00+00:00, run_after=2024-07-12 08:00:00+00:00
[2024-07-12T08:15:49.015+0000] {processor.py:183} INFO - Processing /home/airflow/.local/lib/python3.12/site-packages/airflow/example_dags/example_latest_only.py took 0.048 seconds
[2024-07-12T08:16:20.065+0000] {processor.py:161} INFO - Started process (PID=1002) to work on /home/airflow/.local/lib/python3.12/site-packages/airflow/example_dags/example_latest_only.py
[2024-07-12T08:16:20.066+0000] {processor.py:830} INFO - Processing file /home/airflow/.local/lib/python3.12/site-packages/airflow/example_dags/example_latest_only.py for tasks to queue
[2024-07-12T08:16:20.067+0000] {logging_mixin.py:188} INFO - [2024-07-12T08:16:20.067+0000] {dagbag.py:545} INFO - Filling up the DagBag from /home/airflow/.local/lib/python3.12/site-packages/airflow/example_dags/example_latest_only.py
[2024-07-12T08:16:20.070+0000] {processor.py:840} INFO - DAG(s) 'latest_only' retrieved from /home/airflow/.local/lib/python3.12/site-packages/airflow/example_dags/example_latest_only.py
[2024-07-12T08:16:20.081+0000] {logging_mixin.py:188} INFO - [2024-07-12T08:16:20.081+0000] {dag.py:3096} INFO - Sync 1 DAGs
[2024-07-12T08:16:20.094+0000] {logging_mixin.py:188} INFO - [2024-07-12T08:16:20.094+0000] {dag.py:3954} INFO - Setting next_dagrun for latest_only to 2024-07-12 04:00:00+00:00, run_after=2024-07-12 08:00:00+00:00
[2024-07-12T08:16:20.107+0000] {processor.py:183} INFO - Processing /home/airflow/.local/lib/python3.12/site-packages/airflow/example_dags/example_latest_only.py took 0.046 seconds
[2024-07-12T08:16:50.334+0000] {processor.py:161} INFO - Started process (PID=1060) to work on /home/airflow/.local/lib/python3.12/site-packages/airflow/example_dags/example_latest_only.py
[2024-07-12T08:16:50.335+0000] {processor.py:830} INFO - Processing file /home/airflow/.local/lib/python3.12/site-packages/airflow/example_dags/example_latest_only.py for tasks to queue
[2024-07-12T08:16:50.336+0000] {logging_mixin.py:188} INFO - [2024-07-12T08:16:50.336+0000] {dagbag.py:545} INFO - Filling up the DagBag from /home/airflow/.local/lib/python3.12/site-packages/airflow/example_dags/example_latest_only.py
[2024-07-12T08:16:50.340+0000] {processor.py:840} INFO - DAG(s) 'latest_only' retrieved from /home/airflow/.local/lib/python3.12/site-packages/airflow/example_dags/example_latest_only.py
[2024-07-12T08:16:50.350+0000] {logging_mixin.py:188} INFO - [2024-07-12T08:16:50.350+0000] {dag.py:3096} INFO - Sync 1 DAGs
[2024-07-12T08:16:50.364+0000] {logging_mixin.py:188} INFO - [2024-07-12T08:16:50.364+0000] {dag.py:3954} INFO - Setting next_dagrun for latest_only to 2024-07-12 04:00:00+00:00, run_after=2024-07-12 08:00:00+00:00
[2024-07-12T08:16:50.378+0000] {processor.py:183} INFO - Processing /home/airflow/.local/lib/python3.12/site-packages/airflow/example_dags/example_latest_only.py took 0.048 seconds
[2024-07-12T08:17:20.600+0000] {processor.py:161} INFO - Started process (PID=1118) to work on /home/airflow/.local/lib/python3.12/site-packages/airflow/example_dags/example_latest_only.py
[2024-07-12T08:17:20.601+0000] {processor.py:830} INFO - Processing file /home/airflow/.local/lib/python3.12/site-packages/airflow/example_dags/example_latest_only.py for tasks to queue
[2024-07-12T08:17:20.602+0000] {logging_mixin.py:188} INFO - [2024-07-12T08:17:20.602+0000] {dagbag.py:545} INFO - Filling up the DagBag from /home/airflow/.local/lib/python3.12/site-packages/airflow/example_dags/example_latest_only.py
[2024-07-12T08:17:20.606+0000] {processor.py:840} INFO - DAG(s) 'latest_only' retrieved from /home/airflow/.local/lib/python3.12/site-packages/airflow/example_dags/example_latest_only.py
[2024-07-12T08:17:20.616+0000] {logging_mixin.py:188} INFO - [2024-07-12T08:17:20.616+0000] {dag.py:3096} INFO - Sync 1 DAGs
[2024-07-12T08:17:20.629+0000] {logging_mixin.py:188} INFO - [2024-07-12T08:17:20.629+0000] {dag.py:3954} INFO - Setting next_dagrun for latest_only to 2024-07-12 04:00:00+00:00, run_after=2024-07-12 08:00:00+00:00
[2024-07-12T08:17:20.642+0000] {processor.py:183} INFO - Processing /home/airflow/.local/lib/python3.12/site-packages/airflow/example_dags/example_latest_only.py took 0.045 seconds
[2024-07-12T08:17:50.883+0000] {processor.py:161} INFO - Started process (PID=1176) to work on /home/airflow/.local/lib/python3.12/site-packages/airflow/example_dags/example_latest_only.py
[2024-07-12T08:17:50.884+0000] {processor.py:830} INFO - Processing file /home/airflow/.local/lib/python3.12/site-packages/airflow/example_dags/example_latest_only.py for tasks to queue
[2024-07-12T08:17:50.886+0000] {logging_mixin.py:188} INFO - [2024-07-12T08:17:50.885+0000] {dagbag.py:545} INFO - Filling up the DagBag from /home/airflow/.local/lib/python3.12/site-packages/airflow/example_dags/example_latest_only.py
[2024-07-12T08:17:50.889+0000] {processor.py:840} INFO - DAG(s) 'latest_only' retrieved from /home/airflow/.local/lib/python3.12/site-packages/airflow/example_dags/example_latest_only.py
[2024-07-12T08:17:50.901+0000] {logging_mixin.py:188} INFO - [2024-07-12T08:17:50.901+0000] {dag.py:3096} INFO - Sync 1 DAGs
[2024-07-12T08:17:50.915+0000] {logging_mixin.py:188} INFO - [2024-07-12T08:17:50.915+0000] {dag.py:3954} INFO - Setting next_dagrun for latest_only to 2024-07-12 04:00:00+00:00, run_after=2024-07-12 08:00:00+00:00
[2024-07-12T08:17:50.931+0000] {processor.py:183} INFO - Processing /home/airflow/.local/lib/python3.12/site-packages/airflow/example_dags/example_latest_only.py took 0.052 seconds
[2024-07-12T08:18:21.193+0000] {processor.py:161} INFO - Started process (PID=1234) to work on /home/airflow/.local/lib/python3.12/site-packages/airflow/example_dags/example_latest_only.py
[2024-07-12T08:18:21.194+0000] {processor.py:830} INFO - Processing file /home/airflow/.local/lib/python3.12/site-packages/airflow/example_dags/example_latest_only.py for tasks to queue
[2024-07-12T08:18:21.195+0000] {logging_mixin.py:188} INFO - [2024-07-12T08:18:21.195+0000] {dagbag.py:545} INFO - Filling up the DagBag from /home/airflow/.local/lib/python3.12/site-packages/airflow/example_dags/example_latest_only.py
[2024-07-12T08:18:21.198+0000] {processor.py:840} INFO - DAG(s) 'latest_only' retrieved from /home/airflow/.local/lib/python3.12/site-packages/airflow/example_dags/example_latest_only.py
[2024-07-12T08:18:21.210+0000] {logging_mixin.py:188} INFO - [2024-07-12T08:18:21.210+0000] {dag.py:3096} INFO - Sync 1 DAGs
[2024-07-12T08:18:21.224+0000] {logging_mixin.py:188} INFO - [2024-07-12T08:18:21.224+0000] {dag.py:3954} INFO - Setting next_dagrun for latest_only to 2024-07-12 04:00:00+00:00, run_after=2024-07-12 08:00:00+00:00
[2024-07-12T08:18:21.238+0000] {processor.py:183} INFO - Processing /home/airflow/.local/lib/python3.12/site-packages/airflow/example_dags/example_latest_only.py took 0.049 seconds
[2024-07-12T08:18:51.465+0000] {processor.py:161} INFO - Started process (PID=1292) to work on /home/airflow/.local/lib/python3.12/site-packages/airflow/example_dags/example_latest_only.py
[2024-07-12T08:18:51.466+0000] {processor.py:830} INFO - Processing file /home/airflow/.local/lib/python3.12/site-packages/airflow/example_dags/example_latest_only.py for tasks to queue
[2024-07-12T08:18:51.467+0000] {logging_mixin.py:188} INFO - [2024-07-12T08:18:51.467+0000] {dagbag.py:545} INFO - Filling up the DagBag from /home/airflow/.local/lib/python3.12/site-packages/airflow/example_dags/example_latest_only.py
[2024-07-12T08:18:51.470+0000] {processor.py:840} INFO - DAG(s) 'latest_only' retrieved from /home/airflow/.local/lib/python3.12/site-packages/airflow/example_dags/example_latest_only.py
[2024-07-12T08:18:51.481+0000] {logging_mixin.py:188} INFO - [2024-07-12T08:18:51.481+0000] {dag.py:3096} INFO - Sync 1 DAGs
[2024-07-12T08:18:51.494+0000] {logging_mixin.py:188} INFO - [2024-07-12T08:18:51.494+0000] {dag.py:3954} INFO - Setting next_dagrun for latest_only to 2024-07-12 04:00:00+00:00, run_after=2024-07-12 08:00:00+00:00
[2024-07-12T08:18:51.507+0000] {processor.py:183} INFO - Processing /home/airflow/.local/lib/python3.12/site-packages/airflow/example_dags/example_latest_only.py took 0.046 seconds
[2024-07-12T08:19:21.827+0000] {processor.py:161} INFO - Started process (PID=1350) to work on /home/airflow/.local/lib/python3.12/site-packages/airflow/example_dags/example_latest_only.py
[2024-07-12T08:19:21.828+0000] {processor.py:830} INFO - Processing file /home/airflow/.local/lib/python3.12/site-packages/airflow/example_dags/example_latest_only.py for tasks to queue
[2024-07-12T08:19:21.829+0000] {logging_mixin.py:188} INFO - [2024-07-12T08:19:21.829+0000] {dagbag.py:545} INFO - Filling up the DagBag from /home/airflow/.local/lib/python3.12/site-packages/airflow/example_dags/example_latest_only.py
[2024-07-12T08:19:21.832+0000] {processor.py:840} INFO - DAG(s) 'latest_only' retrieved from /home/airflow/.local/lib/python3.12/site-packages/airflow/example_dags/example_latest_only.py
[2024-07-12T08:19:21.843+0000] {logging_mixin.py:188} INFO - [2024-07-12T08:19:21.843+0000] {dag.py:3096} INFO - Sync 1 DAGs
[2024-07-12T08:19:21.857+0000] {logging_mixin.py:188} INFO - [2024-07-12T08:19:21.857+0000] {dag.py:3954} INFO - Setting next_dagrun for latest_only to 2024-07-12 04:00:00+00:00, run_after=2024-07-12 08:00:00+00:00
[2024-07-12T08:19:21.870+0000] {processor.py:183} INFO - Processing /home/airflow/.local/lib/python3.12/site-packages/airflow/example_dags/example_latest_only.py took 0.047 seconds
[2024-07-12T08:19:51.987+0000] {processor.py:161} INFO - Started process (PID=1408) to work on /home/airflow/.local/lib/python3.12/site-packages/airflow/example_dags/example_latest_only.py
[2024-07-12T08:19:51.988+0000] {processor.py:830} INFO - Processing file /home/airflow/.local/lib/python3.12/site-packages/airflow/example_dags/example_latest_only.py for tasks to queue
[2024-07-12T08:19:51.989+0000] {logging_mixin.py:188} INFO - [2024-07-12T08:19:51.989+0000] {dagbag.py:545} INFO - Filling up the DagBag from /home/airflow/.local/lib/python3.12/site-packages/airflow/example_dags/example_latest_only.py
[2024-07-12T08:19:51.993+0000] {processor.py:840} INFO - DAG(s) 'latest_only' retrieved from /home/airflow/.local/lib/python3.12/site-packages/airflow/example_dags/example_latest_only.py
[2024-07-12T08:19:52.005+0000] {logging_mixin.py:188} INFO - [2024-07-12T08:19:52.004+0000] {dag.py:3096} INFO - Sync 1 DAGs
[2024-07-12T08:19:52.020+0000] {logging_mixin.py:188} INFO - [2024-07-12T08:19:52.020+0000] {dag.py:3954} INFO - Setting next_dagrun for latest_only to 2024-07-12 04:00:00+00:00, run_after=2024-07-12 08:00:00+00:00
[2024-07-12T08:19:52.035+0000] {processor.py:183} INFO - Processing /home/airflow/.local/lib/python3.12/site-packages/airflow/example_dags/example_latest_only.py took 0.051 seconds
[2024-07-12T08:20:22.187+0000] {processor.py:161} INFO - Started process (PID=1466) to work on /home/airflow/.local/lib/python3.12/site-packages/airflow/example_dags/example_latest_only.py
[2024-07-12T08:20:22.188+0000] {processor.py:830} INFO - Processing file /home/airflow/.local/lib/python3.12/site-packages/airflow/example_dags/example_latest_only.py for tasks to queue
[2024-07-12T08:20:22.189+0000] {logging_mixin.py:188} INFO - [2024-07-12T08:20:22.189+0000] {dagbag.py:545} INFO - Filling up the DagBag from /home/airflow/.local/lib/python3.12/site-packages/airflow/example_dags/example_latest_only.py
[2024-07-12T08:20:22.192+0000] {processor.py:840} INFO - DAG(s) 'latest_only' retrieved from /home/airflow/.local/lib/python3.12/site-packages/airflow/example_dags/example_latest_only.py
[2024-07-12T08:20:22.204+0000] {logging_mixin.py:188} INFO - [2024-07-12T08:20:22.203+0000] {dag.py:3096} INFO - Sync 1 DAGs
[2024-07-12T08:20:22.219+0000] {logging_mixin.py:188} INFO - [2024-07-12T08:20:22.219+0000] {dag.py:3954} INFO - Setting next_dagrun for latest_only to 2024-07-12 04:00:00+00:00, run_after=2024-07-12 08:00:00+00:00
[2024-07-12T08:20:22.237+0000] {processor.py:183} INFO - Processing /home/airflow/.local/lib/python3.12/site-packages/airflow/example_dags/example_latest_only.py took 0.054 seconds
[2024-07-12T08:22:55.805+0000] {processor.py:161} INFO - Started process (PID=69) to work on /home/airflow/.local/lib/python3.12/site-packages/airflow/example_dags/example_latest_only.py
[2024-07-12T08:22:55.806+0000] {processor.py:830} INFO - Processing file /home/airflow/.local/lib/python3.12/site-packages/airflow/example_dags/example_latest_only.py for tasks to queue
[2024-07-12T08:22:55.808+0000] {logging_mixin.py:188} INFO - [2024-07-12T08:22:55.807+0000] {dagbag.py:545} INFO - Filling up the DagBag from /home/airflow/.local/lib/python3.12/site-packages/airflow/example_dags/example_latest_only.py
[2024-07-12T08:22:55.816+0000] {processor.py:840} INFO - DAG(s) 'latest_only' retrieved from /home/airflow/.local/lib/python3.12/site-packages/airflow/example_dags/example_latest_only.py
[2024-07-12T08:22:55.824+0000] {logging_mixin.py:188} INFO - [2024-07-12T08:22:55.824+0000] {dag.py:3096} INFO - Sync 1 DAGs
[2024-07-12T08:22:55.842+0000] {logging_mixin.py:188} INFO - [2024-07-12T08:22:55.842+0000] {dag.py:3954} INFO - Setting next_dagrun for latest_only to 2024-07-12 04:00:00+00:00, run_after=2024-07-12 08:00:00+00:00
[2024-07-12T08:22:55.859+0000] {processor.py:183} INFO - Processing /home/airflow/.local/lib/python3.12/site-packages/airflow/example_dags/example_latest_only.py took 0.059 seconds
[2024-07-12T08:23:26.731+0000] {processor.py:161} INFO - Started process (PID=127) to work on /home/airflow/.local/lib/python3.12/site-packages/airflow/example_dags/example_latest_only.py
[2024-07-12T08:23:26.732+0000] {processor.py:830} INFO - Processing file /home/airflow/.local/lib/python3.12/site-packages/airflow/example_dags/example_latest_only.py for tasks to queue
[2024-07-12T08:23:26.733+0000] {logging_mixin.py:188} INFO - [2024-07-12T08:23:26.733+0000] {dagbag.py:545} INFO - Filling up the DagBag from /home/airflow/.local/lib/python3.12/site-packages/airflow/example_dags/example_latest_only.py
[2024-07-12T08:23:26.737+0000] {processor.py:840} INFO - DAG(s) 'latest_only' retrieved from /home/airflow/.local/lib/python3.12/site-packages/airflow/example_dags/example_latest_only.py
[2024-07-12T08:23:26.801+0000] {logging_mixin.py:188} INFO - [2024-07-12T08:23:26.801+0000] {dag.py:3096} INFO - Sync 1 DAGs
[2024-07-12T08:23:26.814+0000] {logging_mixin.py:188} INFO - [2024-07-12T08:23:26.814+0000] {dag.py:3954} INFO - Setting next_dagrun for latest_only to 2024-07-12 04:00:00+00:00, run_after=2024-07-12 08:00:00+00:00
[2024-07-12T08:23:26.830+0000] {processor.py:183} INFO - Processing /home/airflow/.local/lib/python3.12/site-packages/airflow/example_dags/example_latest_only.py took 0.104 seconds
[2024-07-12T08:23:57.588+0000] {processor.py:161} INFO - Started process (PID=185) to work on /home/airflow/.local/lib/python3.12/site-packages/airflow/example_dags/example_latest_only.py
[2024-07-12T08:23:57.589+0000] {processor.py:830} INFO - Processing file /home/airflow/.local/lib/python3.12/site-packages/airflow/example_dags/example_latest_only.py for tasks to queue
[2024-07-12T08:23:57.590+0000] {logging_mixin.py:188} INFO - [2024-07-12T08:23:57.590+0000] {dagbag.py:545} INFO - Filling up the DagBag from /home/airflow/.local/lib/python3.12/site-packages/airflow/example_dags/example_latest_only.py
[2024-07-12T08:23:57.594+0000] {processor.py:840} INFO - DAG(s) 'latest_only' retrieved from /home/airflow/.local/lib/python3.12/site-packages/airflow/example_dags/example_latest_only.py
[2024-07-12T08:23:57.606+0000] {logging_mixin.py:188} INFO - [2024-07-12T08:23:57.605+0000] {dag.py:3096} INFO - Sync 1 DAGs
[2024-07-12T08:23:57.620+0000] {logging_mixin.py:188} INFO - [2024-07-12T08:23:57.619+0000] {dag.py:3954} INFO - Setting next_dagrun for latest_only to 2024-07-12 04:00:00+00:00, run_after=2024-07-12 08:00:00+00:00
[2024-07-12T08:23:57.635+0000] {processor.py:183} INFO - Processing /home/airflow/.local/lib/python3.12/site-packages/airflow/example_dags/example_latest_only.py took 0.051 seconds
[2024-07-12T08:24:27.764+0000] {processor.py:161} INFO - Started process (PID=243) to work on /home/airflow/.local/lib/python3.12/site-packages/airflow/example_dags/example_latest_only.py
[2024-07-12T08:24:27.765+0000] {processor.py:830} INFO - Processing file /home/airflow/.local/lib/python3.12/site-packages/airflow/example_dags/example_latest_only.py for tasks to queue
[2024-07-12T08:24:27.767+0000] {logging_mixin.py:188} INFO - [2024-07-12T08:24:27.766+0000] {dagbag.py:545} INFO - Filling up the DagBag from /home/airflow/.local/lib/python3.12/site-packages/airflow/example_dags/example_latest_only.py
[2024-07-12T08:24:27.770+0000] {processor.py:840} INFO - DAG(s) 'latest_only' retrieved from /home/airflow/.local/lib/python3.12/site-packages/airflow/example_dags/example_latest_only.py
[2024-07-12T08:24:27.781+0000] {logging_mixin.py:188} INFO - [2024-07-12T08:24:27.781+0000] {dag.py:3096} INFO - Sync 1 DAGs
[2024-07-12T08:24:27.796+0000] {logging_mixin.py:188} INFO - [2024-07-12T08:24:27.795+0000] {dag.py:3954} INFO - Setting next_dagrun for latest_only to 2024-07-12 04:00:00+00:00, run_after=2024-07-12 08:00:00+00:00
[2024-07-12T08:24:27.809+0000] {processor.py:183} INFO - Processing /home/airflow/.local/lib/python3.12/site-packages/airflow/example_dags/example_latest_only.py took 0.048 seconds
[2024-07-12T08:24:57.933+0000] {processor.py:161} INFO - Started process (PID=301) to work on /home/airflow/.local/lib/python3.12/site-packages/airflow/example_dags/example_latest_only.py
[2024-07-12T08:24:57.933+0000] {processor.py:830} INFO - Processing file /home/airflow/.local/lib/python3.12/site-packages/airflow/example_dags/example_latest_only.py for tasks to queue
[2024-07-12T08:24:57.935+0000] {logging_mixin.py:188} INFO - [2024-07-12T08:24:57.935+0000] {dagbag.py:545} INFO - Filling up the DagBag from /home/airflow/.local/lib/python3.12/site-packages/airflow/example_dags/example_latest_only.py
[2024-07-12T08:24:57.938+0000] {processor.py:840} INFO - DAG(s) 'latest_only' retrieved from /home/airflow/.local/lib/python3.12/site-packages/airflow/example_dags/example_latest_only.py
[2024-07-12T08:24:57.949+0000] {logging_mixin.py:188} INFO - [2024-07-12T08:24:57.949+0000] {dag.py:3096} INFO - Sync 1 DAGs
[2024-07-12T08:24:57.963+0000] {logging_mixin.py:188} INFO - [2024-07-12T08:24:57.963+0000] {dag.py:3954} INFO - Setting next_dagrun for latest_only to 2024-07-12 04:00:00+00:00, run_after=2024-07-12 08:00:00+00:00
[2024-07-12T08:24:57.977+0000] {processor.py:183} INFO - Processing /home/airflow/.local/lib/python3.12/site-packages/airflow/example_dags/example_latest_only.py took 0.048 seconds
[2024-07-12T08:25:28.162+0000] {processor.py:161} INFO - Started process (PID=359) to work on /home/airflow/.local/lib/python3.12/site-packages/airflow/example_dags/example_latest_only.py
[2024-07-12T08:25:28.162+0000] {processor.py:830} INFO - Processing file /home/airflow/.local/lib/python3.12/site-packages/airflow/example_dags/example_latest_only.py for tasks to queue
[2024-07-12T08:25:28.164+0000] {logging_mixin.py:188} INFO - [2024-07-12T08:25:28.164+0000] {dagbag.py:545} INFO - Filling up the DagBag from /home/airflow/.local/lib/python3.12/site-packages/airflow/example_dags/example_latest_only.py
[2024-07-12T08:25:28.167+0000] {processor.py:840} INFO - DAG(s) 'latest_only' retrieved from /home/airflow/.local/lib/python3.12/site-packages/airflow/example_dags/example_latest_only.py
[2024-07-12T08:25:28.178+0000] {logging_mixin.py:188} INFO - [2024-07-12T08:25:28.178+0000] {dag.py:3096} INFO - Sync 1 DAGs
[2024-07-12T08:25:28.193+0000] {logging_mixin.py:188} INFO - [2024-07-12T08:25:28.193+0000] {dag.py:3954} INFO - Setting next_dagrun for latest_only to 2024-07-12 04:00:00+00:00, run_after=2024-07-12 08:00:00+00:00
[2024-07-12T08:25:28.206+0000] {processor.py:183} INFO - Processing /home/airflow/.local/lib/python3.12/site-packages/airflow/example_dags/example_latest_only.py took 0.049 seconds
[2024-07-12T08:25:58.489+0000] {processor.py:161} INFO - Started process (PID=417) to work on /home/airflow/.local/lib/python3.12/site-packages/airflow/example_dags/example_latest_only.py
[2024-07-12T08:25:58.490+0000] {processor.py:830} INFO - Processing file /home/airflow/.local/lib/python3.12/site-packages/airflow/example_dags/example_latest_only.py for tasks to queue
[2024-07-12T08:25:58.491+0000] {logging_mixin.py:188} INFO - [2024-07-12T08:25:58.491+0000] {dagbag.py:545} INFO - Filling up the DagBag from /home/airflow/.local/lib/python3.12/site-packages/airflow/example_dags/example_latest_only.py
[2024-07-12T08:25:58.494+0000] {processor.py:840} INFO - DAG(s) 'latest_only' retrieved from /home/airflow/.local/lib/python3.12/site-packages/airflow/example_dags/example_latest_only.py
[2024-07-12T08:25:58.506+0000] {logging_mixin.py:188} INFO - [2024-07-12T08:25:58.506+0000] {dag.py:3096} INFO - Sync 1 DAGs
[2024-07-12T08:25:58.520+0000] {logging_mixin.py:188} INFO - [2024-07-12T08:25:58.520+0000] {dag.py:3954} INFO - Setting next_dagrun for latest_only to 2024-07-12 04:00:00+00:00, run_after=2024-07-12 08:00:00+00:00
[2024-07-12T08:25:58.534+0000] {processor.py:183} INFO - Processing /home/airflow/.local/lib/python3.12/site-packages/airflow/example_dags/example_latest_only.py took 0.049 seconds
[2024-07-12T08:27:25.040+0000] {processor.py:161} INFO - Started process (PID=69) to work on /home/airflow/.local/lib/python3.12/site-packages/airflow/example_dags/example_latest_only.py
[2024-07-12T08:27:25.041+0000] {processor.py:830} INFO - Processing file /home/airflow/.local/lib/python3.12/site-packages/airflow/example_dags/example_latest_only.py for tasks to queue
[2024-07-12T08:27:25.043+0000] {logging_mixin.py:188} INFO - [2024-07-12T08:27:25.043+0000] {dagbag.py:545} INFO - Filling up the DagBag from /home/airflow/.local/lib/python3.12/site-packages/airflow/example_dags/example_latest_only.py
[2024-07-12T08:27:25.049+0000] {processor.py:840} INFO - DAG(s) 'latest_only' retrieved from /home/airflow/.local/lib/python3.12/site-packages/airflow/example_dags/example_latest_only.py
[2024-07-12T08:27:25.057+0000] {logging_mixin.py:188} INFO - [2024-07-12T08:27:25.056+0000] {dag.py:3096} INFO - Sync 1 DAGs
[2024-07-12T08:27:25.073+0000] {logging_mixin.py:188} INFO - [2024-07-12T08:27:25.073+0000] {dag.py:3954} INFO - Setting next_dagrun for latest_only to 2024-07-12 04:00:00+00:00, run_after=2024-07-12 08:00:00+00:00
[2024-07-12T08:27:25.091+0000] {processor.py:183} INFO - Processing /home/airflow/.local/lib/python3.12/site-packages/airflow/example_dags/example_latest_only.py took 0.054 seconds
[2024-07-12T08:27:55.814+0000] {processor.py:161} INFO - Started process (PID=127) to work on /home/airflow/.local/lib/python3.12/site-packages/airflow/example_dags/example_latest_only.py
[2024-07-12T08:27:55.815+0000] {processor.py:830} INFO - Processing file /home/airflow/.local/lib/python3.12/site-packages/airflow/example_dags/example_latest_only.py for tasks to queue
[2024-07-12T08:27:55.817+0000] {logging_mixin.py:188} INFO - [2024-07-12T08:27:55.816+0000] {dagbag.py:545} INFO - Filling up the DagBag from /home/airflow/.local/lib/python3.12/site-packages/airflow/example_dags/example_latest_only.py
[2024-07-12T08:27:55.821+0000] {processor.py:840} INFO - DAG(s) 'latest_only' retrieved from /home/airflow/.local/lib/python3.12/site-packages/airflow/example_dags/example_latest_only.py
[2024-07-12T08:27:55.827+0000] {logging_mixin.py:188} INFO - [2024-07-12T08:27:55.827+0000] {dag.py:3096} INFO - Sync 1 DAGs
[2024-07-12T08:27:55.843+0000] {logging_mixin.py:188} INFO - [2024-07-12T08:27:55.842+0000] {dag.py:3954} INFO - Setting next_dagrun for latest_only to 2024-07-12 04:00:00+00:00, run_after=2024-07-12 08:00:00+00:00
[2024-07-12T08:27:55.859+0000] {processor.py:183} INFO - Processing /home/airflow/.local/lib/python3.12/site-packages/airflow/example_dags/example_latest_only.py took 0.049 seconds
[2024-07-12T08:29:03.021+0000] {processor.py:161} INFO - Started process (PID=69) to work on /home/airflow/.local/lib/python3.12/site-packages/airflow/example_dags/example_latest_only.py
[2024-07-12T08:29:03.022+0000] {processor.py:830} INFO - Processing file /home/airflow/.local/lib/python3.12/site-packages/airflow/example_dags/example_latest_only.py for tasks to queue
[2024-07-12T08:29:03.023+0000] {logging_mixin.py:188} INFO - [2024-07-12T08:29:03.023+0000] {dagbag.py:545} INFO - Filling up the DagBag from /home/airflow/.local/lib/python3.12/site-packages/airflow/example_dags/example_latest_only.py
[2024-07-12T08:29:03.028+0000] {processor.py:840} INFO - DAG(s) 'latest_only' retrieved from /home/airflow/.local/lib/python3.12/site-packages/airflow/example_dags/example_latest_only.py
[2024-07-12T08:29:03.034+0000] {logging_mixin.py:188} INFO - [2024-07-12T08:29:03.034+0000] {dag.py:3096} INFO - Sync 1 DAGs
[2024-07-12T08:29:03.050+0000] {logging_mixin.py:188} INFO - [2024-07-12T08:29:03.050+0000] {dag.py:3954} INFO - Setting next_dagrun for latest_only to 2024-07-12 04:00:00+00:00, run_after=2024-07-12 08:00:00+00:00
[2024-07-12T08:29:03.068+0000] {processor.py:183} INFO - Processing /home/airflow/.local/lib/python3.12/site-packages/airflow/example_dags/example_latest_only.py took 0.052 seconds
[2024-07-12T08:29:33.729+0000] {processor.py:161} INFO - Started process (PID=127) to work on /home/airflow/.local/lib/python3.12/site-packages/airflow/example_dags/example_latest_only.py
[2024-07-12T08:29:33.730+0000] {processor.py:830} INFO - Processing file /home/airflow/.local/lib/python3.12/site-packages/airflow/example_dags/example_latest_only.py for tasks to queue
[2024-07-12T08:29:33.731+0000] {logging_mixin.py:188} INFO - [2024-07-12T08:29:33.731+0000] {dagbag.py:545} INFO - Filling up the DagBag from /home/airflow/.local/lib/python3.12/site-packages/airflow/example_dags/example_latest_only.py
[2024-07-12T08:29:33.734+0000] {processor.py:840} INFO - DAG(s) 'latest_only' retrieved from /home/airflow/.local/lib/python3.12/site-packages/airflow/example_dags/example_latest_only.py
[2024-07-12T08:29:33.797+0000] {logging_mixin.py:188} INFO - [2024-07-12T08:29:33.797+0000] {dag.py:3096} INFO - Sync 1 DAGs
[2024-07-12T08:29:33.810+0000] {logging_mixin.py:188} INFO - [2024-07-12T08:29:33.810+0000] {dag.py:3954} INFO - Setting next_dagrun for latest_only to 2024-07-12 04:00:00+00:00, run_after=2024-07-12 08:00:00+00:00
[2024-07-12T08:29:33.824+0000] {processor.py:183} INFO - Processing /home/airflow/.local/lib/python3.12/site-packages/airflow/example_dags/example_latest_only.py took 0.098 seconds
[2024-07-12T08:30:04.600+0000] {processor.py:161} INFO - Started process (PID=185) to work on /home/airflow/.local/lib/python3.12/site-packages/airflow/example_dags/example_latest_only.py
[2024-07-12T08:30:04.601+0000] {processor.py:830} INFO - Processing file /home/airflow/.local/lib/python3.12/site-packages/airflow/example_dags/example_latest_only.py for tasks to queue
[2024-07-12T08:30:04.602+0000] {logging_mixin.py:188} INFO - [2024-07-12T08:30:04.602+0000] {dagbag.py:545} INFO - Filling up the DagBag from /home/airflow/.local/lib/python3.12/site-packages/airflow/example_dags/example_latest_only.py
[2024-07-12T08:30:04.605+0000] {processor.py:840} INFO - DAG(s) 'latest_only' retrieved from /home/airflow/.local/lib/python3.12/site-packages/airflow/example_dags/example_latest_only.py
[2024-07-12T08:30:04.617+0000] {logging_mixin.py:188} INFO - [2024-07-12T08:30:04.617+0000] {dag.py:3096} INFO - Sync 1 DAGs
[2024-07-12T08:30:04.631+0000] {logging_mixin.py:188} INFO - [2024-07-12T08:30:04.631+0000] {dag.py:3954} INFO - Setting next_dagrun for latest_only to 2024-07-12 04:00:00+00:00, run_after=2024-07-12 08:00:00+00:00
[2024-07-12T08:30:04.645+0000] {processor.py:183} INFO - Processing /home/airflow/.local/lib/python3.12/site-packages/airflow/example_dags/example_latest_only.py took 0.048 seconds
[2024-07-12T08:30:34.674+0000] {processor.py:161} INFO - Started process (PID=243) to work on /home/airflow/.local/lib/python3.12/site-packages/airflow/example_dags/example_latest_only.py
[2024-07-12T08:30:34.675+0000] {processor.py:830} INFO - Processing file /home/airflow/.local/lib/python3.12/site-packages/airflow/example_dags/example_latest_only.py for tasks to queue
[2024-07-12T08:30:34.676+0000] {logging_mixin.py:188} INFO - [2024-07-12T08:30:34.676+0000] {dagbag.py:545} INFO - Filling up the DagBag from /home/airflow/.local/lib/python3.12/site-packages/airflow/example_dags/example_latest_only.py
[2024-07-12T08:30:34.679+0000] {processor.py:840} INFO - DAG(s) 'latest_only' retrieved from /home/airflow/.local/lib/python3.12/site-packages/airflow/example_dags/example_latest_only.py
[2024-07-12T08:30:34.689+0000] {logging_mixin.py:188} INFO - [2024-07-12T08:30:34.689+0000] {dag.py:3096} INFO - Sync 1 DAGs
[2024-07-12T08:30:34.702+0000] {logging_mixin.py:188} INFO - [2024-07-12T08:30:34.702+0000] {dag.py:3954} INFO - Setting next_dagrun for latest_only to 2024-07-12 04:00:00+00:00, run_after=2024-07-12 08:00:00+00:00
[2024-07-12T08:30:34.715+0000] {processor.py:183} INFO - Processing /home/airflow/.local/lib/python3.12/site-packages/airflow/example_dags/example_latest_only.py took 0.045 seconds
[2024-07-12T08:31:04.785+0000] {processor.py:161} INFO - Started process (PID=301) to work on /home/airflow/.local/lib/python3.12/site-packages/airflow/example_dags/example_latest_only.py
[2024-07-12T08:31:04.786+0000] {processor.py:830} INFO - Processing file /home/airflow/.local/lib/python3.12/site-packages/airflow/example_dags/example_latest_only.py for tasks to queue
[2024-07-12T08:31:04.787+0000] {logging_mixin.py:188} INFO - [2024-07-12T08:31:04.787+0000] {dagbag.py:545} INFO - Filling up the DagBag from /home/airflow/.local/lib/python3.12/site-packages/airflow/example_dags/example_latest_only.py
[2024-07-12T08:31:04.791+0000] {processor.py:840} INFO - DAG(s) 'latest_only' retrieved from /home/airflow/.local/lib/python3.12/site-packages/airflow/example_dags/example_latest_only.py
[2024-07-12T08:31:04.803+0000] {logging_mixin.py:188} INFO - [2024-07-12T08:31:04.803+0000] {dag.py:3096} INFO - Sync 1 DAGs
[2024-07-12T08:31:04.817+0000] {logging_mixin.py:188} INFO - [2024-07-12T08:31:04.817+0000] {dag.py:3954} INFO - Setting next_dagrun for latest_only to 2024-07-12 04:00:00+00:00, run_after=2024-07-12 08:00:00+00:00
[2024-07-12T08:31:04.832+0000] {processor.py:183} INFO - Processing /home/airflow/.local/lib/python3.12/site-packages/airflow/example_dags/example_latest_only.py took 0.052 seconds
[2024-07-12T08:31:35.255+0000] {processor.py:161} INFO - Started process (PID=359) to work on /home/airflow/.local/lib/python3.12/site-packages/airflow/example_dags/example_latest_only.py
[2024-07-12T08:31:35.256+0000] {processor.py:830} INFO - Processing file /home/airflow/.local/lib/python3.12/site-packages/airflow/example_dags/example_latest_only.py for tasks to queue
[2024-07-12T08:31:35.257+0000] {logging_mixin.py:188} INFO - [2024-07-12T08:31:35.257+0000] {dagbag.py:545} INFO - Filling up the DagBag from /home/airflow/.local/lib/python3.12/site-packages/airflow/example_dags/example_latest_only.py
[2024-07-12T08:31:35.260+0000] {processor.py:840} INFO - DAG(s) 'latest_only' retrieved from /home/airflow/.local/lib/python3.12/site-packages/airflow/example_dags/example_latest_only.py
[2024-07-12T08:31:35.271+0000] {logging_mixin.py:188} INFO - [2024-07-12T08:31:35.271+0000] {dag.py:3096} INFO - Sync 1 DAGs
[2024-07-12T08:31:35.284+0000] {logging_mixin.py:188} INFO - [2024-07-12T08:31:35.284+0000] {dag.py:3954} INFO - Setting next_dagrun for latest_only to 2024-07-12 04:00:00+00:00, run_after=2024-07-12 08:00:00+00:00
[2024-07-12T08:31:35.297+0000] {processor.py:183} INFO - Processing /home/airflow/.local/lib/python3.12/site-packages/airflow/example_dags/example_latest_only.py took 0.045 seconds
[2024-07-12T08:32:05.471+0000] {processor.py:161} INFO - Started process (PID=417) to work on /home/airflow/.local/lib/python3.12/site-packages/airflow/example_dags/example_latest_only.py
[2024-07-12T08:32:05.471+0000] {processor.py:830} INFO - Processing file /home/airflow/.local/lib/python3.12/site-packages/airflow/example_dags/example_latest_only.py for tasks to queue
[2024-07-12T08:32:05.472+0000] {logging_mixin.py:188} INFO - [2024-07-12T08:32:05.472+0000] {dagbag.py:545} INFO - Filling up the DagBag from /home/airflow/.local/lib/python3.12/site-packages/airflow/example_dags/example_latest_only.py
[2024-07-12T08:32:05.476+0000] {processor.py:840} INFO - DAG(s) 'latest_only' retrieved from /home/airflow/.local/lib/python3.12/site-packages/airflow/example_dags/example_latest_only.py
[2024-07-12T08:32:05.487+0000] {logging_mixin.py:188} INFO - [2024-07-12T08:32:05.486+0000] {dag.py:3096} INFO - Sync 1 DAGs
[2024-07-12T08:32:05.499+0000] {logging_mixin.py:188} INFO - [2024-07-12T08:32:05.499+0000] {dag.py:3954} INFO - Setting next_dagrun for latest_only to 2024-07-12 04:00:00+00:00, run_after=2024-07-12 08:00:00+00:00
[2024-07-12T08:32:05.512+0000] {processor.py:183} INFO - Processing /home/airflow/.local/lib/python3.12/site-packages/airflow/example_dags/example_latest_only.py took 0.044 seconds
[2024-07-12T08:32:35.590+0000] {processor.py:161} INFO - Started process (PID=475) to work on /home/airflow/.local/lib/python3.12/site-packages/airflow/example_dags/example_latest_only.py
[2024-07-12T08:32:35.591+0000] {processor.py:830} INFO - Processing file /home/airflow/.local/lib/python3.12/site-packages/airflow/example_dags/example_latest_only.py for tasks to queue
[2024-07-12T08:32:35.592+0000] {logging_mixin.py:188} INFO - [2024-07-12T08:32:35.592+0000] {dagbag.py:545} INFO - Filling up the DagBag from /home/airflow/.local/lib/python3.12/site-packages/airflow/example_dags/example_latest_only.py
[2024-07-12T08:32:35.595+0000] {processor.py:840} INFO - DAG(s) 'latest_only' retrieved from /home/airflow/.local/lib/python3.12/site-packages/airflow/example_dags/example_latest_only.py
[2024-07-12T08:32:35.606+0000] {logging_mixin.py:188} INFO - [2024-07-12T08:32:35.606+0000] {dag.py:3096} INFO - Sync 1 DAGs
[2024-07-12T08:32:35.619+0000] {logging_mixin.py:188} INFO - [2024-07-12T08:32:35.619+0000] {dag.py:3954} INFO - Setting next_dagrun for latest_only to 2024-07-12 04:00:00+00:00, run_after=2024-07-12 08:00:00+00:00
[2024-07-12T08:32:35.635+0000] {processor.py:183} INFO - Processing /home/airflow/.local/lib/python3.12/site-packages/airflow/example_dags/example_latest_only.py took 0.048 seconds
[2024-07-12T08:33:05.901+0000] {processor.py:161} INFO - Started process (PID=533) to work on /home/airflow/.local/lib/python3.12/site-packages/airflow/example_dags/example_latest_only.py
[2024-07-12T08:33:05.902+0000] {processor.py:830} INFO - Processing file /home/airflow/.local/lib/python3.12/site-packages/airflow/example_dags/example_latest_only.py for tasks to queue
[2024-07-12T08:33:05.903+0000] {logging_mixin.py:188} INFO - [2024-07-12T08:33:05.903+0000] {dagbag.py:545} INFO - Filling up the DagBag from /home/airflow/.local/lib/python3.12/site-packages/airflow/example_dags/example_latest_only.py
[2024-07-12T08:33:05.906+0000] {processor.py:840} INFO - DAG(s) 'latest_only' retrieved from /home/airflow/.local/lib/python3.12/site-packages/airflow/example_dags/example_latest_only.py
[2024-07-12T08:33:05.917+0000] {logging_mixin.py:188} INFO - [2024-07-12T08:33:05.917+0000] {dag.py:3096} INFO - Sync 1 DAGs
[2024-07-12T08:33:05.930+0000] {logging_mixin.py:188} INFO - [2024-07-12T08:33:05.929+0000] {dag.py:3954} INFO - Setting next_dagrun for latest_only to 2024-07-12 04:00:00+00:00, run_after=2024-07-12 08:00:00+00:00
[2024-07-12T08:33:05.943+0000] {processor.py:183} INFO - Processing /home/airflow/.local/lib/python3.12/site-packages/airflow/example_dags/example_latest_only.py took 0.046 seconds
[2024-07-12T08:33:36.123+0000] {processor.py:161} INFO - Started process (PID=591) to work on /home/airflow/.local/lib/python3.12/site-packages/airflow/example_dags/example_latest_only.py
[2024-07-12T08:33:36.123+0000] {processor.py:830} INFO - Processing file /home/airflow/.local/lib/python3.12/site-packages/airflow/example_dags/example_latest_only.py for tasks to queue
[2024-07-12T08:33:36.125+0000] {logging_mixin.py:188} INFO - [2024-07-12T08:33:36.124+0000] {dagbag.py:545} INFO - Filling up the DagBag from /home/airflow/.local/lib/python3.12/site-packages/airflow/example_dags/example_latest_only.py
[2024-07-12T08:33:36.128+0000] {processor.py:840} INFO - DAG(s) 'latest_only' retrieved from /home/airflow/.local/lib/python3.12/site-packages/airflow/example_dags/example_latest_only.py
[2024-07-12T08:33:36.140+0000] {logging_mixin.py:188} INFO - [2024-07-12T08:33:36.139+0000] {dag.py:3096} INFO - Sync 1 DAGs
[2024-07-12T08:33:36.152+0000] {logging_mixin.py:188} INFO - [2024-07-12T08:33:36.152+0000] {dag.py:3954} INFO - Setting next_dagrun for latest_only to 2024-07-12 04:00:00+00:00, run_after=2024-07-12 08:00:00+00:00
[2024-07-12T08:33:36.166+0000] {processor.py:183} INFO - Processing /home/airflow/.local/lib/python3.12/site-packages/airflow/example_dags/example_latest_only.py took 0.047 seconds
[2024-07-12T08:34:06.302+0000] {processor.py:161} INFO - Started process (PID=649) to work on /home/airflow/.local/lib/python3.12/site-packages/airflow/example_dags/example_latest_only.py
[2024-07-12T08:34:06.302+0000] {processor.py:830} INFO - Processing file /home/airflow/.local/lib/python3.12/site-packages/airflow/example_dags/example_latest_only.py for tasks to queue
[2024-07-12T08:34:06.304+0000] {logging_mixin.py:188} INFO - [2024-07-12T08:34:06.303+0000] {dagbag.py:545} INFO - Filling up the DagBag from /home/airflow/.local/lib/python3.12/site-packages/airflow/example_dags/example_latest_only.py
[2024-07-12T08:34:06.310+0000] {processor.py:840} INFO - DAG(s) 'latest_only' retrieved from /home/airflow/.local/lib/python3.12/site-packages/airflow/example_dags/example_latest_only.py
[2024-07-12T08:34:06.321+0000] {logging_mixin.py:188} INFO - [2024-07-12T08:34:06.321+0000] {dag.py:3096} INFO - Sync 1 DAGs
[2024-07-12T08:34:06.335+0000] {logging_mixin.py:188} INFO - [2024-07-12T08:34:06.334+0000] {dag.py:3954} INFO - Setting next_dagrun for latest_only to 2024-07-12 04:00:00+00:00, run_after=2024-07-12 08:00:00+00:00
[2024-07-12T08:34:06.350+0000] {processor.py:183} INFO - Processing /home/airflow/.local/lib/python3.12/site-packages/airflow/example_dags/example_latest_only.py took 0.052 seconds
[2024-07-12T08:34:36.479+0000] {processor.py:161} INFO - Started process (PID=707) to work on /home/airflow/.local/lib/python3.12/site-packages/airflow/example_dags/example_latest_only.py
[2024-07-12T08:34:36.480+0000] {processor.py:830} INFO - Processing file /home/airflow/.local/lib/python3.12/site-packages/airflow/example_dags/example_latest_only.py for tasks to queue
[2024-07-12T08:34:36.481+0000] {logging_mixin.py:188} INFO - [2024-07-12T08:34:36.481+0000] {dagbag.py:545} INFO - Filling up the DagBag from /home/airflow/.local/lib/python3.12/site-packages/airflow/example_dags/example_latest_only.py
[2024-07-12T08:34:36.484+0000] {processor.py:840} INFO - DAG(s) 'latest_only' retrieved from /home/airflow/.local/lib/python3.12/site-packages/airflow/example_dags/example_latest_only.py
[2024-07-12T08:34:36.495+0000] {logging_mixin.py:188} INFO - [2024-07-12T08:34:36.495+0000] {dag.py:3096} INFO - Sync 1 DAGs
[2024-07-12T08:34:36.508+0000] {logging_mixin.py:188} INFO - [2024-07-12T08:34:36.508+0000] {dag.py:3954} INFO - Setting next_dagrun for latest_only to 2024-07-12 04:00:00+00:00, run_after=2024-07-12 08:00:00+00:00
[2024-07-12T08:34:36.522+0000] {processor.py:183} INFO - Processing /home/airflow/.local/lib/python3.12/site-packages/airflow/example_dags/example_latest_only.py took 0.047 seconds
[2024-07-12T08:35:07.455+0000] {processor.py:161} INFO - Started process (PID=765) to work on /home/airflow/.local/lib/python3.12/site-packages/airflow/example_dags/example_latest_only.py
[2024-07-12T08:35:07.456+0000] {processor.py:830} INFO - Processing file /home/airflow/.local/lib/python3.12/site-packages/airflow/example_dags/example_latest_only.py for tasks to queue
[2024-07-12T08:35:07.458+0000] {logging_mixin.py:188} INFO - [2024-07-12T08:35:07.457+0000] {dagbag.py:545} INFO - Filling up the DagBag from /home/airflow/.local/lib/python3.12/site-packages/airflow/example_dags/example_latest_only.py
[2024-07-12T08:35:07.462+0000] {processor.py:840} INFO - DAG(s) 'latest_only' retrieved from /home/airflow/.local/lib/python3.12/site-packages/airflow/example_dags/example_latest_only.py
[2024-07-12T08:35:07.473+0000] {logging_mixin.py:188} INFO - [2024-07-12T08:35:07.473+0000] {dag.py:3096} INFO - Sync 1 DAGs
[2024-07-12T08:35:07.486+0000] {logging_mixin.py:188} INFO - [2024-07-12T08:35:07.486+0000] {dag.py:3954} INFO - Setting next_dagrun for latest_only to 2024-07-12 04:00:00+00:00, run_after=2024-07-12 08:00:00+00:00
[2024-07-12T08:35:07.501+0000] {processor.py:183} INFO - Processing /home/airflow/.local/lib/python3.12/site-packages/airflow/example_dags/example_latest_only.py took 0.051 seconds
[2024-07-12T08:35:37.983+0000] {processor.py:161} INFO - Started process (PID=823) to work on /home/airflow/.local/lib/python3.12/site-packages/airflow/example_dags/example_latest_only.py
[2024-07-12T08:35:37.984+0000] {processor.py:830} INFO - Processing file /home/airflow/.local/lib/python3.12/site-packages/airflow/example_dags/example_latest_only.py for tasks to queue
[2024-07-12T08:35:37.985+0000] {logging_mixin.py:188} INFO - [2024-07-12T08:35:37.985+0000] {dagbag.py:545} INFO - Filling up the DagBag from /home/airflow/.local/lib/python3.12/site-packages/airflow/example_dags/example_latest_only.py
[2024-07-12T08:35:37.988+0000] {processor.py:840} INFO - DAG(s) 'latest_only' retrieved from /home/airflow/.local/lib/python3.12/site-packages/airflow/example_dags/example_latest_only.py
[2024-07-12T08:35:37.999+0000] {logging_mixin.py:188} INFO - [2024-07-12T08:35:37.998+0000] {dag.py:3096} INFO - Sync 1 DAGs
[2024-07-12T08:35:38.011+0000] {logging_mixin.py:188} INFO - [2024-07-12T08:35:38.011+0000] {dag.py:3954} INFO - Setting next_dagrun for latest_only to 2024-07-12 04:00:00+00:00, run_after=2024-07-12 08:00:00+00:00
[2024-07-12T08:35:38.025+0000] {processor.py:183} INFO - Processing /home/airflow/.local/lib/python3.12/site-packages/airflow/example_dags/example_latest_only.py took 0.046 seconds
[2024-07-12T08:36:08.970+0000] {processor.py:161} INFO - Started process (PID=881) to work on /home/airflow/.local/lib/python3.12/site-packages/airflow/example_dags/example_latest_only.py
[2024-07-12T08:36:08.971+0000] {processor.py:830} INFO - Processing file /home/airflow/.local/lib/python3.12/site-packages/airflow/example_dags/example_latest_only.py for tasks to queue
[2024-07-12T08:36:08.973+0000] {logging_mixin.py:188} INFO - [2024-07-12T08:36:08.972+0000] {dagbag.py:545} INFO - Filling up the DagBag from /home/airflow/.local/lib/python3.12/site-packages/airflow/example_dags/example_latest_only.py
[2024-07-12T08:36:08.976+0000] {processor.py:840} INFO - DAG(s) 'latest_only' retrieved from /home/airflow/.local/lib/python3.12/site-packages/airflow/example_dags/example_latest_only.py
[2024-07-12T08:36:08.987+0000] {logging_mixin.py:188} INFO - [2024-07-12T08:36:08.987+0000] {dag.py:3096} INFO - Sync 1 DAGs
[2024-07-12T08:36:09.000+0000] {logging_mixin.py:188} INFO - [2024-07-12T08:36:09.000+0000] {dag.py:3954} INFO - Setting next_dagrun for latest_only to 2024-07-12 04:00:00+00:00, run_after=2024-07-12 08:00:00+00:00
[2024-07-12T08:36:09.014+0000] {processor.py:183} INFO - Processing /home/airflow/.local/lib/python3.12/site-packages/airflow/example_dags/example_latest_only.py took 0.047 seconds
[2024-07-12T08:36:39.478+0000] {processor.py:161} INFO - Started process (PID=939) to work on /home/airflow/.local/lib/python3.12/site-packages/airflow/example_dags/example_latest_only.py
[2024-07-12T08:36:39.479+0000] {processor.py:830} INFO - Processing file /home/airflow/.local/lib/python3.12/site-packages/airflow/example_dags/example_latest_only.py for tasks to queue
[2024-07-12T08:36:39.480+0000] {logging_mixin.py:188} INFO - [2024-07-12T08:36:39.480+0000] {dagbag.py:545} INFO - Filling up the DagBag from /home/airflow/.local/lib/python3.12/site-packages/airflow/example_dags/example_latest_only.py
[2024-07-12T08:36:39.483+0000] {processor.py:840} INFO - DAG(s) 'latest_only' retrieved from /home/airflow/.local/lib/python3.12/site-packages/airflow/example_dags/example_latest_only.py
[2024-07-12T08:36:39.494+0000] {logging_mixin.py:188} INFO - [2024-07-12T08:36:39.494+0000] {dag.py:3096} INFO - Sync 1 DAGs
[2024-07-12T08:36:39.507+0000] {logging_mixin.py:188} INFO - [2024-07-12T08:36:39.507+0000] {dag.py:3954} INFO - Setting next_dagrun for latest_only to 2024-07-12 04:00:00+00:00, run_after=2024-07-12 08:00:00+00:00
[2024-07-12T08:36:39.520+0000] {processor.py:183} INFO - Processing /home/airflow/.local/lib/python3.12/site-packages/airflow/example_dags/example_latest_only.py took 0.045 seconds
[2024-07-12T08:37:09.794+0000] {processor.py:161} INFO - Started process (PID=997) to work on /home/airflow/.local/lib/python3.12/site-packages/airflow/example_dags/example_latest_only.py
[2024-07-12T08:37:09.794+0000] {processor.py:830} INFO - Processing file /home/airflow/.local/lib/python3.12/site-packages/airflow/example_dags/example_latest_only.py for tasks to queue
[2024-07-12T08:37:09.796+0000] {logging_mixin.py:188} INFO - [2024-07-12T08:37:09.795+0000] {dagbag.py:545} INFO - Filling up the DagBag from /home/airflow/.local/lib/python3.12/site-packages/airflow/example_dags/example_latest_only.py
[2024-07-12T08:37:09.799+0000] {processor.py:840} INFO - DAG(s) 'latest_only' retrieved from /home/airflow/.local/lib/python3.12/site-packages/airflow/example_dags/example_latest_only.py
[2024-07-12T08:37:09.809+0000] {logging_mixin.py:188} INFO - [2024-07-12T08:37:09.809+0000] {dag.py:3096} INFO - Sync 1 DAGs
[2024-07-12T08:37:09.823+0000] {logging_mixin.py:188} INFO - [2024-07-12T08:37:09.822+0000] {dag.py:3954} INFO - Setting next_dagrun for latest_only to 2024-07-12 04:00:00+00:00, run_after=2024-07-12 08:00:00+00:00
[2024-07-12T08:37:09.837+0000] {processor.py:183} INFO - Processing /home/airflow/.local/lib/python3.12/site-packages/airflow/example_dags/example_latest_only.py took 0.047 seconds
[2024-07-12T08:37:39.965+0000] {processor.py:161} INFO - Started process (PID=1055) to work on /home/airflow/.local/lib/python3.12/site-packages/airflow/example_dags/example_latest_only.py
[2024-07-12T08:37:39.966+0000] {processor.py:830} INFO - Processing file /home/airflow/.local/lib/python3.12/site-packages/airflow/example_dags/example_latest_only.py for tasks to queue
[2024-07-12T08:37:39.967+0000] {logging_mixin.py:188} INFO - [2024-07-12T08:37:39.967+0000] {dagbag.py:545} INFO - Filling up the DagBag from /home/airflow/.local/lib/python3.12/site-packages/airflow/example_dags/example_latest_only.py
[2024-07-12T08:37:39.970+0000] {processor.py:840} INFO - DAG(s) 'latest_only' retrieved from /home/airflow/.local/lib/python3.12/site-packages/airflow/example_dags/example_latest_only.py
[2024-07-12T08:37:39.980+0000] {logging_mixin.py:188} INFO - [2024-07-12T08:37:39.980+0000] {dag.py:3096} INFO - Sync 1 DAGs
[2024-07-12T08:37:39.994+0000] {logging_mixin.py:188} INFO - [2024-07-12T08:37:39.993+0000] {dag.py:3954} INFO - Setting next_dagrun for latest_only to 2024-07-12 04:00:00+00:00, run_after=2024-07-12 08:00:00+00:00
[2024-07-12T08:37:40.007+0000] {processor.py:183} INFO - Processing /home/airflow/.local/lib/python3.12/site-packages/airflow/example_dags/example_latest_only.py took 0.046 seconds
[2024-07-12T08:38:10.310+0000] {processor.py:161} INFO - Started process (PID=1113) to work on /home/airflow/.local/lib/python3.12/site-packages/airflow/example_dags/example_latest_only.py
[2024-07-12T08:38:10.311+0000] {processor.py:830} INFO - Processing file /home/airflow/.local/lib/python3.12/site-packages/airflow/example_dags/example_latest_only.py for tasks to queue
[2024-07-12T08:38:10.312+0000] {logging_mixin.py:188} INFO - [2024-07-12T08:38:10.312+0000] {dagbag.py:545} INFO - Filling up the DagBag from /home/airflow/.local/lib/python3.12/site-packages/airflow/example_dags/example_latest_only.py
[2024-07-12T08:38:10.316+0000] {processor.py:840} INFO - DAG(s) 'latest_only' retrieved from /home/airflow/.local/lib/python3.12/site-packages/airflow/example_dags/example_latest_only.py
[2024-07-12T08:38:10.328+0000] {logging_mixin.py:188} INFO - [2024-07-12T08:38:10.327+0000] {dag.py:3096} INFO - Sync 1 DAGs
[2024-07-12T08:38:10.341+0000] {logging_mixin.py:188} INFO - [2024-07-12T08:38:10.341+0000] {dag.py:3954} INFO - Setting next_dagrun for latest_only to 2024-07-12 04:00:00+00:00, run_after=2024-07-12 08:00:00+00:00
[2024-07-12T08:38:10.357+0000] {processor.py:183} INFO - Processing /home/airflow/.local/lib/python3.12/site-packages/airflow/example_dags/example_latest_only.py took 0.051 seconds
[2024-07-12T08:38:41.232+0000] {processor.py:161} INFO - Started process (PID=1171) to work on /home/airflow/.local/lib/python3.12/site-packages/airflow/example_dags/example_latest_only.py
[2024-07-12T08:38:41.232+0000] {processor.py:830} INFO - Processing file /home/airflow/.local/lib/python3.12/site-packages/airflow/example_dags/example_latest_only.py for tasks to queue
[2024-07-12T08:38:41.233+0000] {logging_mixin.py:188} INFO - [2024-07-12T08:38:41.233+0000] {dagbag.py:545} INFO - Filling up the DagBag from /home/airflow/.local/lib/python3.12/site-packages/airflow/example_dags/example_latest_only.py
[2024-07-12T08:38:41.238+0000] {processor.py:840} INFO - DAG(s) 'latest_only' retrieved from /home/airflow/.local/lib/python3.12/site-packages/airflow/example_dags/example_latest_only.py
[2024-07-12T08:38:41.248+0000] {logging_mixin.py:188} INFO - [2024-07-12T08:38:41.248+0000] {dag.py:3096} INFO - Sync 1 DAGs
[2024-07-12T08:38:41.262+0000] {logging_mixin.py:188} INFO - [2024-07-12T08:38:41.262+0000] {dag.py:3954} INFO - Setting next_dagrun for latest_only to 2024-07-12 04:00:00+00:00, run_after=2024-07-12 08:00:00+00:00
[2024-07-12T08:38:41.277+0000] {processor.py:183} INFO - Processing /home/airflow/.local/lib/python3.12/site-packages/airflow/example_dags/example_latest_only.py took 0.049 seconds
[2024-07-12T08:39:12.216+0000] {processor.py:161} INFO - Started process (PID=1229) to work on /home/airflow/.local/lib/python3.12/site-packages/airflow/example_dags/example_latest_only.py
[2024-07-12T08:39:12.216+0000] {processor.py:830} INFO - Processing file /home/airflow/.local/lib/python3.12/site-packages/airflow/example_dags/example_latest_only.py for tasks to queue
[2024-07-12T08:39:12.217+0000] {logging_mixin.py:188} INFO - [2024-07-12T08:39:12.217+0000] {dagbag.py:545} INFO - Filling up the DagBag from /home/airflow/.local/lib/python3.12/site-packages/airflow/example_dags/example_latest_only.py
[2024-07-12T08:39:12.221+0000] {processor.py:840} INFO - DAG(s) 'latest_only' retrieved from /home/airflow/.local/lib/python3.12/site-packages/airflow/example_dags/example_latest_only.py
[2024-07-12T08:39:12.231+0000] {logging_mixin.py:188} INFO - [2024-07-12T08:39:12.231+0000] {dag.py:3096} INFO - Sync 1 DAGs
[2024-07-12T08:39:12.244+0000] {logging_mixin.py:188} INFO - [2024-07-12T08:39:12.244+0000] {dag.py:3954} INFO - Setting next_dagrun for latest_only to 2024-07-12 04:00:00+00:00, run_after=2024-07-12 08:00:00+00:00
[2024-07-12T08:39:12.257+0000] {processor.py:183} INFO - Processing /home/airflow/.local/lib/python3.12/site-packages/airflow/example_dags/example_latest_only.py took 0.045 seconds
