[2024-07-12T07:58:06.027+0000] {processor.py:161} INFO - Started process (PID=78) to work on /home/airflow/.local/lib/python3.12/site-packages/airflow/example_dags/example_task_group_decorator.py
[2024-07-12T07:58:06.028+0000] {processor.py:830} INFO - Processing file /home/airflow/.local/lib/python3.12/site-packages/airflow/example_dags/example_task_group_decorator.py for tasks to queue
[2024-07-12T07:58:06.029+0000] {logging_mixin.py:188} INFO - [2024-07-12T07:58:06.029+0000] {dagbag.py:545} INFO - Filling up the DagBag from /home/airflow/.local/lib/python3.12/site-packages/airflow/example_dags/example_task_group_decorator.py
[2024-07-12T07:58:06.041+0000] {processor.py:840} INFO - DAG(s) 'example_task_group_decorator' retrieved from /home/airflow/.local/lib/python3.12/site-packages/airflow/example_dags/example_task_group_decorator.py
[2024-07-12T07:58:06.048+0000] {logging_mixin.py:188} INFO - [2024-07-12T07:58:06.048+0000] {dag.py:3096} INFO - Sync 1 DAGs
[2024-07-12T07:58:06.063+0000] {logging_mixin.py:188} INFO - [2024-07-12T07:58:06.063+0000] {dag.py:3954} INFO - Setting next_dagrun for example_task_group_decorator to 2024-07-11 00:00:00+00:00, run_after=2024-07-12 00:00:00+00:00
[2024-07-12T07:58:06.077+0000] {processor.py:183} INFO - Processing /home/airflow/.local/lib/python3.12/site-packages/airflow/example_dags/example_task_group_decorator.py took 0.054 seconds
[2024-07-12T07:58:36.961+0000] {processor.py:161} INFO - Started process (PID=136) to work on /home/airflow/.local/lib/python3.12/site-packages/airflow/example_dags/example_task_group_decorator.py
[2024-07-12T07:58:36.962+0000] {processor.py:830} INFO - Processing file /home/airflow/.local/lib/python3.12/site-packages/airflow/example_dags/example_task_group_decorator.py for tasks to queue
[2024-07-12T07:58:36.963+0000] {logging_mixin.py:188} INFO - [2024-07-12T07:58:36.963+0000] {dagbag.py:545} INFO - Filling up the DagBag from /home/airflow/.local/lib/python3.12/site-packages/airflow/example_dags/example_task_group_decorator.py
[2024-07-12T07:58:36.972+0000] {processor.py:840} INFO - DAG(s) 'example_task_group_decorator' retrieved from /home/airflow/.local/lib/python3.12/site-packages/airflow/example_dags/example_task_group_decorator.py
[2024-07-12T07:58:37.038+0000] {logging_mixin.py:188} INFO - [2024-07-12T07:58:37.038+0000] {dag.py:3096} INFO - Sync 1 DAGs
[2024-07-12T07:58:37.051+0000] {logging_mixin.py:188} INFO - [2024-07-12T07:58:37.050+0000] {dag.py:3954} INFO - Setting next_dagrun for example_task_group_decorator to 2024-07-11 00:00:00+00:00, run_after=2024-07-12 00:00:00+00:00
[2024-07-12T07:58:37.066+0000] {processor.py:183} INFO - Processing /home/airflow/.local/lib/python3.12/site-packages/airflow/example_dags/example_task_group_decorator.py took 0.108 seconds
[2024-07-12T07:59:07.475+0000] {processor.py:161} INFO - Started process (PID=194) to work on /home/airflow/.local/lib/python3.12/site-packages/airflow/example_dags/example_task_group_decorator.py
[2024-07-12T07:59:07.476+0000] {processor.py:830} INFO - Processing file /home/airflow/.local/lib/python3.12/site-packages/airflow/example_dags/example_task_group_decorator.py for tasks to queue
[2024-07-12T07:59:07.477+0000] {logging_mixin.py:188} INFO - [2024-07-12T07:59:07.477+0000] {dagbag.py:545} INFO - Filling up the DagBag from /home/airflow/.local/lib/python3.12/site-packages/airflow/example_dags/example_task_group_decorator.py
[2024-07-12T07:59:07.486+0000] {processor.py:840} INFO - DAG(s) 'example_task_group_decorator' retrieved from /home/airflow/.local/lib/python3.12/site-packages/airflow/example_dags/example_task_group_decorator.py
[2024-07-12T07:59:07.502+0000] {logging_mixin.py:188} INFO - [2024-07-12T07:59:07.502+0000] {dag.py:3096} INFO - Sync 1 DAGs
[2024-07-12T07:59:07.516+0000] {logging_mixin.py:188} INFO - [2024-07-12T07:59:07.516+0000] {dag.py:3954} INFO - Setting next_dagrun for example_task_group_decorator to 2024-07-11 00:00:00+00:00, run_after=2024-07-12 00:00:00+00:00
[2024-07-12T07:59:07.530+0000] {processor.py:183} INFO - Processing /home/airflow/.local/lib/python3.12/site-packages/airflow/example_dags/example_task_group_decorator.py took 0.059 seconds
[2024-07-12T07:59:37.642+0000] {processor.py:161} INFO - Started process (PID=252) to work on /home/airflow/.local/lib/python3.12/site-packages/airflow/example_dags/example_task_group_decorator.py
[2024-07-12T07:59:37.643+0000] {processor.py:830} INFO - Processing file /home/airflow/.local/lib/python3.12/site-packages/airflow/example_dags/example_task_group_decorator.py for tasks to queue
[2024-07-12T07:59:37.644+0000] {logging_mixin.py:188} INFO - [2024-07-12T07:59:37.644+0000] {dagbag.py:545} INFO - Filling up the DagBag from /home/airflow/.local/lib/python3.12/site-packages/airflow/example_dags/example_task_group_decorator.py
[2024-07-12T07:59:37.654+0000] {processor.py:840} INFO - DAG(s) 'example_task_group_decorator' retrieved from /home/airflow/.local/lib/python3.12/site-packages/airflow/example_dags/example_task_group_decorator.py
[2024-07-12T07:59:37.670+0000] {logging_mixin.py:188} INFO - [2024-07-12T07:59:37.670+0000] {dag.py:3096} INFO - Sync 1 DAGs
[2024-07-12T07:59:37.684+0000] {logging_mixin.py:188} INFO - [2024-07-12T07:59:37.684+0000] {dag.py:3954} INFO - Setting next_dagrun for example_task_group_decorator to 2024-07-11 00:00:00+00:00, run_after=2024-07-12 00:00:00+00:00
[2024-07-12T07:59:37.698+0000] {processor.py:183} INFO - Processing /home/airflow/.local/lib/python3.12/site-packages/airflow/example_dags/example_task_group_decorator.py took 0.060 seconds
[2024-07-12T08:01:09.910+0000] {processor.py:161} INFO - Started process (PID=77) to work on /home/airflow/.local/lib/python3.12/site-packages/airflow/example_dags/example_task_group_decorator.py
[2024-07-12T08:01:09.911+0000] {processor.py:830} INFO - Processing file /home/airflow/.local/lib/python3.12/site-packages/airflow/example_dags/example_task_group_decorator.py for tasks to queue
[2024-07-12T08:01:09.913+0000] {logging_mixin.py:188} INFO - [2024-07-12T08:01:09.913+0000] {dagbag.py:545} INFO - Filling up the DagBag from /home/airflow/.local/lib/python3.12/site-packages/airflow/example_dags/example_task_group_decorator.py
[2024-07-12T08:01:09.927+0000] {processor.py:840} INFO - DAG(s) 'example_task_group_decorator' retrieved from /home/airflow/.local/lib/python3.12/site-packages/airflow/example_dags/example_task_group_decorator.py
[2024-07-12T08:01:09.933+0000] {logging_mixin.py:188} INFO - [2024-07-12T08:01:09.933+0000] {dag.py:3096} INFO - Sync 1 DAGs
[2024-07-12T08:01:09.952+0000] {logging_mixin.py:188} INFO - [2024-07-12T08:01:09.952+0000] {dag.py:3954} INFO - Setting next_dagrun for example_task_group_decorator to 2024-07-11 00:00:00+00:00, run_after=2024-07-12 00:00:00+00:00
[2024-07-12T08:01:09.972+0000] {processor.py:183} INFO - Processing /home/airflow/.local/lib/python3.12/site-packages/airflow/example_dags/example_task_group_decorator.py took 0.066 seconds
[2024-07-12T08:01:41.186+0000] {processor.py:161} INFO - Started process (PID=135) to work on /home/airflow/.local/lib/python3.12/site-packages/airflow/example_dags/example_task_group_decorator.py
[2024-07-12T08:01:41.186+0000] {processor.py:830} INFO - Processing file /home/airflow/.local/lib/python3.12/site-packages/airflow/example_dags/example_task_group_decorator.py for tasks to queue
[2024-07-12T08:01:41.188+0000] {logging_mixin.py:188} INFO - [2024-07-12T08:01:41.187+0000] {dagbag.py:545} INFO - Filling up the DagBag from /home/airflow/.local/lib/python3.12/site-packages/airflow/example_dags/example_task_group_decorator.py
[2024-07-12T08:01:41.198+0000] {processor.py:840} INFO - DAG(s) 'example_task_group_decorator' retrieved from /home/airflow/.local/lib/python3.12/site-packages/airflow/example_dags/example_task_group_decorator.py
[2024-07-12T08:01:41.269+0000] {logging_mixin.py:188} INFO - [2024-07-12T08:01:41.269+0000] {dag.py:3096} INFO - Sync 1 DAGs
[2024-07-12T08:01:41.281+0000] {logging_mixin.py:188} INFO - [2024-07-12T08:01:41.281+0000] {dag.py:3954} INFO - Setting next_dagrun for example_task_group_decorator to 2024-07-11 00:00:00+00:00, run_after=2024-07-12 00:00:00+00:00
[2024-07-12T08:01:41.296+0000] {processor.py:183} INFO - Processing /home/airflow/.local/lib/python3.12/site-packages/airflow/example_dags/example_task_group_decorator.py took 0.114 seconds
[2024-07-12T08:02:11.667+0000] {processor.py:161} INFO - Started process (PID=193) to work on /home/airflow/.local/lib/python3.12/site-packages/airflow/example_dags/example_task_group_decorator.py
[2024-07-12T08:02:11.668+0000] {processor.py:830} INFO - Processing file /home/airflow/.local/lib/python3.12/site-packages/airflow/example_dags/example_task_group_decorator.py for tasks to queue
[2024-07-12T08:02:11.669+0000] {logging_mixin.py:188} INFO - [2024-07-12T08:02:11.668+0000] {dagbag.py:545} INFO - Filling up the DagBag from /home/airflow/.local/lib/python3.12/site-packages/airflow/example_dags/example_task_group_decorator.py
[2024-07-12T08:02:11.678+0000] {processor.py:840} INFO - DAG(s) 'example_task_group_decorator' retrieved from /home/airflow/.local/lib/python3.12/site-packages/airflow/example_dags/example_task_group_decorator.py
[2024-07-12T08:02:11.693+0000] {logging_mixin.py:188} INFO - [2024-07-12T08:02:11.692+0000] {dag.py:3096} INFO - Sync 1 DAGs
[2024-07-12T08:02:11.708+0000] {logging_mixin.py:188} INFO - [2024-07-12T08:02:11.708+0000] {dag.py:3954} INFO - Setting next_dagrun for example_task_group_decorator to 2024-07-11 00:00:00+00:00, run_after=2024-07-12 00:00:00+00:00
[2024-07-12T08:02:11.722+0000] {processor.py:183} INFO - Processing /home/airflow/.local/lib/python3.12/site-packages/airflow/example_dags/example_task_group_decorator.py took 0.058 seconds
[2024-07-12T08:02:41.848+0000] {processor.py:161} INFO - Started process (PID=251) to work on /home/airflow/.local/lib/python3.12/site-packages/airflow/example_dags/example_task_group_decorator.py
[2024-07-12T08:02:41.848+0000] {processor.py:830} INFO - Processing file /home/airflow/.local/lib/python3.12/site-packages/airflow/example_dags/example_task_group_decorator.py for tasks to queue
[2024-07-12T08:02:41.850+0000] {logging_mixin.py:188} INFO - [2024-07-12T08:02:41.849+0000] {dagbag.py:545} INFO - Filling up the DagBag from /home/airflow/.local/lib/python3.12/site-packages/airflow/example_dags/example_task_group_decorator.py
[2024-07-12T08:02:41.859+0000] {processor.py:840} INFO - DAG(s) 'example_task_group_decorator' retrieved from /home/airflow/.local/lib/python3.12/site-packages/airflow/example_dags/example_task_group_decorator.py
[2024-07-12T08:02:41.875+0000] {logging_mixin.py:188} INFO - [2024-07-12T08:02:41.874+0000] {dag.py:3096} INFO - Sync 1 DAGs
[2024-07-12T08:02:41.888+0000] {logging_mixin.py:188} INFO - [2024-07-12T08:02:41.888+0000] {dag.py:3954} INFO - Setting next_dagrun for example_task_group_decorator to 2024-07-11 00:00:00+00:00, run_after=2024-07-12 00:00:00+00:00
[2024-07-12T08:02:41.903+0000] {processor.py:183} INFO - Processing /home/airflow/.local/lib/python3.12/site-packages/airflow/example_dags/example_task_group_decorator.py took 0.059 seconds
[2024-07-12T08:04:17.558+0000] {processor.py:161} INFO - Started process (PID=78) to work on /home/airflow/.local/lib/python3.12/site-packages/airflow/example_dags/example_task_group_decorator.py
[2024-07-12T08:04:17.559+0000] {processor.py:830} INFO - Processing file /home/airflow/.local/lib/python3.12/site-packages/airflow/example_dags/example_task_group_decorator.py for tasks to queue
[2024-07-12T08:04:17.561+0000] {logging_mixin.py:188} INFO - [2024-07-12T08:04:17.561+0000] {dagbag.py:545} INFO - Filling up the DagBag from /home/airflow/.local/lib/python3.12/site-packages/airflow/example_dags/example_task_group_decorator.py
[2024-07-12T08:04:17.576+0000] {processor.py:840} INFO - DAG(s) 'example_task_group_decorator' retrieved from /home/airflow/.local/lib/python3.12/site-packages/airflow/example_dags/example_task_group_decorator.py
[2024-07-12T08:04:17.587+0000] {logging_mixin.py:188} INFO - [2024-07-12T08:04:17.587+0000] {dag.py:3096} INFO - Sync 1 DAGs
[2024-07-12T08:04:17.606+0000] {logging_mixin.py:188} INFO - [2024-07-12T08:04:17.606+0000] {dag.py:3954} INFO - Setting next_dagrun for example_task_group_decorator to 2024-07-11 00:00:00+00:00, run_after=2024-07-12 00:00:00+00:00
[2024-07-12T08:04:17.627+0000] {processor.py:183} INFO - Processing /home/airflow/.local/lib/python3.12/site-packages/airflow/example_dags/example_task_group_decorator.py took 0.073 seconds
[2024-07-12T08:04:48.558+0000] {processor.py:161} INFO - Started process (PID=136) to work on /home/airflow/.local/lib/python3.12/site-packages/airflow/example_dags/example_task_group_decorator.py
[2024-07-12T08:04:48.558+0000] {processor.py:830} INFO - Processing file /home/airflow/.local/lib/python3.12/site-packages/airflow/example_dags/example_task_group_decorator.py for tasks to queue
[2024-07-12T08:04:48.560+0000] {logging_mixin.py:188} INFO - [2024-07-12T08:04:48.559+0000] {dagbag.py:545} INFO - Filling up the DagBag from /home/airflow/.local/lib/python3.12/site-packages/airflow/example_dags/example_task_group_decorator.py
[2024-07-12T08:04:48.569+0000] {processor.py:840} INFO - DAG(s) 'example_task_group_decorator' retrieved from /home/airflow/.local/lib/python3.12/site-packages/airflow/example_dags/example_task_group_decorator.py
[2024-07-12T08:04:48.637+0000] {logging_mixin.py:188} INFO - [2024-07-12T08:04:48.637+0000] {dag.py:3096} INFO - Sync 1 DAGs
[2024-07-12T08:04:48.650+0000] {logging_mixin.py:188} INFO - [2024-07-12T08:04:48.650+0000] {dag.py:3954} INFO - Setting next_dagrun for example_task_group_decorator to 2024-07-11 00:00:00+00:00, run_after=2024-07-12 00:00:00+00:00
[2024-07-12T08:04:48.666+0000] {processor.py:183} INFO - Processing /home/airflow/.local/lib/python3.12/site-packages/airflow/example_dags/example_task_group_decorator.py took 0.112 seconds
[2024-07-12T08:05:18.876+0000] {processor.py:161} INFO - Started process (PID=194) to work on /home/airflow/.local/lib/python3.12/site-packages/airflow/example_dags/example_task_group_decorator.py
[2024-07-12T08:05:18.877+0000] {processor.py:830} INFO - Processing file /home/airflow/.local/lib/python3.12/site-packages/airflow/example_dags/example_task_group_decorator.py for tasks to queue
[2024-07-12T08:05:18.878+0000] {logging_mixin.py:188} INFO - [2024-07-12T08:05:18.878+0000] {dagbag.py:545} INFO - Filling up the DagBag from /home/airflow/.local/lib/python3.12/site-packages/airflow/example_dags/example_task_group_decorator.py
[2024-07-12T08:05:18.888+0000] {processor.py:840} INFO - DAG(s) 'example_task_group_decorator' retrieved from /home/airflow/.local/lib/python3.12/site-packages/airflow/example_dags/example_task_group_decorator.py
[2024-07-12T08:05:18.903+0000] {logging_mixin.py:188} INFO - [2024-07-12T08:05:18.903+0000] {dag.py:3096} INFO - Sync 1 DAGs
[2024-07-12T08:05:18.918+0000] {logging_mixin.py:188} INFO - [2024-07-12T08:05:18.918+0000] {dag.py:3954} INFO - Setting next_dagrun for example_task_group_decorator to 2024-07-11 00:00:00+00:00, run_after=2024-07-12 00:00:00+00:00
[2024-07-12T08:05:18.933+0000] {processor.py:183} INFO - Processing /home/airflow/.local/lib/python3.12/site-packages/airflow/example_dags/example_task_group_decorator.py took 0.061 seconds
[2024-07-12T08:05:49.112+0000] {processor.py:161} INFO - Started process (PID=252) to work on /home/airflow/.local/lib/python3.12/site-packages/airflow/example_dags/example_task_group_decorator.py
[2024-07-12T08:05:49.113+0000] {processor.py:830} INFO - Processing file /home/airflow/.local/lib/python3.12/site-packages/airflow/example_dags/example_task_group_decorator.py for tasks to queue
[2024-07-12T08:05:49.114+0000] {logging_mixin.py:188} INFO - [2024-07-12T08:05:49.114+0000] {dagbag.py:545} INFO - Filling up the DagBag from /home/airflow/.local/lib/python3.12/site-packages/airflow/example_dags/example_task_group_decorator.py
[2024-07-12T08:05:49.124+0000] {processor.py:840} INFO - DAG(s) 'example_task_group_decorator' retrieved from /home/airflow/.local/lib/python3.12/site-packages/airflow/example_dags/example_task_group_decorator.py
[2024-07-12T08:05:49.139+0000] {logging_mixin.py:188} INFO - [2024-07-12T08:05:49.139+0000] {dag.py:3096} INFO - Sync 1 DAGs
[2024-07-12T08:05:49.154+0000] {logging_mixin.py:188} INFO - [2024-07-12T08:05:49.154+0000] {dag.py:3954} INFO - Setting next_dagrun for example_task_group_decorator to 2024-07-11 00:00:00+00:00, run_after=2024-07-12 00:00:00+00:00
[2024-07-12T08:05:49.168+0000] {processor.py:183} INFO - Processing /home/airflow/.local/lib/python3.12/site-packages/airflow/example_dags/example_task_group_decorator.py took 0.060 seconds
[2024-07-12T08:06:19.965+0000] {processor.py:161} INFO - Started process (PID=310) to work on /home/airflow/.local/lib/python3.12/site-packages/airflow/example_dags/example_task_group_decorator.py
[2024-07-12T08:06:19.966+0000] {processor.py:830} INFO - Processing file /home/airflow/.local/lib/python3.12/site-packages/airflow/example_dags/example_task_group_decorator.py for tasks to queue
[2024-07-12T08:06:19.968+0000] {logging_mixin.py:188} INFO - [2024-07-12T08:06:19.967+0000] {dagbag.py:545} INFO - Filling up the DagBag from /home/airflow/.local/lib/python3.12/site-packages/airflow/example_dags/example_task_group_decorator.py
[2024-07-12T08:06:19.977+0000] {processor.py:840} INFO - DAG(s) 'example_task_group_decorator' retrieved from /home/airflow/.local/lib/python3.12/site-packages/airflow/example_dags/example_task_group_decorator.py
[2024-07-12T08:06:19.983+0000] {logging_mixin.py:188} INFO - [2024-07-12T08:06:19.983+0000] {dag.py:3096} INFO - Sync 1 DAGs
[2024-07-12T08:06:19.999+0000] {logging_mixin.py:188} INFO - [2024-07-12T08:06:19.999+0000] {dag.py:3954} INFO - Setting next_dagrun for example_task_group_decorator to 2024-07-11 00:00:00+00:00, run_after=2024-07-12 00:00:00+00:00
[2024-07-12T08:06:20.017+0000] {processor.py:183} INFO - Processing /home/airflow/.local/lib/python3.12/site-packages/airflow/example_dags/example_task_group_decorator.py took 0.056 seconds
[2024-07-12T08:06:50.604+0000] {processor.py:161} INFO - Started process (PID=368) to work on /home/airflow/.local/lib/python3.12/site-packages/airflow/example_dags/example_task_group_decorator.py
[2024-07-12T08:06:50.605+0000] {processor.py:830} INFO - Processing file /home/airflow/.local/lib/python3.12/site-packages/airflow/example_dags/example_task_group_decorator.py for tasks to queue
[2024-07-12T08:06:50.606+0000] {logging_mixin.py:188} INFO - [2024-07-12T08:06:50.606+0000] {dagbag.py:545} INFO - Filling up the DagBag from /home/airflow/.local/lib/python3.12/site-packages/airflow/example_dags/example_task_group_decorator.py
[2024-07-12T08:06:50.615+0000] {processor.py:840} INFO - DAG(s) 'example_task_group_decorator' retrieved from /home/airflow/.local/lib/python3.12/site-packages/airflow/example_dags/example_task_group_decorator.py
[2024-07-12T08:06:50.680+0000] {logging_mixin.py:188} INFO - [2024-07-12T08:06:50.680+0000] {dag.py:3096} INFO - Sync 1 DAGs
[2024-07-12T08:06:50.693+0000] {logging_mixin.py:188} INFO - [2024-07-12T08:06:50.692+0000] {dag.py:3954} INFO - Setting next_dagrun for example_task_group_decorator to 2024-07-11 00:00:00+00:00, run_after=2024-07-12 00:00:00+00:00
[2024-07-12T08:06:50.707+0000] {processor.py:183} INFO - Processing /home/airflow/.local/lib/python3.12/site-packages/airflow/example_dags/example_task_group_decorator.py took 0.106 seconds
[2024-07-12T08:07:20.793+0000] {processor.py:161} INFO - Started process (PID=426) to work on /home/airflow/.local/lib/python3.12/site-packages/airflow/example_dags/example_task_group_decorator.py
[2024-07-12T08:07:20.794+0000] {processor.py:830} INFO - Processing file /home/airflow/.local/lib/python3.12/site-packages/airflow/example_dags/example_task_group_decorator.py for tasks to queue
[2024-07-12T08:07:20.795+0000] {logging_mixin.py:188} INFO - [2024-07-12T08:07:20.795+0000] {dagbag.py:545} INFO - Filling up the DagBag from /home/airflow/.local/lib/python3.12/site-packages/airflow/example_dags/example_task_group_decorator.py
[2024-07-12T08:07:20.804+0000] {processor.py:840} INFO - DAG(s) 'example_task_group_decorator' retrieved from /home/airflow/.local/lib/python3.12/site-packages/airflow/example_dags/example_task_group_decorator.py
[2024-07-12T08:07:20.818+0000] {logging_mixin.py:188} INFO - [2024-07-12T08:07:20.818+0000] {dag.py:3096} INFO - Sync 1 DAGs
[2024-07-12T08:07:20.831+0000] {logging_mixin.py:188} INFO - [2024-07-12T08:07:20.831+0000] {dag.py:3954} INFO - Setting next_dagrun for example_task_group_decorator to 2024-07-11 00:00:00+00:00, run_after=2024-07-12 00:00:00+00:00
[2024-07-12T08:07:20.843+0000] {processor.py:183} INFO - Processing /home/airflow/.local/lib/python3.12/site-packages/airflow/example_dags/example_task_group_decorator.py took 0.054 seconds
[2024-07-12T08:08:15.110+0000] {processor.py:161} INFO - Started process (PID=77) to work on /home/airflow/.local/lib/python3.12/site-packages/airflow/example_dags/example_task_group_decorator.py
[2024-07-12T08:08:15.111+0000] {processor.py:830} INFO - Processing file /home/airflow/.local/lib/python3.12/site-packages/airflow/example_dags/example_task_group_decorator.py for tasks to queue
[2024-07-12T08:08:15.113+0000] {logging_mixin.py:188} INFO - [2024-07-12T08:08:15.113+0000] {dagbag.py:545} INFO - Filling up the DagBag from /home/airflow/.local/lib/python3.12/site-packages/airflow/example_dags/example_task_group_decorator.py
[2024-07-12T08:08:15.124+0000] {processor.py:840} INFO - DAG(s) 'example_task_group_decorator' retrieved from /home/airflow/.local/lib/python3.12/site-packages/airflow/example_dags/example_task_group_decorator.py
[2024-07-12T08:08:15.134+0000] {logging_mixin.py:188} INFO - [2024-07-12T08:08:15.134+0000] {dag.py:3096} INFO - Sync 1 DAGs
[2024-07-12T08:08:15.151+0000] {logging_mixin.py:188} INFO - [2024-07-12T08:08:15.151+0000] {dag.py:3954} INFO - Setting next_dagrun for example_task_group_decorator to 2024-07-11 00:00:00+00:00, run_after=2024-07-12 00:00:00+00:00
[2024-07-12T08:08:15.171+0000] {processor.py:183} INFO - Processing /home/airflow/.local/lib/python3.12/site-packages/airflow/example_dags/example_task_group_decorator.py took 0.064 seconds
[2024-07-12T08:08:46.060+0000] {processor.py:161} INFO - Started process (PID=139) to work on /home/airflow/.local/lib/python3.12/site-packages/airflow/example_dags/example_task_group_decorator.py
[2024-07-12T08:08:46.061+0000] {processor.py:830} INFO - Processing file /home/airflow/.local/lib/python3.12/site-packages/airflow/example_dags/example_task_group_decorator.py for tasks to queue
[2024-07-12T08:08:46.062+0000] {logging_mixin.py:188} INFO - [2024-07-12T08:08:46.062+0000] {dagbag.py:545} INFO - Filling up the DagBag from /home/airflow/.local/lib/python3.12/site-packages/airflow/example_dags/example_task_group_decorator.py
[2024-07-12T08:08:46.071+0000] {processor.py:840} INFO - DAG(s) 'example_task_group_decorator' retrieved from /home/airflow/.local/lib/python3.12/site-packages/airflow/example_dags/example_task_group_decorator.py
[2024-07-12T08:08:46.136+0000] {logging_mixin.py:188} INFO - [2024-07-12T08:08:46.136+0000] {dag.py:3096} INFO - Sync 1 DAGs
[2024-07-12T08:08:46.149+0000] {logging_mixin.py:188} INFO - [2024-07-12T08:08:46.149+0000] {dag.py:3954} INFO - Setting next_dagrun for example_task_group_decorator to 2024-07-11 00:00:00+00:00, run_after=2024-07-12 00:00:00+00:00
[2024-07-12T08:08:46.166+0000] {processor.py:183} INFO - Processing /home/airflow/.local/lib/python3.12/site-packages/airflow/example_dags/example_task_group_decorator.py took 0.109 seconds
[2024-07-12T08:09:16.441+0000] {processor.py:161} INFO - Started process (PID=197) to work on /home/airflow/.local/lib/python3.12/site-packages/airflow/example_dags/example_task_group_decorator.py
[2024-07-12T08:09:16.442+0000] {processor.py:830} INFO - Processing file /home/airflow/.local/lib/python3.12/site-packages/airflow/example_dags/example_task_group_decorator.py for tasks to queue
[2024-07-12T08:09:16.443+0000] {logging_mixin.py:188} INFO - [2024-07-12T08:09:16.443+0000] {dagbag.py:545} INFO - Filling up the DagBag from /home/airflow/.local/lib/python3.12/site-packages/airflow/example_dags/example_task_group_decorator.py
[2024-07-12T08:09:16.452+0000] {processor.py:840} INFO - DAG(s) 'example_task_group_decorator' retrieved from /home/airflow/.local/lib/python3.12/site-packages/airflow/example_dags/example_task_group_decorator.py
[2024-07-12T08:09:16.466+0000] {logging_mixin.py:188} INFO - [2024-07-12T08:09:16.466+0000] {dag.py:3096} INFO - Sync 1 DAGs
[2024-07-12T08:09:16.480+0000] {logging_mixin.py:188} INFO - [2024-07-12T08:09:16.479+0000] {dag.py:3954} INFO - Setting next_dagrun for example_task_group_decorator to 2024-07-11 00:00:00+00:00, run_after=2024-07-12 00:00:00+00:00
[2024-07-12T08:09:16.494+0000] {processor.py:183} INFO - Processing /home/airflow/.local/lib/python3.12/site-packages/airflow/example_dags/example_task_group_decorator.py took 0.057 seconds
[2024-07-12T08:09:46.733+0000] {processor.py:161} INFO - Started process (PID=255) to work on /home/airflow/.local/lib/python3.12/site-packages/airflow/example_dags/example_task_group_decorator.py
[2024-07-12T08:09:46.734+0000] {processor.py:830} INFO - Processing file /home/airflow/.local/lib/python3.12/site-packages/airflow/example_dags/example_task_group_decorator.py for tasks to queue
[2024-07-12T08:09:46.735+0000] {logging_mixin.py:188} INFO - [2024-07-12T08:09:46.735+0000] {dagbag.py:545} INFO - Filling up the DagBag from /home/airflow/.local/lib/python3.12/site-packages/airflow/example_dags/example_task_group_decorator.py
[2024-07-12T08:09:46.744+0000] {processor.py:840} INFO - DAG(s) 'example_task_group_decorator' retrieved from /home/airflow/.local/lib/python3.12/site-packages/airflow/example_dags/example_task_group_decorator.py
[2024-07-12T08:09:46.759+0000] {logging_mixin.py:188} INFO - [2024-07-12T08:09:46.759+0000] {dag.py:3096} INFO - Sync 1 DAGs
[2024-07-12T08:09:46.772+0000] {logging_mixin.py:188} INFO - [2024-07-12T08:09:46.772+0000] {dag.py:3954} INFO - Setting next_dagrun for example_task_group_decorator to 2024-07-11 00:00:00+00:00, run_after=2024-07-12 00:00:00+00:00
[2024-07-12T08:09:46.785+0000] {processor.py:183} INFO - Processing /home/airflow/.local/lib/python3.12/site-packages/airflow/example_dags/example_task_group_decorator.py took 0.056 seconds
[2024-07-12T08:10:16.911+0000] {processor.py:161} INFO - Started process (PID=313) to work on /home/airflow/.local/lib/python3.12/site-packages/airflow/example_dags/example_task_group_decorator.py
[2024-07-12T08:10:16.912+0000] {processor.py:830} INFO - Processing file /home/airflow/.local/lib/python3.12/site-packages/airflow/example_dags/example_task_group_decorator.py for tasks to queue
[2024-07-12T08:10:16.913+0000] {logging_mixin.py:188} INFO - [2024-07-12T08:10:16.913+0000] {dagbag.py:545} INFO - Filling up the DagBag from /home/airflow/.local/lib/python3.12/site-packages/airflow/example_dags/example_task_group_decorator.py
[2024-07-12T08:10:16.922+0000] {processor.py:840} INFO - DAG(s) 'example_task_group_decorator' retrieved from /home/airflow/.local/lib/python3.12/site-packages/airflow/example_dags/example_task_group_decorator.py
[2024-07-12T08:10:16.936+0000] {logging_mixin.py:188} INFO - [2024-07-12T08:10:16.936+0000] {dag.py:3096} INFO - Sync 1 DAGs
[2024-07-12T08:10:16.948+0000] {logging_mixin.py:188} INFO - [2024-07-12T08:10:16.948+0000] {dag.py:3954} INFO - Setting next_dagrun for example_task_group_decorator to 2024-07-11 00:00:00+00:00, run_after=2024-07-12 00:00:00+00:00
[2024-07-12T08:10:16.960+0000] {processor.py:183} INFO - Processing /home/airflow/.local/lib/python3.12/site-packages/airflow/example_dags/example_task_group_decorator.py took 0.052 seconds
[2024-07-12T08:10:47.014+0000] {processor.py:161} INFO - Started process (PID=371) to work on /home/airflow/.local/lib/python3.12/site-packages/airflow/example_dags/example_task_group_decorator.py
[2024-07-12T08:10:47.014+0000] {processor.py:830} INFO - Processing file /home/airflow/.local/lib/python3.12/site-packages/airflow/example_dags/example_task_group_decorator.py for tasks to queue
[2024-07-12T08:10:47.016+0000] {logging_mixin.py:188} INFO - [2024-07-12T08:10:47.015+0000] {dagbag.py:545} INFO - Filling up the DagBag from /home/airflow/.local/lib/python3.12/site-packages/airflow/example_dags/example_task_group_decorator.py
[2024-07-12T08:10:47.024+0000] {processor.py:840} INFO - DAG(s) 'example_task_group_decorator' retrieved from /home/airflow/.local/lib/python3.12/site-packages/airflow/example_dags/example_task_group_decorator.py
[2024-07-12T08:10:47.038+0000] {logging_mixin.py:188} INFO - [2024-07-12T08:10:47.038+0000] {dag.py:3096} INFO - Sync 1 DAGs
[2024-07-12T08:10:47.051+0000] {logging_mixin.py:188} INFO - [2024-07-12T08:10:47.051+0000] {dag.py:3954} INFO - Setting next_dagrun for example_task_group_decorator to 2024-07-11 00:00:00+00:00, run_after=2024-07-12 00:00:00+00:00
[2024-07-12T08:10:47.065+0000] {processor.py:183} INFO - Processing /home/airflow/.local/lib/python3.12/site-packages/airflow/example_dags/example_task_group_decorator.py took 0.055 seconds
[2024-07-12T08:11:17.094+0000] {processor.py:161} INFO - Started process (PID=429) to work on /home/airflow/.local/lib/python3.12/site-packages/airflow/example_dags/example_task_group_decorator.py
[2024-07-12T08:11:17.095+0000] {processor.py:830} INFO - Processing file /home/airflow/.local/lib/python3.12/site-packages/airflow/example_dags/example_task_group_decorator.py for tasks to queue
[2024-07-12T08:11:17.097+0000] {logging_mixin.py:188} INFO - [2024-07-12T08:11:17.096+0000] {dagbag.py:545} INFO - Filling up the DagBag from /home/airflow/.local/lib/python3.12/site-packages/airflow/example_dags/example_task_group_decorator.py
[2024-07-12T08:11:17.105+0000] {processor.py:840} INFO - DAG(s) 'example_task_group_decorator' retrieved from /home/airflow/.local/lib/python3.12/site-packages/airflow/example_dags/example_task_group_decorator.py
[2024-07-12T08:11:17.120+0000] {logging_mixin.py:188} INFO - [2024-07-12T08:11:17.119+0000] {dag.py:3096} INFO - Sync 1 DAGs
[2024-07-12T08:11:17.133+0000] {logging_mixin.py:188} INFO - [2024-07-12T08:11:17.132+0000] {dag.py:3954} INFO - Setting next_dagrun for example_task_group_decorator to 2024-07-11 00:00:00+00:00, run_after=2024-07-12 00:00:00+00:00
[2024-07-12T08:11:17.147+0000] {processor.py:183} INFO - Processing /home/airflow/.local/lib/python3.12/site-packages/airflow/example_dags/example_task_group_decorator.py took 0.056 seconds
[2024-07-12T08:11:47.214+0000] {processor.py:161} INFO - Started process (PID=487) to work on /home/airflow/.local/lib/python3.12/site-packages/airflow/example_dags/example_task_group_decorator.py
[2024-07-12T08:11:47.215+0000] {processor.py:830} INFO - Processing file /home/airflow/.local/lib/python3.12/site-packages/airflow/example_dags/example_task_group_decorator.py for tasks to queue
[2024-07-12T08:11:47.216+0000] {logging_mixin.py:188} INFO - [2024-07-12T08:11:47.216+0000] {dagbag.py:545} INFO - Filling up the DagBag from /home/airflow/.local/lib/python3.12/site-packages/airflow/example_dags/example_task_group_decorator.py
[2024-07-12T08:11:47.227+0000] {processor.py:840} INFO - DAG(s) 'example_task_group_decorator' retrieved from /home/airflow/.local/lib/python3.12/site-packages/airflow/example_dags/example_task_group_decorator.py
[2024-07-12T08:11:47.243+0000] {logging_mixin.py:188} INFO - [2024-07-12T08:11:47.243+0000] {dag.py:3096} INFO - Sync 1 DAGs
[2024-07-12T08:11:47.258+0000] {logging_mixin.py:188} INFO - [2024-07-12T08:11:47.257+0000] {dag.py:3954} INFO - Setting next_dagrun for example_task_group_decorator to 2024-07-11 00:00:00+00:00, run_after=2024-07-12 00:00:00+00:00
[2024-07-12T08:11:47.273+0000] {processor.py:183} INFO - Processing /home/airflow/.local/lib/python3.12/site-packages/airflow/example_dags/example_task_group_decorator.py took 0.063 seconds
[2024-07-12T08:12:17.356+0000] {processor.py:161} INFO - Started process (PID=545) to work on /home/airflow/.local/lib/python3.12/site-packages/airflow/example_dags/example_task_group_decorator.py
[2024-07-12T08:12:17.357+0000] {processor.py:830} INFO - Processing file /home/airflow/.local/lib/python3.12/site-packages/airflow/example_dags/example_task_group_decorator.py for tasks to queue
[2024-07-12T08:12:17.358+0000] {logging_mixin.py:188} INFO - [2024-07-12T08:12:17.358+0000] {dagbag.py:545} INFO - Filling up the DagBag from /home/airflow/.local/lib/python3.12/site-packages/airflow/example_dags/example_task_group_decorator.py
[2024-07-12T08:12:17.368+0000] {processor.py:840} INFO - DAG(s) 'example_task_group_decorator' retrieved from /home/airflow/.local/lib/python3.12/site-packages/airflow/example_dags/example_task_group_decorator.py
[2024-07-12T08:12:17.383+0000] {logging_mixin.py:188} INFO - [2024-07-12T08:12:17.382+0000] {dag.py:3096} INFO - Sync 1 DAGs
[2024-07-12T08:12:17.396+0000] {logging_mixin.py:188} INFO - [2024-07-12T08:12:17.396+0000] {dag.py:3954} INFO - Setting next_dagrun for example_task_group_decorator to 2024-07-11 00:00:00+00:00, run_after=2024-07-12 00:00:00+00:00
[2024-07-12T08:12:17.411+0000] {processor.py:183} INFO - Processing /home/airflow/.local/lib/python3.12/site-packages/airflow/example_dags/example_task_group_decorator.py took 0.059 seconds
[2024-07-12T08:12:47.613+0000] {processor.py:161} INFO - Started process (PID=603) to work on /home/airflow/.local/lib/python3.12/site-packages/airflow/example_dags/example_task_group_decorator.py
[2024-07-12T08:12:47.613+0000] {processor.py:830} INFO - Processing file /home/airflow/.local/lib/python3.12/site-packages/airflow/example_dags/example_task_group_decorator.py for tasks to queue
[2024-07-12T08:12:47.615+0000] {logging_mixin.py:188} INFO - [2024-07-12T08:12:47.615+0000] {dagbag.py:545} INFO - Filling up the DagBag from /home/airflow/.local/lib/python3.12/site-packages/airflow/example_dags/example_task_group_decorator.py
[2024-07-12T08:12:47.624+0000] {processor.py:840} INFO - DAG(s) 'example_task_group_decorator' retrieved from /home/airflow/.local/lib/python3.12/site-packages/airflow/example_dags/example_task_group_decorator.py
[2024-07-12T08:12:47.639+0000] {logging_mixin.py:188} INFO - [2024-07-12T08:12:47.639+0000] {dag.py:3096} INFO - Sync 1 DAGs
[2024-07-12T08:12:47.654+0000] {logging_mixin.py:188} INFO - [2024-07-12T08:12:47.654+0000] {dag.py:3954} INFO - Setting next_dagrun for example_task_group_decorator to 2024-07-11 00:00:00+00:00, run_after=2024-07-12 00:00:00+00:00
[2024-07-12T08:12:47.670+0000] {processor.py:183} INFO - Processing /home/airflow/.local/lib/python3.12/site-packages/airflow/example_dags/example_task_group_decorator.py took 0.061 seconds
[2024-07-12T08:13:18.069+0000] {processor.py:161} INFO - Started process (PID=661) to work on /home/airflow/.local/lib/python3.12/site-packages/airflow/example_dags/example_task_group_decorator.py
[2024-07-12T08:13:18.070+0000] {processor.py:830} INFO - Processing file /home/airflow/.local/lib/python3.12/site-packages/airflow/example_dags/example_task_group_decorator.py for tasks to queue
[2024-07-12T08:13:18.072+0000] {logging_mixin.py:188} INFO - [2024-07-12T08:13:18.071+0000] {dagbag.py:545} INFO - Filling up the DagBag from /home/airflow/.local/lib/python3.12/site-packages/airflow/example_dags/example_task_group_decorator.py
[2024-07-12T08:13:18.082+0000] {processor.py:840} INFO - DAG(s) 'example_task_group_decorator' retrieved from /home/airflow/.local/lib/python3.12/site-packages/airflow/example_dags/example_task_group_decorator.py
[2024-07-12T08:13:18.099+0000] {logging_mixin.py:188} INFO - [2024-07-12T08:13:18.099+0000] {dag.py:3096} INFO - Sync 1 DAGs
[2024-07-12T08:13:18.114+0000] {logging_mixin.py:188} INFO - [2024-07-12T08:13:18.114+0000] {dag.py:3954} INFO - Setting next_dagrun for example_task_group_decorator to 2024-07-11 00:00:00+00:00, run_after=2024-07-12 00:00:00+00:00
[2024-07-12T08:13:18.130+0000] {processor.py:183} INFO - Processing /home/airflow/.local/lib/python3.12/site-packages/airflow/example_dags/example_task_group_decorator.py took 0.065 seconds
[2024-07-12T08:13:48.524+0000] {processor.py:161} INFO - Started process (PID=719) to work on /home/airflow/.local/lib/python3.12/site-packages/airflow/example_dags/example_task_group_decorator.py
[2024-07-12T08:13:48.525+0000] {processor.py:830} INFO - Processing file /home/airflow/.local/lib/python3.12/site-packages/airflow/example_dags/example_task_group_decorator.py for tasks to queue
[2024-07-12T08:13:48.527+0000] {logging_mixin.py:188} INFO - [2024-07-12T08:13:48.527+0000] {dagbag.py:545} INFO - Filling up the DagBag from /home/airflow/.local/lib/python3.12/site-packages/airflow/example_dags/example_task_group_decorator.py
[2024-07-12T08:13:48.537+0000] {processor.py:840} INFO - DAG(s) 'example_task_group_decorator' retrieved from /home/airflow/.local/lib/python3.12/site-packages/airflow/example_dags/example_task_group_decorator.py
[2024-07-12T08:13:48.553+0000] {logging_mixin.py:188} INFO - [2024-07-12T08:13:48.552+0000] {dag.py:3096} INFO - Sync 1 DAGs
[2024-07-12T08:13:48.568+0000] {logging_mixin.py:188} INFO - [2024-07-12T08:13:48.567+0000] {dag.py:3954} INFO - Setting next_dagrun for example_task_group_decorator to 2024-07-11 00:00:00+00:00, run_after=2024-07-12 00:00:00+00:00
[2024-07-12T08:13:48.582+0000] {processor.py:183} INFO - Processing /home/airflow/.local/lib/python3.12/site-packages/airflow/example_dags/example_task_group_decorator.py took 0.062 seconds
[2024-07-12T08:14:18.729+0000] {processor.py:161} INFO - Started process (PID=778) to work on /home/airflow/.local/lib/python3.12/site-packages/airflow/example_dags/example_task_group_decorator.py
[2024-07-12T08:14:18.730+0000] {processor.py:830} INFO - Processing file /home/airflow/.local/lib/python3.12/site-packages/airflow/example_dags/example_task_group_decorator.py for tasks to queue
[2024-07-12T08:14:18.733+0000] {logging_mixin.py:188} INFO - [2024-07-12T08:14:18.733+0000] {dagbag.py:545} INFO - Filling up the DagBag from /home/airflow/.local/lib/python3.12/site-packages/airflow/example_dags/example_task_group_decorator.py
[2024-07-12T08:14:18.743+0000] {processor.py:840} INFO - DAG(s) 'example_task_group_decorator' retrieved from /home/airflow/.local/lib/python3.12/site-packages/airflow/example_dags/example_task_group_decorator.py
[2024-07-12T08:14:18.759+0000] {logging_mixin.py:188} INFO - [2024-07-12T08:14:18.759+0000] {dag.py:3096} INFO - Sync 1 DAGs
[2024-07-12T08:14:18.773+0000] {logging_mixin.py:188} INFO - [2024-07-12T08:14:18.773+0000] {dag.py:3954} INFO - Setting next_dagrun for example_task_group_decorator to 2024-07-11 00:00:00+00:00, run_after=2024-07-12 00:00:00+00:00
[2024-07-12T08:14:18.788+0000] {processor.py:183} INFO - Processing /home/airflow/.local/lib/python3.12/site-packages/airflow/example_dags/example_task_group_decorator.py took 0.063 seconds
[2024-07-12T08:14:48.927+0000] {processor.py:161} INFO - Started process (PID=836) to work on /home/airflow/.local/lib/python3.12/site-packages/airflow/example_dags/example_task_group_decorator.py
[2024-07-12T08:14:48.928+0000] {processor.py:830} INFO - Processing file /home/airflow/.local/lib/python3.12/site-packages/airflow/example_dags/example_task_group_decorator.py for tasks to queue
[2024-07-12T08:14:48.930+0000] {logging_mixin.py:188} INFO - [2024-07-12T08:14:48.929+0000] {dagbag.py:545} INFO - Filling up the DagBag from /home/airflow/.local/lib/python3.12/site-packages/airflow/example_dags/example_task_group_decorator.py
[2024-07-12T08:14:48.940+0000] {processor.py:840} INFO - DAG(s) 'example_task_group_decorator' retrieved from /home/airflow/.local/lib/python3.12/site-packages/airflow/example_dags/example_task_group_decorator.py
[2024-07-12T08:14:48.956+0000] {logging_mixin.py:188} INFO - [2024-07-12T08:14:48.955+0000] {dag.py:3096} INFO - Sync 1 DAGs
[2024-07-12T08:14:48.973+0000] {logging_mixin.py:188} INFO - [2024-07-12T08:14:48.973+0000] {dag.py:3954} INFO - Setting next_dagrun for example_task_group_decorator to 2024-07-11 00:00:00+00:00, run_after=2024-07-12 00:00:00+00:00
[2024-07-12T08:14:48.991+0000] {processor.py:183} INFO - Processing /home/airflow/.local/lib/python3.12/site-packages/airflow/example_dags/example_task_group_decorator.py took 0.068 seconds
[2024-07-12T08:15:19.013+0000] {processor.py:161} INFO - Started process (PID=893) to work on /home/airflow/.local/lib/python3.12/site-packages/airflow/example_dags/example_task_group_decorator.py
[2024-07-12T08:15:19.014+0000] {processor.py:830} INFO - Processing file /home/airflow/.local/lib/python3.12/site-packages/airflow/example_dags/example_task_group_decorator.py for tasks to queue
[2024-07-12T08:15:19.015+0000] {logging_mixin.py:188} INFO - [2024-07-12T08:15:19.015+0000] {dagbag.py:545} INFO - Filling up the DagBag from /home/airflow/.local/lib/python3.12/site-packages/airflow/example_dags/example_task_group_decorator.py
[2024-07-12T08:15:19.024+0000] {processor.py:840} INFO - DAG(s) 'example_task_group_decorator' retrieved from /home/airflow/.local/lib/python3.12/site-packages/airflow/example_dags/example_task_group_decorator.py
[2024-07-12T08:15:19.038+0000] {logging_mixin.py:188} INFO - [2024-07-12T08:15:19.038+0000] {dag.py:3096} INFO - Sync 1 DAGs
[2024-07-12T08:15:19.051+0000] {logging_mixin.py:188} INFO - [2024-07-12T08:15:19.051+0000] {dag.py:3954} INFO - Setting next_dagrun for example_task_group_decorator to 2024-07-11 00:00:00+00:00, run_after=2024-07-12 00:00:00+00:00
[2024-07-12T08:15:19.064+0000] {processor.py:183} INFO - Processing /home/airflow/.local/lib/python3.12/site-packages/airflow/example_dags/example_task_group_decorator.py took 0.055 seconds
[2024-07-12T08:15:49.320+0000] {processor.py:161} INFO - Started process (PID=952) to work on /home/airflow/.local/lib/python3.12/site-packages/airflow/example_dags/example_task_group_decorator.py
[2024-07-12T08:15:49.321+0000] {processor.py:830} INFO - Processing file /home/airflow/.local/lib/python3.12/site-packages/airflow/example_dags/example_task_group_decorator.py for tasks to queue
[2024-07-12T08:15:49.322+0000] {logging_mixin.py:188} INFO - [2024-07-12T08:15:49.322+0000] {dagbag.py:545} INFO - Filling up the DagBag from /home/airflow/.local/lib/python3.12/site-packages/airflow/example_dags/example_task_group_decorator.py
[2024-07-12T08:15:49.331+0000] {processor.py:840} INFO - DAG(s) 'example_task_group_decorator' retrieved from /home/airflow/.local/lib/python3.12/site-packages/airflow/example_dags/example_task_group_decorator.py
[2024-07-12T08:15:49.345+0000] {logging_mixin.py:188} INFO - [2024-07-12T08:15:49.345+0000] {dag.py:3096} INFO - Sync 1 DAGs
[2024-07-12T08:15:49.359+0000] {logging_mixin.py:188} INFO - [2024-07-12T08:15:49.359+0000] {dag.py:3954} INFO - Setting next_dagrun for example_task_group_decorator to 2024-07-11 00:00:00+00:00, run_after=2024-07-12 00:00:00+00:00
[2024-07-12T08:15:49.373+0000] {processor.py:183} INFO - Processing /home/airflow/.local/lib/python3.12/site-packages/airflow/example_dags/example_task_group_decorator.py took 0.057 seconds
[2024-07-12T08:16:20.320+0000] {processor.py:161} INFO - Started process (PID=1010) to work on /home/airflow/.local/lib/python3.12/site-packages/airflow/example_dags/example_task_group_decorator.py
[2024-07-12T08:16:20.320+0000] {processor.py:830} INFO - Processing file /home/airflow/.local/lib/python3.12/site-packages/airflow/example_dags/example_task_group_decorator.py for tasks to queue
[2024-07-12T08:16:20.321+0000] {logging_mixin.py:188} INFO - [2024-07-12T08:16:20.321+0000] {dagbag.py:545} INFO - Filling up the DagBag from /home/airflow/.local/lib/python3.12/site-packages/airflow/example_dags/example_task_group_decorator.py
[2024-07-12T08:16:20.330+0000] {processor.py:840} INFO - DAG(s) 'example_task_group_decorator' retrieved from /home/airflow/.local/lib/python3.12/site-packages/airflow/example_dags/example_task_group_decorator.py
[2024-07-12T08:16:20.344+0000] {logging_mixin.py:188} INFO - [2024-07-12T08:16:20.344+0000] {dag.py:3096} INFO - Sync 1 DAGs
[2024-07-12T08:16:20.357+0000] {logging_mixin.py:188} INFO - [2024-07-12T08:16:20.357+0000] {dag.py:3954} INFO - Setting next_dagrun for example_task_group_decorator to 2024-07-11 00:00:00+00:00, run_after=2024-07-12 00:00:00+00:00
[2024-07-12T08:16:20.370+0000] {processor.py:183} INFO - Processing /home/airflow/.local/lib/python3.12/site-packages/airflow/example_dags/example_task_group_decorator.py took 0.054 seconds
[2024-07-12T08:16:50.594+0000] {processor.py:161} INFO - Started process (PID=1068) to work on /home/airflow/.local/lib/python3.12/site-packages/airflow/example_dags/example_task_group_decorator.py
[2024-07-12T08:16:50.594+0000] {processor.py:830} INFO - Processing file /home/airflow/.local/lib/python3.12/site-packages/airflow/example_dags/example_task_group_decorator.py for tasks to queue
[2024-07-12T08:16:50.596+0000] {logging_mixin.py:188} INFO - [2024-07-12T08:16:50.595+0000] {dagbag.py:545} INFO - Filling up the DagBag from /home/airflow/.local/lib/python3.12/site-packages/airflow/example_dags/example_task_group_decorator.py
[2024-07-12T08:16:50.604+0000] {processor.py:840} INFO - DAG(s) 'example_task_group_decorator' retrieved from /home/airflow/.local/lib/python3.12/site-packages/airflow/example_dags/example_task_group_decorator.py
[2024-07-12T08:16:50.619+0000] {logging_mixin.py:188} INFO - [2024-07-12T08:16:50.619+0000] {dag.py:3096} INFO - Sync 1 DAGs
[2024-07-12T08:16:50.632+0000] {logging_mixin.py:188} INFO - [2024-07-12T08:16:50.632+0000] {dag.py:3954} INFO - Setting next_dagrun for example_task_group_decorator to 2024-07-11 00:00:00+00:00, run_after=2024-07-12 00:00:00+00:00
[2024-07-12T08:16:50.646+0000] {processor.py:183} INFO - Processing /home/airflow/.local/lib/python3.12/site-packages/airflow/example_dags/example_task_group_decorator.py took 0.056 seconds
[2024-07-12T08:17:20.876+0000] {processor.py:161} INFO - Started process (PID=1126) to work on /home/airflow/.local/lib/python3.12/site-packages/airflow/example_dags/example_task_group_decorator.py
[2024-07-12T08:17:20.877+0000] {processor.py:830} INFO - Processing file /home/airflow/.local/lib/python3.12/site-packages/airflow/example_dags/example_task_group_decorator.py for tasks to queue
[2024-07-12T08:17:20.878+0000] {logging_mixin.py:188} INFO - [2024-07-12T08:17:20.878+0000] {dagbag.py:545} INFO - Filling up the DagBag from /home/airflow/.local/lib/python3.12/site-packages/airflow/example_dags/example_task_group_decorator.py
[2024-07-12T08:17:20.887+0000] {processor.py:840} INFO - DAG(s) 'example_task_group_decorator' retrieved from /home/airflow/.local/lib/python3.12/site-packages/airflow/example_dags/example_task_group_decorator.py
[2024-07-12T08:17:20.901+0000] {logging_mixin.py:188} INFO - [2024-07-12T08:17:20.901+0000] {dag.py:3096} INFO - Sync 1 DAGs
[2024-07-12T08:17:20.915+0000] {logging_mixin.py:188} INFO - [2024-07-12T08:17:20.914+0000] {dag.py:3954} INFO - Setting next_dagrun for example_task_group_decorator to 2024-07-11 00:00:00+00:00, run_after=2024-07-12 00:00:00+00:00
[2024-07-12T08:17:20.927+0000] {processor.py:183} INFO - Processing /home/airflow/.local/lib/python3.12/site-packages/airflow/example_dags/example_task_group_decorator.py took 0.056 seconds
[2024-07-12T08:17:51.175+0000] {processor.py:161} INFO - Started process (PID=1184) to work on /home/airflow/.local/lib/python3.12/site-packages/airflow/example_dags/example_task_group_decorator.py
[2024-07-12T08:17:51.176+0000] {processor.py:830} INFO - Processing file /home/airflow/.local/lib/python3.12/site-packages/airflow/example_dags/example_task_group_decorator.py for tasks to queue
[2024-07-12T08:17:51.177+0000] {logging_mixin.py:188} INFO - [2024-07-12T08:17:51.177+0000] {dagbag.py:545} INFO - Filling up the DagBag from /home/airflow/.local/lib/python3.12/site-packages/airflow/example_dags/example_task_group_decorator.py
[2024-07-12T08:17:51.187+0000] {processor.py:840} INFO - DAG(s) 'example_task_group_decorator' retrieved from /home/airflow/.local/lib/python3.12/site-packages/airflow/example_dags/example_task_group_decorator.py
[2024-07-12T08:17:51.202+0000] {logging_mixin.py:188} INFO - [2024-07-12T08:17:51.202+0000] {dag.py:3096} INFO - Sync 1 DAGs
[2024-07-12T08:17:51.217+0000] {logging_mixin.py:188} INFO - [2024-07-12T08:17:51.216+0000] {dag.py:3954} INFO - Setting next_dagrun for example_task_group_decorator to 2024-07-11 00:00:00+00:00, run_after=2024-07-12 00:00:00+00:00
[2024-07-12T08:17:51.231+0000] {processor.py:183} INFO - Processing /home/airflow/.local/lib/python3.12/site-packages/airflow/example_dags/example_task_group_decorator.py took 0.060 seconds
[2024-07-12T08:18:21.481+0000] {processor.py:161} INFO - Started process (PID=1242) to work on /home/airflow/.local/lib/python3.12/site-packages/airflow/example_dags/example_task_group_decorator.py
[2024-07-12T08:18:21.482+0000] {processor.py:830} INFO - Processing file /home/airflow/.local/lib/python3.12/site-packages/airflow/example_dags/example_task_group_decorator.py for tasks to queue
[2024-07-12T08:18:21.483+0000] {logging_mixin.py:188} INFO - [2024-07-12T08:18:21.483+0000] {dagbag.py:545} INFO - Filling up the DagBag from /home/airflow/.local/lib/python3.12/site-packages/airflow/example_dags/example_task_group_decorator.py
[2024-07-12T08:18:21.492+0000] {processor.py:840} INFO - DAG(s) 'example_task_group_decorator' retrieved from /home/airflow/.local/lib/python3.12/site-packages/airflow/example_dags/example_task_group_decorator.py
[2024-07-12T08:18:21.508+0000] {logging_mixin.py:188} INFO - [2024-07-12T08:18:21.507+0000] {dag.py:3096} INFO - Sync 1 DAGs
[2024-07-12T08:18:21.521+0000] {logging_mixin.py:188} INFO - [2024-07-12T08:18:21.521+0000] {dag.py:3954} INFO - Setting next_dagrun for example_task_group_decorator to 2024-07-11 00:00:00+00:00, run_after=2024-07-12 00:00:00+00:00
[2024-07-12T08:18:21.535+0000] {processor.py:183} INFO - Processing /home/airflow/.local/lib/python3.12/site-packages/airflow/example_dags/example_task_group_decorator.py took 0.057 seconds
[2024-07-12T08:18:51.736+0000] {processor.py:161} INFO - Started process (PID=1300) to work on /home/airflow/.local/lib/python3.12/site-packages/airflow/example_dags/example_task_group_decorator.py
[2024-07-12T08:18:51.737+0000] {processor.py:830} INFO - Processing file /home/airflow/.local/lib/python3.12/site-packages/airflow/example_dags/example_task_group_decorator.py for tasks to queue
[2024-07-12T08:18:51.738+0000] {logging_mixin.py:188} INFO - [2024-07-12T08:18:51.738+0000] {dagbag.py:545} INFO - Filling up the DagBag from /home/airflow/.local/lib/python3.12/site-packages/airflow/example_dags/example_task_group_decorator.py
[2024-07-12T08:18:51.748+0000] {processor.py:840} INFO - DAG(s) 'example_task_group_decorator' retrieved from /home/airflow/.local/lib/python3.12/site-packages/airflow/example_dags/example_task_group_decorator.py
[2024-07-12T08:18:51.763+0000] {logging_mixin.py:188} INFO - [2024-07-12T08:18:51.763+0000] {dag.py:3096} INFO - Sync 1 DAGs
[2024-07-12T08:18:51.776+0000] {logging_mixin.py:188} INFO - [2024-07-12T08:18:51.776+0000] {dag.py:3954} INFO - Setting next_dagrun for example_task_group_decorator to 2024-07-11 00:00:00+00:00, run_after=2024-07-12 00:00:00+00:00
[2024-07-12T08:18:51.790+0000] {processor.py:183} INFO - Processing /home/airflow/.local/lib/python3.12/site-packages/airflow/example_dags/example_task_group_decorator.py took 0.057 seconds
[2024-07-12T08:19:22.102+0000] {processor.py:161} INFO - Started process (PID=1358) to work on /home/airflow/.local/lib/python3.12/site-packages/airflow/example_dags/example_task_group_decorator.py
[2024-07-12T08:19:22.103+0000] {processor.py:830} INFO - Processing file /home/airflow/.local/lib/python3.12/site-packages/airflow/example_dags/example_task_group_decorator.py for tasks to queue
[2024-07-12T08:19:22.104+0000] {logging_mixin.py:188} INFO - [2024-07-12T08:19:22.104+0000] {dagbag.py:545} INFO - Filling up the DagBag from /home/airflow/.local/lib/python3.12/site-packages/airflow/example_dags/example_task_group_decorator.py
[2024-07-12T08:19:22.113+0000] {processor.py:840} INFO - DAG(s) 'example_task_group_decorator' retrieved from /home/airflow/.local/lib/python3.12/site-packages/airflow/example_dags/example_task_group_decorator.py
[2024-07-12T08:19:22.131+0000] {logging_mixin.py:188} INFO - [2024-07-12T08:19:22.130+0000] {dag.py:3096} INFO - Sync 1 DAGs
[2024-07-12T08:19:22.144+0000] {logging_mixin.py:188} INFO - [2024-07-12T08:19:22.144+0000] {dag.py:3954} INFO - Setting next_dagrun for example_task_group_decorator to 2024-07-11 00:00:00+00:00, run_after=2024-07-12 00:00:00+00:00
[2024-07-12T08:19:22.166+0000] {processor.py:183} INFO - Processing /home/airflow/.local/lib/python3.12/site-packages/airflow/example_dags/example_task_group_decorator.py took 0.068 seconds
[2024-07-12T08:19:52.279+0000] {processor.py:161} INFO - Started process (PID=1416) to work on /home/airflow/.local/lib/python3.12/site-packages/airflow/example_dags/example_task_group_decorator.py
[2024-07-12T08:19:52.280+0000] {processor.py:830} INFO - Processing file /home/airflow/.local/lib/python3.12/site-packages/airflow/example_dags/example_task_group_decorator.py for tasks to queue
[2024-07-12T08:19:52.282+0000] {logging_mixin.py:188} INFO - [2024-07-12T08:19:52.281+0000] {dagbag.py:545} INFO - Filling up the DagBag from /home/airflow/.local/lib/python3.12/site-packages/airflow/example_dags/example_task_group_decorator.py
[2024-07-12T08:19:52.290+0000] {processor.py:840} INFO - DAG(s) 'example_task_group_decorator' retrieved from /home/airflow/.local/lib/python3.12/site-packages/airflow/example_dags/example_task_group_decorator.py
[2024-07-12T08:19:52.306+0000] {logging_mixin.py:188} INFO - [2024-07-12T08:19:52.305+0000] {dag.py:3096} INFO - Sync 1 DAGs
[2024-07-12T08:19:52.320+0000] {logging_mixin.py:188} INFO - [2024-07-12T08:19:52.320+0000] {dag.py:3954} INFO - Setting next_dagrun for example_task_group_decorator to 2024-07-11 00:00:00+00:00, run_after=2024-07-12 00:00:00+00:00
[2024-07-12T08:19:52.333+0000] {processor.py:183} INFO - Processing /home/airflow/.local/lib/python3.12/site-packages/airflow/example_dags/example_task_group_decorator.py took 0.058 seconds
[2024-07-12T08:20:22.476+0000] {processor.py:161} INFO - Started process (PID=1474) to work on /home/airflow/.local/lib/python3.12/site-packages/airflow/example_dags/example_task_group_decorator.py
[2024-07-12T08:20:22.477+0000] {processor.py:830} INFO - Processing file /home/airflow/.local/lib/python3.12/site-packages/airflow/example_dags/example_task_group_decorator.py for tasks to queue
[2024-07-12T08:20:22.478+0000] {logging_mixin.py:188} INFO - [2024-07-12T08:20:22.478+0000] {dagbag.py:545} INFO - Filling up the DagBag from /home/airflow/.local/lib/python3.12/site-packages/airflow/example_dags/example_task_group_decorator.py
[2024-07-12T08:20:22.487+0000] {processor.py:840} INFO - DAG(s) 'example_task_group_decorator' retrieved from /home/airflow/.local/lib/python3.12/site-packages/airflow/example_dags/example_task_group_decorator.py
[2024-07-12T08:20:22.503+0000] {logging_mixin.py:188} INFO - [2024-07-12T08:20:22.503+0000] {dag.py:3096} INFO - Sync 1 DAGs
[2024-07-12T08:20:22.517+0000] {logging_mixin.py:188} INFO - [2024-07-12T08:20:22.517+0000] {dag.py:3954} INFO - Setting next_dagrun for example_task_group_decorator to 2024-07-11 00:00:00+00:00, run_after=2024-07-12 00:00:00+00:00
[2024-07-12T08:20:22.530+0000] {processor.py:183} INFO - Processing /home/airflow/.local/lib/python3.12/site-packages/airflow/example_dags/example_task_group_decorator.py took 0.058 seconds
[2024-07-12T08:22:56.085+0000] {processor.py:161} INFO - Started process (PID=77) to work on /home/airflow/.local/lib/python3.12/site-packages/airflow/example_dags/example_task_group_decorator.py
[2024-07-12T08:22:56.086+0000] {processor.py:830} INFO - Processing file /home/airflow/.local/lib/python3.12/site-packages/airflow/example_dags/example_task_group_decorator.py for tasks to queue
[2024-07-12T08:22:56.088+0000] {logging_mixin.py:188} INFO - [2024-07-12T08:22:56.088+0000] {dagbag.py:545} INFO - Filling up the DagBag from /home/airflow/.local/lib/python3.12/site-packages/airflow/example_dags/example_task_group_decorator.py
[2024-07-12T08:22:56.100+0000] {processor.py:840} INFO - DAG(s) 'example_task_group_decorator' retrieved from /home/airflow/.local/lib/python3.12/site-packages/airflow/example_dags/example_task_group_decorator.py
[2024-07-12T08:22:56.106+0000] {logging_mixin.py:188} INFO - [2024-07-12T08:22:56.106+0000] {dag.py:3096} INFO - Sync 1 DAGs
[2024-07-12T08:22:56.124+0000] {logging_mixin.py:188} INFO - [2024-07-12T08:22:56.123+0000] {dag.py:3954} INFO - Setting next_dagrun for example_task_group_decorator to 2024-07-11 00:00:00+00:00, run_after=2024-07-12 00:00:00+00:00
[2024-07-12T08:22:56.140+0000] {processor.py:183} INFO - Processing /home/airflow/.local/lib/python3.12/site-packages/airflow/example_dags/example_task_group_decorator.py took 0.059 seconds
[2024-07-12T08:23:27.242+0000] {processor.py:161} INFO - Started process (PID=135) to work on /home/airflow/.local/lib/python3.12/site-packages/airflow/example_dags/example_task_group_decorator.py
[2024-07-12T08:23:27.243+0000] {processor.py:830} INFO - Processing file /home/airflow/.local/lib/python3.12/site-packages/airflow/example_dags/example_task_group_decorator.py for tasks to queue
[2024-07-12T08:23:27.244+0000] {logging_mixin.py:188} INFO - [2024-07-12T08:23:27.244+0000] {dagbag.py:545} INFO - Filling up the DagBag from /home/airflow/.local/lib/python3.12/site-packages/airflow/example_dags/example_task_group_decorator.py
[2024-07-12T08:23:27.254+0000] {processor.py:840} INFO - DAG(s) 'example_task_group_decorator' retrieved from /home/airflow/.local/lib/python3.12/site-packages/airflow/example_dags/example_task_group_decorator.py
[2024-07-12T08:23:27.324+0000] {logging_mixin.py:188} INFO - [2024-07-12T08:23:27.324+0000] {dag.py:3096} INFO - Sync 1 DAGs
[2024-07-12T08:23:27.336+0000] {logging_mixin.py:188} INFO - [2024-07-12T08:23:27.336+0000] {dag.py:3954} INFO - Setting next_dagrun for example_task_group_decorator to 2024-07-11 00:00:00+00:00, run_after=2024-07-12 00:00:00+00:00
[2024-07-12T08:23:27.354+0000] {processor.py:183} INFO - Processing /home/airflow/.local/lib/python3.12/site-packages/airflow/example_dags/example_task_group_decorator.py took 0.116 seconds
[2024-07-12T08:23:57.943+0000] {processor.py:161} INFO - Started process (PID=193) to work on /home/airflow/.local/lib/python3.12/site-packages/airflow/example_dags/example_task_group_decorator.py
[2024-07-12T08:23:57.944+0000] {processor.py:830} INFO - Processing file /home/airflow/.local/lib/python3.12/site-packages/airflow/example_dags/example_task_group_decorator.py for tasks to queue
[2024-07-12T08:23:57.945+0000] {logging_mixin.py:188} INFO - [2024-07-12T08:23:57.945+0000] {dagbag.py:545} INFO - Filling up the DagBag from /home/airflow/.local/lib/python3.12/site-packages/airflow/example_dags/example_task_group_decorator.py
[2024-07-12T08:23:57.955+0000] {processor.py:840} INFO - DAG(s) 'example_task_group_decorator' retrieved from /home/airflow/.local/lib/python3.12/site-packages/airflow/example_dags/example_task_group_decorator.py
[2024-07-12T08:23:57.970+0000] {logging_mixin.py:188} INFO - [2024-07-12T08:23:57.970+0000] {dag.py:3096} INFO - Sync 1 DAGs
[2024-07-12T08:23:57.983+0000] {logging_mixin.py:188} INFO - [2024-07-12T08:23:57.983+0000] {dag.py:3954} INFO - Setting next_dagrun for example_task_group_decorator to 2024-07-11 00:00:00+00:00, run_after=2024-07-12 00:00:00+00:00
[2024-07-12T08:23:57.997+0000] {processor.py:183} INFO - Processing /home/airflow/.local/lib/python3.12/site-packages/airflow/example_dags/example_task_group_decorator.py took 0.058 seconds
[2024-07-12T08:24:28.183+0000] {processor.py:161} INFO - Started process (PID=251) to work on /home/airflow/.local/lib/python3.12/site-packages/airflow/example_dags/example_task_group_decorator.py
[2024-07-12T08:24:28.184+0000] {processor.py:830} INFO - Processing file /home/airflow/.local/lib/python3.12/site-packages/airflow/example_dags/example_task_group_decorator.py for tasks to queue
[2024-07-12T08:24:28.186+0000] {logging_mixin.py:188} INFO - [2024-07-12T08:24:28.185+0000] {dagbag.py:545} INFO - Filling up the DagBag from /home/airflow/.local/lib/python3.12/site-packages/airflow/example_dags/example_task_group_decorator.py
[2024-07-12T08:24:28.195+0000] {processor.py:840} INFO - DAG(s) 'example_task_group_decorator' retrieved from /home/airflow/.local/lib/python3.12/site-packages/airflow/example_dags/example_task_group_decorator.py
[2024-07-12T08:24:28.210+0000] {logging_mixin.py:188} INFO - [2024-07-12T08:24:28.210+0000] {dag.py:3096} INFO - Sync 1 DAGs
[2024-07-12T08:24:28.226+0000] {logging_mixin.py:188} INFO - [2024-07-12T08:24:28.226+0000] {dag.py:3954} INFO - Setting next_dagrun for example_task_group_decorator to 2024-07-11 00:00:00+00:00, run_after=2024-07-12 00:00:00+00:00
[2024-07-12T08:24:28.242+0000] {processor.py:183} INFO - Processing /home/airflow/.local/lib/python3.12/site-packages/airflow/example_dags/example_task_group_decorator.py took 0.063 seconds
[2024-07-12T08:24:58.261+0000] {processor.py:161} INFO - Started process (PID=308) to work on /home/airflow/.local/lib/python3.12/site-packages/airflow/example_dags/example_task_group_decorator.py
[2024-07-12T08:24:58.261+0000] {processor.py:830} INFO - Processing file /home/airflow/.local/lib/python3.12/site-packages/airflow/example_dags/example_task_group_decorator.py for tasks to queue
[2024-07-12T08:24:58.262+0000] {logging_mixin.py:188} INFO - [2024-07-12T08:24:58.262+0000] {dagbag.py:545} INFO - Filling up the DagBag from /home/airflow/.local/lib/python3.12/site-packages/airflow/example_dags/example_task_group_decorator.py
[2024-07-12T08:24:58.271+0000] {processor.py:840} INFO - DAG(s) 'example_task_group_decorator' retrieved from /home/airflow/.local/lib/python3.12/site-packages/airflow/example_dags/example_task_group_decorator.py
[2024-07-12T08:24:58.286+0000] {logging_mixin.py:188} INFO - [2024-07-12T08:24:58.285+0000] {dag.py:3096} INFO - Sync 1 DAGs
[2024-07-12T08:24:58.298+0000] {logging_mixin.py:188} INFO - [2024-07-12T08:24:58.298+0000] {dag.py:3954} INFO - Setting next_dagrun for example_task_group_decorator to 2024-07-11 00:00:00+00:00, run_after=2024-07-12 00:00:00+00:00
[2024-07-12T08:24:58.311+0000] {processor.py:183} INFO - Processing /home/airflow/.local/lib/python3.12/site-packages/airflow/example_dags/example_task_group_decorator.py took 0.055 seconds
[2024-07-12T08:25:28.539+0000] {processor.py:161} INFO - Started process (PID=367) to work on /home/airflow/.local/lib/python3.12/site-packages/airflow/example_dags/example_task_group_decorator.py
[2024-07-12T08:25:28.539+0000] {processor.py:830} INFO - Processing file /home/airflow/.local/lib/python3.12/site-packages/airflow/example_dags/example_task_group_decorator.py for tasks to queue
[2024-07-12T08:25:28.541+0000] {logging_mixin.py:188} INFO - [2024-07-12T08:25:28.541+0000] {dagbag.py:545} INFO - Filling up the DagBag from /home/airflow/.local/lib/python3.12/site-packages/airflow/example_dags/example_task_group_decorator.py
[2024-07-12T08:25:28.550+0000] {processor.py:840} INFO - DAG(s) 'example_task_group_decorator' retrieved from /home/airflow/.local/lib/python3.12/site-packages/airflow/example_dags/example_task_group_decorator.py
[2024-07-12T08:25:28.566+0000] {logging_mixin.py:188} INFO - [2024-07-12T08:25:28.565+0000] {dag.py:3096} INFO - Sync 1 DAGs
[2024-07-12T08:25:28.579+0000] {logging_mixin.py:188} INFO - [2024-07-12T08:25:28.579+0000] {dag.py:3954} INFO - Setting next_dagrun for example_task_group_decorator to 2024-07-11 00:00:00+00:00, run_after=2024-07-12 00:00:00+00:00
[2024-07-12T08:25:28.594+0000] {processor.py:183} INFO - Processing /home/airflow/.local/lib/python3.12/site-packages/airflow/example_dags/example_task_group_decorator.py took 0.059 seconds
[2024-07-12T08:25:58.847+0000] {processor.py:161} INFO - Started process (PID=425) to work on /home/airflow/.local/lib/python3.12/site-packages/airflow/example_dags/example_task_group_decorator.py
[2024-07-12T08:25:58.847+0000] {processor.py:830} INFO - Processing file /home/airflow/.local/lib/python3.12/site-packages/airflow/example_dags/example_task_group_decorator.py for tasks to queue
[2024-07-12T08:25:58.849+0000] {logging_mixin.py:188} INFO - [2024-07-12T08:25:58.849+0000] {dagbag.py:545} INFO - Filling up the DagBag from /home/airflow/.local/lib/python3.12/site-packages/airflow/example_dags/example_task_group_decorator.py
[2024-07-12T08:25:58.858+0000] {processor.py:840} INFO - DAG(s) 'example_task_group_decorator' retrieved from /home/airflow/.local/lib/python3.12/site-packages/airflow/example_dags/example_task_group_decorator.py
[2024-07-12T08:25:58.873+0000] {logging_mixin.py:188} INFO - [2024-07-12T08:25:58.872+0000] {dag.py:3096} INFO - Sync 1 DAGs
[2024-07-12T08:25:58.886+0000] {logging_mixin.py:188} INFO - [2024-07-12T08:25:58.886+0000] {dag.py:3954} INFO - Setting next_dagrun for example_task_group_decorator to 2024-07-11 00:00:00+00:00, run_after=2024-07-12 00:00:00+00:00
[2024-07-12T08:25:58.900+0000] {processor.py:183} INFO - Processing /home/airflow/.local/lib/python3.12/site-packages/airflow/example_dags/example_task_group_decorator.py took 0.056 seconds
[2024-07-12T08:27:25.351+0000] {processor.py:161} INFO - Started process (PID=77) to work on /home/airflow/.local/lib/python3.12/site-packages/airflow/example_dags/example_task_group_decorator.py
[2024-07-12T08:27:25.352+0000] {processor.py:830} INFO - Processing file /home/airflow/.local/lib/python3.12/site-packages/airflow/example_dags/example_task_group_decorator.py for tasks to queue
[2024-07-12T08:27:25.353+0000] {logging_mixin.py:188} INFO - [2024-07-12T08:27:25.353+0000] {dagbag.py:545} INFO - Filling up the DagBag from /home/airflow/.local/lib/python3.12/site-packages/airflow/example_dags/example_task_group_decorator.py
[2024-07-12T08:27:25.366+0000] {processor.py:840} INFO - DAG(s) 'example_task_group_decorator' retrieved from /home/airflow/.local/lib/python3.12/site-packages/airflow/example_dags/example_task_group_decorator.py
[2024-07-12T08:27:25.375+0000] {logging_mixin.py:188} INFO - [2024-07-12T08:27:25.374+0000] {dag.py:3096} INFO - Sync 1 DAGs
[2024-07-12T08:27:25.398+0000] {logging_mixin.py:188} INFO - [2024-07-12T08:27:25.398+0000] {dag.py:3954} INFO - Setting next_dagrun for example_task_group_decorator to 2024-07-11 00:00:00+00:00, run_after=2024-07-12 00:00:00+00:00
[2024-07-12T08:27:25.422+0000] {processor.py:183} INFO - Processing /home/airflow/.local/lib/python3.12/site-packages/airflow/example_dags/example_task_group_decorator.py took 0.076 seconds
[2024-07-12T08:27:56.073+0000] {processor.py:161} INFO - Started process (PID=135) to work on /home/airflow/.local/lib/python3.12/site-packages/airflow/example_dags/example_task_group_decorator.py
[2024-07-12T08:27:56.074+0000] {processor.py:830} INFO - Processing file /home/airflow/.local/lib/python3.12/site-packages/airflow/example_dags/example_task_group_decorator.py for tasks to queue
[2024-07-12T08:27:56.075+0000] {logging_mixin.py:188} INFO - [2024-07-12T08:27:56.075+0000] {dagbag.py:545} INFO - Filling up the DagBag from /home/airflow/.local/lib/python3.12/site-packages/airflow/example_dags/example_task_group_decorator.py
[2024-07-12T08:27:56.084+0000] {processor.py:840} INFO - DAG(s) 'example_task_group_decorator' retrieved from /home/airflow/.local/lib/python3.12/site-packages/airflow/example_dags/example_task_group_decorator.py
[2024-07-12T08:27:56.089+0000] {logging_mixin.py:188} INFO - [2024-07-12T08:27:56.089+0000] {dag.py:3096} INFO - Sync 1 DAGs
[2024-07-12T08:27:56.104+0000] {logging_mixin.py:188} INFO - [2024-07-12T08:27:56.104+0000] {dag.py:3954} INFO - Setting next_dagrun for example_task_group_decorator to 2024-07-11 00:00:00+00:00, run_after=2024-07-12 00:00:00+00:00
[2024-07-12T08:27:56.117+0000] {processor.py:183} INFO - Processing /home/airflow/.local/lib/python3.12/site-packages/airflow/example_dags/example_task_group_decorator.py took 0.048 seconds
[2024-07-12T08:29:03.291+0000] {processor.py:161} INFO - Started process (PID=77) to work on /home/airflow/.local/lib/python3.12/site-packages/airflow/example_dags/example_task_group_decorator.py
[2024-07-12T08:29:03.291+0000] {processor.py:830} INFO - Processing file /home/airflow/.local/lib/python3.12/site-packages/airflow/example_dags/example_task_group_decorator.py for tasks to queue
[2024-07-12T08:29:03.293+0000] {logging_mixin.py:188} INFO - [2024-07-12T08:29:03.293+0000] {dagbag.py:545} INFO - Filling up the DagBag from /home/airflow/.local/lib/python3.12/site-packages/airflow/example_dags/example_task_group_decorator.py
[2024-07-12T08:29:03.304+0000] {processor.py:840} INFO - DAG(s) 'example_task_group_decorator' retrieved from /home/airflow/.local/lib/python3.12/site-packages/airflow/example_dags/example_task_group_decorator.py
[2024-07-12T08:29:03.311+0000] {logging_mixin.py:188} INFO - [2024-07-12T08:29:03.310+0000] {dag.py:3096} INFO - Sync 1 DAGs
[2024-07-12T08:29:03.328+0000] {logging_mixin.py:188} INFO - [2024-07-12T08:29:03.328+0000] {dag.py:3954} INFO - Setting next_dagrun for example_task_group_decorator to 2024-07-11 00:00:00+00:00, run_after=2024-07-12 00:00:00+00:00
[2024-07-12T08:29:03.345+0000] {processor.py:183} INFO - Processing /home/airflow/.local/lib/python3.12/site-packages/airflow/example_dags/example_task_group_decorator.py took 0.058 seconds
[2024-07-12T08:29:34.220+0000] {processor.py:161} INFO - Started process (PID=135) to work on /home/airflow/.local/lib/python3.12/site-packages/airflow/example_dags/example_task_group_decorator.py
[2024-07-12T08:29:34.221+0000] {processor.py:830} INFO - Processing file /home/airflow/.local/lib/python3.12/site-packages/airflow/example_dags/example_task_group_decorator.py for tasks to queue
[2024-07-12T08:29:34.222+0000] {logging_mixin.py:188} INFO - [2024-07-12T08:29:34.222+0000] {dagbag.py:545} INFO - Filling up the DagBag from /home/airflow/.local/lib/python3.12/site-packages/airflow/example_dags/example_task_group_decorator.py
[2024-07-12T08:29:34.231+0000] {processor.py:840} INFO - DAG(s) 'example_task_group_decorator' retrieved from /home/airflow/.local/lib/python3.12/site-packages/airflow/example_dags/example_task_group_decorator.py
[2024-07-12T08:29:34.296+0000] {logging_mixin.py:188} INFO - [2024-07-12T08:29:34.296+0000] {dag.py:3096} INFO - Sync 1 DAGs
[2024-07-12T08:29:34.307+0000] {logging_mixin.py:188} INFO - [2024-07-12T08:29:34.307+0000] {dag.py:3954} INFO - Setting next_dagrun for example_task_group_decorator to 2024-07-11 00:00:00+00:00, run_after=2024-07-12 00:00:00+00:00
[2024-07-12T08:29:34.322+0000] {processor.py:183} INFO - Processing /home/airflow/.local/lib/python3.12/site-packages/airflow/example_dags/example_task_group_decorator.py took 0.105 seconds
[2024-07-12T08:30:04.879+0000] {processor.py:161} INFO - Started process (PID=193) to work on /home/airflow/.local/lib/python3.12/site-packages/airflow/example_dags/example_task_group_decorator.py
[2024-07-12T08:30:04.880+0000] {processor.py:830} INFO - Processing file /home/airflow/.local/lib/python3.12/site-packages/airflow/example_dags/example_task_group_decorator.py for tasks to queue
[2024-07-12T08:30:04.881+0000] {logging_mixin.py:188} INFO - [2024-07-12T08:30:04.881+0000] {dagbag.py:545} INFO - Filling up the DagBag from /home/airflow/.local/lib/python3.12/site-packages/airflow/example_dags/example_task_group_decorator.py
[2024-07-12T08:30:04.891+0000] {processor.py:840} INFO - DAG(s) 'example_task_group_decorator' retrieved from /home/airflow/.local/lib/python3.12/site-packages/airflow/example_dags/example_task_group_decorator.py
[2024-07-12T08:30:04.906+0000] {logging_mixin.py:188} INFO - [2024-07-12T08:30:04.906+0000] {dag.py:3096} INFO - Sync 1 DAGs
[2024-07-12T08:30:04.921+0000] {logging_mixin.py:188} INFO - [2024-07-12T08:30:04.921+0000] {dag.py:3954} INFO - Setting next_dagrun for example_task_group_decorator to 2024-07-11 00:00:00+00:00, run_after=2024-07-12 00:00:00+00:00
[2024-07-12T08:30:04.935+0000] {processor.py:183} INFO - Processing /home/airflow/.local/lib/python3.12/site-packages/airflow/example_dags/example_task_group_decorator.py took 0.060 seconds
[2024-07-12T08:30:35.000+0000] {processor.py:161} INFO - Started process (PID=251) to work on /home/airflow/.local/lib/python3.12/site-packages/airflow/example_dags/example_task_group_decorator.py
[2024-07-12T08:30:35.001+0000] {processor.py:830} INFO - Processing file /home/airflow/.local/lib/python3.12/site-packages/airflow/example_dags/example_task_group_decorator.py for tasks to queue
[2024-07-12T08:30:35.002+0000] {logging_mixin.py:188} INFO - [2024-07-12T08:30:35.002+0000] {dagbag.py:545} INFO - Filling up the DagBag from /home/airflow/.local/lib/python3.12/site-packages/airflow/example_dags/example_task_group_decorator.py
[2024-07-12T08:30:35.011+0000] {processor.py:840} INFO - DAG(s) 'example_task_group_decorator' retrieved from /home/airflow/.local/lib/python3.12/site-packages/airflow/example_dags/example_task_group_decorator.py
[2024-07-12T08:30:35.023+0000] {logging_mixin.py:188} INFO - [2024-07-12T08:30:35.023+0000] {dag.py:3096} INFO - Sync 1 DAGs
[2024-07-12T08:30:35.036+0000] {logging_mixin.py:188} INFO - [2024-07-12T08:30:35.036+0000] {dag.py:3954} INFO - Setting next_dagrun for example_task_group_decorator to 2024-07-11 00:00:00+00:00, run_after=2024-07-12 00:00:00+00:00
[2024-07-12T08:30:35.050+0000] {processor.py:183} INFO - Processing /home/airflow/.local/lib/python3.12/site-packages/airflow/example_dags/example_task_group_decorator.py took 0.054 seconds
[2024-07-12T08:31:05.090+0000] {processor.py:161} INFO - Started process (PID=309) to work on /home/airflow/.local/lib/python3.12/site-packages/airflow/example_dags/example_task_group_decorator.py
[2024-07-12T08:31:05.091+0000] {processor.py:830} INFO - Processing file /home/airflow/.local/lib/python3.12/site-packages/airflow/example_dags/example_task_group_decorator.py for tasks to queue
[2024-07-12T08:31:05.092+0000] {logging_mixin.py:188} INFO - [2024-07-12T08:31:05.092+0000] {dagbag.py:545} INFO - Filling up the DagBag from /home/airflow/.local/lib/python3.12/site-packages/airflow/example_dags/example_task_group_decorator.py
[2024-07-12T08:31:05.101+0000] {processor.py:840} INFO - DAG(s) 'example_task_group_decorator' retrieved from /home/airflow/.local/lib/python3.12/site-packages/airflow/example_dags/example_task_group_decorator.py
[2024-07-12T08:31:05.114+0000] {logging_mixin.py:188} INFO - [2024-07-12T08:31:05.114+0000] {dag.py:3096} INFO - Sync 1 DAGs
[2024-07-12T08:31:05.127+0000] {logging_mixin.py:188} INFO - [2024-07-12T08:31:05.127+0000] {dag.py:3954} INFO - Setting next_dagrun for example_task_group_decorator to 2024-07-11 00:00:00+00:00, run_after=2024-07-12 00:00:00+00:00
[2024-07-12T08:31:05.140+0000] {processor.py:183} INFO - Processing /home/airflow/.local/lib/python3.12/site-packages/airflow/example_dags/example_task_group_decorator.py took 0.053 seconds
[2024-07-12T08:31:35.580+0000] {processor.py:161} INFO - Started process (PID=367) to work on /home/airflow/.local/lib/python3.12/site-packages/airflow/example_dags/example_task_group_decorator.py
[2024-07-12T08:31:35.581+0000] {processor.py:830} INFO - Processing file /home/airflow/.local/lib/python3.12/site-packages/airflow/example_dags/example_task_group_decorator.py for tasks to queue
[2024-07-12T08:31:35.582+0000] {logging_mixin.py:188} INFO - [2024-07-12T08:31:35.582+0000] {dagbag.py:545} INFO - Filling up the DagBag from /home/airflow/.local/lib/python3.12/site-packages/airflow/example_dags/example_task_group_decorator.py
[2024-07-12T08:31:35.591+0000] {processor.py:840} INFO - DAG(s) 'example_task_group_decorator' retrieved from /home/airflow/.local/lib/python3.12/site-packages/airflow/example_dags/example_task_group_decorator.py
[2024-07-12T08:31:35.605+0000] {logging_mixin.py:188} INFO - [2024-07-12T08:31:35.605+0000] {dag.py:3096} INFO - Sync 1 DAGs
[2024-07-12T08:31:35.619+0000] {logging_mixin.py:188} INFO - [2024-07-12T08:31:35.619+0000] {dag.py:3954} INFO - Setting next_dagrun for example_task_group_decorator to 2024-07-11 00:00:00+00:00, run_after=2024-07-12 00:00:00+00:00
[2024-07-12T08:31:35.633+0000] {processor.py:183} INFO - Processing /home/airflow/.local/lib/python3.12/site-packages/airflow/example_dags/example_task_group_decorator.py took 0.056 seconds
[2024-07-12T08:32:05.801+0000] {processor.py:161} INFO - Started process (PID=425) to work on /home/airflow/.local/lib/python3.12/site-packages/airflow/example_dags/example_task_group_decorator.py
[2024-07-12T08:32:05.802+0000] {processor.py:830} INFO - Processing file /home/airflow/.local/lib/python3.12/site-packages/airflow/example_dags/example_task_group_decorator.py for tasks to queue
[2024-07-12T08:32:05.804+0000] {logging_mixin.py:188} INFO - [2024-07-12T08:32:05.804+0000] {dagbag.py:545} INFO - Filling up the DagBag from /home/airflow/.local/lib/python3.12/site-packages/airflow/example_dags/example_task_group_decorator.py
[2024-07-12T08:32:05.814+0000] {processor.py:840} INFO - DAG(s) 'example_task_group_decorator' retrieved from /home/airflow/.local/lib/python3.12/site-packages/airflow/example_dags/example_task_group_decorator.py
[2024-07-12T08:32:05.830+0000] {logging_mixin.py:188} INFO - [2024-07-12T08:32:05.830+0000] {dag.py:3096} INFO - Sync 1 DAGs
[2024-07-12T08:32:05.845+0000] {logging_mixin.py:188} INFO - [2024-07-12T08:32:05.845+0000] {dag.py:3954} INFO - Setting next_dagrun for example_task_group_decorator to 2024-07-11 00:00:00+00:00, run_after=2024-07-12 00:00:00+00:00
[2024-07-12T08:32:05.858+0000] {processor.py:183} INFO - Processing /home/airflow/.local/lib/python3.12/site-packages/airflow/example_dags/example_task_group_decorator.py took 0.061 seconds
[2024-07-12T08:32:35.931+0000] {processor.py:161} INFO - Started process (PID=483) to work on /home/airflow/.local/lib/python3.12/site-packages/airflow/example_dags/example_task_group_decorator.py
[2024-07-12T08:32:35.932+0000] {processor.py:830} INFO - Processing file /home/airflow/.local/lib/python3.12/site-packages/airflow/example_dags/example_task_group_decorator.py for tasks to queue
[2024-07-12T08:32:35.933+0000] {logging_mixin.py:188} INFO - [2024-07-12T08:32:35.933+0000] {dagbag.py:545} INFO - Filling up the DagBag from /home/airflow/.local/lib/python3.12/site-packages/airflow/example_dags/example_task_group_decorator.py
[2024-07-12T08:32:35.942+0000] {processor.py:840} INFO - DAG(s) 'example_task_group_decorator' retrieved from /home/airflow/.local/lib/python3.12/site-packages/airflow/example_dags/example_task_group_decorator.py
[2024-07-12T08:32:35.956+0000] {logging_mixin.py:188} INFO - [2024-07-12T08:32:35.955+0000] {dag.py:3096} INFO - Sync 1 DAGs
[2024-07-12T08:32:35.968+0000] {logging_mixin.py:188} INFO - [2024-07-12T08:32:35.968+0000] {dag.py:3954} INFO - Setting next_dagrun for example_task_group_decorator to 2024-07-11 00:00:00+00:00, run_after=2024-07-12 00:00:00+00:00
[2024-07-12T08:32:35.982+0000] {processor.py:183} INFO - Processing /home/airflow/.local/lib/python3.12/site-packages/airflow/example_dags/example_task_group_decorator.py took 0.054 seconds
[2024-07-12T08:33:06.239+0000] {processor.py:161} INFO - Started process (PID=541) to work on /home/airflow/.local/lib/python3.12/site-packages/airflow/example_dags/example_task_group_decorator.py
[2024-07-12T08:33:06.239+0000] {processor.py:830} INFO - Processing file /home/airflow/.local/lib/python3.12/site-packages/airflow/example_dags/example_task_group_decorator.py for tasks to queue
[2024-07-12T08:33:06.241+0000] {logging_mixin.py:188} INFO - [2024-07-12T08:33:06.240+0000] {dagbag.py:545} INFO - Filling up the DagBag from /home/airflow/.local/lib/python3.12/site-packages/airflow/example_dags/example_task_group_decorator.py
[2024-07-12T08:33:06.250+0000] {processor.py:840} INFO - DAG(s) 'example_task_group_decorator' retrieved from /home/airflow/.local/lib/python3.12/site-packages/airflow/example_dags/example_task_group_decorator.py
[2024-07-12T08:33:06.264+0000] {logging_mixin.py:188} INFO - [2024-07-12T08:33:06.264+0000] {dag.py:3096} INFO - Sync 1 DAGs
[2024-07-12T08:33:06.278+0000] {logging_mixin.py:188} INFO - [2024-07-12T08:33:06.278+0000] {dag.py:3954} INFO - Setting next_dagrun for example_task_group_decorator to 2024-07-11 00:00:00+00:00, run_after=2024-07-12 00:00:00+00:00
[2024-07-12T08:33:06.292+0000] {processor.py:183} INFO - Processing /home/airflow/.local/lib/python3.12/site-packages/airflow/example_dags/example_task_group_decorator.py took 0.057 seconds
[2024-07-12T08:33:36.395+0000] {processor.py:161} INFO - Started process (PID=599) to work on /home/airflow/.local/lib/python3.12/site-packages/airflow/example_dags/example_task_group_decorator.py
[2024-07-12T08:33:36.396+0000] {processor.py:830} INFO - Processing file /home/airflow/.local/lib/python3.12/site-packages/airflow/example_dags/example_task_group_decorator.py for tasks to queue
[2024-07-12T08:33:36.397+0000] {logging_mixin.py:188} INFO - [2024-07-12T08:33:36.397+0000] {dagbag.py:545} INFO - Filling up the DagBag from /home/airflow/.local/lib/python3.12/site-packages/airflow/example_dags/example_task_group_decorator.py
[2024-07-12T08:33:36.408+0000] {processor.py:840} INFO - DAG(s) 'example_task_group_decorator' retrieved from /home/airflow/.local/lib/python3.12/site-packages/airflow/example_dags/example_task_group_decorator.py
[2024-07-12T08:33:36.422+0000] {logging_mixin.py:188} INFO - [2024-07-12T08:33:36.422+0000] {dag.py:3096} INFO - Sync 1 DAGs
[2024-07-12T08:33:36.434+0000] {logging_mixin.py:188} INFO - [2024-07-12T08:33:36.434+0000] {dag.py:3954} INFO - Setting next_dagrun for example_task_group_decorator to 2024-07-11 00:00:00+00:00, run_after=2024-07-12 00:00:00+00:00
[2024-07-12T08:33:36.447+0000] {processor.py:183} INFO - Processing /home/airflow/.local/lib/python3.12/site-packages/airflow/example_dags/example_task_group_decorator.py took 0.056 seconds
[2024-07-12T08:34:06.581+0000] {processor.py:161} INFO - Started process (PID=657) to work on /home/airflow/.local/lib/python3.12/site-packages/airflow/example_dags/example_task_group_decorator.py
[2024-07-12T08:34:06.581+0000] {processor.py:830} INFO - Processing file /home/airflow/.local/lib/python3.12/site-packages/airflow/example_dags/example_task_group_decorator.py for tasks to queue
[2024-07-12T08:34:06.582+0000] {logging_mixin.py:188} INFO - [2024-07-12T08:34:06.582+0000] {dagbag.py:545} INFO - Filling up the DagBag from /home/airflow/.local/lib/python3.12/site-packages/airflow/example_dags/example_task_group_decorator.py
[2024-07-12T08:34:06.592+0000] {processor.py:840} INFO - DAG(s) 'example_task_group_decorator' retrieved from /home/airflow/.local/lib/python3.12/site-packages/airflow/example_dags/example_task_group_decorator.py
[2024-07-12T08:34:06.606+0000] {logging_mixin.py:188} INFO - [2024-07-12T08:34:06.606+0000] {dag.py:3096} INFO - Sync 1 DAGs
[2024-07-12T08:34:06.620+0000] {logging_mixin.py:188} INFO - [2024-07-12T08:34:06.620+0000] {dag.py:3954} INFO - Setting next_dagrun for example_task_group_decorator to 2024-07-11 00:00:00+00:00, run_after=2024-07-12 00:00:00+00:00
[2024-07-12T08:34:06.634+0000] {processor.py:183} INFO - Processing /home/airflow/.local/lib/python3.12/site-packages/airflow/example_dags/example_task_group_decorator.py took 0.057 seconds
[2024-07-12T08:34:36.810+0000] {processor.py:161} INFO - Started process (PID=715) to work on /home/airflow/.local/lib/python3.12/site-packages/airflow/example_dags/example_task_group_decorator.py
[2024-07-12T08:34:36.811+0000] {processor.py:830} INFO - Processing file /home/airflow/.local/lib/python3.12/site-packages/airflow/example_dags/example_task_group_decorator.py for tasks to queue
[2024-07-12T08:34:36.812+0000] {logging_mixin.py:188} INFO - [2024-07-12T08:34:36.812+0000] {dagbag.py:545} INFO - Filling up the DagBag from /home/airflow/.local/lib/python3.12/site-packages/airflow/example_dags/example_task_group_decorator.py
[2024-07-12T08:34:36.822+0000] {processor.py:840} INFO - DAG(s) 'example_task_group_decorator' retrieved from /home/airflow/.local/lib/python3.12/site-packages/airflow/example_dags/example_task_group_decorator.py
[2024-07-12T08:34:36.836+0000] {logging_mixin.py:188} INFO - [2024-07-12T08:34:36.836+0000] {dag.py:3096} INFO - Sync 1 DAGs
[2024-07-12T08:34:36.849+0000] {logging_mixin.py:188} INFO - [2024-07-12T08:34:36.849+0000] {dag.py:3954} INFO - Setting next_dagrun for example_task_group_decorator to 2024-07-11 00:00:00+00:00, run_after=2024-07-12 00:00:00+00:00
[2024-07-12T08:34:36.863+0000] {processor.py:183} INFO - Processing /home/airflow/.local/lib/python3.12/site-packages/airflow/example_dags/example_task_group_decorator.py took 0.056 seconds
[2024-07-12T08:35:07.720+0000] {processor.py:161} INFO - Started process (PID=773) to work on /home/airflow/.local/lib/python3.12/site-packages/airflow/example_dags/example_task_group_decorator.py
[2024-07-12T08:35:07.720+0000] {processor.py:830} INFO - Processing file /home/airflow/.local/lib/python3.12/site-packages/airflow/example_dags/example_task_group_decorator.py for tasks to queue
[2024-07-12T08:35:07.722+0000] {logging_mixin.py:188} INFO - [2024-07-12T08:35:07.721+0000] {dagbag.py:545} INFO - Filling up the DagBag from /home/airflow/.local/lib/python3.12/site-packages/airflow/example_dags/example_task_group_decorator.py
[2024-07-12T08:35:07.732+0000] {processor.py:840} INFO - DAG(s) 'example_task_group_decorator' retrieved from /home/airflow/.local/lib/python3.12/site-packages/airflow/example_dags/example_task_group_decorator.py
[2024-07-12T08:35:07.749+0000] {logging_mixin.py:188} INFO - [2024-07-12T08:35:07.749+0000] {dag.py:3096} INFO - Sync 1 DAGs
[2024-07-12T08:35:07.765+0000] {logging_mixin.py:188} INFO - [2024-07-12T08:35:07.765+0000] {dag.py:3954} INFO - Setting next_dagrun for example_task_group_decorator to 2024-07-11 00:00:00+00:00, run_after=2024-07-12 00:00:00+00:00
[2024-07-12T08:35:07.780+0000] {processor.py:183} INFO - Processing /home/airflow/.local/lib/python3.12/site-packages/airflow/example_dags/example_task_group_decorator.py took 0.063 seconds
[2024-07-12T08:35:38.310+0000] {processor.py:161} INFO - Started process (PID=831) to work on /home/airflow/.local/lib/python3.12/site-packages/airflow/example_dags/example_task_group_decorator.py
[2024-07-12T08:35:38.310+0000] {processor.py:830} INFO - Processing file /home/airflow/.local/lib/python3.12/site-packages/airflow/example_dags/example_task_group_decorator.py for tasks to queue
[2024-07-12T08:35:38.311+0000] {logging_mixin.py:188} INFO - [2024-07-12T08:35:38.311+0000] {dagbag.py:545} INFO - Filling up the DagBag from /home/airflow/.local/lib/python3.12/site-packages/airflow/example_dags/example_task_group_decorator.py
[2024-07-12T08:35:38.321+0000] {processor.py:840} INFO - DAG(s) 'example_task_group_decorator' retrieved from /home/airflow/.local/lib/python3.12/site-packages/airflow/example_dags/example_task_group_decorator.py
[2024-07-12T08:35:38.335+0000] {logging_mixin.py:188} INFO - [2024-07-12T08:35:38.335+0000] {dag.py:3096} INFO - Sync 1 DAGs
[2024-07-12T08:35:38.348+0000] {logging_mixin.py:188} INFO - [2024-07-12T08:35:38.348+0000] {dag.py:3954} INFO - Setting next_dagrun for example_task_group_decorator to 2024-07-11 00:00:00+00:00, run_after=2024-07-12 00:00:00+00:00
[2024-07-12T08:35:38.360+0000] {processor.py:183} INFO - Processing /home/airflow/.local/lib/python3.12/site-packages/airflow/example_dags/example_task_group_decorator.py took 0.054 seconds
[2024-07-12T08:36:09.294+0000] {processor.py:161} INFO - Started process (PID=889) to work on /home/airflow/.local/lib/python3.12/site-packages/airflow/example_dags/example_task_group_decorator.py
[2024-07-12T08:36:09.294+0000] {processor.py:830} INFO - Processing file /home/airflow/.local/lib/python3.12/site-packages/airflow/example_dags/example_task_group_decorator.py for tasks to queue
[2024-07-12T08:36:09.295+0000] {logging_mixin.py:188} INFO - [2024-07-12T08:36:09.295+0000] {dagbag.py:545} INFO - Filling up the DagBag from /home/airflow/.local/lib/python3.12/site-packages/airflow/example_dags/example_task_group_decorator.py
[2024-07-12T08:36:09.304+0000] {processor.py:840} INFO - DAG(s) 'example_task_group_decorator' retrieved from /home/airflow/.local/lib/python3.12/site-packages/airflow/example_dags/example_task_group_decorator.py
[2024-07-12T08:36:09.320+0000] {logging_mixin.py:188} INFO - [2024-07-12T08:36:09.320+0000] {dag.py:3096} INFO - Sync 1 DAGs
[2024-07-12T08:36:09.335+0000] {logging_mixin.py:188} INFO - [2024-07-12T08:36:09.334+0000] {dag.py:3954} INFO - Setting next_dagrun for example_task_group_decorator to 2024-07-11 00:00:00+00:00, run_after=2024-07-12 00:00:00+00:00
[2024-07-12T08:36:09.351+0000] {processor.py:183} INFO - Processing /home/airflow/.local/lib/python3.12/site-packages/airflow/example_dags/example_task_group_decorator.py took 0.062 seconds
[2024-07-12T08:36:39.881+0000] {processor.py:161} INFO - Started process (PID=947) to work on /home/airflow/.local/lib/python3.12/site-packages/airflow/example_dags/example_task_group_decorator.py
[2024-07-12T08:36:39.882+0000] {processor.py:830} INFO - Processing file /home/airflow/.local/lib/python3.12/site-packages/airflow/example_dags/example_task_group_decorator.py for tasks to queue
[2024-07-12T08:36:39.885+0000] {logging_mixin.py:188} INFO - [2024-07-12T08:36:39.885+0000] {dagbag.py:545} INFO - Filling up the DagBag from /home/airflow/.local/lib/python3.12/site-packages/airflow/example_dags/example_task_group_decorator.py
[2024-07-12T08:36:39.894+0000] {processor.py:840} INFO - DAG(s) 'example_task_group_decorator' retrieved from /home/airflow/.local/lib/python3.12/site-packages/airflow/example_dags/example_task_group_decorator.py
[2024-07-12T08:36:39.908+0000] {logging_mixin.py:188} INFO - [2024-07-12T08:36:39.908+0000] {dag.py:3096} INFO - Sync 1 DAGs
[2024-07-12T08:36:39.921+0000] {logging_mixin.py:188} INFO - [2024-07-12T08:36:39.921+0000] {dag.py:3954} INFO - Setting next_dagrun for example_task_group_decorator to 2024-07-11 00:00:00+00:00, run_after=2024-07-12 00:00:00+00:00
[2024-07-12T08:36:39.933+0000] {processor.py:183} INFO - Processing /home/airflow/.local/lib/python3.12/site-packages/airflow/example_dags/example_task_group_decorator.py took 0.056 seconds
[2024-07-12T08:37:10.157+0000] {processor.py:161} INFO - Started process (PID=1005) to work on /home/airflow/.local/lib/python3.12/site-packages/airflow/example_dags/example_task_group_decorator.py
[2024-07-12T08:37:10.168+0000] {processor.py:830} INFO - Processing file /home/airflow/.local/lib/python3.12/site-packages/airflow/example_dags/example_task_group_decorator.py for tasks to queue
[2024-07-12T08:37:10.170+0000] {logging_mixin.py:188} INFO - [2024-07-12T08:37:10.170+0000] {dagbag.py:545} INFO - Filling up the DagBag from /home/airflow/.local/lib/python3.12/site-packages/airflow/example_dags/example_task_group_decorator.py
[2024-07-12T08:37:10.180+0000] {processor.py:840} INFO - DAG(s) 'example_task_group_decorator' retrieved from /home/airflow/.local/lib/python3.12/site-packages/airflow/example_dags/example_task_group_decorator.py
[2024-07-12T08:37:10.196+0000] {logging_mixin.py:188} INFO - [2024-07-12T08:37:10.196+0000] {dag.py:3096} INFO - Sync 1 DAGs
[2024-07-12T08:37:10.211+0000] {logging_mixin.py:188} INFO - [2024-07-12T08:37:10.211+0000] {dag.py:3954} INFO - Setting next_dagrun for example_task_group_decorator to 2024-07-11 00:00:00+00:00, run_after=2024-07-12 00:00:00+00:00
[2024-07-12T08:37:10.227+0000] {processor.py:183} INFO - Processing /home/airflow/.local/lib/python3.12/site-packages/airflow/example_dags/example_task_group_decorator.py took 0.073 seconds
[2024-07-12T08:37:41.250+0000] {processor.py:161} INFO - Started process (PID=1063) to work on /home/airflow/.local/lib/python3.12/site-packages/airflow/example_dags/example_task_group_decorator.py
[2024-07-12T08:37:41.251+0000] {processor.py:830} INFO - Processing file /home/airflow/.local/lib/python3.12/site-packages/airflow/example_dags/example_task_group_decorator.py for tasks to queue
[2024-07-12T08:37:41.253+0000] {logging_mixin.py:188} INFO - [2024-07-12T08:37:41.252+0000] {dagbag.py:545} INFO - Filling up the DagBag from /home/airflow/.local/lib/python3.12/site-packages/airflow/example_dags/example_task_group_decorator.py
[2024-07-12T08:37:41.263+0000] {processor.py:840} INFO - DAG(s) 'example_task_group_decorator' retrieved from /home/airflow/.local/lib/python3.12/site-packages/airflow/example_dags/example_task_group_decorator.py
[2024-07-12T08:37:41.278+0000] {logging_mixin.py:188} INFO - [2024-07-12T08:37:41.278+0000] {dag.py:3096} INFO - Sync 1 DAGs
[2024-07-12T08:37:41.293+0000] {logging_mixin.py:188} INFO - [2024-07-12T08:37:41.293+0000] {dag.py:3954} INFO - Setting next_dagrun for example_task_group_decorator to 2024-07-11 00:00:00+00:00, run_after=2024-07-12 00:00:00+00:00
[2024-07-12T08:37:41.309+0000] {processor.py:183} INFO - Processing /home/airflow/.local/lib/python3.12/site-packages/airflow/example_dags/example_task_group_decorator.py took 0.063 seconds
[2024-07-12T08:38:11.609+0000] {processor.py:161} INFO - Started process (PID=1121) to work on /home/airflow/.local/lib/python3.12/site-packages/airflow/example_dags/example_task_group_decorator.py
[2024-07-12T08:38:11.610+0000] {processor.py:830} INFO - Processing file /home/airflow/.local/lib/python3.12/site-packages/airflow/example_dags/example_task_group_decorator.py for tasks to queue
[2024-07-12T08:38:11.612+0000] {logging_mixin.py:188} INFO - [2024-07-12T08:38:11.611+0000] {dagbag.py:545} INFO - Filling up the DagBag from /home/airflow/.local/lib/python3.12/site-packages/airflow/example_dags/example_task_group_decorator.py
[2024-07-12T08:38:11.621+0000] {processor.py:840} INFO - DAG(s) 'example_task_group_decorator' retrieved from /home/airflow/.local/lib/python3.12/site-packages/airflow/example_dags/example_task_group_decorator.py
[2024-07-12T08:38:11.635+0000] {logging_mixin.py:188} INFO - [2024-07-12T08:38:11.635+0000] {dag.py:3096} INFO - Sync 1 DAGs
[2024-07-12T08:38:11.648+0000] {logging_mixin.py:188} INFO - [2024-07-12T08:38:11.648+0000] {dag.py:3954} INFO - Setting next_dagrun for example_task_group_decorator to 2024-07-11 00:00:00+00:00, run_after=2024-07-12 00:00:00+00:00
[2024-07-12T08:38:11.663+0000] {processor.py:183} INFO - Processing /home/airflow/.local/lib/python3.12/site-packages/airflow/example_dags/example_task_group_decorator.py took 0.057 seconds
[2024-07-12T08:38:42.451+0000] {processor.py:161} INFO - Started process (PID=1179) to work on /home/airflow/.local/lib/python3.12/site-packages/airflow/example_dags/example_task_group_decorator.py
[2024-07-12T08:38:42.452+0000] {processor.py:830} INFO - Processing file /home/airflow/.local/lib/python3.12/site-packages/airflow/example_dags/example_task_group_decorator.py for tasks to queue
[2024-07-12T08:38:42.453+0000] {logging_mixin.py:188} INFO - [2024-07-12T08:38:42.453+0000] {dagbag.py:545} INFO - Filling up the DagBag from /home/airflow/.local/lib/python3.12/site-packages/airflow/example_dags/example_task_group_decorator.py
[2024-07-12T08:38:42.462+0000] {processor.py:840} INFO - DAG(s) 'example_task_group_decorator' retrieved from /home/airflow/.local/lib/python3.12/site-packages/airflow/example_dags/example_task_group_decorator.py
[2024-07-12T08:38:42.475+0000] {logging_mixin.py:188} INFO - [2024-07-12T08:38:42.475+0000] {dag.py:3096} INFO - Sync 1 DAGs
[2024-07-12T08:38:42.487+0000] {logging_mixin.py:188} INFO - [2024-07-12T08:38:42.487+0000] {dag.py:3954} INFO - Setting next_dagrun for example_task_group_decorator to 2024-07-11 00:00:00+00:00, run_after=2024-07-12 00:00:00+00:00
[2024-07-12T08:38:42.502+0000] {processor.py:183} INFO - Processing /home/airflow/.local/lib/python3.12/site-packages/airflow/example_dags/example_task_group_decorator.py took 0.055 seconds
[2024-07-12T08:39:13.449+0000] {processor.py:161} INFO - Started process (PID=1237) to work on /home/airflow/.local/lib/python3.12/site-packages/airflow/example_dags/example_task_group_decorator.py
[2024-07-12T08:39:13.449+0000] {processor.py:830} INFO - Processing file /home/airflow/.local/lib/python3.12/site-packages/airflow/example_dags/example_task_group_decorator.py for tasks to queue
[2024-07-12T08:39:13.451+0000] {logging_mixin.py:188} INFO - [2024-07-12T08:39:13.450+0000] {dagbag.py:545} INFO - Filling up the DagBag from /home/airflow/.local/lib/python3.12/site-packages/airflow/example_dags/example_task_group_decorator.py
[2024-07-12T08:39:13.460+0000] {processor.py:840} INFO - DAG(s) 'example_task_group_decorator' retrieved from /home/airflow/.local/lib/python3.12/site-packages/airflow/example_dags/example_task_group_decorator.py
[2024-07-12T08:39:13.474+0000] {logging_mixin.py:188} INFO - [2024-07-12T08:39:13.474+0000] {dag.py:3096} INFO - Sync 1 DAGs
[2024-07-12T08:39:13.487+0000] {logging_mixin.py:188} INFO - [2024-07-12T08:39:13.487+0000] {dag.py:3954} INFO - Setting next_dagrun for example_task_group_decorator to 2024-07-11 00:00:00+00:00, run_after=2024-07-12 00:00:00+00:00
[2024-07-12T08:39:13.500+0000] {processor.py:183} INFO - Processing /home/airflow/.local/lib/python3.12/site-packages/airflow/example_dags/example_task_group_decorator.py took 0.055 seconds
