[2024-07-12T07:58:05.779+0000] {processor.py:161} INFO - Started process (PID=73) to work on /home/airflow/.local/lib/python3.12/site-packages/airflow/example_dags/example_branch_operator.py
[2024-07-12T07:58:05.780+0000] {processor.py:830} INFO - Processing file /home/airflow/.local/lib/python3.12/site-packages/airflow/example_dags/example_branch_operator.py for tasks to queue
[2024-07-12T07:58:05.781+0000] {logging_mixin.py:188} INFO - [2024-07-12T07:58:05.781+0000] {dagbag.py:545} INFO - Filling up the DagBag from /home/airflow/.local/lib/python3.12/site-packages/airflow/example_dags/example_branch_operator.py
[2024-07-12T07:58:05.800+0000] {processor.py:840} INFO - DAG(s) 'example_branch_operator' retrieved from /home/airflow/.local/lib/python3.12/site-packages/airflow/example_dags/example_branch_operator.py
[2024-07-12T07:58:05.809+0000] {logging_mixin.py:188} INFO - [2024-07-12T07:58:05.809+0000] {dag.py:3096} INFO - Sync 1 DAGs
[2024-07-12T07:58:05.828+0000] {logging_mixin.py:188} INFO - [2024-07-12T07:58:05.828+0000] {dag.py:3954} INFO - Setting next_dagrun for example_branch_operator to 2024-07-11 00:00:00+00:00, run_after=2024-07-12 00:00:00+00:00
[2024-07-12T07:58:05.845+0000] {processor.py:183} INFO - Processing /home/airflow/.local/lib/python3.12/site-packages/airflow/example_dags/example_branch_operator.py took 0.070 seconds
[2024-07-12T07:58:36.660+0000] {processor.py:161} INFO - Started process (PID=131) to work on /home/airflow/.local/lib/python3.12/site-packages/airflow/example_dags/example_branch_operator.py
[2024-07-12T07:58:36.661+0000] {processor.py:830} INFO - Processing file /home/airflow/.local/lib/python3.12/site-packages/airflow/example_dags/example_branch_operator.py for tasks to queue
[2024-07-12T07:58:36.662+0000] {logging_mixin.py:188} INFO - [2024-07-12T07:58:36.662+0000] {dagbag.py:545} INFO - Filling up the DagBag from /home/airflow/.local/lib/python3.12/site-packages/airflow/example_dags/example_branch_operator.py
[2024-07-12T07:58:36.673+0000] {processor.py:840} INFO - DAG(s) 'example_branch_operator' retrieved from /home/airflow/.local/lib/python3.12/site-packages/airflow/example_dags/example_branch_operator.py
[2024-07-12T07:58:36.742+0000] {logging_mixin.py:188} INFO - [2024-07-12T07:58:36.742+0000] {dag.py:3096} INFO - Sync 1 DAGs
[2024-07-12T07:58:36.756+0000] {logging_mixin.py:188} INFO - [2024-07-12T07:58:36.755+0000] {dag.py:3954} INFO - Setting next_dagrun for example_branch_operator to 2024-07-11 00:00:00+00:00, run_after=2024-07-12 00:00:00+00:00
[2024-07-12T07:58:36.771+0000] {processor.py:183} INFO - Processing /home/airflow/.local/lib/python3.12/site-packages/airflow/example_dags/example_branch_operator.py took 0.115 seconds
[2024-07-12T07:59:07.279+0000] {processor.py:161} INFO - Started process (PID=189) to work on /home/airflow/.local/lib/python3.12/site-packages/airflow/example_dags/example_branch_operator.py
[2024-07-12T07:59:07.280+0000] {processor.py:830} INFO - Processing file /home/airflow/.local/lib/python3.12/site-packages/airflow/example_dags/example_branch_operator.py for tasks to queue
[2024-07-12T07:59:07.281+0000] {logging_mixin.py:188} INFO - [2024-07-12T07:59:07.281+0000] {dagbag.py:545} INFO - Filling up the DagBag from /home/airflow/.local/lib/python3.12/site-packages/airflow/example_dags/example_branch_operator.py
[2024-07-12T07:59:07.292+0000] {processor.py:840} INFO - DAG(s) 'example_branch_operator' retrieved from /home/airflow/.local/lib/python3.12/site-packages/airflow/example_dags/example_branch_operator.py
[2024-07-12T07:59:07.310+0000] {logging_mixin.py:188} INFO - [2024-07-12T07:59:07.309+0000] {dag.py:3096} INFO - Sync 1 DAGs
[2024-07-12T07:59:07.325+0000] {logging_mixin.py:188} INFO - [2024-07-12T07:59:07.325+0000] {dag.py:3954} INFO - Setting next_dagrun for example_branch_operator to 2024-07-11 00:00:00+00:00, run_after=2024-07-12 00:00:00+00:00
[2024-07-12T07:59:07.340+0000] {processor.py:183} INFO - Processing /home/airflow/.local/lib/python3.12/site-packages/airflow/example_dags/example_branch_operator.py took 0.065 seconds
[2024-07-12T07:59:37.440+0000] {processor.py:161} INFO - Started process (PID=247) to work on /home/airflow/.local/lib/python3.12/site-packages/airflow/example_dags/example_branch_operator.py
[2024-07-12T07:59:37.441+0000] {processor.py:830} INFO - Processing file /home/airflow/.local/lib/python3.12/site-packages/airflow/example_dags/example_branch_operator.py for tasks to queue
[2024-07-12T07:59:37.443+0000] {logging_mixin.py:188} INFO - [2024-07-12T07:59:37.442+0000] {dagbag.py:545} INFO - Filling up the DagBag from /home/airflow/.local/lib/python3.12/site-packages/airflow/example_dags/example_branch_operator.py
[2024-07-12T07:59:37.454+0000] {processor.py:840} INFO - DAG(s) 'example_branch_operator' retrieved from /home/airflow/.local/lib/python3.12/site-packages/airflow/example_dags/example_branch_operator.py
[2024-07-12T07:59:37.471+0000] {logging_mixin.py:188} INFO - [2024-07-12T07:59:37.471+0000] {dag.py:3096} INFO - Sync 1 DAGs
[2024-07-12T07:59:37.487+0000] {logging_mixin.py:188} INFO - [2024-07-12T07:59:37.486+0000] {dag.py:3954} INFO - Setting next_dagrun for example_branch_operator to 2024-07-11 00:00:00+00:00, run_after=2024-07-12 00:00:00+00:00
[2024-07-12T07:59:37.503+0000] {processor.py:183} INFO - Processing /home/airflow/.local/lib/python3.12/site-packages/airflow/example_dags/example_branch_operator.py took 0.067 seconds
[2024-07-12T08:01:09.704+0000] {processor.py:161} INFO - Started process (PID=72) to work on /home/airflow/.local/lib/python3.12/site-packages/airflow/example_dags/example_branch_operator.py
[2024-07-12T08:01:09.704+0000] {processor.py:830} INFO - Processing file /home/airflow/.local/lib/python3.12/site-packages/airflow/example_dags/example_branch_operator.py for tasks to queue
[2024-07-12T08:01:09.706+0000] {logging_mixin.py:188} INFO - [2024-07-12T08:01:09.706+0000] {dagbag.py:545} INFO - Filling up the DagBag from /home/airflow/.local/lib/python3.12/site-packages/airflow/example_dags/example_branch_operator.py
[2024-07-12T08:01:09.720+0000] {processor.py:840} INFO - DAG(s) 'example_branch_operator' retrieved from /home/airflow/.local/lib/python3.12/site-packages/airflow/example_dags/example_branch_operator.py
[2024-07-12T08:01:09.726+0000] {logging_mixin.py:188} INFO - [2024-07-12T08:01:09.726+0000] {dag.py:3096} INFO - Sync 1 DAGs
[2024-07-12T08:01:09.742+0000] {logging_mixin.py:188} INFO - [2024-07-12T08:01:09.742+0000] {dag.py:3954} INFO - Setting next_dagrun for example_branch_operator to 2024-07-11 00:00:00+00:00, run_after=2024-07-12 00:00:00+00:00
[2024-07-12T08:01:09.759+0000] {processor.py:183} INFO - Processing /home/airflow/.local/lib/python3.12/site-packages/airflow/example_dags/example_branch_operator.py took 0.059 seconds
[2024-07-12T08:01:40.752+0000] {processor.py:161} INFO - Started process (PID=130) to work on /home/airflow/.local/lib/python3.12/site-packages/airflow/example_dags/example_branch_operator.py
[2024-07-12T08:01:40.752+0000] {processor.py:830} INFO - Processing file /home/airflow/.local/lib/python3.12/site-packages/airflow/example_dags/example_branch_operator.py for tasks to queue
[2024-07-12T08:01:40.754+0000] {logging_mixin.py:188} INFO - [2024-07-12T08:01:40.754+0000] {dagbag.py:545} INFO - Filling up the DagBag from /home/airflow/.local/lib/python3.12/site-packages/airflow/example_dags/example_branch_operator.py
[2024-07-12T08:01:40.765+0000] {processor.py:840} INFO - DAG(s) 'example_branch_operator' retrieved from /home/airflow/.local/lib/python3.12/site-packages/airflow/example_dags/example_branch_operator.py
[2024-07-12T08:01:40.833+0000] {logging_mixin.py:188} INFO - [2024-07-12T08:01:40.832+0000] {dag.py:3096} INFO - Sync 1 DAGs
[2024-07-12T08:01:40.848+0000] {logging_mixin.py:188} INFO - [2024-07-12T08:01:40.848+0000] {dag.py:3954} INFO - Setting next_dagrun for example_branch_operator to 2024-07-11 00:00:00+00:00, run_after=2024-07-12 00:00:00+00:00
[2024-07-12T08:01:40.864+0000] {processor.py:183} INFO - Processing /home/airflow/.local/lib/python3.12/site-packages/airflow/example_dags/example_branch_operator.py took 0.116 seconds
[2024-07-12T08:02:11.512+0000] {processor.py:161} INFO - Started process (PID=188) to work on /home/airflow/.local/lib/python3.12/site-packages/airflow/example_dags/example_branch_operator.py
[2024-07-12T08:02:11.513+0000] {processor.py:830} INFO - Processing file /home/airflow/.local/lib/python3.12/site-packages/airflow/example_dags/example_branch_operator.py for tasks to queue
[2024-07-12T08:02:11.514+0000] {logging_mixin.py:188} INFO - [2024-07-12T08:02:11.514+0000] {dagbag.py:545} INFO - Filling up the DagBag from /home/airflow/.local/lib/python3.12/site-packages/airflow/example_dags/example_branch_operator.py
[2024-07-12T08:02:11.525+0000] {processor.py:840} INFO - DAG(s) 'example_branch_operator' retrieved from /home/airflow/.local/lib/python3.12/site-packages/airflow/example_dags/example_branch_operator.py
[2024-07-12T08:02:11.543+0000] {logging_mixin.py:188} INFO - [2024-07-12T08:02:11.543+0000] {dag.py:3096} INFO - Sync 1 DAGs
[2024-07-12T08:02:11.558+0000] {logging_mixin.py:188} INFO - [2024-07-12T08:02:11.558+0000] {dag.py:3954} INFO - Setting next_dagrun for example_branch_operator to 2024-07-11 00:00:00+00:00, run_after=2024-07-12 00:00:00+00:00
[2024-07-12T08:02:11.572+0000] {processor.py:183} INFO - Processing /home/airflow/.local/lib/python3.12/site-packages/airflow/example_dags/example_branch_operator.py took 0.064 seconds
[2024-07-12T08:02:41.638+0000] {processor.py:161} INFO - Started process (PID=246) to work on /home/airflow/.local/lib/python3.12/site-packages/airflow/example_dags/example_branch_operator.py
[2024-07-12T08:02:41.638+0000] {processor.py:830} INFO - Processing file /home/airflow/.local/lib/python3.12/site-packages/airflow/example_dags/example_branch_operator.py for tasks to queue
[2024-07-12T08:02:41.640+0000] {logging_mixin.py:188} INFO - [2024-07-12T08:02:41.639+0000] {dagbag.py:545} INFO - Filling up the DagBag from /home/airflow/.local/lib/python3.12/site-packages/airflow/example_dags/example_branch_operator.py
[2024-07-12T08:02:41.653+0000] {processor.py:840} INFO - DAG(s) 'example_branch_operator' retrieved from /home/airflow/.local/lib/python3.12/site-packages/airflow/example_dags/example_branch_operator.py
[2024-07-12T08:02:41.670+0000] {logging_mixin.py:188} INFO - [2024-07-12T08:02:41.669+0000] {dag.py:3096} INFO - Sync 1 DAGs
[2024-07-12T08:02:41.684+0000] {logging_mixin.py:188} INFO - [2024-07-12T08:02:41.683+0000] {dag.py:3954} INFO - Setting next_dagrun for example_branch_operator to 2024-07-11 00:00:00+00:00, run_after=2024-07-12 00:00:00+00:00
[2024-07-12T08:02:41.697+0000] {processor.py:183} INFO - Processing /home/airflow/.local/lib/python3.12/site-packages/airflow/example_dags/example_branch_operator.py took 0.063 seconds
[2024-07-12T08:04:17.327+0000] {processor.py:161} INFO - Started process (PID=73) to work on /home/airflow/.local/lib/python3.12/site-packages/airflow/example_dags/example_branch_operator.py
[2024-07-12T08:04:17.328+0000] {processor.py:830} INFO - Processing file /home/airflow/.local/lib/python3.12/site-packages/airflow/example_dags/example_branch_operator.py for tasks to queue
[2024-07-12T08:04:17.329+0000] {logging_mixin.py:188} INFO - [2024-07-12T08:04:17.329+0000] {dagbag.py:545} INFO - Filling up the DagBag from /home/airflow/.local/lib/python3.12/site-packages/airflow/example_dags/example_branch_operator.py
[2024-07-12T08:04:17.343+0000] {processor.py:840} INFO - DAG(s) 'example_branch_operator' retrieved from /home/airflow/.local/lib/python3.12/site-packages/airflow/example_dags/example_branch_operator.py
[2024-07-12T08:04:17.353+0000] {logging_mixin.py:188} INFO - [2024-07-12T08:04:17.352+0000] {dag.py:3096} INFO - Sync 1 DAGs
[2024-07-12T08:04:17.378+0000] {logging_mixin.py:188} INFO - [2024-07-12T08:04:17.377+0000] {dag.py:3954} INFO - Setting next_dagrun for example_branch_operator to 2024-07-11 00:00:00+00:00, run_after=2024-07-12 00:00:00+00:00
[2024-07-12T08:04:17.401+0000] {processor.py:183} INFO - Processing /home/airflow/.local/lib/python3.12/site-packages/airflow/example_dags/example_branch_operator.py took 0.078 seconds
[2024-07-12T08:04:48.247+0000] {processor.py:161} INFO - Started process (PID=131) to work on /home/airflow/.local/lib/python3.12/site-packages/airflow/example_dags/example_branch_operator.py
[2024-07-12T08:04:48.248+0000] {processor.py:830} INFO - Processing file /home/airflow/.local/lib/python3.12/site-packages/airflow/example_dags/example_branch_operator.py for tasks to queue
[2024-07-12T08:04:48.250+0000] {logging_mixin.py:188} INFO - [2024-07-12T08:04:48.249+0000] {dagbag.py:545} INFO - Filling up the DagBag from /home/airflow/.local/lib/python3.12/site-packages/airflow/example_dags/example_branch_operator.py
[2024-07-12T08:04:48.261+0000] {processor.py:840} INFO - DAG(s) 'example_branch_operator' retrieved from /home/airflow/.local/lib/python3.12/site-packages/airflow/example_dags/example_branch_operator.py
[2024-07-12T08:04:48.331+0000] {logging_mixin.py:188} INFO - [2024-07-12T08:04:48.331+0000] {dag.py:3096} INFO - Sync 1 DAGs
[2024-07-12T08:04:48.343+0000] {logging_mixin.py:188} INFO - [2024-07-12T08:04:48.343+0000] {dag.py:3954} INFO - Setting next_dagrun for example_branch_operator to 2024-07-11 00:00:00+00:00, run_after=2024-07-12 00:00:00+00:00
[2024-07-12T08:04:48.360+0000] {processor.py:183} INFO - Processing /home/airflow/.local/lib/python3.12/site-packages/airflow/example_dags/example_branch_operator.py took 0.116 seconds
[2024-07-12T08:05:18.668+0000] {processor.py:161} INFO - Started process (PID=189) to work on /home/airflow/.local/lib/python3.12/site-packages/airflow/example_dags/example_branch_operator.py
[2024-07-12T08:05:18.669+0000] {processor.py:830} INFO - Processing file /home/airflow/.local/lib/python3.12/site-packages/airflow/example_dags/example_branch_operator.py for tasks to queue
[2024-07-12T08:05:18.670+0000] {logging_mixin.py:188} INFO - [2024-07-12T08:05:18.670+0000] {dagbag.py:545} INFO - Filling up the DagBag from /home/airflow/.local/lib/python3.12/site-packages/airflow/example_dags/example_branch_operator.py
[2024-07-12T08:05:18.681+0000] {processor.py:840} INFO - DAG(s) 'example_branch_operator' retrieved from /home/airflow/.local/lib/python3.12/site-packages/airflow/example_dags/example_branch_operator.py
[2024-07-12T08:05:18.699+0000] {logging_mixin.py:188} INFO - [2024-07-12T08:05:18.699+0000] {dag.py:3096} INFO - Sync 1 DAGs
[2024-07-12T08:05:18.713+0000] {logging_mixin.py:188} INFO - [2024-07-12T08:05:18.713+0000] {dag.py:3954} INFO - Setting next_dagrun for example_branch_operator to 2024-07-11 00:00:00+00:00, run_after=2024-07-12 00:00:00+00:00
[2024-07-12T08:05:18.727+0000] {processor.py:183} INFO - Processing /home/airflow/.local/lib/python3.12/site-packages/airflow/example_dags/example_branch_operator.py took 0.063 seconds
[2024-07-12T08:05:48.897+0000] {processor.py:161} INFO - Started process (PID=247) to work on /home/airflow/.local/lib/python3.12/site-packages/airflow/example_dags/example_branch_operator.py
[2024-07-12T08:05:48.897+0000] {processor.py:830} INFO - Processing file /home/airflow/.local/lib/python3.12/site-packages/airflow/example_dags/example_branch_operator.py for tasks to queue
[2024-07-12T08:05:48.899+0000] {logging_mixin.py:188} INFO - [2024-07-12T08:05:48.899+0000] {dagbag.py:545} INFO - Filling up the DagBag from /home/airflow/.local/lib/python3.12/site-packages/airflow/example_dags/example_branch_operator.py
[2024-07-12T08:05:48.910+0000] {processor.py:840} INFO - DAG(s) 'example_branch_operator' retrieved from /home/airflow/.local/lib/python3.12/site-packages/airflow/example_dags/example_branch_operator.py
[2024-07-12T08:05:48.927+0000] {logging_mixin.py:188} INFO - [2024-07-12T08:05:48.927+0000] {dag.py:3096} INFO - Sync 1 DAGs
[2024-07-12T08:05:48.941+0000] {logging_mixin.py:188} INFO - [2024-07-12T08:05:48.941+0000] {dag.py:3954} INFO - Setting next_dagrun for example_branch_operator to 2024-07-11 00:00:00+00:00, run_after=2024-07-12 00:00:00+00:00
[2024-07-12T08:05:48.955+0000] {processor.py:183} INFO - Processing /home/airflow/.local/lib/python3.12/site-packages/airflow/example_dags/example_branch_operator.py took 0.062 seconds
[2024-07-12T08:06:19.810+0000] {processor.py:161} INFO - Started process (PID=305) to work on /home/airflow/.local/lib/python3.12/site-packages/airflow/example_dags/example_branch_operator.py
[2024-07-12T08:06:19.811+0000] {processor.py:830} INFO - Processing file /home/airflow/.local/lib/python3.12/site-packages/airflow/example_dags/example_branch_operator.py for tasks to queue
[2024-07-12T08:06:19.812+0000] {logging_mixin.py:188} INFO - [2024-07-12T08:06:19.812+0000] {dagbag.py:545} INFO - Filling up the DagBag from /home/airflow/.local/lib/python3.12/site-packages/airflow/example_dags/example_branch_operator.py
[2024-07-12T08:06:19.824+0000] {processor.py:840} INFO - DAG(s) 'example_branch_operator' retrieved from /home/airflow/.local/lib/python3.12/site-packages/airflow/example_dags/example_branch_operator.py
[2024-07-12T08:06:19.831+0000] {logging_mixin.py:188} INFO - [2024-07-12T08:06:19.831+0000] {dag.py:3096} INFO - Sync 1 DAGs
[2024-07-12T08:06:19.848+0000] {logging_mixin.py:188} INFO - [2024-07-12T08:06:19.847+0000] {dag.py:3954} INFO - Setting next_dagrun for example_branch_operator to 2024-07-11 00:00:00+00:00, run_after=2024-07-12 00:00:00+00:00
[2024-07-12T08:06:19.864+0000] {processor.py:183} INFO - Processing /home/airflow/.local/lib/python3.12/site-packages/airflow/example_dags/example_branch_operator.py took 0.059 seconds
[2024-07-12T08:06:50.294+0000] {processor.py:161} INFO - Started process (PID=363) to work on /home/airflow/.local/lib/python3.12/site-packages/airflow/example_dags/example_branch_operator.py
[2024-07-12T08:06:50.295+0000] {processor.py:830} INFO - Processing file /home/airflow/.local/lib/python3.12/site-packages/airflow/example_dags/example_branch_operator.py for tasks to queue
[2024-07-12T08:06:50.297+0000] {logging_mixin.py:188} INFO - [2024-07-12T08:06:50.296+0000] {dagbag.py:545} INFO - Filling up the DagBag from /home/airflow/.local/lib/python3.12/site-packages/airflow/example_dags/example_branch_operator.py
[2024-07-12T08:06:50.307+0000] {processor.py:840} INFO - DAG(s) 'example_branch_operator' retrieved from /home/airflow/.local/lib/python3.12/site-packages/airflow/example_dags/example_branch_operator.py
[2024-07-12T08:06:50.375+0000] {logging_mixin.py:188} INFO - [2024-07-12T08:06:50.374+0000] {dag.py:3096} INFO - Sync 1 DAGs
[2024-07-12T08:06:50.388+0000] {logging_mixin.py:188} INFO - [2024-07-12T08:06:50.388+0000] {dag.py:3954} INFO - Setting next_dagrun for example_branch_operator to 2024-07-11 00:00:00+00:00, run_after=2024-07-12 00:00:00+00:00
[2024-07-12T08:06:50.404+0000] {processor.py:183} INFO - Processing /home/airflow/.local/lib/python3.12/site-packages/airflow/example_dags/example_branch_operator.py took 0.113 seconds
[2024-07-12T08:07:20.449+0000] {processor.py:161} INFO - Started process (PID=421) to work on /home/airflow/.local/lib/python3.12/site-packages/airflow/example_dags/example_branch_operator.py
[2024-07-12T08:07:20.450+0000] {processor.py:830} INFO - Processing file /home/airflow/.local/lib/python3.12/site-packages/airflow/example_dags/example_branch_operator.py for tasks to queue
[2024-07-12T08:07:20.451+0000] {logging_mixin.py:188} INFO - [2024-07-12T08:07:20.451+0000] {dagbag.py:545} INFO - Filling up the DagBag from /home/airflow/.local/lib/python3.12/site-packages/airflow/example_dags/example_branch_operator.py
[2024-07-12T08:07:20.461+0000] {processor.py:840} INFO - DAG(s) 'example_branch_operator' retrieved from /home/airflow/.local/lib/python3.12/site-packages/airflow/example_dags/example_branch_operator.py
[2024-07-12T08:07:20.478+0000] {logging_mixin.py:188} INFO - [2024-07-12T08:07:20.478+0000] {dag.py:3096} INFO - Sync 1 DAGs
[2024-07-12T08:07:20.491+0000] {logging_mixin.py:188} INFO - [2024-07-12T08:07:20.491+0000] {dag.py:3954} INFO - Setting next_dagrun for example_branch_operator to 2024-07-11 00:00:00+00:00, run_after=2024-07-12 00:00:00+00:00
[2024-07-12T08:07:20.504+0000] {processor.py:183} INFO - Processing /home/airflow/.local/lib/python3.12/site-packages/airflow/example_dags/example_branch_operator.py took 0.059 seconds
[2024-07-12T08:08:14.868+0000] {processor.py:161} INFO - Started process (PID=72) to work on /home/airflow/.local/lib/python3.12/site-packages/airflow/example_dags/example_branch_operator.py
[2024-07-12T08:08:14.869+0000] {processor.py:830} INFO - Processing file /home/airflow/.local/lib/python3.12/site-packages/airflow/example_dags/example_branch_operator.py for tasks to queue
[2024-07-12T08:08:14.870+0000] {logging_mixin.py:188} INFO - [2024-07-12T08:08:14.870+0000] {dagbag.py:545} INFO - Filling up the DagBag from /home/airflow/.local/lib/python3.12/site-packages/airflow/example_dags/example_branch_operator.py
[2024-07-12T08:08:14.886+0000] {processor.py:840} INFO - DAG(s) 'example_branch_operator' retrieved from /home/airflow/.local/lib/python3.12/site-packages/airflow/example_dags/example_branch_operator.py
[2024-07-12T08:08:14.894+0000] {logging_mixin.py:188} INFO - [2024-07-12T08:08:14.893+0000] {dag.py:3096} INFO - Sync 1 DAGs
[2024-07-12T08:08:14.913+0000] {logging_mixin.py:188} INFO - [2024-07-12T08:08:14.912+0000] {dag.py:3954} INFO - Setting next_dagrun for example_branch_operator to 2024-07-11 00:00:00+00:00, run_after=2024-07-12 00:00:00+00:00
[2024-07-12T08:08:14.937+0000] {processor.py:183} INFO - Processing /home/airflow/.local/lib/python3.12/site-packages/airflow/example_dags/example_branch_operator.py took 0.074 seconds
[2024-07-12T08:08:45.719+0000] {processor.py:161} INFO - Started process (PID=134) to work on /home/airflow/.local/lib/python3.12/site-packages/airflow/example_dags/example_branch_operator.py
[2024-07-12T08:08:45.720+0000] {processor.py:830} INFO - Processing file /home/airflow/.local/lib/python3.12/site-packages/airflow/example_dags/example_branch_operator.py for tasks to queue
[2024-07-12T08:08:45.721+0000] {logging_mixin.py:188} INFO - [2024-07-12T08:08:45.721+0000] {dagbag.py:545} INFO - Filling up the DagBag from /home/airflow/.local/lib/python3.12/site-packages/airflow/example_dags/example_branch_operator.py
[2024-07-12T08:08:45.732+0000] {processor.py:840} INFO - DAG(s) 'example_branch_operator' retrieved from /home/airflow/.local/lib/python3.12/site-packages/airflow/example_dags/example_branch_operator.py
[2024-07-12T08:08:45.804+0000] {logging_mixin.py:188} INFO - [2024-07-12T08:08:45.804+0000] {dag.py:3096} INFO - Sync 1 DAGs
[2024-07-12T08:08:45.818+0000] {logging_mixin.py:188} INFO - [2024-07-12T08:08:45.818+0000] {dag.py:3954} INFO - Setting next_dagrun for example_branch_operator to 2024-07-11 00:00:00+00:00, run_after=2024-07-12 00:00:00+00:00
[2024-07-12T08:08:45.836+0000] {processor.py:183} INFO - Processing /home/airflow/.local/lib/python3.12/site-packages/airflow/example_dags/example_branch_operator.py took 0.120 seconds
[2024-07-12T08:09:16.268+0000] {processor.py:161} INFO - Started process (PID=192) to work on /home/airflow/.local/lib/python3.12/site-packages/airflow/example_dags/example_branch_operator.py
[2024-07-12T08:09:16.269+0000] {processor.py:830} INFO - Processing file /home/airflow/.local/lib/python3.12/site-packages/airflow/example_dags/example_branch_operator.py for tasks to queue
[2024-07-12T08:09:16.271+0000] {logging_mixin.py:188} INFO - [2024-07-12T08:09:16.270+0000] {dagbag.py:545} INFO - Filling up the DagBag from /home/airflow/.local/lib/python3.12/site-packages/airflow/example_dags/example_branch_operator.py
[2024-07-12T08:09:16.286+0000] {processor.py:840} INFO - DAG(s) 'example_branch_operator' retrieved from /home/airflow/.local/lib/python3.12/site-packages/airflow/example_dags/example_branch_operator.py
[2024-07-12T08:09:16.306+0000] {logging_mixin.py:188} INFO - [2024-07-12T08:09:16.306+0000] {dag.py:3096} INFO - Sync 1 DAGs
[2024-07-12T08:09:16.322+0000] {logging_mixin.py:188} INFO - [2024-07-12T08:09:16.322+0000] {dag.py:3954} INFO - Setting next_dagrun for example_branch_operator to 2024-07-11 00:00:00+00:00, run_after=2024-07-12 00:00:00+00:00
[2024-07-12T08:09:16.341+0000] {processor.py:183} INFO - Processing /home/airflow/.local/lib/python3.12/site-packages/airflow/example_dags/example_branch_operator.py took 0.077 seconds
[2024-07-12T08:09:46.500+0000] {processor.py:161} INFO - Started process (PID=250) to work on /home/airflow/.local/lib/python3.12/site-packages/airflow/example_dags/example_branch_operator.py
[2024-07-12T08:09:46.500+0000] {processor.py:830} INFO - Processing file /home/airflow/.local/lib/python3.12/site-packages/airflow/example_dags/example_branch_operator.py for tasks to queue
[2024-07-12T08:09:46.502+0000] {logging_mixin.py:188} INFO - [2024-07-12T08:09:46.501+0000] {dagbag.py:545} INFO - Filling up the DagBag from /home/airflow/.local/lib/python3.12/site-packages/airflow/example_dags/example_branch_operator.py
[2024-07-12T08:09:46.512+0000] {processor.py:840} INFO - DAG(s) 'example_branch_operator' retrieved from /home/airflow/.local/lib/python3.12/site-packages/airflow/example_dags/example_branch_operator.py
[2024-07-12T08:09:46.529+0000] {logging_mixin.py:188} INFO - [2024-07-12T08:09:46.528+0000] {dag.py:3096} INFO - Sync 1 DAGs
[2024-07-12T08:09:46.543+0000] {logging_mixin.py:188} INFO - [2024-07-12T08:09:46.543+0000] {dag.py:3954} INFO - Setting next_dagrun for example_branch_operator to 2024-07-11 00:00:00+00:00, run_after=2024-07-12 00:00:00+00:00
[2024-07-12T08:09:46.556+0000] {processor.py:183} INFO - Processing /home/airflow/.local/lib/python3.12/site-packages/airflow/example_dags/example_branch_operator.py took 0.060 seconds
[2024-07-12T08:10:16.616+0000] {processor.py:161} INFO - Started process (PID=308) to work on /home/airflow/.local/lib/python3.12/site-packages/airflow/example_dags/example_branch_operator.py
[2024-07-12T08:10:16.617+0000] {processor.py:830} INFO - Processing file /home/airflow/.local/lib/python3.12/site-packages/airflow/example_dags/example_branch_operator.py for tasks to queue
[2024-07-12T08:10:16.618+0000] {logging_mixin.py:188} INFO - [2024-07-12T08:10:16.618+0000] {dagbag.py:545} INFO - Filling up the DagBag from /home/airflow/.local/lib/python3.12/site-packages/airflow/example_dags/example_branch_operator.py
[2024-07-12T08:10:16.629+0000] {processor.py:840} INFO - DAG(s) 'example_branch_operator' retrieved from /home/airflow/.local/lib/python3.12/site-packages/airflow/example_dags/example_branch_operator.py
[2024-07-12T08:10:16.645+0000] {logging_mixin.py:188} INFO - [2024-07-12T08:10:16.645+0000] {dag.py:3096} INFO - Sync 1 DAGs
[2024-07-12T08:10:16.658+0000] {logging_mixin.py:188} INFO - [2024-07-12T08:10:16.658+0000] {dag.py:3954} INFO - Setting next_dagrun for example_branch_operator to 2024-07-11 00:00:00+00:00, run_after=2024-07-12 00:00:00+00:00
[2024-07-12T08:10:16.672+0000] {processor.py:183} INFO - Processing /home/airflow/.local/lib/python3.12/site-packages/airflow/example_dags/example_branch_operator.py took 0.059 seconds
[2024-07-12T08:10:46.803+0000] {processor.py:161} INFO - Started process (PID=366) to work on /home/airflow/.local/lib/python3.12/site-packages/airflow/example_dags/example_branch_operator.py
[2024-07-12T08:10:46.803+0000] {processor.py:830} INFO - Processing file /home/airflow/.local/lib/python3.12/site-packages/airflow/example_dags/example_branch_operator.py for tasks to queue
[2024-07-12T08:10:46.805+0000] {logging_mixin.py:188} INFO - [2024-07-12T08:10:46.805+0000] {dagbag.py:545} INFO - Filling up the DagBag from /home/airflow/.local/lib/python3.12/site-packages/airflow/example_dags/example_branch_operator.py
[2024-07-12T08:10:46.815+0000] {processor.py:840} INFO - DAG(s) 'example_branch_operator' retrieved from /home/airflow/.local/lib/python3.12/site-packages/airflow/example_dags/example_branch_operator.py
[2024-07-12T08:10:46.832+0000] {logging_mixin.py:188} INFO - [2024-07-12T08:10:46.832+0000] {dag.py:3096} INFO - Sync 1 DAGs
[2024-07-12T08:10:46.846+0000] {logging_mixin.py:188} INFO - [2024-07-12T08:10:46.846+0000] {dag.py:3954} INFO - Setting next_dagrun for example_branch_operator to 2024-07-11 00:00:00+00:00, run_after=2024-07-12 00:00:00+00:00
[2024-07-12T08:10:46.860+0000] {processor.py:183} INFO - Processing /home/airflow/.local/lib/python3.12/site-packages/airflow/example_dags/example_branch_operator.py took 0.061 seconds
[2024-07-12T08:11:16.882+0000] {processor.py:161} INFO - Started process (PID=424) to work on /home/airflow/.local/lib/python3.12/site-packages/airflow/example_dags/example_branch_operator.py
[2024-07-12T08:11:16.883+0000] {processor.py:830} INFO - Processing file /home/airflow/.local/lib/python3.12/site-packages/airflow/example_dags/example_branch_operator.py for tasks to queue
[2024-07-12T08:11:16.884+0000] {logging_mixin.py:188} INFO - [2024-07-12T08:11:16.884+0000] {dagbag.py:545} INFO - Filling up the DagBag from /home/airflow/.local/lib/python3.12/site-packages/airflow/example_dags/example_branch_operator.py
[2024-07-12T08:11:16.895+0000] {processor.py:840} INFO - DAG(s) 'example_branch_operator' retrieved from /home/airflow/.local/lib/python3.12/site-packages/airflow/example_dags/example_branch_operator.py
[2024-07-12T08:11:16.911+0000] {logging_mixin.py:188} INFO - [2024-07-12T08:11:16.911+0000] {dag.py:3096} INFO - Sync 1 DAGs
[2024-07-12T08:11:16.925+0000] {logging_mixin.py:188} INFO - [2024-07-12T08:11:16.924+0000] {dag.py:3954} INFO - Setting next_dagrun for example_branch_operator to 2024-07-11 00:00:00+00:00, run_after=2024-07-12 00:00:00+00:00
[2024-07-12T08:11:16.938+0000] {processor.py:183} INFO - Processing /home/airflow/.local/lib/python3.12/site-packages/airflow/example_dags/example_branch_operator.py took 0.060 seconds
[2024-07-12T08:11:47.010+0000] {processor.py:161} INFO - Started process (PID=482) to work on /home/airflow/.local/lib/python3.12/site-packages/airflow/example_dags/example_branch_operator.py
[2024-07-12T08:11:47.010+0000] {processor.py:830} INFO - Processing file /home/airflow/.local/lib/python3.12/site-packages/airflow/example_dags/example_branch_operator.py for tasks to queue
[2024-07-12T08:11:47.012+0000] {logging_mixin.py:188} INFO - [2024-07-12T08:11:47.012+0000] {dagbag.py:545} INFO - Filling up the DagBag from /home/airflow/.local/lib/python3.12/site-packages/airflow/example_dags/example_branch_operator.py
[2024-07-12T08:11:47.022+0000] {processor.py:840} INFO - DAG(s) 'example_branch_operator' retrieved from /home/airflow/.local/lib/python3.12/site-packages/airflow/example_dags/example_branch_operator.py
[2024-07-12T08:11:47.041+0000] {logging_mixin.py:188} INFO - [2024-07-12T08:11:47.041+0000] {dag.py:3096} INFO - Sync 1 DAGs
[2024-07-12T08:11:47.056+0000] {logging_mixin.py:188} INFO - [2024-07-12T08:11:47.056+0000] {dag.py:3954} INFO - Setting next_dagrun for example_branch_operator to 2024-07-11 00:00:00+00:00, run_after=2024-07-12 00:00:00+00:00
[2024-07-12T08:11:47.071+0000] {processor.py:183} INFO - Processing /home/airflow/.local/lib/python3.12/site-packages/airflow/example_dags/example_branch_operator.py took 0.065 seconds
[2024-07-12T08:12:17.158+0000] {processor.py:161} INFO - Started process (PID=540) to work on /home/airflow/.local/lib/python3.12/site-packages/airflow/example_dags/example_branch_operator.py
[2024-07-12T08:12:17.159+0000] {processor.py:830} INFO - Processing file /home/airflow/.local/lib/python3.12/site-packages/airflow/example_dags/example_branch_operator.py for tasks to queue
[2024-07-12T08:12:17.160+0000] {logging_mixin.py:188} INFO - [2024-07-12T08:12:17.160+0000] {dagbag.py:545} INFO - Filling up the DagBag from /home/airflow/.local/lib/python3.12/site-packages/airflow/example_dags/example_branch_operator.py
[2024-07-12T08:12:17.171+0000] {processor.py:840} INFO - DAG(s) 'example_branch_operator' retrieved from /home/airflow/.local/lib/python3.12/site-packages/airflow/example_dags/example_branch_operator.py
[2024-07-12T08:12:17.191+0000] {logging_mixin.py:188} INFO - [2024-07-12T08:12:17.190+0000] {dag.py:3096} INFO - Sync 1 DAGs
[2024-07-12T08:12:17.208+0000] {logging_mixin.py:188} INFO - [2024-07-12T08:12:17.207+0000] {dag.py:3954} INFO - Setting next_dagrun for example_branch_operator to 2024-07-11 00:00:00+00:00, run_after=2024-07-12 00:00:00+00:00
[2024-07-12T08:12:17.224+0000] {processor.py:183} INFO - Processing /home/airflow/.local/lib/python3.12/site-packages/airflow/example_dags/example_branch_operator.py took 0.070 seconds
[2024-07-12T08:12:47.425+0000] {processor.py:161} INFO - Started process (PID=598) to work on /home/airflow/.local/lib/python3.12/site-packages/airflow/example_dags/example_branch_operator.py
[2024-07-12T08:12:47.426+0000] {processor.py:830} INFO - Processing file /home/airflow/.local/lib/python3.12/site-packages/airflow/example_dags/example_branch_operator.py for tasks to queue
[2024-07-12T08:12:47.427+0000] {logging_mixin.py:188} INFO - [2024-07-12T08:12:47.427+0000] {dagbag.py:545} INFO - Filling up the DagBag from /home/airflow/.local/lib/python3.12/site-packages/airflow/example_dags/example_branch_operator.py
[2024-07-12T08:12:47.438+0000] {processor.py:840} INFO - DAG(s) 'example_branch_operator' retrieved from /home/airflow/.local/lib/python3.12/site-packages/airflow/example_dags/example_branch_operator.py
[2024-07-12T08:12:47.456+0000] {logging_mixin.py:188} INFO - [2024-07-12T08:12:47.456+0000] {dag.py:3096} INFO - Sync 1 DAGs
[2024-07-12T08:12:47.471+0000] {logging_mixin.py:188} INFO - [2024-07-12T08:12:47.470+0000] {dag.py:3954} INFO - Setting next_dagrun for example_branch_operator to 2024-07-11 00:00:00+00:00, run_after=2024-07-12 00:00:00+00:00
[2024-07-12T08:12:47.485+0000] {processor.py:183} INFO - Processing /home/airflow/.local/lib/python3.12/site-packages/airflow/example_dags/example_branch_operator.py took 0.064 seconds
[2024-07-12T08:13:17.885+0000] {processor.py:161} INFO - Started process (PID=656) to work on /home/airflow/.local/lib/python3.12/site-packages/airflow/example_dags/example_branch_operator.py
[2024-07-12T08:13:17.886+0000] {processor.py:830} INFO - Processing file /home/airflow/.local/lib/python3.12/site-packages/airflow/example_dags/example_branch_operator.py for tasks to queue
[2024-07-12T08:13:17.888+0000] {logging_mixin.py:188} INFO - [2024-07-12T08:13:17.887+0000] {dagbag.py:545} INFO - Filling up the DagBag from /home/airflow/.local/lib/python3.12/site-packages/airflow/example_dags/example_branch_operator.py
[2024-07-12T08:13:17.899+0000] {processor.py:840} INFO - DAG(s) 'example_branch_operator' retrieved from /home/airflow/.local/lib/python3.12/site-packages/airflow/example_dags/example_branch_operator.py
[2024-07-12T08:13:17.919+0000] {logging_mixin.py:188} INFO - [2024-07-12T08:13:17.918+0000] {dag.py:3096} INFO - Sync 1 DAGs
[2024-07-12T08:13:17.935+0000] {logging_mixin.py:188} INFO - [2024-07-12T08:13:17.935+0000] {dag.py:3954} INFO - Setting next_dagrun for example_branch_operator to 2024-07-11 00:00:00+00:00, run_after=2024-07-12 00:00:00+00:00
[2024-07-12T08:13:17.951+0000] {processor.py:183} INFO - Processing /home/airflow/.local/lib/python3.12/site-packages/airflow/example_dags/example_branch_operator.py took 0.070 seconds
[2024-07-12T08:13:48.337+0000] {processor.py:161} INFO - Started process (PID=714) to work on /home/airflow/.local/lib/python3.12/site-packages/airflow/example_dags/example_branch_operator.py
[2024-07-12T08:13:48.337+0000] {processor.py:830} INFO - Processing file /home/airflow/.local/lib/python3.12/site-packages/airflow/example_dags/example_branch_operator.py for tasks to queue
[2024-07-12T08:13:48.339+0000] {logging_mixin.py:188} INFO - [2024-07-12T08:13:48.339+0000] {dagbag.py:545} INFO - Filling up the DagBag from /home/airflow/.local/lib/python3.12/site-packages/airflow/example_dags/example_branch_operator.py
[2024-07-12T08:13:48.350+0000] {processor.py:840} INFO - DAG(s) 'example_branch_operator' retrieved from /home/airflow/.local/lib/python3.12/site-packages/airflow/example_dags/example_branch_operator.py
[2024-07-12T08:13:48.367+0000] {logging_mixin.py:188} INFO - [2024-07-12T08:13:48.367+0000] {dag.py:3096} INFO - Sync 1 DAGs
[2024-07-12T08:13:48.381+0000] {logging_mixin.py:188} INFO - [2024-07-12T08:13:48.381+0000] {dag.py:3954} INFO - Setting next_dagrun for example_branch_operator to 2024-07-11 00:00:00+00:00, run_after=2024-07-12 00:00:00+00:00
[2024-07-12T08:13:48.395+0000] {processor.py:183} INFO - Processing /home/airflow/.local/lib/python3.12/site-packages/airflow/example_dags/example_branch_operator.py took 0.062 seconds
[2024-07-12T08:14:18.514+0000] {processor.py:161} INFO - Started process (PID=773) to work on /home/airflow/.local/lib/python3.12/site-packages/airflow/example_dags/example_branch_operator.py
[2024-07-12T08:14:18.515+0000] {processor.py:830} INFO - Processing file /home/airflow/.local/lib/python3.12/site-packages/airflow/example_dags/example_branch_operator.py for tasks to queue
[2024-07-12T08:14:18.516+0000] {logging_mixin.py:188} INFO - [2024-07-12T08:14:18.516+0000] {dagbag.py:545} INFO - Filling up the DagBag from /home/airflow/.local/lib/python3.12/site-packages/airflow/example_dags/example_branch_operator.py
[2024-07-12T08:14:18.527+0000] {processor.py:840} INFO - DAG(s) 'example_branch_operator' retrieved from /home/airflow/.local/lib/python3.12/site-packages/airflow/example_dags/example_branch_operator.py
[2024-07-12T08:14:18.545+0000] {logging_mixin.py:188} INFO - [2024-07-12T08:14:18.545+0000] {dag.py:3096} INFO - Sync 1 DAGs
[2024-07-12T08:14:18.560+0000] {logging_mixin.py:188} INFO - [2024-07-12T08:14:18.560+0000] {dag.py:3954} INFO - Setting next_dagrun for example_branch_operator to 2024-07-11 00:00:00+00:00, run_after=2024-07-12 00:00:00+00:00
[2024-07-12T08:14:18.574+0000] {processor.py:183} INFO - Processing /home/airflow/.local/lib/python3.12/site-packages/airflow/example_dags/example_branch_operator.py took 0.063 seconds
[2024-07-12T08:14:48.701+0000] {processor.py:161} INFO - Started process (PID=831) to work on /home/airflow/.local/lib/python3.12/site-packages/airflow/example_dags/example_branch_operator.py
[2024-07-12T08:14:48.702+0000] {processor.py:830} INFO - Processing file /home/airflow/.local/lib/python3.12/site-packages/airflow/example_dags/example_branch_operator.py for tasks to queue
[2024-07-12T08:14:48.703+0000] {logging_mixin.py:188} INFO - [2024-07-12T08:14:48.703+0000] {dagbag.py:545} INFO - Filling up the DagBag from /home/airflow/.local/lib/python3.12/site-packages/airflow/example_dags/example_branch_operator.py
[2024-07-12T08:14:48.714+0000] {processor.py:840} INFO - DAG(s) 'example_branch_operator' retrieved from /home/airflow/.local/lib/python3.12/site-packages/airflow/example_dags/example_branch_operator.py
[2024-07-12T08:14:48.732+0000] {logging_mixin.py:188} INFO - [2024-07-12T08:14:48.732+0000] {dag.py:3096} INFO - Sync 1 DAGs
[2024-07-12T08:14:48.747+0000] {logging_mixin.py:188} INFO - [2024-07-12T08:14:48.747+0000] {dag.py:3954} INFO - Setting next_dagrun for example_branch_operator to 2024-07-11 00:00:00+00:00, run_after=2024-07-12 00:00:00+00:00
[2024-07-12T08:14:48.761+0000] {processor.py:183} INFO - Processing /home/airflow/.local/lib/python3.12/site-packages/airflow/example_dags/example_branch_operator.py took 0.063 seconds
[2024-07-12T08:15:18.795+0000] {processor.py:161} INFO - Started process (PID=889) to work on /home/airflow/.local/lib/python3.12/site-packages/airflow/example_dags/example_branch_operator.py
[2024-07-12T08:15:18.796+0000] {processor.py:830} INFO - Processing file /home/airflow/.local/lib/python3.12/site-packages/airflow/example_dags/example_branch_operator.py for tasks to queue
[2024-07-12T08:15:18.797+0000] {logging_mixin.py:188} INFO - [2024-07-12T08:15:18.797+0000] {dagbag.py:545} INFO - Filling up the DagBag from /home/airflow/.local/lib/python3.12/site-packages/airflow/example_dags/example_branch_operator.py
[2024-07-12T08:15:18.808+0000] {processor.py:840} INFO - DAG(s) 'example_branch_operator' retrieved from /home/airflow/.local/lib/python3.12/site-packages/airflow/example_dags/example_branch_operator.py
[2024-07-12T08:15:18.825+0000] {logging_mixin.py:188} INFO - [2024-07-12T08:15:18.825+0000] {dag.py:3096} INFO - Sync 1 DAGs
[2024-07-12T08:15:18.839+0000] {logging_mixin.py:188} INFO - [2024-07-12T08:15:18.839+0000] {dag.py:3954} INFO - Setting next_dagrun for example_branch_operator to 2024-07-11 00:00:00+00:00, run_after=2024-07-12 00:00:00+00:00
[2024-07-12T08:15:18.852+0000] {processor.py:183} INFO - Processing /home/airflow/.local/lib/python3.12/site-packages/airflow/example_dags/example_branch_operator.py took 0.061 seconds
[2024-07-12T08:15:49.118+0000] {processor.py:161} INFO - Started process (PID=947) to work on /home/airflow/.local/lib/python3.12/site-packages/airflow/example_dags/example_branch_operator.py
[2024-07-12T08:15:49.118+0000] {processor.py:830} INFO - Processing file /home/airflow/.local/lib/python3.12/site-packages/airflow/example_dags/example_branch_operator.py for tasks to queue
[2024-07-12T08:15:49.120+0000] {logging_mixin.py:188} INFO - [2024-07-12T08:15:49.119+0000] {dagbag.py:545} INFO - Filling up the DagBag from /home/airflow/.local/lib/python3.12/site-packages/airflow/example_dags/example_branch_operator.py
[2024-07-12T08:15:49.130+0000] {processor.py:840} INFO - DAG(s) 'example_branch_operator' retrieved from /home/airflow/.local/lib/python3.12/site-packages/airflow/example_dags/example_branch_operator.py
[2024-07-12T08:15:49.147+0000] {logging_mixin.py:188} INFO - [2024-07-12T08:15:49.146+0000] {dag.py:3096} INFO - Sync 1 DAGs
[2024-07-12T08:15:49.160+0000] {logging_mixin.py:188} INFO - [2024-07-12T08:15:49.160+0000] {dag.py:3954} INFO - Setting next_dagrun for example_branch_operator to 2024-07-11 00:00:00+00:00, run_after=2024-07-12 00:00:00+00:00
[2024-07-12T08:15:49.178+0000] {processor.py:183} INFO - Processing /home/airflow/.local/lib/python3.12/site-packages/airflow/example_dags/example_branch_operator.py took 0.064 seconds
[2024-07-12T08:16:20.165+0000] {processor.py:161} INFO - Started process (PID=1005) to work on /home/airflow/.local/lib/python3.12/site-packages/airflow/example_dags/example_branch_operator.py
[2024-07-12T08:16:20.165+0000] {processor.py:830} INFO - Processing file /home/airflow/.local/lib/python3.12/site-packages/airflow/example_dags/example_branch_operator.py for tasks to queue
[2024-07-12T08:16:20.167+0000] {logging_mixin.py:188} INFO - [2024-07-12T08:16:20.167+0000] {dagbag.py:545} INFO - Filling up the DagBag from /home/airflow/.local/lib/python3.12/site-packages/airflow/example_dags/example_branch_operator.py
[2024-07-12T08:16:20.177+0000] {processor.py:840} INFO - DAG(s) 'example_branch_operator' retrieved from /home/airflow/.local/lib/python3.12/site-packages/airflow/example_dags/example_branch_operator.py
[2024-07-12T08:16:20.193+0000] {logging_mixin.py:188} INFO - [2024-07-12T08:16:20.193+0000] {dag.py:3096} INFO - Sync 1 DAGs
[2024-07-12T08:16:20.206+0000] {logging_mixin.py:188} INFO - [2024-07-12T08:16:20.206+0000] {dag.py:3954} INFO - Setting next_dagrun for example_branch_operator to 2024-07-11 00:00:00+00:00, run_after=2024-07-12 00:00:00+00:00
[2024-07-12T08:16:20.219+0000] {processor.py:183} INFO - Processing /home/airflow/.local/lib/python3.12/site-packages/airflow/example_dags/example_branch_operator.py took 0.058 seconds
[2024-07-12T08:16:50.411+0000] {processor.py:161} INFO - Started process (PID=1063) to work on /home/airflow/.local/lib/python3.12/site-packages/airflow/example_dags/example_branch_operator.py
[2024-07-12T08:16:50.411+0000] {processor.py:830} INFO - Processing file /home/airflow/.local/lib/python3.12/site-packages/airflow/example_dags/example_branch_operator.py for tasks to queue
[2024-07-12T08:16:50.413+0000] {logging_mixin.py:188} INFO - [2024-07-12T08:16:50.412+0000] {dagbag.py:545} INFO - Filling up the DagBag from /home/airflow/.local/lib/python3.12/site-packages/airflow/example_dags/example_branch_operator.py
[2024-07-12T08:16:50.423+0000] {processor.py:840} INFO - DAG(s) 'example_branch_operator' retrieved from /home/airflow/.local/lib/python3.12/site-packages/airflow/example_dags/example_branch_operator.py
[2024-07-12T08:16:50.440+0000] {logging_mixin.py:188} INFO - [2024-07-12T08:16:50.439+0000] {dag.py:3096} INFO - Sync 1 DAGs
[2024-07-12T08:16:50.454+0000] {logging_mixin.py:188} INFO - [2024-07-12T08:16:50.454+0000] {dag.py:3954} INFO - Setting next_dagrun for example_branch_operator to 2024-07-11 00:00:00+00:00, run_after=2024-07-12 00:00:00+00:00
[2024-07-12T08:16:50.467+0000] {processor.py:183} INFO - Processing /home/airflow/.local/lib/python3.12/site-packages/airflow/example_dags/example_branch_operator.py took 0.060 seconds
[2024-07-12T08:17:20.682+0000] {processor.py:161} INFO - Started process (PID=1121) to work on /home/airflow/.local/lib/python3.12/site-packages/airflow/example_dags/example_branch_operator.py
[2024-07-12T08:17:20.682+0000] {processor.py:830} INFO - Processing file /home/airflow/.local/lib/python3.12/site-packages/airflow/example_dags/example_branch_operator.py for tasks to queue
[2024-07-12T08:17:20.684+0000] {logging_mixin.py:188} INFO - [2024-07-12T08:17:20.683+0000] {dagbag.py:545} INFO - Filling up the DagBag from /home/airflow/.local/lib/python3.12/site-packages/airflow/example_dags/example_branch_operator.py
[2024-07-12T08:17:20.694+0000] {processor.py:840} INFO - DAG(s) 'example_branch_operator' retrieved from /home/airflow/.local/lib/python3.12/site-packages/airflow/example_dags/example_branch_operator.py
[2024-07-12T08:17:20.712+0000] {logging_mixin.py:188} INFO - [2024-07-12T08:17:20.712+0000] {dag.py:3096} INFO - Sync 1 DAGs
[2024-07-12T08:17:20.727+0000] {logging_mixin.py:188} INFO - [2024-07-12T08:17:20.726+0000] {dag.py:3954} INFO - Setting next_dagrun for example_branch_operator to 2024-07-11 00:00:00+00:00, run_after=2024-07-12 00:00:00+00:00
[2024-07-12T08:17:20.741+0000] {processor.py:183} INFO - Processing /home/airflow/.local/lib/python3.12/site-packages/airflow/example_dags/example_branch_operator.py took 0.063 seconds
[2024-07-12T08:17:50.982+0000] {processor.py:161} INFO - Started process (PID=1179) to work on /home/airflow/.local/lib/python3.12/site-packages/airflow/example_dags/example_branch_operator.py
[2024-07-12T08:17:50.982+0000] {processor.py:830} INFO - Processing file /home/airflow/.local/lib/python3.12/site-packages/airflow/example_dags/example_branch_operator.py for tasks to queue
[2024-07-12T08:17:50.984+0000] {logging_mixin.py:188} INFO - [2024-07-12T08:17:50.984+0000] {dagbag.py:545} INFO - Filling up the DagBag from /home/airflow/.local/lib/python3.12/site-packages/airflow/example_dags/example_branch_operator.py
[2024-07-12T08:17:50.995+0000] {processor.py:840} INFO - DAG(s) 'example_branch_operator' retrieved from /home/airflow/.local/lib/python3.12/site-packages/airflow/example_dags/example_branch_operator.py
[2024-07-12T08:17:51.011+0000] {logging_mixin.py:188} INFO - [2024-07-12T08:17:51.011+0000] {dag.py:3096} INFO - Sync 1 DAGs
[2024-07-12T08:17:51.026+0000] {logging_mixin.py:188} INFO - [2024-07-12T08:17:51.026+0000] {dag.py:3954} INFO - Setting next_dagrun for example_branch_operator to 2024-07-11 00:00:00+00:00, run_after=2024-07-12 00:00:00+00:00
[2024-07-12T08:17:51.040+0000] {processor.py:183} INFO - Processing /home/airflow/.local/lib/python3.12/site-packages/airflow/example_dags/example_branch_operator.py took 0.062 seconds
[2024-07-12T08:18:21.274+0000] {processor.py:161} INFO - Started process (PID=1237) to work on /home/airflow/.local/lib/python3.12/site-packages/airflow/example_dags/example_branch_operator.py
[2024-07-12T08:18:21.274+0000] {processor.py:830} INFO - Processing file /home/airflow/.local/lib/python3.12/site-packages/airflow/example_dags/example_branch_operator.py for tasks to queue
[2024-07-12T08:18:21.277+0000] {logging_mixin.py:188} INFO - [2024-07-12T08:18:21.277+0000] {dagbag.py:545} INFO - Filling up the DagBag from /home/airflow/.local/lib/python3.12/site-packages/airflow/example_dags/example_branch_operator.py
[2024-07-12T08:18:21.289+0000] {processor.py:840} INFO - DAG(s) 'example_branch_operator' retrieved from /home/airflow/.local/lib/python3.12/site-packages/airflow/example_dags/example_branch_operator.py
[2024-07-12T08:18:21.307+0000] {logging_mixin.py:188} INFO - [2024-07-12T08:18:21.307+0000] {dag.py:3096} INFO - Sync 1 DAGs
[2024-07-12T08:18:21.324+0000] {logging_mixin.py:188} INFO - [2024-07-12T08:18:21.324+0000] {dag.py:3954} INFO - Setting next_dagrun for example_branch_operator to 2024-07-11 00:00:00+00:00, run_after=2024-07-12 00:00:00+00:00
[2024-07-12T08:18:21.340+0000] {processor.py:183} INFO - Processing /home/airflow/.local/lib/python3.12/site-packages/airflow/example_dags/example_branch_operator.py took 0.070 seconds
[2024-07-12T08:18:51.557+0000] {processor.py:161} INFO - Started process (PID=1295) to work on /home/airflow/.local/lib/python3.12/site-packages/airflow/example_dags/example_branch_operator.py
[2024-07-12T08:18:51.557+0000] {processor.py:830} INFO - Processing file /home/airflow/.local/lib/python3.12/site-packages/airflow/example_dags/example_branch_operator.py for tasks to queue
[2024-07-12T08:18:51.559+0000] {logging_mixin.py:188} INFO - [2024-07-12T08:18:51.559+0000] {dagbag.py:545} INFO - Filling up the DagBag from /home/airflow/.local/lib/python3.12/site-packages/airflow/example_dags/example_branch_operator.py
[2024-07-12T08:18:51.570+0000] {processor.py:840} INFO - DAG(s) 'example_branch_operator' retrieved from /home/airflow/.local/lib/python3.12/site-packages/airflow/example_dags/example_branch_operator.py
[2024-07-12T08:18:51.587+0000] {logging_mixin.py:188} INFO - [2024-07-12T08:18:51.586+0000] {dag.py:3096} INFO - Sync 1 DAGs
[2024-07-12T08:18:51.601+0000] {logging_mixin.py:188} INFO - [2024-07-12T08:18:51.600+0000] {dag.py:3954} INFO - Setting next_dagrun for example_branch_operator to 2024-07-11 00:00:00+00:00, run_after=2024-07-12 00:00:00+00:00
[2024-07-12T08:18:51.614+0000] {processor.py:183} INFO - Processing /home/airflow/.local/lib/python3.12/site-packages/airflow/example_dags/example_branch_operator.py took 0.061 seconds
[2024-07-12T08:19:21.908+0000] {processor.py:161} INFO - Started process (PID=1353) to work on /home/airflow/.local/lib/python3.12/site-packages/airflow/example_dags/example_branch_operator.py
[2024-07-12T08:19:21.909+0000] {processor.py:830} INFO - Processing file /home/airflow/.local/lib/python3.12/site-packages/airflow/example_dags/example_branch_operator.py for tasks to queue
[2024-07-12T08:19:21.910+0000] {logging_mixin.py:188} INFO - [2024-07-12T08:19:21.910+0000] {dagbag.py:545} INFO - Filling up the DagBag from /home/airflow/.local/lib/python3.12/site-packages/airflow/example_dags/example_branch_operator.py
[2024-07-12T08:19:21.921+0000] {processor.py:840} INFO - DAG(s) 'example_branch_operator' retrieved from /home/airflow/.local/lib/python3.12/site-packages/airflow/example_dags/example_branch_operator.py
[2024-07-12T08:19:21.938+0000] {logging_mixin.py:188} INFO - [2024-07-12T08:19:21.938+0000] {dag.py:3096} INFO - Sync 1 DAGs
[2024-07-12T08:19:21.954+0000] {logging_mixin.py:188} INFO - [2024-07-12T08:19:21.953+0000] {dag.py:3954} INFO - Setting next_dagrun for example_branch_operator to 2024-07-11 00:00:00+00:00, run_after=2024-07-12 00:00:00+00:00
[2024-07-12T08:19:21.968+0000] {processor.py:183} INFO - Processing /home/airflow/.local/lib/python3.12/site-packages/airflow/example_dags/example_branch_operator.py took 0.063 seconds
[2024-07-12T08:19:52.091+0000] {processor.py:161} INFO - Started process (PID=1411) to work on /home/airflow/.local/lib/python3.12/site-packages/airflow/example_dags/example_branch_operator.py
[2024-07-12T08:19:52.092+0000] {processor.py:830} INFO - Processing file /home/airflow/.local/lib/python3.12/site-packages/airflow/example_dags/example_branch_operator.py for tasks to queue
[2024-07-12T08:19:52.093+0000] {logging_mixin.py:188} INFO - [2024-07-12T08:19:52.093+0000] {dagbag.py:545} INFO - Filling up the DagBag from /home/airflow/.local/lib/python3.12/site-packages/airflow/example_dags/example_branch_operator.py
[2024-07-12T08:19:52.104+0000] {processor.py:840} INFO - DAG(s) 'example_branch_operator' retrieved from /home/airflow/.local/lib/python3.12/site-packages/airflow/example_dags/example_branch_operator.py
[2024-07-12T08:19:52.122+0000] {logging_mixin.py:188} INFO - [2024-07-12T08:19:52.122+0000] {dag.py:3096} INFO - Sync 1 DAGs
[2024-07-12T08:19:52.136+0000] {logging_mixin.py:188} INFO - [2024-07-12T08:19:52.136+0000] {dag.py:3954} INFO - Setting next_dagrun for example_branch_operator to 2024-07-11 00:00:00+00:00, run_after=2024-07-12 00:00:00+00:00
[2024-07-12T08:19:52.152+0000] {processor.py:183} INFO - Processing /home/airflow/.local/lib/python3.12/site-packages/airflow/example_dags/example_branch_operator.py took 0.065 seconds
[2024-07-12T08:20:22.286+0000] {processor.py:161} INFO - Started process (PID=1469) to work on /home/airflow/.local/lib/python3.12/site-packages/airflow/example_dags/example_branch_operator.py
[2024-07-12T08:20:22.287+0000] {processor.py:830} INFO - Processing file /home/airflow/.local/lib/python3.12/site-packages/airflow/example_dags/example_branch_operator.py for tasks to queue
[2024-07-12T08:20:22.288+0000] {logging_mixin.py:188} INFO - [2024-07-12T08:20:22.288+0000] {dagbag.py:545} INFO - Filling up the DagBag from /home/airflow/.local/lib/python3.12/site-packages/airflow/example_dags/example_branch_operator.py
[2024-07-12T08:20:22.298+0000] {processor.py:840} INFO - DAG(s) 'example_branch_operator' retrieved from /home/airflow/.local/lib/python3.12/site-packages/airflow/example_dags/example_branch_operator.py
[2024-07-12T08:20:22.315+0000] {logging_mixin.py:188} INFO - [2024-07-12T08:20:22.315+0000] {dag.py:3096} INFO - Sync 1 DAGs
[2024-07-12T08:20:22.330+0000] {logging_mixin.py:188} INFO - [2024-07-12T08:20:22.330+0000] {dag.py:3954} INFO - Setting next_dagrun for example_branch_operator to 2024-07-11 00:00:00+00:00, run_after=2024-07-12 00:00:00+00:00
[2024-07-12T08:20:22.344+0000] {processor.py:183} INFO - Processing /home/airflow/.local/lib/python3.12/site-packages/airflow/example_dags/example_branch_operator.py took 0.062 seconds
[2024-07-12T08:22:55.898+0000] {processor.py:161} INFO - Started process (PID=72) to work on /home/airflow/.local/lib/python3.12/site-packages/airflow/example_dags/example_branch_operator.py
[2024-07-12T08:22:55.899+0000] {processor.py:830} INFO - Processing file /home/airflow/.local/lib/python3.12/site-packages/airflow/example_dags/example_branch_operator.py for tasks to queue
[2024-07-12T08:22:55.900+0000] {logging_mixin.py:188} INFO - [2024-07-12T08:22:55.900+0000] {dagbag.py:545} INFO - Filling up the DagBag from /home/airflow/.local/lib/python3.12/site-packages/airflow/example_dags/example_branch_operator.py
[2024-07-12T08:22:55.914+0000] {processor.py:840} INFO - DAG(s) 'example_branch_operator' retrieved from /home/airflow/.local/lib/python3.12/site-packages/airflow/example_dags/example_branch_operator.py
[2024-07-12T08:22:55.922+0000] {logging_mixin.py:188} INFO - [2024-07-12T08:22:55.921+0000] {dag.py:3096} INFO - Sync 1 DAGs
[2024-07-12T08:22:55.938+0000] {logging_mixin.py:188} INFO - [2024-07-12T08:22:55.937+0000] {dag.py:3954} INFO - Setting next_dagrun for example_branch_operator to 2024-07-11 00:00:00+00:00, run_after=2024-07-12 00:00:00+00:00
[2024-07-12T08:22:55.953+0000] {processor.py:183} INFO - Processing /home/airflow/.local/lib/python3.12/site-packages/airflow/example_dags/example_branch_operator.py took 0.059 seconds
[2024-07-12T08:23:26.853+0000] {processor.py:161} INFO - Started process (PID=130) to work on /home/airflow/.local/lib/python3.12/site-packages/airflow/example_dags/example_branch_operator.py
[2024-07-12T08:23:26.854+0000] {processor.py:830} INFO - Processing file /home/airflow/.local/lib/python3.12/site-packages/airflow/example_dags/example_branch_operator.py for tasks to queue
[2024-07-12T08:23:26.855+0000] {logging_mixin.py:188} INFO - [2024-07-12T08:23:26.855+0000] {dagbag.py:545} INFO - Filling up the DagBag from /home/airflow/.local/lib/python3.12/site-packages/airflow/example_dags/example_branch_operator.py
[2024-07-12T08:23:26.866+0000] {processor.py:840} INFO - DAG(s) 'example_branch_operator' retrieved from /home/airflow/.local/lib/python3.12/site-packages/airflow/example_dags/example_branch_operator.py
[2024-07-12T08:23:26.938+0000] {logging_mixin.py:188} INFO - [2024-07-12T08:23:26.938+0000] {dag.py:3096} INFO - Sync 1 DAGs
[2024-07-12T08:23:26.951+0000] {logging_mixin.py:188} INFO - [2024-07-12T08:23:26.951+0000] {dag.py:3954} INFO - Setting next_dagrun for example_branch_operator to 2024-07-11 00:00:00+00:00, run_after=2024-07-12 00:00:00+00:00
[2024-07-12T08:23:26.969+0000] {processor.py:183} INFO - Processing /home/airflow/.local/lib/python3.12/site-packages/airflow/example_dags/example_branch_operator.py took 0.119 seconds
[2024-07-12T08:23:57.722+0000] {processor.py:161} INFO - Started process (PID=188) to work on /home/airflow/.local/lib/python3.12/site-packages/airflow/example_dags/example_branch_operator.py
[2024-07-12T08:23:57.723+0000] {processor.py:830} INFO - Processing file /home/airflow/.local/lib/python3.12/site-packages/airflow/example_dags/example_branch_operator.py for tasks to queue
[2024-07-12T08:23:57.724+0000] {logging_mixin.py:188} INFO - [2024-07-12T08:23:57.724+0000] {dagbag.py:545} INFO - Filling up the DagBag from /home/airflow/.local/lib/python3.12/site-packages/airflow/example_dags/example_branch_operator.py
[2024-07-12T08:23:57.737+0000] {processor.py:840} INFO - DAG(s) 'example_branch_operator' retrieved from /home/airflow/.local/lib/python3.12/site-packages/airflow/example_dags/example_branch_operator.py
[2024-07-12T08:23:57.756+0000] {logging_mixin.py:188} INFO - [2024-07-12T08:23:57.755+0000] {dag.py:3096} INFO - Sync 1 DAGs
[2024-07-12T08:23:57.773+0000] {logging_mixin.py:188} INFO - [2024-07-12T08:23:57.772+0000] {dag.py:3954} INFO - Setting next_dagrun for example_branch_operator to 2024-07-11 00:00:00+00:00, run_after=2024-07-12 00:00:00+00:00
[2024-07-12T08:23:57.788+0000] {processor.py:183} INFO - Processing /home/airflow/.local/lib/python3.12/site-packages/airflow/example_dags/example_branch_operator.py took 0.069 seconds
[2024-07-12T08:24:27.950+0000] {processor.py:161} INFO - Started process (PID=246) to work on /home/airflow/.local/lib/python3.12/site-packages/airflow/example_dags/example_branch_operator.py
[2024-07-12T08:24:27.951+0000] {processor.py:830} INFO - Processing file /home/airflow/.local/lib/python3.12/site-packages/airflow/example_dags/example_branch_operator.py for tasks to queue
[2024-07-12T08:24:27.953+0000] {logging_mixin.py:188} INFO - [2024-07-12T08:24:27.952+0000] {dagbag.py:545} INFO - Filling up the DagBag from /home/airflow/.local/lib/python3.12/site-packages/airflow/example_dags/example_branch_operator.py
[2024-07-12T08:24:27.964+0000] {processor.py:840} INFO - DAG(s) 'example_branch_operator' retrieved from /home/airflow/.local/lib/python3.12/site-packages/airflow/example_dags/example_branch_operator.py
[2024-07-12T08:24:27.982+0000] {logging_mixin.py:188} INFO - [2024-07-12T08:24:27.982+0000] {dag.py:3096} INFO - Sync 1 DAGs
[2024-07-12T08:24:27.997+0000] {logging_mixin.py:188} INFO - [2024-07-12T08:24:27.997+0000] {dag.py:3954} INFO - Setting next_dagrun for example_branch_operator to 2024-07-11 00:00:00+00:00, run_after=2024-07-12 00:00:00+00:00
[2024-07-12T08:24:28.013+0000] {processor.py:183} INFO - Processing /home/airflow/.local/lib/python3.12/site-packages/airflow/example_dags/example_branch_operator.py took 0.067 seconds
[2024-07-12T08:24:58.057+0000] {processor.py:161} INFO - Started process (PID=304) to work on /home/airflow/.local/lib/python3.12/site-packages/airflow/example_dags/example_branch_operator.py
[2024-07-12T08:24:58.057+0000] {processor.py:830} INFO - Processing file /home/airflow/.local/lib/python3.12/site-packages/airflow/example_dags/example_branch_operator.py for tasks to queue
[2024-07-12T08:24:58.059+0000] {logging_mixin.py:188} INFO - [2024-07-12T08:24:58.058+0000] {dagbag.py:545} INFO - Filling up the DagBag from /home/airflow/.local/lib/python3.12/site-packages/airflow/example_dags/example_branch_operator.py
[2024-07-12T08:24:58.069+0000] {processor.py:840} INFO - DAG(s) 'example_branch_operator' retrieved from /home/airflow/.local/lib/python3.12/site-packages/airflow/example_dags/example_branch_operator.py
[2024-07-12T08:24:58.086+0000] {logging_mixin.py:188} INFO - [2024-07-12T08:24:58.085+0000] {dag.py:3096} INFO - Sync 1 DAGs
[2024-07-12T08:24:58.099+0000] {logging_mixin.py:188} INFO - [2024-07-12T08:24:58.099+0000] {dag.py:3954} INFO - Setting next_dagrun for example_branch_operator to 2024-07-11 00:00:00+00:00, run_after=2024-07-12 00:00:00+00:00
[2024-07-12T08:24:58.113+0000] {processor.py:183} INFO - Processing /home/airflow/.local/lib/python3.12/site-packages/airflow/example_dags/example_branch_operator.py took 0.060 seconds
[2024-07-12T08:25:28.300+0000] {processor.py:161} INFO - Started process (PID=362) to work on /home/airflow/.local/lib/python3.12/site-packages/airflow/example_dags/example_branch_operator.py
[2024-07-12T08:25:28.300+0000] {processor.py:830} INFO - Processing file /home/airflow/.local/lib/python3.12/site-packages/airflow/example_dags/example_branch_operator.py for tasks to queue
[2024-07-12T08:25:28.302+0000] {logging_mixin.py:188} INFO - [2024-07-12T08:25:28.301+0000] {dagbag.py:545} INFO - Filling up the DagBag from /home/airflow/.local/lib/python3.12/site-packages/airflow/example_dags/example_branch_operator.py
[2024-07-12T08:25:28.313+0000] {processor.py:840} INFO - DAG(s) 'example_branch_operator' retrieved from /home/airflow/.local/lib/python3.12/site-packages/airflow/example_dags/example_branch_operator.py
[2024-07-12T08:25:28.332+0000] {logging_mixin.py:188} INFO - [2024-07-12T08:25:28.332+0000] {dag.py:3096} INFO - Sync 1 DAGs
[2024-07-12T08:25:28.348+0000] {logging_mixin.py:188} INFO - [2024-07-12T08:25:28.347+0000] {dag.py:3954} INFO - Setting next_dagrun for example_branch_operator to 2024-07-11 00:00:00+00:00, run_after=2024-07-12 00:00:00+00:00
[2024-07-12T08:25:28.364+0000] {processor.py:183} INFO - Processing /home/airflow/.local/lib/python3.12/site-packages/airflow/example_dags/example_branch_operator.py took 0.068 seconds
[2024-07-12T08:25:58.693+0000] {processor.py:161} INFO - Started process (PID=420) to work on /home/airflow/.local/lib/python3.12/site-packages/airflow/example_dags/example_branch_operator.py
[2024-07-12T08:25:58.694+0000] {processor.py:830} INFO - Processing file /home/airflow/.local/lib/python3.12/site-packages/airflow/example_dags/example_branch_operator.py for tasks to queue
[2024-07-12T08:25:58.695+0000] {logging_mixin.py:188} INFO - [2024-07-12T08:25:58.695+0000] {dagbag.py:545} INFO - Filling up the DagBag from /home/airflow/.local/lib/python3.12/site-packages/airflow/example_dags/example_branch_operator.py
[2024-07-12T08:25:58.706+0000] {processor.py:840} INFO - DAG(s) 'example_branch_operator' retrieved from /home/airflow/.local/lib/python3.12/site-packages/airflow/example_dags/example_branch_operator.py
[2024-07-12T08:25:58.723+0000] {logging_mixin.py:188} INFO - [2024-07-12T08:25:58.722+0000] {dag.py:3096} INFO - Sync 1 DAGs
[2024-07-12T08:25:58.737+0000] {logging_mixin.py:188} INFO - [2024-07-12T08:25:58.737+0000] {dag.py:3954} INFO - Setting next_dagrun for example_branch_operator to 2024-07-11 00:00:00+00:00, run_after=2024-07-12 00:00:00+00:00
[2024-07-12T08:25:58.755+0000] {processor.py:183} INFO - Processing /home/airflow/.local/lib/python3.12/site-packages/airflow/example_dags/example_branch_operator.py took 0.065 seconds
[2024-07-12T08:27:25.128+0000] {processor.py:161} INFO - Started process (PID=72) to work on /home/airflow/.local/lib/python3.12/site-packages/airflow/example_dags/example_branch_operator.py
[2024-07-12T08:27:25.129+0000] {processor.py:830} INFO - Processing file /home/airflow/.local/lib/python3.12/site-packages/airflow/example_dags/example_branch_operator.py for tasks to queue
[2024-07-12T08:27:25.130+0000] {logging_mixin.py:188} INFO - [2024-07-12T08:27:25.130+0000] {dagbag.py:545} INFO - Filling up the DagBag from /home/airflow/.local/lib/python3.12/site-packages/airflow/example_dags/example_branch_operator.py
[2024-07-12T08:27:25.145+0000] {processor.py:840} INFO - DAG(s) 'example_branch_operator' retrieved from /home/airflow/.local/lib/python3.12/site-packages/airflow/example_dags/example_branch_operator.py
[2024-07-12T08:27:25.152+0000] {logging_mixin.py:188} INFO - [2024-07-12T08:27:25.151+0000] {dag.py:3096} INFO - Sync 1 DAGs
[2024-07-12T08:27:25.169+0000] {logging_mixin.py:188} INFO - [2024-07-12T08:27:25.169+0000] {dag.py:3954} INFO - Setting next_dagrun for example_branch_operator to 2024-07-11 00:00:00+00:00, run_after=2024-07-12 00:00:00+00:00
[2024-07-12T08:27:25.189+0000] {processor.py:183} INFO - Processing /home/airflow/.local/lib/python3.12/site-packages/airflow/example_dags/example_branch_operator.py took 0.065 seconds
[2024-07-12T08:27:55.899+0000] {processor.py:161} INFO - Started process (PID=130) to work on /home/airflow/.local/lib/python3.12/site-packages/airflow/example_dags/example_branch_operator.py
[2024-07-12T08:27:55.900+0000] {processor.py:830} INFO - Processing file /home/airflow/.local/lib/python3.12/site-packages/airflow/example_dags/example_branch_operator.py for tasks to queue
[2024-07-12T08:27:55.902+0000] {logging_mixin.py:188} INFO - [2024-07-12T08:27:55.902+0000] {dagbag.py:545} INFO - Filling up the DagBag from /home/airflow/.local/lib/python3.12/site-packages/airflow/example_dags/example_branch_operator.py
[2024-07-12T08:27:55.914+0000] {processor.py:840} INFO - DAG(s) 'example_branch_operator' retrieved from /home/airflow/.local/lib/python3.12/site-packages/airflow/example_dags/example_branch_operator.py
[2024-07-12T08:27:55.920+0000] {logging_mixin.py:188} INFO - [2024-07-12T08:27:55.919+0000] {dag.py:3096} INFO - Sync 1 DAGs
[2024-07-12T08:27:55.934+0000] {logging_mixin.py:188} INFO - [2024-07-12T08:27:55.934+0000] {dag.py:3954} INFO - Setting next_dagrun for example_branch_operator to 2024-07-11 00:00:00+00:00, run_after=2024-07-12 00:00:00+00:00
[2024-07-12T08:27:55.949+0000] {processor.py:183} INFO - Processing /home/airflow/.local/lib/python3.12/site-packages/airflow/example_dags/example_branch_operator.py took 0.053 seconds
[2024-07-12T08:29:03.102+0000] {processor.py:161} INFO - Started process (PID=72) to work on /home/airflow/.local/lib/python3.12/site-packages/airflow/example_dags/example_branch_operator.py
[2024-07-12T08:29:03.102+0000] {processor.py:830} INFO - Processing file /home/airflow/.local/lib/python3.12/site-packages/airflow/example_dags/example_branch_operator.py for tasks to queue
[2024-07-12T08:29:03.103+0000] {logging_mixin.py:188} INFO - [2024-07-12T08:29:03.103+0000] {dagbag.py:545} INFO - Filling up the DagBag from /home/airflow/.local/lib/python3.12/site-packages/airflow/example_dags/example_branch_operator.py
[2024-07-12T08:29:03.119+0000] {processor.py:840} INFO - DAG(s) 'example_branch_operator' retrieved from /home/airflow/.local/lib/python3.12/site-packages/airflow/example_dags/example_branch_operator.py
[2024-07-12T08:29:03.125+0000] {logging_mixin.py:188} INFO - [2024-07-12T08:29:03.124+0000] {dag.py:3096} INFO - Sync 1 DAGs
[2024-07-12T08:29:03.141+0000] {logging_mixin.py:188} INFO - [2024-07-12T08:29:03.140+0000] {dag.py:3954} INFO - Setting next_dagrun for example_branch_operator to 2024-07-11 00:00:00+00:00, run_after=2024-07-12 00:00:00+00:00
[2024-07-12T08:29:03.154+0000] {processor.py:183} INFO - Processing /home/airflow/.local/lib/python3.12/site-packages/airflow/example_dags/example_branch_operator.py took 0.057 seconds
[2024-07-12T08:29:33.895+0000] {processor.py:161} INFO - Started process (PID=130) to work on /home/airflow/.local/lib/python3.12/site-packages/airflow/example_dags/example_branch_operator.py
[2024-07-12T08:29:33.896+0000] {processor.py:830} INFO - Processing file /home/airflow/.local/lib/python3.12/site-packages/airflow/example_dags/example_branch_operator.py for tasks to queue
[2024-07-12T08:29:33.898+0000] {logging_mixin.py:188} INFO - [2024-07-12T08:29:33.897+0000] {dagbag.py:545} INFO - Filling up the DagBag from /home/airflow/.local/lib/python3.12/site-packages/airflow/example_dags/example_branch_operator.py
[2024-07-12T08:29:33.909+0000] {processor.py:840} INFO - DAG(s) 'example_branch_operator' retrieved from /home/airflow/.local/lib/python3.12/site-packages/airflow/example_dags/example_branch_operator.py
[2024-07-12T08:29:33.977+0000] {logging_mixin.py:188} INFO - [2024-07-12T08:29:33.976+0000] {dag.py:3096} INFO - Sync 1 DAGs
[2024-07-12T08:29:33.988+0000] {logging_mixin.py:188} INFO - [2024-07-12T08:29:33.988+0000] {dag.py:3954} INFO - Setting next_dagrun for example_branch_operator to 2024-07-11 00:00:00+00:00, run_after=2024-07-12 00:00:00+00:00
[2024-07-12T08:29:34.004+0000] {processor.py:183} INFO - Processing /home/airflow/.local/lib/python3.12/site-packages/airflow/example_dags/example_branch_operator.py took 0.112 seconds
[2024-07-12T08:30:04.672+0000] {processor.py:161} INFO - Started process (PID=188) to work on /home/airflow/.local/lib/python3.12/site-packages/airflow/example_dags/example_branch_operator.py
[2024-07-12T08:30:04.672+0000] {processor.py:830} INFO - Processing file /home/airflow/.local/lib/python3.12/site-packages/airflow/example_dags/example_branch_operator.py for tasks to queue
[2024-07-12T08:30:04.673+0000] {logging_mixin.py:188} INFO - [2024-07-12T08:30:04.673+0000] {dagbag.py:545} INFO - Filling up the DagBag from /home/airflow/.local/lib/python3.12/site-packages/airflow/example_dags/example_branch_operator.py
[2024-07-12T08:30:04.685+0000] {processor.py:840} INFO - DAG(s) 'example_branch_operator' retrieved from /home/airflow/.local/lib/python3.12/site-packages/airflow/example_dags/example_branch_operator.py
[2024-07-12T08:30:04.704+0000] {logging_mixin.py:188} INFO - [2024-07-12T08:30:04.704+0000] {dag.py:3096} INFO - Sync 1 DAGs
[2024-07-12T08:30:04.720+0000] {logging_mixin.py:188} INFO - [2024-07-12T08:30:04.720+0000] {dag.py:3954} INFO - Setting next_dagrun for example_branch_operator to 2024-07-11 00:00:00+00:00, run_after=2024-07-12 00:00:00+00:00
[2024-07-12T08:30:04.738+0000] {processor.py:183} INFO - Processing /home/airflow/.local/lib/python3.12/site-packages/airflow/example_dags/example_branch_operator.py took 0.070 seconds
[2024-07-12T08:30:34.805+0000] {processor.py:161} INFO - Started process (PID=246) to work on /home/airflow/.local/lib/python3.12/site-packages/airflow/example_dags/example_branch_operator.py
[2024-07-12T08:30:34.806+0000] {processor.py:830} INFO - Processing file /home/airflow/.local/lib/python3.12/site-packages/airflow/example_dags/example_branch_operator.py for tasks to queue
[2024-07-12T08:30:34.807+0000] {logging_mixin.py:188} INFO - [2024-07-12T08:30:34.807+0000] {dagbag.py:545} INFO - Filling up the DagBag from /home/airflow/.local/lib/python3.12/site-packages/airflow/example_dags/example_branch_operator.py
[2024-07-12T08:30:34.818+0000] {processor.py:840} INFO - DAG(s) 'example_branch_operator' retrieved from /home/airflow/.local/lib/python3.12/site-packages/airflow/example_dags/example_branch_operator.py
[2024-07-12T08:30:34.835+0000] {logging_mixin.py:188} INFO - [2024-07-12T08:30:34.835+0000] {dag.py:3096} INFO - Sync 1 DAGs
[2024-07-12T08:30:34.849+0000] {logging_mixin.py:188} INFO - [2024-07-12T08:30:34.849+0000] {dag.py:3954} INFO - Setting next_dagrun for example_branch_operator to 2024-07-11 00:00:00+00:00, run_after=2024-07-12 00:00:00+00:00
[2024-07-12T08:30:34.862+0000] {processor.py:183} INFO - Processing /home/airflow/.local/lib/python3.12/site-packages/airflow/example_dags/example_branch_operator.py took 0.060 seconds
[2024-07-12T08:31:04.895+0000] {processor.py:161} INFO - Started process (PID=304) to work on /home/airflow/.local/lib/python3.12/site-packages/airflow/example_dags/example_branch_operator.py
[2024-07-12T08:31:04.895+0000] {processor.py:830} INFO - Processing file /home/airflow/.local/lib/python3.12/site-packages/airflow/example_dags/example_branch_operator.py for tasks to queue
[2024-07-12T08:31:04.897+0000] {logging_mixin.py:188} INFO - [2024-07-12T08:31:04.896+0000] {dagbag.py:545} INFO - Filling up the DagBag from /home/airflow/.local/lib/python3.12/site-packages/airflow/example_dags/example_branch_operator.py
[2024-07-12T08:31:04.907+0000] {processor.py:840} INFO - DAG(s) 'example_branch_operator' retrieved from /home/airflow/.local/lib/python3.12/site-packages/airflow/example_dags/example_branch_operator.py
[2024-07-12T08:31:04.923+0000] {logging_mixin.py:188} INFO - [2024-07-12T08:31:04.923+0000] {dag.py:3096} INFO - Sync 1 DAGs
[2024-07-12T08:31:04.937+0000] {logging_mixin.py:188} INFO - [2024-07-12T08:31:04.937+0000] {dag.py:3954} INFO - Setting next_dagrun for example_branch_operator to 2024-07-11 00:00:00+00:00, run_after=2024-07-12 00:00:00+00:00
[2024-07-12T08:31:04.950+0000] {processor.py:183} INFO - Processing /home/airflow/.local/lib/python3.12/site-packages/airflow/example_dags/example_branch_operator.py took 0.059 seconds
[2024-07-12T08:31:35.374+0000] {processor.py:161} INFO - Started process (PID=362) to work on /home/airflow/.local/lib/python3.12/site-packages/airflow/example_dags/example_branch_operator.py
[2024-07-12T08:31:35.375+0000] {processor.py:830} INFO - Processing file /home/airflow/.local/lib/python3.12/site-packages/airflow/example_dags/example_branch_operator.py for tasks to queue
[2024-07-12T08:31:35.376+0000] {logging_mixin.py:188} INFO - [2024-07-12T08:31:35.376+0000] {dagbag.py:545} INFO - Filling up the DagBag from /home/airflow/.local/lib/python3.12/site-packages/airflow/example_dags/example_branch_operator.py
[2024-07-12T08:31:35.387+0000] {processor.py:840} INFO - DAG(s) 'example_branch_operator' retrieved from /home/airflow/.local/lib/python3.12/site-packages/airflow/example_dags/example_branch_operator.py
[2024-07-12T08:31:35.403+0000] {logging_mixin.py:188} INFO - [2024-07-12T08:31:35.402+0000] {dag.py:3096} INFO - Sync 1 DAGs
[2024-07-12T08:31:35.415+0000] {logging_mixin.py:188} INFO - [2024-07-12T08:31:35.415+0000] {dag.py:3954} INFO - Setting next_dagrun for example_branch_operator to 2024-07-11 00:00:00+00:00, run_after=2024-07-12 00:00:00+00:00
[2024-07-12T08:31:35.429+0000] {processor.py:183} INFO - Processing /home/airflow/.local/lib/python3.12/site-packages/airflow/example_dags/example_branch_operator.py took 0.058 seconds
[2024-07-12T08:32:05.592+0000] {processor.py:161} INFO - Started process (PID=420) to work on /home/airflow/.local/lib/python3.12/site-packages/airflow/example_dags/example_branch_operator.py
[2024-07-12T08:32:05.593+0000] {processor.py:830} INFO - Processing file /home/airflow/.local/lib/python3.12/site-packages/airflow/example_dags/example_branch_operator.py for tasks to queue
[2024-07-12T08:32:05.594+0000] {logging_mixin.py:188} INFO - [2024-07-12T08:32:05.594+0000] {dagbag.py:545} INFO - Filling up the DagBag from /home/airflow/.local/lib/python3.12/site-packages/airflow/example_dags/example_branch_operator.py
[2024-07-12T08:32:05.604+0000] {processor.py:840} INFO - DAG(s) 'example_branch_operator' retrieved from /home/airflow/.local/lib/python3.12/site-packages/airflow/example_dags/example_branch_operator.py
[2024-07-12T08:32:05.620+0000] {logging_mixin.py:188} INFO - [2024-07-12T08:32:05.620+0000] {dag.py:3096} INFO - Sync 1 DAGs
[2024-07-12T08:32:05.633+0000] {logging_mixin.py:188} INFO - [2024-07-12T08:32:05.633+0000] {dag.py:3954} INFO - Setting next_dagrun for example_branch_operator to 2024-07-11 00:00:00+00:00, run_after=2024-07-12 00:00:00+00:00
[2024-07-12T08:32:05.647+0000] {processor.py:183} INFO - Processing /home/airflow/.local/lib/python3.12/site-packages/airflow/example_dags/example_branch_operator.py took 0.058 seconds
[2024-07-12T08:32:35.794+0000] {processor.py:161} INFO - Started process (PID=478) to work on /home/airflow/.local/lib/python3.12/site-packages/airflow/example_dags/example_branch_operator.py
[2024-07-12T08:32:35.794+0000] {processor.py:830} INFO - Processing file /home/airflow/.local/lib/python3.12/site-packages/airflow/example_dags/example_branch_operator.py for tasks to queue
[2024-07-12T08:32:35.796+0000] {logging_mixin.py:188} INFO - [2024-07-12T08:32:35.796+0000] {dagbag.py:545} INFO - Filling up the DagBag from /home/airflow/.local/lib/python3.12/site-packages/airflow/example_dags/example_branch_operator.py
[2024-07-12T08:32:35.806+0000] {processor.py:840} INFO - DAG(s) 'example_branch_operator' retrieved from /home/airflow/.local/lib/python3.12/site-packages/airflow/example_dags/example_branch_operator.py
[2024-07-12T08:32:35.822+0000] {logging_mixin.py:188} INFO - [2024-07-12T08:32:35.822+0000] {dag.py:3096} INFO - Sync 1 DAGs
[2024-07-12T08:32:35.835+0000] {logging_mixin.py:188} INFO - [2024-07-12T08:32:35.835+0000] {dag.py:3954} INFO - Setting next_dagrun for example_branch_operator to 2024-07-11 00:00:00+00:00, run_after=2024-07-12 00:00:00+00:00
[2024-07-12T08:32:35.848+0000] {processor.py:183} INFO - Processing /home/airflow/.local/lib/python3.12/site-packages/airflow/example_dags/example_branch_operator.py took 0.057 seconds
[2024-07-12T08:33:06.020+0000] {processor.py:161} INFO - Started process (PID=536) to work on /home/airflow/.local/lib/python3.12/site-packages/airflow/example_dags/example_branch_operator.py
[2024-07-12T08:33:06.020+0000] {processor.py:830} INFO - Processing file /home/airflow/.local/lib/python3.12/site-packages/airflow/example_dags/example_branch_operator.py for tasks to queue
[2024-07-12T08:33:06.022+0000] {logging_mixin.py:188} INFO - [2024-07-12T08:33:06.021+0000] {dagbag.py:545} INFO - Filling up the DagBag from /home/airflow/.local/lib/python3.12/site-packages/airflow/example_dags/example_branch_operator.py
[2024-07-12T08:33:06.033+0000] {processor.py:840} INFO - DAG(s) 'example_branch_operator' retrieved from /home/airflow/.local/lib/python3.12/site-packages/airflow/example_dags/example_branch_operator.py
[2024-07-12T08:33:06.050+0000] {logging_mixin.py:188} INFO - [2024-07-12T08:33:06.049+0000] {dag.py:3096} INFO - Sync 1 DAGs
[2024-07-12T08:33:06.064+0000] {logging_mixin.py:188} INFO - [2024-07-12T08:33:06.064+0000] {dag.py:3954} INFO - Setting next_dagrun for example_branch_operator to 2024-07-11 00:00:00+00:00, run_after=2024-07-12 00:00:00+00:00
[2024-07-12T08:33:06.079+0000] {processor.py:183} INFO - Processing /home/airflow/.local/lib/python3.12/site-packages/airflow/example_dags/example_branch_operator.py took 0.063 seconds
[2024-07-12T08:33:36.191+0000] {processor.py:161} INFO - Started process (PID=594) to work on /home/airflow/.local/lib/python3.12/site-packages/airflow/example_dags/example_branch_operator.py
[2024-07-12T08:33:36.192+0000] {processor.py:830} INFO - Processing file /home/airflow/.local/lib/python3.12/site-packages/airflow/example_dags/example_branch_operator.py for tasks to queue
[2024-07-12T08:33:36.193+0000] {logging_mixin.py:188} INFO - [2024-07-12T08:33:36.193+0000] {dagbag.py:545} INFO - Filling up the DagBag from /home/airflow/.local/lib/python3.12/site-packages/airflow/example_dags/example_branch_operator.py
[2024-07-12T08:33:36.204+0000] {processor.py:840} INFO - DAG(s) 'example_branch_operator' retrieved from /home/airflow/.local/lib/python3.12/site-packages/airflow/example_dags/example_branch_operator.py
[2024-07-12T08:33:36.219+0000] {logging_mixin.py:188} INFO - [2024-07-12T08:33:36.219+0000] {dag.py:3096} INFO - Sync 1 DAGs
[2024-07-12T08:33:36.233+0000] {logging_mixin.py:188} INFO - [2024-07-12T08:33:36.232+0000] {dag.py:3954} INFO - Setting next_dagrun for example_branch_operator to 2024-07-11 00:00:00+00:00, run_after=2024-07-12 00:00:00+00:00
[2024-07-12T08:33:36.246+0000] {processor.py:183} INFO - Processing /home/airflow/.local/lib/python3.12/site-packages/airflow/example_dags/example_branch_operator.py took 0.059 seconds
[2024-07-12T08:34:06.370+0000] {processor.py:161} INFO - Started process (PID=652) to work on /home/airflow/.local/lib/python3.12/site-packages/airflow/example_dags/example_branch_operator.py
[2024-07-12T08:34:06.370+0000] {processor.py:830} INFO - Processing file /home/airflow/.local/lib/python3.12/site-packages/airflow/example_dags/example_branch_operator.py for tasks to queue
[2024-07-12T08:34:06.371+0000] {logging_mixin.py:188} INFO - [2024-07-12T08:34:06.371+0000] {dagbag.py:545} INFO - Filling up the DagBag from /home/airflow/.local/lib/python3.12/site-packages/airflow/example_dags/example_branch_operator.py
[2024-07-12T08:34:06.382+0000] {processor.py:840} INFO - DAG(s) 'example_branch_operator' retrieved from /home/airflow/.local/lib/python3.12/site-packages/airflow/example_dags/example_branch_operator.py
[2024-07-12T08:34:06.398+0000] {logging_mixin.py:188} INFO - [2024-07-12T08:34:06.398+0000] {dag.py:3096} INFO - Sync 1 DAGs
[2024-07-12T08:34:06.412+0000] {logging_mixin.py:188} INFO - [2024-07-12T08:34:06.412+0000] {dag.py:3954} INFO - Setting next_dagrun for example_branch_operator to 2024-07-11 00:00:00+00:00, run_after=2024-07-12 00:00:00+00:00
[2024-07-12T08:34:06.426+0000] {processor.py:183} INFO - Processing /home/airflow/.local/lib/python3.12/site-packages/airflow/example_dags/example_branch_operator.py took 0.060 seconds
[2024-07-12T08:34:36.605+0000] {processor.py:161} INFO - Started process (PID=710) to work on /home/airflow/.local/lib/python3.12/site-packages/airflow/example_dags/example_branch_operator.py
[2024-07-12T08:34:36.605+0000] {processor.py:830} INFO - Processing file /home/airflow/.local/lib/python3.12/site-packages/airflow/example_dags/example_branch_operator.py for tasks to queue
[2024-07-12T08:34:36.607+0000] {logging_mixin.py:188} INFO - [2024-07-12T08:34:36.606+0000] {dagbag.py:545} INFO - Filling up the DagBag from /home/airflow/.local/lib/python3.12/site-packages/airflow/example_dags/example_branch_operator.py
[2024-07-12T08:34:36.617+0000] {processor.py:840} INFO - DAG(s) 'example_branch_operator' retrieved from /home/airflow/.local/lib/python3.12/site-packages/airflow/example_dags/example_branch_operator.py
[2024-07-12T08:34:36.633+0000] {logging_mixin.py:188} INFO - [2024-07-12T08:34:36.632+0000] {dag.py:3096} INFO - Sync 1 DAGs
[2024-07-12T08:34:36.645+0000] {logging_mixin.py:188} INFO - [2024-07-12T08:34:36.645+0000] {dag.py:3954} INFO - Setting next_dagrun for example_branch_operator to 2024-07-11 00:00:00+00:00, run_after=2024-07-12 00:00:00+00:00
[2024-07-12T08:34:36.658+0000] {processor.py:183} INFO - Processing /home/airflow/.local/lib/python3.12/site-packages/airflow/example_dags/example_branch_operator.py took 0.058 seconds
[2024-07-12T08:35:07.545+0000] {processor.py:161} INFO - Started process (PID=768) to work on /home/airflow/.local/lib/python3.12/site-packages/airflow/example_dags/example_branch_operator.py
[2024-07-12T08:35:07.545+0000] {processor.py:830} INFO - Processing file /home/airflow/.local/lib/python3.12/site-packages/airflow/example_dags/example_branch_operator.py for tasks to queue
[2024-07-12T08:35:07.546+0000] {logging_mixin.py:188} INFO - [2024-07-12T08:35:07.546+0000] {dagbag.py:545} INFO - Filling up the DagBag from /home/airflow/.local/lib/python3.12/site-packages/airflow/example_dags/example_branch_operator.py
[2024-07-12T08:35:07.558+0000] {processor.py:840} INFO - DAG(s) 'example_branch_operator' retrieved from /home/airflow/.local/lib/python3.12/site-packages/airflow/example_dags/example_branch_operator.py
[2024-07-12T08:35:07.575+0000] {logging_mixin.py:188} INFO - [2024-07-12T08:35:07.575+0000] {dag.py:3096} INFO - Sync 1 DAGs
[2024-07-12T08:35:07.589+0000] {logging_mixin.py:188} INFO - [2024-07-12T08:35:07.589+0000] {dag.py:3954} INFO - Setting next_dagrun for example_branch_operator to 2024-07-11 00:00:00+00:00, run_after=2024-07-12 00:00:00+00:00
[2024-07-12T08:35:07.605+0000] {processor.py:183} INFO - Processing /home/airflow/.local/lib/python3.12/site-packages/airflow/example_dags/example_branch_operator.py took 0.064 seconds
[2024-07-12T08:35:38.098+0000] {processor.py:161} INFO - Started process (PID=826) to work on /home/airflow/.local/lib/python3.12/site-packages/airflow/example_dags/example_branch_operator.py
[2024-07-12T08:35:38.099+0000] {processor.py:830} INFO - Processing file /home/airflow/.local/lib/python3.12/site-packages/airflow/example_dags/example_branch_operator.py for tasks to queue
[2024-07-12T08:35:38.100+0000] {logging_mixin.py:188} INFO - [2024-07-12T08:35:38.100+0000] {dagbag.py:545} INFO - Filling up the DagBag from /home/airflow/.local/lib/python3.12/site-packages/airflow/example_dags/example_branch_operator.py
[2024-07-12T08:35:38.111+0000] {processor.py:840} INFO - DAG(s) 'example_branch_operator' retrieved from /home/airflow/.local/lib/python3.12/site-packages/airflow/example_dags/example_branch_operator.py
[2024-07-12T08:35:38.126+0000] {logging_mixin.py:188} INFO - [2024-07-12T08:35:38.126+0000] {dag.py:3096} INFO - Sync 1 DAGs
[2024-07-12T08:35:38.139+0000] {logging_mixin.py:188} INFO - [2024-07-12T08:35:38.139+0000] {dag.py:3954} INFO - Setting next_dagrun for example_branch_operator to 2024-07-11 00:00:00+00:00, run_after=2024-07-12 00:00:00+00:00
[2024-07-12T08:35:38.153+0000] {processor.py:183} INFO - Processing /home/airflow/.local/lib/python3.12/site-packages/airflow/example_dags/example_branch_operator.py took 0.059 seconds
[2024-07-12T08:36:09.097+0000] {processor.py:161} INFO - Started process (PID=884) to work on /home/airflow/.local/lib/python3.12/site-packages/airflow/example_dags/example_branch_operator.py
[2024-07-12T08:36:09.098+0000] {processor.py:830} INFO - Processing file /home/airflow/.local/lib/python3.12/site-packages/airflow/example_dags/example_branch_operator.py for tasks to queue
[2024-07-12T08:36:09.099+0000] {logging_mixin.py:188} INFO - [2024-07-12T08:36:09.099+0000] {dagbag.py:545} INFO - Filling up the DagBag from /home/airflow/.local/lib/python3.12/site-packages/airflow/example_dags/example_branch_operator.py
[2024-07-12T08:36:09.109+0000] {processor.py:840} INFO - DAG(s) 'example_branch_operator' retrieved from /home/airflow/.local/lib/python3.12/site-packages/airflow/example_dags/example_branch_operator.py
[2024-07-12T08:36:09.126+0000] {logging_mixin.py:188} INFO - [2024-07-12T08:36:09.126+0000] {dag.py:3096} INFO - Sync 1 DAGs
[2024-07-12T08:36:09.139+0000] {logging_mixin.py:188} INFO - [2024-07-12T08:36:09.139+0000] {dag.py:3954} INFO - Setting next_dagrun for example_branch_operator to 2024-07-11 00:00:00+00:00, run_after=2024-07-12 00:00:00+00:00
[2024-07-12T08:36:09.152+0000] {processor.py:183} INFO - Processing /home/airflow/.local/lib/python3.12/site-packages/airflow/example_dags/example_branch_operator.py took 0.058 seconds
[2024-07-12T08:36:39.603+0000] {processor.py:161} INFO - Started process (PID=942) to work on /home/airflow/.local/lib/python3.12/site-packages/airflow/example_dags/example_branch_operator.py
[2024-07-12T08:36:39.604+0000] {processor.py:830} INFO - Processing file /home/airflow/.local/lib/python3.12/site-packages/airflow/example_dags/example_branch_operator.py for tasks to queue
[2024-07-12T08:36:39.605+0000] {logging_mixin.py:188} INFO - [2024-07-12T08:36:39.605+0000] {dagbag.py:545} INFO - Filling up the DagBag from /home/airflow/.local/lib/python3.12/site-packages/airflow/example_dags/example_branch_operator.py
[2024-07-12T08:36:39.616+0000] {processor.py:840} INFO - DAG(s) 'example_branch_operator' retrieved from /home/airflow/.local/lib/python3.12/site-packages/airflow/example_dags/example_branch_operator.py
[2024-07-12T08:36:39.633+0000] {logging_mixin.py:188} INFO - [2024-07-12T08:36:39.632+0000] {dag.py:3096} INFO - Sync 1 DAGs
[2024-07-12T08:36:39.645+0000] {logging_mixin.py:188} INFO - [2024-07-12T08:36:39.645+0000] {dag.py:3954} INFO - Setting next_dagrun for example_branch_operator to 2024-07-11 00:00:00+00:00, run_after=2024-07-12 00:00:00+00:00
[2024-07-12T08:36:39.659+0000] {processor.py:183} INFO - Processing /home/airflow/.local/lib/python3.12/site-packages/airflow/example_dags/example_branch_operator.py took 0.059 seconds
[2024-07-12T08:37:09.919+0000] {processor.py:161} INFO - Started process (PID=1000) to work on /home/airflow/.local/lib/python3.12/site-packages/airflow/example_dags/example_branch_operator.py
[2024-07-12T08:37:09.919+0000] {processor.py:830} INFO - Processing file /home/airflow/.local/lib/python3.12/site-packages/airflow/example_dags/example_branch_operator.py for tasks to queue
[2024-07-12T08:37:09.921+0000] {logging_mixin.py:188} INFO - [2024-07-12T08:37:09.921+0000] {dagbag.py:545} INFO - Filling up the DagBag from /home/airflow/.local/lib/python3.12/site-packages/airflow/example_dags/example_branch_operator.py
[2024-07-12T08:37:09.932+0000] {processor.py:840} INFO - DAG(s) 'example_branch_operator' retrieved from /home/airflow/.local/lib/python3.12/site-packages/airflow/example_dags/example_branch_operator.py
[2024-07-12T08:37:09.947+0000] {logging_mixin.py:188} INFO - [2024-07-12T08:37:09.947+0000] {dag.py:3096} INFO - Sync 1 DAGs
[2024-07-12T08:37:09.960+0000] {logging_mixin.py:188} INFO - [2024-07-12T08:37:09.960+0000] {dag.py:3954} INFO - Setting next_dagrun for example_branch_operator to 2024-07-11 00:00:00+00:00, run_after=2024-07-12 00:00:00+00:00
[2024-07-12T08:37:09.977+0000] {processor.py:183} INFO - Processing /home/airflow/.local/lib/python3.12/site-packages/airflow/example_dags/example_branch_operator.py took 0.061 seconds
[2024-07-12T08:37:40.049+0000] {processor.py:161} INFO - Started process (PID=1058) to work on /home/airflow/.local/lib/python3.12/site-packages/airflow/example_dags/example_branch_operator.py
[2024-07-12T08:37:40.050+0000] {processor.py:830} INFO - Processing file /home/airflow/.local/lib/python3.12/site-packages/airflow/example_dags/example_branch_operator.py for tasks to queue
[2024-07-12T08:37:40.051+0000] {logging_mixin.py:188} INFO - [2024-07-12T08:37:40.051+0000] {dagbag.py:545} INFO - Filling up the DagBag from /home/airflow/.local/lib/python3.12/site-packages/airflow/example_dags/example_branch_operator.py
[2024-07-12T08:37:40.061+0000] {processor.py:840} INFO - DAG(s) 'example_branch_operator' retrieved from /home/airflow/.local/lib/python3.12/site-packages/airflow/example_dags/example_branch_operator.py
[2024-07-12T08:37:40.078+0000] {logging_mixin.py:188} INFO - [2024-07-12T08:37:40.078+0000] {dag.py:3096} INFO - Sync 1 DAGs
[2024-07-12T08:37:40.092+0000] {logging_mixin.py:188} INFO - [2024-07-12T08:37:40.091+0000] {dag.py:3954} INFO - Setting next_dagrun for example_branch_operator to 2024-07-11 00:00:00+00:00, run_after=2024-07-12 00:00:00+00:00
[2024-07-12T08:37:40.104+0000] {processor.py:183} INFO - Processing /home/airflow/.local/lib/python3.12/site-packages/airflow/example_dags/example_branch_operator.py took 0.059 seconds
[2024-07-12T08:38:10.444+0000] {processor.py:161} INFO - Started process (PID=1116) to work on /home/airflow/.local/lib/python3.12/site-packages/airflow/example_dags/example_branch_operator.py
[2024-07-12T08:38:10.445+0000] {processor.py:830} INFO - Processing file /home/airflow/.local/lib/python3.12/site-packages/airflow/example_dags/example_branch_operator.py for tasks to queue
[2024-07-12T08:38:10.446+0000] {logging_mixin.py:188} INFO - [2024-07-12T08:38:10.446+0000] {dagbag.py:545} INFO - Filling up the DagBag from /home/airflow/.local/lib/python3.12/site-packages/airflow/example_dags/example_branch_operator.py
[2024-07-12T08:38:10.457+0000] {processor.py:840} INFO - DAG(s) 'example_branch_operator' retrieved from /home/airflow/.local/lib/python3.12/site-packages/airflow/example_dags/example_branch_operator.py
[2024-07-12T08:38:10.474+0000] {logging_mixin.py:188} INFO - [2024-07-12T08:38:10.474+0000] {dag.py:3096} INFO - Sync 1 DAGs
[2024-07-12T08:38:10.489+0000] {logging_mixin.py:188} INFO - [2024-07-12T08:38:10.488+0000] {dag.py:3954} INFO - Setting next_dagrun for example_branch_operator to 2024-07-11 00:00:00+00:00, run_after=2024-07-12 00:00:00+00:00
[2024-07-12T08:38:10.504+0000] {processor.py:183} INFO - Processing /home/airflow/.local/lib/python3.12/site-packages/airflow/example_dags/example_branch_operator.py took 0.064 seconds
[2024-07-12T08:38:41.305+0000] {processor.py:161} INFO - Started process (PID=1174) to work on /home/airflow/.local/lib/python3.12/site-packages/airflow/example_dags/example_branch_operator.py
[2024-07-12T08:38:41.306+0000] {processor.py:830} INFO - Processing file /home/airflow/.local/lib/python3.12/site-packages/airflow/example_dags/example_branch_operator.py for tasks to queue
[2024-07-12T08:38:41.307+0000] {logging_mixin.py:188} INFO - [2024-07-12T08:38:41.307+0000] {dagbag.py:545} INFO - Filling up the DagBag from /home/airflow/.local/lib/python3.12/site-packages/airflow/example_dags/example_branch_operator.py
[2024-07-12T08:38:41.318+0000] {processor.py:840} INFO - DAG(s) 'example_branch_operator' retrieved from /home/airflow/.local/lib/python3.12/site-packages/airflow/example_dags/example_branch_operator.py
[2024-07-12T08:38:41.337+0000] {logging_mixin.py:188} INFO - [2024-07-12T08:38:41.337+0000] {dag.py:3096} INFO - Sync 1 DAGs
[2024-07-12T08:38:41.351+0000] {logging_mixin.py:188} INFO - [2024-07-12T08:38:41.351+0000] {dag.py:3954} INFO - Setting next_dagrun for example_branch_operator to 2024-07-11 00:00:00+00:00, run_after=2024-07-12 00:00:00+00:00
[2024-07-12T08:38:41.367+0000] {processor.py:183} INFO - Processing /home/airflow/.local/lib/python3.12/site-packages/airflow/example_dags/example_branch_operator.py took 0.065 seconds
[2024-07-12T08:39:12.295+0000] {processor.py:161} INFO - Started process (PID=1232) to work on /home/airflow/.local/lib/python3.12/site-packages/airflow/example_dags/example_branch_operator.py
[2024-07-12T08:39:12.296+0000] {processor.py:830} INFO - Processing file /home/airflow/.local/lib/python3.12/site-packages/airflow/example_dags/example_branch_operator.py for tasks to queue
[2024-07-12T08:39:12.297+0000] {logging_mixin.py:188} INFO - [2024-07-12T08:39:12.297+0000] {dagbag.py:545} INFO - Filling up the DagBag from /home/airflow/.local/lib/python3.12/site-packages/airflow/example_dags/example_branch_operator.py
[2024-07-12T08:39:12.309+0000] {processor.py:840} INFO - DAG(s) 'example_branch_operator' retrieved from /home/airflow/.local/lib/python3.12/site-packages/airflow/example_dags/example_branch_operator.py
[2024-07-12T08:39:12.328+0000] {logging_mixin.py:188} INFO - [2024-07-12T08:39:12.328+0000] {dag.py:3096} INFO - Sync 1 DAGs
[2024-07-12T08:39:12.343+0000] {logging_mixin.py:188} INFO - [2024-07-12T08:39:12.343+0000] {dag.py:3954} INFO - Setting next_dagrun for example_branch_operator to 2024-07-11 00:00:00+00:00, run_after=2024-07-12 00:00:00+00:00
[2024-07-12T08:39:12.359+0000] {processor.py:183} INFO - Processing /home/airflow/.local/lib/python3.12/site-packages/airflow/example_dags/example_branch_operator.py took 0.068 seconds
