[2024-07-12T07:58:04.826+0000] {processor.py:161} INFO - Started process (PID=53) to work on /home/airflow/.local/lib/python3.12/site-packages/airflow/example_dags/example_dag_decorator.py
[2024-07-12T07:58:04.827+0000] {processor.py:830} INFO - Processing file /home/airflow/.local/lib/python3.12/site-packages/airflow/example_dags/example_dag_decorator.py for tasks to queue
[2024-07-12T07:58:04.828+0000] {logging_mixin.py:188} INFO - [2024-07-12T07:58:04.828+0000] {dagbag.py:545} INFO - Filling up the DagBag from /home/airflow/.local/lib/python3.12/site-packages/airflow/example_dags/example_dag_decorator.py
[2024-07-12T07:58:05.066+0000] {processor.py:840} INFO - DAG(s) 'example_dag_decorator' retrieved from /home/airflow/.local/lib/python3.12/site-packages/airflow/example_dags/example_dag_decorator.py
[2024-07-12T07:58:05.072+0000] {logging_mixin.py:188} INFO - [2024-07-12T07:58:05.072+0000] {dag.py:3096} INFO - Sync 1 DAGs
[2024-07-12T07:58:05.082+0000] {logging_mixin.py:188} INFO - [2024-07-12T07:58:05.082+0000] {dag.py:3954} INFO - Setting next_dagrun for example_dag_decorator to None, run_after=None
[2024-07-12T07:58:05.097+0000] {processor.py:183} INFO - Processing /home/airflow/.local/lib/python3.12/site-packages/airflow/example_dags/example_dag_decorator.py took 0.276 seconds
[2024-07-12T07:58:35.357+0000] {processor.py:161} INFO - Started process (PID=111) to work on /home/airflow/.local/lib/python3.12/site-packages/airflow/example_dags/example_dag_decorator.py
[2024-07-12T07:58:35.358+0000] {processor.py:830} INFO - Processing file /home/airflow/.local/lib/python3.12/site-packages/airflow/example_dags/example_dag_decorator.py for tasks to queue
[2024-07-12T07:58:35.359+0000] {logging_mixin.py:188} INFO - [2024-07-12T07:58:35.359+0000] {dagbag.py:545} INFO - Filling up the DagBag from /home/airflow/.local/lib/python3.12/site-packages/airflow/example_dags/example_dag_decorator.py
[2024-07-12T07:58:35.433+0000] {processor.py:840} INFO - DAG(s) 'example_dag_decorator' retrieved from /home/airflow/.local/lib/python3.12/site-packages/airflow/example_dags/example_dag_decorator.py
[2024-07-12T07:58:35.495+0000] {logging_mixin.py:188} INFO - [2024-07-12T07:58:35.495+0000] {dag.py:3096} INFO - Sync 1 DAGs
[2024-07-12T07:58:35.502+0000] {logging_mixin.py:188} INFO - [2024-07-12T07:58:35.502+0000] {dag.py:3954} INFO - Setting next_dagrun for example_dag_decorator to None, run_after=None
[2024-07-12T07:58:35.516+0000] {processor.py:183} INFO - Processing /home/airflow/.local/lib/python3.12/site-packages/airflow/example_dags/example_dag_decorator.py took 0.163 seconds
[2024-07-12T07:59:05.559+0000] {processor.py:161} INFO - Started process (PID=169) to work on /home/airflow/.local/lib/python3.12/site-packages/airflow/example_dags/example_dag_decorator.py
[2024-07-12T07:59:05.560+0000] {processor.py:830} INFO - Processing file /home/airflow/.local/lib/python3.12/site-packages/airflow/example_dags/example_dag_decorator.py for tasks to queue
[2024-07-12T07:59:05.563+0000] {logging_mixin.py:188} INFO - [2024-07-12T07:59:05.562+0000] {dagbag.py:545} INFO - Filling up the DagBag from /home/airflow/.local/lib/python3.12/site-packages/airflow/example_dags/example_dag_decorator.py
[2024-07-12T07:59:05.638+0000] {processor.py:840} INFO - DAG(s) 'example_dag_decorator' retrieved from /home/airflow/.local/lib/python3.12/site-packages/airflow/example_dags/example_dag_decorator.py
[2024-07-12T07:59:05.704+0000] {logging_mixin.py:188} INFO - [2024-07-12T07:59:05.704+0000] {dag.py:3096} INFO - Sync 1 DAGs
[2024-07-12T07:59:05.712+0000] {logging_mixin.py:188} INFO - [2024-07-12T07:59:05.712+0000] {dag.py:3954} INFO - Setting next_dagrun for example_dag_decorator to None, run_after=None
[2024-07-12T07:59:05.726+0000] {processor.py:183} INFO - Processing /home/airflow/.local/lib/python3.12/site-packages/airflow/example_dags/example_dag_decorator.py took 0.171 seconds
[2024-07-12T07:59:35.770+0000] {processor.py:161} INFO - Started process (PID=228) to work on /home/airflow/.local/lib/python3.12/site-packages/airflow/example_dags/example_dag_decorator.py
[2024-07-12T07:59:35.771+0000] {processor.py:830} INFO - Processing file /home/airflow/.local/lib/python3.12/site-packages/airflow/example_dags/example_dag_decorator.py for tasks to queue
[2024-07-12T07:59:35.773+0000] {logging_mixin.py:188} INFO - [2024-07-12T07:59:35.772+0000] {dagbag.py:545} INFO - Filling up the DagBag from /home/airflow/.local/lib/python3.12/site-packages/airflow/example_dags/example_dag_decorator.py
[2024-07-12T07:59:35.839+0000] {processor.py:840} INFO - DAG(s) 'example_dag_decorator' retrieved from /home/airflow/.local/lib/python3.12/site-packages/airflow/example_dags/example_dag_decorator.py
[2024-07-12T07:59:35.902+0000] {logging_mixin.py:188} INFO - [2024-07-12T07:59:35.901+0000] {dag.py:3096} INFO - Sync 1 DAGs
[2024-07-12T07:59:35.909+0000] {logging_mixin.py:188} INFO - [2024-07-12T07:59:35.909+0000] {dag.py:3954} INFO - Setting next_dagrun for example_dag_decorator to None, run_after=None
[2024-07-12T07:59:35.923+0000] {processor.py:183} INFO - Processing /home/airflow/.local/lib/python3.12/site-packages/airflow/example_dags/example_dag_decorator.py took 0.156 seconds
[2024-07-12T08:01:08.863+0000] {processor.py:161} INFO - Started process (PID=52) to work on /home/airflow/.local/lib/python3.12/site-packages/airflow/example_dags/example_dag_decorator.py
[2024-07-12T08:01:08.863+0000] {processor.py:830} INFO - Processing file /home/airflow/.local/lib/python3.12/site-packages/airflow/example_dags/example_dag_decorator.py for tasks to queue
[2024-07-12T08:01:08.865+0000] {logging_mixin.py:188} INFO - [2024-07-12T08:01:08.864+0000] {dagbag.py:545} INFO - Filling up the DagBag from /home/airflow/.local/lib/python3.12/site-packages/airflow/example_dags/example_dag_decorator.py
[2024-07-12T08:01:09.128+0000] {processor.py:840} INFO - DAG(s) 'example_dag_decorator' retrieved from /home/airflow/.local/lib/python3.12/site-packages/airflow/example_dags/example_dag_decorator.py
[2024-07-12T08:01:09.134+0000] {logging_mixin.py:188} INFO - [2024-07-12T08:01:09.134+0000] {dag.py:3096} INFO - Sync 1 DAGs
[2024-07-12T08:01:09.143+0000] {logging_mixin.py:188} INFO - [2024-07-12T08:01:09.143+0000] {dag.py:3954} INFO - Setting next_dagrun for example_dag_decorator to None, run_after=None
[2024-07-12T08:01:09.160+0000] {processor.py:183} INFO - Processing /home/airflow/.local/lib/python3.12/site-packages/airflow/example_dags/example_dag_decorator.py took 0.301 seconds
[2024-07-12T08:01:39.356+0000] {processor.py:161} INFO - Started process (PID=112) to work on /home/airflow/.local/lib/python3.12/site-packages/airflow/example_dags/example_dag_decorator.py
[2024-07-12T08:01:39.357+0000] {processor.py:830} INFO - Processing file /home/airflow/.local/lib/python3.12/site-packages/airflow/example_dags/example_dag_decorator.py for tasks to queue
[2024-07-12T08:01:39.359+0000] {logging_mixin.py:188} INFO - [2024-07-12T08:01:39.359+0000] {dagbag.py:545} INFO - Filling up the DagBag from /home/airflow/.local/lib/python3.12/site-packages/airflow/example_dags/example_dag_decorator.py
[2024-07-12T08:01:39.437+0000] {processor.py:840} INFO - DAG(s) 'example_dag_decorator' retrieved from /home/airflow/.local/lib/python3.12/site-packages/airflow/example_dags/example_dag_decorator.py
[2024-07-12T08:01:39.506+0000] {logging_mixin.py:188} INFO - [2024-07-12T08:01:39.506+0000] {dag.py:3096} INFO - Sync 1 DAGs
[2024-07-12T08:01:39.514+0000] {logging_mixin.py:188} INFO - [2024-07-12T08:01:39.514+0000] {dag.py:3954} INFO - Setting next_dagrun for example_dag_decorator to None, run_after=None
[2024-07-12T08:01:39.531+0000] {processor.py:183} INFO - Processing /home/airflow/.local/lib/python3.12/site-packages/airflow/example_dags/example_dag_decorator.py took 0.179 seconds
[2024-07-12T08:02:09.654+0000] {processor.py:161} INFO - Started process (PID=170) to work on /home/airflow/.local/lib/python3.12/site-packages/airflow/example_dags/example_dag_decorator.py
[2024-07-12T08:02:09.655+0000] {processor.py:830} INFO - Processing file /home/airflow/.local/lib/python3.12/site-packages/airflow/example_dags/example_dag_decorator.py for tasks to queue
[2024-07-12T08:02:09.656+0000] {logging_mixin.py:188} INFO - [2024-07-12T08:02:09.656+0000] {dagbag.py:545} INFO - Filling up the DagBag from /home/airflow/.local/lib/python3.12/site-packages/airflow/example_dags/example_dag_decorator.py
[2024-07-12T08:02:09.727+0000] {processor.py:840} INFO - DAG(s) 'example_dag_decorator' retrieved from /home/airflow/.local/lib/python3.12/site-packages/airflow/example_dags/example_dag_decorator.py
[2024-07-12T08:02:09.795+0000] {logging_mixin.py:188} INFO - [2024-07-12T08:02:09.795+0000] {dag.py:3096} INFO - Sync 1 DAGs
[2024-07-12T08:02:09.802+0000] {logging_mixin.py:188} INFO - [2024-07-12T08:02:09.802+0000] {dag.py:3954} INFO - Setting next_dagrun for example_dag_decorator to None, run_after=None
[2024-07-12T08:02:09.817+0000] {processor.py:183} INFO - Processing /home/airflow/.local/lib/python3.12/site-packages/airflow/example_dags/example_dag_decorator.py took 0.167 seconds
[2024-07-12T08:02:39.840+0000] {processor.py:161} INFO - Started process (PID=229) to work on /home/airflow/.local/lib/python3.12/site-packages/airflow/example_dags/example_dag_decorator.py
[2024-07-12T08:02:39.841+0000] {processor.py:830} INFO - Processing file /home/airflow/.local/lib/python3.12/site-packages/airflow/example_dags/example_dag_decorator.py for tasks to queue
[2024-07-12T08:02:39.842+0000] {logging_mixin.py:188} INFO - [2024-07-12T08:02:39.842+0000] {dagbag.py:545} INFO - Filling up the DagBag from /home/airflow/.local/lib/python3.12/site-packages/airflow/example_dags/example_dag_decorator.py
[2024-07-12T08:02:39.916+0000] {processor.py:840} INFO - DAG(s) 'example_dag_decorator' retrieved from /home/airflow/.local/lib/python3.12/site-packages/airflow/example_dags/example_dag_decorator.py
[2024-07-12T08:02:39.983+0000] {logging_mixin.py:188} INFO - [2024-07-12T08:02:39.982+0000] {dag.py:3096} INFO - Sync 1 DAGs
[2024-07-12T08:02:39.989+0000] {logging_mixin.py:188} INFO - [2024-07-12T08:02:39.989+0000] {dag.py:3954} INFO - Setting next_dagrun for example_dag_decorator to None, run_after=None
[2024-07-12T08:02:40.006+0000] {processor.py:183} INFO - Processing /home/airflow/.local/lib/python3.12/site-packages/airflow/example_dags/example_dag_decorator.py took 0.170 seconds
[2024-07-12T08:04:16.533+0000] {processor.py:161} INFO - Started process (PID=53) to work on /home/airflow/.local/lib/python3.12/site-packages/airflow/example_dags/example_dag_decorator.py
[2024-07-12T08:04:16.534+0000] {processor.py:830} INFO - Processing file /home/airflow/.local/lib/python3.12/site-packages/airflow/example_dags/example_dag_decorator.py for tasks to queue
[2024-07-12T08:04:16.535+0000] {logging_mixin.py:188} INFO - [2024-07-12T08:04:16.535+0000] {dagbag.py:545} INFO - Filling up the DagBag from /home/airflow/.local/lib/python3.12/site-packages/airflow/example_dags/example_dag_decorator.py
[2024-07-12T08:04:16.760+0000] {processor.py:840} INFO - DAG(s) 'example_dag_decorator' retrieved from /home/airflow/.local/lib/python3.12/site-packages/airflow/example_dags/example_dag_decorator.py
[2024-07-12T08:04:16.767+0000] {logging_mixin.py:188} INFO - [2024-07-12T08:04:16.767+0000] {dag.py:3096} INFO - Sync 1 DAGs
[2024-07-12T08:04:16.776+0000] {logging_mixin.py:188} INFO - [2024-07-12T08:04:16.776+0000] {dag.py:3954} INFO - Setting next_dagrun for example_dag_decorator to None, run_after=None
[2024-07-12T08:04:16.793+0000] {processor.py:183} INFO - Processing /home/airflow/.local/lib/python3.12/site-packages/airflow/example_dags/example_dag_decorator.py took 0.264 seconds
[2024-07-12T08:04:46.961+0000] {processor.py:161} INFO - Started process (PID=111) to work on /home/airflow/.local/lib/python3.12/site-packages/airflow/example_dags/example_dag_decorator.py
[2024-07-12T08:04:46.962+0000] {processor.py:830} INFO - Processing file /home/airflow/.local/lib/python3.12/site-packages/airflow/example_dags/example_dag_decorator.py for tasks to queue
[2024-07-12T08:04:46.963+0000] {logging_mixin.py:188} INFO - [2024-07-12T08:04:46.963+0000] {dagbag.py:545} INFO - Filling up the DagBag from /home/airflow/.local/lib/python3.12/site-packages/airflow/example_dags/example_dag_decorator.py
[2024-07-12T08:04:47.033+0000] {processor.py:840} INFO - DAG(s) 'example_dag_decorator' retrieved from /home/airflow/.local/lib/python3.12/site-packages/airflow/example_dags/example_dag_decorator.py
[2024-07-12T08:04:47.097+0000] {logging_mixin.py:188} INFO - [2024-07-12T08:04:47.097+0000] {dag.py:3096} INFO - Sync 1 DAGs
[2024-07-12T08:04:47.103+0000] {logging_mixin.py:188} INFO - [2024-07-12T08:04:47.103+0000] {dag.py:3954} INFO - Setting next_dagrun for example_dag_decorator to None, run_after=None
[2024-07-12T08:04:47.119+0000] {processor.py:183} INFO - Processing /home/airflow/.local/lib/python3.12/site-packages/airflow/example_dags/example_dag_decorator.py took 0.162 seconds
[2024-07-12T08:05:17.765+0000] {processor.py:161} INFO - Started process (PID=169) to work on /home/airflow/.local/lib/python3.12/site-packages/airflow/example_dags/example_dag_decorator.py
[2024-07-12T08:05:17.766+0000] {processor.py:830} INFO - Processing file /home/airflow/.local/lib/python3.12/site-packages/airflow/example_dags/example_dag_decorator.py for tasks to queue
[2024-07-12T08:05:17.768+0000] {logging_mixin.py:188} INFO - [2024-07-12T08:05:17.768+0000] {dagbag.py:545} INFO - Filling up the DagBag from /home/airflow/.local/lib/python3.12/site-packages/airflow/example_dags/example_dag_decorator.py
[2024-07-12T08:05:17.838+0000] {processor.py:840} INFO - DAG(s) 'example_dag_decorator' retrieved from /home/airflow/.local/lib/python3.12/site-packages/airflow/example_dags/example_dag_decorator.py
[2024-07-12T08:05:17.903+0000] {logging_mixin.py:188} INFO - [2024-07-12T08:05:17.903+0000] {dag.py:3096} INFO - Sync 1 DAGs
[2024-07-12T08:05:17.909+0000] {logging_mixin.py:188} INFO - [2024-07-12T08:05:17.909+0000] {dag.py:3954} INFO - Setting next_dagrun for example_dag_decorator to None, run_after=None
[2024-07-12T08:05:17.925+0000] {processor.py:183} INFO - Processing /home/airflow/.local/lib/python3.12/site-packages/airflow/example_dags/example_dag_decorator.py took 0.164 seconds
[2024-07-12T08:05:48.008+0000] {processor.py:161} INFO - Started process (PID=229) to work on /home/airflow/.local/lib/python3.12/site-packages/airflow/example_dags/example_dag_decorator.py
[2024-07-12T08:05:48.009+0000] {processor.py:830} INFO - Processing file /home/airflow/.local/lib/python3.12/site-packages/airflow/example_dags/example_dag_decorator.py for tasks to queue
[2024-07-12T08:05:48.010+0000] {logging_mixin.py:188} INFO - [2024-07-12T08:05:48.010+0000] {dagbag.py:545} INFO - Filling up the DagBag from /home/airflow/.local/lib/python3.12/site-packages/airflow/example_dags/example_dag_decorator.py
[2024-07-12T08:05:48.078+0000] {processor.py:840} INFO - DAG(s) 'example_dag_decorator' retrieved from /home/airflow/.local/lib/python3.12/site-packages/airflow/example_dags/example_dag_decorator.py
[2024-07-12T08:05:48.140+0000] {logging_mixin.py:188} INFO - [2024-07-12T08:05:48.140+0000] {dag.py:3096} INFO - Sync 1 DAGs
[2024-07-12T08:05:48.147+0000] {logging_mixin.py:188} INFO - [2024-07-12T08:05:48.147+0000] {dag.py:3954} INFO - Setting next_dagrun for example_dag_decorator to None, run_after=None
[2024-07-12T08:05:48.163+0000] {processor.py:183} INFO - Processing /home/airflow/.local/lib/python3.12/site-packages/airflow/example_dags/example_dag_decorator.py took 0.159 seconds
[2024-07-12T08:06:18.192+0000] {processor.py:161} INFO - Started process (PID=288) to work on /home/airflow/.local/lib/python3.12/site-packages/airflow/example_dags/example_dag_decorator.py
[2024-07-12T08:06:18.192+0000] {processor.py:830} INFO - Processing file /home/airflow/.local/lib/python3.12/site-packages/airflow/example_dags/example_dag_decorator.py for tasks to queue
[2024-07-12T08:06:18.193+0000] {logging_mixin.py:188} INFO - [2024-07-12T08:06:18.193+0000] {dagbag.py:545} INFO - Filling up the DagBag from /home/airflow/.local/lib/python3.12/site-packages/airflow/example_dags/example_dag_decorator.py
[2024-07-12T08:06:18.262+0000] {processor.py:840} INFO - DAG(s) 'example_dag_decorator' retrieved from /home/airflow/.local/lib/python3.12/site-packages/airflow/example_dags/example_dag_decorator.py
[2024-07-12T08:06:18.267+0000] {logging_mixin.py:188} INFO - [2024-07-12T08:06:18.267+0000] {dag.py:3096} INFO - Sync 1 DAGs
[2024-07-12T08:06:18.275+0000] {logging_mixin.py:188} INFO - [2024-07-12T08:06:18.275+0000] {dag.py:3954} INFO - Setting next_dagrun for example_dag_decorator to None, run_after=None
[2024-07-12T08:06:18.293+0000] {processor.py:183} INFO - Processing /home/airflow/.local/lib/python3.12/site-packages/airflow/example_dags/example_dag_decorator.py took 0.105 seconds
[2024-07-12T08:06:49.012+0000] {processor.py:161} INFO - Started process (PID=343) to work on /home/airflow/.local/lib/python3.12/site-packages/airflow/example_dags/example_dag_decorator.py
[2024-07-12T08:06:49.012+0000] {processor.py:830} INFO - Processing file /home/airflow/.local/lib/python3.12/site-packages/airflow/example_dags/example_dag_decorator.py for tasks to queue
[2024-07-12T08:06:49.014+0000] {logging_mixin.py:188} INFO - [2024-07-12T08:06:49.013+0000] {dagbag.py:545} INFO - Filling up the DagBag from /home/airflow/.local/lib/python3.12/site-packages/airflow/example_dags/example_dag_decorator.py
[2024-07-12T08:06:49.080+0000] {processor.py:840} INFO - DAG(s) 'example_dag_decorator' retrieved from /home/airflow/.local/lib/python3.12/site-packages/airflow/example_dags/example_dag_decorator.py
[2024-07-12T08:06:49.141+0000] {logging_mixin.py:188} INFO - [2024-07-12T08:06:49.141+0000] {dag.py:3096} INFO - Sync 1 DAGs
[2024-07-12T08:06:49.149+0000] {logging_mixin.py:188} INFO - [2024-07-12T08:06:49.149+0000] {dag.py:3954} INFO - Setting next_dagrun for example_dag_decorator to None, run_after=None
[2024-07-12T08:06:49.165+0000] {processor.py:183} INFO - Processing /home/airflow/.local/lib/python3.12/site-packages/airflow/example_dags/example_dag_decorator.py took 0.157 seconds
[2024-07-12T08:07:19.223+0000] {processor.py:161} INFO - Started process (PID=401) to work on /home/airflow/.local/lib/python3.12/site-packages/airflow/example_dags/example_dag_decorator.py
[2024-07-12T08:07:19.224+0000] {processor.py:830} INFO - Processing file /home/airflow/.local/lib/python3.12/site-packages/airflow/example_dags/example_dag_decorator.py for tasks to queue
[2024-07-12T08:07:19.225+0000] {logging_mixin.py:188} INFO - [2024-07-12T08:07:19.225+0000] {dagbag.py:545} INFO - Filling up the DagBag from /home/airflow/.local/lib/python3.12/site-packages/airflow/example_dags/example_dag_decorator.py
[2024-07-12T08:07:19.297+0000] {processor.py:840} INFO - DAG(s) 'example_dag_decorator' retrieved from /home/airflow/.local/lib/python3.12/site-packages/airflow/example_dags/example_dag_decorator.py
[2024-07-12T08:07:19.364+0000] {logging_mixin.py:188} INFO - [2024-07-12T08:07:19.364+0000] {dag.py:3096} INFO - Sync 1 DAGs
[2024-07-12T08:07:19.372+0000] {logging_mixin.py:188} INFO - [2024-07-12T08:07:19.372+0000] {dag.py:3954} INFO - Setting next_dagrun for example_dag_decorator to None, run_after=None
[2024-07-12T08:07:19.387+0000] {processor.py:183} INFO - Processing /home/airflow/.local/lib/python3.12/site-packages/airflow/example_dags/example_dag_decorator.py took 0.169 seconds
[2024-07-12T08:08:13.822+0000] {processor.py:161} INFO - Started process (PID=52) to work on /home/airflow/.local/lib/python3.12/site-packages/airflow/example_dags/example_dag_decorator.py
[2024-07-12T08:08:13.823+0000] {processor.py:830} INFO - Processing file /home/airflow/.local/lib/python3.12/site-packages/airflow/example_dags/example_dag_decorator.py for tasks to queue
[2024-07-12T08:08:13.824+0000] {logging_mixin.py:188} INFO - [2024-07-12T08:08:13.824+0000] {dagbag.py:545} INFO - Filling up the DagBag from /home/airflow/.local/lib/python3.12/site-packages/airflow/example_dags/example_dag_decorator.py
[2024-07-12T08:08:13.898+0000] {processor.py:840} INFO - DAG(s) 'example_dag_decorator' retrieved from /home/airflow/.local/lib/python3.12/site-packages/airflow/example_dags/example_dag_decorator.py
[2024-07-12T08:08:13.904+0000] {logging_mixin.py:188} INFO - [2024-07-12T08:08:13.904+0000] {dag.py:3096} INFO - Sync 1 DAGs
[2024-07-12T08:08:13.913+0000] {logging_mixin.py:188} INFO - [2024-07-12T08:08:13.913+0000] {dag.py:3954} INFO - Setting next_dagrun for example_dag_decorator to None, run_after=None
[2024-07-12T08:08:13.931+0000] {processor.py:183} INFO - Processing /home/airflow/.local/lib/python3.12/site-packages/airflow/example_dags/example_dag_decorator.py took 0.112 seconds
[2024-07-12T08:08:44.444+0000] {processor.py:161} INFO - Started process (PID=114) to work on /home/airflow/.local/lib/python3.12/site-packages/airflow/example_dags/example_dag_decorator.py
[2024-07-12T08:08:44.445+0000] {processor.py:830} INFO - Processing file /home/airflow/.local/lib/python3.12/site-packages/airflow/example_dags/example_dag_decorator.py for tasks to queue
[2024-07-12T08:08:44.446+0000] {logging_mixin.py:188} INFO - [2024-07-12T08:08:44.446+0000] {dagbag.py:545} INFO - Filling up the DagBag from /home/airflow/.local/lib/python3.12/site-packages/airflow/example_dags/example_dag_decorator.py
[2024-07-12T08:08:44.513+0000] {processor.py:840} INFO - DAG(s) 'example_dag_decorator' retrieved from /home/airflow/.local/lib/python3.12/site-packages/airflow/example_dags/example_dag_decorator.py
[2024-07-12T08:08:44.579+0000] {logging_mixin.py:188} INFO - [2024-07-12T08:08:44.579+0000] {dag.py:3096} INFO - Sync 1 DAGs
[2024-07-12T08:08:44.586+0000] {logging_mixin.py:188} INFO - [2024-07-12T08:08:44.586+0000] {dag.py:3954} INFO - Setting next_dagrun for example_dag_decorator to None, run_after=None
[2024-07-12T08:08:44.602+0000] {processor.py:183} INFO - Processing /home/airflow/.local/lib/python3.12/site-packages/airflow/example_dags/example_dag_decorator.py took 0.162 seconds
[2024-07-12T08:09:15.379+0000] {processor.py:161} INFO - Started process (PID=172) to work on /home/airflow/.local/lib/python3.12/site-packages/airflow/example_dags/example_dag_decorator.py
[2024-07-12T08:09:15.380+0000] {processor.py:830} INFO - Processing file /home/airflow/.local/lib/python3.12/site-packages/airflow/example_dags/example_dag_decorator.py for tasks to queue
[2024-07-12T08:09:15.381+0000] {logging_mixin.py:188} INFO - [2024-07-12T08:09:15.381+0000] {dagbag.py:545} INFO - Filling up the DagBag from /home/airflow/.local/lib/python3.12/site-packages/airflow/example_dags/example_dag_decorator.py
[2024-07-12T08:09:15.450+0000] {processor.py:840} INFO - DAG(s) 'example_dag_decorator' retrieved from /home/airflow/.local/lib/python3.12/site-packages/airflow/example_dags/example_dag_decorator.py
[2024-07-12T08:09:15.512+0000] {logging_mixin.py:188} INFO - [2024-07-12T08:09:15.512+0000] {dag.py:3096} INFO - Sync 1 DAGs
[2024-07-12T08:09:15.520+0000] {logging_mixin.py:188} INFO - [2024-07-12T08:09:15.520+0000] {dag.py:3954} INFO - Setting next_dagrun for example_dag_decorator to None, run_after=None
[2024-07-12T08:09:15.534+0000] {processor.py:183} INFO - Processing /home/airflow/.local/lib/python3.12/site-packages/airflow/example_dags/example_dag_decorator.py took 0.158 seconds
[2024-07-12T08:09:45.606+0000] {processor.py:161} INFO - Started process (PID=232) to work on /home/airflow/.local/lib/python3.12/site-packages/airflow/example_dags/example_dag_decorator.py
[2024-07-12T08:09:45.607+0000] {processor.py:830} INFO - Processing file /home/airflow/.local/lib/python3.12/site-packages/airflow/example_dags/example_dag_decorator.py for tasks to queue
[2024-07-12T08:09:45.608+0000] {logging_mixin.py:188} INFO - [2024-07-12T08:09:45.608+0000] {dagbag.py:545} INFO - Filling up the DagBag from /home/airflow/.local/lib/python3.12/site-packages/airflow/example_dags/example_dag_decorator.py
[2024-07-12T08:09:45.676+0000] {processor.py:840} INFO - DAG(s) 'example_dag_decorator' retrieved from /home/airflow/.local/lib/python3.12/site-packages/airflow/example_dags/example_dag_decorator.py
[2024-07-12T08:09:45.738+0000] {logging_mixin.py:188} INFO - [2024-07-12T08:09:45.738+0000] {dag.py:3096} INFO - Sync 1 DAGs
[2024-07-12T08:09:45.745+0000] {logging_mixin.py:188} INFO - [2024-07-12T08:09:45.745+0000] {dag.py:3954} INFO - Setting next_dagrun for example_dag_decorator to None, run_after=None
[2024-07-12T08:09:45.760+0000] {processor.py:183} INFO - Processing /home/airflow/.local/lib/python3.12/site-packages/airflow/example_dags/example_dag_decorator.py took 0.158 seconds
[2024-07-12T08:10:15.802+0000] {processor.py:161} INFO - Started process (PID=290) to work on /home/airflow/.local/lib/python3.12/site-packages/airflow/example_dags/example_dag_decorator.py
[2024-07-12T08:10:15.803+0000] {processor.py:830} INFO - Processing file /home/airflow/.local/lib/python3.12/site-packages/airflow/example_dags/example_dag_decorator.py for tasks to queue
[2024-07-12T08:10:15.804+0000] {logging_mixin.py:188} INFO - [2024-07-12T08:10:15.804+0000] {dagbag.py:545} INFO - Filling up the DagBag from /home/airflow/.local/lib/python3.12/site-packages/airflow/example_dags/example_dag_decorator.py
[2024-07-12T08:10:15.867+0000] {processor.py:840} INFO - DAG(s) 'example_dag_decorator' retrieved from /home/airflow/.local/lib/python3.12/site-packages/airflow/example_dags/example_dag_decorator.py
[2024-07-12T08:10:15.928+0000] {logging_mixin.py:188} INFO - [2024-07-12T08:10:15.928+0000] {dag.py:3096} INFO - Sync 1 DAGs
[2024-07-12T08:10:15.934+0000] {logging_mixin.py:188} INFO - [2024-07-12T08:10:15.934+0000] {dag.py:3954} INFO - Setting next_dagrun for example_dag_decorator to None, run_after=None
[2024-07-12T08:10:15.955+0000] {processor.py:183} INFO - Processing /home/airflow/.local/lib/python3.12/site-packages/airflow/example_dags/example_dag_decorator.py took 0.157 seconds
[2024-07-12T08:10:45.989+0000] {processor.py:161} INFO - Started process (PID=349) to work on /home/airflow/.local/lib/python3.12/site-packages/airflow/example_dags/example_dag_decorator.py
[2024-07-12T08:10:45.990+0000] {processor.py:830} INFO - Processing file /home/airflow/.local/lib/python3.12/site-packages/airflow/example_dags/example_dag_decorator.py for tasks to queue
[2024-07-12T08:10:45.991+0000] {logging_mixin.py:188} INFO - [2024-07-12T08:10:45.991+0000] {dagbag.py:545} INFO - Filling up the DagBag from /home/airflow/.local/lib/python3.12/site-packages/airflow/example_dags/example_dag_decorator.py
[2024-07-12T08:10:46.055+0000] {processor.py:840} INFO - DAG(s) 'example_dag_decorator' retrieved from /home/airflow/.local/lib/python3.12/site-packages/airflow/example_dags/example_dag_decorator.py
[2024-07-12T08:10:46.112+0000] {logging_mixin.py:188} INFO - [2024-07-12T08:10:46.112+0000] {dag.py:3096} INFO - Sync 1 DAGs
[2024-07-12T08:10:46.118+0000] {logging_mixin.py:188} INFO - [2024-07-12T08:10:46.118+0000] {dag.py:3954} INFO - Setting next_dagrun for example_dag_decorator to None, run_after=None
[2024-07-12T08:10:46.133+0000] {processor.py:183} INFO - Processing /home/airflow/.local/lib/python3.12/site-packages/airflow/example_dags/example_dag_decorator.py took 0.148 seconds
[2024-07-12T08:11:16.171+0000] {processor.py:161} INFO - Started process (PID=407) to work on /home/airflow/.local/lib/python3.12/site-packages/airflow/example_dags/example_dag_decorator.py
[2024-07-12T08:11:16.171+0000] {processor.py:830} INFO - Processing file /home/airflow/.local/lib/python3.12/site-packages/airflow/example_dags/example_dag_decorator.py for tasks to queue
[2024-07-12T08:11:16.173+0000] {logging_mixin.py:188} INFO - [2024-07-12T08:11:16.172+0000] {dagbag.py:545} INFO - Filling up the DagBag from /home/airflow/.local/lib/python3.12/site-packages/airflow/example_dags/example_dag_decorator.py
[2024-07-12T08:11:16.247+0000] {processor.py:840} INFO - DAG(s) 'example_dag_decorator' retrieved from /home/airflow/.local/lib/python3.12/site-packages/airflow/example_dags/example_dag_decorator.py
[2024-07-12T08:11:16.316+0000] {logging_mixin.py:188} INFO - [2024-07-12T08:11:16.316+0000] {dag.py:3096} INFO - Sync 1 DAGs
[2024-07-12T08:11:16.323+0000] {logging_mixin.py:188} INFO - [2024-07-12T08:11:16.323+0000] {dag.py:3954} INFO - Setting next_dagrun for example_dag_decorator to None, run_after=None
[2024-07-12T08:11:16.337+0000] {processor.py:183} INFO - Processing /home/airflow/.local/lib/python3.12/site-packages/airflow/example_dags/example_dag_decorator.py took 0.171 seconds
[2024-07-12T08:11:46.376+0000] {processor.py:161} INFO - Started process (PID=466) to work on /home/airflow/.local/lib/python3.12/site-packages/airflow/example_dags/example_dag_decorator.py
[2024-07-12T08:11:46.377+0000] {processor.py:830} INFO - Processing file /home/airflow/.local/lib/python3.12/site-packages/airflow/example_dags/example_dag_decorator.py for tasks to queue
[2024-07-12T08:11:46.378+0000] {logging_mixin.py:188} INFO - [2024-07-12T08:11:46.378+0000] {dagbag.py:545} INFO - Filling up the DagBag from /home/airflow/.local/lib/python3.12/site-packages/airflow/example_dags/example_dag_decorator.py
[2024-07-12T08:11:46.447+0000] {processor.py:840} INFO - DAG(s) 'example_dag_decorator' retrieved from /home/airflow/.local/lib/python3.12/site-packages/airflow/example_dags/example_dag_decorator.py
[2024-07-12T08:11:46.516+0000] {logging_mixin.py:188} INFO - [2024-07-12T08:11:46.516+0000] {dag.py:3096} INFO - Sync 1 DAGs
[2024-07-12T08:11:46.524+0000] {logging_mixin.py:188} INFO - [2024-07-12T08:11:46.524+0000] {dag.py:3954} INFO - Setting next_dagrun for example_dag_decorator to None, run_after=None
[2024-07-12T08:11:46.541+0000] {processor.py:183} INFO - Processing /home/airflow/.local/lib/python3.12/site-packages/airflow/example_dags/example_dag_decorator.py took 0.169 seconds
[2024-07-12T08:12:16.576+0000] {processor.py:161} INFO - Started process (PID=524) to work on /home/airflow/.local/lib/python3.12/site-packages/airflow/example_dags/example_dag_decorator.py
[2024-07-12T08:12:16.577+0000] {processor.py:830} INFO - Processing file /home/airflow/.local/lib/python3.12/site-packages/airflow/example_dags/example_dag_decorator.py for tasks to queue
[2024-07-12T08:12:16.578+0000] {logging_mixin.py:188} INFO - [2024-07-12T08:12:16.578+0000] {dagbag.py:545} INFO - Filling up the DagBag from /home/airflow/.local/lib/python3.12/site-packages/airflow/example_dags/example_dag_decorator.py
[2024-07-12T08:12:16.645+0000] {processor.py:840} INFO - DAG(s) 'example_dag_decorator' retrieved from /home/airflow/.local/lib/python3.12/site-packages/airflow/example_dags/example_dag_decorator.py
[2024-07-12T08:12:16.660+0000] {logging_mixin.py:188} INFO - [2024-07-12T08:12:16.660+0000] {dag.py:3096} INFO - Sync 1 DAGs
[2024-07-12T08:12:16.669+0000] {logging_mixin.py:188} INFO - [2024-07-12T08:12:16.669+0000] {dag.py:3954} INFO - Setting next_dagrun for example_dag_decorator to None, run_after=None
[2024-07-12T08:12:16.688+0000] {processor.py:183} INFO - Processing /home/airflow/.local/lib/python3.12/site-packages/airflow/example_dags/example_dag_decorator.py took 0.116 seconds
[2024-07-12T08:12:46.899+0000] {processor.py:161} INFO - Started process (PID=583) to work on /home/airflow/.local/lib/python3.12/site-packages/airflow/example_dags/example_dag_decorator.py
[2024-07-12T08:12:46.900+0000] {processor.py:830} INFO - Processing file /home/airflow/.local/lib/python3.12/site-packages/airflow/example_dags/example_dag_decorator.py for tasks to queue
[2024-07-12T08:12:46.901+0000] {logging_mixin.py:188} INFO - [2024-07-12T08:12:46.901+0000] {dagbag.py:545} INFO - Filling up the DagBag from /home/airflow/.local/lib/python3.12/site-packages/airflow/example_dags/example_dag_decorator.py
[2024-07-12T08:12:46.968+0000] {processor.py:840} INFO - DAG(s) 'example_dag_decorator' retrieved from /home/airflow/.local/lib/python3.12/site-packages/airflow/example_dags/example_dag_decorator.py
[2024-07-12T08:12:46.982+0000] {logging_mixin.py:188} INFO - [2024-07-12T08:12:46.982+0000] {dag.py:3096} INFO - Sync 1 DAGs
[2024-07-12T08:12:46.992+0000] {logging_mixin.py:188} INFO - [2024-07-12T08:12:46.992+0000] {dag.py:3954} INFO - Setting next_dagrun for example_dag_decorator to None, run_after=None
[2024-07-12T08:12:47.006+0000] {processor.py:183} INFO - Processing /home/airflow/.local/lib/python3.12/site-packages/airflow/example_dags/example_dag_decorator.py took 0.111 seconds
[2024-07-12T08:13:17.105+0000] {processor.py:161} INFO - Started process (PID=636) to work on /home/airflow/.local/lib/python3.12/site-packages/airflow/example_dags/example_dag_decorator.py
[2024-07-12T08:13:17.106+0000] {processor.py:830} INFO - Processing file /home/airflow/.local/lib/python3.12/site-packages/airflow/example_dags/example_dag_decorator.py for tasks to queue
[2024-07-12T08:13:17.107+0000] {logging_mixin.py:188} INFO - [2024-07-12T08:13:17.107+0000] {dagbag.py:545} INFO - Filling up the DagBag from /home/airflow/.local/lib/python3.12/site-packages/airflow/example_dags/example_dag_decorator.py
[2024-07-12T08:13:17.176+0000] {processor.py:840} INFO - DAG(s) 'example_dag_decorator' retrieved from /home/airflow/.local/lib/python3.12/site-packages/airflow/example_dags/example_dag_decorator.py
[2024-07-12T08:13:17.190+0000] {logging_mixin.py:188} INFO - [2024-07-12T08:13:17.189+0000] {dag.py:3096} INFO - Sync 1 DAGs
[2024-07-12T08:13:17.197+0000] {logging_mixin.py:188} INFO - [2024-07-12T08:13:17.197+0000] {dag.py:3954} INFO - Setting next_dagrun for example_dag_decorator to None, run_after=None
[2024-07-12T08:13:17.212+0000] {processor.py:183} INFO - Processing /home/airflow/.local/lib/python3.12/site-packages/airflow/example_dags/example_dag_decorator.py took 0.111 seconds
[2024-07-12T08:13:47.495+0000] {processor.py:161} INFO - Started process (PID=694) to work on /home/airflow/.local/lib/python3.12/site-packages/airflow/example_dags/example_dag_decorator.py
[2024-07-12T08:13:47.495+0000] {processor.py:830} INFO - Processing file /home/airflow/.local/lib/python3.12/site-packages/airflow/example_dags/example_dag_decorator.py for tasks to queue
[2024-07-12T08:13:47.497+0000] {logging_mixin.py:188} INFO - [2024-07-12T08:13:47.497+0000] {dagbag.py:545} INFO - Filling up the DagBag from /home/airflow/.local/lib/python3.12/site-packages/airflow/example_dags/example_dag_decorator.py
[2024-07-12T08:13:47.564+0000] {processor.py:840} INFO - DAG(s) 'example_dag_decorator' retrieved from /home/airflow/.local/lib/python3.12/site-packages/airflow/example_dags/example_dag_decorator.py
[2024-07-12T08:13:47.577+0000] {logging_mixin.py:188} INFO - [2024-07-12T08:13:47.577+0000] {dag.py:3096} INFO - Sync 1 DAGs
[2024-07-12T08:13:47.586+0000] {logging_mixin.py:188} INFO - [2024-07-12T08:13:47.586+0000] {dag.py:3954} INFO - Setting next_dagrun for example_dag_decorator to None, run_after=None
[2024-07-12T08:13:47.599+0000] {processor.py:183} INFO - Processing /home/airflow/.local/lib/python3.12/site-packages/airflow/example_dags/example_dag_decorator.py took 0.108 seconds
[2024-07-12T08:14:17.642+0000] {processor.py:161} INFO - Started process (PID=753) to work on /home/airflow/.local/lib/python3.12/site-packages/airflow/example_dags/example_dag_decorator.py
[2024-07-12T08:14:17.643+0000] {processor.py:830} INFO - Processing file /home/airflow/.local/lib/python3.12/site-packages/airflow/example_dags/example_dag_decorator.py for tasks to queue
[2024-07-12T08:14:17.644+0000] {logging_mixin.py:188} INFO - [2024-07-12T08:14:17.644+0000] {dagbag.py:545} INFO - Filling up the DagBag from /home/airflow/.local/lib/python3.12/site-packages/airflow/example_dags/example_dag_decorator.py
[2024-07-12T08:14:17.711+0000] {processor.py:840} INFO - DAG(s) 'example_dag_decorator' retrieved from /home/airflow/.local/lib/python3.12/site-packages/airflow/example_dags/example_dag_decorator.py
[2024-07-12T08:14:17.725+0000] {logging_mixin.py:188} INFO - [2024-07-12T08:14:17.725+0000] {dag.py:3096} INFO - Sync 1 DAGs
[2024-07-12T08:14:17.735+0000] {logging_mixin.py:188} INFO - [2024-07-12T08:14:17.735+0000] {dag.py:3954} INFO - Setting next_dagrun for example_dag_decorator to None, run_after=None
[2024-07-12T08:14:17.753+0000] {processor.py:183} INFO - Processing /home/airflow/.local/lib/python3.12/site-packages/airflow/example_dags/example_dag_decorator.py took 0.114 seconds
[2024-07-12T08:14:47.783+0000] {processor.py:161} INFO - Started process (PID=811) to work on /home/airflow/.local/lib/python3.12/site-packages/airflow/example_dags/example_dag_decorator.py
[2024-07-12T08:14:47.784+0000] {processor.py:830} INFO - Processing file /home/airflow/.local/lib/python3.12/site-packages/airflow/example_dags/example_dag_decorator.py for tasks to queue
[2024-07-12T08:14:47.786+0000] {logging_mixin.py:188} INFO - [2024-07-12T08:14:47.786+0000] {dagbag.py:545} INFO - Filling up the DagBag from /home/airflow/.local/lib/python3.12/site-packages/airflow/example_dags/example_dag_decorator.py
[2024-07-12T08:14:47.861+0000] {processor.py:840} INFO - DAG(s) 'example_dag_decorator' retrieved from /home/airflow/.local/lib/python3.12/site-packages/airflow/example_dags/example_dag_decorator.py
[2024-07-12T08:14:47.875+0000] {logging_mixin.py:188} INFO - [2024-07-12T08:14:47.875+0000] {dag.py:3096} INFO - Sync 1 DAGs
[2024-07-12T08:14:47.883+0000] {logging_mixin.py:188} INFO - [2024-07-12T08:14:47.883+0000] {dag.py:3954} INFO - Setting next_dagrun for example_dag_decorator to None, run_after=None
[2024-07-12T08:14:47.900+0000] {processor.py:183} INFO - Processing /home/airflow/.local/lib/python3.12/site-packages/airflow/example_dags/example_dag_decorator.py took 0.120 seconds
[2024-07-12T08:15:18.005+0000] {processor.py:161} INFO - Started process (PID=869) to work on /home/airflow/.local/lib/python3.12/site-packages/airflow/example_dags/example_dag_decorator.py
[2024-07-12T08:15:18.005+0000] {processor.py:830} INFO - Processing file /home/airflow/.local/lib/python3.12/site-packages/airflow/example_dags/example_dag_decorator.py for tasks to queue
[2024-07-12T08:15:18.007+0000] {logging_mixin.py:188} INFO - [2024-07-12T08:15:18.007+0000] {dagbag.py:545} INFO - Filling up the DagBag from /home/airflow/.local/lib/python3.12/site-packages/airflow/example_dags/example_dag_decorator.py
[2024-07-12T08:15:18.076+0000] {processor.py:840} INFO - DAG(s) 'example_dag_decorator' retrieved from /home/airflow/.local/lib/python3.12/site-packages/airflow/example_dags/example_dag_decorator.py
[2024-07-12T08:15:18.142+0000] {logging_mixin.py:188} INFO - [2024-07-12T08:15:18.141+0000] {dag.py:3096} INFO - Sync 1 DAGs
[2024-07-12T08:15:18.148+0000] {logging_mixin.py:188} INFO - [2024-07-12T08:15:18.148+0000] {dag.py:3954} INFO - Setting next_dagrun for example_dag_decorator to None, run_after=None
[2024-07-12T08:15:18.257+0000] {processor.py:183} INFO - Processing /home/airflow/.local/lib/python3.12/site-packages/airflow/example_dags/example_dag_decorator.py took 0.256 seconds
[2024-07-12T08:15:48.316+0000] {processor.py:161} INFO - Started process (PID=929) to work on /home/airflow/.local/lib/python3.12/site-packages/airflow/example_dags/example_dag_decorator.py
[2024-07-12T08:15:48.317+0000] {processor.py:830} INFO - Processing file /home/airflow/.local/lib/python3.12/site-packages/airflow/example_dags/example_dag_decorator.py for tasks to queue
[2024-07-12T08:15:48.318+0000] {logging_mixin.py:188} INFO - [2024-07-12T08:15:48.318+0000] {dagbag.py:545} INFO - Filling up the DagBag from /home/airflow/.local/lib/python3.12/site-packages/airflow/example_dags/example_dag_decorator.py
[2024-07-12T08:15:48.387+0000] {processor.py:840} INFO - DAG(s) 'example_dag_decorator' retrieved from /home/airflow/.local/lib/python3.12/site-packages/airflow/example_dags/example_dag_decorator.py
[2024-07-12T08:15:48.548+0000] {logging_mixin.py:188} INFO - [2024-07-12T08:15:48.548+0000] {dag.py:3096} INFO - Sync 1 DAGs
[2024-07-12T08:15:48.554+0000] {logging_mixin.py:188} INFO - [2024-07-12T08:15:48.554+0000] {dag.py:3954} INFO - Setting next_dagrun for example_dag_decorator to None, run_after=None
[2024-07-12T08:15:48.568+0000] {processor.py:183} INFO - Processing /home/airflow/.local/lib/python3.12/site-packages/airflow/example_dags/example_dag_decorator.py took 0.255 seconds
[2024-07-12T08:16:19.458+0000] {processor.py:161} INFO - Started process (PID=988) to work on /home/airflow/.local/lib/python3.12/site-packages/airflow/example_dags/example_dag_decorator.py
[2024-07-12T08:16:19.459+0000] {processor.py:830} INFO - Processing file /home/airflow/.local/lib/python3.12/site-packages/airflow/example_dags/example_dag_decorator.py for tasks to queue
[2024-07-12T08:16:19.460+0000] {logging_mixin.py:188} INFO - [2024-07-12T08:16:19.460+0000] {dagbag.py:545} INFO - Filling up the DagBag from /home/airflow/.local/lib/python3.12/site-packages/airflow/example_dags/example_dag_decorator.py
[2024-07-12T08:16:19.526+0000] {processor.py:840} INFO - DAG(s) 'example_dag_decorator' retrieved from /home/airflow/.local/lib/python3.12/site-packages/airflow/example_dags/example_dag_decorator.py
[2024-07-12T08:16:19.688+0000] {logging_mixin.py:188} INFO - [2024-07-12T08:16:19.688+0000] {dag.py:3096} INFO - Sync 1 DAGs
[2024-07-12T08:16:19.695+0000] {logging_mixin.py:188} INFO - [2024-07-12T08:16:19.694+0000] {dag.py:3954} INFO - Setting next_dagrun for example_dag_decorator to None, run_after=None
[2024-07-12T08:16:19.709+0000] {processor.py:183} INFO - Processing /home/airflow/.local/lib/python3.12/site-packages/airflow/example_dags/example_dag_decorator.py took 0.254 seconds
[2024-07-12T08:16:49.779+0000] {processor.py:161} INFO - Started process (PID=1046) to work on /home/airflow/.local/lib/python3.12/site-packages/airflow/example_dags/example_dag_decorator.py
[2024-07-12T08:16:49.780+0000] {processor.py:830} INFO - Processing file /home/airflow/.local/lib/python3.12/site-packages/airflow/example_dags/example_dag_decorator.py for tasks to queue
[2024-07-12T08:16:49.781+0000] {logging_mixin.py:188} INFO - [2024-07-12T08:16:49.781+0000] {dagbag.py:545} INFO - Filling up the DagBag from /home/airflow/.local/lib/python3.12/site-packages/airflow/example_dags/example_dag_decorator.py
[2024-07-12T08:16:49.847+0000] {processor.py:840} INFO - DAG(s) 'example_dag_decorator' retrieved from /home/airflow/.local/lib/python3.12/site-packages/airflow/example_dags/example_dag_decorator.py
[2024-07-12T08:16:49.996+0000] {logging_mixin.py:188} INFO - [2024-07-12T08:16:49.996+0000] {dag.py:3096} INFO - Sync 1 DAGs
[2024-07-12T08:16:50.002+0000] {logging_mixin.py:188} INFO - [2024-07-12T08:16:50.002+0000] {dag.py:3954} INFO - Setting next_dagrun for example_dag_decorator to None, run_after=None
[2024-07-12T08:16:50.016+0000] {processor.py:183} INFO - Processing /home/airflow/.local/lib/python3.12/site-packages/airflow/example_dags/example_dag_decorator.py took 0.241 seconds
[2024-07-12T08:17:20.039+0000] {processor.py:161} INFO - Started process (PID=1104) to work on /home/airflow/.local/lib/python3.12/site-packages/airflow/example_dags/example_dag_decorator.py
[2024-07-12T08:17:20.040+0000] {processor.py:830} INFO - Processing file /home/airflow/.local/lib/python3.12/site-packages/airflow/example_dags/example_dag_decorator.py for tasks to queue
[2024-07-12T08:17:20.041+0000] {logging_mixin.py:188} INFO - [2024-07-12T08:17:20.041+0000] {dagbag.py:545} INFO - Filling up the DagBag from /home/airflow/.local/lib/python3.12/site-packages/airflow/example_dags/example_dag_decorator.py
[2024-07-12T08:17:20.106+0000] {processor.py:840} INFO - DAG(s) 'example_dag_decorator' retrieved from /home/airflow/.local/lib/python3.12/site-packages/airflow/example_dags/example_dag_decorator.py
[2024-07-12T08:17:20.254+0000] {logging_mixin.py:188} INFO - [2024-07-12T08:17:20.254+0000] {dag.py:3096} INFO - Sync 1 DAGs
[2024-07-12T08:17:20.260+0000] {logging_mixin.py:188} INFO - [2024-07-12T08:17:20.260+0000] {dag.py:3954} INFO - Setting next_dagrun for example_dag_decorator to None, run_after=None
[2024-07-12T08:17:20.275+0000] {processor.py:183} INFO - Processing /home/airflow/.local/lib/python3.12/site-packages/airflow/example_dags/example_dag_decorator.py took 0.239 seconds
[2024-07-12T08:17:50.305+0000] {processor.py:161} INFO - Started process (PID=1162) to work on /home/airflow/.local/lib/python3.12/site-packages/airflow/example_dags/example_dag_decorator.py
[2024-07-12T08:17:50.306+0000] {processor.py:830} INFO - Processing file /home/airflow/.local/lib/python3.12/site-packages/airflow/example_dags/example_dag_decorator.py for tasks to queue
[2024-07-12T08:17:50.307+0000] {logging_mixin.py:188} INFO - [2024-07-12T08:17:50.307+0000] {dagbag.py:545} INFO - Filling up the DagBag from /home/airflow/.local/lib/python3.12/site-packages/airflow/example_dags/example_dag_decorator.py
[2024-07-12T08:17:50.371+0000] {processor.py:840} INFO - DAG(s) 'example_dag_decorator' retrieved from /home/airflow/.local/lib/python3.12/site-packages/airflow/example_dags/example_dag_decorator.py
[2024-07-12T08:17:50.516+0000] {logging_mixin.py:188} INFO - [2024-07-12T08:17:50.515+0000] {dag.py:3096} INFO - Sync 1 DAGs
[2024-07-12T08:17:50.522+0000] {logging_mixin.py:188} INFO - [2024-07-12T08:17:50.522+0000] {dag.py:3954} INFO - Setting next_dagrun for example_dag_decorator to None, run_after=None
[2024-07-12T08:17:50.536+0000] {processor.py:183} INFO - Processing /home/airflow/.local/lib/python3.12/site-packages/airflow/example_dags/example_dag_decorator.py took 0.234 seconds
[2024-07-12T08:18:20.596+0000] {processor.py:161} INFO - Started process (PID=1220) to work on /home/airflow/.local/lib/python3.12/site-packages/airflow/example_dags/example_dag_decorator.py
[2024-07-12T08:18:20.597+0000] {processor.py:830} INFO - Processing file /home/airflow/.local/lib/python3.12/site-packages/airflow/example_dags/example_dag_decorator.py for tasks to queue
[2024-07-12T08:18:20.599+0000] {logging_mixin.py:188} INFO - [2024-07-12T08:18:20.598+0000] {dagbag.py:545} INFO - Filling up the DagBag from /home/airflow/.local/lib/python3.12/site-packages/airflow/example_dags/example_dag_decorator.py
[2024-07-12T08:18:20.668+0000] {processor.py:840} INFO - DAG(s) 'example_dag_decorator' retrieved from /home/airflow/.local/lib/python3.12/site-packages/airflow/example_dags/example_dag_decorator.py
[2024-07-12T08:18:20.822+0000] {logging_mixin.py:188} INFO - [2024-07-12T08:18:20.822+0000] {dag.py:3096} INFO - Sync 1 DAGs
[2024-07-12T08:18:20.828+0000] {logging_mixin.py:188} INFO - [2024-07-12T08:18:20.828+0000] {dag.py:3954} INFO - Setting next_dagrun for example_dag_decorator to None, run_after=None
[2024-07-12T08:18:20.841+0000] {processor.py:183} INFO - Processing /home/airflow/.local/lib/python3.12/site-packages/airflow/example_dags/example_dag_decorator.py took 0.250 seconds
[2024-07-12T08:18:50.886+0000] {processor.py:161} INFO - Started process (PID=1278) to work on /home/airflow/.local/lib/python3.12/site-packages/airflow/example_dags/example_dag_decorator.py
[2024-07-12T08:18:50.886+0000] {processor.py:830} INFO - Processing file /home/airflow/.local/lib/python3.12/site-packages/airflow/example_dags/example_dag_decorator.py for tasks to queue
[2024-07-12T08:18:50.888+0000] {logging_mixin.py:188} INFO - [2024-07-12T08:18:50.887+0000] {dagbag.py:545} INFO - Filling up the DagBag from /home/airflow/.local/lib/python3.12/site-packages/airflow/example_dags/example_dag_decorator.py
[2024-07-12T08:18:50.952+0000] {processor.py:840} INFO - DAG(s) 'example_dag_decorator' retrieved from /home/airflow/.local/lib/python3.12/site-packages/airflow/example_dags/example_dag_decorator.py
[2024-07-12T08:18:51.112+0000] {logging_mixin.py:188} INFO - [2024-07-12T08:18:51.112+0000] {dag.py:3096} INFO - Sync 1 DAGs
[2024-07-12T08:18:51.118+0000] {logging_mixin.py:188} INFO - [2024-07-12T08:18:51.118+0000] {dag.py:3954} INFO - Setting next_dagrun for example_dag_decorator to None, run_after=None
[2024-07-12T08:18:51.133+0000] {processor.py:183} INFO - Processing /home/airflow/.local/lib/python3.12/site-packages/airflow/example_dags/example_dag_decorator.py took 0.251 seconds
[2024-07-12T08:19:21.219+0000] {processor.py:161} INFO - Started process (PID=1336) to work on /home/airflow/.local/lib/python3.12/site-packages/airflow/example_dags/example_dag_decorator.py
[2024-07-12T08:19:21.220+0000] {processor.py:830} INFO - Processing file /home/airflow/.local/lib/python3.12/site-packages/airflow/example_dags/example_dag_decorator.py for tasks to queue
[2024-07-12T08:19:21.222+0000] {logging_mixin.py:188} INFO - [2024-07-12T08:19:21.221+0000] {dagbag.py:545} INFO - Filling up the DagBag from /home/airflow/.local/lib/python3.12/site-packages/airflow/example_dags/example_dag_decorator.py
[2024-07-12T08:19:21.298+0000] {processor.py:840} INFO - DAG(s) 'example_dag_decorator' retrieved from /home/airflow/.local/lib/python3.12/site-packages/airflow/example_dags/example_dag_decorator.py
[2024-07-12T08:19:21.453+0000] {logging_mixin.py:188} INFO - [2024-07-12T08:19:21.452+0000] {dag.py:3096} INFO - Sync 1 DAGs
[2024-07-12T08:19:21.459+0000] {logging_mixin.py:188} INFO - [2024-07-12T08:19:21.459+0000] {dag.py:3954} INFO - Setting next_dagrun for example_dag_decorator to None, run_after=None
[2024-07-12T08:19:21.473+0000] {processor.py:183} INFO - Processing /home/airflow/.local/lib/python3.12/site-packages/airflow/example_dags/example_dag_decorator.py took 0.262 seconds
[2024-07-12T08:19:51.500+0000] {processor.py:161} INFO - Started process (PID=1396) to work on /home/airflow/.local/lib/python3.12/site-packages/airflow/example_dags/example_dag_decorator.py
[2024-07-12T08:19:51.500+0000] {processor.py:830} INFO - Processing file /home/airflow/.local/lib/python3.12/site-packages/airflow/example_dags/example_dag_decorator.py for tasks to queue
[2024-07-12T08:19:51.502+0000] {logging_mixin.py:188} INFO - [2024-07-12T08:19:51.501+0000] {dagbag.py:545} INFO - Filling up the DagBag from /home/airflow/.local/lib/python3.12/site-packages/airflow/example_dags/example_dag_decorator.py
[2024-07-12T08:19:51.571+0000] {processor.py:840} INFO - DAG(s) 'example_dag_decorator' retrieved from /home/airflow/.local/lib/python3.12/site-packages/airflow/example_dags/example_dag_decorator.py
[2024-07-12T08:19:51.727+0000] {logging_mixin.py:188} INFO - [2024-07-12T08:19:51.727+0000] {dag.py:3096} INFO - Sync 1 DAGs
[2024-07-12T08:19:51.733+0000] {logging_mixin.py:188} INFO - [2024-07-12T08:19:51.733+0000] {dag.py:3954} INFO - Setting next_dagrun for example_dag_decorator to None, run_after=None
[2024-07-12T08:19:51.747+0000] {processor.py:183} INFO - Processing /home/airflow/.local/lib/python3.12/site-packages/airflow/example_dags/example_dag_decorator.py took 0.252 seconds
[2024-07-12T08:20:21.813+0000] {processor.py:161} INFO - Started process (PID=1457) to work on /home/airflow/.local/lib/python3.12/site-packages/airflow/example_dags/example_dag_decorator.py
[2024-07-12T08:20:21.814+0000] {processor.py:830} INFO - Processing file /home/airflow/.local/lib/python3.12/site-packages/airflow/example_dags/example_dag_decorator.py for tasks to queue
[2024-07-12T08:20:21.815+0000] {logging_mixin.py:188} INFO - [2024-07-12T08:20:21.815+0000] {dagbag.py:545} INFO - Filling up the DagBag from /home/airflow/.local/lib/python3.12/site-packages/airflow/example_dags/example_dag_decorator.py
[2024-07-12T08:20:21.883+0000] {processor.py:840} INFO - DAG(s) 'example_dag_decorator' retrieved from /home/airflow/.local/lib/python3.12/site-packages/airflow/example_dags/example_dag_decorator.py
[2024-07-12T08:20:22.037+0000] {logging_mixin.py:188} INFO - [2024-07-12T08:20:22.037+0000] {dag.py:3096} INFO - Sync 1 DAGs
[2024-07-12T08:20:22.043+0000] {logging_mixin.py:188} INFO - [2024-07-12T08:20:22.042+0000] {dag.py:3954} INFO - Setting next_dagrun for example_dag_decorator to None, run_after=None
[2024-07-12T08:20:22.057+0000] {processor.py:183} INFO - Processing /home/airflow/.local/lib/python3.12/site-packages/airflow/example_dags/example_dag_decorator.py took 0.248 seconds
[2024-07-12T08:22:54.993+0000] {processor.py:161} INFO - Started process (PID=52) to work on /home/airflow/.local/lib/python3.12/site-packages/airflow/example_dags/example_dag_decorator.py
[2024-07-12T08:22:54.993+0000] {processor.py:830} INFO - Processing file /home/airflow/.local/lib/python3.12/site-packages/airflow/example_dags/example_dag_decorator.py for tasks to queue
[2024-07-12T08:22:54.995+0000] {logging_mixin.py:188} INFO - [2024-07-12T08:22:54.994+0000] {dagbag.py:545} INFO - Filling up the DagBag from /home/airflow/.local/lib/python3.12/site-packages/airflow/example_dags/example_dag_decorator.py
[2024-07-12T08:22:55.211+0000] {processor.py:840} INFO - DAG(s) 'example_dag_decorator' retrieved from /home/airflow/.local/lib/python3.12/site-packages/airflow/example_dags/example_dag_decorator.py
[2024-07-12T08:22:55.218+0000] {logging_mixin.py:188} INFO - [2024-07-12T08:22:55.218+0000] {dag.py:3096} INFO - Sync 1 DAGs
[2024-07-12T08:22:55.228+0000] {logging_mixin.py:188} INFO - [2024-07-12T08:22:55.228+0000] {dag.py:3954} INFO - Setting next_dagrun for example_dag_decorator to None, run_after=None
[2024-07-12T08:22:55.246+0000] {processor.py:183} INFO - Processing /home/airflow/.local/lib/python3.12/site-packages/airflow/example_dags/example_dag_decorator.py took 0.258 seconds
[2024-07-12T08:23:25.446+0000] {processor.py:161} INFO - Started process (PID=110) to work on /home/airflow/.local/lib/python3.12/site-packages/airflow/example_dags/example_dag_decorator.py
[2024-07-12T08:23:25.446+0000] {processor.py:830} INFO - Processing file /home/airflow/.local/lib/python3.12/site-packages/airflow/example_dags/example_dag_decorator.py for tasks to queue
[2024-07-12T08:23:25.448+0000] {logging_mixin.py:188} INFO - [2024-07-12T08:23:25.447+0000] {dagbag.py:545} INFO - Filling up the DagBag from /home/airflow/.local/lib/python3.12/site-packages/airflow/example_dags/example_dag_decorator.py
[2024-07-12T08:23:25.514+0000] {processor.py:840} INFO - DAG(s) 'example_dag_decorator' retrieved from /home/airflow/.local/lib/python3.12/site-packages/airflow/example_dags/example_dag_decorator.py
[2024-07-12T08:23:25.581+0000] {logging_mixin.py:188} INFO - [2024-07-12T08:23:25.581+0000] {dag.py:3096} INFO - Sync 1 DAGs
[2024-07-12T08:23:25.589+0000] {logging_mixin.py:188} INFO - [2024-07-12T08:23:25.588+0000] {dag.py:3954} INFO - Setting next_dagrun for example_dag_decorator to None, run_after=None
[2024-07-12T08:23:25.606+0000] {processor.py:183} INFO - Processing /home/airflow/.local/lib/python3.12/site-packages/airflow/example_dags/example_dag_decorator.py took 0.164 seconds
[2024-07-12T08:23:55.877+0000] {processor.py:161} INFO - Started process (PID=168) to work on /home/airflow/.local/lib/python3.12/site-packages/airflow/example_dags/example_dag_decorator.py
[2024-07-12T08:23:55.878+0000] {processor.py:830} INFO - Processing file /home/airflow/.local/lib/python3.12/site-packages/airflow/example_dags/example_dag_decorator.py for tasks to queue
[2024-07-12T08:23:55.879+0000] {logging_mixin.py:188} INFO - [2024-07-12T08:23:55.879+0000] {dagbag.py:545} INFO - Filling up the DagBag from /home/airflow/.local/lib/python3.12/site-packages/airflow/example_dags/example_dag_decorator.py
[2024-07-12T08:23:55.948+0000] {processor.py:840} INFO - DAG(s) 'example_dag_decorator' retrieved from /home/airflow/.local/lib/python3.12/site-packages/airflow/example_dags/example_dag_decorator.py
[2024-07-12T08:23:56.013+0000] {logging_mixin.py:188} INFO - [2024-07-12T08:23:56.012+0000] {dag.py:3096} INFO - Sync 1 DAGs
[2024-07-12T08:23:56.019+0000] {logging_mixin.py:188} INFO - [2024-07-12T08:23:56.019+0000] {dag.py:3954} INFO - Setting next_dagrun for example_dag_decorator to None, run_after=None
[2024-07-12T08:23:56.033+0000] {processor.py:183} INFO - Processing /home/airflow/.local/lib/python3.12/site-packages/airflow/example_dags/example_dag_decorator.py took 0.161 seconds
[2024-07-12T08:24:26.072+0000] {processor.py:161} INFO - Started process (PID=228) to work on /home/airflow/.local/lib/python3.12/site-packages/airflow/example_dags/example_dag_decorator.py
[2024-07-12T08:24:26.073+0000] {processor.py:830} INFO - Processing file /home/airflow/.local/lib/python3.12/site-packages/airflow/example_dags/example_dag_decorator.py for tasks to queue
[2024-07-12T08:24:26.075+0000] {logging_mixin.py:188} INFO - [2024-07-12T08:24:26.074+0000] {dagbag.py:545} INFO - Filling up the DagBag from /home/airflow/.local/lib/python3.12/site-packages/airflow/example_dags/example_dag_decorator.py
[2024-07-12T08:24:26.146+0000] {processor.py:840} INFO - DAG(s) 'example_dag_decorator' retrieved from /home/airflow/.local/lib/python3.12/site-packages/airflow/example_dags/example_dag_decorator.py
[2024-07-12T08:24:26.213+0000] {logging_mixin.py:188} INFO - [2024-07-12T08:24:26.213+0000] {dag.py:3096} INFO - Sync 1 DAGs
[2024-07-12T08:24:26.220+0000] {logging_mixin.py:188} INFO - [2024-07-12T08:24:26.219+0000] {dag.py:3954} INFO - Setting next_dagrun for example_dag_decorator to None, run_after=None
[2024-07-12T08:24:26.235+0000] {processor.py:183} INFO - Processing /home/airflow/.local/lib/python3.12/site-packages/airflow/example_dags/example_dag_decorator.py took 0.167 seconds
[2024-07-12T08:24:56.388+0000] {processor.py:161} INFO - Started process (PID=287) to work on /home/airflow/.local/lib/python3.12/site-packages/airflow/example_dags/example_dag_decorator.py
[2024-07-12T08:24:56.389+0000] {processor.py:830} INFO - Processing file /home/airflow/.local/lib/python3.12/site-packages/airflow/example_dags/example_dag_decorator.py for tasks to queue
[2024-07-12T08:24:56.390+0000] {logging_mixin.py:188} INFO - [2024-07-12T08:24:56.390+0000] {dagbag.py:545} INFO - Filling up the DagBag from /home/airflow/.local/lib/python3.12/site-packages/airflow/example_dags/example_dag_decorator.py
[2024-07-12T08:24:56.466+0000] {processor.py:840} INFO - DAG(s) 'example_dag_decorator' retrieved from /home/airflow/.local/lib/python3.12/site-packages/airflow/example_dags/example_dag_decorator.py
[2024-07-12T08:24:56.527+0000] {logging_mixin.py:188} INFO - [2024-07-12T08:24:56.527+0000] {dag.py:3096} INFO - Sync 1 DAGs
[2024-07-12T08:24:56.535+0000] {logging_mixin.py:188} INFO - [2024-07-12T08:24:56.535+0000] {dag.py:3954} INFO - Setting next_dagrun for example_dag_decorator to None, run_after=None
[2024-07-12T08:24:56.550+0000] {processor.py:183} INFO - Processing /home/airflow/.local/lib/python3.12/site-packages/airflow/example_dags/example_dag_decorator.py took 0.166 seconds
[2024-07-12T08:25:26.688+0000] {processor.py:161} INFO - Started process (PID=346) to work on /home/airflow/.local/lib/python3.12/site-packages/airflow/example_dags/example_dag_decorator.py
[2024-07-12T08:25:26.690+0000] {processor.py:830} INFO - Processing file /home/airflow/.local/lib/python3.12/site-packages/airflow/example_dags/example_dag_decorator.py for tasks to queue
[2024-07-12T08:25:26.691+0000] {logging_mixin.py:188} INFO - [2024-07-12T08:25:26.691+0000] {dagbag.py:545} INFO - Filling up the DagBag from /home/airflow/.local/lib/python3.12/site-packages/airflow/example_dags/example_dag_decorator.py
[2024-07-12T08:25:26.764+0000] {processor.py:840} INFO - DAG(s) 'example_dag_decorator' retrieved from /home/airflow/.local/lib/python3.12/site-packages/airflow/example_dags/example_dag_decorator.py
[2024-07-12T08:25:26.826+0000] {logging_mixin.py:188} INFO - [2024-07-12T08:25:26.826+0000] {dag.py:3096} INFO - Sync 1 DAGs
[2024-07-12T08:25:26.834+0000] {logging_mixin.py:188} INFO - [2024-07-12T08:25:26.833+0000] {dag.py:3954} INFO - Setting next_dagrun for example_dag_decorator to None, run_after=None
[2024-07-12T08:25:26.848+0000] {processor.py:183} INFO - Processing /home/airflow/.local/lib/python3.12/site-packages/airflow/example_dags/example_dag_decorator.py took 0.165 seconds
[2024-07-12T08:25:56.918+0000] {processor.py:161} INFO - Started process (PID=406) to work on /home/airflow/.local/lib/python3.12/site-packages/airflow/example_dags/example_dag_decorator.py
[2024-07-12T08:25:56.919+0000] {processor.py:830} INFO - Processing file /home/airflow/.local/lib/python3.12/site-packages/airflow/example_dags/example_dag_decorator.py for tasks to queue
[2024-07-12T08:25:56.920+0000] {logging_mixin.py:188} INFO - [2024-07-12T08:25:56.920+0000] {dagbag.py:545} INFO - Filling up the DagBag from /home/airflow/.local/lib/python3.12/site-packages/airflow/example_dags/example_dag_decorator.py
[2024-07-12T08:25:56.988+0000] {processor.py:840} INFO - DAG(s) 'example_dag_decorator' retrieved from /home/airflow/.local/lib/python3.12/site-packages/airflow/example_dags/example_dag_decorator.py
[2024-07-12T08:25:57.055+0000] {logging_mixin.py:188} INFO - [2024-07-12T08:25:57.055+0000] {dag.py:3096} INFO - Sync 1 DAGs
[2024-07-12T08:25:57.063+0000] {logging_mixin.py:188} INFO - [2024-07-12T08:25:57.063+0000] {dag.py:3954} INFO - Setting next_dagrun for example_dag_decorator to None, run_after=None
[2024-07-12T08:25:57.080+0000] {processor.py:183} INFO - Processing /home/airflow/.local/lib/python3.12/site-packages/airflow/example_dags/example_dag_decorator.py took 0.166 seconds
[2024-07-12T08:27:24.309+0000] {processor.py:161} INFO - Started process (PID=52) to work on /home/airflow/.local/lib/python3.12/site-packages/airflow/example_dags/example_dag_decorator.py
[2024-07-12T08:27:24.310+0000] {processor.py:830} INFO - Processing file /home/airflow/.local/lib/python3.12/site-packages/airflow/example_dags/example_dag_decorator.py for tasks to queue
[2024-07-12T08:27:24.311+0000] {logging_mixin.py:188} INFO - [2024-07-12T08:27:24.311+0000] {dagbag.py:545} INFO - Filling up the DagBag from /home/airflow/.local/lib/python3.12/site-packages/airflow/example_dags/example_dag_decorator.py
[2024-07-12T08:27:24.529+0000] {processor.py:840} INFO - DAG(s) 'example_dag_decorator' retrieved from /home/airflow/.local/lib/python3.12/site-packages/airflow/example_dags/example_dag_decorator.py
[2024-07-12T08:27:24.535+0000] {logging_mixin.py:188} INFO - [2024-07-12T08:27:24.535+0000] {dag.py:3096} INFO - Sync 1 DAGs
[2024-07-12T08:27:24.545+0000] {logging_mixin.py:188} INFO - [2024-07-12T08:27:24.544+0000] {dag.py:3954} INFO - Setting next_dagrun for example_dag_decorator to None, run_after=None
[2024-07-12T08:27:24.564+0000] {processor.py:183} INFO - Processing /home/airflow/.local/lib/python3.12/site-packages/airflow/example_dags/example_dag_decorator.py took 0.259 seconds
[2024-07-12T08:27:55.218+0000] {processor.py:161} INFO - Started process (PID=110) to work on /home/airflow/.local/lib/python3.12/site-packages/airflow/example_dags/example_dag_decorator.py
[2024-07-12T08:27:55.218+0000] {processor.py:830} INFO - Processing file /home/airflow/.local/lib/python3.12/site-packages/airflow/example_dags/example_dag_decorator.py for tasks to queue
[2024-07-12T08:27:55.220+0000] {logging_mixin.py:188} INFO - [2024-07-12T08:27:55.220+0000] {dagbag.py:545} INFO - Filling up the DagBag from /home/airflow/.local/lib/python3.12/site-packages/airflow/example_dags/example_dag_decorator.py
[2024-07-12T08:27:55.288+0000] {processor.py:840} INFO - DAG(s) 'example_dag_decorator' retrieved from /home/airflow/.local/lib/python3.12/site-packages/airflow/example_dags/example_dag_decorator.py
[2024-07-12T08:27:55.294+0000] {logging_mixin.py:188} INFO - [2024-07-12T08:27:55.293+0000] {dag.py:3096} INFO - Sync 1 DAGs
[2024-07-12T08:27:55.304+0000] {logging_mixin.py:188} INFO - [2024-07-12T08:27:55.304+0000] {dag.py:3954} INFO - Setting next_dagrun for example_dag_decorator to None, run_after=None
[2024-07-12T08:27:55.320+0000] {processor.py:183} INFO - Processing /home/airflow/.local/lib/python3.12/site-packages/airflow/example_dags/example_dag_decorator.py took 0.107 seconds
[2024-07-12T08:29:02.353+0000] {processor.py:161} INFO - Started process (PID=52) to work on /home/airflow/.local/lib/python3.12/site-packages/airflow/example_dags/example_dag_decorator.py
[2024-07-12T08:29:02.354+0000] {processor.py:830} INFO - Processing file /home/airflow/.local/lib/python3.12/site-packages/airflow/example_dags/example_dag_decorator.py for tasks to queue
[2024-07-12T08:29:02.355+0000] {logging_mixin.py:188} INFO - [2024-07-12T08:29:02.355+0000] {dagbag.py:545} INFO - Filling up the DagBag from /home/airflow/.local/lib/python3.12/site-packages/airflow/example_dags/example_dag_decorator.py
[2024-07-12T08:29:02.573+0000] {processor.py:840} INFO - DAG(s) 'example_dag_decorator' retrieved from /home/airflow/.local/lib/python3.12/site-packages/airflow/example_dags/example_dag_decorator.py
[2024-07-12T08:29:02.579+0000] {logging_mixin.py:188} INFO - [2024-07-12T08:29:02.579+0000] {dag.py:3096} INFO - Sync 1 DAGs
[2024-07-12T08:29:02.589+0000] {logging_mixin.py:188} INFO - [2024-07-12T08:29:02.589+0000] {dag.py:3954} INFO - Setting next_dagrun for example_dag_decorator to None, run_after=None
[2024-07-12T08:29:02.607+0000] {processor.py:183} INFO - Processing /home/airflow/.local/lib/python3.12/site-packages/airflow/example_dags/example_dag_decorator.py took 0.259 seconds
[2024-07-12T08:29:32.748+0000] {processor.py:161} INFO - Started process (PID=112) to work on /home/airflow/.local/lib/python3.12/site-packages/airflow/example_dags/example_dag_decorator.py
[2024-07-12T08:29:32.749+0000] {processor.py:830} INFO - Processing file /home/airflow/.local/lib/python3.12/site-packages/airflow/example_dags/example_dag_decorator.py for tasks to queue
[2024-07-12T08:29:32.750+0000] {logging_mixin.py:188} INFO - [2024-07-12T08:29:32.750+0000] {dagbag.py:545} INFO - Filling up the DagBag from /home/airflow/.local/lib/python3.12/site-packages/airflow/example_dags/example_dag_decorator.py
[2024-07-12T08:29:32.817+0000] {processor.py:840} INFO - DAG(s) 'example_dag_decorator' retrieved from /home/airflow/.local/lib/python3.12/site-packages/airflow/example_dags/example_dag_decorator.py
[2024-07-12T08:29:32.878+0000] {logging_mixin.py:188} INFO - [2024-07-12T08:29:32.878+0000] {dag.py:3096} INFO - Sync 1 DAGs
[2024-07-12T08:29:32.884+0000] {logging_mixin.py:188} INFO - [2024-07-12T08:29:32.884+0000] {dag.py:3954} INFO - Setting next_dagrun for example_dag_decorator to None, run_after=None
[2024-07-12T08:29:32.899+0000] {processor.py:183} INFO - Processing /home/airflow/.local/lib/python3.12/site-packages/airflow/example_dags/example_dag_decorator.py took 0.155 seconds
[2024-07-12T08:30:03.854+0000] {processor.py:161} INFO - Started process (PID=170) to work on /home/airflow/.local/lib/python3.12/site-packages/airflow/example_dags/example_dag_decorator.py
[2024-07-12T08:30:03.854+0000] {processor.py:830} INFO - Processing file /home/airflow/.local/lib/python3.12/site-packages/airflow/example_dags/example_dag_decorator.py for tasks to queue
[2024-07-12T08:30:03.856+0000] {logging_mixin.py:188} INFO - [2024-07-12T08:30:03.855+0000] {dagbag.py:545} INFO - Filling up the DagBag from /home/airflow/.local/lib/python3.12/site-packages/airflow/example_dags/example_dag_decorator.py
[2024-07-12T08:30:03.926+0000] {processor.py:840} INFO - DAG(s) 'example_dag_decorator' retrieved from /home/airflow/.local/lib/python3.12/site-packages/airflow/example_dags/example_dag_decorator.py
[2024-07-12T08:30:03.993+0000] {logging_mixin.py:188} INFO - [2024-07-12T08:30:03.992+0000] {dag.py:3096} INFO - Sync 1 DAGs
[2024-07-12T08:30:04.000+0000] {logging_mixin.py:188} INFO - [2024-07-12T08:30:04.000+0000] {dag.py:3954} INFO - Setting next_dagrun for example_dag_decorator to None, run_after=None
[2024-07-12T08:30:04.018+0000] {processor.py:183} INFO - Processing /home/airflow/.local/lib/python3.12/site-packages/airflow/example_dags/example_dag_decorator.py took 0.168 seconds
[2024-07-12T08:30:34.043+0000] {processor.py:161} INFO - Started process (PID=229) to work on /home/airflow/.local/lib/python3.12/site-packages/airflow/example_dags/example_dag_decorator.py
[2024-07-12T08:30:34.044+0000] {processor.py:830} INFO - Processing file /home/airflow/.local/lib/python3.12/site-packages/airflow/example_dags/example_dag_decorator.py for tasks to queue
[2024-07-12T08:30:34.046+0000] {logging_mixin.py:188} INFO - [2024-07-12T08:30:34.045+0000] {dagbag.py:545} INFO - Filling up the DagBag from /home/airflow/.local/lib/python3.12/site-packages/airflow/example_dags/example_dag_decorator.py
[2024-07-12T08:30:34.110+0000] {processor.py:840} INFO - DAG(s) 'example_dag_decorator' retrieved from /home/airflow/.local/lib/python3.12/site-packages/airflow/example_dags/example_dag_decorator.py
[2024-07-12T08:30:34.173+0000] {logging_mixin.py:188} INFO - [2024-07-12T08:30:34.173+0000] {dag.py:3096} INFO - Sync 1 DAGs
[2024-07-12T08:30:34.180+0000] {logging_mixin.py:188} INFO - [2024-07-12T08:30:34.180+0000] {dag.py:3954} INFO - Setting next_dagrun for example_dag_decorator to None, run_after=None
[2024-07-12T08:30:34.195+0000] {processor.py:183} INFO - Processing /home/airflow/.local/lib/python3.12/site-packages/airflow/example_dags/example_dag_decorator.py took 0.155 seconds
[2024-07-12T08:31:04.277+0000] {processor.py:161} INFO - Started process (PID=288) to work on /home/airflow/.local/lib/python3.12/site-packages/airflow/example_dags/example_dag_decorator.py
[2024-07-12T08:31:04.278+0000] {processor.py:830} INFO - Processing file /home/airflow/.local/lib/python3.12/site-packages/airflow/example_dags/example_dag_decorator.py for tasks to queue
[2024-07-12T08:31:04.279+0000] {logging_mixin.py:188} INFO - [2024-07-12T08:31:04.279+0000] {dagbag.py:545} INFO - Filling up the DagBag from /home/airflow/.local/lib/python3.12/site-packages/airflow/example_dags/example_dag_decorator.py
[2024-07-12T08:31:04.346+0000] {processor.py:840} INFO - DAG(s) 'example_dag_decorator' retrieved from /home/airflow/.local/lib/python3.12/site-packages/airflow/example_dags/example_dag_decorator.py
[2024-07-12T08:31:04.409+0000] {logging_mixin.py:188} INFO - [2024-07-12T08:31:04.409+0000] {dag.py:3096} INFO - Sync 1 DAGs
[2024-07-12T08:31:04.415+0000] {logging_mixin.py:188} INFO - [2024-07-12T08:31:04.415+0000] {dag.py:3954} INFO - Setting next_dagrun for example_dag_decorator to None, run_after=None
[2024-07-12T08:31:04.429+0000] {processor.py:183} INFO - Processing /home/airflow/.local/lib/python3.12/site-packages/airflow/example_dags/example_dag_decorator.py took 0.156 seconds
[2024-07-12T08:31:34.541+0000] {processor.py:161} INFO - Started process (PID=344) to work on /home/airflow/.local/lib/python3.12/site-packages/airflow/example_dags/example_dag_decorator.py
[2024-07-12T08:31:34.541+0000] {processor.py:830} INFO - Processing file /home/airflow/.local/lib/python3.12/site-packages/airflow/example_dags/example_dag_decorator.py for tasks to queue
[2024-07-12T08:31:34.543+0000] {logging_mixin.py:188} INFO - [2024-07-12T08:31:34.542+0000] {dagbag.py:545} INFO - Filling up the DagBag from /home/airflow/.local/lib/python3.12/site-packages/airflow/example_dags/example_dag_decorator.py
[2024-07-12T08:31:34.606+0000] {processor.py:840} INFO - DAG(s) 'example_dag_decorator' retrieved from /home/airflow/.local/lib/python3.12/site-packages/airflow/example_dags/example_dag_decorator.py
[2024-07-12T08:31:34.669+0000] {logging_mixin.py:188} INFO - [2024-07-12T08:31:34.668+0000] {dag.py:3096} INFO - Sync 1 DAGs
[2024-07-12T08:31:34.675+0000] {logging_mixin.py:188} INFO - [2024-07-12T08:31:34.675+0000] {dag.py:3954} INFO - Setting next_dagrun for example_dag_decorator to None, run_after=None
[2024-07-12T08:31:34.689+0000] {processor.py:183} INFO - Processing /home/airflow/.local/lib/python3.12/site-packages/airflow/example_dags/example_dag_decorator.py took 0.152 seconds
[2024-07-12T08:32:04.758+0000] {processor.py:161} INFO - Started process (PID=402) to work on /home/airflow/.local/lib/python3.12/site-packages/airflow/example_dags/example_dag_decorator.py
[2024-07-12T08:32:04.759+0000] {processor.py:830} INFO - Processing file /home/airflow/.local/lib/python3.12/site-packages/airflow/example_dags/example_dag_decorator.py for tasks to queue
[2024-07-12T08:32:04.760+0000] {logging_mixin.py:188} INFO - [2024-07-12T08:32:04.760+0000] {dagbag.py:545} INFO - Filling up the DagBag from /home/airflow/.local/lib/python3.12/site-packages/airflow/example_dags/example_dag_decorator.py
[2024-07-12T08:32:04.831+0000] {processor.py:840} INFO - DAG(s) 'example_dag_decorator' retrieved from /home/airflow/.local/lib/python3.12/site-packages/airflow/example_dags/example_dag_decorator.py
[2024-07-12T08:32:04.893+0000] {logging_mixin.py:188} INFO - [2024-07-12T08:32:04.893+0000] {dag.py:3096} INFO - Sync 1 DAGs
[2024-07-12T08:32:04.900+0000] {logging_mixin.py:188} INFO - [2024-07-12T08:32:04.900+0000] {dag.py:3954} INFO - Setting next_dagrun for example_dag_decorator to None, run_after=None
[2024-07-12T08:32:04.916+0000] {processor.py:183} INFO - Processing /home/airflow/.local/lib/python3.12/site-packages/airflow/example_dags/example_dag_decorator.py took 0.162 seconds
[2024-07-12T08:32:34.958+0000] {processor.py:161} INFO - Started process (PID=461) to work on /home/airflow/.local/lib/python3.12/site-packages/airflow/example_dags/example_dag_decorator.py
[2024-07-12T08:32:34.959+0000] {processor.py:830} INFO - Processing file /home/airflow/.local/lib/python3.12/site-packages/airflow/example_dags/example_dag_decorator.py for tasks to queue
[2024-07-12T08:32:34.960+0000] {logging_mixin.py:188} INFO - [2024-07-12T08:32:34.960+0000] {dagbag.py:545} INFO - Filling up the DagBag from /home/airflow/.local/lib/python3.12/site-packages/airflow/example_dags/example_dag_decorator.py
[2024-07-12T08:32:35.025+0000] {processor.py:840} INFO - DAG(s) 'example_dag_decorator' retrieved from /home/airflow/.local/lib/python3.12/site-packages/airflow/example_dags/example_dag_decorator.py
[2024-07-12T08:32:35.085+0000] {logging_mixin.py:188} INFO - [2024-07-12T08:32:35.085+0000] {dag.py:3096} INFO - Sync 1 DAGs
[2024-07-12T08:32:35.091+0000] {logging_mixin.py:188} INFO - [2024-07-12T08:32:35.091+0000] {dag.py:3954} INFO - Setting next_dagrun for example_dag_decorator to None, run_after=None
[2024-07-12T08:32:35.105+0000] {processor.py:183} INFO - Processing /home/airflow/.local/lib/python3.12/site-packages/airflow/example_dags/example_dag_decorator.py took 0.152 seconds
[2024-07-12T08:33:05.191+0000] {processor.py:161} INFO - Started process (PID=518) to work on /home/airflow/.local/lib/python3.12/site-packages/airflow/example_dags/example_dag_decorator.py
[2024-07-12T08:33:05.192+0000] {processor.py:830} INFO - Processing file /home/airflow/.local/lib/python3.12/site-packages/airflow/example_dags/example_dag_decorator.py for tasks to queue
[2024-07-12T08:33:05.193+0000] {logging_mixin.py:188} INFO - [2024-07-12T08:33:05.193+0000] {dagbag.py:545} INFO - Filling up the DagBag from /home/airflow/.local/lib/python3.12/site-packages/airflow/example_dags/example_dag_decorator.py
[2024-07-12T08:33:05.259+0000] {processor.py:840} INFO - DAG(s) 'example_dag_decorator' retrieved from /home/airflow/.local/lib/python3.12/site-packages/airflow/example_dags/example_dag_decorator.py
[2024-07-12T08:33:05.324+0000] {logging_mixin.py:188} INFO - [2024-07-12T08:33:05.324+0000] {dag.py:3096} INFO - Sync 1 DAGs
[2024-07-12T08:33:05.331+0000] {logging_mixin.py:188} INFO - [2024-07-12T08:33:05.331+0000] {dag.py:3954} INFO - Setting next_dagrun for example_dag_decorator to None, run_after=None
[2024-07-12T08:33:05.345+0000] {processor.py:183} INFO - Processing /home/airflow/.local/lib/python3.12/site-packages/airflow/example_dags/example_dag_decorator.py took 0.157 seconds
[2024-07-12T08:33:35.388+0000] {processor.py:161} INFO - Started process (PID=576) to work on /home/airflow/.local/lib/python3.12/site-packages/airflow/example_dags/example_dag_decorator.py
[2024-07-12T08:33:35.390+0000] {processor.py:830} INFO - Processing file /home/airflow/.local/lib/python3.12/site-packages/airflow/example_dags/example_dag_decorator.py for tasks to queue
[2024-07-12T08:33:35.391+0000] {logging_mixin.py:188} INFO - [2024-07-12T08:33:35.391+0000] {dagbag.py:545} INFO - Filling up the DagBag from /home/airflow/.local/lib/python3.12/site-packages/airflow/example_dags/example_dag_decorator.py
[2024-07-12T08:33:35.460+0000] {processor.py:840} INFO - DAG(s) 'example_dag_decorator' retrieved from /home/airflow/.local/lib/python3.12/site-packages/airflow/example_dags/example_dag_decorator.py
[2024-07-12T08:33:35.529+0000] {logging_mixin.py:188} INFO - [2024-07-12T08:33:35.529+0000] {dag.py:3096} INFO - Sync 1 DAGs
[2024-07-12T08:33:35.536+0000] {logging_mixin.py:188} INFO - [2024-07-12T08:33:35.536+0000] {dag.py:3954} INFO - Setting next_dagrun for example_dag_decorator to None, run_after=None
[2024-07-12T08:33:35.553+0000] {processor.py:183} INFO - Processing /home/airflow/.local/lib/python3.12/site-packages/airflow/example_dags/example_dag_decorator.py took 0.169 seconds
[2024-07-12T08:34:05.573+0000] {processor.py:161} INFO - Started process (PID=635) to work on /home/airflow/.local/lib/python3.12/site-packages/airflow/example_dags/example_dag_decorator.py
[2024-07-12T08:34:05.573+0000] {processor.py:830} INFO - Processing file /home/airflow/.local/lib/python3.12/site-packages/airflow/example_dags/example_dag_decorator.py for tasks to queue
[2024-07-12T08:34:05.575+0000] {logging_mixin.py:188} INFO - [2024-07-12T08:34:05.574+0000] {dagbag.py:545} INFO - Filling up the DagBag from /home/airflow/.local/lib/python3.12/site-packages/airflow/example_dags/example_dag_decorator.py
[2024-07-12T08:34:05.642+0000] {processor.py:840} INFO - DAG(s) 'example_dag_decorator' retrieved from /home/airflow/.local/lib/python3.12/site-packages/airflow/example_dags/example_dag_decorator.py
[2024-07-12T08:34:05.709+0000] {logging_mixin.py:188} INFO - [2024-07-12T08:34:05.709+0000] {dag.py:3096} INFO - Sync 1 DAGs
[2024-07-12T08:34:05.716+0000] {logging_mixin.py:188} INFO - [2024-07-12T08:34:05.716+0000] {dag.py:3954} INFO - Setting next_dagrun for example_dag_decorator to None, run_after=None
[2024-07-12T08:34:05.732+0000] {processor.py:183} INFO - Processing /home/airflow/.local/lib/python3.12/site-packages/airflow/example_dags/example_dag_decorator.py took 0.163 seconds
[2024-07-12T08:34:35.757+0000] {processor.py:161} INFO - Started process (PID=692) to work on /home/airflow/.local/lib/python3.12/site-packages/airflow/example_dags/example_dag_decorator.py
[2024-07-12T08:34:35.758+0000] {processor.py:830} INFO - Processing file /home/airflow/.local/lib/python3.12/site-packages/airflow/example_dags/example_dag_decorator.py for tasks to queue
[2024-07-12T08:34:35.759+0000] {logging_mixin.py:188} INFO - [2024-07-12T08:34:35.759+0000] {dagbag.py:545} INFO - Filling up the DagBag from /home/airflow/.local/lib/python3.12/site-packages/airflow/example_dags/example_dag_decorator.py
[2024-07-12T08:34:35.825+0000] {processor.py:840} INFO - DAG(s) 'example_dag_decorator' retrieved from /home/airflow/.local/lib/python3.12/site-packages/airflow/example_dags/example_dag_decorator.py
[2024-07-12T08:34:35.885+0000] {logging_mixin.py:188} INFO - [2024-07-12T08:34:35.885+0000] {dag.py:3096} INFO - Sync 1 DAGs
[2024-07-12T08:34:35.892+0000] {logging_mixin.py:188} INFO - [2024-07-12T08:34:35.892+0000] {dag.py:3954} INFO - Setting next_dagrun for example_dag_decorator to None, run_after=None
[2024-07-12T08:34:35.906+0000] {processor.py:183} INFO - Processing /home/airflow/.local/lib/python3.12/site-packages/airflow/example_dags/example_dag_decorator.py took 0.152 seconds
[2024-07-12T08:35:06.889+0000] {processor.py:161} INFO - Started process (PID=751) to work on /home/airflow/.local/lib/python3.12/site-packages/airflow/example_dags/example_dag_decorator.py
[2024-07-12T08:35:06.890+0000] {processor.py:830} INFO - Processing file /home/airflow/.local/lib/python3.12/site-packages/airflow/example_dags/example_dag_decorator.py for tasks to queue
[2024-07-12T08:35:06.891+0000] {logging_mixin.py:188} INFO - [2024-07-12T08:35:06.891+0000] {dagbag.py:545} INFO - Filling up the DagBag from /home/airflow/.local/lib/python3.12/site-packages/airflow/example_dags/example_dag_decorator.py
[2024-07-12T08:35:06.955+0000] {processor.py:840} INFO - DAG(s) 'example_dag_decorator' retrieved from /home/airflow/.local/lib/python3.12/site-packages/airflow/example_dags/example_dag_decorator.py
[2024-07-12T08:35:07.101+0000] {logging_mixin.py:188} INFO - [2024-07-12T08:35:07.101+0000] {dag.py:3096} INFO - Sync 1 DAGs
[2024-07-12T08:35:07.107+0000] {logging_mixin.py:188} INFO - [2024-07-12T08:35:07.107+0000] {dag.py:3954} INFO - Setting next_dagrun for example_dag_decorator to None, run_after=None
[2024-07-12T08:35:07.121+0000] {processor.py:183} INFO - Processing /home/airflow/.local/lib/python3.12/site-packages/airflow/example_dags/example_dag_decorator.py took 0.235 seconds
[2024-07-12T08:35:37.139+0000] {processor.py:161} INFO - Started process (PID=811) to work on /home/airflow/.local/lib/python3.12/site-packages/airflow/example_dags/example_dag_decorator.py
[2024-07-12T08:35:37.140+0000] {processor.py:830} INFO - Processing file /home/airflow/.local/lib/python3.12/site-packages/airflow/example_dags/example_dag_decorator.py for tasks to queue
[2024-07-12T08:35:37.141+0000] {logging_mixin.py:188} INFO - [2024-07-12T08:35:37.141+0000] {dagbag.py:545} INFO - Filling up the DagBag from /home/airflow/.local/lib/python3.12/site-packages/airflow/example_dags/example_dag_decorator.py
[2024-07-12T08:35:37.207+0000] {processor.py:840} INFO - DAG(s) 'example_dag_decorator' retrieved from /home/airflow/.local/lib/python3.12/site-packages/airflow/example_dags/example_dag_decorator.py
[2024-07-12T08:35:37.369+0000] {logging_mixin.py:188} INFO - [2024-07-12T08:35:37.369+0000] {dag.py:3096} INFO - Sync 1 DAGs
[2024-07-12T08:35:37.377+0000] {logging_mixin.py:188} INFO - [2024-07-12T08:35:37.377+0000] {dag.py:3954} INFO - Setting next_dagrun for example_dag_decorator to None, run_after=None
[2024-07-12T08:35:37.392+0000] {processor.py:183} INFO - Processing /home/airflow/.local/lib/python3.12/site-packages/airflow/example_dags/example_dag_decorator.py took 0.256 seconds
[2024-07-12T08:36:08.573+0000] {processor.py:161} INFO - Started process (PID=872) to work on /home/airflow/.local/lib/python3.12/site-packages/airflow/example_dags/example_dag_decorator.py
[2024-07-12T08:36:08.574+0000] {processor.py:830} INFO - Processing file /home/airflow/.local/lib/python3.12/site-packages/airflow/example_dags/example_dag_decorator.py for tasks to queue
[2024-07-12T08:36:08.575+0000] {logging_mixin.py:188} INFO - [2024-07-12T08:36:08.575+0000] {dagbag.py:545} INFO - Filling up the DagBag from /home/airflow/.local/lib/python3.12/site-packages/airflow/example_dags/example_dag_decorator.py
[2024-07-12T08:36:08.641+0000] {processor.py:840} INFO - DAG(s) 'example_dag_decorator' retrieved from /home/airflow/.local/lib/python3.12/site-packages/airflow/example_dags/example_dag_decorator.py
[2024-07-12T08:36:08.797+0000] {logging_mixin.py:188} INFO - [2024-07-12T08:36:08.797+0000] {dag.py:3096} INFO - Sync 1 DAGs
[2024-07-12T08:36:08.803+0000] {logging_mixin.py:188} INFO - [2024-07-12T08:36:08.802+0000] {dag.py:3954} INFO - Setting next_dagrun for example_dag_decorator to None, run_after=None
[2024-07-12T08:36:08.817+0000] {processor.py:183} INFO - Processing /home/airflow/.local/lib/python3.12/site-packages/airflow/example_dags/example_dag_decorator.py took 0.247 seconds
[2024-07-12T08:36:39.055+0000] {processor.py:161} INFO - Started process (PID=934) to work on /home/airflow/.local/lib/python3.12/site-packages/airflow/example_dags/example_dag_decorator.py
[2024-07-12T08:36:39.056+0000] {processor.py:830} INFO - Processing file /home/airflow/.local/lib/python3.12/site-packages/airflow/example_dags/example_dag_decorator.py for tasks to queue
[2024-07-12T08:36:39.057+0000] {logging_mixin.py:188} INFO - [2024-07-12T08:36:39.057+0000] {dagbag.py:545} INFO - Filling up the DagBag from /home/airflow/.local/lib/python3.12/site-packages/airflow/example_dags/example_dag_decorator.py
[2024-07-12T08:36:39.133+0000] {processor.py:840} INFO - DAG(s) 'example_dag_decorator' retrieved from /home/airflow/.local/lib/python3.12/site-packages/airflow/example_dags/example_dag_decorator.py
[2024-07-12T08:36:39.285+0000] {logging_mixin.py:188} INFO - [2024-07-12T08:36:39.285+0000] {dag.py:3096} INFO - Sync 1 DAGs
[2024-07-12T08:36:39.296+0000] {logging_mixin.py:188} INFO - [2024-07-12T08:36:39.295+0000] {dag.py:3954} INFO - Setting next_dagrun for example_dag_decorator to None, run_after=None
[2024-07-12T08:36:39.313+0000] {processor.py:183} INFO - Processing /home/airflow/.local/lib/python3.12/site-packages/airflow/example_dags/example_dag_decorator.py took 0.262 seconds
[2024-07-12T08:37:09.418+0000] {processor.py:161} INFO - Started process (PID=988) to work on /home/airflow/.local/lib/python3.12/site-packages/airflow/example_dags/example_dag_decorator.py
[2024-07-12T08:37:09.418+0000] {processor.py:830} INFO - Processing file /home/airflow/.local/lib/python3.12/site-packages/airflow/example_dags/example_dag_decorator.py for tasks to queue
[2024-07-12T08:37:09.420+0000] {logging_mixin.py:188} INFO - [2024-07-12T08:37:09.419+0000] {dagbag.py:545} INFO - Filling up the DagBag from /home/airflow/.local/lib/python3.12/site-packages/airflow/example_dags/example_dag_decorator.py
[2024-07-12T08:37:09.485+0000] {processor.py:840} INFO - DAG(s) 'example_dag_decorator' retrieved from /home/airflow/.local/lib/python3.12/site-packages/airflow/example_dags/example_dag_decorator.py
[2024-07-12T08:37:09.545+0000] {logging_mixin.py:188} INFO - [2024-07-12T08:37:09.545+0000] {dag.py:3096} INFO - Sync 1 DAGs
[2024-07-12T08:37:09.641+0000] {logging_mixin.py:188} INFO - [2024-07-12T08:37:09.641+0000] {dag.py:3954} INFO - Setting next_dagrun for example_dag_decorator to None, run_after=None
[2024-07-12T08:37:09.655+0000] {processor.py:183} INFO - Processing /home/airflow/.local/lib/python3.12/site-packages/airflow/example_dags/example_dag_decorator.py took 0.242 seconds
[2024-07-12T08:37:39.677+0000] {processor.py:161} INFO - Started process (PID=1049) to work on /home/airflow/.local/lib/python3.12/site-packages/airflow/example_dags/example_dag_decorator.py
[2024-07-12T08:37:39.678+0000] {processor.py:830} INFO - Processing file /home/airflow/.local/lib/python3.12/site-packages/airflow/example_dags/example_dag_decorator.py for tasks to queue
[2024-07-12T08:37:39.679+0000] {logging_mixin.py:188} INFO - [2024-07-12T08:37:39.678+0000] {dagbag.py:545} INFO - Filling up the DagBag from /home/airflow/.local/lib/python3.12/site-packages/airflow/example_dags/example_dag_decorator.py
[2024-07-12T08:37:39.744+0000] {processor.py:840} INFO - DAG(s) 'example_dag_decorator' retrieved from /home/airflow/.local/lib/python3.12/site-packages/airflow/example_dags/example_dag_decorator.py
[2024-07-12T08:37:39.805+0000] {logging_mixin.py:188} INFO - [2024-07-12T08:37:39.804+0000] {dag.py:3096} INFO - Sync 1 DAGs
[2024-07-12T08:37:39.902+0000] {logging_mixin.py:188} INFO - [2024-07-12T08:37:39.902+0000] {dag.py:3954} INFO - Setting next_dagrun for example_dag_decorator to None, run_after=None
[2024-07-12T08:37:39.915+0000] {processor.py:183} INFO - Processing /home/airflow/.local/lib/python3.12/site-packages/airflow/example_dags/example_dag_decorator.py took 0.242 seconds
[2024-07-12T08:38:10.098+0000] {processor.py:161} INFO - Started process (PID=1109) to work on /home/airflow/.local/lib/python3.12/site-packages/airflow/example_dags/example_dag_decorator.py
[2024-07-12T08:38:10.099+0000] {processor.py:830} INFO - Processing file /home/airflow/.local/lib/python3.12/site-packages/airflow/example_dags/example_dag_decorator.py for tasks to queue
[2024-07-12T08:38:10.100+0000] {logging_mixin.py:188} INFO - [2024-07-12T08:38:10.100+0000] {dagbag.py:545} INFO - Filling up the DagBag from /home/airflow/.local/lib/python3.12/site-packages/airflow/example_dags/example_dag_decorator.py
[2024-07-12T08:38:10.170+0000] {processor.py:840} INFO - DAG(s) 'example_dag_decorator' retrieved from /home/airflow/.local/lib/python3.12/site-packages/airflow/example_dags/example_dag_decorator.py
[2024-07-12T08:38:10.325+0000] {logging_mixin.py:188} INFO - [2024-07-12T08:38:10.325+0000] {dag.py:3096} INFO - Sync 1 DAGs
[2024-07-12T08:38:10.332+0000] {logging_mixin.py:188} INFO - [2024-07-12T08:38:10.332+0000] {dag.py:3954} INFO - Setting next_dagrun for example_dag_decorator to None, run_after=None
[2024-07-12T08:38:10.348+0000] {processor.py:183} INFO - Processing /home/airflow/.local/lib/python3.12/site-packages/airflow/example_dags/example_dag_decorator.py took 0.253 seconds
[2024-07-12T08:38:40.827+0000] {processor.py:161} INFO - Started process (PID=1162) to work on /home/airflow/.local/lib/python3.12/site-packages/airflow/example_dags/example_dag_decorator.py
[2024-07-12T08:38:40.827+0000] {processor.py:830} INFO - Processing file /home/airflow/.local/lib/python3.12/site-packages/airflow/example_dags/example_dag_decorator.py for tasks to queue
[2024-07-12T08:38:40.829+0000] {logging_mixin.py:188} INFO - [2024-07-12T08:38:40.829+0000] {dagbag.py:545} INFO - Filling up the DagBag from /home/airflow/.local/lib/python3.12/site-packages/airflow/example_dags/example_dag_decorator.py
[2024-07-12T08:38:40.910+0000] {processor.py:840} INFO - DAG(s) 'example_dag_decorator' retrieved from /home/airflow/.local/lib/python3.12/site-packages/airflow/example_dags/example_dag_decorator.py
[2024-07-12T08:38:41.064+0000] {logging_mixin.py:188} INFO - [2024-07-12T08:38:41.064+0000] {dag.py:3096} INFO - Sync 1 DAGs
[2024-07-12T08:38:41.071+0000] {logging_mixin.py:188} INFO - [2024-07-12T08:38:41.071+0000] {dag.py:3954} INFO - Setting next_dagrun for example_dag_decorator to None, run_after=None
[2024-07-12T08:38:41.089+0000] {processor.py:183} INFO - Processing /home/airflow/.local/lib/python3.12/site-packages/airflow/example_dags/example_dag_decorator.py took 0.267 seconds
[2024-07-12T08:39:11.831+0000] {processor.py:161} INFO - Started process (PID=1220) to work on /home/airflow/.local/lib/python3.12/site-packages/airflow/example_dags/example_dag_decorator.py
[2024-07-12T08:39:11.832+0000] {processor.py:830} INFO - Processing file /home/airflow/.local/lib/python3.12/site-packages/airflow/example_dags/example_dag_decorator.py for tasks to queue
[2024-07-12T08:39:11.833+0000] {logging_mixin.py:188} INFO - [2024-07-12T08:39:11.833+0000] {dagbag.py:545} INFO - Filling up the DagBag from /home/airflow/.local/lib/python3.12/site-packages/airflow/example_dags/example_dag_decorator.py
[2024-07-12T08:39:11.905+0000] {processor.py:840} INFO - DAG(s) 'example_dag_decorator' retrieved from /home/airflow/.local/lib/python3.12/site-packages/airflow/example_dags/example_dag_decorator.py
[2024-07-12T08:39:12.063+0000] {logging_mixin.py:188} INFO - [2024-07-12T08:39:12.063+0000] {dag.py:3096} INFO - Sync 1 DAGs
[2024-07-12T08:39:12.069+0000] {logging_mixin.py:188} INFO - [2024-07-12T08:39:12.069+0000] {dag.py:3954} INFO - Setting next_dagrun for example_dag_decorator to None, run_after=None
[2024-07-12T08:39:12.085+0000] {processor.py:183} INFO - Processing /home/airflow/.local/lib/python3.12/site-packages/airflow/example_dags/example_dag_decorator.py took 0.258 seconds
