[2024-07-12T07:58:04.404+0000] {processor.py:161} INFO - Started process (PID=45) to work on /home/airflow/.local/lib/python3.12/site-packages/airflow/example_dags/example_short_circuit_operator.py
[2024-07-12T07:58:04.405+0000] {processor.py:830} INFO - Processing file /home/airflow/.local/lib/python3.12/site-packages/airflow/example_dags/example_short_circuit_operator.py for tasks to queue
[2024-07-12T07:58:04.406+0000] {logging_mixin.py:188} INFO - [2024-07-12T07:58:04.406+0000] {dagbag.py:545} INFO - Filling up the DagBag from /home/airflow/.local/lib/python3.12/site-packages/airflow/example_dags/example_short_circuit_operator.py
[2024-07-12T07:58:04.413+0000] {processor.py:840} INFO - DAG(s) 'example_short_circuit_operator' retrieved from /home/airflow/.local/lib/python3.12/site-packages/airflow/example_dags/example_short_circuit_operator.py
[2024-07-12T07:58:04.420+0000] {logging_mixin.py:188} INFO - [2024-07-12T07:58:04.420+0000] {dag.py:3096} INFO - Sync 1 DAGs
[2024-07-12T07:58:04.435+0000] {logging_mixin.py:188} INFO - [2024-07-12T07:58:04.435+0000] {dag.py:3954} INFO - Setting next_dagrun for example_short_circuit_operator to 2024-07-11 00:00:00+00:00, run_after=2024-07-12 00:00:00+00:00
[2024-07-12T07:58:04.455+0000] {processor.py:183} INFO - Processing /home/airflow/.local/lib/python3.12/site-packages/airflow/example_dags/example_short_circuit_operator.py took 0.055 seconds
[2024-07-12T07:58:34.711+0000] {processor.py:161} INFO - Started process (PID=103) to work on /home/airflow/.local/lib/python3.12/site-packages/airflow/example_dags/example_short_circuit_operator.py
[2024-07-12T07:58:34.711+0000] {processor.py:830} INFO - Processing file /home/airflow/.local/lib/python3.12/site-packages/airflow/example_dags/example_short_circuit_operator.py for tasks to queue
[2024-07-12T07:58:34.712+0000] {logging_mixin.py:188} INFO - [2024-07-12T07:58:34.712+0000] {dagbag.py:545} INFO - Filling up the DagBag from /home/airflow/.local/lib/python3.12/site-packages/airflow/example_dags/example_short_circuit_operator.py
[2024-07-12T07:58:34.718+0000] {processor.py:840} INFO - DAG(s) 'example_short_circuit_operator' retrieved from /home/airflow/.local/lib/python3.12/site-packages/airflow/example_dags/example_short_circuit_operator.py
[2024-07-12T07:58:34.785+0000] {logging_mixin.py:188} INFO - [2024-07-12T07:58:34.785+0000] {dag.py:3096} INFO - Sync 1 DAGs
[2024-07-12T07:58:34.799+0000] {logging_mixin.py:188} INFO - [2024-07-12T07:58:34.799+0000] {dag.py:3954} INFO - Setting next_dagrun for example_short_circuit_operator to 2024-07-11 00:00:00+00:00, run_after=2024-07-12 00:00:00+00:00
[2024-07-12T07:58:34.821+0000] {processor.py:183} INFO - Processing /home/airflow/.local/lib/python3.12/site-packages/airflow/example_dags/example_short_circuit_operator.py took 0.114 seconds
[2024-07-12T07:59:05.259+0000] {processor.py:161} INFO - Started process (PID=161) to work on /home/airflow/.local/lib/python3.12/site-packages/airflow/example_dags/example_short_circuit_operator.py
[2024-07-12T07:59:05.260+0000] {processor.py:830} INFO - Processing file /home/airflow/.local/lib/python3.12/site-packages/airflow/example_dags/example_short_circuit_operator.py for tasks to queue
[2024-07-12T07:59:05.261+0000] {logging_mixin.py:188} INFO - [2024-07-12T07:59:05.261+0000] {dagbag.py:545} INFO - Filling up the DagBag from /home/airflow/.local/lib/python3.12/site-packages/airflow/example_dags/example_short_circuit_operator.py
[2024-07-12T07:59:05.265+0000] {processor.py:840} INFO - DAG(s) 'example_short_circuit_operator' retrieved from /home/airflow/.local/lib/python3.12/site-packages/airflow/example_dags/example_short_circuit_operator.py
[2024-07-12T07:59:05.280+0000] {logging_mixin.py:188} INFO - [2024-07-12T07:59:05.280+0000] {dag.py:3096} INFO - Sync 1 DAGs
[2024-07-12T07:59:05.293+0000] {logging_mixin.py:188} INFO - [2024-07-12T07:59:05.293+0000] {dag.py:3954} INFO - Setting next_dagrun for example_short_circuit_operator to 2024-07-11 00:00:00+00:00, run_after=2024-07-12 00:00:00+00:00
[2024-07-12T07:59:05.308+0000] {processor.py:183} INFO - Processing /home/airflow/.local/lib/python3.12/site-packages/airflow/example_dags/example_short_circuit_operator.py took 0.053 seconds
[2024-07-12T07:59:35.399+0000] {processor.py:161} INFO - Started process (PID=219) to work on /home/airflow/.local/lib/python3.12/site-packages/airflow/example_dags/example_short_circuit_operator.py
[2024-07-12T07:59:35.400+0000] {processor.py:830} INFO - Processing file /home/airflow/.local/lib/python3.12/site-packages/airflow/example_dags/example_short_circuit_operator.py for tasks to queue
[2024-07-12T07:59:35.401+0000] {logging_mixin.py:188} INFO - [2024-07-12T07:59:35.401+0000] {dagbag.py:545} INFO - Filling up the DagBag from /home/airflow/.local/lib/python3.12/site-packages/airflow/example_dags/example_short_circuit_operator.py
[2024-07-12T07:59:35.405+0000] {processor.py:840} INFO - DAG(s) 'example_short_circuit_operator' retrieved from /home/airflow/.local/lib/python3.12/site-packages/airflow/example_dags/example_short_circuit_operator.py
[2024-07-12T07:59:35.419+0000] {logging_mixin.py:188} INFO - [2024-07-12T07:59:35.419+0000] {dag.py:3096} INFO - Sync 1 DAGs
[2024-07-12T07:59:35.433+0000] {logging_mixin.py:188} INFO - [2024-07-12T07:59:35.433+0000] {dag.py:3954} INFO - Setting next_dagrun for example_short_circuit_operator to 2024-07-11 00:00:00+00:00, run_after=2024-07-12 00:00:00+00:00
[2024-07-12T07:59:35.450+0000] {processor.py:183} INFO - Processing /home/airflow/.local/lib/python3.12/site-packages/airflow/example_dags/example_short_circuit_operator.py took 0.054 seconds
[2024-07-12T08:01:08.404+0000] {processor.py:161} INFO - Started process (PID=44) to work on /home/airflow/.local/lib/python3.12/site-packages/airflow/example_dags/example_short_circuit_operator.py
[2024-07-12T08:01:08.405+0000] {processor.py:830} INFO - Processing file /home/airflow/.local/lib/python3.12/site-packages/airflow/example_dags/example_short_circuit_operator.py for tasks to queue
[2024-07-12T08:01:08.407+0000] {logging_mixin.py:188} INFO - [2024-07-12T08:01:08.406+0000] {dagbag.py:545} INFO - Filling up the DagBag from /home/airflow/.local/lib/python3.12/site-packages/airflow/example_dags/example_short_circuit_operator.py
[2024-07-12T08:01:08.414+0000] {processor.py:840} INFO - DAG(s) 'example_short_circuit_operator' retrieved from /home/airflow/.local/lib/python3.12/site-packages/airflow/example_dags/example_short_circuit_operator.py
[2024-07-12T08:01:08.421+0000] {logging_mixin.py:188} INFO - [2024-07-12T08:01:08.420+0000] {dag.py:3096} INFO - Sync 1 DAGs
[2024-07-12T08:01:08.436+0000] {logging_mixin.py:188} INFO - [2024-07-12T08:01:08.436+0000] {dag.py:3954} INFO - Setting next_dagrun for example_short_circuit_operator to 2024-07-11 00:00:00+00:00, run_after=2024-07-12 00:00:00+00:00
[2024-07-12T08:01:08.454+0000] {processor.py:183} INFO - Processing /home/airflow/.local/lib/python3.12/site-packages/airflow/example_dags/example_short_circuit_operator.py took 0.054 seconds
[2024-07-12T08:01:38.599+0000] {processor.py:161} INFO - Started process (PID=102) to work on /home/airflow/.local/lib/python3.12/site-packages/airflow/example_dags/example_short_circuit_operator.py
[2024-07-12T08:01:38.600+0000] {processor.py:830} INFO - Processing file /home/airflow/.local/lib/python3.12/site-packages/airflow/example_dags/example_short_circuit_operator.py for tasks to queue
[2024-07-12T08:01:38.601+0000] {logging_mixin.py:188} INFO - [2024-07-12T08:01:38.601+0000] {dagbag.py:545} INFO - Filling up the DagBag from /home/airflow/.local/lib/python3.12/site-packages/airflow/example_dags/example_short_circuit_operator.py
[2024-07-12T08:01:38.606+0000] {processor.py:840} INFO - DAG(s) 'example_short_circuit_operator' retrieved from /home/airflow/.local/lib/python3.12/site-packages/airflow/example_dags/example_short_circuit_operator.py
[2024-07-12T08:01:38.669+0000] {logging_mixin.py:188} INFO - [2024-07-12T08:01:38.668+0000] {dag.py:3096} INFO - Sync 1 DAGs
[2024-07-12T08:01:38.680+0000] {logging_mixin.py:188} INFO - [2024-07-12T08:01:38.680+0000] {dag.py:3954} INFO - Setting next_dagrun for example_short_circuit_operator to 2024-07-11 00:00:00+00:00, run_after=2024-07-12 00:00:00+00:00
[2024-07-12T08:01:38.694+0000] {processor.py:183} INFO - Processing /home/airflow/.local/lib/python3.12/site-packages/airflow/example_dags/example_short_circuit_operator.py took 0.098 seconds
[2024-07-12T08:02:09.189+0000] {processor.py:161} INFO - Started process (PID=160) to work on /home/airflow/.local/lib/python3.12/site-packages/airflow/example_dags/example_short_circuit_operator.py
[2024-07-12T08:02:09.190+0000] {processor.py:830} INFO - Processing file /home/airflow/.local/lib/python3.12/site-packages/airflow/example_dags/example_short_circuit_operator.py for tasks to queue
[2024-07-12T08:02:09.191+0000] {logging_mixin.py:188} INFO - [2024-07-12T08:02:09.191+0000] {dagbag.py:545} INFO - Filling up the DagBag from /home/airflow/.local/lib/python3.12/site-packages/airflow/example_dags/example_short_circuit_operator.py
[2024-07-12T08:02:09.196+0000] {processor.py:840} INFO - DAG(s) 'example_short_circuit_operator' retrieved from /home/airflow/.local/lib/python3.12/site-packages/airflow/example_dags/example_short_circuit_operator.py
[2024-07-12T08:02:09.210+0000] {logging_mixin.py:188} INFO - [2024-07-12T08:02:09.210+0000] {dag.py:3096} INFO - Sync 1 DAGs
[2024-07-12T08:02:09.227+0000] {logging_mixin.py:188} INFO - [2024-07-12T08:02:09.227+0000] {dag.py:3954} INFO - Setting next_dagrun for example_short_circuit_operator to 2024-07-11 00:00:00+00:00, run_after=2024-07-12 00:00:00+00:00
[2024-07-12T08:02:09.243+0000] {processor.py:183} INFO - Processing /home/airflow/.local/lib/python3.12/site-packages/airflow/example_dags/example_short_circuit_operator.py took 0.058 seconds
[2024-07-12T08:02:39.338+0000] {processor.py:161} INFO - Started process (PID=218) to work on /home/airflow/.local/lib/python3.12/site-packages/airflow/example_dags/example_short_circuit_operator.py
[2024-07-12T08:02:39.339+0000] {processor.py:830} INFO - Processing file /home/airflow/.local/lib/python3.12/site-packages/airflow/example_dags/example_short_circuit_operator.py for tasks to queue
[2024-07-12T08:02:39.340+0000] {logging_mixin.py:188} INFO - [2024-07-12T08:02:39.340+0000] {dagbag.py:545} INFO - Filling up the DagBag from /home/airflow/.local/lib/python3.12/site-packages/airflow/example_dags/example_short_circuit_operator.py
[2024-07-12T08:02:39.345+0000] {processor.py:840} INFO - DAG(s) 'example_short_circuit_operator' retrieved from /home/airflow/.local/lib/python3.12/site-packages/airflow/example_dags/example_short_circuit_operator.py
[2024-07-12T08:02:39.359+0000] {logging_mixin.py:188} INFO - [2024-07-12T08:02:39.359+0000] {dag.py:3096} INFO - Sync 1 DAGs
[2024-07-12T08:02:39.372+0000] {logging_mixin.py:188} INFO - [2024-07-12T08:02:39.372+0000] {dag.py:3954} INFO - Setting next_dagrun for example_short_circuit_operator to 2024-07-11 00:00:00+00:00, run_after=2024-07-12 00:00:00+00:00
[2024-07-12T08:02:39.387+0000] {processor.py:183} INFO - Processing /home/airflow/.local/lib/python3.12/site-packages/airflow/example_dags/example_short_circuit_operator.py took 0.053 seconds
[2024-07-12T08:04:16.066+0000] {processor.py:161} INFO - Started process (PID=45) to work on /home/airflow/.local/lib/python3.12/site-packages/airflow/example_dags/example_short_circuit_operator.py
[2024-07-12T08:04:16.067+0000] {processor.py:830} INFO - Processing file /home/airflow/.local/lib/python3.12/site-packages/airflow/example_dags/example_short_circuit_operator.py for tasks to queue
[2024-07-12T08:04:16.069+0000] {logging_mixin.py:188} INFO - [2024-07-12T08:04:16.068+0000] {dagbag.py:545} INFO - Filling up the DagBag from /home/airflow/.local/lib/python3.12/site-packages/airflow/example_dags/example_short_circuit_operator.py
[2024-07-12T08:04:16.075+0000] {processor.py:840} INFO - DAG(s) 'example_short_circuit_operator' retrieved from /home/airflow/.local/lib/python3.12/site-packages/airflow/example_dags/example_short_circuit_operator.py
[2024-07-12T08:04:16.081+0000] {logging_mixin.py:188} INFO - [2024-07-12T08:04:16.081+0000] {dag.py:3096} INFO - Sync 1 DAGs
[2024-07-12T08:04:16.096+0000] {logging_mixin.py:188} INFO - [2024-07-12T08:04:16.096+0000] {dag.py:3954} INFO - Setting next_dagrun for example_short_circuit_operator to 2024-07-11 00:00:00+00:00, run_after=2024-07-12 00:00:00+00:00
[2024-07-12T08:04:16.114+0000] {processor.py:183} INFO - Processing /home/airflow/.local/lib/python3.12/site-packages/airflow/example_dags/example_short_circuit_operator.py took 0.051 seconds
[2024-07-12T08:04:46.364+0000] {processor.py:161} INFO - Started process (PID=103) to work on /home/airflow/.local/lib/python3.12/site-packages/airflow/example_dags/example_short_circuit_operator.py
[2024-07-12T08:04:46.364+0000] {processor.py:830} INFO - Processing file /home/airflow/.local/lib/python3.12/site-packages/airflow/example_dags/example_short_circuit_operator.py for tasks to queue
[2024-07-12T08:04:46.366+0000] {logging_mixin.py:188} INFO - [2024-07-12T08:04:46.365+0000] {dagbag.py:545} INFO - Filling up the DagBag from /home/airflow/.local/lib/python3.12/site-packages/airflow/example_dags/example_short_circuit_operator.py
[2024-07-12T08:04:46.371+0000] {processor.py:840} INFO - DAG(s) 'example_short_circuit_operator' retrieved from /home/airflow/.local/lib/python3.12/site-packages/airflow/example_dags/example_short_circuit_operator.py
[2024-07-12T08:04:46.436+0000] {logging_mixin.py:188} INFO - [2024-07-12T08:04:46.436+0000] {dag.py:3096} INFO - Sync 1 DAGs
[2024-07-12T08:04:46.447+0000] {logging_mixin.py:188} INFO - [2024-07-12T08:04:46.447+0000] {dag.py:3954} INFO - Setting next_dagrun for example_short_circuit_operator to 2024-07-11 00:00:00+00:00, run_after=2024-07-12 00:00:00+00:00
[2024-07-12T08:04:46.461+0000] {processor.py:183} INFO - Processing /home/airflow/.local/lib/python3.12/site-packages/airflow/example_dags/example_short_circuit_operator.py took 0.101 seconds
[2024-07-12T08:05:16.503+0000] {processor.py:161} INFO - Started process (PID=161) to work on /home/airflow/.local/lib/python3.12/site-packages/airflow/example_dags/example_short_circuit_operator.py
[2024-07-12T08:05:16.504+0000] {processor.py:830} INFO - Processing file /home/airflow/.local/lib/python3.12/site-packages/airflow/example_dags/example_short_circuit_operator.py for tasks to queue
[2024-07-12T08:05:16.505+0000] {logging_mixin.py:188} INFO - [2024-07-12T08:05:16.505+0000] {dagbag.py:545} INFO - Filling up the DagBag from /home/airflow/.local/lib/python3.12/site-packages/airflow/example_dags/example_short_circuit_operator.py
[2024-07-12T08:05:16.509+0000] {processor.py:840} INFO - DAG(s) 'example_short_circuit_operator' retrieved from /home/airflow/.local/lib/python3.12/site-packages/airflow/example_dags/example_short_circuit_operator.py
[2024-07-12T08:05:16.522+0000] {logging_mixin.py:188} INFO - [2024-07-12T08:05:16.521+0000] {dag.py:3096} INFO - Sync 1 DAGs
[2024-07-12T08:05:16.535+0000] {logging_mixin.py:188} INFO - [2024-07-12T08:05:16.535+0000] {dag.py:3954} INFO - Setting next_dagrun for example_short_circuit_operator to 2024-07-11 00:00:00+00:00, run_after=2024-07-12 00:00:00+00:00
[2024-07-12T08:05:16.549+0000] {processor.py:183} INFO - Processing /home/airflow/.local/lib/python3.12/site-packages/airflow/example_dags/example_short_circuit_operator.py took 0.050 seconds
[2024-07-12T08:05:46.573+0000] {processor.py:161} INFO - Started process (PID=219) to work on /home/airflow/.local/lib/python3.12/site-packages/airflow/example_dags/example_short_circuit_operator.py
[2024-07-12T08:05:46.573+0000] {processor.py:830} INFO - Processing file /home/airflow/.local/lib/python3.12/site-packages/airflow/example_dags/example_short_circuit_operator.py for tasks to queue
[2024-07-12T08:05:46.575+0000] {logging_mixin.py:188} INFO - [2024-07-12T08:05:46.574+0000] {dagbag.py:545} INFO - Filling up the DagBag from /home/airflow/.local/lib/python3.12/site-packages/airflow/example_dags/example_short_circuit_operator.py
[2024-07-12T08:05:46.579+0000] {processor.py:840} INFO - DAG(s) 'example_short_circuit_operator' retrieved from /home/airflow/.local/lib/python3.12/site-packages/airflow/example_dags/example_short_circuit_operator.py
[2024-07-12T08:05:46.592+0000] {logging_mixin.py:188} INFO - [2024-07-12T08:05:46.592+0000] {dag.py:3096} INFO - Sync 1 DAGs
[2024-07-12T08:05:46.604+0000] {logging_mixin.py:188} INFO - [2024-07-12T08:05:46.604+0000] {dag.py:3954} INFO - Setting next_dagrun for example_short_circuit_operator to 2024-07-11 00:00:00+00:00, run_after=2024-07-12 00:00:00+00:00
[2024-07-12T08:05:46.618+0000] {processor.py:183} INFO - Processing /home/airflow/.local/lib/python3.12/site-packages/airflow/example_dags/example_short_circuit_operator.py took 0.049 seconds
[2024-07-12T08:06:16.822+0000] {processor.py:161} INFO - Started process (PID=277) to work on /home/airflow/.local/lib/python3.12/site-packages/airflow/example_dags/example_short_circuit_operator.py
[2024-07-12T08:06:16.823+0000] {processor.py:830} INFO - Processing file /home/airflow/.local/lib/python3.12/site-packages/airflow/example_dags/example_short_circuit_operator.py for tasks to queue
[2024-07-12T08:06:16.824+0000] {logging_mixin.py:188} INFO - [2024-07-12T08:06:16.824+0000] {dagbag.py:545} INFO - Filling up the DagBag from /home/airflow/.local/lib/python3.12/site-packages/airflow/example_dags/example_short_circuit_operator.py
[2024-07-12T08:06:16.829+0000] {processor.py:840} INFO - DAG(s) 'example_short_circuit_operator' retrieved from /home/airflow/.local/lib/python3.12/site-packages/airflow/example_dags/example_short_circuit_operator.py
[2024-07-12T08:06:16.834+0000] {logging_mixin.py:188} INFO - [2024-07-12T08:06:16.834+0000] {dag.py:3096} INFO - Sync 1 DAGs
[2024-07-12T08:06:16.848+0000] {logging_mixin.py:188} INFO - [2024-07-12T08:06:16.848+0000] {dag.py:3954} INFO - Setting next_dagrun for example_short_circuit_operator to 2024-07-11 00:00:00+00:00, run_after=2024-07-12 00:00:00+00:00
[2024-07-12T08:06:16.861+0000] {processor.py:183} INFO - Processing /home/airflow/.local/lib/python3.12/site-packages/airflow/example_dags/example_short_circuit_operator.py took 0.044 seconds
[2024-07-12T08:06:47.636+0000] {processor.py:161} INFO - Started process (PID=335) to work on /home/airflow/.local/lib/python3.12/site-packages/airflow/example_dags/example_short_circuit_operator.py
[2024-07-12T08:06:47.637+0000] {processor.py:830} INFO - Processing file /home/airflow/.local/lib/python3.12/site-packages/airflow/example_dags/example_short_circuit_operator.py for tasks to queue
[2024-07-12T08:06:47.638+0000] {logging_mixin.py:188} INFO - [2024-07-12T08:06:47.638+0000] {dagbag.py:545} INFO - Filling up the DagBag from /home/airflow/.local/lib/python3.12/site-packages/airflow/example_dags/example_short_circuit_operator.py
[2024-07-12T08:06:47.643+0000] {processor.py:840} INFO - DAG(s) 'example_short_circuit_operator' retrieved from /home/airflow/.local/lib/python3.12/site-packages/airflow/example_dags/example_short_circuit_operator.py
[2024-07-12T08:06:47.709+0000] {logging_mixin.py:188} INFO - [2024-07-12T08:06:47.709+0000] {dag.py:3096} INFO - Sync 1 DAGs
[2024-07-12T08:06:47.721+0000] {logging_mixin.py:188} INFO - [2024-07-12T08:06:47.720+0000] {dag.py:3954} INFO - Setting next_dagrun for example_short_circuit_operator to 2024-07-11 00:00:00+00:00, run_after=2024-07-12 00:00:00+00:00
[2024-07-12T08:06:47.736+0000] {processor.py:183} INFO - Processing /home/airflow/.local/lib/python3.12/site-packages/airflow/example_dags/example_short_circuit_operator.py took 0.103 seconds
[2024-07-12T08:07:17.850+0000] {processor.py:161} INFO - Started process (PID=393) to work on /home/airflow/.local/lib/python3.12/site-packages/airflow/example_dags/example_short_circuit_operator.py
[2024-07-12T08:07:17.851+0000] {processor.py:830} INFO - Processing file /home/airflow/.local/lib/python3.12/site-packages/airflow/example_dags/example_short_circuit_operator.py for tasks to queue
[2024-07-12T08:07:17.852+0000] {logging_mixin.py:188} INFO - [2024-07-12T08:07:17.852+0000] {dagbag.py:545} INFO - Filling up the DagBag from /home/airflow/.local/lib/python3.12/site-packages/airflow/example_dags/example_short_circuit_operator.py
[2024-07-12T08:07:17.857+0000] {processor.py:840} INFO - DAG(s) 'example_short_circuit_operator' retrieved from /home/airflow/.local/lib/python3.12/site-packages/airflow/example_dags/example_short_circuit_operator.py
[2024-07-12T08:07:17.871+0000] {logging_mixin.py:188} INFO - [2024-07-12T08:07:17.871+0000] {dag.py:3096} INFO - Sync 1 DAGs
[2024-07-12T08:07:17.885+0000] {logging_mixin.py:188} INFO - [2024-07-12T08:07:17.884+0000] {dag.py:3954} INFO - Setting next_dagrun for example_short_circuit_operator to 2024-07-11 00:00:00+00:00, run_after=2024-07-12 00:00:00+00:00
[2024-07-12T08:07:17.899+0000] {processor.py:183} INFO - Processing /home/airflow/.local/lib/python3.12/site-packages/airflow/example_dags/example_short_circuit_operator.py took 0.053 seconds
[2024-07-12T08:08:13.382+0000] {processor.py:161} INFO - Started process (PID=44) to work on /home/airflow/.local/lib/python3.12/site-packages/airflow/example_dags/example_short_circuit_operator.py
[2024-07-12T08:08:13.382+0000] {processor.py:830} INFO - Processing file /home/airflow/.local/lib/python3.12/site-packages/airflow/example_dags/example_short_circuit_operator.py for tasks to queue
[2024-07-12T08:08:13.384+0000] {logging_mixin.py:188} INFO - [2024-07-12T08:08:13.384+0000] {dagbag.py:545} INFO - Filling up the DagBag from /home/airflow/.local/lib/python3.12/site-packages/airflow/example_dags/example_short_circuit_operator.py
[2024-07-12T08:08:13.390+0000] {processor.py:840} INFO - DAG(s) 'example_short_circuit_operator' retrieved from /home/airflow/.local/lib/python3.12/site-packages/airflow/example_dags/example_short_circuit_operator.py
[2024-07-12T08:08:13.397+0000] {logging_mixin.py:188} INFO - [2024-07-12T08:08:13.396+0000] {dag.py:3096} INFO - Sync 1 DAGs
[2024-07-12T08:08:13.412+0000] {logging_mixin.py:188} INFO - [2024-07-12T08:08:13.412+0000] {dag.py:3954} INFO - Setting next_dagrun for example_short_circuit_operator to 2024-07-11 00:00:00+00:00, run_after=2024-07-12 00:00:00+00:00
[2024-07-12T08:08:13.428+0000] {processor.py:183} INFO - Processing /home/airflow/.local/lib/python3.12/site-packages/airflow/example_dags/example_short_circuit_operator.py took 0.051 seconds
[2024-07-12T08:08:43.949+0000] {processor.py:161} INFO - Started process (PID=106) to work on /home/airflow/.local/lib/python3.12/site-packages/airflow/example_dags/example_short_circuit_operator.py
[2024-07-12T08:08:43.949+0000] {processor.py:830} INFO - Processing file /home/airflow/.local/lib/python3.12/site-packages/airflow/example_dags/example_short_circuit_operator.py for tasks to queue
[2024-07-12T08:08:43.950+0000] {logging_mixin.py:188} INFO - [2024-07-12T08:08:43.950+0000] {dagbag.py:545} INFO - Filling up the DagBag from /home/airflow/.local/lib/python3.12/site-packages/airflow/example_dags/example_short_circuit_operator.py
[2024-07-12T08:08:43.955+0000] {processor.py:840} INFO - DAG(s) 'example_short_circuit_operator' retrieved from /home/airflow/.local/lib/python3.12/site-packages/airflow/example_dags/example_short_circuit_operator.py
[2024-07-12T08:08:44.018+0000] {logging_mixin.py:188} INFO - [2024-07-12T08:08:44.018+0000] {dag.py:3096} INFO - Sync 1 DAGs
[2024-07-12T08:08:44.030+0000] {logging_mixin.py:188} INFO - [2024-07-12T08:08:44.030+0000] {dag.py:3954} INFO - Setting next_dagrun for example_short_circuit_operator to 2024-07-11 00:00:00+00:00, run_after=2024-07-12 00:00:00+00:00
[2024-07-12T08:08:44.044+0000] {processor.py:183} INFO - Processing /home/airflow/.local/lib/python3.12/site-packages/airflow/example_dags/example_short_circuit_operator.py took 0.099 seconds
[2024-07-12T08:09:15.060+0000] {processor.py:161} INFO - Started process (PID=164) to work on /home/airflow/.local/lib/python3.12/site-packages/airflow/example_dags/example_short_circuit_operator.py
[2024-07-12T08:09:15.061+0000] {processor.py:830} INFO - Processing file /home/airflow/.local/lib/python3.12/site-packages/airflow/example_dags/example_short_circuit_operator.py for tasks to queue
[2024-07-12T08:09:15.062+0000] {logging_mixin.py:188} INFO - [2024-07-12T08:09:15.062+0000] {dagbag.py:545} INFO - Filling up the DagBag from /home/airflow/.local/lib/python3.12/site-packages/airflow/example_dags/example_short_circuit_operator.py
[2024-07-12T08:09:15.067+0000] {processor.py:840} INFO - DAG(s) 'example_short_circuit_operator' retrieved from /home/airflow/.local/lib/python3.12/site-packages/airflow/example_dags/example_short_circuit_operator.py
[2024-07-12T08:09:15.080+0000] {logging_mixin.py:188} INFO - [2024-07-12T08:09:15.079+0000] {dag.py:3096} INFO - Sync 1 DAGs
[2024-07-12T08:09:15.092+0000] {logging_mixin.py:188} INFO - [2024-07-12T08:09:15.092+0000] {dag.py:3954} INFO - Setting next_dagrun for example_short_circuit_operator to 2024-07-11 00:00:00+00:00, run_after=2024-07-12 00:00:00+00:00
[2024-07-12T08:09:15.105+0000] {processor.py:183} INFO - Processing /home/airflow/.local/lib/python3.12/site-packages/airflow/example_dags/example_short_circuit_operator.py took 0.048 seconds
[2024-07-12T08:09:45.146+0000] {processor.py:161} INFO - Started process (PID=222) to work on /home/airflow/.local/lib/python3.12/site-packages/airflow/example_dags/example_short_circuit_operator.py
[2024-07-12T08:09:45.147+0000] {processor.py:830} INFO - Processing file /home/airflow/.local/lib/python3.12/site-packages/airflow/example_dags/example_short_circuit_operator.py for tasks to queue
[2024-07-12T08:09:45.148+0000] {logging_mixin.py:188} INFO - [2024-07-12T08:09:45.148+0000] {dagbag.py:545} INFO - Filling up the DagBag from /home/airflow/.local/lib/python3.12/site-packages/airflow/example_dags/example_short_circuit_operator.py
[2024-07-12T08:09:45.153+0000] {processor.py:840} INFO - DAG(s) 'example_short_circuit_operator' retrieved from /home/airflow/.local/lib/python3.12/site-packages/airflow/example_dags/example_short_circuit_operator.py
[2024-07-12T08:09:45.167+0000] {logging_mixin.py:188} INFO - [2024-07-12T08:09:45.166+0000] {dag.py:3096} INFO - Sync 1 DAGs
[2024-07-12T08:09:45.179+0000] {logging_mixin.py:188} INFO - [2024-07-12T08:09:45.179+0000] {dag.py:3954} INFO - Setting next_dagrun for example_short_circuit_operator to 2024-07-11 00:00:00+00:00, run_after=2024-07-12 00:00:00+00:00
[2024-07-12T08:09:45.192+0000] {processor.py:183} INFO - Processing /home/airflow/.local/lib/python3.12/site-packages/airflow/example_dags/example_short_circuit_operator.py took 0.050 seconds
[2024-07-12T08:10:15.410+0000] {processor.py:161} INFO - Started process (PID=280) to work on /home/airflow/.local/lib/python3.12/site-packages/airflow/example_dags/example_short_circuit_operator.py
[2024-07-12T08:10:15.411+0000] {processor.py:830} INFO - Processing file /home/airflow/.local/lib/python3.12/site-packages/airflow/example_dags/example_short_circuit_operator.py for tasks to queue
[2024-07-12T08:10:15.412+0000] {logging_mixin.py:188} INFO - [2024-07-12T08:10:15.412+0000] {dagbag.py:545} INFO - Filling up the DagBag from /home/airflow/.local/lib/python3.12/site-packages/airflow/example_dags/example_short_circuit_operator.py
[2024-07-12T08:10:15.417+0000] {processor.py:840} INFO - DAG(s) 'example_short_circuit_operator' retrieved from /home/airflow/.local/lib/python3.12/site-packages/airflow/example_dags/example_short_circuit_operator.py
[2024-07-12T08:10:15.430+0000] {logging_mixin.py:188} INFO - [2024-07-12T08:10:15.430+0000] {dag.py:3096} INFO - Sync 1 DAGs
[2024-07-12T08:10:15.442+0000] {logging_mixin.py:188} INFO - [2024-07-12T08:10:15.442+0000] {dag.py:3954} INFO - Setting next_dagrun for example_short_circuit_operator to 2024-07-11 00:00:00+00:00, run_after=2024-07-12 00:00:00+00:00
[2024-07-12T08:10:15.456+0000] {processor.py:183} INFO - Processing /home/airflow/.local/lib/python3.12/site-packages/airflow/example_dags/example_short_circuit_operator.py took 0.050 seconds
[2024-07-12T08:10:45.652+0000] {processor.py:161} INFO - Started process (PID=338) to work on /home/airflow/.local/lib/python3.12/site-packages/airflow/example_dags/example_short_circuit_operator.py
[2024-07-12T08:10:45.653+0000] {processor.py:830} INFO - Processing file /home/airflow/.local/lib/python3.12/site-packages/airflow/example_dags/example_short_circuit_operator.py for tasks to queue
[2024-07-12T08:10:45.654+0000] {logging_mixin.py:188} INFO - [2024-07-12T08:10:45.654+0000] {dagbag.py:545} INFO - Filling up the DagBag from /home/airflow/.local/lib/python3.12/site-packages/airflow/example_dags/example_short_circuit_operator.py
[2024-07-12T08:10:45.660+0000] {processor.py:840} INFO - DAG(s) 'example_short_circuit_operator' retrieved from /home/airflow/.local/lib/python3.12/site-packages/airflow/example_dags/example_short_circuit_operator.py
[2024-07-12T08:10:45.674+0000] {logging_mixin.py:188} INFO - [2024-07-12T08:10:45.674+0000] {dag.py:3096} INFO - Sync 1 DAGs
[2024-07-12T08:10:45.687+0000] {logging_mixin.py:188} INFO - [2024-07-12T08:10:45.687+0000] {dag.py:3954} INFO - Setting next_dagrun for example_short_circuit_operator to 2024-07-11 00:00:00+00:00, run_after=2024-07-12 00:00:00+00:00
[2024-07-12T08:10:45.701+0000] {processor.py:183} INFO - Processing /home/airflow/.local/lib/python3.12/site-packages/airflow/example_dags/example_short_circuit_operator.py took 0.053 seconds
[2024-07-12T08:11:15.771+0000] {processor.py:161} INFO - Started process (PID=396) to work on /home/airflow/.local/lib/python3.12/site-packages/airflow/example_dags/example_short_circuit_operator.py
[2024-07-12T08:11:15.772+0000] {processor.py:830} INFO - Processing file /home/airflow/.local/lib/python3.12/site-packages/airflow/example_dags/example_short_circuit_operator.py for tasks to queue
[2024-07-12T08:11:15.774+0000] {logging_mixin.py:188} INFO - [2024-07-12T08:11:15.774+0000] {dagbag.py:545} INFO - Filling up the DagBag from /home/airflow/.local/lib/python3.12/site-packages/airflow/example_dags/example_short_circuit_operator.py
[2024-07-12T08:11:15.779+0000] {processor.py:840} INFO - DAG(s) 'example_short_circuit_operator' retrieved from /home/airflow/.local/lib/python3.12/site-packages/airflow/example_dags/example_short_circuit_operator.py
[2024-07-12T08:11:15.793+0000] {logging_mixin.py:188} INFO - [2024-07-12T08:11:15.793+0000] {dag.py:3096} INFO - Sync 1 DAGs
[2024-07-12T08:11:15.807+0000] {logging_mixin.py:188} INFO - [2024-07-12T08:11:15.807+0000] {dag.py:3954} INFO - Setting next_dagrun for example_short_circuit_operator to 2024-07-11 00:00:00+00:00, run_after=2024-07-12 00:00:00+00:00
[2024-07-12T08:11:15.821+0000] {processor.py:183} INFO - Processing /home/airflow/.local/lib/python3.12/site-packages/airflow/example_dags/example_short_circuit_operator.py took 0.054 seconds
[2024-07-12T08:11:45.891+0000] {processor.py:161} INFO - Started process (PID=454) to work on /home/airflow/.local/lib/python3.12/site-packages/airflow/example_dags/example_short_circuit_operator.py
[2024-07-12T08:11:45.891+0000] {processor.py:830} INFO - Processing file /home/airflow/.local/lib/python3.12/site-packages/airflow/example_dags/example_short_circuit_operator.py for tasks to queue
[2024-07-12T08:11:45.893+0000] {logging_mixin.py:188} INFO - [2024-07-12T08:11:45.892+0000] {dagbag.py:545} INFO - Filling up the DagBag from /home/airflow/.local/lib/python3.12/site-packages/airflow/example_dags/example_short_circuit_operator.py
[2024-07-12T08:11:45.897+0000] {processor.py:840} INFO - DAG(s) 'example_short_circuit_operator' retrieved from /home/airflow/.local/lib/python3.12/site-packages/airflow/example_dags/example_short_circuit_operator.py
[2024-07-12T08:11:45.910+0000] {logging_mixin.py:188} INFO - [2024-07-12T08:11:45.910+0000] {dag.py:3096} INFO - Sync 1 DAGs
[2024-07-12T08:11:45.923+0000] {logging_mixin.py:188} INFO - [2024-07-12T08:11:45.923+0000] {dag.py:3954} INFO - Setting next_dagrun for example_short_circuit_operator to 2024-07-11 00:00:00+00:00, run_after=2024-07-12 00:00:00+00:00
[2024-07-12T08:11:45.939+0000] {processor.py:183} INFO - Processing /home/airflow/.local/lib/python3.12/site-packages/airflow/example_dags/example_short_circuit_operator.py took 0.052 seconds
[2024-07-12T08:12:16.047+0000] {processor.py:161} INFO - Started process (PID=512) to work on /home/airflow/.local/lib/python3.12/site-packages/airflow/example_dags/example_short_circuit_operator.py
[2024-07-12T08:12:16.048+0000] {processor.py:830} INFO - Processing file /home/airflow/.local/lib/python3.12/site-packages/airflow/example_dags/example_short_circuit_operator.py for tasks to queue
[2024-07-12T08:12:16.049+0000] {logging_mixin.py:188} INFO - [2024-07-12T08:12:16.049+0000] {dagbag.py:545} INFO - Filling up the DagBag from /home/airflow/.local/lib/python3.12/site-packages/airflow/example_dags/example_short_circuit_operator.py
[2024-07-12T08:12:16.055+0000] {processor.py:840} INFO - DAG(s) 'example_short_circuit_operator' retrieved from /home/airflow/.local/lib/python3.12/site-packages/airflow/example_dags/example_short_circuit_operator.py
[2024-07-12T08:12:16.070+0000] {logging_mixin.py:188} INFO - [2024-07-12T08:12:16.070+0000] {dag.py:3096} INFO - Sync 1 DAGs
[2024-07-12T08:12:16.083+0000] {logging_mixin.py:188} INFO - [2024-07-12T08:12:16.083+0000] {dag.py:3954} INFO - Setting next_dagrun for example_short_circuit_operator to 2024-07-11 00:00:00+00:00, run_after=2024-07-12 00:00:00+00:00
[2024-07-12T08:12:16.097+0000] {processor.py:183} INFO - Processing /home/airflow/.local/lib/python3.12/site-packages/airflow/example_dags/example_short_circuit_operator.py took 0.053 seconds
[2024-07-12T08:12:46.366+0000] {processor.py:161} INFO - Started process (PID=570) to work on /home/airflow/.local/lib/python3.12/site-packages/airflow/example_dags/example_short_circuit_operator.py
[2024-07-12T08:12:46.367+0000] {processor.py:830} INFO - Processing file /home/airflow/.local/lib/python3.12/site-packages/airflow/example_dags/example_short_circuit_operator.py for tasks to queue
[2024-07-12T08:12:46.368+0000] {logging_mixin.py:188} INFO - [2024-07-12T08:12:46.368+0000] {dagbag.py:545} INFO - Filling up the DagBag from /home/airflow/.local/lib/python3.12/site-packages/airflow/example_dags/example_short_circuit_operator.py
[2024-07-12T08:12:46.373+0000] {processor.py:840} INFO - DAG(s) 'example_short_circuit_operator' retrieved from /home/airflow/.local/lib/python3.12/site-packages/airflow/example_dags/example_short_circuit_operator.py
[2024-07-12T08:12:46.385+0000] {logging_mixin.py:188} INFO - [2024-07-12T08:12:46.385+0000] {dag.py:3096} INFO - Sync 1 DAGs
[2024-07-12T08:12:46.399+0000] {logging_mixin.py:188} INFO - [2024-07-12T08:12:46.399+0000] {dag.py:3954} INFO - Setting next_dagrun for example_short_circuit_operator to 2024-07-11 00:00:00+00:00, run_after=2024-07-12 00:00:00+00:00
[2024-07-12T08:12:46.412+0000] {processor.py:183} INFO - Processing /home/airflow/.local/lib/python3.12/site-packages/airflow/example_dags/example_short_circuit_operator.py took 0.050 seconds
[2024-07-12T08:13:16.714+0000] {processor.py:161} INFO - Started process (PID=628) to work on /home/airflow/.local/lib/python3.12/site-packages/airflow/example_dags/example_short_circuit_operator.py
[2024-07-12T08:13:16.715+0000] {processor.py:830} INFO - Processing file /home/airflow/.local/lib/python3.12/site-packages/airflow/example_dags/example_short_circuit_operator.py for tasks to queue
[2024-07-12T08:13:16.717+0000] {logging_mixin.py:188} INFO - [2024-07-12T08:13:16.717+0000] {dagbag.py:545} INFO - Filling up the DagBag from /home/airflow/.local/lib/python3.12/site-packages/airflow/example_dags/example_short_circuit_operator.py
[2024-07-12T08:13:16.724+0000] {processor.py:840} INFO - DAG(s) 'example_short_circuit_operator' retrieved from /home/airflow/.local/lib/python3.12/site-packages/airflow/example_dags/example_short_circuit_operator.py
[2024-07-12T08:13:16.739+0000] {logging_mixin.py:188} INFO - [2024-07-12T08:13:16.739+0000] {dag.py:3096} INFO - Sync 1 DAGs
[2024-07-12T08:13:16.757+0000] {logging_mixin.py:188} INFO - [2024-07-12T08:13:16.757+0000] {dag.py:3954} INFO - Setting next_dagrun for example_short_circuit_operator to 2024-07-11 00:00:00+00:00, run_after=2024-07-12 00:00:00+00:00
[2024-07-12T08:13:16.773+0000] {processor.py:183} INFO - Processing /home/airflow/.local/lib/python3.12/site-packages/airflow/example_dags/example_short_circuit_operator.py took 0.063 seconds
[2024-07-12T08:13:47.107+0000] {processor.py:161} INFO - Started process (PID=686) to work on /home/airflow/.local/lib/python3.12/site-packages/airflow/example_dags/example_short_circuit_operator.py
[2024-07-12T08:13:47.107+0000] {processor.py:830} INFO - Processing file /home/airflow/.local/lib/python3.12/site-packages/airflow/example_dags/example_short_circuit_operator.py for tasks to queue
[2024-07-12T08:13:47.109+0000] {logging_mixin.py:188} INFO - [2024-07-12T08:13:47.108+0000] {dagbag.py:545} INFO - Filling up the DagBag from /home/airflow/.local/lib/python3.12/site-packages/airflow/example_dags/example_short_circuit_operator.py
[2024-07-12T08:13:47.113+0000] {processor.py:840} INFO - DAG(s) 'example_short_circuit_operator' retrieved from /home/airflow/.local/lib/python3.12/site-packages/airflow/example_dags/example_short_circuit_operator.py
[2024-07-12T08:13:47.126+0000] {logging_mixin.py:188} INFO - [2024-07-12T08:13:47.126+0000] {dag.py:3096} INFO - Sync 1 DAGs
[2024-07-12T08:13:47.139+0000] {logging_mixin.py:188} INFO - [2024-07-12T08:13:47.139+0000] {dag.py:3954} INFO - Setting next_dagrun for example_short_circuit_operator to 2024-07-11 00:00:00+00:00, run_after=2024-07-12 00:00:00+00:00
[2024-07-12T08:13:47.153+0000] {processor.py:183} INFO - Processing /home/airflow/.local/lib/python3.12/site-packages/airflow/example_dags/example_short_circuit_operator.py took 0.051 seconds
[2024-07-12T08:14:17.300+0000] {processor.py:161} INFO - Started process (PID=745) to work on /home/airflow/.local/lib/python3.12/site-packages/airflow/example_dags/example_short_circuit_operator.py
[2024-07-12T08:14:17.300+0000] {processor.py:830} INFO - Processing file /home/airflow/.local/lib/python3.12/site-packages/airflow/example_dags/example_short_circuit_operator.py for tasks to queue
[2024-07-12T08:14:17.302+0000] {logging_mixin.py:188} INFO - [2024-07-12T08:14:17.301+0000] {dagbag.py:545} INFO - Filling up the DagBag from /home/airflow/.local/lib/python3.12/site-packages/airflow/example_dags/example_short_circuit_operator.py
[2024-07-12T08:14:17.307+0000] {processor.py:840} INFO - DAG(s) 'example_short_circuit_operator' retrieved from /home/airflow/.local/lib/python3.12/site-packages/airflow/example_dags/example_short_circuit_operator.py
[2024-07-12T08:14:17.320+0000] {logging_mixin.py:188} INFO - [2024-07-12T08:14:17.320+0000] {dag.py:3096} INFO - Sync 1 DAGs
[2024-07-12T08:14:17.333+0000] {logging_mixin.py:188} INFO - [2024-07-12T08:14:17.333+0000] {dag.py:3954} INFO - Setting next_dagrun for example_short_circuit_operator to 2024-07-11 00:00:00+00:00, run_after=2024-07-12 00:00:00+00:00
[2024-07-12T08:14:17.346+0000] {processor.py:183} INFO - Processing /home/airflow/.local/lib/python3.12/site-packages/airflow/example_dags/example_short_circuit_operator.py took 0.050 seconds
[2024-07-12T08:14:47.464+0000] {processor.py:161} INFO - Started process (PID=803) to work on /home/airflow/.local/lib/python3.12/site-packages/airflow/example_dags/example_short_circuit_operator.py
[2024-07-12T08:14:47.465+0000] {processor.py:830} INFO - Processing file /home/airflow/.local/lib/python3.12/site-packages/airflow/example_dags/example_short_circuit_operator.py for tasks to queue
[2024-07-12T08:14:47.466+0000] {logging_mixin.py:188} INFO - [2024-07-12T08:14:47.466+0000] {dagbag.py:545} INFO - Filling up the DagBag from /home/airflow/.local/lib/python3.12/site-packages/airflow/example_dags/example_short_circuit_operator.py
[2024-07-12T08:14:47.471+0000] {processor.py:840} INFO - DAG(s) 'example_short_circuit_operator' retrieved from /home/airflow/.local/lib/python3.12/site-packages/airflow/example_dags/example_short_circuit_operator.py
[2024-07-12T08:14:47.485+0000] {logging_mixin.py:188} INFO - [2024-07-12T08:14:47.484+0000] {dag.py:3096} INFO - Sync 1 DAGs
[2024-07-12T08:14:47.498+0000] {logging_mixin.py:188} INFO - [2024-07-12T08:14:47.497+0000] {dag.py:3954} INFO - Setting next_dagrun for example_short_circuit_operator to 2024-07-11 00:00:00+00:00, run_after=2024-07-12 00:00:00+00:00
[2024-07-12T08:14:47.513+0000] {processor.py:183} INFO - Processing /home/airflow/.local/lib/python3.12/site-packages/airflow/example_dags/example_short_circuit_operator.py took 0.053 seconds
[2024-07-12T08:15:17.638+0000] {processor.py:161} INFO - Started process (PID=861) to work on /home/airflow/.local/lib/python3.12/site-packages/airflow/example_dags/example_short_circuit_operator.py
[2024-07-12T08:15:17.639+0000] {processor.py:830} INFO - Processing file /home/airflow/.local/lib/python3.12/site-packages/airflow/example_dags/example_short_circuit_operator.py for tasks to queue
[2024-07-12T08:15:17.640+0000] {logging_mixin.py:188} INFO - [2024-07-12T08:15:17.640+0000] {dagbag.py:545} INFO - Filling up the DagBag from /home/airflow/.local/lib/python3.12/site-packages/airflow/example_dags/example_short_circuit_operator.py
[2024-07-12T08:15:17.645+0000] {processor.py:840} INFO - DAG(s) 'example_short_circuit_operator' retrieved from /home/airflow/.local/lib/python3.12/site-packages/airflow/example_dags/example_short_circuit_operator.py
[2024-07-12T08:15:17.661+0000] {logging_mixin.py:188} INFO - [2024-07-12T08:15:17.661+0000] {dag.py:3096} INFO - Sync 1 DAGs
[2024-07-12T08:15:17.677+0000] {logging_mixin.py:188} INFO - [2024-07-12T08:15:17.676+0000] {dag.py:3954} INFO - Setting next_dagrun for example_short_circuit_operator to 2024-07-11 00:00:00+00:00, run_after=2024-07-12 00:00:00+00:00
[2024-07-12T08:15:17.695+0000] {processor.py:183} INFO - Processing /home/airflow/.local/lib/python3.12/site-packages/airflow/example_dags/example_short_circuit_operator.py took 0.060 seconds
[2024-07-12T08:15:47.824+0000] {processor.py:161} INFO - Started process (PID=919) to work on /home/airflow/.local/lib/python3.12/site-packages/airflow/example_dags/example_short_circuit_operator.py
[2024-07-12T08:15:47.825+0000] {processor.py:830} INFO - Processing file /home/airflow/.local/lib/python3.12/site-packages/airflow/example_dags/example_short_circuit_operator.py for tasks to queue
[2024-07-12T08:15:47.826+0000] {logging_mixin.py:188} INFO - [2024-07-12T08:15:47.826+0000] {dagbag.py:545} INFO - Filling up the DagBag from /home/airflow/.local/lib/python3.12/site-packages/airflow/example_dags/example_short_circuit_operator.py
[2024-07-12T08:15:47.830+0000] {processor.py:840} INFO - DAG(s) 'example_short_circuit_operator' retrieved from /home/airflow/.local/lib/python3.12/site-packages/airflow/example_dags/example_short_circuit_operator.py
[2024-07-12T08:15:47.843+0000] {logging_mixin.py:188} INFO - [2024-07-12T08:15:47.843+0000] {dag.py:3096} INFO - Sync 1 DAGs
[2024-07-12T08:15:47.857+0000] {logging_mixin.py:188} INFO - [2024-07-12T08:15:47.857+0000] {dag.py:3954} INFO - Setting next_dagrun for example_short_circuit_operator to 2024-07-11 00:00:00+00:00, run_after=2024-07-12 00:00:00+00:00
[2024-07-12T08:15:47.870+0000] {processor.py:183} INFO - Processing /home/airflow/.local/lib/python3.12/site-packages/airflow/example_dags/example_short_circuit_operator.py took 0.050 seconds
[2024-07-12T08:16:18.012+0000] {processor.py:161} INFO - Started process (PID=977) to work on /home/airflow/.local/lib/python3.12/site-packages/airflow/example_dags/example_short_circuit_operator.py
[2024-07-12T08:16:18.013+0000] {processor.py:830} INFO - Processing file /home/airflow/.local/lib/python3.12/site-packages/airflow/example_dags/example_short_circuit_operator.py for tasks to queue
[2024-07-12T08:16:18.014+0000] {logging_mixin.py:188} INFO - [2024-07-12T08:16:18.014+0000] {dagbag.py:545} INFO - Filling up the DagBag from /home/airflow/.local/lib/python3.12/site-packages/airflow/example_dags/example_short_circuit_operator.py
[2024-07-12T08:16:18.019+0000] {processor.py:840} INFO - DAG(s) 'example_short_circuit_operator' retrieved from /home/airflow/.local/lib/python3.12/site-packages/airflow/example_dags/example_short_circuit_operator.py
[2024-07-12T08:16:18.032+0000] {logging_mixin.py:188} INFO - [2024-07-12T08:16:18.032+0000] {dag.py:3096} INFO - Sync 1 DAGs
[2024-07-12T08:16:18.045+0000] {logging_mixin.py:188} INFO - [2024-07-12T08:16:18.045+0000] {dag.py:3954} INFO - Setting next_dagrun for example_short_circuit_operator to 2024-07-11 00:00:00+00:00, run_after=2024-07-12 00:00:00+00:00
[2024-07-12T08:16:18.059+0000] {processor.py:183} INFO - Processing /home/airflow/.local/lib/python3.12/site-packages/airflow/example_dags/example_short_circuit_operator.py took 0.051 seconds
[2024-07-12T08:16:48.353+0000] {processor.py:161} INFO - Started process (PID=1035) to work on /home/airflow/.local/lib/python3.12/site-packages/airflow/example_dags/example_short_circuit_operator.py
[2024-07-12T08:16:48.354+0000] {processor.py:830} INFO - Processing file /home/airflow/.local/lib/python3.12/site-packages/airflow/example_dags/example_short_circuit_operator.py for tasks to queue
[2024-07-12T08:16:48.356+0000] {logging_mixin.py:188} INFO - [2024-07-12T08:16:48.355+0000] {dagbag.py:545} INFO - Filling up the DagBag from /home/airflow/.local/lib/python3.12/site-packages/airflow/example_dags/example_short_circuit_operator.py
[2024-07-12T08:16:48.361+0000] {processor.py:840} INFO - DAG(s) 'example_short_circuit_operator' retrieved from /home/airflow/.local/lib/python3.12/site-packages/airflow/example_dags/example_short_circuit_operator.py
[2024-07-12T08:16:48.379+0000] {logging_mixin.py:188} INFO - [2024-07-12T08:16:48.379+0000] {dag.py:3096} INFO - Sync 1 DAGs
[2024-07-12T08:16:48.391+0000] {logging_mixin.py:188} INFO - [2024-07-12T08:16:48.391+0000] {dag.py:3954} INFO - Setting next_dagrun for example_short_circuit_operator to 2024-07-11 00:00:00+00:00, run_after=2024-07-12 00:00:00+00:00
[2024-07-12T08:16:48.405+0000] {processor.py:183} INFO - Processing /home/airflow/.local/lib/python3.12/site-packages/airflow/example_dags/example_short_circuit_operator.py took 0.056 seconds
[2024-07-12T08:17:18.628+0000] {processor.py:161} INFO - Started process (PID=1093) to work on /home/airflow/.local/lib/python3.12/site-packages/airflow/example_dags/example_short_circuit_operator.py
[2024-07-12T08:17:18.629+0000] {processor.py:830} INFO - Processing file /home/airflow/.local/lib/python3.12/site-packages/airflow/example_dags/example_short_circuit_operator.py for tasks to queue
[2024-07-12T08:17:18.630+0000] {logging_mixin.py:188} INFO - [2024-07-12T08:17:18.630+0000] {dagbag.py:545} INFO - Filling up the DagBag from /home/airflow/.local/lib/python3.12/site-packages/airflow/example_dags/example_short_circuit_operator.py
[2024-07-12T08:17:18.635+0000] {processor.py:840} INFO - DAG(s) 'example_short_circuit_operator' retrieved from /home/airflow/.local/lib/python3.12/site-packages/airflow/example_dags/example_short_circuit_operator.py
[2024-07-12T08:17:18.648+0000] {logging_mixin.py:188} INFO - [2024-07-12T08:17:18.648+0000] {dag.py:3096} INFO - Sync 1 DAGs
[2024-07-12T08:17:18.661+0000] {logging_mixin.py:188} INFO - [2024-07-12T08:17:18.661+0000] {dag.py:3954} INFO - Setting next_dagrun for example_short_circuit_operator to 2024-07-11 00:00:00+00:00, run_after=2024-07-12 00:00:00+00:00
[2024-07-12T08:17:18.673+0000] {processor.py:183} INFO - Processing /home/airflow/.local/lib/python3.12/site-packages/airflow/example_dags/example_short_circuit_operator.py took 0.049 seconds
[2024-07-12T08:17:48.874+0000] {processor.py:161} INFO - Started process (PID=1151) to work on /home/airflow/.local/lib/python3.12/site-packages/airflow/example_dags/example_short_circuit_operator.py
[2024-07-12T08:17:48.875+0000] {processor.py:830} INFO - Processing file /home/airflow/.local/lib/python3.12/site-packages/airflow/example_dags/example_short_circuit_operator.py for tasks to queue
[2024-07-12T08:17:48.877+0000] {logging_mixin.py:188} INFO - [2024-07-12T08:17:48.877+0000] {dagbag.py:545} INFO - Filling up the DagBag from /home/airflow/.local/lib/python3.12/site-packages/airflow/example_dags/example_short_circuit_operator.py
[2024-07-12T08:17:48.882+0000] {processor.py:840} INFO - DAG(s) 'example_short_circuit_operator' retrieved from /home/airflow/.local/lib/python3.12/site-packages/airflow/example_dags/example_short_circuit_operator.py
[2024-07-12T08:17:48.895+0000] {logging_mixin.py:188} INFO - [2024-07-12T08:17:48.895+0000] {dag.py:3096} INFO - Sync 1 DAGs
[2024-07-12T08:17:48.907+0000] {logging_mixin.py:188} INFO - [2024-07-12T08:17:48.907+0000] {dag.py:3954} INFO - Setting next_dagrun for example_short_circuit_operator to 2024-07-11 00:00:00+00:00, run_after=2024-07-12 00:00:00+00:00
[2024-07-12T08:17:48.920+0000] {processor.py:183} INFO - Processing /home/airflow/.local/lib/python3.12/site-packages/airflow/example_dags/example_short_circuit_operator.py took 0.050 seconds
[2024-07-12T08:18:19.147+0000] {processor.py:161} INFO - Started process (PID=1209) to work on /home/airflow/.local/lib/python3.12/site-packages/airflow/example_dags/example_short_circuit_operator.py
[2024-07-12T08:18:19.148+0000] {processor.py:830} INFO - Processing file /home/airflow/.local/lib/python3.12/site-packages/airflow/example_dags/example_short_circuit_operator.py for tasks to queue
[2024-07-12T08:18:19.149+0000] {logging_mixin.py:188} INFO - [2024-07-12T08:18:19.149+0000] {dagbag.py:545} INFO - Filling up the DagBag from /home/airflow/.local/lib/python3.12/site-packages/airflow/example_dags/example_short_circuit_operator.py
[2024-07-12T08:18:19.154+0000] {processor.py:840} INFO - DAG(s) 'example_short_circuit_operator' retrieved from /home/airflow/.local/lib/python3.12/site-packages/airflow/example_dags/example_short_circuit_operator.py
[2024-07-12T08:18:19.170+0000] {logging_mixin.py:188} INFO - [2024-07-12T08:18:19.170+0000] {dag.py:3096} INFO - Sync 1 DAGs
[2024-07-12T08:18:19.184+0000] {logging_mixin.py:188} INFO - [2024-07-12T08:18:19.184+0000] {dag.py:3954} INFO - Setting next_dagrun for example_short_circuit_operator to 2024-07-11 00:00:00+00:00, run_after=2024-07-12 00:00:00+00:00
[2024-07-12T08:18:19.202+0000] {processor.py:183} INFO - Processing /home/airflow/.local/lib/python3.12/site-packages/airflow/example_dags/example_short_circuit_operator.py took 0.059 seconds
[2024-07-12T08:18:49.493+0000] {processor.py:161} INFO - Started process (PID=1267) to work on /home/airflow/.local/lib/python3.12/site-packages/airflow/example_dags/example_short_circuit_operator.py
[2024-07-12T08:18:49.494+0000] {processor.py:830} INFO - Processing file /home/airflow/.local/lib/python3.12/site-packages/airflow/example_dags/example_short_circuit_operator.py for tasks to queue
[2024-07-12T08:18:49.495+0000] {logging_mixin.py:188} INFO - [2024-07-12T08:18:49.495+0000] {dagbag.py:545} INFO - Filling up the DagBag from /home/airflow/.local/lib/python3.12/site-packages/airflow/example_dags/example_short_circuit_operator.py
[2024-07-12T08:18:49.500+0000] {processor.py:840} INFO - DAG(s) 'example_short_circuit_operator' retrieved from /home/airflow/.local/lib/python3.12/site-packages/airflow/example_dags/example_short_circuit_operator.py
[2024-07-12T08:18:49.513+0000] {logging_mixin.py:188} INFO - [2024-07-12T08:18:49.513+0000] {dag.py:3096} INFO - Sync 1 DAGs
[2024-07-12T08:18:49.527+0000] {logging_mixin.py:188} INFO - [2024-07-12T08:18:49.526+0000] {dag.py:3954} INFO - Setting next_dagrun for example_short_circuit_operator to 2024-07-11 00:00:00+00:00, run_after=2024-07-12 00:00:00+00:00
[2024-07-12T08:18:49.540+0000] {processor.py:183} INFO - Processing /home/airflow/.local/lib/python3.12/site-packages/airflow/example_dags/example_short_circuit_operator.py took 0.051 seconds
[2024-07-12T08:19:19.703+0000] {processor.py:161} INFO - Started process (PID=1325) to work on /home/airflow/.local/lib/python3.12/site-packages/airflow/example_dags/example_short_circuit_operator.py
[2024-07-12T08:19:19.704+0000] {processor.py:830} INFO - Processing file /home/airflow/.local/lib/python3.12/site-packages/airflow/example_dags/example_short_circuit_operator.py for tasks to queue
[2024-07-12T08:19:19.705+0000] {logging_mixin.py:188} INFO - [2024-07-12T08:19:19.705+0000] {dagbag.py:545} INFO - Filling up the DagBag from /home/airflow/.local/lib/python3.12/site-packages/airflow/example_dags/example_short_circuit_operator.py
[2024-07-12T08:19:19.710+0000] {processor.py:840} INFO - DAG(s) 'example_short_circuit_operator' retrieved from /home/airflow/.local/lib/python3.12/site-packages/airflow/example_dags/example_short_circuit_operator.py
[2024-07-12T08:19:19.722+0000] {logging_mixin.py:188} INFO - [2024-07-12T08:19:19.722+0000] {dag.py:3096} INFO - Sync 1 DAGs
[2024-07-12T08:19:19.735+0000] {logging_mixin.py:188} INFO - [2024-07-12T08:19:19.735+0000] {dag.py:3954} INFO - Setting next_dagrun for example_short_circuit_operator to 2024-07-11 00:00:00+00:00, run_after=2024-07-12 00:00:00+00:00
[2024-07-12T08:19:19.749+0000] {processor.py:183} INFO - Processing /home/airflow/.local/lib/python3.12/site-packages/airflow/example_dags/example_short_circuit_operator.py took 0.049 seconds
[2024-07-12T08:19:49.837+0000] {processor.py:161} INFO - Started process (PID=1383) to work on /home/airflow/.local/lib/python3.12/site-packages/airflow/example_dags/example_short_circuit_operator.py
[2024-07-12T08:19:49.838+0000] {processor.py:830} INFO - Processing file /home/airflow/.local/lib/python3.12/site-packages/airflow/example_dags/example_short_circuit_operator.py for tasks to queue
[2024-07-12T08:19:49.839+0000] {logging_mixin.py:188} INFO - [2024-07-12T08:19:49.839+0000] {dagbag.py:545} INFO - Filling up the DagBag from /home/airflow/.local/lib/python3.12/site-packages/airflow/example_dags/example_short_circuit_operator.py
[2024-07-12T08:19:49.844+0000] {processor.py:840} INFO - DAG(s) 'example_short_circuit_operator' retrieved from /home/airflow/.local/lib/python3.12/site-packages/airflow/example_dags/example_short_circuit_operator.py
[2024-07-12T08:19:49.857+0000] {logging_mixin.py:188} INFO - [2024-07-12T08:19:49.857+0000] {dag.py:3096} INFO - Sync 1 DAGs
[2024-07-12T08:19:49.871+0000] {logging_mixin.py:188} INFO - [2024-07-12T08:19:49.871+0000] {dag.py:3954} INFO - Setting next_dagrun for example_short_circuit_operator to 2024-07-11 00:00:00+00:00, run_after=2024-07-12 00:00:00+00:00
[2024-07-12T08:19:49.885+0000] {processor.py:183} INFO - Processing /home/airflow/.local/lib/python3.12/site-packages/airflow/example_dags/example_short_circuit_operator.py took 0.052 seconds
[2024-07-12T08:20:20.024+0000] {processor.py:161} INFO - Started process (PID=1441) to work on /home/airflow/.local/lib/python3.12/site-packages/airflow/example_dags/example_short_circuit_operator.py
[2024-07-12T08:20:20.025+0000] {processor.py:830} INFO - Processing file /home/airflow/.local/lib/python3.12/site-packages/airflow/example_dags/example_short_circuit_operator.py for tasks to queue
[2024-07-12T08:20:20.026+0000] {logging_mixin.py:188} INFO - [2024-07-12T08:20:20.026+0000] {dagbag.py:545} INFO - Filling up the DagBag from /home/airflow/.local/lib/python3.12/site-packages/airflow/example_dags/example_short_circuit_operator.py
[2024-07-12T08:20:20.032+0000] {processor.py:840} INFO - DAG(s) 'example_short_circuit_operator' retrieved from /home/airflow/.local/lib/python3.12/site-packages/airflow/example_dags/example_short_circuit_operator.py
[2024-07-12T08:20:20.045+0000] {logging_mixin.py:188} INFO - [2024-07-12T08:20:20.045+0000] {dag.py:3096} INFO - Sync 1 DAGs
[2024-07-12T08:20:20.059+0000] {logging_mixin.py:188} INFO - [2024-07-12T08:20:20.059+0000] {dag.py:3954} INFO - Setting next_dagrun for example_short_circuit_operator to 2024-07-11 00:00:00+00:00, run_after=2024-07-12 00:00:00+00:00
[2024-07-12T08:20:20.074+0000] {processor.py:183} INFO - Processing /home/airflow/.local/lib/python3.12/site-packages/airflow/example_dags/example_short_circuit_operator.py took 0.054 seconds
[2024-07-12T08:22:54.573+0000] {processor.py:161} INFO - Started process (PID=44) to work on /home/airflow/.local/lib/python3.12/site-packages/airflow/example_dags/example_short_circuit_operator.py
[2024-07-12T08:22:54.573+0000] {processor.py:830} INFO - Processing file /home/airflow/.local/lib/python3.12/site-packages/airflow/example_dags/example_short_circuit_operator.py for tasks to queue
[2024-07-12T08:22:54.575+0000] {logging_mixin.py:188} INFO - [2024-07-12T08:22:54.575+0000] {dagbag.py:545} INFO - Filling up the DagBag from /home/airflow/.local/lib/python3.12/site-packages/airflow/example_dags/example_short_circuit_operator.py
[2024-07-12T08:22:54.582+0000] {processor.py:840} INFO - DAG(s) 'example_short_circuit_operator' retrieved from /home/airflow/.local/lib/python3.12/site-packages/airflow/example_dags/example_short_circuit_operator.py
[2024-07-12T08:22:54.589+0000] {logging_mixin.py:188} INFO - [2024-07-12T08:22:54.589+0000] {dag.py:3096} INFO - Sync 1 DAGs
[2024-07-12T08:22:54.605+0000] {logging_mixin.py:188} INFO - [2024-07-12T08:22:54.605+0000] {dag.py:3954} INFO - Setting next_dagrun for example_short_circuit_operator to 2024-07-11 00:00:00+00:00, run_after=2024-07-12 00:00:00+00:00
[2024-07-12T08:22:54.625+0000] {processor.py:183} INFO - Processing /home/airflow/.local/lib/python3.12/site-packages/airflow/example_dags/example_short_circuit_operator.py took 0.056 seconds
[2024-07-12T08:23:24.859+0000] {processor.py:161} INFO - Started process (PID=102) to work on /home/airflow/.local/lib/python3.12/site-packages/airflow/example_dags/example_short_circuit_operator.py
[2024-07-12T08:23:24.859+0000] {processor.py:830} INFO - Processing file /home/airflow/.local/lib/python3.12/site-packages/airflow/example_dags/example_short_circuit_operator.py for tasks to queue
[2024-07-12T08:23:24.861+0000] {logging_mixin.py:188} INFO - [2024-07-12T08:23:24.860+0000] {dagbag.py:545} INFO - Filling up the DagBag from /home/airflow/.local/lib/python3.12/site-packages/airflow/example_dags/example_short_circuit_operator.py
[2024-07-12T08:23:24.865+0000] {processor.py:840} INFO - DAG(s) 'example_short_circuit_operator' retrieved from /home/airflow/.local/lib/python3.12/site-packages/airflow/example_dags/example_short_circuit_operator.py
[2024-07-12T08:23:24.929+0000] {logging_mixin.py:188} INFO - [2024-07-12T08:23:24.929+0000] {dag.py:3096} INFO - Sync 1 DAGs
[2024-07-12T08:23:24.941+0000] {logging_mixin.py:188} INFO - [2024-07-12T08:23:24.941+0000] {dag.py:3954} INFO - Setting next_dagrun for example_short_circuit_operator to 2024-07-11 00:00:00+00:00, run_after=2024-07-12 00:00:00+00:00
[2024-07-12T08:23:24.955+0000] {processor.py:183} INFO - Processing /home/airflow/.local/lib/python3.12/site-packages/airflow/example_dags/example_short_circuit_operator.py took 0.100 seconds
[2024-07-12T08:23:55.522+0000] {processor.py:161} INFO - Started process (PID=160) to work on /home/airflow/.local/lib/python3.12/site-packages/airflow/example_dags/example_short_circuit_operator.py
[2024-07-12T08:23:55.523+0000] {processor.py:830} INFO - Processing file /home/airflow/.local/lib/python3.12/site-packages/airflow/example_dags/example_short_circuit_operator.py for tasks to queue
[2024-07-12T08:23:55.524+0000] {logging_mixin.py:188} INFO - [2024-07-12T08:23:55.524+0000] {dagbag.py:545} INFO - Filling up the DagBag from /home/airflow/.local/lib/python3.12/site-packages/airflow/example_dags/example_short_circuit_operator.py
[2024-07-12T08:23:55.529+0000] {processor.py:840} INFO - DAG(s) 'example_short_circuit_operator' retrieved from /home/airflow/.local/lib/python3.12/site-packages/airflow/example_dags/example_short_circuit_operator.py
[2024-07-12T08:23:55.544+0000] {logging_mixin.py:188} INFO - [2024-07-12T08:23:55.543+0000] {dag.py:3096} INFO - Sync 1 DAGs
[2024-07-12T08:23:55.557+0000] {logging_mixin.py:188} INFO - [2024-07-12T08:23:55.557+0000] {dag.py:3954} INFO - Setting next_dagrun for example_short_circuit_operator to 2024-07-11 00:00:00+00:00, run_after=2024-07-12 00:00:00+00:00
[2024-07-12T08:23:55.571+0000] {processor.py:183} INFO - Processing /home/airflow/.local/lib/python3.12/site-packages/airflow/example_dags/example_short_circuit_operator.py took 0.053 seconds
[2024-07-12T08:24:25.687+0000] {processor.py:161} INFO - Started process (PID=218) to work on /home/airflow/.local/lib/python3.12/site-packages/airflow/example_dags/example_short_circuit_operator.py
[2024-07-12T08:24:25.688+0000] {processor.py:830} INFO - Processing file /home/airflow/.local/lib/python3.12/site-packages/airflow/example_dags/example_short_circuit_operator.py for tasks to queue
[2024-07-12T08:24:25.689+0000] {logging_mixin.py:188} INFO - [2024-07-12T08:24:25.689+0000] {dagbag.py:545} INFO - Filling up the DagBag from /home/airflow/.local/lib/python3.12/site-packages/airflow/example_dags/example_short_circuit_operator.py
[2024-07-12T08:24:25.694+0000] {processor.py:840} INFO - DAG(s) 'example_short_circuit_operator' retrieved from /home/airflow/.local/lib/python3.12/site-packages/airflow/example_dags/example_short_circuit_operator.py
[2024-07-12T08:24:25.707+0000] {logging_mixin.py:188} INFO - [2024-07-12T08:24:25.707+0000] {dag.py:3096} INFO - Sync 1 DAGs
[2024-07-12T08:24:25.720+0000] {logging_mixin.py:188} INFO - [2024-07-12T08:24:25.720+0000] {dag.py:3954} INFO - Setting next_dagrun for example_short_circuit_operator to 2024-07-11 00:00:00+00:00, run_after=2024-07-12 00:00:00+00:00
[2024-07-12T08:24:25.734+0000] {processor.py:183} INFO - Processing /home/airflow/.local/lib/python3.12/site-packages/airflow/example_dags/example_short_circuit_operator.py took 0.051 seconds
[2024-07-12T08:24:55.988+0000] {processor.py:161} INFO - Started process (PID=276) to work on /home/airflow/.local/lib/python3.12/site-packages/airflow/example_dags/example_short_circuit_operator.py
[2024-07-12T08:24:55.988+0000] {processor.py:830} INFO - Processing file /home/airflow/.local/lib/python3.12/site-packages/airflow/example_dags/example_short_circuit_operator.py for tasks to queue
[2024-07-12T08:24:55.990+0000] {logging_mixin.py:188} INFO - [2024-07-12T08:24:55.990+0000] {dagbag.py:545} INFO - Filling up the DagBag from /home/airflow/.local/lib/python3.12/site-packages/airflow/example_dags/example_short_circuit_operator.py
[2024-07-12T08:24:55.994+0000] {processor.py:840} INFO - DAG(s) 'example_short_circuit_operator' retrieved from /home/airflow/.local/lib/python3.12/site-packages/airflow/example_dags/example_short_circuit_operator.py
[2024-07-12T08:24:56.007+0000] {logging_mixin.py:188} INFO - [2024-07-12T08:24:56.007+0000] {dag.py:3096} INFO - Sync 1 DAGs
[2024-07-12T08:24:56.020+0000] {logging_mixin.py:188} INFO - [2024-07-12T08:24:56.020+0000] {dag.py:3954} INFO - Setting next_dagrun for example_short_circuit_operator to 2024-07-11 00:00:00+00:00, run_after=2024-07-12 00:00:00+00:00
[2024-07-12T08:24:56.033+0000] {processor.py:183} INFO - Processing /home/airflow/.local/lib/python3.12/site-packages/airflow/example_dags/example_short_circuit_operator.py took 0.049 seconds
[2024-07-12T08:25:26.133+0000] {processor.py:161} INFO - Started process (PID=334) to work on /home/airflow/.local/lib/python3.12/site-packages/airflow/example_dags/example_short_circuit_operator.py
[2024-07-12T08:25:26.134+0000] {processor.py:830} INFO - Processing file /home/airflow/.local/lib/python3.12/site-packages/airflow/example_dags/example_short_circuit_operator.py for tasks to queue
[2024-07-12T08:25:26.136+0000] {logging_mixin.py:188} INFO - [2024-07-12T08:25:26.135+0000] {dagbag.py:545} INFO - Filling up the DagBag from /home/airflow/.local/lib/python3.12/site-packages/airflow/example_dags/example_short_circuit_operator.py
[2024-07-12T08:25:26.140+0000] {processor.py:840} INFO - DAG(s) 'example_short_circuit_operator' retrieved from /home/airflow/.local/lib/python3.12/site-packages/airflow/example_dags/example_short_circuit_operator.py
[2024-07-12T08:25:26.153+0000] {logging_mixin.py:188} INFO - [2024-07-12T08:25:26.153+0000] {dag.py:3096} INFO - Sync 1 DAGs
[2024-07-12T08:25:26.166+0000] {logging_mixin.py:188} INFO - [2024-07-12T08:25:26.166+0000] {dag.py:3954} INFO - Setting next_dagrun for example_short_circuit_operator to 2024-07-11 00:00:00+00:00, run_after=2024-07-12 00:00:00+00:00
[2024-07-12T08:25:26.180+0000] {processor.py:183} INFO - Processing /home/airflow/.local/lib/python3.12/site-packages/airflow/example_dags/example_short_circuit_operator.py took 0.051 seconds
[2024-07-12T08:25:56.261+0000] {processor.py:161} INFO - Started process (PID=392) to work on /home/airflow/.local/lib/python3.12/site-packages/airflow/example_dags/example_short_circuit_operator.py
[2024-07-12T08:25:56.262+0000] {processor.py:830} INFO - Processing file /home/airflow/.local/lib/python3.12/site-packages/airflow/example_dags/example_short_circuit_operator.py for tasks to queue
[2024-07-12T08:25:56.263+0000] {logging_mixin.py:188} INFO - [2024-07-12T08:25:56.263+0000] {dagbag.py:545} INFO - Filling up the DagBag from /home/airflow/.local/lib/python3.12/site-packages/airflow/example_dags/example_short_circuit_operator.py
[2024-07-12T08:25:56.268+0000] {processor.py:840} INFO - DAG(s) 'example_short_circuit_operator' retrieved from /home/airflow/.local/lib/python3.12/site-packages/airflow/example_dags/example_short_circuit_operator.py
[2024-07-12T08:25:56.282+0000] {logging_mixin.py:188} INFO - [2024-07-12T08:25:56.282+0000] {dag.py:3096} INFO - Sync 1 DAGs
[2024-07-12T08:25:56.295+0000] {logging_mixin.py:188} INFO - [2024-07-12T08:25:56.295+0000] {dag.py:3954} INFO - Setting next_dagrun for example_short_circuit_operator to 2024-07-11 00:00:00+00:00, run_after=2024-07-12 00:00:00+00:00
[2024-07-12T08:25:56.309+0000] {processor.py:183} INFO - Processing /home/airflow/.local/lib/python3.12/site-packages/airflow/example_dags/example_short_circuit_operator.py took 0.051 seconds
[2024-07-12T08:27:23.735+0000] {processor.py:161} INFO - Started process (PID=44) to work on /home/airflow/.local/lib/python3.12/site-packages/airflow/example_dags/example_short_circuit_operator.py
[2024-07-12T08:27:23.736+0000] {processor.py:830} INFO - Processing file /home/airflow/.local/lib/python3.12/site-packages/airflow/example_dags/example_short_circuit_operator.py for tasks to queue
[2024-07-12T08:27:23.738+0000] {logging_mixin.py:188} INFO - [2024-07-12T08:27:23.738+0000] {dagbag.py:545} INFO - Filling up the DagBag from /home/airflow/.local/lib/python3.12/site-packages/airflow/example_dags/example_short_circuit_operator.py
[2024-07-12T08:27:23.747+0000] {processor.py:840} INFO - DAG(s) 'example_short_circuit_operator' retrieved from /home/airflow/.local/lib/python3.12/site-packages/airflow/example_dags/example_short_circuit_operator.py
[2024-07-12T08:27:23.756+0000] {logging_mixin.py:188} INFO - [2024-07-12T08:27:23.756+0000] {dag.py:3096} INFO - Sync 1 DAGs
[2024-07-12T08:27:23.774+0000] {logging_mixin.py:188} INFO - [2024-07-12T08:27:23.774+0000] {dag.py:3954} INFO - Setting next_dagrun for example_short_circuit_operator to 2024-07-11 00:00:00+00:00, run_after=2024-07-12 00:00:00+00:00
[2024-07-12T08:27:23.847+0000] {processor.py:183} INFO - Processing /home/airflow/.local/lib/python3.12/site-packages/airflow/example_dags/example_short_circuit_operator.py took 0.116 seconds
[2024-07-12T08:27:53.961+0000] {processor.py:161} INFO - Started process (PID=102) to work on /home/airflow/.local/lib/python3.12/site-packages/airflow/example_dags/example_short_circuit_operator.py
[2024-07-12T08:27:53.961+0000] {processor.py:830} INFO - Processing file /home/airflow/.local/lib/python3.12/site-packages/airflow/example_dags/example_short_circuit_operator.py for tasks to queue
[2024-07-12T08:27:53.963+0000] {logging_mixin.py:188} INFO - [2024-07-12T08:27:53.962+0000] {dagbag.py:545} INFO - Filling up the DagBag from /home/airflow/.local/lib/python3.12/site-packages/airflow/example_dags/example_short_circuit_operator.py
[2024-07-12T08:27:53.967+0000] {processor.py:840} INFO - DAG(s) 'example_short_circuit_operator' retrieved from /home/airflow/.local/lib/python3.12/site-packages/airflow/example_dags/example_short_circuit_operator.py
[2024-07-12T08:27:53.973+0000] {logging_mixin.py:188} INFO - [2024-07-12T08:27:53.973+0000] {dag.py:3096} INFO - Sync 1 DAGs
[2024-07-12T08:27:53.986+0000] {logging_mixin.py:188} INFO - [2024-07-12T08:27:53.986+0000] {dag.py:3954} INFO - Setting next_dagrun for example_short_circuit_operator to 2024-07-11 00:00:00+00:00, run_after=2024-07-12 00:00:00+00:00
[2024-07-12T08:27:54.000+0000] {processor.py:183} INFO - Processing /home/airflow/.local/lib/python3.12/site-packages/airflow/example_dags/example_short_circuit_operator.py took 0.043 seconds
[2024-07-12T08:29:01.852+0000] {processor.py:161} INFO - Started process (PID=44) to work on /home/airflow/.local/lib/python3.12/site-packages/airflow/example_dags/example_short_circuit_operator.py
[2024-07-12T08:29:01.853+0000] {processor.py:830} INFO - Processing file /home/airflow/.local/lib/python3.12/site-packages/airflow/example_dags/example_short_circuit_operator.py for tasks to queue
[2024-07-12T08:29:01.855+0000] {logging_mixin.py:188} INFO - [2024-07-12T08:29:01.854+0000] {dagbag.py:545} INFO - Filling up the DagBag from /home/airflow/.local/lib/python3.12/site-packages/airflow/example_dags/example_short_circuit_operator.py
[2024-07-12T08:29:01.862+0000] {processor.py:840} INFO - DAG(s) 'example_short_circuit_operator' retrieved from /home/airflow/.local/lib/python3.12/site-packages/airflow/example_dags/example_short_circuit_operator.py
[2024-07-12T08:29:01.868+0000] {logging_mixin.py:188} INFO - [2024-07-12T08:29:01.868+0000] {dag.py:3096} INFO - Sync 1 DAGs
[2024-07-12T08:29:01.884+0000] {logging_mixin.py:188} INFO - [2024-07-12T08:29:01.884+0000] {dag.py:3954} INFO - Setting next_dagrun for example_short_circuit_operator to 2024-07-11 00:00:00+00:00, run_after=2024-07-12 00:00:00+00:00
[2024-07-12T08:29:01.901+0000] {processor.py:183} INFO - Processing /home/airflow/.local/lib/python3.12/site-packages/airflow/example_dags/example_short_circuit_operator.py took 0.053 seconds
[2024-07-12T08:29:32.139+0000] {processor.py:161} INFO - Started process (PID=102) to work on /home/airflow/.local/lib/python3.12/site-packages/airflow/example_dags/example_short_circuit_operator.py
[2024-07-12T08:29:32.140+0000] {processor.py:830} INFO - Processing file /home/airflow/.local/lib/python3.12/site-packages/airflow/example_dags/example_short_circuit_operator.py for tasks to queue
[2024-07-12T08:29:32.141+0000] {logging_mixin.py:188} INFO - [2024-07-12T08:29:32.141+0000] {dagbag.py:545} INFO - Filling up the DagBag from /home/airflow/.local/lib/python3.12/site-packages/airflow/example_dags/example_short_circuit_operator.py
[2024-07-12T08:29:32.147+0000] {processor.py:840} INFO - DAG(s) 'example_short_circuit_operator' retrieved from /home/airflow/.local/lib/python3.12/site-packages/airflow/example_dags/example_short_circuit_operator.py
[2024-07-12T08:29:32.219+0000] {logging_mixin.py:188} INFO - [2024-07-12T08:29:32.219+0000] {dag.py:3096} INFO - Sync 1 DAGs
[2024-07-12T08:29:32.233+0000] {logging_mixin.py:188} INFO - [2024-07-12T08:29:32.232+0000] {dag.py:3954} INFO - Setting next_dagrun for example_short_circuit_operator to 2024-07-11 00:00:00+00:00, run_after=2024-07-12 00:00:00+00:00
[2024-07-12T08:29:32.251+0000] {processor.py:183} INFO - Processing /home/airflow/.local/lib/python3.12/site-packages/airflow/example_dags/example_short_circuit_operator.py took 0.116 seconds
[2024-07-12T08:30:02.421+0000] {processor.py:161} INFO - Started process (PID=160) to work on /home/airflow/.local/lib/python3.12/site-packages/airflow/example_dags/example_short_circuit_operator.py
[2024-07-12T08:30:02.422+0000] {processor.py:830} INFO - Processing file /home/airflow/.local/lib/python3.12/site-packages/airflow/example_dags/example_short_circuit_operator.py for tasks to queue
[2024-07-12T08:30:02.424+0000] {logging_mixin.py:188} INFO - [2024-07-12T08:30:02.424+0000] {dagbag.py:545} INFO - Filling up the DagBag from /home/airflow/.local/lib/python3.12/site-packages/airflow/example_dags/example_short_circuit_operator.py
[2024-07-12T08:30:02.430+0000] {processor.py:840} INFO - DAG(s) 'example_short_circuit_operator' retrieved from /home/airflow/.local/lib/python3.12/site-packages/airflow/example_dags/example_short_circuit_operator.py
[2024-07-12T08:30:02.444+0000] {logging_mixin.py:188} INFO - [2024-07-12T08:30:02.443+0000] {dag.py:3096} INFO - Sync 1 DAGs
[2024-07-12T08:30:02.458+0000] {logging_mixin.py:188} INFO - [2024-07-12T08:30:02.458+0000] {dag.py:3954} INFO - Setting next_dagrun for example_short_circuit_operator to 2024-07-11 00:00:00+00:00, run_after=2024-07-12 00:00:00+00:00
[2024-07-12T08:30:02.473+0000] {processor.py:183} INFO - Processing /home/airflow/.local/lib/python3.12/site-packages/airflow/example_dags/example_short_circuit_operator.py took 0.056 seconds
[2024-07-12T08:30:32.576+0000] {processor.py:161} INFO - Started process (PID=218) to work on /home/airflow/.local/lib/python3.12/site-packages/airflow/example_dags/example_short_circuit_operator.py
[2024-07-12T08:30:32.577+0000] {processor.py:830} INFO - Processing file /home/airflow/.local/lib/python3.12/site-packages/airflow/example_dags/example_short_circuit_operator.py for tasks to queue
[2024-07-12T08:30:32.578+0000] {logging_mixin.py:188} INFO - [2024-07-12T08:30:32.578+0000] {dagbag.py:545} INFO - Filling up the DagBag from /home/airflow/.local/lib/python3.12/site-packages/airflow/example_dags/example_short_circuit_operator.py
[2024-07-12T08:30:32.582+0000] {processor.py:840} INFO - DAG(s) 'example_short_circuit_operator' retrieved from /home/airflow/.local/lib/python3.12/site-packages/airflow/example_dags/example_short_circuit_operator.py
[2024-07-12T08:30:32.595+0000] {logging_mixin.py:188} INFO - [2024-07-12T08:30:32.595+0000] {dag.py:3096} INFO - Sync 1 DAGs
[2024-07-12T08:30:32.608+0000] {logging_mixin.py:188} INFO - [2024-07-12T08:30:32.607+0000] {dag.py:3954} INFO - Setting next_dagrun for example_short_circuit_operator to 2024-07-11 00:00:00+00:00, run_after=2024-07-12 00:00:00+00:00
[2024-07-12T08:30:32.620+0000] {processor.py:183} INFO - Processing /home/airflow/.local/lib/python3.12/site-packages/airflow/example_dags/example_short_circuit_operator.py took 0.048 seconds
[2024-07-12T08:31:02.861+0000] {processor.py:161} INFO - Started process (PID=276) to work on /home/airflow/.local/lib/python3.12/site-packages/airflow/example_dags/example_short_circuit_operator.py
[2024-07-12T08:31:02.862+0000] {processor.py:830} INFO - Processing file /home/airflow/.local/lib/python3.12/site-packages/airflow/example_dags/example_short_circuit_operator.py for tasks to queue
[2024-07-12T08:31:02.863+0000] {logging_mixin.py:188} INFO - [2024-07-12T08:31:02.863+0000] {dagbag.py:545} INFO - Filling up the DagBag from /home/airflow/.local/lib/python3.12/site-packages/airflow/example_dags/example_short_circuit_operator.py
[2024-07-12T08:31:02.867+0000] {processor.py:840} INFO - DAG(s) 'example_short_circuit_operator' retrieved from /home/airflow/.local/lib/python3.12/site-packages/airflow/example_dags/example_short_circuit_operator.py
[2024-07-12T08:31:02.880+0000] {logging_mixin.py:188} INFO - [2024-07-12T08:31:02.880+0000] {dag.py:3096} INFO - Sync 1 DAGs
[2024-07-12T08:31:02.894+0000] {logging_mixin.py:188} INFO - [2024-07-12T08:31:02.894+0000] {dag.py:3954} INFO - Setting next_dagrun for example_short_circuit_operator to 2024-07-11 00:00:00+00:00, run_after=2024-07-12 00:00:00+00:00
[2024-07-12T08:31:02.907+0000] {processor.py:183} INFO - Processing /home/airflow/.local/lib/python3.12/site-packages/airflow/example_dags/example_short_circuit_operator.py took 0.050 seconds
[2024-07-12T08:31:33.173+0000] {processor.py:161} INFO - Started process (PID=334) to work on /home/airflow/.local/lib/python3.12/site-packages/airflow/example_dags/example_short_circuit_operator.py
[2024-07-12T08:31:33.173+0000] {processor.py:830} INFO - Processing file /home/airflow/.local/lib/python3.12/site-packages/airflow/example_dags/example_short_circuit_operator.py for tasks to queue
[2024-07-12T08:31:33.175+0000] {logging_mixin.py:188} INFO - [2024-07-12T08:31:33.175+0000] {dagbag.py:545} INFO - Filling up the DagBag from /home/airflow/.local/lib/python3.12/site-packages/airflow/example_dags/example_short_circuit_operator.py
[2024-07-12T08:31:33.179+0000] {processor.py:840} INFO - DAG(s) 'example_short_circuit_operator' retrieved from /home/airflow/.local/lib/python3.12/site-packages/airflow/example_dags/example_short_circuit_operator.py
[2024-07-12T08:31:33.195+0000] {logging_mixin.py:188} INFO - [2024-07-12T08:31:33.195+0000] {dag.py:3096} INFO - Sync 1 DAGs
[2024-07-12T08:31:33.208+0000] {logging_mixin.py:188} INFO - [2024-07-12T08:31:33.208+0000] {dag.py:3954} INFO - Setting next_dagrun for example_short_circuit_operator to 2024-07-11 00:00:00+00:00, run_after=2024-07-12 00:00:00+00:00
[2024-07-12T08:31:33.223+0000] {processor.py:183} INFO - Processing /home/airflow/.local/lib/python3.12/site-packages/airflow/example_dags/example_short_circuit_operator.py took 0.054 seconds
[2024-07-12T08:32:03.305+0000] {processor.py:161} INFO - Started process (PID=392) to work on /home/airflow/.local/lib/python3.12/site-packages/airflow/example_dags/example_short_circuit_operator.py
[2024-07-12T08:32:03.306+0000] {processor.py:830} INFO - Processing file /home/airflow/.local/lib/python3.12/site-packages/airflow/example_dags/example_short_circuit_operator.py for tasks to queue
[2024-07-12T08:32:03.307+0000] {logging_mixin.py:188} INFO - [2024-07-12T08:32:03.307+0000] {dagbag.py:545} INFO - Filling up the DagBag from /home/airflow/.local/lib/python3.12/site-packages/airflow/example_dags/example_short_circuit_operator.py
[2024-07-12T08:32:03.312+0000] {processor.py:840} INFO - DAG(s) 'example_short_circuit_operator' retrieved from /home/airflow/.local/lib/python3.12/site-packages/airflow/example_dags/example_short_circuit_operator.py
[2024-07-12T08:32:03.325+0000] {logging_mixin.py:188} INFO - [2024-07-12T08:32:03.324+0000] {dag.py:3096} INFO - Sync 1 DAGs
[2024-07-12T08:32:03.338+0000] {logging_mixin.py:188} INFO - [2024-07-12T08:32:03.338+0000] {dag.py:3954} INFO - Setting next_dagrun for example_short_circuit_operator to 2024-07-11 00:00:00+00:00, run_after=2024-07-12 00:00:00+00:00
[2024-07-12T08:32:03.351+0000] {processor.py:183} INFO - Processing /home/airflow/.local/lib/python3.12/site-packages/airflow/example_dags/example_short_circuit_operator.py took 0.050 seconds
[2024-07-12T08:32:33.518+0000] {processor.py:161} INFO - Started process (PID=450) to work on /home/airflow/.local/lib/python3.12/site-packages/airflow/example_dags/example_short_circuit_operator.py
[2024-07-12T08:32:33.519+0000] {processor.py:830} INFO - Processing file /home/airflow/.local/lib/python3.12/site-packages/airflow/example_dags/example_short_circuit_operator.py for tasks to queue
[2024-07-12T08:32:33.520+0000] {logging_mixin.py:188} INFO - [2024-07-12T08:32:33.520+0000] {dagbag.py:545} INFO - Filling up the DagBag from /home/airflow/.local/lib/python3.12/site-packages/airflow/example_dags/example_short_circuit_operator.py
[2024-07-12T08:32:33.525+0000] {processor.py:840} INFO - DAG(s) 'example_short_circuit_operator' retrieved from /home/airflow/.local/lib/python3.12/site-packages/airflow/example_dags/example_short_circuit_operator.py
[2024-07-12T08:32:33.542+0000] {logging_mixin.py:188} INFO - [2024-07-12T08:32:33.542+0000] {dag.py:3096} INFO - Sync 1 DAGs
[2024-07-12T08:32:33.557+0000] {logging_mixin.py:188} INFO - [2024-07-12T08:32:33.557+0000] {dag.py:3954} INFO - Setting next_dagrun for example_short_circuit_operator to 2024-07-11 00:00:00+00:00, run_after=2024-07-12 00:00:00+00:00
[2024-07-12T08:32:33.572+0000] {processor.py:183} INFO - Processing /home/airflow/.local/lib/python3.12/site-packages/airflow/example_dags/example_short_circuit_operator.py took 0.058 seconds
[2024-07-12T08:33:03.844+0000] {processor.py:161} INFO - Started process (PID=508) to work on /home/airflow/.local/lib/python3.12/site-packages/airflow/example_dags/example_short_circuit_operator.py
[2024-07-12T08:33:03.846+0000] {processor.py:830} INFO - Processing file /home/airflow/.local/lib/python3.12/site-packages/airflow/example_dags/example_short_circuit_operator.py for tasks to queue
[2024-07-12T08:33:03.847+0000] {logging_mixin.py:188} INFO - [2024-07-12T08:33:03.847+0000] {dagbag.py:545} INFO - Filling up the DagBag from /home/airflow/.local/lib/python3.12/site-packages/airflow/example_dags/example_short_circuit_operator.py
[2024-07-12T08:33:03.852+0000] {processor.py:840} INFO - DAG(s) 'example_short_circuit_operator' retrieved from /home/airflow/.local/lib/python3.12/site-packages/airflow/example_dags/example_short_circuit_operator.py
[2024-07-12T08:33:03.864+0000] {logging_mixin.py:188} INFO - [2024-07-12T08:33:03.864+0000] {dag.py:3096} INFO - Sync 1 DAGs
[2024-07-12T08:33:03.878+0000] {logging_mixin.py:188} INFO - [2024-07-12T08:33:03.878+0000] {dag.py:3954} INFO - Setting next_dagrun for example_short_circuit_operator to 2024-07-11 00:00:00+00:00, run_after=2024-07-12 00:00:00+00:00
[2024-07-12T08:33:03.891+0000] {processor.py:183} INFO - Processing /home/airflow/.local/lib/python3.12/site-packages/airflow/example_dags/example_short_circuit_operator.py took 0.051 seconds
[2024-07-12T08:33:33.978+0000] {processor.py:161} INFO - Started process (PID=566) to work on /home/airflow/.local/lib/python3.12/site-packages/airflow/example_dags/example_short_circuit_operator.py
[2024-07-12T08:33:33.979+0000] {processor.py:830} INFO - Processing file /home/airflow/.local/lib/python3.12/site-packages/airflow/example_dags/example_short_circuit_operator.py for tasks to queue
[2024-07-12T08:33:33.980+0000] {logging_mixin.py:188} INFO - [2024-07-12T08:33:33.980+0000] {dagbag.py:545} INFO - Filling up the DagBag from /home/airflow/.local/lib/python3.12/site-packages/airflow/example_dags/example_short_circuit_operator.py
[2024-07-12T08:33:33.985+0000] {processor.py:840} INFO - DAG(s) 'example_short_circuit_operator' retrieved from /home/airflow/.local/lib/python3.12/site-packages/airflow/example_dags/example_short_circuit_operator.py
[2024-07-12T08:33:33.998+0000] {logging_mixin.py:188} INFO - [2024-07-12T08:33:33.998+0000] {dag.py:3096} INFO - Sync 1 DAGs
[2024-07-12T08:33:34.011+0000] {logging_mixin.py:188} INFO - [2024-07-12T08:33:34.011+0000] {dag.py:3954} INFO - Setting next_dagrun for example_short_circuit_operator to 2024-07-11 00:00:00+00:00, run_after=2024-07-12 00:00:00+00:00
[2024-07-12T08:33:34.026+0000] {processor.py:183} INFO - Processing /home/airflow/.local/lib/python3.12/site-packages/airflow/example_dags/example_short_circuit_operator.py took 0.051 seconds
[2024-07-12T08:34:04.146+0000] {processor.py:161} INFO - Started process (PID=624) to work on /home/airflow/.local/lib/python3.12/site-packages/airflow/example_dags/example_short_circuit_operator.py
[2024-07-12T08:34:04.146+0000] {processor.py:830} INFO - Processing file /home/airflow/.local/lib/python3.12/site-packages/airflow/example_dags/example_short_circuit_operator.py for tasks to queue
[2024-07-12T08:34:04.148+0000] {logging_mixin.py:188} INFO - [2024-07-12T08:34:04.147+0000] {dagbag.py:545} INFO - Filling up the DagBag from /home/airflow/.local/lib/python3.12/site-packages/airflow/example_dags/example_short_circuit_operator.py
[2024-07-12T08:34:04.152+0000] {processor.py:840} INFO - DAG(s) 'example_short_circuit_operator' retrieved from /home/airflow/.local/lib/python3.12/site-packages/airflow/example_dags/example_short_circuit_operator.py
[2024-07-12T08:34:04.165+0000] {logging_mixin.py:188} INFO - [2024-07-12T08:34:04.165+0000] {dag.py:3096} INFO - Sync 1 DAGs
[2024-07-12T08:34:04.177+0000] {logging_mixin.py:188} INFO - [2024-07-12T08:34:04.177+0000] {dag.py:3954} INFO - Setting next_dagrun for example_short_circuit_operator to 2024-07-11 00:00:00+00:00, run_after=2024-07-12 00:00:00+00:00
[2024-07-12T08:34:04.191+0000] {processor.py:183} INFO - Processing /home/airflow/.local/lib/python3.12/site-packages/airflow/example_dags/example_short_circuit_operator.py took 0.048 seconds
[2024-07-12T08:34:34.341+0000] {processor.py:161} INFO - Started process (PID=682) to work on /home/airflow/.local/lib/python3.12/site-packages/airflow/example_dags/example_short_circuit_operator.py
[2024-07-12T08:34:34.342+0000] {processor.py:830} INFO - Processing file /home/airflow/.local/lib/python3.12/site-packages/airflow/example_dags/example_short_circuit_operator.py for tasks to queue
[2024-07-12T08:34:34.344+0000] {logging_mixin.py:188} INFO - [2024-07-12T08:34:34.343+0000] {dagbag.py:545} INFO - Filling up the DagBag from /home/airflow/.local/lib/python3.12/site-packages/airflow/example_dags/example_short_circuit_operator.py
[2024-07-12T08:34:34.349+0000] {processor.py:840} INFO - DAG(s) 'example_short_circuit_operator' retrieved from /home/airflow/.local/lib/python3.12/site-packages/airflow/example_dags/example_short_circuit_operator.py
[2024-07-12T08:34:34.361+0000] {logging_mixin.py:188} INFO - [2024-07-12T08:34:34.361+0000] {dag.py:3096} INFO - Sync 1 DAGs
[2024-07-12T08:34:34.374+0000] {logging_mixin.py:188} INFO - [2024-07-12T08:34:34.374+0000] {dag.py:3954} INFO - Setting next_dagrun for example_short_circuit_operator to 2024-07-11 00:00:00+00:00, run_after=2024-07-12 00:00:00+00:00
[2024-07-12T08:34:34.388+0000] {processor.py:183} INFO - Processing /home/airflow/.local/lib/python3.12/site-packages/airflow/example_dags/example_short_circuit_operator.py took 0.050 seconds
[2024-07-12T08:35:04.442+0000] {processor.py:161} INFO - Started process (PID=740) to work on /home/airflow/.local/lib/python3.12/site-packages/airflow/example_dags/example_short_circuit_operator.py
[2024-07-12T08:35:04.443+0000] {processor.py:830} INFO - Processing file /home/airflow/.local/lib/python3.12/site-packages/airflow/example_dags/example_short_circuit_operator.py for tasks to queue
[2024-07-12T08:35:04.445+0000] {logging_mixin.py:188} INFO - [2024-07-12T08:35:04.444+0000] {dagbag.py:545} INFO - Filling up the DagBag from /home/airflow/.local/lib/python3.12/site-packages/airflow/example_dags/example_short_circuit_operator.py
[2024-07-12T08:35:04.452+0000] {processor.py:840} INFO - DAG(s) 'example_short_circuit_operator' retrieved from /home/airflow/.local/lib/python3.12/site-packages/airflow/example_dags/example_short_circuit_operator.py
[2024-07-12T08:35:04.465+0000] {logging_mixin.py:188} INFO - [2024-07-12T08:35:04.464+0000] {dag.py:3096} INFO - Sync 1 DAGs
[2024-07-12T08:35:04.478+0000] {logging_mixin.py:188} INFO - [2024-07-12T08:35:04.477+0000] {dag.py:3954} INFO - Setting next_dagrun for example_short_circuit_operator to 2024-07-11 00:00:00+00:00, run_after=2024-07-12 00:00:00+00:00
[2024-07-12T08:35:04.491+0000] {processor.py:183} INFO - Processing /home/airflow/.local/lib/python3.12/site-packages/airflow/example_dags/example_short_circuit_operator.py took 0.053 seconds
[2024-07-12T08:35:34.621+0000] {processor.py:161} INFO - Started process (PID=798) to work on /home/airflow/.local/lib/python3.12/site-packages/airflow/example_dags/example_short_circuit_operator.py
[2024-07-12T08:35:34.622+0000] {processor.py:830} INFO - Processing file /home/airflow/.local/lib/python3.12/site-packages/airflow/example_dags/example_short_circuit_operator.py for tasks to queue
[2024-07-12T08:35:34.623+0000] {logging_mixin.py:188} INFO - [2024-07-12T08:35:34.623+0000] {dagbag.py:545} INFO - Filling up the DagBag from /home/airflow/.local/lib/python3.12/site-packages/airflow/example_dags/example_short_circuit_operator.py
[2024-07-12T08:35:34.628+0000] {processor.py:840} INFO - DAG(s) 'example_short_circuit_operator' retrieved from /home/airflow/.local/lib/python3.12/site-packages/airflow/example_dags/example_short_circuit_operator.py
[2024-07-12T08:35:34.640+0000] {logging_mixin.py:188} INFO - [2024-07-12T08:35:34.640+0000] {dag.py:3096} INFO - Sync 1 DAGs
[2024-07-12T08:35:34.653+0000] {logging_mixin.py:188} INFO - [2024-07-12T08:35:34.653+0000] {dag.py:3954} INFO - Setting next_dagrun for example_short_circuit_operator to 2024-07-11 00:00:00+00:00, run_after=2024-07-12 00:00:00+00:00
[2024-07-12T08:35:34.666+0000] {processor.py:183} INFO - Processing /home/airflow/.local/lib/python3.12/site-packages/airflow/example_dags/example_short_circuit_operator.py took 0.049 seconds
[2024-07-12T08:36:04.980+0000] {processor.py:161} INFO - Started process (PID=856) to work on /home/airflow/.local/lib/python3.12/site-packages/airflow/example_dags/example_short_circuit_operator.py
[2024-07-12T08:36:04.981+0000] {processor.py:830} INFO - Processing file /home/airflow/.local/lib/python3.12/site-packages/airflow/example_dags/example_short_circuit_operator.py for tasks to queue
[2024-07-12T08:36:04.982+0000] {logging_mixin.py:188} INFO - [2024-07-12T08:36:04.982+0000] {dagbag.py:545} INFO - Filling up the DagBag from /home/airflow/.local/lib/python3.12/site-packages/airflow/example_dags/example_short_circuit_operator.py
[2024-07-12T08:36:04.987+0000] {processor.py:840} INFO - DAG(s) 'example_short_circuit_operator' retrieved from /home/airflow/.local/lib/python3.12/site-packages/airflow/example_dags/example_short_circuit_operator.py
[2024-07-12T08:36:04.999+0000] {logging_mixin.py:188} INFO - [2024-07-12T08:36:04.999+0000] {dag.py:3096} INFO - Sync 1 DAGs
[2024-07-12T08:36:05.012+0000] {logging_mixin.py:188} INFO - [2024-07-12T08:36:05.012+0000] {dag.py:3954} INFO - Setting next_dagrun for example_short_circuit_operator to 2024-07-11 00:00:00+00:00, run_after=2024-07-12 00:00:00+00:00
[2024-07-12T08:36:05.026+0000] {processor.py:183} INFO - Processing /home/airflow/.local/lib/python3.12/site-packages/airflow/example_dags/example_short_circuit_operator.py took 0.050 seconds
[2024-07-12T08:36:35.139+0000] {processor.py:161} INFO - Started process (PID=914) to work on /home/airflow/.local/lib/python3.12/site-packages/airflow/example_dags/example_short_circuit_operator.py
[2024-07-12T08:36:35.140+0000] {processor.py:830} INFO - Processing file /home/airflow/.local/lib/python3.12/site-packages/airflow/example_dags/example_short_circuit_operator.py for tasks to queue
[2024-07-12T08:36:35.141+0000] {logging_mixin.py:188} INFO - [2024-07-12T08:36:35.141+0000] {dagbag.py:545} INFO - Filling up the DagBag from /home/airflow/.local/lib/python3.12/site-packages/airflow/example_dags/example_short_circuit_operator.py
[2024-07-12T08:36:35.146+0000] {processor.py:840} INFO - DAG(s) 'example_short_circuit_operator' retrieved from /home/airflow/.local/lib/python3.12/site-packages/airflow/example_dags/example_short_circuit_operator.py
[2024-07-12T08:36:35.160+0000] {logging_mixin.py:188} INFO - [2024-07-12T08:36:35.160+0000] {dag.py:3096} INFO - Sync 1 DAGs
[2024-07-12T08:36:35.173+0000] {logging_mixin.py:188} INFO - [2024-07-12T08:36:35.173+0000] {dag.py:3954} INFO - Setting next_dagrun for example_short_circuit_operator to 2024-07-11 00:00:00+00:00, run_after=2024-07-12 00:00:00+00:00
[2024-07-12T08:36:35.186+0000] {processor.py:183} INFO - Processing /home/airflow/.local/lib/python3.12/site-packages/airflow/example_dags/example_short_circuit_operator.py took 0.051 seconds
[2024-07-12T08:37:05.646+0000] {processor.py:161} INFO - Started process (PID=972) to work on /home/airflow/.local/lib/python3.12/site-packages/airflow/example_dags/example_short_circuit_operator.py
[2024-07-12T08:37:05.646+0000] {processor.py:830} INFO - Processing file /home/airflow/.local/lib/python3.12/site-packages/airflow/example_dags/example_short_circuit_operator.py for tasks to queue
[2024-07-12T08:37:05.648+0000] {logging_mixin.py:188} INFO - [2024-07-12T08:37:05.647+0000] {dagbag.py:545} INFO - Filling up the DagBag from /home/airflow/.local/lib/python3.12/site-packages/airflow/example_dags/example_short_circuit_operator.py
[2024-07-12T08:37:05.652+0000] {processor.py:840} INFO - DAG(s) 'example_short_circuit_operator' retrieved from /home/airflow/.local/lib/python3.12/site-packages/airflow/example_dags/example_short_circuit_operator.py
[2024-07-12T08:37:05.665+0000] {logging_mixin.py:188} INFO - [2024-07-12T08:37:05.665+0000] {dag.py:3096} INFO - Sync 1 DAGs
[2024-07-12T08:37:05.678+0000] {logging_mixin.py:188} INFO - [2024-07-12T08:37:05.677+0000] {dag.py:3954} INFO - Setting next_dagrun for example_short_circuit_operator to 2024-07-11 00:00:00+00:00, run_after=2024-07-12 00:00:00+00:00
[2024-07-12T08:37:05.690+0000] {processor.py:183} INFO - Processing /home/airflow/.local/lib/python3.12/site-packages/airflow/example_dags/example_short_circuit_operator.py took 0.049 seconds
[2024-07-12T08:37:36.039+0000] {processor.py:161} INFO - Started process (PID=1030) to work on /home/airflow/.local/lib/python3.12/site-packages/airflow/example_dags/example_short_circuit_operator.py
[2024-07-12T08:37:36.039+0000] {processor.py:830} INFO - Processing file /home/airflow/.local/lib/python3.12/site-packages/airflow/example_dags/example_short_circuit_operator.py for tasks to queue
[2024-07-12T08:37:36.041+0000] {logging_mixin.py:188} INFO - [2024-07-12T08:37:36.041+0000] {dagbag.py:545} INFO - Filling up the DagBag from /home/airflow/.local/lib/python3.12/site-packages/airflow/example_dags/example_short_circuit_operator.py
[2024-07-12T08:37:36.047+0000] {processor.py:840} INFO - DAG(s) 'example_short_circuit_operator' retrieved from /home/airflow/.local/lib/python3.12/site-packages/airflow/example_dags/example_short_circuit_operator.py
[2024-07-12T08:37:36.060+0000] {logging_mixin.py:188} INFO - [2024-07-12T08:37:36.060+0000] {dag.py:3096} INFO - Sync 1 DAGs
[2024-07-12T08:37:36.073+0000] {logging_mixin.py:188} INFO - [2024-07-12T08:37:36.073+0000] {dag.py:3954} INFO - Setting next_dagrun for example_short_circuit_operator to 2024-07-11 00:00:00+00:00, run_after=2024-07-12 00:00:00+00:00
[2024-07-12T08:37:36.086+0000] {processor.py:183} INFO - Processing /home/airflow/.local/lib/python3.12/site-packages/airflow/example_dags/example_short_circuit_operator.py took 0.051 seconds
[2024-07-12T08:38:06.280+0000] {processor.py:161} INFO - Started process (PID=1088) to work on /home/airflow/.local/lib/python3.12/site-packages/airflow/example_dags/example_short_circuit_operator.py
[2024-07-12T08:38:06.281+0000] {processor.py:830} INFO - Processing file /home/airflow/.local/lib/python3.12/site-packages/airflow/example_dags/example_short_circuit_operator.py for tasks to queue
[2024-07-12T08:38:06.282+0000] {logging_mixin.py:188} INFO - [2024-07-12T08:38:06.282+0000] {dagbag.py:545} INFO - Filling up the DagBag from /home/airflow/.local/lib/python3.12/site-packages/airflow/example_dags/example_short_circuit_operator.py
[2024-07-12T08:38:06.288+0000] {processor.py:840} INFO - DAG(s) 'example_short_circuit_operator' retrieved from /home/airflow/.local/lib/python3.12/site-packages/airflow/example_dags/example_short_circuit_operator.py
[2024-07-12T08:38:06.301+0000] {logging_mixin.py:188} INFO - [2024-07-12T08:38:06.301+0000] {dag.py:3096} INFO - Sync 1 DAGs
[2024-07-12T08:38:06.315+0000] {logging_mixin.py:188} INFO - [2024-07-12T08:38:06.315+0000] {dag.py:3954} INFO - Setting next_dagrun for example_short_circuit_operator to 2024-07-11 00:00:00+00:00, run_after=2024-07-12 00:00:00+00:00
[2024-07-12T08:38:06.331+0000] {processor.py:183} INFO - Processing /home/airflow/.local/lib/python3.12/site-packages/airflow/example_dags/example_short_circuit_operator.py took 0.055 seconds
[2024-07-12T08:38:36.661+0000] {processor.py:161} INFO - Started process (PID=1146) to work on /home/airflow/.local/lib/python3.12/site-packages/airflow/example_dags/example_short_circuit_operator.py
[2024-07-12T08:38:36.662+0000] {processor.py:830} INFO - Processing file /home/airflow/.local/lib/python3.12/site-packages/airflow/example_dags/example_short_circuit_operator.py for tasks to queue
[2024-07-12T08:38:36.663+0000] {logging_mixin.py:188} INFO - [2024-07-12T08:38:36.663+0000] {dagbag.py:545} INFO - Filling up the DagBag from /home/airflow/.local/lib/python3.12/site-packages/airflow/example_dags/example_short_circuit_operator.py
[2024-07-12T08:38:36.668+0000] {processor.py:840} INFO - DAG(s) 'example_short_circuit_operator' retrieved from /home/airflow/.local/lib/python3.12/site-packages/airflow/example_dags/example_short_circuit_operator.py
[2024-07-12T08:38:36.681+0000] {logging_mixin.py:188} INFO - [2024-07-12T08:38:36.681+0000] {dag.py:3096} INFO - Sync 1 DAGs
[2024-07-12T08:38:36.708+0000] {logging_mixin.py:188} INFO - [2024-07-12T08:38:36.708+0000] {dag.py:3954} INFO - Setting next_dagrun for example_short_circuit_operator to 2024-07-11 00:00:00+00:00, run_after=2024-07-12 00:00:00+00:00
[2024-07-12T08:38:36.724+0000] {processor.py:183} INFO - Processing /home/airflow/.local/lib/python3.12/site-packages/airflow/example_dags/example_short_circuit_operator.py took 0.067 seconds
[2024-07-12T08:39:07.248+0000] {processor.py:161} INFO - Started process (PID=1204) to work on /home/airflow/.local/lib/python3.12/site-packages/airflow/example_dags/example_short_circuit_operator.py
[2024-07-12T08:39:07.249+0000] {processor.py:830} INFO - Processing file /home/airflow/.local/lib/python3.12/site-packages/airflow/example_dags/example_short_circuit_operator.py for tasks to queue
[2024-07-12T08:39:07.250+0000] {logging_mixin.py:188} INFO - [2024-07-12T08:39:07.250+0000] {dagbag.py:545} INFO - Filling up the DagBag from /home/airflow/.local/lib/python3.12/site-packages/airflow/example_dags/example_short_circuit_operator.py
[2024-07-12T08:39:07.255+0000] {processor.py:840} INFO - DAG(s) 'example_short_circuit_operator' retrieved from /home/airflow/.local/lib/python3.12/site-packages/airflow/example_dags/example_short_circuit_operator.py
[2024-07-12T08:39:07.268+0000] {logging_mixin.py:188} INFO - [2024-07-12T08:39:07.268+0000] {dag.py:3096} INFO - Sync 1 DAGs
[2024-07-12T08:39:07.281+0000] {logging_mixin.py:188} INFO - [2024-07-12T08:39:07.280+0000] {dag.py:3954} INFO - Setting next_dagrun for example_short_circuit_operator to 2024-07-11 00:00:00+00:00, run_after=2024-07-12 00:00:00+00:00
[2024-07-12T08:39:07.293+0000] {processor.py:183} INFO - Processing /home/airflow/.local/lib/python3.12/site-packages/airflow/example_dags/example_short_circuit_operator.py took 0.049 seconds
