[2024-07-12T07:58:04.554+0000] {processor.py:161} INFO - Started process (PID=49) to work on /home/airflow/.local/lib/python3.12/site-packages/airflow/example_dags/example_branch_labels.py
[2024-07-12T07:58:04.555+0000] {processor.py:830} INFO - Processing file /home/airflow/.local/lib/python3.12/site-packages/airflow/example_dags/example_branch_labels.py for tasks to queue
[2024-07-12T07:58:04.556+0000] {logging_mixin.py:188} INFO - [2024-07-12T07:58:04.556+0000] {dagbag.py:545} INFO - Filling up the DagBag from /home/airflow/.local/lib/python3.12/site-packages/airflow/example_dags/example_branch_labels.py
[2024-07-12T07:58:04.564+0000] {processor.py:840} INFO - DAG(s) 'example_branch_labels' retrieved from /home/airflow/.local/lib/python3.12/site-packages/airflow/example_dags/example_branch_labels.py
[2024-07-12T07:58:04.571+0000] {logging_mixin.py:188} INFO - [2024-07-12T07:58:04.571+0000] {dag.py:3096} INFO - Sync 1 DAGs
[2024-07-12T07:58:04.591+0000] {logging_mixin.py:188} INFO - [2024-07-12T07:58:04.590+0000] {dag.py:3954} INFO - Setting next_dagrun for example_branch_labels to 2024-07-11 00:00:00+00:00, run_after=2024-07-12 00:00:00+00:00
[2024-07-12T07:58:04.610+0000] {processor.py:183} INFO - Processing /home/airflow/.local/lib/python3.12/site-packages/airflow/example_dags/example_branch_labels.py took 0.060 seconds
[2024-07-12T07:58:34.987+0000] {processor.py:161} INFO - Started process (PID=107) to work on /home/airflow/.local/lib/python3.12/site-packages/airflow/example_dags/example_branch_labels.py
[2024-07-12T07:58:34.988+0000] {processor.py:830} INFO - Processing file /home/airflow/.local/lib/python3.12/site-packages/airflow/example_dags/example_branch_labels.py for tasks to queue
[2024-07-12T07:58:34.990+0000] {logging_mixin.py:188} INFO - [2024-07-12T07:58:34.990+0000] {dagbag.py:545} INFO - Filling up the DagBag from /home/airflow/.local/lib/python3.12/site-packages/airflow/example_dags/example_branch_labels.py
[2024-07-12T07:58:34.995+0000] {processor.py:840} INFO - DAG(s) 'example_branch_labels' retrieved from /home/airflow/.local/lib/python3.12/site-packages/airflow/example_dags/example_branch_labels.py
[2024-07-12T07:58:35.060+0000] {logging_mixin.py:188} INFO - [2024-07-12T07:58:35.060+0000] {dag.py:3096} INFO - Sync 1 DAGs
[2024-07-12T07:58:35.072+0000] {logging_mixin.py:188} INFO - [2024-07-12T07:58:35.072+0000] {dag.py:3954} INFO - Setting next_dagrun for example_branch_labels to 2024-07-11 00:00:00+00:00, run_after=2024-07-12 00:00:00+00:00
[2024-07-12T07:58:35.084+0000] {processor.py:183} INFO - Processing /home/airflow/.local/lib/python3.12/site-packages/airflow/example_dags/example_branch_labels.py took 0.101 seconds
[2024-07-12T07:59:05.408+0000] {processor.py:161} INFO - Started process (PID=165) to work on /home/airflow/.local/lib/python3.12/site-packages/airflow/example_dags/example_branch_labels.py
[2024-07-12T07:59:05.408+0000] {processor.py:830} INFO - Processing file /home/airflow/.local/lib/python3.12/site-packages/airflow/example_dags/example_branch_labels.py for tasks to queue
[2024-07-12T07:59:05.410+0000] {logging_mixin.py:188} INFO - [2024-07-12T07:59:05.409+0000] {dagbag.py:545} INFO - Filling up the DagBag from /home/airflow/.local/lib/python3.12/site-packages/airflow/example_dags/example_branch_labels.py
[2024-07-12T07:59:05.415+0000] {processor.py:840} INFO - DAG(s) 'example_branch_labels' retrieved from /home/airflow/.local/lib/python3.12/site-packages/airflow/example_dags/example_branch_labels.py
[2024-07-12T07:59:05.428+0000] {logging_mixin.py:188} INFO - [2024-07-12T07:59:05.428+0000] {dag.py:3096} INFO - Sync 1 DAGs
[2024-07-12T07:59:05.443+0000] {logging_mixin.py:188} INFO - [2024-07-12T07:59:05.443+0000] {dag.py:3954} INFO - Setting next_dagrun for example_branch_labels to 2024-07-11 00:00:00+00:00, run_after=2024-07-12 00:00:00+00:00
[2024-07-12T07:59:05.457+0000] {processor.py:183} INFO - Processing /home/airflow/.local/lib/python3.12/site-packages/airflow/example_dags/example_branch_labels.py took 0.054 seconds
[2024-07-12T07:59:35.556+0000] {processor.py:161} INFO - Started process (PID=223) to work on /home/airflow/.local/lib/python3.12/site-packages/airflow/example_dags/example_branch_labels.py
[2024-07-12T07:59:35.557+0000] {processor.py:830} INFO - Processing file /home/airflow/.local/lib/python3.12/site-packages/airflow/example_dags/example_branch_labels.py for tasks to queue
[2024-07-12T07:59:35.558+0000] {logging_mixin.py:188} INFO - [2024-07-12T07:59:35.558+0000] {dagbag.py:545} INFO - Filling up the DagBag from /home/airflow/.local/lib/python3.12/site-packages/airflow/example_dags/example_branch_labels.py
[2024-07-12T07:59:35.563+0000] {processor.py:840} INFO - DAG(s) 'example_branch_labels' retrieved from /home/airflow/.local/lib/python3.12/site-packages/airflow/example_dags/example_branch_labels.py
[2024-07-12T07:59:35.575+0000] {logging_mixin.py:188} INFO - [2024-07-12T07:59:35.575+0000] {dag.py:3096} INFO - Sync 1 DAGs
[2024-07-12T07:59:35.589+0000] {logging_mixin.py:188} INFO - [2024-07-12T07:59:35.589+0000] {dag.py:3954} INFO - Setting next_dagrun for example_branch_labels to 2024-07-11 00:00:00+00:00, run_after=2024-07-12 00:00:00+00:00
[2024-07-12T07:59:35.602+0000] {processor.py:183} INFO - Processing /home/airflow/.local/lib/python3.12/site-packages/airflow/example_dags/example_branch_labels.py took 0.050 seconds
[2024-07-12T08:01:08.627+0000] {processor.py:161} INFO - Started process (PID=48) to work on /home/airflow/.local/lib/python3.12/site-packages/airflow/example_dags/example_branch_labels.py
[2024-07-12T08:01:08.628+0000] {processor.py:830} INFO - Processing file /home/airflow/.local/lib/python3.12/site-packages/airflow/example_dags/example_branch_labels.py for tasks to queue
[2024-07-12T08:01:08.630+0000] {logging_mixin.py:188} INFO - [2024-07-12T08:01:08.629+0000] {dagbag.py:545} INFO - Filling up the DagBag from /home/airflow/.local/lib/python3.12/site-packages/airflow/example_dags/example_branch_labels.py
[2024-07-12T08:01:08.637+0000] {processor.py:840} INFO - DAG(s) 'example_branch_labels' retrieved from /home/airflow/.local/lib/python3.12/site-packages/airflow/example_dags/example_branch_labels.py
[2024-07-12T08:01:08.644+0000] {logging_mixin.py:188} INFO - [2024-07-12T08:01:08.644+0000] {dag.py:3096} INFO - Sync 1 DAGs
[2024-07-12T08:01:08.662+0000] {logging_mixin.py:188} INFO - [2024-07-12T08:01:08.662+0000] {dag.py:3954} INFO - Setting next_dagrun for example_branch_labels to 2024-07-11 00:00:00+00:00, run_after=2024-07-12 00:00:00+00:00
[2024-07-12T08:01:08.680+0000] {processor.py:183} INFO - Processing /home/airflow/.local/lib/python3.12/site-packages/airflow/example_dags/example_branch_labels.py took 0.056 seconds
[2024-07-12T08:01:38.863+0000] {processor.py:161} INFO - Started process (PID=106) to work on /home/airflow/.local/lib/python3.12/site-packages/airflow/example_dags/example_branch_labels.py
[2024-07-12T08:01:38.863+0000] {processor.py:830} INFO - Processing file /home/airflow/.local/lib/python3.12/site-packages/airflow/example_dags/example_branch_labels.py for tasks to queue
[2024-07-12T08:01:38.865+0000] {logging_mixin.py:188} INFO - [2024-07-12T08:01:38.864+0000] {dagbag.py:545} INFO - Filling up the DagBag from /home/airflow/.local/lib/python3.12/site-packages/airflow/example_dags/example_branch_labels.py
[2024-07-12T08:01:38.870+0000] {processor.py:840} INFO - DAG(s) 'example_branch_labels' retrieved from /home/airflow/.local/lib/python3.12/site-packages/airflow/example_dags/example_branch_labels.py
[2024-07-12T08:01:38.937+0000] {logging_mixin.py:188} INFO - [2024-07-12T08:01:38.937+0000] {dag.py:3096} INFO - Sync 1 DAGs
[2024-07-12T08:01:38.951+0000] {logging_mixin.py:188} INFO - [2024-07-12T08:01:38.950+0000] {dag.py:3954} INFO - Setting next_dagrun for example_branch_labels to 2024-07-11 00:00:00+00:00, run_after=2024-07-12 00:00:00+00:00
[2024-07-12T08:01:38.969+0000] {processor.py:183} INFO - Processing /home/airflow/.local/lib/python3.12/site-packages/airflow/example_dags/example_branch_labels.py took 0.110 seconds
[2024-07-12T08:02:09.351+0000] {processor.py:161} INFO - Started process (PID=164) to work on /home/airflow/.local/lib/python3.12/site-packages/airflow/example_dags/example_branch_labels.py
[2024-07-12T08:02:09.352+0000] {processor.py:830} INFO - Processing file /home/airflow/.local/lib/python3.12/site-packages/airflow/example_dags/example_branch_labels.py for tasks to queue
[2024-07-12T08:02:09.353+0000] {logging_mixin.py:188} INFO - [2024-07-12T08:02:09.353+0000] {dagbag.py:545} INFO - Filling up the DagBag from /home/airflow/.local/lib/python3.12/site-packages/airflow/example_dags/example_branch_labels.py
[2024-07-12T08:02:09.359+0000] {processor.py:840} INFO - DAG(s) 'example_branch_labels' retrieved from /home/airflow/.local/lib/python3.12/site-packages/airflow/example_dags/example_branch_labels.py
[2024-07-12T08:02:09.373+0000] {logging_mixin.py:188} INFO - [2024-07-12T08:02:09.373+0000] {dag.py:3096} INFO - Sync 1 DAGs
[2024-07-12T08:02:09.388+0000] {logging_mixin.py:188} INFO - [2024-07-12T08:02:09.388+0000] {dag.py:3954} INFO - Setting next_dagrun for example_branch_labels to 2024-07-11 00:00:00+00:00, run_after=2024-07-12 00:00:00+00:00
[2024-07-12T08:02:09.403+0000] {processor.py:183} INFO - Processing /home/airflow/.local/lib/python3.12/site-packages/airflow/example_dags/example_branch_labels.py took 0.056 seconds
[2024-07-12T08:02:39.477+0000] {processor.py:161} INFO - Started process (PID=222) to work on /home/airflow/.local/lib/python3.12/site-packages/airflow/example_dags/example_branch_labels.py
[2024-07-12T08:02:39.478+0000] {processor.py:830} INFO - Processing file /home/airflow/.local/lib/python3.12/site-packages/airflow/example_dags/example_branch_labels.py for tasks to queue
[2024-07-12T08:02:39.479+0000] {logging_mixin.py:188} INFO - [2024-07-12T08:02:39.479+0000] {dagbag.py:545} INFO - Filling up the DagBag from /home/airflow/.local/lib/python3.12/site-packages/airflow/example_dags/example_branch_labels.py
[2024-07-12T08:02:39.484+0000] {processor.py:840} INFO - DAG(s) 'example_branch_labels' retrieved from /home/airflow/.local/lib/python3.12/site-packages/airflow/example_dags/example_branch_labels.py
[2024-07-12T08:02:39.497+0000] {logging_mixin.py:188} INFO - [2024-07-12T08:02:39.496+0000] {dag.py:3096} INFO - Sync 1 DAGs
[2024-07-12T08:02:39.511+0000] {logging_mixin.py:188} INFO - [2024-07-12T08:02:39.510+0000] {dag.py:3954} INFO - Setting next_dagrun for example_branch_labels to 2024-07-11 00:00:00+00:00, run_after=2024-07-12 00:00:00+00:00
[2024-07-12T08:02:39.524+0000] {processor.py:183} INFO - Processing /home/airflow/.local/lib/python3.12/site-packages/airflow/example_dags/example_branch_labels.py took 0.051 seconds
[2024-07-12T08:04:16.244+0000] {processor.py:161} INFO - Started process (PID=49) to work on /home/airflow/.local/lib/python3.12/site-packages/airflow/example_dags/example_branch_labels.py
[2024-07-12T08:04:16.245+0000] {processor.py:830} INFO - Processing file /home/airflow/.local/lib/python3.12/site-packages/airflow/example_dags/example_branch_labels.py for tasks to queue
[2024-07-12T08:04:16.247+0000] {logging_mixin.py:188} INFO - [2024-07-12T08:04:16.246+0000] {dagbag.py:545} INFO - Filling up the DagBag from /home/airflow/.local/lib/python3.12/site-packages/airflow/example_dags/example_branch_labels.py
[2024-07-12T08:04:16.256+0000] {processor.py:840} INFO - DAG(s) 'example_branch_labels' retrieved from /home/airflow/.local/lib/python3.12/site-packages/airflow/example_dags/example_branch_labels.py
[2024-07-12T08:04:16.263+0000] {logging_mixin.py:188} INFO - [2024-07-12T08:04:16.263+0000] {dag.py:3096} INFO - Sync 1 DAGs
[2024-07-12T08:04:16.280+0000] {logging_mixin.py:188} INFO - [2024-07-12T08:04:16.280+0000] {dag.py:3954} INFO - Setting next_dagrun for example_branch_labels to 2024-07-11 00:00:00+00:00, run_after=2024-07-12 00:00:00+00:00
[2024-07-12T08:04:16.295+0000] {processor.py:183} INFO - Processing /home/airflow/.local/lib/python3.12/site-packages/airflow/example_dags/example_branch_labels.py took 0.056 seconds
[2024-07-12T08:04:46.716+0000] {processor.py:161} INFO - Started process (PID=107) to work on /home/airflow/.local/lib/python3.12/site-packages/airflow/example_dags/example_branch_labels.py
[2024-07-12T08:04:46.716+0000] {processor.py:830} INFO - Processing file /home/airflow/.local/lib/python3.12/site-packages/airflow/example_dags/example_branch_labels.py for tasks to queue
[2024-07-12T08:04:46.718+0000] {logging_mixin.py:188} INFO - [2024-07-12T08:04:46.717+0000] {dagbag.py:545} INFO - Filling up the DagBag from /home/airflow/.local/lib/python3.12/site-packages/airflow/example_dags/example_branch_labels.py
[2024-07-12T08:04:46.723+0000] {processor.py:840} INFO - DAG(s) 'example_branch_labels' retrieved from /home/airflow/.local/lib/python3.12/site-packages/airflow/example_dags/example_branch_labels.py
[2024-07-12T08:04:46.787+0000] {logging_mixin.py:188} INFO - [2024-07-12T08:04:46.787+0000] {dag.py:3096} INFO - Sync 1 DAGs
[2024-07-12T08:04:46.800+0000] {logging_mixin.py:188} INFO - [2024-07-12T08:04:46.800+0000] {dag.py:3954} INFO - Setting next_dagrun for example_branch_labels to 2024-07-11 00:00:00+00:00, run_after=2024-07-12 00:00:00+00:00
[2024-07-12T08:04:46.813+0000] {processor.py:183} INFO - Processing /home/airflow/.local/lib/python3.12/site-packages/airflow/example_dags/example_branch_labels.py took 0.102 seconds
[2024-07-12T08:05:17.605+0000] {processor.py:161} INFO - Started process (PID=165) to work on /home/airflow/.local/lib/python3.12/site-packages/airflow/example_dags/example_branch_labels.py
[2024-07-12T08:05:17.605+0000] {processor.py:830} INFO - Processing file /home/airflow/.local/lib/python3.12/site-packages/airflow/example_dags/example_branch_labels.py for tasks to queue
[2024-07-12T08:05:17.607+0000] {logging_mixin.py:188} INFO - [2024-07-12T08:05:17.606+0000] {dagbag.py:545} INFO - Filling up the DagBag from /home/airflow/.local/lib/python3.12/site-packages/airflow/example_dags/example_branch_labels.py
[2024-07-12T08:05:17.611+0000] {processor.py:840} INFO - DAG(s) 'example_branch_labels' retrieved from /home/airflow/.local/lib/python3.12/site-packages/airflow/example_dags/example_branch_labels.py
[2024-07-12T08:05:17.623+0000] {logging_mixin.py:188} INFO - [2024-07-12T08:05:17.623+0000] {dag.py:3096} INFO - Sync 1 DAGs
[2024-07-12T08:05:17.637+0000] {logging_mixin.py:188} INFO - [2024-07-12T08:05:17.637+0000] {dag.py:3954} INFO - Setting next_dagrun for example_branch_labels to 2024-07-11 00:00:00+00:00, run_after=2024-07-12 00:00:00+00:00
[2024-07-12T08:05:17.652+0000] {processor.py:183} INFO - Processing /home/airflow/.local/lib/python3.12/site-packages/airflow/example_dags/example_branch_labels.py took 0.051 seconds
[2024-07-12T08:05:47.724+0000] {processor.py:161} INFO - Started process (PID=223) to work on /home/airflow/.local/lib/python3.12/site-packages/airflow/example_dags/example_branch_labels.py
[2024-07-12T08:05:47.725+0000] {processor.py:830} INFO - Processing file /home/airflow/.local/lib/python3.12/site-packages/airflow/example_dags/example_branch_labels.py for tasks to queue
[2024-07-12T08:05:47.726+0000] {logging_mixin.py:188} INFO - [2024-07-12T08:05:47.726+0000] {dagbag.py:545} INFO - Filling up the DagBag from /home/airflow/.local/lib/python3.12/site-packages/airflow/example_dags/example_branch_labels.py
[2024-07-12T08:05:47.731+0000] {processor.py:840} INFO - DAG(s) 'example_branch_labels' retrieved from /home/airflow/.local/lib/python3.12/site-packages/airflow/example_dags/example_branch_labels.py
[2024-07-12T08:05:47.743+0000] {logging_mixin.py:188} INFO - [2024-07-12T08:05:47.743+0000] {dag.py:3096} INFO - Sync 1 DAGs
[2024-07-12T08:05:47.758+0000] {logging_mixin.py:188} INFO - [2024-07-12T08:05:47.758+0000] {dag.py:3954} INFO - Setting next_dagrun for example_branch_labels to 2024-07-11 00:00:00+00:00, run_after=2024-07-12 00:00:00+00:00
[2024-07-12T08:05:47.773+0000] {processor.py:183} INFO - Processing /home/airflow/.local/lib/python3.12/site-packages/airflow/example_dags/example_branch_labels.py took 0.053 seconds
[2024-07-12T08:06:17.896+0000] {processor.py:161} INFO - Started process (PID=281) to work on /home/airflow/.local/lib/python3.12/site-packages/airflow/example_dags/example_branch_labels.py
[2024-07-12T08:06:17.897+0000] {processor.py:830} INFO - Processing file /home/airflow/.local/lib/python3.12/site-packages/airflow/example_dags/example_branch_labels.py for tasks to queue
[2024-07-12T08:06:17.898+0000] {logging_mixin.py:188} INFO - [2024-07-12T08:06:17.898+0000] {dagbag.py:545} INFO - Filling up the DagBag from /home/airflow/.local/lib/python3.12/site-packages/airflow/example_dags/example_branch_labels.py
[2024-07-12T08:06:17.903+0000] {processor.py:840} INFO - DAG(s) 'example_branch_labels' retrieved from /home/airflow/.local/lib/python3.12/site-packages/airflow/example_dags/example_branch_labels.py
[2024-07-12T08:06:17.910+0000] {logging_mixin.py:188} INFO - [2024-07-12T08:06:17.909+0000] {dag.py:3096} INFO - Sync 1 DAGs
[2024-07-12T08:06:17.925+0000] {logging_mixin.py:188} INFO - [2024-07-12T08:06:17.925+0000] {dag.py:3954} INFO - Setting next_dagrun for example_branch_labels to 2024-07-11 00:00:00+00:00, run_after=2024-07-12 00:00:00+00:00
[2024-07-12T08:06:17.940+0000] {processor.py:183} INFO - Processing /home/airflow/.local/lib/python3.12/site-packages/airflow/example_dags/example_branch_labels.py took 0.048 seconds
[2024-07-12T08:06:48.776+0000] {processor.py:161} INFO - Started process (PID=339) to work on /home/airflow/.local/lib/python3.12/site-packages/airflow/example_dags/example_branch_labels.py
[2024-07-12T08:06:48.777+0000] {processor.py:830} INFO - Processing file /home/airflow/.local/lib/python3.12/site-packages/airflow/example_dags/example_branch_labels.py for tasks to queue
[2024-07-12T08:06:48.778+0000] {logging_mixin.py:188} INFO - [2024-07-12T08:06:48.778+0000] {dagbag.py:545} INFO - Filling up the DagBag from /home/airflow/.local/lib/python3.12/site-packages/airflow/example_dags/example_branch_labels.py
[2024-07-12T08:06:48.783+0000] {processor.py:840} INFO - DAG(s) 'example_branch_labels' retrieved from /home/airflow/.local/lib/python3.12/site-packages/airflow/example_dags/example_branch_labels.py
[2024-07-12T08:06:48.842+0000] {logging_mixin.py:188} INFO - [2024-07-12T08:06:48.842+0000] {dag.py:3096} INFO - Sync 1 DAGs
[2024-07-12T08:06:48.855+0000] {logging_mixin.py:188} INFO - [2024-07-12T08:06:48.855+0000] {dag.py:3954} INFO - Setting next_dagrun for example_branch_labels to 2024-07-11 00:00:00+00:00, run_after=2024-07-12 00:00:00+00:00
[2024-07-12T08:06:48.869+0000] {processor.py:183} INFO - Processing /home/airflow/.local/lib/python3.12/site-packages/airflow/example_dags/example_branch_labels.py took 0.097 seconds
[2024-07-12T08:07:18.944+0000] {processor.py:161} INFO - Started process (PID=397) to work on /home/airflow/.local/lib/python3.12/site-packages/airflow/example_dags/example_branch_labels.py
[2024-07-12T08:07:18.945+0000] {processor.py:830} INFO - Processing file /home/airflow/.local/lib/python3.12/site-packages/airflow/example_dags/example_branch_labels.py for tasks to queue
[2024-07-12T08:07:18.946+0000] {logging_mixin.py:188} INFO - [2024-07-12T08:07:18.946+0000] {dagbag.py:545} INFO - Filling up the DagBag from /home/airflow/.local/lib/python3.12/site-packages/airflow/example_dags/example_branch_labels.py
[2024-07-12T08:07:18.951+0000] {processor.py:840} INFO - DAG(s) 'example_branch_labels' retrieved from /home/airflow/.local/lib/python3.12/site-packages/airflow/example_dags/example_branch_labels.py
[2024-07-12T08:07:18.964+0000] {logging_mixin.py:188} INFO - [2024-07-12T08:07:18.964+0000] {dag.py:3096} INFO - Sync 1 DAGs
[2024-07-12T08:07:18.977+0000] {logging_mixin.py:188} INFO - [2024-07-12T08:07:18.977+0000] {dag.py:3954} INFO - Setting next_dagrun for example_branch_labels to 2024-07-11 00:00:00+00:00, run_after=2024-07-12 00:00:00+00:00
[2024-07-12T08:07:18.991+0000] {processor.py:183} INFO - Processing /home/airflow/.local/lib/python3.12/site-packages/airflow/example_dags/example_branch_labels.py took 0.051 seconds
[2024-07-12T08:08:13.598+0000] {processor.py:161} INFO - Started process (PID=48) to work on /home/airflow/.local/lib/python3.12/site-packages/airflow/example_dags/example_branch_labels.py
[2024-07-12T08:08:13.599+0000] {processor.py:830} INFO - Processing file /home/airflow/.local/lib/python3.12/site-packages/airflow/example_dags/example_branch_labels.py for tasks to queue
[2024-07-12T08:08:13.600+0000] {logging_mixin.py:188} INFO - [2024-07-12T08:08:13.600+0000] {dagbag.py:545} INFO - Filling up the DagBag from /home/airflow/.local/lib/python3.12/site-packages/airflow/example_dags/example_branch_labels.py
[2024-07-12T08:08:13.607+0000] {processor.py:840} INFO - DAG(s) 'example_branch_labels' retrieved from /home/airflow/.local/lib/python3.12/site-packages/airflow/example_dags/example_branch_labels.py
[2024-07-12T08:08:13.617+0000] {logging_mixin.py:188} INFO - [2024-07-12T08:08:13.616+0000] {dag.py:3096} INFO - Sync 1 DAGs
[2024-07-12T08:08:13.635+0000] {logging_mixin.py:188} INFO - [2024-07-12T08:08:13.634+0000] {dag.py:3954} INFO - Setting next_dagrun for example_branch_labels to 2024-07-11 00:00:00+00:00, run_after=2024-07-12 00:00:00+00:00
[2024-07-12T08:08:13.655+0000] {processor.py:183} INFO - Processing /home/airflow/.local/lib/python3.12/site-packages/airflow/example_dags/example_branch_labels.py took 0.061 seconds
[2024-07-12T08:08:44.190+0000] {processor.py:161} INFO - Started process (PID=110) to work on /home/airflow/.local/lib/python3.12/site-packages/airflow/example_dags/example_branch_labels.py
[2024-07-12T08:08:44.190+0000] {processor.py:830} INFO - Processing file /home/airflow/.local/lib/python3.12/site-packages/airflow/example_dags/example_branch_labels.py for tasks to queue
[2024-07-12T08:08:44.192+0000] {logging_mixin.py:188} INFO - [2024-07-12T08:08:44.191+0000] {dagbag.py:545} INFO - Filling up the DagBag from /home/airflow/.local/lib/python3.12/site-packages/airflow/example_dags/example_branch_labels.py
[2024-07-12T08:08:44.197+0000] {processor.py:840} INFO - DAG(s) 'example_branch_labels' retrieved from /home/airflow/.local/lib/python3.12/site-packages/airflow/example_dags/example_branch_labels.py
[2024-07-12T08:08:44.259+0000] {logging_mixin.py:188} INFO - [2024-07-12T08:08:44.259+0000] {dag.py:3096} INFO - Sync 1 DAGs
[2024-07-12T08:08:44.271+0000] {logging_mixin.py:188} INFO - [2024-07-12T08:08:44.271+0000] {dag.py:3954} INFO - Setting next_dagrun for example_branch_labels to 2024-07-11 00:00:00+00:00, run_after=2024-07-12 00:00:00+00:00
[2024-07-12T08:08:44.285+0000] {processor.py:183} INFO - Processing /home/airflow/.local/lib/python3.12/site-packages/airflow/example_dags/example_branch_labels.py took 0.099 seconds
[2024-07-12T08:09:15.199+0000] {processor.py:161} INFO - Started process (PID=168) to work on /home/airflow/.local/lib/python3.12/site-packages/airflow/example_dags/example_branch_labels.py
[2024-07-12T08:09:15.199+0000] {processor.py:830} INFO - Processing file /home/airflow/.local/lib/python3.12/site-packages/airflow/example_dags/example_branch_labels.py for tasks to queue
[2024-07-12T08:09:15.201+0000] {logging_mixin.py:188} INFO - [2024-07-12T08:09:15.200+0000] {dagbag.py:545} INFO - Filling up the DagBag from /home/airflow/.local/lib/python3.12/site-packages/airflow/example_dags/example_branch_labels.py
[2024-07-12T08:09:15.205+0000] {processor.py:840} INFO - DAG(s) 'example_branch_labels' retrieved from /home/airflow/.local/lib/python3.12/site-packages/airflow/example_dags/example_branch_labels.py
[2024-07-12T08:09:15.218+0000] {logging_mixin.py:188} INFO - [2024-07-12T08:09:15.218+0000] {dag.py:3096} INFO - Sync 1 DAGs
[2024-07-12T08:09:15.232+0000] {logging_mixin.py:188} INFO - [2024-07-12T08:09:15.232+0000] {dag.py:3954} INFO - Setting next_dagrun for example_branch_labels to 2024-07-11 00:00:00+00:00, run_after=2024-07-12 00:00:00+00:00
[2024-07-12T08:09:15.245+0000] {processor.py:183} INFO - Processing /home/airflow/.local/lib/python3.12/site-packages/airflow/example_dags/example_branch_labels.py took 0.050 seconds
[2024-07-12T08:09:45.292+0000] {processor.py:161} INFO - Started process (PID=226) to work on /home/airflow/.local/lib/python3.12/site-packages/airflow/example_dags/example_branch_labels.py
[2024-07-12T08:09:45.292+0000] {processor.py:830} INFO - Processing file /home/airflow/.local/lib/python3.12/site-packages/airflow/example_dags/example_branch_labels.py for tasks to queue
[2024-07-12T08:09:45.293+0000] {logging_mixin.py:188} INFO - [2024-07-12T08:09:45.293+0000] {dagbag.py:545} INFO - Filling up the DagBag from /home/airflow/.local/lib/python3.12/site-packages/airflow/example_dags/example_branch_labels.py
[2024-07-12T08:09:45.298+0000] {processor.py:840} INFO - DAG(s) 'example_branch_labels' retrieved from /home/airflow/.local/lib/python3.12/site-packages/airflow/example_dags/example_branch_labels.py
[2024-07-12T08:09:45.310+0000] {logging_mixin.py:188} INFO - [2024-07-12T08:09:45.309+0000] {dag.py:3096} INFO - Sync 1 DAGs
[2024-07-12T08:09:45.323+0000] {logging_mixin.py:188} INFO - [2024-07-12T08:09:45.323+0000] {dag.py:3954} INFO - Setting next_dagrun for example_branch_labels to 2024-07-11 00:00:00+00:00, run_after=2024-07-12 00:00:00+00:00
[2024-07-12T08:09:45.337+0000] {processor.py:183} INFO - Processing /home/airflow/.local/lib/python3.12/site-packages/airflow/example_dags/example_branch_labels.py took 0.049 seconds
[2024-07-12T08:10:15.554+0000] {processor.py:161} INFO - Started process (PID=284) to work on /home/airflow/.local/lib/python3.12/site-packages/airflow/example_dags/example_branch_labels.py
[2024-07-12T08:10:15.554+0000] {processor.py:830} INFO - Processing file /home/airflow/.local/lib/python3.12/site-packages/airflow/example_dags/example_branch_labels.py for tasks to queue
[2024-07-12T08:10:15.556+0000] {logging_mixin.py:188} INFO - [2024-07-12T08:10:15.555+0000] {dagbag.py:545} INFO - Filling up the DagBag from /home/airflow/.local/lib/python3.12/site-packages/airflow/example_dags/example_branch_labels.py
[2024-07-12T08:10:15.560+0000] {processor.py:840} INFO - DAG(s) 'example_branch_labels' retrieved from /home/airflow/.local/lib/python3.12/site-packages/airflow/example_dags/example_branch_labels.py
[2024-07-12T08:10:15.573+0000] {logging_mixin.py:188} INFO - [2024-07-12T08:10:15.573+0000] {dag.py:3096} INFO - Sync 1 DAGs
[2024-07-12T08:10:15.587+0000] {logging_mixin.py:188} INFO - [2024-07-12T08:10:15.586+0000] {dag.py:3954} INFO - Setting next_dagrun for example_branch_labels to 2024-07-11 00:00:00+00:00, run_after=2024-07-12 00:00:00+00:00
[2024-07-12T08:10:15.600+0000] {processor.py:183} INFO - Processing /home/airflow/.local/lib/python3.12/site-packages/airflow/example_dags/example_branch_labels.py took 0.050 seconds
[2024-07-12T08:10:45.786+0000] {processor.py:161} INFO - Started process (PID=342) to work on /home/airflow/.local/lib/python3.12/site-packages/airflow/example_dags/example_branch_labels.py
[2024-07-12T08:10:45.787+0000] {processor.py:830} INFO - Processing file /home/airflow/.local/lib/python3.12/site-packages/airflow/example_dags/example_branch_labels.py for tasks to queue
[2024-07-12T08:10:45.788+0000] {logging_mixin.py:188} INFO - [2024-07-12T08:10:45.788+0000] {dagbag.py:545} INFO - Filling up the DagBag from /home/airflow/.local/lib/python3.12/site-packages/airflow/example_dags/example_branch_labels.py
[2024-07-12T08:10:45.793+0000] {processor.py:840} INFO - DAG(s) 'example_branch_labels' retrieved from /home/airflow/.local/lib/python3.12/site-packages/airflow/example_dags/example_branch_labels.py
[2024-07-12T08:10:45.805+0000] {logging_mixin.py:188} INFO - [2024-07-12T08:10:45.805+0000] {dag.py:3096} INFO - Sync 1 DAGs
[2024-07-12T08:10:45.819+0000] {logging_mixin.py:188} INFO - [2024-07-12T08:10:45.818+0000] {dag.py:3954} INFO - Setting next_dagrun for example_branch_labels to 2024-07-11 00:00:00+00:00, run_after=2024-07-12 00:00:00+00:00
[2024-07-12T08:10:45.831+0000] {processor.py:183} INFO - Processing /home/airflow/.local/lib/python3.12/site-packages/airflow/example_dags/example_branch_labels.py took 0.049 seconds
[2024-07-12T08:11:15.908+0000] {processor.py:161} INFO - Started process (PID=400) to work on /home/airflow/.local/lib/python3.12/site-packages/airflow/example_dags/example_branch_labels.py
[2024-07-12T08:11:15.908+0000] {processor.py:830} INFO - Processing file /home/airflow/.local/lib/python3.12/site-packages/airflow/example_dags/example_branch_labels.py for tasks to queue
[2024-07-12T08:11:15.910+0000] {logging_mixin.py:188} INFO - [2024-07-12T08:11:15.909+0000] {dagbag.py:545} INFO - Filling up the DagBag from /home/airflow/.local/lib/python3.12/site-packages/airflow/example_dags/example_branch_labels.py
[2024-07-12T08:11:15.914+0000] {processor.py:840} INFO - DAG(s) 'example_branch_labels' retrieved from /home/airflow/.local/lib/python3.12/site-packages/airflow/example_dags/example_branch_labels.py
[2024-07-12T08:11:15.927+0000] {logging_mixin.py:188} INFO - [2024-07-12T08:11:15.927+0000] {dag.py:3096} INFO - Sync 1 DAGs
[2024-07-12T08:11:15.941+0000] {logging_mixin.py:188} INFO - [2024-07-12T08:11:15.941+0000] {dag.py:3954} INFO - Setting next_dagrun for example_branch_labels to 2024-07-11 00:00:00+00:00, run_after=2024-07-12 00:00:00+00:00
[2024-07-12T08:11:15.955+0000] {processor.py:183} INFO - Processing /home/airflow/.local/lib/python3.12/site-packages/airflow/example_dags/example_branch_labels.py took 0.051 seconds
[2024-07-12T08:11:46.026+0000] {processor.py:161} INFO - Started process (PID=458) to work on /home/airflow/.local/lib/python3.12/site-packages/airflow/example_dags/example_branch_labels.py
[2024-07-12T08:11:46.026+0000] {processor.py:830} INFO - Processing file /home/airflow/.local/lib/python3.12/site-packages/airflow/example_dags/example_branch_labels.py for tasks to queue
[2024-07-12T08:11:46.028+0000] {logging_mixin.py:188} INFO - [2024-07-12T08:11:46.028+0000] {dagbag.py:545} INFO - Filling up the DagBag from /home/airflow/.local/lib/python3.12/site-packages/airflow/example_dags/example_branch_labels.py
[2024-07-12T08:11:46.033+0000] {processor.py:840} INFO - DAG(s) 'example_branch_labels' retrieved from /home/airflow/.local/lib/python3.12/site-packages/airflow/example_dags/example_branch_labels.py
[2024-07-12T08:11:46.047+0000] {logging_mixin.py:188} INFO - [2024-07-12T08:11:46.046+0000] {dag.py:3096} INFO - Sync 1 DAGs
[2024-07-12T08:11:46.064+0000] {logging_mixin.py:188} INFO - [2024-07-12T08:11:46.064+0000] {dag.py:3954} INFO - Setting next_dagrun for example_branch_labels to 2024-07-11 00:00:00+00:00, run_after=2024-07-12 00:00:00+00:00
[2024-07-12T08:11:46.082+0000] {processor.py:183} INFO - Processing /home/airflow/.local/lib/python3.12/site-packages/airflow/example_dags/example_branch_labels.py took 0.060 seconds
[2024-07-12T08:12:16.187+0000] {processor.py:161} INFO - Started process (PID=516) to work on /home/airflow/.local/lib/python3.12/site-packages/airflow/example_dags/example_branch_labels.py
[2024-07-12T08:12:16.187+0000] {processor.py:830} INFO - Processing file /home/airflow/.local/lib/python3.12/site-packages/airflow/example_dags/example_branch_labels.py for tasks to queue
[2024-07-12T08:12:16.189+0000] {logging_mixin.py:188} INFO - [2024-07-12T08:12:16.189+0000] {dagbag.py:545} INFO - Filling up the DagBag from /home/airflow/.local/lib/python3.12/site-packages/airflow/example_dags/example_branch_labels.py
[2024-07-12T08:12:16.194+0000] {processor.py:840} INFO - DAG(s) 'example_branch_labels' retrieved from /home/airflow/.local/lib/python3.12/site-packages/airflow/example_dags/example_branch_labels.py
[2024-07-12T08:12:16.206+0000] {logging_mixin.py:188} INFO - [2024-07-12T08:12:16.206+0000] {dag.py:3096} INFO - Sync 1 DAGs
[2024-07-12T08:12:16.222+0000] {logging_mixin.py:188} INFO - [2024-07-12T08:12:16.221+0000] {dag.py:3954} INFO - Setting next_dagrun for example_branch_labels to 2024-07-11 00:00:00+00:00, run_after=2024-07-12 00:00:00+00:00
[2024-07-12T08:12:16.236+0000] {processor.py:183} INFO - Processing /home/airflow/.local/lib/python3.12/site-packages/airflow/example_dags/example_branch_labels.py took 0.053 seconds
[2024-07-12T08:12:46.495+0000] {processor.py:161} INFO - Started process (PID=574) to work on /home/airflow/.local/lib/python3.12/site-packages/airflow/example_dags/example_branch_labels.py
[2024-07-12T08:12:46.495+0000] {processor.py:830} INFO - Processing file /home/airflow/.local/lib/python3.12/site-packages/airflow/example_dags/example_branch_labels.py for tasks to queue
[2024-07-12T08:12:46.497+0000] {logging_mixin.py:188} INFO - [2024-07-12T08:12:46.497+0000] {dagbag.py:545} INFO - Filling up the DagBag from /home/airflow/.local/lib/python3.12/site-packages/airflow/example_dags/example_branch_labels.py
[2024-07-12T08:12:46.502+0000] {processor.py:840} INFO - DAG(s) 'example_branch_labels' retrieved from /home/airflow/.local/lib/python3.12/site-packages/airflow/example_dags/example_branch_labels.py
[2024-07-12T08:12:46.513+0000] {logging_mixin.py:188} INFO - [2024-07-12T08:12:46.513+0000] {dag.py:3096} INFO - Sync 1 DAGs
[2024-07-12T08:12:46.528+0000] {logging_mixin.py:188} INFO - [2024-07-12T08:12:46.528+0000] {dag.py:3954} INFO - Setting next_dagrun for example_branch_labels to 2024-07-11 00:00:00+00:00, run_after=2024-07-12 00:00:00+00:00
[2024-07-12T08:12:46.541+0000] {processor.py:183} INFO - Processing /home/airflow/.local/lib/python3.12/site-packages/airflow/example_dags/example_branch_labels.py took 0.050 seconds
[2024-07-12T08:13:16.880+0000] {processor.py:161} INFO - Started process (PID=632) to work on /home/airflow/.local/lib/python3.12/site-packages/airflow/example_dags/example_branch_labels.py
[2024-07-12T08:13:16.881+0000] {processor.py:830} INFO - Processing file /home/airflow/.local/lib/python3.12/site-packages/airflow/example_dags/example_branch_labels.py for tasks to queue
[2024-07-12T08:13:16.882+0000] {logging_mixin.py:188} INFO - [2024-07-12T08:13:16.882+0000] {dagbag.py:545} INFO - Filling up the DagBag from /home/airflow/.local/lib/python3.12/site-packages/airflow/example_dags/example_branch_labels.py
[2024-07-12T08:13:16.887+0000] {processor.py:840} INFO - DAG(s) 'example_branch_labels' retrieved from /home/airflow/.local/lib/python3.12/site-packages/airflow/example_dags/example_branch_labels.py
[2024-07-12T08:13:16.900+0000] {logging_mixin.py:188} INFO - [2024-07-12T08:13:16.900+0000] {dag.py:3096} INFO - Sync 1 DAGs
[2024-07-12T08:13:16.915+0000] {logging_mixin.py:188} INFO - [2024-07-12T08:13:16.915+0000] {dag.py:3954} INFO - Setting next_dagrun for example_branch_labels to 2024-07-11 00:00:00+00:00, run_after=2024-07-12 00:00:00+00:00
[2024-07-12T08:13:16.929+0000] {processor.py:183} INFO - Processing /home/airflow/.local/lib/python3.12/site-packages/airflow/example_dags/example_branch_labels.py took 0.052 seconds
[2024-07-12T08:13:47.261+0000] {processor.py:161} INFO - Started process (PID=690) to work on /home/airflow/.local/lib/python3.12/site-packages/airflow/example_dags/example_branch_labels.py
[2024-07-12T08:13:47.261+0000] {processor.py:830} INFO - Processing file /home/airflow/.local/lib/python3.12/site-packages/airflow/example_dags/example_branch_labels.py for tasks to queue
[2024-07-12T08:13:47.263+0000] {logging_mixin.py:188} INFO - [2024-07-12T08:13:47.262+0000] {dagbag.py:545} INFO - Filling up the DagBag from /home/airflow/.local/lib/python3.12/site-packages/airflow/example_dags/example_branch_labels.py
[2024-07-12T08:13:47.268+0000] {processor.py:840} INFO - DAG(s) 'example_branch_labels' retrieved from /home/airflow/.local/lib/python3.12/site-packages/airflow/example_dags/example_branch_labels.py
[2024-07-12T08:13:47.279+0000] {logging_mixin.py:188} INFO - [2024-07-12T08:13:47.279+0000] {dag.py:3096} INFO - Sync 1 DAGs
[2024-07-12T08:13:47.292+0000] {logging_mixin.py:188} INFO - [2024-07-12T08:13:47.292+0000] {dag.py:3954} INFO - Setting next_dagrun for example_branch_labels to 2024-07-11 00:00:00+00:00, run_after=2024-07-12 00:00:00+00:00
[2024-07-12T08:13:47.306+0000] {processor.py:183} INFO - Processing /home/airflow/.local/lib/python3.12/site-packages/airflow/example_dags/example_branch_labels.py took 0.049 seconds
[2024-07-12T08:14:17.441+0000] {processor.py:161} INFO - Started process (PID=749) to work on /home/airflow/.local/lib/python3.12/site-packages/airflow/example_dags/example_branch_labels.py
[2024-07-12T08:14:17.442+0000] {processor.py:830} INFO - Processing file /home/airflow/.local/lib/python3.12/site-packages/airflow/example_dags/example_branch_labels.py for tasks to queue
[2024-07-12T08:14:17.443+0000] {logging_mixin.py:188} INFO - [2024-07-12T08:14:17.443+0000] {dagbag.py:545} INFO - Filling up the DagBag from /home/airflow/.local/lib/python3.12/site-packages/airflow/example_dags/example_branch_labels.py
[2024-07-12T08:14:17.448+0000] {processor.py:840} INFO - DAG(s) 'example_branch_labels' retrieved from /home/airflow/.local/lib/python3.12/site-packages/airflow/example_dags/example_branch_labels.py
[2024-07-12T08:14:17.461+0000] {logging_mixin.py:188} INFO - [2024-07-12T08:14:17.461+0000] {dag.py:3096} INFO - Sync 1 DAGs
[2024-07-12T08:14:17.475+0000] {logging_mixin.py:188} INFO - [2024-07-12T08:14:17.475+0000] {dag.py:3954} INFO - Setting next_dagrun for example_branch_labels to 2024-07-11 00:00:00+00:00, run_after=2024-07-12 00:00:00+00:00
[2024-07-12T08:14:17.488+0000] {processor.py:183} INFO - Processing /home/airflow/.local/lib/python3.12/site-packages/airflow/example_dags/example_branch_labels.py took 0.051 seconds
[2024-07-12T08:14:47.613+0000] {processor.py:161} INFO - Started process (PID=807) to work on /home/airflow/.local/lib/python3.12/site-packages/airflow/example_dags/example_branch_labels.py
[2024-07-12T08:14:47.614+0000] {processor.py:830} INFO - Processing file /home/airflow/.local/lib/python3.12/site-packages/airflow/example_dags/example_branch_labels.py for tasks to queue
[2024-07-12T08:14:47.615+0000] {logging_mixin.py:188} INFO - [2024-07-12T08:14:47.615+0000] {dagbag.py:545} INFO - Filling up the DagBag from /home/airflow/.local/lib/python3.12/site-packages/airflow/example_dags/example_branch_labels.py
[2024-07-12T08:14:47.620+0000] {processor.py:840} INFO - DAG(s) 'example_branch_labels' retrieved from /home/airflow/.local/lib/python3.12/site-packages/airflow/example_dags/example_branch_labels.py
[2024-07-12T08:14:47.634+0000] {logging_mixin.py:188} INFO - [2024-07-12T08:14:47.634+0000] {dag.py:3096} INFO - Sync 1 DAGs
[2024-07-12T08:14:47.649+0000] {logging_mixin.py:188} INFO - [2024-07-12T08:14:47.648+0000] {dag.py:3954} INFO - Setting next_dagrun for example_branch_labels to 2024-07-11 00:00:00+00:00, run_after=2024-07-12 00:00:00+00:00
[2024-07-12T08:14:47.663+0000] {processor.py:183} INFO - Processing /home/airflow/.local/lib/python3.12/site-packages/airflow/example_dags/example_branch_labels.py took 0.054 seconds
[2024-07-12T08:15:17.803+0000] {processor.py:161} INFO - Started process (PID=865) to work on /home/airflow/.local/lib/python3.12/site-packages/airflow/example_dags/example_branch_labels.py
[2024-07-12T08:15:17.804+0000] {processor.py:830} INFO - Processing file /home/airflow/.local/lib/python3.12/site-packages/airflow/example_dags/example_branch_labels.py for tasks to queue
[2024-07-12T08:15:17.805+0000] {logging_mixin.py:188} INFO - [2024-07-12T08:15:17.805+0000] {dagbag.py:545} INFO - Filling up the DagBag from /home/airflow/.local/lib/python3.12/site-packages/airflow/example_dags/example_branch_labels.py
[2024-07-12T08:15:17.810+0000] {processor.py:840} INFO - DAG(s) 'example_branch_labels' retrieved from /home/airflow/.local/lib/python3.12/site-packages/airflow/example_dags/example_branch_labels.py
[2024-07-12T08:15:17.822+0000] {logging_mixin.py:188} INFO - [2024-07-12T08:15:17.822+0000] {dag.py:3096} INFO - Sync 1 DAGs
[2024-07-12T08:15:17.835+0000] {logging_mixin.py:188} INFO - [2024-07-12T08:15:17.835+0000] {dag.py:3954} INFO - Setting next_dagrun for example_branch_labels to 2024-07-11 00:00:00+00:00, run_after=2024-07-12 00:00:00+00:00
[2024-07-12T08:15:17.848+0000] {processor.py:183} INFO - Processing /home/airflow/.local/lib/python3.12/site-packages/airflow/example_dags/example_branch_labels.py took 0.049 seconds
[2024-07-12T08:15:47.963+0000] {processor.py:161} INFO - Started process (PID=923) to work on /home/airflow/.local/lib/python3.12/site-packages/airflow/example_dags/example_branch_labels.py
[2024-07-12T08:15:47.964+0000] {processor.py:830} INFO - Processing file /home/airflow/.local/lib/python3.12/site-packages/airflow/example_dags/example_branch_labels.py for tasks to queue
[2024-07-12T08:15:47.965+0000] {logging_mixin.py:188} INFO - [2024-07-12T08:15:47.965+0000] {dagbag.py:545} INFO - Filling up the DagBag from /home/airflow/.local/lib/python3.12/site-packages/airflow/example_dags/example_branch_labels.py
[2024-07-12T08:15:47.970+0000] {processor.py:840} INFO - DAG(s) 'example_branch_labels' retrieved from /home/airflow/.local/lib/python3.12/site-packages/airflow/example_dags/example_branch_labels.py
[2024-07-12T08:15:47.982+0000] {logging_mixin.py:188} INFO - [2024-07-12T08:15:47.982+0000] {dag.py:3096} INFO - Sync 1 DAGs
[2024-07-12T08:15:47.997+0000] {logging_mixin.py:188} INFO - [2024-07-12T08:15:47.996+0000] {dag.py:3954} INFO - Setting next_dagrun for example_branch_labels to 2024-07-11 00:00:00+00:00, run_after=2024-07-12 00:00:00+00:00
[2024-07-12T08:15:48.010+0000] {processor.py:183} INFO - Processing /home/airflow/.local/lib/python3.12/site-packages/airflow/example_dags/example_branch_labels.py took 0.051 seconds
[2024-07-12T08:16:18.160+0000] {processor.py:161} INFO - Started process (PID=981) to work on /home/airflow/.local/lib/python3.12/site-packages/airflow/example_dags/example_branch_labels.py
[2024-07-12T08:16:18.160+0000] {processor.py:830} INFO - Processing file /home/airflow/.local/lib/python3.12/site-packages/airflow/example_dags/example_branch_labels.py for tasks to queue
[2024-07-12T08:16:18.162+0000] {logging_mixin.py:188} INFO - [2024-07-12T08:16:18.161+0000] {dagbag.py:545} INFO - Filling up the DagBag from /home/airflow/.local/lib/python3.12/site-packages/airflow/example_dags/example_branch_labels.py
[2024-07-12T08:16:18.166+0000] {processor.py:840} INFO - DAG(s) 'example_branch_labels' retrieved from /home/airflow/.local/lib/python3.12/site-packages/airflow/example_dags/example_branch_labels.py
[2024-07-12T08:16:18.178+0000] {logging_mixin.py:188} INFO - [2024-07-12T08:16:18.178+0000] {dag.py:3096} INFO - Sync 1 DAGs
[2024-07-12T08:16:18.191+0000] {logging_mixin.py:188} INFO - [2024-07-12T08:16:18.191+0000] {dag.py:3954} INFO - Setting next_dagrun for example_branch_labels to 2024-07-11 00:00:00+00:00, run_after=2024-07-12 00:00:00+00:00
[2024-07-12T08:16:18.204+0000] {processor.py:183} INFO - Processing /home/airflow/.local/lib/python3.12/site-packages/airflow/example_dags/example_branch_labels.py took 0.048 seconds
[2024-07-12T08:16:48.499+0000] {processor.py:161} INFO - Started process (PID=1039) to work on /home/airflow/.local/lib/python3.12/site-packages/airflow/example_dags/example_branch_labels.py
[2024-07-12T08:16:48.500+0000] {processor.py:830} INFO - Processing file /home/airflow/.local/lib/python3.12/site-packages/airflow/example_dags/example_branch_labels.py for tasks to queue
[2024-07-12T08:16:48.501+0000] {logging_mixin.py:188} INFO - [2024-07-12T08:16:48.501+0000] {dagbag.py:545} INFO - Filling up the DagBag from /home/airflow/.local/lib/python3.12/site-packages/airflow/example_dags/example_branch_labels.py
[2024-07-12T08:16:48.506+0000] {processor.py:840} INFO - DAG(s) 'example_branch_labels' retrieved from /home/airflow/.local/lib/python3.12/site-packages/airflow/example_dags/example_branch_labels.py
[2024-07-12T08:16:48.518+0000] {logging_mixin.py:188} INFO - [2024-07-12T08:16:48.517+0000] {dag.py:3096} INFO - Sync 1 DAGs
[2024-07-12T08:16:48.530+0000] {logging_mixin.py:188} INFO - [2024-07-12T08:16:48.530+0000] {dag.py:3954} INFO - Setting next_dagrun for example_branch_labels to 2024-07-11 00:00:00+00:00, run_after=2024-07-12 00:00:00+00:00
[2024-07-12T08:16:48.545+0000] {processor.py:183} INFO - Processing /home/airflow/.local/lib/python3.12/site-packages/airflow/example_dags/example_branch_labels.py took 0.050 seconds
[2024-07-12T08:17:18.768+0000] {processor.py:161} INFO - Started process (PID=1097) to work on /home/airflow/.local/lib/python3.12/site-packages/airflow/example_dags/example_branch_labels.py
[2024-07-12T08:17:18.769+0000] {processor.py:830} INFO - Processing file /home/airflow/.local/lib/python3.12/site-packages/airflow/example_dags/example_branch_labels.py for tasks to queue
[2024-07-12T08:17:18.770+0000] {logging_mixin.py:188} INFO - [2024-07-12T08:17:18.770+0000] {dagbag.py:545} INFO - Filling up the DagBag from /home/airflow/.local/lib/python3.12/site-packages/airflow/example_dags/example_branch_labels.py
[2024-07-12T08:17:18.775+0000] {processor.py:840} INFO - DAG(s) 'example_branch_labels' retrieved from /home/airflow/.local/lib/python3.12/site-packages/airflow/example_dags/example_branch_labels.py
[2024-07-12T08:17:18.787+0000] {logging_mixin.py:188} INFO - [2024-07-12T08:17:18.787+0000] {dag.py:3096} INFO - Sync 1 DAGs
[2024-07-12T08:17:18.800+0000] {logging_mixin.py:188} INFO - [2024-07-12T08:17:18.800+0000] {dag.py:3954} INFO - Setting next_dagrun for example_branch_labels to 2024-07-11 00:00:00+00:00, run_after=2024-07-12 00:00:00+00:00
[2024-07-12T08:17:18.814+0000] {processor.py:183} INFO - Processing /home/airflow/.local/lib/python3.12/site-packages/airflow/example_dags/example_branch_labels.py took 0.049 seconds
[2024-07-12T08:17:49.003+0000] {processor.py:161} INFO - Started process (PID=1155) to work on /home/airflow/.local/lib/python3.12/site-packages/airflow/example_dags/example_branch_labels.py
[2024-07-12T08:17:49.003+0000] {processor.py:830} INFO - Processing file /home/airflow/.local/lib/python3.12/site-packages/airflow/example_dags/example_branch_labels.py for tasks to queue
[2024-07-12T08:17:49.004+0000] {logging_mixin.py:188} INFO - [2024-07-12T08:17:49.004+0000] {dagbag.py:545} INFO - Filling up the DagBag from /home/airflow/.local/lib/python3.12/site-packages/airflow/example_dags/example_branch_labels.py
[2024-07-12T08:17:49.009+0000] {processor.py:840} INFO - DAG(s) 'example_branch_labels' retrieved from /home/airflow/.local/lib/python3.12/site-packages/airflow/example_dags/example_branch_labels.py
[2024-07-12T08:17:49.021+0000] {logging_mixin.py:188} INFO - [2024-07-12T08:17:49.021+0000] {dag.py:3096} INFO - Sync 1 DAGs
[2024-07-12T08:17:49.035+0000] {logging_mixin.py:188} INFO - [2024-07-12T08:17:49.035+0000] {dag.py:3954} INFO - Setting next_dagrun for example_branch_labels to 2024-07-11 00:00:00+00:00, run_after=2024-07-12 00:00:00+00:00
[2024-07-12T08:17:49.048+0000] {processor.py:183} INFO - Processing /home/airflow/.local/lib/python3.12/site-packages/airflow/example_dags/example_branch_labels.py took 0.049 seconds
[2024-07-12T08:18:19.293+0000] {processor.py:161} INFO - Started process (PID=1213) to work on /home/airflow/.local/lib/python3.12/site-packages/airflow/example_dags/example_branch_labels.py
[2024-07-12T08:18:19.293+0000] {processor.py:830} INFO - Processing file /home/airflow/.local/lib/python3.12/site-packages/airflow/example_dags/example_branch_labels.py for tasks to queue
[2024-07-12T08:18:19.295+0000] {logging_mixin.py:188} INFO - [2024-07-12T08:18:19.295+0000] {dagbag.py:545} INFO - Filling up the DagBag from /home/airflow/.local/lib/python3.12/site-packages/airflow/example_dags/example_branch_labels.py
[2024-07-12T08:18:19.300+0000] {processor.py:840} INFO - DAG(s) 'example_branch_labels' retrieved from /home/airflow/.local/lib/python3.12/site-packages/airflow/example_dags/example_branch_labels.py
[2024-07-12T08:18:19.311+0000] {logging_mixin.py:188} INFO - [2024-07-12T08:18:19.311+0000] {dag.py:3096} INFO - Sync 1 DAGs
[2024-07-12T08:18:19.325+0000] {logging_mixin.py:188} INFO - [2024-07-12T08:18:19.325+0000] {dag.py:3954} INFO - Setting next_dagrun for example_branch_labels to 2024-07-11 00:00:00+00:00, run_after=2024-07-12 00:00:00+00:00
[2024-07-12T08:18:19.338+0000] {processor.py:183} INFO - Processing /home/airflow/.local/lib/python3.12/site-packages/airflow/example_dags/example_branch_labels.py took 0.049 seconds
[2024-07-12T08:18:49.637+0000] {processor.py:161} INFO - Started process (PID=1271) to work on /home/airflow/.local/lib/python3.12/site-packages/airflow/example_dags/example_branch_labels.py
[2024-07-12T08:18:49.638+0000] {processor.py:830} INFO - Processing file /home/airflow/.local/lib/python3.12/site-packages/airflow/example_dags/example_branch_labels.py for tasks to queue
[2024-07-12T08:18:49.639+0000] {logging_mixin.py:188} INFO - [2024-07-12T08:18:49.639+0000] {dagbag.py:545} INFO - Filling up the DagBag from /home/airflow/.local/lib/python3.12/site-packages/airflow/example_dags/example_branch_labels.py
[2024-07-12T08:18:49.645+0000] {processor.py:840} INFO - DAG(s) 'example_branch_labels' retrieved from /home/airflow/.local/lib/python3.12/site-packages/airflow/example_dags/example_branch_labels.py
[2024-07-12T08:18:49.658+0000] {logging_mixin.py:188} INFO - [2024-07-12T08:18:49.658+0000] {dag.py:3096} INFO - Sync 1 DAGs
[2024-07-12T08:18:49.673+0000] {logging_mixin.py:188} INFO - [2024-07-12T08:18:49.673+0000] {dag.py:3954} INFO - Setting next_dagrun for example_branch_labels to 2024-07-11 00:00:00+00:00, run_after=2024-07-12 00:00:00+00:00
[2024-07-12T08:18:49.688+0000] {processor.py:183} INFO - Processing /home/airflow/.local/lib/python3.12/site-packages/airflow/example_dags/example_branch_labels.py took 0.056 seconds
[2024-07-12T08:19:19.914+0000] {processor.py:161} INFO - Started process (PID=1329) to work on /home/airflow/.local/lib/python3.12/site-packages/airflow/example_dags/example_branch_labels.py
[2024-07-12T08:19:19.915+0000] {processor.py:830} INFO - Processing file /home/airflow/.local/lib/python3.12/site-packages/airflow/example_dags/example_branch_labels.py for tasks to queue
[2024-07-12T08:19:19.916+0000] {logging_mixin.py:188} INFO - [2024-07-12T08:19:19.916+0000] {dagbag.py:545} INFO - Filling up the DagBag from /home/airflow/.local/lib/python3.12/site-packages/airflow/example_dags/example_branch_labels.py
[2024-07-12T08:19:19.921+0000] {processor.py:840} INFO - DAG(s) 'example_branch_labels' retrieved from /home/airflow/.local/lib/python3.12/site-packages/airflow/example_dags/example_branch_labels.py
[2024-07-12T08:19:19.934+0000] {logging_mixin.py:188} INFO - [2024-07-12T08:19:19.934+0000] {dag.py:3096} INFO - Sync 1 DAGs
[2024-07-12T08:19:19.948+0000] {logging_mixin.py:188} INFO - [2024-07-12T08:19:19.948+0000] {dag.py:3954} INFO - Setting next_dagrun for example_branch_labels to 2024-07-11 00:00:00+00:00, run_after=2024-07-12 00:00:00+00:00
[2024-07-12T08:19:19.963+0000] {processor.py:183} INFO - Processing /home/airflow/.local/lib/python3.12/site-packages/airflow/example_dags/example_branch_labels.py took 0.053 seconds
[2024-07-12T08:19:50.054+0000] {processor.py:161} INFO - Started process (PID=1388) to work on /home/airflow/.local/lib/python3.12/site-packages/airflow/example_dags/example_branch_labels.py
[2024-07-12T08:19:50.055+0000] {processor.py:830} INFO - Processing file /home/airflow/.local/lib/python3.12/site-packages/airflow/example_dags/example_branch_labels.py for tasks to queue
[2024-07-12T08:19:50.057+0000] {logging_mixin.py:188} INFO - [2024-07-12T08:19:50.056+0000] {dagbag.py:545} INFO - Filling up the DagBag from /home/airflow/.local/lib/python3.12/site-packages/airflow/example_dags/example_branch_labels.py
[2024-07-12T08:19:50.062+0000] {processor.py:840} INFO - DAG(s) 'example_branch_labels' retrieved from /home/airflow/.local/lib/python3.12/site-packages/airflow/example_dags/example_branch_labels.py
[2024-07-12T08:19:50.075+0000] {logging_mixin.py:188} INFO - [2024-07-12T08:19:50.074+0000] {dag.py:3096} INFO - Sync 1 DAGs
[2024-07-12T08:19:50.089+0000] {logging_mixin.py:188} INFO - [2024-07-12T08:19:50.088+0000] {dag.py:3954} INFO - Setting next_dagrun for example_branch_labels to 2024-07-11 00:00:00+00:00, run_after=2024-07-12 00:00:00+00:00
[2024-07-12T08:19:50.103+0000] {processor.py:183} INFO - Processing /home/airflow/.local/lib/python3.12/site-packages/airflow/example_dags/example_branch_labels.py took 0.053 seconds
[2024-07-12T08:20:20.182+0000] {processor.py:161} INFO - Started process (PID=1445) to work on /home/airflow/.local/lib/python3.12/site-packages/airflow/example_dags/example_branch_labels.py
[2024-07-12T08:20:20.183+0000] {processor.py:830} INFO - Processing file /home/airflow/.local/lib/python3.12/site-packages/airflow/example_dags/example_branch_labels.py for tasks to queue
[2024-07-12T08:20:20.184+0000] {logging_mixin.py:188} INFO - [2024-07-12T08:20:20.184+0000] {dagbag.py:545} INFO - Filling up the DagBag from /home/airflow/.local/lib/python3.12/site-packages/airflow/example_dags/example_branch_labels.py
[2024-07-12T08:20:20.189+0000] {processor.py:840} INFO - DAG(s) 'example_branch_labels' retrieved from /home/airflow/.local/lib/python3.12/site-packages/airflow/example_dags/example_branch_labels.py
[2024-07-12T08:20:20.203+0000] {logging_mixin.py:188} INFO - [2024-07-12T08:20:20.202+0000] {dag.py:3096} INFO - Sync 1 DAGs
[2024-07-12T08:20:20.218+0000] {logging_mixin.py:188} INFO - [2024-07-12T08:20:20.218+0000] {dag.py:3954} INFO - Setting next_dagrun for example_branch_labels to 2024-07-11 00:00:00+00:00, run_after=2024-07-12 00:00:00+00:00
[2024-07-12T08:20:20.232+0000] {processor.py:183} INFO - Processing /home/airflow/.local/lib/python3.12/site-packages/airflow/example_dags/example_branch_labels.py took 0.054 seconds
[2024-07-12T08:22:54.739+0000] {processor.py:161} INFO - Started process (PID=48) to work on /home/airflow/.local/lib/python3.12/site-packages/airflow/example_dags/example_branch_labels.py
[2024-07-12T08:22:54.740+0000] {processor.py:830} INFO - Processing file /home/airflow/.local/lib/python3.12/site-packages/airflow/example_dags/example_branch_labels.py for tasks to queue
[2024-07-12T08:22:54.742+0000] {logging_mixin.py:188} INFO - [2024-07-12T08:22:54.741+0000] {dagbag.py:545} INFO - Filling up the DagBag from /home/airflow/.local/lib/python3.12/site-packages/airflow/example_dags/example_branch_labels.py
[2024-07-12T08:22:54.753+0000] {processor.py:840} INFO - DAG(s) 'example_branch_labels' retrieved from /home/airflow/.local/lib/python3.12/site-packages/airflow/example_dags/example_branch_labels.py
[2024-07-12T08:22:54.760+0000] {logging_mixin.py:188} INFO - [2024-07-12T08:22:54.760+0000] {dag.py:3096} INFO - Sync 1 DAGs
[2024-07-12T08:22:54.784+0000] {logging_mixin.py:188} INFO - [2024-07-12T08:22:54.784+0000] {dag.py:3954} INFO - Setting next_dagrun for example_branch_labels to 2024-07-11 00:00:00+00:00, run_after=2024-07-12 00:00:00+00:00
[2024-07-12T08:22:54.814+0000] {processor.py:183} INFO - Processing /home/airflow/.local/lib/python3.12/site-packages/airflow/example_dags/example_branch_labels.py took 0.082 seconds
[2024-07-12T08:23:25.204+0000] {processor.py:161} INFO - Started process (PID=106) to work on /home/airflow/.local/lib/python3.12/site-packages/airflow/example_dags/example_branch_labels.py
[2024-07-12T08:23:25.205+0000] {processor.py:830} INFO - Processing file /home/airflow/.local/lib/python3.12/site-packages/airflow/example_dags/example_branch_labels.py for tasks to queue
[2024-07-12T08:23:25.207+0000] {logging_mixin.py:188} INFO - [2024-07-12T08:23:25.206+0000] {dagbag.py:545} INFO - Filling up the DagBag from /home/airflow/.local/lib/python3.12/site-packages/airflow/example_dags/example_branch_labels.py
[2024-07-12T08:23:25.212+0000] {processor.py:840} INFO - DAG(s) 'example_branch_labels' retrieved from /home/airflow/.local/lib/python3.12/site-packages/airflow/example_dags/example_branch_labels.py
[2024-07-12T08:23:25.281+0000] {logging_mixin.py:188} INFO - [2024-07-12T08:23:25.281+0000] {dag.py:3096} INFO - Sync 1 DAGs
[2024-07-12T08:23:25.293+0000] {logging_mixin.py:188} INFO - [2024-07-12T08:23:25.293+0000] {dag.py:3954} INFO - Setting next_dagrun for example_branch_labels to 2024-07-11 00:00:00+00:00, run_after=2024-07-12 00:00:00+00:00
[2024-07-12T08:23:25.308+0000] {processor.py:183} INFO - Processing /home/airflow/.local/lib/python3.12/site-packages/airflow/example_dags/example_branch_labels.py took 0.108 seconds
[2024-07-12T08:23:55.662+0000] {processor.py:161} INFO - Started process (PID=164) to work on /home/airflow/.local/lib/python3.12/site-packages/airflow/example_dags/example_branch_labels.py
[2024-07-12T08:23:55.663+0000] {processor.py:830} INFO - Processing file /home/airflow/.local/lib/python3.12/site-packages/airflow/example_dags/example_branch_labels.py for tasks to queue
[2024-07-12T08:23:55.664+0000] {logging_mixin.py:188} INFO - [2024-07-12T08:23:55.664+0000] {dagbag.py:545} INFO - Filling up the DagBag from /home/airflow/.local/lib/python3.12/site-packages/airflow/example_dags/example_branch_labels.py
[2024-07-12T08:23:55.670+0000] {processor.py:840} INFO - DAG(s) 'example_branch_labels' retrieved from /home/airflow/.local/lib/python3.12/site-packages/airflow/example_dags/example_branch_labels.py
[2024-07-12T08:23:55.683+0000] {logging_mixin.py:188} INFO - [2024-07-12T08:23:55.683+0000] {dag.py:3096} INFO - Sync 1 DAGs
[2024-07-12T08:23:55.700+0000] {logging_mixin.py:188} INFO - [2024-07-12T08:23:55.699+0000] {dag.py:3954} INFO - Setting next_dagrun for example_branch_labels to 2024-07-11 00:00:00+00:00, run_after=2024-07-12 00:00:00+00:00
[2024-07-12T08:23:55.713+0000] {processor.py:183} INFO - Processing /home/airflow/.local/lib/python3.12/site-packages/airflow/example_dags/example_branch_labels.py took 0.055 seconds
[2024-07-12T08:24:25.824+0000] {processor.py:161} INFO - Started process (PID=222) to work on /home/airflow/.local/lib/python3.12/site-packages/airflow/example_dags/example_branch_labels.py
[2024-07-12T08:24:25.824+0000] {processor.py:830} INFO - Processing file /home/airflow/.local/lib/python3.12/site-packages/airflow/example_dags/example_branch_labels.py for tasks to queue
[2024-07-12T08:24:25.825+0000] {logging_mixin.py:188} INFO - [2024-07-12T08:24:25.825+0000] {dagbag.py:545} INFO - Filling up the DagBag from /home/airflow/.local/lib/python3.12/site-packages/airflow/example_dags/example_branch_labels.py
[2024-07-12T08:24:25.830+0000] {processor.py:840} INFO - DAG(s) 'example_branch_labels' retrieved from /home/airflow/.local/lib/python3.12/site-packages/airflow/example_dags/example_branch_labels.py
[2024-07-12T08:24:25.842+0000] {logging_mixin.py:188} INFO - [2024-07-12T08:24:25.842+0000] {dag.py:3096} INFO - Sync 1 DAGs
[2024-07-12T08:24:25.856+0000] {logging_mixin.py:188} INFO - [2024-07-12T08:24:25.856+0000] {dag.py:3954} INFO - Setting next_dagrun for example_branch_labels to 2024-07-11 00:00:00+00:00, run_after=2024-07-12 00:00:00+00:00
[2024-07-12T08:24:25.869+0000] {processor.py:183} INFO - Processing /home/airflow/.local/lib/python3.12/site-packages/airflow/example_dags/example_branch_labels.py took 0.049 seconds
[2024-07-12T08:24:56.123+0000] {processor.py:161} INFO - Started process (PID=280) to work on /home/airflow/.local/lib/python3.12/site-packages/airflow/example_dags/example_branch_labels.py
[2024-07-12T08:24:56.124+0000] {processor.py:830} INFO - Processing file /home/airflow/.local/lib/python3.12/site-packages/airflow/example_dags/example_branch_labels.py for tasks to queue
[2024-07-12T08:24:56.125+0000] {logging_mixin.py:188} INFO - [2024-07-12T08:24:56.125+0000] {dagbag.py:545} INFO - Filling up the DagBag from /home/airflow/.local/lib/python3.12/site-packages/airflow/example_dags/example_branch_labels.py
[2024-07-12T08:24:56.130+0000] {processor.py:840} INFO - DAG(s) 'example_branch_labels' retrieved from /home/airflow/.local/lib/python3.12/site-packages/airflow/example_dags/example_branch_labels.py
[2024-07-12T08:24:56.142+0000] {logging_mixin.py:188} INFO - [2024-07-12T08:24:56.142+0000] {dag.py:3096} INFO - Sync 1 DAGs
[2024-07-12T08:24:56.156+0000] {logging_mixin.py:188} INFO - [2024-07-12T08:24:56.156+0000] {dag.py:3954} INFO - Setting next_dagrun for example_branch_labels to 2024-07-11 00:00:00+00:00, run_after=2024-07-12 00:00:00+00:00
[2024-07-12T08:24:56.170+0000] {processor.py:183} INFO - Processing /home/airflow/.local/lib/python3.12/site-packages/airflow/example_dags/example_branch_labels.py took 0.050 seconds
[2024-07-12T08:25:26.277+0000] {processor.py:161} INFO - Started process (PID=338) to work on /home/airflow/.local/lib/python3.12/site-packages/airflow/example_dags/example_branch_labels.py
[2024-07-12T08:25:26.278+0000] {processor.py:830} INFO - Processing file /home/airflow/.local/lib/python3.12/site-packages/airflow/example_dags/example_branch_labels.py for tasks to queue
[2024-07-12T08:25:26.279+0000] {logging_mixin.py:188} INFO - [2024-07-12T08:25:26.279+0000] {dagbag.py:545} INFO - Filling up the DagBag from /home/airflow/.local/lib/python3.12/site-packages/airflow/example_dags/example_branch_labels.py
[2024-07-12T08:25:26.284+0000] {processor.py:840} INFO - DAG(s) 'example_branch_labels' retrieved from /home/airflow/.local/lib/python3.12/site-packages/airflow/example_dags/example_branch_labels.py
[2024-07-12T08:25:26.297+0000] {logging_mixin.py:188} INFO - [2024-07-12T08:25:26.297+0000] {dag.py:3096} INFO - Sync 1 DAGs
[2024-07-12T08:25:26.313+0000] {logging_mixin.py:188} INFO - [2024-07-12T08:25:26.312+0000] {dag.py:3954} INFO - Setting next_dagrun for example_branch_labels to 2024-07-11 00:00:00+00:00, run_after=2024-07-12 00:00:00+00:00
[2024-07-12T08:25:26.327+0000] {processor.py:183} INFO - Processing /home/airflow/.local/lib/python3.12/site-packages/airflow/example_dags/example_branch_labels.py took 0.054 seconds
[2024-07-12T08:25:56.400+0000] {processor.py:161} INFO - Started process (PID=396) to work on /home/airflow/.local/lib/python3.12/site-packages/airflow/example_dags/example_branch_labels.py
[2024-07-12T08:25:56.400+0000] {processor.py:830} INFO - Processing file /home/airflow/.local/lib/python3.12/site-packages/airflow/example_dags/example_branch_labels.py for tasks to queue
[2024-07-12T08:25:56.402+0000] {logging_mixin.py:188} INFO - [2024-07-12T08:25:56.401+0000] {dagbag.py:545} INFO - Filling up the DagBag from /home/airflow/.local/lib/python3.12/site-packages/airflow/example_dags/example_branch_labels.py
[2024-07-12T08:25:56.406+0000] {processor.py:840} INFO - DAG(s) 'example_branch_labels' retrieved from /home/airflow/.local/lib/python3.12/site-packages/airflow/example_dags/example_branch_labels.py
[2024-07-12T08:25:56.418+0000] {logging_mixin.py:188} INFO - [2024-07-12T08:25:56.418+0000] {dag.py:3096} INFO - Sync 1 DAGs
[2024-07-12T08:25:56.433+0000] {logging_mixin.py:188} INFO - [2024-07-12T08:25:56.433+0000] {dag.py:3954} INFO - Setting next_dagrun for example_branch_labels to 2024-07-11 00:00:00+00:00, run_after=2024-07-12 00:00:00+00:00
[2024-07-12T08:25:56.447+0000] {processor.py:183} INFO - Processing /home/airflow/.local/lib/python3.12/site-packages/airflow/example_dags/example_branch_labels.py took 0.051 seconds
[2024-07-12T08:27:23.962+0000] {processor.py:161} INFO - Started process (PID=48) to work on /home/airflow/.local/lib/python3.12/site-packages/airflow/example_dags/example_branch_labels.py
[2024-07-12T08:27:23.963+0000] {processor.py:830} INFO - Processing file /home/airflow/.local/lib/python3.12/site-packages/airflow/example_dags/example_branch_labels.py for tasks to queue
[2024-07-12T08:27:23.964+0000] {logging_mixin.py:188} INFO - [2024-07-12T08:27:23.964+0000] {dagbag.py:545} INFO - Filling up the DagBag from /home/airflow/.local/lib/python3.12/site-packages/airflow/example_dags/example_branch_labels.py
[2024-07-12T08:27:23.971+0000] {processor.py:840} INFO - DAG(s) 'example_branch_labels' retrieved from /home/airflow/.local/lib/python3.12/site-packages/airflow/example_dags/example_branch_labels.py
[2024-07-12T08:27:23.978+0000] {logging_mixin.py:188} INFO - [2024-07-12T08:27:23.978+0000] {dag.py:3096} INFO - Sync 1 DAGs
[2024-07-12T08:27:23.997+0000] {logging_mixin.py:188} INFO - [2024-07-12T08:27:23.996+0000] {dag.py:3954} INFO - Setting next_dagrun for example_branch_labels to 2024-07-11 00:00:00+00:00, run_after=2024-07-12 00:00:00+00:00
[2024-07-12T08:27:24.012+0000] {processor.py:183} INFO - Processing /home/airflow/.local/lib/python3.12/site-packages/airflow/example_dags/example_branch_labels.py took 0.054 seconds
[2024-07-12T08:27:54.132+0000] {processor.py:161} INFO - Started process (PID=106) to work on /home/airflow/.local/lib/python3.12/site-packages/airflow/example_dags/example_branch_labels.py
[2024-07-12T08:27:54.133+0000] {processor.py:830} INFO - Processing file /home/airflow/.local/lib/python3.12/site-packages/airflow/example_dags/example_branch_labels.py for tasks to queue
[2024-07-12T08:27:54.134+0000] {logging_mixin.py:188} INFO - [2024-07-12T08:27:54.134+0000] {dagbag.py:545} INFO - Filling up the DagBag from /home/airflow/.local/lib/python3.12/site-packages/airflow/example_dags/example_branch_labels.py
[2024-07-12T08:27:54.139+0000] {processor.py:840} INFO - DAG(s) 'example_branch_labels' retrieved from /home/airflow/.local/lib/python3.12/site-packages/airflow/example_dags/example_branch_labels.py
[2024-07-12T08:27:54.145+0000] {logging_mixin.py:188} INFO - [2024-07-12T08:27:54.145+0000] {dag.py:3096} INFO - Sync 1 DAGs
[2024-07-12T08:27:54.159+0000] {logging_mixin.py:188} INFO - [2024-07-12T08:27:54.158+0000] {dag.py:3954} INFO - Setting next_dagrun for example_branch_labels to 2024-07-11 00:00:00+00:00, run_after=2024-07-12 00:00:00+00:00
[2024-07-12T08:27:54.174+0000] {processor.py:183} INFO - Processing /home/airflow/.local/lib/python3.12/site-packages/airflow/example_dags/example_branch_labels.py took 0.045 seconds
[2024-07-12T08:29:02.083+0000] {processor.py:161} INFO - Started process (PID=48) to work on /home/airflow/.local/lib/python3.12/site-packages/airflow/example_dags/example_branch_labels.py
[2024-07-12T08:29:02.084+0000] {processor.py:830} INFO - Processing file /home/airflow/.local/lib/python3.12/site-packages/airflow/example_dags/example_branch_labels.py for tasks to queue
[2024-07-12T08:29:02.085+0000] {logging_mixin.py:188} INFO - [2024-07-12T08:29:02.085+0000] {dagbag.py:545} INFO - Filling up the DagBag from /home/airflow/.local/lib/python3.12/site-packages/airflow/example_dags/example_branch_labels.py
[2024-07-12T08:29:02.093+0000] {processor.py:840} INFO - DAG(s) 'example_branch_labels' retrieved from /home/airflow/.local/lib/python3.12/site-packages/airflow/example_dags/example_branch_labels.py
[2024-07-12T08:29:02.099+0000] {logging_mixin.py:188} INFO - [2024-07-12T08:29:02.099+0000] {dag.py:3096} INFO - Sync 1 DAGs
[2024-07-12T08:29:02.120+0000] {logging_mixin.py:188} INFO - [2024-07-12T08:29:02.119+0000] {dag.py:3954} INFO - Setting next_dagrun for example_branch_labels to 2024-07-11 00:00:00+00:00, run_after=2024-07-12 00:00:00+00:00
[2024-07-12T08:29:02.142+0000] {processor.py:183} INFO - Processing /home/airflow/.local/lib/python3.12/site-packages/airflow/example_dags/example_branch_labels.py took 0.063 seconds
[2024-07-12T08:29:32.401+0000] {processor.py:161} INFO - Started process (PID=106) to work on /home/airflow/.local/lib/python3.12/site-packages/airflow/example_dags/example_branch_labels.py
[2024-07-12T08:29:32.402+0000] {processor.py:830} INFO - Processing file /home/airflow/.local/lib/python3.12/site-packages/airflow/example_dags/example_branch_labels.py for tasks to queue
[2024-07-12T08:29:32.403+0000] {logging_mixin.py:188} INFO - [2024-07-12T08:29:32.403+0000] {dagbag.py:545} INFO - Filling up the DagBag from /home/airflow/.local/lib/python3.12/site-packages/airflow/example_dags/example_branch_labels.py
[2024-07-12T08:29:32.409+0000] {processor.py:840} INFO - DAG(s) 'example_branch_labels' retrieved from /home/airflow/.local/lib/python3.12/site-packages/airflow/example_dags/example_branch_labels.py
[2024-07-12T08:29:32.471+0000] {logging_mixin.py:188} INFO - [2024-07-12T08:29:32.471+0000] {dag.py:3096} INFO - Sync 1 DAGs
[2024-07-12T08:29:32.483+0000] {logging_mixin.py:188} INFO - [2024-07-12T08:29:32.483+0000] {dag.py:3954} INFO - Setting next_dagrun for example_branch_labels to 2024-07-11 00:00:00+00:00, run_after=2024-07-12 00:00:00+00:00
[2024-07-12T08:29:32.498+0000] {processor.py:183} INFO - Processing /home/airflow/.local/lib/python3.12/site-packages/airflow/example_dags/example_branch_labels.py took 0.100 seconds
[2024-07-12T08:30:02.565+0000] {processor.py:161} INFO - Started process (PID=164) to work on /home/airflow/.local/lib/python3.12/site-packages/airflow/example_dags/example_branch_labels.py
[2024-07-12T08:30:02.565+0000] {processor.py:830} INFO - Processing file /home/airflow/.local/lib/python3.12/site-packages/airflow/example_dags/example_branch_labels.py for tasks to queue
[2024-07-12T08:30:02.566+0000] {logging_mixin.py:188} INFO - [2024-07-12T08:30:02.566+0000] {dagbag.py:545} INFO - Filling up the DagBag from /home/airflow/.local/lib/python3.12/site-packages/airflow/example_dags/example_branch_labels.py
[2024-07-12T08:30:02.571+0000] {processor.py:840} INFO - DAG(s) 'example_branch_labels' retrieved from /home/airflow/.local/lib/python3.12/site-packages/airflow/example_dags/example_branch_labels.py
[2024-07-12T08:30:02.584+0000] {logging_mixin.py:188} INFO - [2024-07-12T08:30:02.584+0000] {dag.py:3096} INFO - Sync 1 DAGs
[2024-07-12T08:30:02.598+0000] {logging_mixin.py:188} INFO - [2024-07-12T08:30:02.597+0000] {dag.py:3954} INFO - Setting next_dagrun for example_branch_labels to 2024-07-11 00:00:00+00:00, run_after=2024-07-12 00:00:00+00:00
[2024-07-12T08:30:02.612+0000] {processor.py:183} INFO - Processing /home/airflow/.local/lib/python3.12/site-packages/airflow/example_dags/example_branch_labels.py took 0.051 seconds
[2024-07-12T08:30:32.707+0000] {processor.py:161} INFO - Started process (PID=222) to work on /home/airflow/.local/lib/python3.12/site-packages/airflow/example_dags/example_branch_labels.py
[2024-07-12T08:30:32.707+0000] {processor.py:830} INFO - Processing file /home/airflow/.local/lib/python3.12/site-packages/airflow/example_dags/example_branch_labels.py for tasks to queue
[2024-07-12T08:30:32.708+0000] {logging_mixin.py:188} INFO - [2024-07-12T08:30:32.708+0000] {dagbag.py:545} INFO - Filling up the DagBag from /home/airflow/.local/lib/python3.12/site-packages/airflow/example_dags/example_branch_labels.py
[2024-07-12T08:30:32.713+0000] {processor.py:840} INFO - DAG(s) 'example_branch_labels' retrieved from /home/airflow/.local/lib/python3.12/site-packages/airflow/example_dags/example_branch_labels.py
[2024-07-12T08:30:32.724+0000] {logging_mixin.py:188} INFO - [2024-07-12T08:30:32.724+0000] {dag.py:3096} INFO - Sync 1 DAGs
[2024-07-12T08:30:32.737+0000] {logging_mixin.py:188} INFO - [2024-07-12T08:30:32.737+0000] {dag.py:3954} INFO - Setting next_dagrun for example_branch_labels to 2024-07-11 00:00:00+00:00, run_after=2024-07-12 00:00:00+00:00
[2024-07-12T08:30:32.749+0000] {processor.py:183} INFO - Processing /home/airflow/.local/lib/python3.12/site-packages/airflow/example_dags/example_branch_labels.py took 0.046 seconds
[2024-07-12T08:31:03.005+0000] {processor.py:161} INFO - Started process (PID=280) to work on /home/airflow/.local/lib/python3.12/site-packages/airflow/example_dags/example_branch_labels.py
[2024-07-12T08:31:03.006+0000] {processor.py:830} INFO - Processing file /home/airflow/.local/lib/python3.12/site-packages/airflow/example_dags/example_branch_labels.py for tasks to queue
[2024-07-12T08:31:03.007+0000] {logging_mixin.py:188} INFO - [2024-07-12T08:31:03.007+0000] {dagbag.py:545} INFO - Filling up the DagBag from /home/airflow/.local/lib/python3.12/site-packages/airflow/example_dags/example_branch_labels.py
[2024-07-12T08:31:03.012+0000] {processor.py:840} INFO - DAG(s) 'example_branch_labels' retrieved from /home/airflow/.local/lib/python3.12/site-packages/airflow/example_dags/example_branch_labels.py
[2024-07-12T08:31:03.024+0000] {logging_mixin.py:188} INFO - [2024-07-12T08:31:03.024+0000] {dag.py:3096} INFO - Sync 1 DAGs
[2024-07-12T08:31:03.039+0000] {logging_mixin.py:188} INFO - [2024-07-12T08:31:03.039+0000] {dag.py:3954} INFO - Setting next_dagrun for example_branch_labels to 2024-07-11 00:00:00+00:00, run_after=2024-07-12 00:00:00+00:00
[2024-07-12T08:31:03.052+0000] {processor.py:183} INFO - Processing /home/airflow/.local/lib/python3.12/site-packages/airflow/example_dags/example_branch_labels.py took 0.051 seconds
[2024-07-12T08:31:33.320+0000] {processor.py:161} INFO - Started process (PID=338) to work on /home/airflow/.local/lib/python3.12/site-packages/airflow/example_dags/example_branch_labels.py
[2024-07-12T08:31:33.321+0000] {processor.py:830} INFO - Processing file /home/airflow/.local/lib/python3.12/site-packages/airflow/example_dags/example_branch_labels.py for tasks to queue
[2024-07-12T08:31:33.322+0000] {logging_mixin.py:188} INFO - [2024-07-12T08:31:33.322+0000] {dagbag.py:545} INFO - Filling up the DagBag from /home/airflow/.local/lib/python3.12/site-packages/airflow/example_dags/example_branch_labels.py
[2024-07-12T08:31:33.327+0000] {processor.py:840} INFO - DAG(s) 'example_branch_labels' retrieved from /home/airflow/.local/lib/python3.12/site-packages/airflow/example_dags/example_branch_labels.py
[2024-07-12T08:31:33.339+0000] {logging_mixin.py:188} INFO - [2024-07-12T08:31:33.339+0000] {dag.py:3096} INFO - Sync 1 DAGs
[2024-07-12T08:31:33.353+0000] {logging_mixin.py:188} INFO - [2024-07-12T08:31:33.353+0000] {dag.py:3954} INFO - Setting next_dagrun for example_branch_labels to 2024-07-11 00:00:00+00:00, run_after=2024-07-12 00:00:00+00:00
[2024-07-12T08:31:33.366+0000] {processor.py:183} INFO - Processing /home/airflow/.local/lib/python3.12/site-packages/airflow/example_dags/example_branch_labels.py took 0.050 seconds
[2024-07-12T08:32:03.453+0000] {processor.py:161} INFO - Started process (PID=396) to work on /home/airflow/.local/lib/python3.12/site-packages/airflow/example_dags/example_branch_labels.py
[2024-07-12T08:32:03.454+0000] {processor.py:830} INFO - Processing file /home/airflow/.local/lib/python3.12/site-packages/airflow/example_dags/example_branch_labels.py for tasks to queue
[2024-07-12T08:32:03.455+0000] {logging_mixin.py:188} INFO - [2024-07-12T08:32:03.455+0000] {dagbag.py:545} INFO - Filling up the DagBag from /home/airflow/.local/lib/python3.12/site-packages/airflow/example_dags/example_branch_labels.py
[2024-07-12T08:32:03.460+0000] {processor.py:840} INFO - DAG(s) 'example_branch_labels' retrieved from /home/airflow/.local/lib/python3.12/site-packages/airflow/example_dags/example_branch_labels.py
[2024-07-12T08:32:03.472+0000] {logging_mixin.py:188} INFO - [2024-07-12T08:32:03.472+0000] {dag.py:3096} INFO - Sync 1 DAGs
[2024-07-12T08:32:03.486+0000] {logging_mixin.py:188} INFO - [2024-07-12T08:32:03.486+0000] {dag.py:3954} INFO - Setting next_dagrun for example_branch_labels to 2024-07-11 00:00:00+00:00, run_after=2024-07-12 00:00:00+00:00
[2024-07-12T08:32:03.500+0000] {processor.py:183} INFO - Processing /home/airflow/.local/lib/python3.12/site-packages/airflow/example_dags/example_branch_labels.py took 0.051 seconds
[2024-07-12T08:32:33.678+0000] {processor.py:161} INFO - Started process (PID=454) to work on /home/airflow/.local/lib/python3.12/site-packages/airflow/example_dags/example_branch_labels.py
[2024-07-12T08:32:33.679+0000] {processor.py:830} INFO - Processing file /home/airflow/.local/lib/python3.12/site-packages/airflow/example_dags/example_branch_labels.py for tasks to queue
[2024-07-12T08:32:33.680+0000] {logging_mixin.py:188} INFO - [2024-07-12T08:32:33.680+0000] {dagbag.py:545} INFO - Filling up the DagBag from /home/airflow/.local/lib/python3.12/site-packages/airflow/example_dags/example_branch_labels.py
[2024-07-12T08:32:33.685+0000] {processor.py:840} INFO - DAG(s) 'example_branch_labels' retrieved from /home/airflow/.local/lib/python3.12/site-packages/airflow/example_dags/example_branch_labels.py
[2024-07-12T08:32:33.698+0000] {logging_mixin.py:188} INFO - [2024-07-12T08:32:33.697+0000] {dag.py:3096} INFO - Sync 1 DAGs
[2024-07-12T08:32:33.711+0000] {logging_mixin.py:188} INFO - [2024-07-12T08:32:33.711+0000] {dag.py:3954} INFO - Setting next_dagrun for example_branch_labels to 2024-07-11 00:00:00+00:00, run_after=2024-07-12 00:00:00+00:00
[2024-07-12T08:32:33.724+0000] {processor.py:183} INFO - Processing /home/airflow/.local/lib/python3.12/site-packages/airflow/example_dags/example_branch_labels.py took 0.050 seconds
[2024-07-12T08:33:03.986+0000] {processor.py:161} INFO - Started process (PID=512) to work on /home/airflow/.local/lib/python3.12/site-packages/airflow/example_dags/example_branch_labels.py
[2024-07-12T08:33:03.987+0000] {processor.py:830} INFO - Processing file /home/airflow/.local/lib/python3.12/site-packages/airflow/example_dags/example_branch_labels.py for tasks to queue
[2024-07-12T08:33:03.988+0000] {logging_mixin.py:188} INFO - [2024-07-12T08:33:03.988+0000] {dagbag.py:545} INFO - Filling up the DagBag from /home/airflow/.local/lib/python3.12/site-packages/airflow/example_dags/example_branch_labels.py
[2024-07-12T08:33:03.993+0000] {processor.py:840} INFO - DAG(s) 'example_branch_labels' retrieved from /home/airflow/.local/lib/python3.12/site-packages/airflow/example_dags/example_branch_labels.py
[2024-07-12T08:33:04.005+0000] {logging_mixin.py:188} INFO - [2024-07-12T08:33:04.005+0000] {dag.py:3096} INFO - Sync 1 DAGs
[2024-07-12T08:33:04.019+0000] {logging_mixin.py:188} INFO - [2024-07-12T08:33:04.019+0000] {dag.py:3954} INFO - Setting next_dagrun for example_branch_labels to 2024-07-11 00:00:00+00:00, run_after=2024-07-12 00:00:00+00:00
[2024-07-12T08:33:04.032+0000] {processor.py:183} INFO - Processing /home/airflow/.local/lib/python3.12/site-packages/airflow/example_dags/example_branch_labels.py took 0.050 seconds
[2024-07-12T08:33:34.116+0000] {processor.py:161} INFO - Started process (PID=570) to work on /home/airflow/.local/lib/python3.12/site-packages/airflow/example_dags/example_branch_labels.py
[2024-07-12T08:33:34.117+0000] {processor.py:830} INFO - Processing file /home/airflow/.local/lib/python3.12/site-packages/airflow/example_dags/example_branch_labels.py for tasks to queue
[2024-07-12T08:33:34.118+0000] {logging_mixin.py:188} INFO - [2024-07-12T08:33:34.118+0000] {dagbag.py:545} INFO - Filling up the DagBag from /home/airflow/.local/lib/python3.12/site-packages/airflow/example_dags/example_branch_labels.py
[2024-07-12T08:33:34.123+0000] {processor.py:840} INFO - DAG(s) 'example_branch_labels' retrieved from /home/airflow/.local/lib/python3.12/site-packages/airflow/example_dags/example_branch_labels.py
[2024-07-12T08:33:34.136+0000] {logging_mixin.py:188} INFO - [2024-07-12T08:33:34.136+0000] {dag.py:3096} INFO - Sync 1 DAGs
[2024-07-12T08:33:34.152+0000] {logging_mixin.py:188} INFO - [2024-07-12T08:33:34.152+0000] {dag.py:3954} INFO - Setting next_dagrun for example_branch_labels to 2024-07-11 00:00:00+00:00, run_after=2024-07-12 00:00:00+00:00
[2024-07-12T08:33:34.166+0000] {processor.py:183} INFO - Processing /home/airflow/.local/lib/python3.12/site-packages/airflow/example_dags/example_branch_labels.py took 0.054 seconds
[2024-07-12T08:34:04.272+0000] {processor.py:161} INFO - Started process (PID=628) to work on /home/airflow/.local/lib/python3.12/site-packages/airflow/example_dags/example_branch_labels.py
[2024-07-12T08:34:04.273+0000] {processor.py:830} INFO - Processing file /home/airflow/.local/lib/python3.12/site-packages/airflow/example_dags/example_branch_labels.py for tasks to queue
[2024-07-12T08:34:04.274+0000] {logging_mixin.py:188} INFO - [2024-07-12T08:34:04.274+0000] {dagbag.py:545} INFO - Filling up the DagBag from /home/airflow/.local/lib/python3.12/site-packages/airflow/example_dags/example_branch_labels.py
[2024-07-12T08:34:04.280+0000] {processor.py:840} INFO - DAG(s) 'example_branch_labels' retrieved from /home/airflow/.local/lib/python3.12/site-packages/airflow/example_dags/example_branch_labels.py
[2024-07-12T08:34:04.293+0000] {logging_mixin.py:188} INFO - [2024-07-12T08:34:04.293+0000] {dag.py:3096} INFO - Sync 1 DAGs
[2024-07-12T08:34:04.309+0000] {logging_mixin.py:188} INFO - [2024-07-12T08:34:04.309+0000] {dag.py:3954} INFO - Setting next_dagrun for example_branch_labels to 2024-07-11 00:00:00+00:00, run_after=2024-07-12 00:00:00+00:00
[2024-07-12T08:34:04.323+0000] {processor.py:183} INFO - Processing /home/airflow/.local/lib/python3.12/site-packages/airflow/example_dags/example_branch_labels.py took 0.055 seconds
[2024-07-12T08:34:34.482+0000] {processor.py:161} INFO - Started process (PID=686) to work on /home/airflow/.local/lib/python3.12/site-packages/airflow/example_dags/example_branch_labels.py
[2024-07-12T08:34:34.483+0000] {processor.py:830} INFO - Processing file /home/airflow/.local/lib/python3.12/site-packages/airflow/example_dags/example_branch_labels.py for tasks to queue
[2024-07-12T08:34:34.484+0000] {logging_mixin.py:188} INFO - [2024-07-12T08:34:34.484+0000] {dagbag.py:545} INFO - Filling up the DagBag from /home/airflow/.local/lib/python3.12/site-packages/airflow/example_dags/example_branch_labels.py
[2024-07-12T08:34:34.489+0000] {processor.py:840} INFO - DAG(s) 'example_branch_labels' retrieved from /home/airflow/.local/lib/python3.12/site-packages/airflow/example_dags/example_branch_labels.py
[2024-07-12T08:34:34.502+0000] {logging_mixin.py:188} INFO - [2024-07-12T08:34:34.502+0000] {dag.py:3096} INFO - Sync 1 DAGs
[2024-07-12T08:34:34.516+0000] {logging_mixin.py:188} INFO - [2024-07-12T08:34:34.516+0000] {dag.py:3954} INFO - Setting next_dagrun for example_branch_labels to 2024-07-11 00:00:00+00:00, run_after=2024-07-12 00:00:00+00:00
[2024-07-12T08:34:34.529+0000] {processor.py:183} INFO - Processing /home/airflow/.local/lib/python3.12/site-packages/airflow/example_dags/example_branch_labels.py took 0.050 seconds
[2024-07-12T08:35:04.577+0000] {processor.py:161} INFO - Started process (PID=744) to work on /home/airflow/.local/lib/python3.12/site-packages/airflow/example_dags/example_branch_labels.py
[2024-07-12T08:35:04.578+0000] {processor.py:830} INFO - Processing file /home/airflow/.local/lib/python3.12/site-packages/airflow/example_dags/example_branch_labels.py for tasks to queue
[2024-07-12T08:35:04.579+0000] {logging_mixin.py:188} INFO - [2024-07-12T08:35:04.579+0000] {dagbag.py:545} INFO - Filling up the DagBag from /home/airflow/.local/lib/python3.12/site-packages/airflow/example_dags/example_branch_labels.py
[2024-07-12T08:35:04.584+0000] {processor.py:840} INFO - DAG(s) 'example_branch_labels' retrieved from /home/airflow/.local/lib/python3.12/site-packages/airflow/example_dags/example_branch_labels.py
[2024-07-12T08:35:04.596+0000] {logging_mixin.py:188} INFO - [2024-07-12T08:35:04.595+0000] {dag.py:3096} INFO - Sync 1 DAGs
[2024-07-12T08:35:04.609+0000] {logging_mixin.py:188} INFO - [2024-07-12T08:35:04.608+0000] {dag.py:3954} INFO - Setting next_dagrun for example_branch_labels to 2024-07-11 00:00:00+00:00, run_after=2024-07-12 00:00:00+00:00
[2024-07-12T08:35:04.621+0000] {processor.py:183} INFO - Processing /home/airflow/.local/lib/python3.12/site-packages/airflow/example_dags/example_branch_labels.py took 0.047 seconds
[2024-07-12T08:35:34.756+0000] {processor.py:161} INFO - Started process (PID=802) to work on /home/airflow/.local/lib/python3.12/site-packages/airflow/example_dags/example_branch_labels.py
[2024-07-12T08:35:34.756+0000] {processor.py:830} INFO - Processing file /home/airflow/.local/lib/python3.12/site-packages/airflow/example_dags/example_branch_labels.py for tasks to queue
[2024-07-12T08:35:34.757+0000] {logging_mixin.py:188} INFO - [2024-07-12T08:35:34.757+0000] {dagbag.py:545} INFO - Filling up the DagBag from /home/airflow/.local/lib/python3.12/site-packages/airflow/example_dags/example_branch_labels.py
[2024-07-12T08:35:34.763+0000] {processor.py:840} INFO - DAG(s) 'example_branch_labels' retrieved from /home/airflow/.local/lib/python3.12/site-packages/airflow/example_dags/example_branch_labels.py
[2024-07-12T08:35:34.775+0000] {logging_mixin.py:188} INFO - [2024-07-12T08:35:34.774+0000] {dag.py:3096} INFO - Sync 1 DAGs
[2024-07-12T08:35:34.788+0000] {logging_mixin.py:188} INFO - [2024-07-12T08:35:34.788+0000] {dag.py:3954} INFO - Setting next_dagrun for example_branch_labels to 2024-07-11 00:00:00+00:00, run_after=2024-07-12 00:00:00+00:00
[2024-07-12T08:35:34.800+0000] {processor.py:183} INFO - Processing /home/airflow/.local/lib/python3.12/site-packages/airflow/example_dags/example_branch_labels.py took 0.048 seconds
[2024-07-12T08:36:05.137+0000] {processor.py:161} INFO - Started process (PID=860) to work on /home/airflow/.local/lib/python3.12/site-packages/airflow/example_dags/example_branch_labels.py
[2024-07-12T08:36:05.138+0000] {processor.py:830} INFO - Processing file /home/airflow/.local/lib/python3.12/site-packages/airflow/example_dags/example_branch_labels.py for tasks to queue
[2024-07-12T08:36:05.140+0000] {logging_mixin.py:188} INFO - [2024-07-12T08:36:05.139+0000] {dagbag.py:545} INFO - Filling up the DagBag from /home/airflow/.local/lib/python3.12/site-packages/airflow/example_dags/example_branch_labels.py
[2024-07-12T08:36:05.146+0000] {processor.py:840} INFO - DAG(s) 'example_branch_labels' retrieved from /home/airflow/.local/lib/python3.12/site-packages/airflow/example_dags/example_branch_labels.py
[2024-07-12T08:36:05.159+0000] {logging_mixin.py:188} INFO - [2024-07-12T08:36:05.159+0000] {dag.py:3096} INFO - Sync 1 DAGs
[2024-07-12T08:36:05.173+0000] {logging_mixin.py:188} INFO - [2024-07-12T08:36:05.173+0000] {dag.py:3954} INFO - Setting next_dagrun for example_branch_labels to 2024-07-11 00:00:00+00:00, run_after=2024-07-12 00:00:00+00:00
[2024-07-12T08:36:05.188+0000] {processor.py:183} INFO - Processing /home/airflow/.local/lib/python3.12/site-packages/airflow/example_dags/example_branch_labels.py took 0.056 seconds
[2024-07-12T08:36:35.276+0000] {processor.py:161} INFO - Started process (PID=918) to work on /home/airflow/.local/lib/python3.12/site-packages/airflow/example_dags/example_branch_labels.py
[2024-07-12T08:36:35.277+0000] {processor.py:830} INFO - Processing file /home/airflow/.local/lib/python3.12/site-packages/airflow/example_dags/example_branch_labels.py for tasks to queue
[2024-07-12T08:36:35.278+0000] {logging_mixin.py:188} INFO - [2024-07-12T08:36:35.278+0000] {dagbag.py:545} INFO - Filling up the DagBag from /home/airflow/.local/lib/python3.12/site-packages/airflow/example_dags/example_branch_labels.py
[2024-07-12T08:36:35.283+0000] {processor.py:840} INFO - DAG(s) 'example_branch_labels' retrieved from /home/airflow/.local/lib/python3.12/site-packages/airflow/example_dags/example_branch_labels.py
[2024-07-12T08:36:35.294+0000] {logging_mixin.py:188} INFO - [2024-07-12T08:36:35.294+0000] {dag.py:3096} INFO - Sync 1 DAGs
[2024-07-12T08:36:35.308+0000] {logging_mixin.py:188} INFO - [2024-07-12T08:36:35.307+0000] {dag.py:3954} INFO - Setting next_dagrun for example_branch_labels to 2024-07-11 00:00:00+00:00, run_after=2024-07-12 00:00:00+00:00
[2024-07-12T08:36:35.320+0000] {processor.py:183} INFO - Processing /home/airflow/.local/lib/python3.12/site-packages/airflow/example_dags/example_branch_labels.py took 0.047 seconds
[2024-07-12T08:37:05.787+0000] {processor.py:161} INFO - Started process (PID=976) to work on /home/airflow/.local/lib/python3.12/site-packages/airflow/example_dags/example_branch_labels.py
[2024-07-12T08:37:05.788+0000] {processor.py:830} INFO - Processing file /home/airflow/.local/lib/python3.12/site-packages/airflow/example_dags/example_branch_labels.py for tasks to queue
[2024-07-12T08:37:05.790+0000] {logging_mixin.py:188} INFO - [2024-07-12T08:37:05.789+0000] {dagbag.py:545} INFO - Filling up the DagBag from /home/airflow/.local/lib/python3.12/site-packages/airflow/example_dags/example_branch_labels.py
[2024-07-12T08:37:05.796+0000] {processor.py:840} INFO - DAG(s) 'example_branch_labels' retrieved from /home/airflow/.local/lib/python3.12/site-packages/airflow/example_dags/example_branch_labels.py
[2024-07-12T08:37:05.809+0000] {logging_mixin.py:188} INFO - [2024-07-12T08:37:05.809+0000] {dag.py:3096} INFO - Sync 1 DAGs
[2024-07-12T08:37:05.823+0000] {logging_mixin.py:188} INFO - [2024-07-12T08:37:05.823+0000] {dag.py:3954} INFO - Setting next_dagrun for example_branch_labels to 2024-07-11 00:00:00+00:00, run_after=2024-07-12 00:00:00+00:00
[2024-07-12T08:37:05.837+0000] {processor.py:183} INFO - Processing /home/airflow/.local/lib/python3.12/site-packages/airflow/example_dags/example_branch_labels.py took 0.054 seconds
[2024-07-12T08:37:36.167+0000] {processor.py:161} INFO - Started process (PID=1034) to work on /home/airflow/.local/lib/python3.12/site-packages/airflow/example_dags/example_branch_labels.py
[2024-07-12T08:37:36.168+0000] {processor.py:830} INFO - Processing file /home/airflow/.local/lib/python3.12/site-packages/airflow/example_dags/example_branch_labels.py for tasks to queue
[2024-07-12T08:37:36.169+0000] {logging_mixin.py:188} INFO - [2024-07-12T08:37:36.169+0000] {dagbag.py:545} INFO - Filling up the DagBag from /home/airflow/.local/lib/python3.12/site-packages/airflow/example_dags/example_branch_labels.py
[2024-07-12T08:37:36.174+0000] {processor.py:840} INFO - DAG(s) 'example_branch_labels' retrieved from /home/airflow/.local/lib/python3.12/site-packages/airflow/example_dags/example_branch_labels.py
[2024-07-12T08:37:36.185+0000] {logging_mixin.py:188} INFO - [2024-07-12T08:37:36.185+0000] {dag.py:3096} INFO - Sync 1 DAGs
[2024-07-12T08:37:36.198+0000] {logging_mixin.py:188} INFO - [2024-07-12T08:37:36.198+0000] {dag.py:3954} INFO - Setting next_dagrun for example_branch_labels to 2024-07-11 00:00:00+00:00, run_after=2024-07-12 00:00:00+00:00
[2024-07-12T08:37:36.209+0000] {processor.py:183} INFO - Processing /home/airflow/.local/lib/python3.12/site-packages/airflow/example_dags/example_branch_labels.py took 0.046 seconds
[2024-07-12T08:38:06.428+0000] {processor.py:161} INFO - Started process (PID=1092) to work on /home/airflow/.local/lib/python3.12/site-packages/airflow/example_dags/example_branch_labels.py
[2024-07-12T08:38:06.429+0000] {processor.py:830} INFO - Processing file /home/airflow/.local/lib/python3.12/site-packages/airflow/example_dags/example_branch_labels.py for tasks to queue
[2024-07-12T08:38:06.431+0000] {logging_mixin.py:188} INFO - [2024-07-12T08:38:06.430+0000] {dagbag.py:545} INFO - Filling up the DagBag from /home/airflow/.local/lib/python3.12/site-packages/airflow/example_dags/example_branch_labels.py
[2024-07-12T08:38:06.436+0000] {processor.py:840} INFO - DAG(s) 'example_branch_labels' retrieved from /home/airflow/.local/lib/python3.12/site-packages/airflow/example_dags/example_branch_labels.py
[2024-07-12T08:38:06.450+0000] {logging_mixin.py:188} INFO - [2024-07-12T08:38:06.450+0000] {dag.py:3096} INFO - Sync 1 DAGs
[2024-07-12T08:38:06.464+0000] {logging_mixin.py:188} INFO - [2024-07-12T08:38:06.464+0000] {dag.py:3954} INFO - Setting next_dagrun for example_branch_labels to 2024-07-11 00:00:00+00:00, run_after=2024-07-12 00:00:00+00:00
[2024-07-12T08:38:06.477+0000] {processor.py:183} INFO - Processing /home/airflow/.local/lib/python3.12/site-packages/airflow/example_dags/example_branch_labels.py took 0.054 seconds
[2024-07-12T08:38:37.078+0000] {processor.py:161} INFO - Started process (PID=1150) to work on /home/airflow/.local/lib/python3.12/site-packages/airflow/example_dags/example_branch_labels.py
[2024-07-12T08:38:37.079+0000] {processor.py:830} INFO - Processing file /home/airflow/.local/lib/python3.12/site-packages/airflow/example_dags/example_branch_labels.py for tasks to queue
[2024-07-12T08:38:37.080+0000] {logging_mixin.py:188} INFO - [2024-07-12T08:38:37.080+0000] {dagbag.py:545} INFO - Filling up the DagBag from /home/airflow/.local/lib/python3.12/site-packages/airflow/example_dags/example_branch_labels.py
[2024-07-12T08:38:37.085+0000] {processor.py:840} INFO - DAG(s) 'example_branch_labels' retrieved from /home/airflow/.local/lib/python3.12/site-packages/airflow/example_dags/example_branch_labels.py
[2024-07-12T08:38:37.098+0000] {logging_mixin.py:188} INFO - [2024-07-12T08:38:37.098+0000] {dag.py:3096} INFO - Sync 1 DAGs
[2024-07-12T08:38:37.111+0000] {logging_mixin.py:188} INFO - [2024-07-12T08:38:37.111+0000] {dag.py:3954} INFO - Setting next_dagrun for example_branch_labels to 2024-07-11 00:00:00+00:00, run_after=2024-07-12 00:00:00+00:00
[2024-07-12T08:38:37.130+0000] {processor.py:183} INFO - Processing /home/airflow/.local/lib/python3.12/site-packages/airflow/example_dags/example_branch_labels.py took 0.055 seconds
[2024-07-12T08:39:07.385+0000] {processor.py:161} INFO - Started process (PID=1208) to work on /home/airflow/.local/lib/python3.12/site-packages/airflow/example_dags/example_branch_labels.py
[2024-07-12T08:39:07.386+0000] {processor.py:830} INFO - Processing file /home/airflow/.local/lib/python3.12/site-packages/airflow/example_dags/example_branch_labels.py for tasks to queue
[2024-07-12T08:39:07.387+0000] {logging_mixin.py:188} INFO - [2024-07-12T08:39:07.387+0000] {dagbag.py:545} INFO - Filling up the DagBag from /home/airflow/.local/lib/python3.12/site-packages/airflow/example_dags/example_branch_labels.py
[2024-07-12T08:39:07.392+0000] {processor.py:840} INFO - DAG(s) 'example_branch_labels' retrieved from /home/airflow/.local/lib/python3.12/site-packages/airflow/example_dags/example_branch_labels.py
[2024-07-12T08:39:07.404+0000] {logging_mixin.py:188} INFO - [2024-07-12T08:39:07.404+0000] {dag.py:3096} INFO - Sync 1 DAGs
[2024-07-12T08:39:07.419+0000] {logging_mixin.py:188} INFO - [2024-07-12T08:39:07.419+0000] {dag.py:3954} INFO - Setting next_dagrun for example_branch_labels to 2024-07-11 00:00:00+00:00, run_after=2024-07-12 00:00:00+00:00
[2024-07-12T08:39:07.432+0000] {processor.py:183} INFO - Processing /home/airflow/.local/lib/python3.12/site-packages/airflow/example_dags/example_branch_labels.py took 0.050 seconds
