[2024-07-12T07:58:06.306+0000] {processor.py:161} INFO - Started process (PID=84) to work on /home/airflow/.local/lib/python3.12/site-packages/airflow/example_dags/example_trigger_target_dag.py
[2024-07-12T07:58:06.307+0000] {processor.py:830} INFO - Processing file /home/airflow/.local/lib/python3.12/site-packages/airflow/example_dags/example_trigger_target_dag.py for tasks to queue
[2024-07-12T07:58:06.308+0000] {logging_mixin.py:188} INFO - [2024-07-12T07:58:06.308+0000] {dagbag.py:545} INFO - Filling up the DagBag from /home/airflow/.local/lib/python3.12/site-packages/airflow/example_dags/example_trigger_target_dag.py
[2024-07-12T07:58:06.314+0000] {processor.py:840} INFO - DAG(s) 'example_trigger_target_dag' retrieved from /home/airflow/.local/lib/python3.12/site-packages/airflow/example_dags/example_trigger_target_dag.py
[2024-07-12T07:58:06.319+0000] {logging_mixin.py:188} INFO - [2024-07-12T07:58:06.319+0000] {dag.py:3096} INFO - Sync 1 DAGs
[2024-07-12T07:58:06.328+0000] {logging_mixin.py:188} INFO - [2024-07-12T07:58:06.328+0000] {dag.py:3954} INFO - Setting next_dagrun for example_trigger_target_dag to None, run_after=None
[2024-07-12T07:58:06.344+0000] {processor.py:183} INFO - Processing /home/airflow/.local/lib/python3.12/site-packages/airflow/example_dags/example_trigger_target_dag.py took 0.041 seconds
[2024-07-12T07:58:37.329+0000] {processor.py:161} INFO - Started process (PID=142) to work on /home/airflow/.local/lib/python3.12/site-packages/airflow/example_dags/example_trigger_target_dag.py
[2024-07-12T07:58:37.330+0000] {processor.py:830} INFO - Processing file /home/airflow/.local/lib/python3.12/site-packages/airflow/example_dags/example_trigger_target_dag.py for tasks to queue
[2024-07-12T07:58:37.331+0000] {logging_mixin.py:188} INFO - [2024-07-12T07:58:37.331+0000] {dagbag.py:545} INFO - Filling up the DagBag from /home/airflow/.local/lib/python3.12/site-packages/airflow/example_dags/example_trigger_target_dag.py
[2024-07-12T07:58:37.335+0000] {processor.py:840} INFO - DAG(s) 'example_trigger_target_dag' retrieved from /home/airflow/.local/lib/python3.12/site-packages/airflow/example_dags/example_trigger_target_dag.py
[2024-07-12T07:58:37.398+0000] {logging_mixin.py:188} INFO - [2024-07-12T07:58:37.398+0000] {dag.py:3096} INFO - Sync 1 DAGs
[2024-07-12T07:58:37.407+0000] {logging_mixin.py:188} INFO - [2024-07-12T07:58:37.407+0000] {dag.py:3954} INFO - Setting next_dagrun for example_trigger_target_dag to None, run_after=None
[2024-07-12T07:58:37.425+0000] {processor.py:183} INFO - Processing /home/airflow/.local/lib/python3.12/site-packages/airflow/example_dags/example_trigger_target_dag.py took 0.100 seconds
[2024-07-12T07:59:07.685+0000] {processor.py:161} INFO - Started process (PID=200) to work on /home/airflow/.local/lib/python3.12/site-packages/airflow/example_dags/example_trigger_target_dag.py
[2024-07-12T07:59:07.686+0000] {processor.py:830} INFO - Processing file /home/airflow/.local/lib/python3.12/site-packages/airflow/example_dags/example_trigger_target_dag.py for tasks to queue
[2024-07-12T07:59:07.687+0000] {logging_mixin.py:188} INFO - [2024-07-12T07:59:07.687+0000] {dagbag.py:545} INFO - Filling up the DagBag from /home/airflow/.local/lib/python3.12/site-packages/airflow/example_dags/example_trigger_target_dag.py
[2024-07-12T07:59:07.691+0000] {processor.py:840} INFO - DAG(s) 'example_trigger_target_dag' retrieved from /home/airflow/.local/lib/python3.12/site-packages/airflow/example_dags/example_trigger_target_dag.py
[2024-07-12T07:59:07.704+0000] {logging_mixin.py:188} INFO - [2024-07-12T07:59:07.704+0000] {dag.py:3096} INFO - Sync 1 DAGs
[2024-07-12T07:59:07.713+0000] {logging_mixin.py:188} INFO - [2024-07-12T07:59:07.713+0000] {dag.py:3954} INFO - Setting next_dagrun for example_trigger_target_dag to None, run_after=None
[2024-07-12T07:59:07.730+0000] {processor.py:183} INFO - Processing /home/airflow/.local/lib/python3.12/site-packages/airflow/example_dags/example_trigger_target_dag.py took 0.049 seconds
[2024-07-12T07:59:37.848+0000] {processor.py:161} INFO - Started process (PID=258) to work on /home/airflow/.local/lib/python3.12/site-packages/airflow/example_dags/example_trigger_target_dag.py
[2024-07-12T07:59:37.848+0000] {processor.py:830} INFO - Processing file /home/airflow/.local/lib/python3.12/site-packages/airflow/example_dags/example_trigger_target_dag.py for tasks to queue
[2024-07-12T07:59:37.850+0000] {logging_mixin.py:188} INFO - [2024-07-12T07:59:37.850+0000] {dagbag.py:545} INFO - Filling up the DagBag from /home/airflow/.local/lib/python3.12/site-packages/airflow/example_dags/example_trigger_target_dag.py
[2024-07-12T07:59:37.854+0000] {processor.py:840} INFO - DAG(s) 'example_trigger_target_dag' retrieved from /home/airflow/.local/lib/python3.12/site-packages/airflow/example_dags/example_trigger_target_dag.py
[2024-07-12T07:59:37.865+0000] {logging_mixin.py:188} INFO - [2024-07-12T07:59:37.865+0000] {dag.py:3096} INFO - Sync 1 DAGs
[2024-07-12T07:59:37.873+0000] {logging_mixin.py:188} INFO - [2024-07-12T07:59:37.873+0000] {dag.py:3954} INFO - Setting next_dagrun for example_trigger_target_dag to None, run_after=None
[2024-07-12T07:59:37.888+0000] {processor.py:183} INFO - Processing /home/airflow/.local/lib/python3.12/site-packages/airflow/example_dags/example_trigger_target_dag.py took 0.044 seconds
[2024-07-12T08:01:10.137+0000] {processor.py:161} INFO - Started process (PID=83) to work on /home/airflow/.local/lib/python3.12/site-packages/airflow/example_dags/example_trigger_target_dag.py
[2024-07-12T08:01:10.138+0000] {processor.py:830} INFO - Processing file /home/airflow/.local/lib/python3.12/site-packages/airflow/example_dags/example_trigger_target_dag.py for tasks to queue
[2024-07-12T08:01:10.140+0000] {logging_mixin.py:188} INFO - [2024-07-12T08:01:10.140+0000] {dagbag.py:545} INFO - Filling up the DagBag from /home/airflow/.local/lib/python3.12/site-packages/airflow/example_dags/example_trigger_target_dag.py
[2024-07-12T08:01:10.146+0000] {processor.py:840} INFO - DAG(s) 'example_trigger_target_dag' retrieved from /home/airflow/.local/lib/python3.12/site-packages/airflow/example_dags/example_trigger_target_dag.py
[2024-07-12T08:01:10.153+0000] {logging_mixin.py:188} INFO - [2024-07-12T08:01:10.153+0000] {dag.py:3096} INFO - Sync 1 DAGs
[2024-07-12T08:01:10.164+0000] {logging_mixin.py:188} INFO - [2024-07-12T08:01:10.163+0000] {dag.py:3954} INFO - Setting next_dagrun for example_trigger_target_dag to None, run_after=None
[2024-07-12T08:01:10.180+0000] {processor.py:183} INFO - Processing /home/airflow/.local/lib/python3.12/site-packages/airflow/example_dags/example_trigger_target_dag.py took 0.048 seconds
[2024-07-12T08:01:41.594+0000] {processor.py:161} INFO - Started process (PID=141) to work on /home/airflow/.local/lib/python3.12/site-packages/airflow/example_dags/example_trigger_target_dag.py
[2024-07-12T08:01:41.595+0000] {processor.py:830} INFO - Processing file /home/airflow/.local/lib/python3.12/site-packages/airflow/example_dags/example_trigger_target_dag.py for tasks to queue
[2024-07-12T08:01:41.596+0000] {logging_mixin.py:188} INFO - [2024-07-12T08:01:41.596+0000] {dagbag.py:545} INFO - Filling up the DagBag from /home/airflow/.local/lib/python3.12/site-packages/airflow/example_dags/example_trigger_target_dag.py
[2024-07-12T08:01:41.601+0000] {processor.py:840} INFO - DAG(s) 'example_trigger_target_dag' retrieved from /home/airflow/.local/lib/python3.12/site-packages/airflow/example_dags/example_trigger_target_dag.py
[2024-07-12T08:01:41.672+0000] {logging_mixin.py:188} INFO - [2024-07-12T08:01:41.672+0000] {dag.py:3096} INFO - Sync 1 DAGs
[2024-07-12T08:01:41.681+0000] {logging_mixin.py:188} INFO - [2024-07-12T08:01:41.681+0000] {dag.py:3954} INFO - Setting next_dagrun for example_trigger_target_dag to None, run_after=None
[2024-07-12T08:01:41.695+0000] {processor.py:183} INFO - Processing /home/airflow/.local/lib/python3.12/site-packages/airflow/example_dags/example_trigger_target_dag.py took 0.106 seconds
[2024-07-12T08:02:11.910+0000] {processor.py:161} INFO - Started process (PID=199) to work on /home/airflow/.local/lib/python3.12/site-packages/airflow/example_dags/example_trigger_target_dag.py
[2024-07-12T08:02:11.912+0000] {processor.py:830} INFO - Processing file /home/airflow/.local/lib/python3.12/site-packages/airflow/example_dags/example_trigger_target_dag.py for tasks to queue
[2024-07-12T08:02:11.915+0000] {logging_mixin.py:188} INFO - [2024-07-12T08:02:11.915+0000] {dagbag.py:545} INFO - Filling up the DagBag from /home/airflow/.local/lib/python3.12/site-packages/airflow/example_dags/example_trigger_target_dag.py
[2024-07-12T08:02:11.919+0000] {processor.py:840} INFO - DAG(s) 'example_trigger_target_dag' retrieved from /home/airflow/.local/lib/python3.12/site-packages/airflow/example_dags/example_trigger_target_dag.py
[2024-07-12T08:02:11.930+0000] {logging_mixin.py:188} INFO - [2024-07-12T08:02:11.930+0000] {dag.py:3096} INFO - Sync 1 DAGs
[2024-07-12T08:02:11.938+0000] {logging_mixin.py:188} INFO - [2024-07-12T08:02:11.938+0000] {dag.py:3954} INFO - Setting next_dagrun for example_trigger_target_dag to None, run_after=None
[2024-07-12T08:02:11.952+0000] {processor.py:183} INFO - Processing /home/airflow/.local/lib/python3.12/site-packages/airflow/example_dags/example_trigger_target_dag.py took 0.046 seconds
[2024-07-12T08:02:42.204+0000] {processor.py:161} INFO - Started process (PID=257) to work on /home/airflow/.local/lib/python3.12/site-packages/airflow/example_dags/example_trigger_target_dag.py
[2024-07-12T08:02:42.206+0000] {processor.py:830} INFO - Processing file /home/airflow/.local/lib/python3.12/site-packages/airflow/example_dags/example_trigger_target_dag.py for tasks to queue
[2024-07-12T08:02:42.207+0000] {logging_mixin.py:188} INFO - [2024-07-12T08:02:42.207+0000] {dagbag.py:545} INFO - Filling up the DagBag from /home/airflow/.local/lib/python3.12/site-packages/airflow/example_dags/example_trigger_target_dag.py
[2024-07-12T08:02:42.212+0000] {processor.py:840} INFO - DAG(s) 'example_trigger_target_dag' retrieved from /home/airflow/.local/lib/python3.12/site-packages/airflow/example_dags/example_trigger_target_dag.py
[2024-07-12T08:02:42.223+0000] {logging_mixin.py:188} INFO - [2024-07-12T08:02:42.223+0000] {dag.py:3096} INFO - Sync 1 DAGs
[2024-07-12T08:02:42.232+0000] {logging_mixin.py:188} INFO - [2024-07-12T08:02:42.232+0000] {dag.py:3954} INFO - Setting next_dagrun for example_trigger_target_dag to None, run_after=None
[2024-07-12T08:02:42.247+0000] {processor.py:183} INFO - Processing /home/airflow/.local/lib/python3.12/site-packages/airflow/example_dags/example_trigger_target_dag.py took 0.047 seconds
[2024-07-12T08:04:17.812+0000] {processor.py:161} INFO - Started process (PID=84) to work on /home/airflow/.local/lib/python3.12/site-packages/airflow/example_dags/example_trigger_target_dag.py
[2024-07-12T08:04:17.813+0000] {processor.py:830} INFO - Processing file /home/airflow/.local/lib/python3.12/site-packages/airflow/example_dags/example_trigger_target_dag.py for tasks to queue
[2024-07-12T08:04:17.815+0000] {logging_mixin.py:188} INFO - [2024-07-12T08:04:17.814+0000] {dagbag.py:545} INFO - Filling up the DagBag from /home/airflow/.local/lib/python3.12/site-packages/airflow/example_dags/example_trigger_target_dag.py
[2024-07-12T08:04:17.821+0000] {processor.py:840} INFO - DAG(s) 'example_trigger_target_dag' retrieved from /home/airflow/.local/lib/python3.12/site-packages/airflow/example_dags/example_trigger_target_dag.py
[2024-07-12T08:04:17.829+0000] {logging_mixin.py:188} INFO - [2024-07-12T08:04:17.829+0000] {dag.py:3096} INFO - Sync 1 DAGs
[2024-07-12T08:04:17.840+0000] {logging_mixin.py:188} INFO - [2024-07-12T08:04:17.840+0000] {dag.py:3954} INFO - Setting next_dagrun for example_trigger_target_dag to None, run_after=None
[2024-07-12T08:04:17.861+0000] {processor.py:183} INFO - Processing /home/airflow/.local/lib/python3.12/site-packages/airflow/example_dags/example_trigger_target_dag.py took 0.054 seconds
[2024-07-12T08:04:48.922+0000] {processor.py:161} INFO - Started process (PID=142) to work on /home/airflow/.local/lib/python3.12/site-packages/airflow/example_dags/example_trigger_target_dag.py
[2024-07-12T08:04:48.922+0000] {processor.py:830} INFO - Processing file /home/airflow/.local/lib/python3.12/site-packages/airflow/example_dags/example_trigger_target_dag.py for tasks to queue
[2024-07-12T08:04:48.924+0000] {logging_mixin.py:188} INFO - [2024-07-12T08:04:48.923+0000] {dagbag.py:545} INFO - Filling up the DagBag from /home/airflow/.local/lib/python3.12/site-packages/airflow/example_dags/example_trigger_target_dag.py
[2024-07-12T08:04:48.928+0000] {processor.py:840} INFO - DAG(s) 'example_trigger_target_dag' retrieved from /home/airflow/.local/lib/python3.12/site-packages/airflow/example_dags/example_trigger_target_dag.py
[2024-07-12T08:04:48.995+0000] {logging_mixin.py:188} INFO - [2024-07-12T08:04:48.995+0000] {dag.py:3096} INFO - Sync 1 DAGs
[2024-07-12T08:04:49.004+0000] {logging_mixin.py:188} INFO - [2024-07-12T08:04:49.004+0000] {dag.py:3954} INFO - Setting next_dagrun for example_trigger_target_dag to None, run_after=None
[2024-07-12T08:04:49.020+0000] {processor.py:183} INFO - Processing /home/airflow/.local/lib/python3.12/site-packages/airflow/example_dags/example_trigger_target_dag.py took 0.102 seconds
[2024-07-12T08:05:19.109+0000] {processor.py:161} INFO - Started process (PID=200) to work on /home/airflow/.local/lib/python3.12/site-packages/airflow/example_dags/example_trigger_target_dag.py
[2024-07-12T08:05:19.110+0000] {processor.py:830} INFO - Processing file /home/airflow/.local/lib/python3.12/site-packages/airflow/example_dags/example_trigger_target_dag.py for tasks to queue
[2024-07-12T08:05:19.111+0000] {logging_mixin.py:188} INFO - [2024-07-12T08:05:19.111+0000] {dagbag.py:545} INFO - Filling up the DagBag from /home/airflow/.local/lib/python3.12/site-packages/airflow/example_dags/example_trigger_target_dag.py
[2024-07-12T08:05:19.115+0000] {processor.py:840} INFO - DAG(s) 'example_trigger_target_dag' retrieved from /home/airflow/.local/lib/python3.12/site-packages/airflow/example_dags/example_trigger_target_dag.py
[2024-07-12T08:05:19.126+0000] {logging_mixin.py:188} INFO - [2024-07-12T08:05:19.126+0000] {dag.py:3096} INFO - Sync 1 DAGs
[2024-07-12T08:05:19.135+0000] {logging_mixin.py:188} INFO - [2024-07-12T08:05:19.135+0000] {dag.py:3954} INFO - Setting next_dagrun for example_trigger_target_dag to None, run_after=None
[2024-07-12T08:05:19.154+0000] {processor.py:183} INFO - Processing /home/airflow/.local/lib/python3.12/site-packages/airflow/example_dags/example_trigger_target_dag.py took 0.048 seconds
[2024-07-12T08:05:49.328+0000] {processor.py:161} INFO - Started process (PID=258) to work on /home/airflow/.local/lib/python3.12/site-packages/airflow/example_dags/example_trigger_target_dag.py
[2024-07-12T08:05:49.329+0000] {processor.py:830} INFO - Processing file /home/airflow/.local/lib/python3.12/site-packages/airflow/example_dags/example_trigger_target_dag.py for tasks to queue
[2024-07-12T08:05:49.330+0000] {logging_mixin.py:188} INFO - [2024-07-12T08:05:49.330+0000] {dagbag.py:545} INFO - Filling up the DagBag from /home/airflow/.local/lib/python3.12/site-packages/airflow/example_dags/example_trigger_target_dag.py
[2024-07-12T08:05:49.334+0000] {processor.py:840} INFO - DAG(s) 'example_trigger_target_dag' retrieved from /home/airflow/.local/lib/python3.12/site-packages/airflow/example_dags/example_trigger_target_dag.py
[2024-07-12T08:05:49.347+0000] {logging_mixin.py:188} INFO - [2024-07-12T08:05:49.347+0000] {dag.py:3096} INFO - Sync 1 DAGs
[2024-07-12T08:05:49.357+0000] {logging_mixin.py:188} INFO - [2024-07-12T08:05:49.356+0000] {dag.py:3954} INFO - Setting next_dagrun for example_trigger_target_dag to None, run_after=None
[2024-07-12T08:05:49.373+0000] {processor.py:183} INFO - Processing /home/airflow/.local/lib/python3.12/site-packages/airflow/example_dags/example_trigger_target_dag.py took 0.049 seconds
[2024-07-12T08:06:20.161+0000] {processor.py:161} INFO - Started process (PID=316) to work on /home/airflow/.local/lib/python3.12/site-packages/airflow/example_dags/example_trigger_target_dag.py
[2024-07-12T08:06:20.162+0000] {processor.py:830} INFO - Processing file /home/airflow/.local/lib/python3.12/site-packages/airflow/example_dags/example_trigger_target_dag.py for tasks to queue
[2024-07-12T08:06:20.163+0000] {logging_mixin.py:188} INFO - [2024-07-12T08:06:20.163+0000] {dagbag.py:545} INFO - Filling up the DagBag from /home/airflow/.local/lib/python3.12/site-packages/airflow/example_dags/example_trigger_target_dag.py
[2024-07-12T08:06:20.168+0000] {processor.py:840} INFO - DAG(s) 'example_trigger_target_dag' retrieved from /home/airflow/.local/lib/python3.12/site-packages/airflow/example_dags/example_trigger_target_dag.py
[2024-07-12T08:06:20.173+0000] {logging_mixin.py:188} INFO - [2024-07-12T08:06:20.173+0000] {dag.py:3096} INFO - Sync 1 DAGs
[2024-07-12T08:06:20.182+0000] {logging_mixin.py:188} INFO - [2024-07-12T08:06:20.182+0000] {dag.py:3954} INFO - Setting next_dagrun for example_trigger_target_dag to None, run_after=None
[2024-07-12T08:06:20.196+0000] {processor.py:183} INFO - Processing /home/airflow/.local/lib/python3.12/site-packages/airflow/example_dags/example_trigger_target_dag.py took 0.039 seconds
[2024-07-12T08:06:50.957+0000] {processor.py:161} INFO - Started process (PID=374) to work on /home/airflow/.local/lib/python3.12/site-packages/airflow/example_dags/example_trigger_target_dag.py
[2024-07-12T08:06:50.958+0000] {processor.py:830} INFO - Processing file /home/airflow/.local/lib/python3.12/site-packages/airflow/example_dags/example_trigger_target_dag.py for tasks to queue
[2024-07-12T08:06:50.959+0000] {logging_mixin.py:188} INFO - [2024-07-12T08:06:50.959+0000] {dagbag.py:545} INFO - Filling up the DagBag from /home/airflow/.local/lib/python3.12/site-packages/airflow/example_dags/example_trigger_target_dag.py
[2024-07-12T08:06:50.963+0000] {processor.py:840} INFO - DAG(s) 'example_trigger_target_dag' retrieved from /home/airflow/.local/lib/python3.12/site-packages/airflow/example_dags/example_trigger_target_dag.py
[2024-07-12T08:06:51.028+0000] {logging_mixin.py:188} INFO - [2024-07-12T08:06:51.028+0000] {dag.py:3096} INFO - Sync 1 DAGs
[2024-07-12T08:06:51.035+0000] {logging_mixin.py:188} INFO - [2024-07-12T08:06:51.035+0000] {dag.py:3954} INFO - Setting next_dagrun for example_trigger_target_dag to None, run_after=None
[2024-07-12T08:06:51.052+0000] {processor.py:183} INFO - Processing /home/airflow/.local/lib/python3.12/site-packages/airflow/example_dags/example_trigger_target_dag.py took 0.100 seconds
[2024-07-12T08:07:21.085+0000] {processor.py:161} INFO - Started process (PID=432) to work on /home/airflow/.local/lib/python3.12/site-packages/airflow/example_dags/example_trigger_target_dag.py
[2024-07-12T08:07:21.086+0000] {processor.py:830} INFO - Processing file /home/airflow/.local/lib/python3.12/site-packages/airflow/example_dags/example_trigger_target_dag.py for tasks to queue
[2024-07-12T08:07:21.087+0000] {logging_mixin.py:188} INFO - [2024-07-12T08:07:21.087+0000] {dagbag.py:545} INFO - Filling up the DagBag from /home/airflow/.local/lib/python3.12/site-packages/airflow/example_dags/example_trigger_target_dag.py
[2024-07-12T08:07:21.091+0000] {processor.py:840} INFO - DAG(s) 'example_trigger_target_dag' retrieved from /home/airflow/.local/lib/python3.12/site-packages/airflow/example_dags/example_trigger_target_dag.py
[2024-07-12T08:07:21.102+0000] {logging_mixin.py:188} INFO - [2024-07-12T08:07:21.102+0000] {dag.py:3096} INFO - Sync 1 DAGs
[2024-07-12T08:07:21.111+0000] {logging_mixin.py:188} INFO - [2024-07-12T08:07:21.111+0000] {dag.py:3954} INFO - Setting next_dagrun for example_trigger_target_dag to None, run_after=None
[2024-07-12T08:07:21.128+0000] {processor.py:183} INFO - Processing /home/airflow/.local/lib/python3.12/site-packages/airflow/example_dags/example_trigger_target_dag.py took 0.046 seconds
[2024-07-12T08:08:15.418+0000] {processor.py:161} INFO - Started process (PID=83) to work on /home/airflow/.local/lib/python3.12/site-packages/airflow/example_dags/example_trigger_target_dag.py
[2024-07-12T08:08:15.419+0000] {processor.py:830} INFO - Processing file /home/airflow/.local/lib/python3.12/site-packages/airflow/example_dags/example_trigger_target_dag.py for tasks to queue
[2024-07-12T08:08:15.421+0000] {logging_mixin.py:188} INFO - [2024-07-12T08:08:15.420+0000] {dagbag.py:545} INFO - Filling up the DagBag from /home/airflow/.local/lib/python3.12/site-packages/airflow/example_dags/example_trigger_target_dag.py
[2024-07-12T08:08:15.426+0000] {processor.py:840} INFO - DAG(s) 'example_trigger_target_dag' retrieved from /home/airflow/.local/lib/python3.12/site-packages/airflow/example_dags/example_trigger_target_dag.py
[2024-07-12T08:08:15.434+0000] {logging_mixin.py:188} INFO - [2024-07-12T08:08:15.434+0000] {dag.py:3096} INFO - Sync 1 DAGs
[2024-07-12T08:08:15.443+0000] {logging_mixin.py:188} INFO - [2024-07-12T08:08:15.443+0000] {dag.py:3954} INFO - Setting next_dagrun for example_trigger_target_dag to None, run_after=None
[2024-07-12T08:08:15.460+0000] {processor.py:183} INFO - Processing /home/airflow/.local/lib/python3.12/site-packages/airflow/example_dags/example_trigger_target_dag.py took 0.047 seconds
[2024-07-12T08:08:46.445+0000] {processor.py:161} INFO - Started process (PID=145) to work on /home/airflow/.local/lib/python3.12/site-packages/airflow/example_dags/example_trigger_target_dag.py
[2024-07-12T08:08:46.446+0000] {processor.py:830} INFO - Processing file /home/airflow/.local/lib/python3.12/site-packages/airflow/example_dags/example_trigger_target_dag.py for tasks to queue
[2024-07-12T08:08:46.447+0000] {logging_mixin.py:188} INFO - [2024-07-12T08:08:46.447+0000] {dagbag.py:545} INFO - Filling up the DagBag from /home/airflow/.local/lib/python3.12/site-packages/airflow/example_dags/example_trigger_target_dag.py
[2024-07-12T08:08:46.452+0000] {processor.py:840} INFO - DAG(s) 'example_trigger_target_dag' retrieved from /home/airflow/.local/lib/python3.12/site-packages/airflow/example_dags/example_trigger_target_dag.py
[2024-07-12T08:08:46.514+0000] {logging_mixin.py:188} INFO - [2024-07-12T08:08:46.514+0000] {dag.py:3096} INFO - Sync 1 DAGs
[2024-07-12T08:08:46.521+0000] {logging_mixin.py:188} INFO - [2024-07-12T08:08:46.521+0000] {dag.py:3954} INFO - Setting next_dagrun for example_trigger_target_dag to None, run_after=None
[2024-07-12T08:08:46.538+0000] {processor.py:183} INFO - Processing /home/airflow/.local/lib/python3.12/site-packages/airflow/example_dags/example_trigger_target_dag.py took 0.097 seconds
[2024-07-12T08:09:16.639+0000] {processor.py:161} INFO - Started process (PID=203) to work on /home/airflow/.local/lib/python3.12/site-packages/airflow/example_dags/example_trigger_target_dag.py
[2024-07-12T08:09:16.640+0000] {processor.py:830} INFO - Processing file /home/airflow/.local/lib/python3.12/site-packages/airflow/example_dags/example_trigger_target_dag.py for tasks to queue
[2024-07-12T08:09:16.641+0000] {logging_mixin.py:188} INFO - [2024-07-12T08:09:16.641+0000] {dagbag.py:545} INFO - Filling up the DagBag from /home/airflow/.local/lib/python3.12/site-packages/airflow/example_dags/example_trigger_target_dag.py
[2024-07-12T08:09:16.645+0000] {processor.py:840} INFO - DAG(s) 'example_trigger_target_dag' retrieved from /home/airflow/.local/lib/python3.12/site-packages/airflow/example_dags/example_trigger_target_dag.py
[2024-07-12T08:09:16.655+0000] {logging_mixin.py:188} INFO - [2024-07-12T08:09:16.655+0000] {dag.py:3096} INFO - Sync 1 DAGs
[2024-07-12T08:09:16.664+0000] {logging_mixin.py:188} INFO - [2024-07-12T08:09:16.664+0000] {dag.py:3954} INFO - Setting next_dagrun for example_trigger_target_dag to None, run_after=None
[2024-07-12T08:09:16.677+0000] {processor.py:183} INFO - Processing /home/airflow/.local/lib/python3.12/site-packages/airflow/example_dags/example_trigger_target_dag.py took 0.042 seconds
[2024-07-12T08:09:46.952+0000] {processor.py:161} INFO - Started process (PID=261) to work on /home/airflow/.local/lib/python3.12/site-packages/airflow/example_dags/example_trigger_target_dag.py
[2024-07-12T08:09:46.952+0000] {processor.py:830} INFO - Processing file /home/airflow/.local/lib/python3.12/site-packages/airflow/example_dags/example_trigger_target_dag.py for tasks to queue
[2024-07-12T08:09:46.953+0000] {logging_mixin.py:188} INFO - [2024-07-12T08:09:46.953+0000] {dagbag.py:545} INFO - Filling up the DagBag from /home/airflow/.local/lib/python3.12/site-packages/airflow/example_dags/example_trigger_target_dag.py
[2024-07-12T08:09:46.957+0000] {processor.py:840} INFO - DAG(s) 'example_trigger_target_dag' retrieved from /home/airflow/.local/lib/python3.12/site-packages/airflow/example_dags/example_trigger_target_dag.py
[2024-07-12T08:09:46.968+0000] {logging_mixin.py:188} INFO - [2024-07-12T08:09:46.967+0000] {dag.py:3096} INFO - Sync 1 DAGs
[2024-07-12T08:09:46.976+0000] {logging_mixin.py:188} INFO - [2024-07-12T08:09:46.976+0000] {dag.py:3954} INFO - Setting next_dagrun for example_trigger_target_dag to None, run_after=None
[2024-07-12T08:09:46.990+0000] {processor.py:183} INFO - Processing /home/airflow/.local/lib/python3.12/site-packages/airflow/example_dags/example_trigger_target_dag.py took 0.042 seconds
[2024-07-12T08:10:17.209+0000] {processor.py:161} INFO - Started process (PID=319) to work on /home/airflow/.local/lib/python3.12/site-packages/airflow/example_dags/example_trigger_target_dag.py
[2024-07-12T08:10:17.210+0000] {processor.py:830} INFO - Processing file /home/airflow/.local/lib/python3.12/site-packages/airflow/example_dags/example_trigger_target_dag.py for tasks to queue
[2024-07-12T08:10:17.212+0000] {logging_mixin.py:188} INFO - [2024-07-12T08:10:17.212+0000] {dagbag.py:545} INFO - Filling up the DagBag from /home/airflow/.local/lib/python3.12/site-packages/airflow/example_dags/example_trigger_target_dag.py
[2024-07-12T08:10:17.217+0000] {processor.py:840} INFO - DAG(s) 'example_trigger_target_dag' retrieved from /home/airflow/.local/lib/python3.12/site-packages/airflow/example_dags/example_trigger_target_dag.py
[2024-07-12T08:10:17.228+0000] {logging_mixin.py:188} INFO - [2024-07-12T08:10:17.228+0000] {dag.py:3096} INFO - Sync 1 DAGs
[2024-07-12T08:10:17.236+0000] {logging_mixin.py:188} INFO - [2024-07-12T08:10:17.236+0000] {dag.py:3954} INFO - Setting next_dagrun for example_trigger_target_dag to None, run_after=None
[2024-07-12T08:10:17.250+0000] {processor.py:183} INFO - Processing /home/airflow/.local/lib/python3.12/site-packages/airflow/example_dags/example_trigger_target_dag.py took 0.045 seconds
[2024-07-12T08:10:47.282+0000] {processor.py:161} INFO - Started process (PID=377) to work on /home/airflow/.local/lib/python3.12/site-packages/airflow/example_dags/example_trigger_target_dag.py
[2024-07-12T08:10:47.282+0000] {processor.py:830} INFO - Processing file /home/airflow/.local/lib/python3.12/site-packages/airflow/example_dags/example_trigger_target_dag.py for tasks to queue
[2024-07-12T08:10:47.284+0000] {logging_mixin.py:188} INFO - [2024-07-12T08:10:47.283+0000] {dagbag.py:545} INFO - Filling up the DagBag from /home/airflow/.local/lib/python3.12/site-packages/airflow/example_dags/example_trigger_target_dag.py
[2024-07-12T08:10:47.288+0000] {processor.py:840} INFO - DAG(s) 'example_trigger_target_dag' retrieved from /home/airflow/.local/lib/python3.12/site-packages/airflow/example_dags/example_trigger_target_dag.py
[2024-07-12T08:10:47.298+0000] {logging_mixin.py:188} INFO - [2024-07-12T08:10:47.298+0000] {dag.py:3096} INFO - Sync 1 DAGs
[2024-07-12T08:10:47.307+0000] {logging_mixin.py:188} INFO - [2024-07-12T08:10:47.307+0000] {dag.py:3954} INFO - Setting next_dagrun for example_trigger_target_dag to None, run_after=None
[2024-07-12T08:10:47.321+0000] {processor.py:183} INFO - Processing /home/airflow/.local/lib/python3.12/site-packages/airflow/example_dags/example_trigger_target_dag.py took 0.044 seconds
[2024-07-12T08:11:17.373+0000] {processor.py:161} INFO - Started process (PID=435) to work on /home/airflow/.local/lib/python3.12/site-packages/airflow/example_dags/example_trigger_target_dag.py
[2024-07-12T08:11:17.373+0000] {processor.py:830} INFO - Processing file /home/airflow/.local/lib/python3.12/site-packages/airflow/example_dags/example_trigger_target_dag.py for tasks to queue
[2024-07-12T08:11:17.375+0000] {logging_mixin.py:188} INFO - [2024-07-12T08:11:17.374+0000] {dagbag.py:545} INFO - Filling up the DagBag from /home/airflow/.local/lib/python3.12/site-packages/airflow/example_dags/example_trigger_target_dag.py
[2024-07-12T08:11:17.379+0000] {processor.py:840} INFO - DAG(s) 'example_trigger_target_dag' retrieved from /home/airflow/.local/lib/python3.12/site-packages/airflow/example_dags/example_trigger_target_dag.py
[2024-07-12T08:11:17.390+0000] {logging_mixin.py:188} INFO - [2024-07-12T08:11:17.390+0000] {dag.py:3096} INFO - Sync 1 DAGs
[2024-07-12T08:11:17.399+0000] {logging_mixin.py:188} INFO - [2024-07-12T08:11:17.399+0000] {dag.py:3954} INFO - Setting next_dagrun for example_trigger_target_dag to None, run_after=None
[2024-07-12T08:11:17.416+0000] {processor.py:183} INFO - Processing /home/airflow/.local/lib/python3.12/site-packages/airflow/example_dags/example_trigger_target_dag.py took 0.047 seconds
[2024-07-12T08:11:47.526+0000] {processor.py:161} INFO - Started process (PID=493) to work on /home/airflow/.local/lib/python3.12/site-packages/airflow/example_dags/example_trigger_target_dag.py
[2024-07-12T08:11:47.527+0000] {processor.py:830} INFO - Processing file /home/airflow/.local/lib/python3.12/site-packages/airflow/example_dags/example_trigger_target_dag.py for tasks to queue
[2024-07-12T08:11:47.529+0000] {logging_mixin.py:188} INFO - [2024-07-12T08:11:47.528+0000] {dagbag.py:545} INFO - Filling up the DagBag from /home/airflow/.local/lib/python3.12/site-packages/airflow/example_dags/example_trigger_target_dag.py
[2024-07-12T08:11:47.533+0000] {processor.py:840} INFO - DAG(s) 'example_trigger_target_dag' retrieved from /home/airflow/.local/lib/python3.12/site-packages/airflow/example_dags/example_trigger_target_dag.py
[2024-07-12T08:11:47.544+0000] {logging_mixin.py:188} INFO - [2024-07-12T08:11:47.544+0000] {dag.py:3096} INFO - Sync 1 DAGs
[2024-07-12T08:11:47.553+0000] {logging_mixin.py:188} INFO - [2024-07-12T08:11:47.553+0000] {dag.py:3954} INFO - Setting next_dagrun for example_trigger_target_dag to None, run_after=None
[2024-07-12T08:11:47.567+0000] {processor.py:183} INFO - Processing /home/airflow/.local/lib/python3.12/site-packages/airflow/example_dags/example_trigger_target_dag.py took 0.045 seconds
[2024-07-12T08:12:18.570+0000] {processor.py:161} INFO - Started process (PID=551) to work on /home/airflow/.local/lib/python3.12/site-packages/airflow/example_dags/example_trigger_target_dag.py
[2024-07-12T08:12:18.571+0000] {processor.py:830} INFO - Processing file /home/airflow/.local/lib/python3.12/site-packages/airflow/example_dags/example_trigger_target_dag.py for tasks to queue
[2024-07-12T08:12:18.572+0000] {logging_mixin.py:188} INFO - [2024-07-12T08:12:18.572+0000] {dagbag.py:545} INFO - Filling up the DagBag from /home/airflow/.local/lib/python3.12/site-packages/airflow/example_dags/example_trigger_target_dag.py
[2024-07-12T08:12:18.576+0000] {processor.py:840} INFO - DAG(s) 'example_trigger_target_dag' retrieved from /home/airflow/.local/lib/python3.12/site-packages/airflow/example_dags/example_trigger_target_dag.py
[2024-07-12T08:12:18.587+0000] {logging_mixin.py:188} INFO - [2024-07-12T08:12:18.587+0000] {dag.py:3096} INFO - Sync 1 DAGs
[2024-07-12T08:12:18.595+0000] {logging_mixin.py:188} INFO - [2024-07-12T08:12:18.595+0000] {dag.py:3954} INFO - Setting next_dagrun for example_trigger_target_dag to None, run_after=None
[2024-07-12T08:12:18.610+0000] {processor.py:183} INFO - Processing /home/airflow/.local/lib/python3.12/site-packages/airflow/example_dags/example_trigger_target_dag.py took 0.043 seconds
[2024-07-12T08:12:48.816+0000] {processor.py:161} INFO - Started process (PID=609) to work on /home/airflow/.local/lib/python3.12/site-packages/airflow/example_dags/example_trigger_target_dag.py
[2024-07-12T08:12:48.818+0000] {processor.py:830} INFO - Processing file /home/airflow/.local/lib/python3.12/site-packages/airflow/example_dags/example_trigger_target_dag.py for tasks to queue
[2024-07-12T08:12:48.819+0000] {logging_mixin.py:188} INFO - [2024-07-12T08:12:48.819+0000] {dagbag.py:545} INFO - Filling up the DagBag from /home/airflow/.local/lib/python3.12/site-packages/airflow/example_dags/example_trigger_target_dag.py
[2024-07-12T08:12:48.824+0000] {processor.py:840} INFO - DAG(s) 'example_trigger_target_dag' retrieved from /home/airflow/.local/lib/python3.12/site-packages/airflow/example_dags/example_trigger_target_dag.py
[2024-07-12T08:12:48.834+0000] {logging_mixin.py:188} INFO - [2024-07-12T08:12:48.834+0000] {dag.py:3096} INFO - Sync 1 DAGs
[2024-07-12T08:12:48.843+0000] {logging_mixin.py:188} INFO - [2024-07-12T08:12:48.842+0000] {dag.py:3954} INFO - Setting next_dagrun for example_trigger_target_dag to None, run_after=None
[2024-07-12T08:12:48.857+0000] {processor.py:183} INFO - Processing /home/airflow/.local/lib/python3.12/site-packages/airflow/example_dags/example_trigger_target_dag.py took 0.045 seconds
[2024-07-12T08:13:19.288+0000] {processor.py:161} INFO - Started process (PID=667) to work on /home/airflow/.local/lib/python3.12/site-packages/airflow/example_dags/example_trigger_target_dag.py
[2024-07-12T08:13:19.289+0000] {processor.py:830} INFO - Processing file /home/airflow/.local/lib/python3.12/site-packages/airflow/example_dags/example_trigger_target_dag.py for tasks to queue
[2024-07-12T08:13:19.290+0000] {logging_mixin.py:188} INFO - [2024-07-12T08:13:19.290+0000] {dagbag.py:545} INFO - Filling up the DagBag from /home/airflow/.local/lib/python3.12/site-packages/airflow/example_dags/example_trigger_target_dag.py
[2024-07-12T08:13:19.294+0000] {processor.py:840} INFO - DAG(s) 'example_trigger_target_dag' retrieved from /home/airflow/.local/lib/python3.12/site-packages/airflow/example_dags/example_trigger_target_dag.py
[2024-07-12T08:13:19.305+0000] {logging_mixin.py:188} INFO - [2024-07-12T08:13:19.304+0000] {dag.py:3096} INFO - Sync 1 DAGs
[2024-07-12T08:13:19.313+0000] {logging_mixin.py:188} INFO - [2024-07-12T08:13:19.313+0000] {dag.py:3954} INFO - Setting next_dagrun for example_trigger_target_dag to None, run_after=None
[2024-07-12T08:13:19.328+0000] {processor.py:183} INFO - Processing /home/airflow/.local/lib/python3.12/site-packages/airflow/example_dags/example_trigger_target_dag.py took 0.044 seconds
[2024-07-12T08:13:49.738+0000] {processor.py:161} INFO - Started process (PID=725) to work on /home/airflow/.local/lib/python3.12/site-packages/airflow/example_dags/example_trigger_target_dag.py
[2024-07-12T08:13:49.738+0000] {processor.py:830} INFO - Processing file /home/airflow/.local/lib/python3.12/site-packages/airflow/example_dags/example_trigger_target_dag.py for tasks to queue
[2024-07-12T08:13:49.740+0000] {logging_mixin.py:188} INFO - [2024-07-12T08:13:49.740+0000] {dagbag.py:545} INFO - Filling up the DagBag from /home/airflow/.local/lib/python3.12/site-packages/airflow/example_dags/example_trigger_target_dag.py
[2024-07-12T08:13:49.743+0000] {processor.py:840} INFO - DAG(s) 'example_trigger_target_dag' retrieved from /home/airflow/.local/lib/python3.12/site-packages/airflow/example_dags/example_trigger_target_dag.py
[2024-07-12T08:13:49.754+0000] {logging_mixin.py:188} INFO - [2024-07-12T08:13:49.754+0000] {dag.py:3096} INFO - Sync 1 DAGs
[2024-07-12T08:13:49.762+0000] {logging_mixin.py:188} INFO - [2024-07-12T08:13:49.762+0000] {dag.py:3954} INFO - Setting next_dagrun for example_trigger_target_dag to None, run_after=None
[2024-07-12T08:13:49.776+0000] {processor.py:183} INFO - Processing /home/airflow/.local/lib/python3.12/site-packages/airflow/example_dags/example_trigger_target_dag.py took 0.043 seconds
[2024-07-12T08:14:19.976+0000] {processor.py:161} INFO - Started process (PID=784) to work on /home/airflow/.local/lib/python3.12/site-packages/airflow/example_dags/example_trigger_target_dag.py
[2024-07-12T08:14:19.977+0000] {processor.py:830} INFO - Processing file /home/airflow/.local/lib/python3.12/site-packages/airflow/example_dags/example_trigger_target_dag.py for tasks to queue
[2024-07-12T08:14:19.978+0000] {logging_mixin.py:188} INFO - [2024-07-12T08:14:19.978+0000] {dagbag.py:545} INFO - Filling up the DagBag from /home/airflow/.local/lib/python3.12/site-packages/airflow/example_dags/example_trigger_target_dag.py
[2024-07-12T08:14:19.982+0000] {processor.py:840} INFO - DAG(s) 'example_trigger_target_dag' retrieved from /home/airflow/.local/lib/python3.12/site-packages/airflow/example_dags/example_trigger_target_dag.py
[2024-07-12T08:14:19.995+0000] {logging_mixin.py:188} INFO - [2024-07-12T08:14:19.995+0000] {dag.py:3096} INFO - Sync 1 DAGs
[2024-07-12T08:14:20.004+0000] {logging_mixin.py:188} INFO - [2024-07-12T08:14:20.004+0000] {dag.py:3954} INFO - Setting next_dagrun for example_trigger_target_dag to None, run_after=None
[2024-07-12T08:14:20.020+0000] {processor.py:183} INFO - Processing /home/airflow/.local/lib/python3.12/site-packages/airflow/example_dags/example_trigger_target_dag.py took 0.048 seconds
[2024-07-12T08:14:50.156+0000] {processor.py:161} INFO - Started process (PID=842) to work on /home/airflow/.local/lib/python3.12/site-packages/airflow/example_dags/example_trigger_target_dag.py
[2024-07-12T08:14:50.157+0000] {processor.py:830} INFO - Processing file /home/airflow/.local/lib/python3.12/site-packages/airflow/example_dags/example_trigger_target_dag.py for tasks to queue
[2024-07-12T08:14:50.159+0000] {logging_mixin.py:188} INFO - [2024-07-12T08:14:50.158+0000] {dagbag.py:545} INFO - Filling up the DagBag from /home/airflow/.local/lib/python3.12/site-packages/airflow/example_dags/example_trigger_target_dag.py
[2024-07-12T08:14:50.163+0000] {processor.py:840} INFO - DAG(s) 'example_trigger_target_dag' retrieved from /home/airflow/.local/lib/python3.12/site-packages/airflow/example_dags/example_trigger_target_dag.py
[2024-07-12T08:14:50.173+0000] {logging_mixin.py:188} INFO - [2024-07-12T08:14:50.173+0000] {dag.py:3096} INFO - Sync 1 DAGs
[2024-07-12T08:14:50.182+0000] {logging_mixin.py:188} INFO - [2024-07-12T08:14:50.181+0000] {dag.py:3954} INFO - Setting next_dagrun for example_trigger_target_dag to None, run_after=None
[2024-07-12T08:14:50.196+0000] {processor.py:183} INFO - Processing /home/airflow/.local/lib/python3.12/site-packages/airflow/example_dags/example_trigger_target_dag.py took 0.043 seconds
[2024-07-12T08:15:20.327+0000] {processor.py:161} INFO - Started process (PID=900) to work on /home/airflow/.local/lib/python3.12/site-packages/airflow/example_dags/example_trigger_target_dag.py
[2024-07-12T08:15:20.328+0000] {processor.py:830} INFO - Processing file /home/airflow/.local/lib/python3.12/site-packages/airflow/example_dags/example_trigger_target_dag.py for tasks to queue
[2024-07-12T08:15:20.329+0000] {logging_mixin.py:188} INFO - [2024-07-12T08:15:20.329+0000] {dagbag.py:545} INFO - Filling up the DagBag from /home/airflow/.local/lib/python3.12/site-packages/airflow/example_dags/example_trigger_target_dag.py
[2024-07-12T08:15:20.333+0000] {processor.py:840} INFO - DAG(s) 'example_trigger_target_dag' retrieved from /home/airflow/.local/lib/python3.12/site-packages/airflow/example_dags/example_trigger_target_dag.py
[2024-07-12T08:15:20.344+0000] {logging_mixin.py:188} INFO - [2024-07-12T08:15:20.344+0000] {dag.py:3096} INFO - Sync 1 DAGs
[2024-07-12T08:15:20.353+0000] {logging_mixin.py:188} INFO - [2024-07-12T08:15:20.353+0000] {dag.py:3954} INFO - Setting next_dagrun for example_trigger_target_dag to None, run_after=None
[2024-07-12T08:15:20.369+0000] {processor.py:183} INFO - Processing /home/airflow/.local/lib/python3.12/site-packages/airflow/example_dags/example_trigger_target_dag.py took 0.047 seconds
[2024-07-12T08:15:50.531+0000] {processor.py:161} INFO - Started process (PID=958) to work on /home/airflow/.local/lib/python3.12/site-packages/airflow/example_dags/example_trigger_target_dag.py
[2024-07-12T08:15:50.532+0000] {processor.py:830} INFO - Processing file /home/airflow/.local/lib/python3.12/site-packages/airflow/example_dags/example_trigger_target_dag.py for tasks to queue
[2024-07-12T08:15:50.533+0000] {logging_mixin.py:188} INFO - [2024-07-12T08:15:50.533+0000] {dagbag.py:545} INFO - Filling up the DagBag from /home/airflow/.local/lib/python3.12/site-packages/airflow/example_dags/example_trigger_target_dag.py
[2024-07-12T08:15:50.537+0000] {processor.py:840} INFO - DAG(s) 'example_trigger_target_dag' retrieved from /home/airflow/.local/lib/python3.12/site-packages/airflow/example_dags/example_trigger_target_dag.py
[2024-07-12T08:15:50.548+0000] {logging_mixin.py:188} INFO - [2024-07-12T08:15:50.548+0000] {dag.py:3096} INFO - Sync 1 DAGs
[2024-07-12T08:15:50.557+0000] {logging_mixin.py:188} INFO - [2024-07-12T08:15:50.556+0000] {dag.py:3954} INFO - Setting next_dagrun for example_trigger_target_dag to None, run_after=None
[2024-07-12T08:15:50.570+0000] {processor.py:183} INFO - Processing /home/airflow/.local/lib/python3.12/site-packages/airflow/example_dags/example_trigger_target_dag.py took 0.042 seconds
[2024-07-12T08:16:21.535+0000] {processor.py:161} INFO - Started process (PID=1016) to work on /home/airflow/.local/lib/python3.12/site-packages/airflow/example_dags/example_trigger_target_dag.py
[2024-07-12T08:16:21.535+0000] {processor.py:830} INFO - Processing file /home/airflow/.local/lib/python3.12/site-packages/airflow/example_dags/example_trigger_target_dag.py for tasks to queue
[2024-07-12T08:16:21.536+0000] {logging_mixin.py:188} INFO - [2024-07-12T08:16:21.536+0000] {dagbag.py:545} INFO - Filling up the DagBag from /home/airflow/.local/lib/python3.12/site-packages/airflow/example_dags/example_trigger_target_dag.py
[2024-07-12T08:16:21.541+0000] {processor.py:840} INFO - DAG(s) 'example_trigger_target_dag' retrieved from /home/airflow/.local/lib/python3.12/site-packages/airflow/example_dags/example_trigger_target_dag.py
[2024-07-12T08:16:21.551+0000] {logging_mixin.py:188} INFO - [2024-07-12T08:16:21.551+0000] {dag.py:3096} INFO - Sync 1 DAGs
[2024-07-12T08:16:21.559+0000] {logging_mixin.py:188} INFO - [2024-07-12T08:16:21.559+0000] {dag.py:3954} INFO - Setting next_dagrun for example_trigger_target_dag to None, run_after=None
[2024-07-12T08:16:21.573+0000] {processor.py:183} INFO - Processing /home/airflow/.local/lib/python3.12/site-packages/airflow/example_dags/example_trigger_target_dag.py took 0.043 seconds
[2024-07-12T08:16:51.825+0000] {processor.py:161} INFO - Started process (PID=1074) to work on /home/airflow/.local/lib/python3.12/site-packages/airflow/example_dags/example_trigger_target_dag.py
[2024-07-12T08:16:51.826+0000] {processor.py:830} INFO - Processing file /home/airflow/.local/lib/python3.12/site-packages/airflow/example_dags/example_trigger_target_dag.py for tasks to queue
[2024-07-12T08:16:51.827+0000] {logging_mixin.py:188} INFO - [2024-07-12T08:16:51.827+0000] {dagbag.py:545} INFO - Filling up the DagBag from /home/airflow/.local/lib/python3.12/site-packages/airflow/example_dags/example_trigger_target_dag.py
[2024-07-12T08:16:51.831+0000] {processor.py:840} INFO - DAG(s) 'example_trigger_target_dag' retrieved from /home/airflow/.local/lib/python3.12/site-packages/airflow/example_dags/example_trigger_target_dag.py
[2024-07-12T08:16:51.842+0000] {logging_mixin.py:188} INFO - [2024-07-12T08:16:51.842+0000] {dag.py:3096} INFO - Sync 1 DAGs
[2024-07-12T08:16:51.851+0000] {logging_mixin.py:188} INFO - [2024-07-12T08:16:51.850+0000] {dag.py:3954} INFO - Setting next_dagrun for example_trigger_target_dag to None, run_after=None
[2024-07-12T08:16:51.867+0000] {processor.py:183} INFO - Processing /home/airflow/.local/lib/python3.12/site-packages/airflow/example_dags/example_trigger_target_dag.py took 0.045 seconds
[2024-07-12T08:17:22.091+0000] {processor.py:161} INFO - Started process (PID=1132) to work on /home/airflow/.local/lib/python3.12/site-packages/airflow/example_dags/example_trigger_target_dag.py
[2024-07-12T08:17:22.091+0000] {processor.py:830} INFO - Processing file /home/airflow/.local/lib/python3.12/site-packages/airflow/example_dags/example_trigger_target_dag.py for tasks to queue
[2024-07-12T08:17:22.092+0000] {logging_mixin.py:188} INFO - [2024-07-12T08:17:22.092+0000] {dagbag.py:545} INFO - Filling up the DagBag from /home/airflow/.local/lib/python3.12/site-packages/airflow/example_dags/example_trigger_target_dag.py
[2024-07-12T08:17:22.096+0000] {processor.py:840} INFO - DAG(s) 'example_trigger_target_dag' retrieved from /home/airflow/.local/lib/python3.12/site-packages/airflow/example_dags/example_trigger_target_dag.py
[2024-07-12T08:17:22.106+0000] {logging_mixin.py:188} INFO - [2024-07-12T08:17:22.106+0000] {dag.py:3096} INFO - Sync 1 DAGs
[2024-07-12T08:17:22.114+0000] {logging_mixin.py:188} INFO - [2024-07-12T08:17:22.113+0000] {dag.py:3954} INFO - Setting next_dagrun for example_trigger_target_dag to None, run_after=None
[2024-07-12T08:17:22.126+0000] {processor.py:183} INFO - Processing /home/airflow/.local/lib/python3.12/site-packages/airflow/example_dags/example_trigger_target_dag.py took 0.039 seconds
[2024-07-12T08:17:52.385+0000] {processor.py:161} INFO - Started process (PID=1190) to work on /home/airflow/.local/lib/python3.12/site-packages/airflow/example_dags/example_trigger_target_dag.py
[2024-07-12T08:17:52.386+0000] {processor.py:830} INFO - Processing file /home/airflow/.local/lib/python3.12/site-packages/airflow/example_dags/example_trigger_target_dag.py for tasks to queue
[2024-07-12T08:17:52.387+0000] {logging_mixin.py:188} INFO - [2024-07-12T08:17:52.387+0000] {dagbag.py:545} INFO - Filling up the DagBag from /home/airflow/.local/lib/python3.12/site-packages/airflow/example_dags/example_trigger_target_dag.py
[2024-07-12T08:17:52.391+0000] {processor.py:840} INFO - DAG(s) 'example_trigger_target_dag' retrieved from /home/airflow/.local/lib/python3.12/site-packages/airflow/example_dags/example_trigger_target_dag.py
[2024-07-12T08:17:52.402+0000] {logging_mixin.py:188} INFO - [2024-07-12T08:17:52.402+0000] {dag.py:3096} INFO - Sync 1 DAGs
[2024-07-12T08:17:52.410+0000] {logging_mixin.py:188} INFO - [2024-07-12T08:17:52.410+0000] {dag.py:3954} INFO - Setting next_dagrun for example_trigger_target_dag to None, run_after=None
[2024-07-12T08:17:52.424+0000] {processor.py:183} INFO - Processing /home/airflow/.local/lib/python3.12/site-packages/airflow/example_dags/example_trigger_target_dag.py took 0.043 seconds
[2024-07-12T08:18:22.692+0000] {processor.py:161} INFO - Started process (PID=1248) to work on /home/airflow/.local/lib/python3.12/site-packages/airflow/example_dags/example_trigger_target_dag.py
[2024-07-12T08:18:22.693+0000] {processor.py:830} INFO - Processing file /home/airflow/.local/lib/python3.12/site-packages/airflow/example_dags/example_trigger_target_dag.py for tasks to queue
[2024-07-12T08:18:22.695+0000] {logging_mixin.py:188} INFO - [2024-07-12T08:18:22.694+0000] {dagbag.py:545} INFO - Filling up the DagBag from /home/airflow/.local/lib/python3.12/site-packages/airflow/example_dags/example_trigger_target_dag.py
[2024-07-12T08:18:22.698+0000] {processor.py:840} INFO - DAG(s) 'example_trigger_target_dag' retrieved from /home/airflow/.local/lib/python3.12/site-packages/airflow/example_dags/example_trigger_target_dag.py
[2024-07-12T08:18:22.709+0000] {logging_mixin.py:188} INFO - [2024-07-12T08:18:22.709+0000] {dag.py:3096} INFO - Sync 1 DAGs
[2024-07-12T08:18:22.717+0000] {logging_mixin.py:188} INFO - [2024-07-12T08:18:22.717+0000] {dag.py:3954} INFO - Setting next_dagrun for example_trigger_target_dag to None, run_after=None
[2024-07-12T08:18:22.730+0000] {processor.py:183} INFO - Processing /home/airflow/.local/lib/python3.12/site-packages/airflow/example_dags/example_trigger_target_dag.py took 0.042 seconds
[2024-07-12T08:18:52.963+0000] {processor.py:161} INFO - Started process (PID=1306) to work on /home/airflow/.local/lib/python3.12/site-packages/airflow/example_dags/example_trigger_target_dag.py
[2024-07-12T08:18:52.963+0000] {processor.py:830} INFO - Processing file /home/airflow/.local/lib/python3.12/site-packages/airflow/example_dags/example_trigger_target_dag.py for tasks to queue
[2024-07-12T08:18:52.964+0000] {logging_mixin.py:188} INFO - [2024-07-12T08:18:52.964+0000] {dagbag.py:545} INFO - Filling up the DagBag from /home/airflow/.local/lib/python3.12/site-packages/airflow/example_dags/example_trigger_target_dag.py
[2024-07-12T08:18:52.968+0000] {processor.py:840} INFO - DAG(s) 'example_trigger_target_dag' retrieved from /home/airflow/.local/lib/python3.12/site-packages/airflow/example_dags/example_trigger_target_dag.py
[2024-07-12T08:18:52.979+0000] {logging_mixin.py:188} INFO - [2024-07-12T08:18:52.979+0000] {dag.py:3096} INFO - Sync 1 DAGs
[2024-07-12T08:18:52.987+0000] {logging_mixin.py:188} INFO - [2024-07-12T08:18:52.987+0000] {dag.py:3954} INFO - Setting next_dagrun for example_trigger_target_dag to None, run_after=None
[2024-07-12T08:18:53.001+0000] {processor.py:183} INFO - Processing /home/airflow/.local/lib/python3.12/site-packages/airflow/example_dags/example_trigger_target_dag.py took 0.042 seconds
[2024-07-12T08:19:23.340+0000] {processor.py:161} INFO - Started process (PID=1364) to work on /home/airflow/.local/lib/python3.12/site-packages/airflow/example_dags/example_trigger_target_dag.py
[2024-07-12T08:19:23.340+0000] {processor.py:830} INFO - Processing file /home/airflow/.local/lib/python3.12/site-packages/airflow/example_dags/example_trigger_target_dag.py for tasks to queue
[2024-07-12T08:19:23.342+0000] {logging_mixin.py:188} INFO - [2024-07-12T08:19:23.341+0000] {dagbag.py:545} INFO - Filling up the DagBag from /home/airflow/.local/lib/python3.12/site-packages/airflow/example_dags/example_trigger_target_dag.py
[2024-07-12T08:19:23.345+0000] {processor.py:840} INFO - DAG(s) 'example_trigger_target_dag' retrieved from /home/airflow/.local/lib/python3.12/site-packages/airflow/example_dags/example_trigger_target_dag.py
[2024-07-12T08:19:23.357+0000] {logging_mixin.py:188} INFO - [2024-07-12T08:19:23.357+0000] {dag.py:3096} INFO - Sync 1 DAGs
[2024-07-12T08:19:23.366+0000] {logging_mixin.py:188} INFO - [2024-07-12T08:19:23.366+0000] {dag.py:3954} INFO - Setting next_dagrun for example_trigger_target_dag to None, run_after=None
[2024-07-12T08:19:23.380+0000] {processor.py:183} INFO - Processing /home/airflow/.local/lib/python3.12/site-packages/airflow/example_dags/example_trigger_target_dag.py took 0.044 seconds
[2024-07-12T08:19:53.516+0000] {processor.py:161} INFO - Started process (PID=1422) to work on /home/airflow/.local/lib/python3.12/site-packages/airflow/example_dags/example_trigger_target_dag.py
[2024-07-12T08:19:53.517+0000] {processor.py:830} INFO - Processing file /home/airflow/.local/lib/python3.12/site-packages/airflow/example_dags/example_trigger_target_dag.py for tasks to queue
[2024-07-12T08:19:53.518+0000] {logging_mixin.py:188} INFO - [2024-07-12T08:19:53.518+0000] {dagbag.py:545} INFO - Filling up the DagBag from /home/airflow/.local/lib/python3.12/site-packages/airflow/example_dags/example_trigger_target_dag.py
[2024-07-12T08:19:53.523+0000] {processor.py:840} INFO - DAG(s) 'example_trigger_target_dag' retrieved from /home/airflow/.local/lib/python3.12/site-packages/airflow/example_dags/example_trigger_target_dag.py
[2024-07-12T08:19:53.536+0000] {logging_mixin.py:188} INFO - [2024-07-12T08:19:53.536+0000] {dag.py:3096} INFO - Sync 1 DAGs
[2024-07-12T08:19:53.546+0000] {logging_mixin.py:188} INFO - [2024-07-12T08:19:53.546+0000] {dag.py:3954} INFO - Setting next_dagrun for example_trigger_target_dag to None, run_after=None
[2024-07-12T08:19:53.561+0000] {processor.py:183} INFO - Processing /home/airflow/.local/lib/python3.12/site-packages/airflow/example_dags/example_trigger_target_dag.py took 0.049 seconds
[2024-07-12T08:20:23.686+0000] {processor.py:161} INFO - Started process (PID=1480) to work on /home/airflow/.local/lib/python3.12/site-packages/airflow/example_dags/example_trigger_target_dag.py
[2024-07-12T08:20:23.687+0000] {processor.py:830} INFO - Processing file /home/airflow/.local/lib/python3.12/site-packages/airflow/example_dags/example_trigger_target_dag.py for tasks to queue
[2024-07-12T08:20:23.689+0000] {logging_mixin.py:188} INFO - [2024-07-12T08:20:23.689+0000] {dagbag.py:545} INFO - Filling up the DagBag from /home/airflow/.local/lib/python3.12/site-packages/airflow/example_dags/example_trigger_target_dag.py
[2024-07-12T08:20:23.693+0000] {processor.py:840} INFO - DAG(s) 'example_trigger_target_dag' retrieved from /home/airflow/.local/lib/python3.12/site-packages/airflow/example_dags/example_trigger_target_dag.py
[2024-07-12T08:20:23.705+0000] {logging_mixin.py:188} INFO - [2024-07-12T08:20:23.704+0000] {dag.py:3096} INFO - Sync 1 DAGs
[2024-07-12T08:20:23.713+0000] {logging_mixin.py:188} INFO - [2024-07-12T08:20:23.713+0000] {dag.py:3954} INFO - Setting next_dagrun for example_trigger_target_dag to None, run_after=None
[2024-07-12T08:20:23.727+0000] {processor.py:183} INFO - Processing /home/airflow/.local/lib/python3.12/site-packages/airflow/example_dags/example_trigger_target_dag.py took 0.045 seconds
[2024-07-12T08:22:56.292+0000] {processor.py:161} INFO - Started process (PID=83) to work on /home/airflow/.local/lib/python3.12/site-packages/airflow/example_dags/example_trigger_target_dag.py
[2024-07-12T08:22:56.293+0000] {processor.py:830} INFO - Processing file /home/airflow/.local/lib/python3.12/site-packages/airflow/example_dags/example_trigger_target_dag.py for tasks to queue
[2024-07-12T08:22:56.294+0000] {logging_mixin.py:188} INFO - [2024-07-12T08:22:56.294+0000] {dagbag.py:545} INFO - Filling up the DagBag from /home/airflow/.local/lib/python3.12/site-packages/airflow/example_dags/example_trigger_target_dag.py
[2024-07-12T08:22:56.301+0000] {processor.py:840} INFO - DAG(s) 'example_trigger_target_dag' retrieved from /home/airflow/.local/lib/python3.12/site-packages/airflow/example_dags/example_trigger_target_dag.py
[2024-07-12T08:22:56.308+0000] {logging_mixin.py:188} INFO - [2024-07-12T08:22:56.308+0000] {dag.py:3096} INFO - Sync 1 DAGs
[2024-07-12T08:22:56.318+0000] {logging_mixin.py:188} INFO - [2024-07-12T08:22:56.318+0000] {dag.py:3954} INFO - Setting next_dagrun for example_trigger_target_dag to None, run_after=None
[2024-07-12T08:22:56.336+0000] {processor.py:183} INFO - Processing /home/airflow/.local/lib/python3.12/site-packages/airflow/example_dags/example_trigger_target_dag.py took 0.049 seconds
[2024-07-12T08:23:27.621+0000] {processor.py:161} INFO - Started process (PID=141) to work on /home/airflow/.local/lib/python3.12/site-packages/airflow/example_dags/example_trigger_target_dag.py
[2024-07-12T08:23:27.621+0000] {processor.py:830} INFO - Processing file /home/airflow/.local/lib/python3.12/site-packages/airflow/example_dags/example_trigger_target_dag.py for tasks to queue
[2024-07-12T08:23:27.623+0000] {logging_mixin.py:188} INFO - [2024-07-12T08:23:27.623+0000] {dagbag.py:545} INFO - Filling up the DagBag from /home/airflow/.local/lib/python3.12/site-packages/airflow/example_dags/example_trigger_target_dag.py
[2024-07-12T08:23:27.627+0000] {processor.py:840} INFO - DAG(s) 'example_trigger_target_dag' retrieved from /home/airflow/.local/lib/python3.12/site-packages/airflow/example_dags/example_trigger_target_dag.py
[2024-07-12T08:23:27.688+0000] {logging_mixin.py:188} INFO - [2024-07-12T08:23:27.688+0000] {dag.py:3096} INFO - Sync 1 DAGs
[2024-07-12T08:23:27.696+0000] {logging_mixin.py:188} INFO - [2024-07-12T08:23:27.695+0000] {dag.py:3954} INFO - Setting next_dagrun for example_trigger_target_dag to None, run_after=None
[2024-07-12T08:23:27.711+0000] {processor.py:183} INFO - Processing /home/airflow/.local/lib/python3.12/site-packages/airflow/example_dags/example_trigger_target_dag.py took 0.094 seconds
[2024-07-12T08:23:58.221+0000] {processor.py:161} INFO - Started process (PID=199) to work on /home/airflow/.local/lib/python3.12/site-packages/airflow/example_dags/example_trigger_target_dag.py
[2024-07-12T08:23:58.222+0000] {processor.py:830} INFO - Processing file /home/airflow/.local/lib/python3.12/site-packages/airflow/example_dags/example_trigger_target_dag.py for tasks to queue
[2024-07-12T08:23:58.223+0000] {logging_mixin.py:188} INFO - [2024-07-12T08:23:58.223+0000] {dagbag.py:545} INFO - Filling up the DagBag from /home/airflow/.local/lib/python3.12/site-packages/airflow/example_dags/example_trigger_target_dag.py
[2024-07-12T08:23:58.227+0000] {processor.py:840} INFO - DAG(s) 'example_trigger_target_dag' retrieved from /home/airflow/.local/lib/python3.12/site-packages/airflow/example_dags/example_trigger_target_dag.py
[2024-07-12T08:23:58.239+0000] {logging_mixin.py:188} INFO - [2024-07-12T08:23:58.239+0000] {dag.py:3096} INFO - Sync 1 DAGs
[2024-07-12T08:23:58.248+0000] {logging_mixin.py:188} INFO - [2024-07-12T08:23:58.248+0000] {dag.py:3954} INFO - Setting next_dagrun for example_trigger_target_dag to None, run_after=None
[2024-07-12T08:23:58.262+0000] {processor.py:183} INFO - Processing /home/airflow/.local/lib/python3.12/site-packages/airflow/example_dags/example_trigger_target_dag.py took 0.044 seconds
[2024-07-12T08:24:28.505+0000] {processor.py:161} INFO - Started process (PID=257) to work on /home/airflow/.local/lib/python3.12/site-packages/airflow/example_dags/example_trigger_target_dag.py
[2024-07-12T08:24:28.506+0000] {processor.py:830} INFO - Processing file /home/airflow/.local/lib/python3.12/site-packages/airflow/example_dags/example_trigger_target_dag.py for tasks to queue
[2024-07-12T08:24:28.510+0000] {logging_mixin.py:188} INFO - [2024-07-12T08:24:28.510+0000] {dagbag.py:545} INFO - Filling up the DagBag from /home/airflow/.local/lib/python3.12/site-packages/airflow/example_dags/example_trigger_target_dag.py
[2024-07-12T08:24:28.514+0000] {processor.py:840} INFO - DAG(s) 'example_trigger_target_dag' retrieved from /home/airflow/.local/lib/python3.12/site-packages/airflow/example_dags/example_trigger_target_dag.py
[2024-07-12T08:24:28.526+0000] {logging_mixin.py:188} INFO - [2024-07-12T08:24:28.526+0000] {dag.py:3096} INFO - Sync 1 DAGs
[2024-07-12T08:24:28.535+0000] {logging_mixin.py:188} INFO - [2024-07-12T08:24:28.535+0000] {dag.py:3954} INFO - Setting next_dagrun for example_trigger_target_dag to None, run_after=None
[2024-07-12T08:24:28.554+0000] {processor.py:183} INFO - Processing /home/airflow/.local/lib/python3.12/site-packages/airflow/example_dags/example_trigger_target_dag.py took 0.053 seconds
[2024-07-12T08:24:58.627+0000] {processor.py:161} INFO - Started process (PID=315) to work on /home/airflow/.local/lib/python3.12/site-packages/airflow/example_dags/example_trigger_target_dag.py
[2024-07-12T08:24:58.628+0000] {processor.py:830} INFO - Processing file /home/airflow/.local/lib/python3.12/site-packages/airflow/example_dags/example_trigger_target_dag.py for tasks to queue
[2024-07-12T08:24:58.629+0000] {logging_mixin.py:188} INFO - [2024-07-12T08:24:58.629+0000] {dagbag.py:545} INFO - Filling up the DagBag from /home/airflow/.local/lib/python3.12/site-packages/airflow/example_dags/example_trigger_target_dag.py
[2024-07-12T08:24:58.635+0000] {processor.py:840} INFO - DAG(s) 'example_trigger_target_dag' retrieved from /home/airflow/.local/lib/python3.12/site-packages/airflow/example_dags/example_trigger_target_dag.py
[2024-07-12T08:24:58.645+0000] {logging_mixin.py:188} INFO - [2024-07-12T08:24:58.645+0000] {dag.py:3096} INFO - Sync 1 DAGs
[2024-07-12T08:24:58.653+0000] {logging_mixin.py:188} INFO - [2024-07-12T08:24:58.653+0000] {dag.py:3954} INFO - Setting next_dagrun for example_trigger_target_dag to None, run_after=None
[2024-07-12T08:24:58.668+0000] {processor.py:183} INFO - Processing /home/airflow/.local/lib/python3.12/site-packages/airflow/example_dags/example_trigger_target_dag.py took 0.047 seconds
[2024-07-12T08:25:28.754+0000] {processor.py:161} INFO - Started process (PID=372) to work on /home/airflow/.local/lib/python3.12/site-packages/airflow/example_dags/example_trigger_target_dag.py
[2024-07-12T08:25:28.755+0000] {processor.py:830} INFO - Processing file /home/airflow/.local/lib/python3.12/site-packages/airflow/example_dags/example_trigger_target_dag.py for tasks to queue
[2024-07-12T08:25:28.756+0000] {logging_mixin.py:188} INFO - [2024-07-12T08:25:28.756+0000] {dagbag.py:545} INFO - Filling up the DagBag from /home/airflow/.local/lib/python3.12/site-packages/airflow/example_dags/example_trigger_target_dag.py
[2024-07-12T08:25:28.760+0000] {processor.py:840} INFO - DAG(s) 'example_trigger_target_dag' retrieved from /home/airflow/.local/lib/python3.12/site-packages/airflow/example_dags/example_trigger_target_dag.py
[2024-07-12T08:25:28.771+0000] {logging_mixin.py:188} INFO - [2024-07-12T08:25:28.771+0000] {dag.py:3096} INFO - Sync 1 DAGs
[2024-07-12T08:25:28.779+0000] {logging_mixin.py:188} INFO - [2024-07-12T08:25:28.779+0000] {dag.py:3954} INFO - Setting next_dagrun for example_trigger_target_dag to None, run_after=None
[2024-07-12T08:25:28.794+0000] {processor.py:183} INFO - Processing /home/airflow/.local/lib/python3.12/site-packages/airflow/example_dags/example_trigger_target_dag.py took 0.044 seconds
[2024-07-12T08:25:59.059+0000] {processor.py:161} INFO - Started process (PID=431) to work on /home/airflow/.local/lib/python3.12/site-packages/airflow/example_dags/example_trigger_target_dag.py
[2024-07-12T08:25:59.060+0000] {processor.py:830} INFO - Processing file /home/airflow/.local/lib/python3.12/site-packages/airflow/example_dags/example_trigger_target_dag.py for tasks to queue
[2024-07-12T08:25:59.061+0000] {logging_mixin.py:188} INFO - [2024-07-12T08:25:59.061+0000] {dagbag.py:545} INFO - Filling up the DagBag from /home/airflow/.local/lib/python3.12/site-packages/airflow/example_dags/example_trigger_target_dag.py
[2024-07-12T08:25:59.065+0000] {processor.py:840} INFO - DAG(s) 'example_trigger_target_dag' retrieved from /home/airflow/.local/lib/python3.12/site-packages/airflow/example_dags/example_trigger_target_dag.py
[2024-07-12T08:25:59.076+0000] {logging_mixin.py:188} INFO - [2024-07-12T08:25:59.076+0000] {dag.py:3096} INFO - Sync 1 DAGs
[2024-07-12T08:25:59.084+0000] {logging_mixin.py:188} INFO - [2024-07-12T08:25:59.084+0000] {dag.py:3954} INFO - Setting next_dagrun for example_trigger_target_dag to None, run_after=None
[2024-07-12T08:25:59.099+0000] {processor.py:183} INFO - Processing /home/airflow/.local/lib/python3.12/site-packages/airflow/example_dags/example_trigger_target_dag.py took 0.043 seconds
[2024-07-12T08:27:25.594+0000] {processor.py:161} INFO - Started process (PID=83) to work on /home/airflow/.local/lib/python3.12/site-packages/airflow/example_dags/example_trigger_target_dag.py
[2024-07-12T08:27:25.594+0000] {processor.py:830} INFO - Processing file /home/airflow/.local/lib/python3.12/site-packages/airflow/example_dags/example_trigger_target_dag.py for tasks to queue
[2024-07-12T08:27:25.596+0000] {logging_mixin.py:188} INFO - [2024-07-12T08:27:25.596+0000] {dagbag.py:545} INFO - Filling up the DagBag from /home/airflow/.local/lib/python3.12/site-packages/airflow/example_dags/example_trigger_target_dag.py
[2024-07-12T08:27:25.602+0000] {processor.py:840} INFO - DAG(s) 'example_trigger_target_dag' retrieved from /home/airflow/.local/lib/python3.12/site-packages/airflow/example_dags/example_trigger_target_dag.py
[2024-07-12T08:27:25.611+0000] {logging_mixin.py:188} INFO - [2024-07-12T08:27:25.611+0000] {dag.py:3096} INFO - Sync 1 DAGs
[2024-07-12T08:27:25.623+0000] {logging_mixin.py:188} INFO - [2024-07-12T08:27:25.622+0000] {dag.py:3954} INFO - Setting next_dagrun for example_trigger_target_dag to None, run_after=None
[2024-07-12T08:27:25.641+0000] {processor.py:183} INFO - Processing /home/airflow/.local/lib/python3.12/site-packages/airflow/example_dags/example_trigger_target_dag.py took 0.051 seconds
[2024-07-12T08:27:56.249+0000] {processor.py:161} INFO - Started process (PID=141) to work on /home/airflow/.local/lib/python3.12/site-packages/airflow/example_dags/example_trigger_target_dag.py
[2024-07-12T08:27:56.250+0000] {processor.py:830} INFO - Processing file /home/airflow/.local/lib/python3.12/site-packages/airflow/example_dags/example_trigger_target_dag.py for tasks to queue
[2024-07-12T08:27:56.251+0000] {logging_mixin.py:188} INFO - [2024-07-12T08:27:56.251+0000] {dagbag.py:545} INFO - Filling up the DagBag from /home/airflow/.local/lib/python3.12/site-packages/airflow/example_dags/example_trigger_target_dag.py
[2024-07-12T08:27:56.256+0000] {processor.py:840} INFO - DAG(s) 'example_trigger_target_dag' retrieved from /home/airflow/.local/lib/python3.12/site-packages/airflow/example_dags/example_trigger_target_dag.py
[2024-07-12T08:27:56.261+0000] {logging_mixin.py:188} INFO - [2024-07-12T08:27:56.261+0000] {dag.py:3096} INFO - Sync 1 DAGs
[2024-07-12T08:27:56.270+0000] {logging_mixin.py:188} INFO - [2024-07-12T08:27:56.270+0000] {dag.py:3954} INFO - Setting next_dagrun for example_trigger_target_dag to None, run_after=None
[2024-07-12T08:27:56.284+0000] {processor.py:183} INFO - Processing /home/airflow/.local/lib/python3.12/site-packages/airflow/example_dags/example_trigger_target_dag.py took 0.039 seconds
[2024-07-12T08:29:03.496+0000] {processor.py:161} INFO - Started process (PID=83) to work on /home/airflow/.local/lib/python3.12/site-packages/airflow/example_dags/example_trigger_target_dag.py
[2024-07-12T08:29:03.497+0000] {processor.py:830} INFO - Processing file /home/airflow/.local/lib/python3.12/site-packages/airflow/example_dags/example_trigger_target_dag.py for tasks to queue
[2024-07-12T08:29:03.498+0000] {logging_mixin.py:188} INFO - [2024-07-12T08:29:03.498+0000] {dagbag.py:545} INFO - Filling up the DagBag from /home/airflow/.local/lib/python3.12/site-packages/airflow/example_dags/example_trigger_target_dag.py
[2024-07-12T08:29:03.504+0000] {processor.py:840} INFO - DAG(s) 'example_trigger_target_dag' retrieved from /home/airflow/.local/lib/python3.12/site-packages/airflow/example_dags/example_trigger_target_dag.py
[2024-07-12T08:29:03.511+0000] {logging_mixin.py:188} INFO - [2024-07-12T08:29:03.510+0000] {dag.py:3096} INFO - Sync 1 DAGs
[2024-07-12T08:29:03.521+0000] {logging_mixin.py:188} INFO - [2024-07-12T08:29:03.521+0000] {dag.py:3954} INFO - Setting next_dagrun for example_trigger_target_dag to None, run_after=None
[2024-07-12T08:29:03.538+0000] {processor.py:183} INFO - Processing /home/airflow/.local/lib/python3.12/site-packages/airflow/example_dags/example_trigger_target_dag.py took 0.046 seconds
[2024-07-12T08:29:34.565+0000] {processor.py:161} INFO - Started process (PID=141) to work on /home/airflow/.local/lib/python3.12/site-packages/airflow/example_dags/example_trigger_target_dag.py
[2024-07-12T08:29:34.566+0000] {processor.py:830} INFO - Processing file /home/airflow/.local/lib/python3.12/site-packages/airflow/example_dags/example_trigger_target_dag.py for tasks to queue
[2024-07-12T08:29:34.567+0000] {logging_mixin.py:188} INFO - [2024-07-12T08:29:34.567+0000] {dagbag.py:545} INFO - Filling up the DagBag from /home/airflow/.local/lib/python3.12/site-packages/airflow/example_dags/example_trigger_target_dag.py
[2024-07-12T08:29:34.571+0000] {processor.py:840} INFO - DAG(s) 'example_trigger_target_dag' retrieved from /home/airflow/.local/lib/python3.12/site-packages/airflow/example_dags/example_trigger_target_dag.py
[2024-07-12T08:29:34.632+0000] {logging_mixin.py:188} INFO - [2024-07-12T08:29:34.632+0000] {dag.py:3096} INFO - Sync 1 DAGs
[2024-07-12T08:29:34.640+0000] {logging_mixin.py:188} INFO - [2024-07-12T08:29:34.640+0000] {dag.py:3954} INFO - Setting next_dagrun for example_trigger_target_dag to None, run_after=None
[2024-07-12T08:29:34.654+0000] {processor.py:183} INFO - Processing /home/airflow/.local/lib/python3.12/site-packages/airflow/example_dags/example_trigger_target_dag.py took 0.093 seconds
[2024-07-12T08:30:05.104+0000] {processor.py:161} INFO - Started process (PID=199) to work on /home/airflow/.local/lib/python3.12/site-packages/airflow/example_dags/example_trigger_target_dag.py
[2024-07-12T08:30:05.104+0000] {processor.py:830} INFO - Processing file /home/airflow/.local/lib/python3.12/site-packages/airflow/example_dags/example_trigger_target_dag.py for tasks to queue
[2024-07-12T08:30:05.106+0000] {logging_mixin.py:188} INFO - [2024-07-12T08:30:05.105+0000] {dagbag.py:545} INFO - Filling up the DagBag from /home/airflow/.local/lib/python3.12/site-packages/airflow/example_dags/example_trigger_target_dag.py
[2024-07-12T08:30:05.111+0000] {processor.py:840} INFO - DAG(s) 'example_trigger_target_dag' retrieved from /home/airflow/.local/lib/python3.12/site-packages/airflow/example_dags/example_trigger_target_dag.py
[2024-07-12T08:30:05.122+0000] {logging_mixin.py:188} INFO - [2024-07-12T08:30:05.121+0000] {dag.py:3096} INFO - Sync 1 DAGs
[2024-07-12T08:30:05.131+0000] {logging_mixin.py:188} INFO - [2024-07-12T08:30:05.130+0000] {dag.py:3954} INFO - Setting next_dagrun for example_trigger_target_dag to None, run_after=None
[2024-07-12T08:30:05.153+0000] {processor.py:183} INFO - Processing /home/airflow/.local/lib/python3.12/site-packages/airflow/example_dags/example_trigger_target_dag.py took 0.053 seconds
[2024-07-12T08:30:35.336+0000] {processor.py:161} INFO - Started process (PID=257) to work on /home/airflow/.local/lib/python3.12/site-packages/airflow/example_dags/example_trigger_target_dag.py
[2024-07-12T08:30:35.337+0000] {processor.py:830} INFO - Processing file /home/airflow/.local/lib/python3.12/site-packages/airflow/example_dags/example_trigger_target_dag.py for tasks to queue
[2024-07-12T08:30:35.338+0000] {logging_mixin.py:188} INFO - [2024-07-12T08:30:35.338+0000] {dagbag.py:545} INFO - Filling up the DagBag from /home/airflow/.local/lib/python3.12/site-packages/airflow/example_dags/example_trigger_target_dag.py
[2024-07-12T08:30:35.342+0000] {processor.py:840} INFO - DAG(s) 'example_trigger_target_dag' retrieved from /home/airflow/.local/lib/python3.12/site-packages/airflow/example_dags/example_trigger_target_dag.py
[2024-07-12T08:30:35.357+0000] {logging_mixin.py:188} INFO - [2024-07-12T08:30:35.357+0000] {dag.py:3096} INFO - Sync 1 DAGs
[2024-07-12T08:30:35.365+0000] {logging_mixin.py:188} INFO - [2024-07-12T08:30:35.365+0000] {dag.py:3954} INFO - Setting next_dagrun for example_trigger_target_dag to None, run_after=None
[2024-07-12T08:30:35.380+0000] {processor.py:183} INFO - Processing /home/airflow/.local/lib/python3.12/site-packages/airflow/example_dags/example_trigger_target_dag.py took 0.047 seconds
[2024-07-12T08:31:05.431+0000] {processor.py:161} INFO - Started process (PID=315) to work on /home/airflow/.local/lib/python3.12/site-packages/airflow/example_dags/example_trigger_target_dag.py
[2024-07-12T08:31:05.432+0000] {processor.py:830} INFO - Processing file /home/airflow/.local/lib/python3.12/site-packages/airflow/example_dags/example_trigger_target_dag.py for tasks to queue
[2024-07-12T08:31:05.434+0000] {logging_mixin.py:188} INFO - [2024-07-12T08:31:05.433+0000] {dagbag.py:545} INFO - Filling up the DagBag from /home/airflow/.local/lib/python3.12/site-packages/airflow/example_dags/example_trigger_target_dag.py
[2024-07-12T08:31:05.437+0000] {processor.py:840} INFO - DAG(s) 'example_trigger_target_dag' retrieved from /home/airflow/.local/lib/python3.12/site-packages/airflow/example_dags/example_trigger_target_dag.py
[2024-07-12T08:31:05.448+0000] {logging_mixin.py:188} INFO - [2024-07-12T08:31:05.448+0000] {dag.py:3096} INFO - Sync 1 DAGs
[2024-07-12T08:31:05.455+0000] {logging_mixin.py:188} INFO - [2024-07-12T08:31:05.455+0000] {dag.py:3954} INFO - Setting next_dagrun for example_trigger_target_dag to None, run_after=None
[2024-07-12T08:31:05.470+0000] {processor.py:183} INFO - Processing /home/airflow/.local/lib/python3.12/site-packages/airflow/example_dags/example_trigger_target_dag.py took 0.042 seconds
[2024-07-12T08:31:35.846+0000] {processor.py:161} INFO - Started process (PID=373) to work on /home/airflow/.local/lib/python3.12/site-packages/airflow/example_dags/example_trigger_target_dag.py
[2024-07-12T08:31:35.846+0000] {processor.py:830} INFO - Processing file /home/airflow/.local/lib/python3.12/site-packages/airflow/example_dags/example_trigger_target_dag.py for tasks to queue
[2024-07-12T08:31:35.848+0000] {logging_mixin.py:188} INFO - [2024-07-12T08:31:35.847+0000] {dagbag.py:545} INFO - Filling up the DagBag from /home/airflow/.local/lib/python3.12/site-packages/airflow/example_dags/example_trigger_target_dag.py
[2024-07-12T08:31:35.853+0000] {processor.py:840} INFO - DAG(s) 'example_trigger_target_dag' retrieved from /home/airflow/.local/lib/python3.12/site-packages/airflow/example_dags/example_trigger_target_dag.py
[2024-07-12T08:31:35.866+0000] {logging_mixin.py:188} INFO - [2024-07-12T08:31:35.865+0000] {dag.py:3096} INFO - Sync 1 DAGs
[2024-07-12T08:31:35.876+0000] {logging_mixin.py:188} INFO - [2024-07-12T08:31:35.876+0000] {dag.py:3954} INFO - Setting next_dagrun for example_trigger_target_dag to None, run_after=None
[2024-07-12T08:31:35.898+0000] {processor.py:183} INFO - Processing /home/airflow/.local/lib/python3.12/site-packages/airflow/example_dags/example_trigger_target_dag.py took 0.056 seconds
[2024-07-12T08:32:06.074+0000] {processor.py:161} INFO - Started process (PID=431) to work on /home/airflow/.local/lib/python3.12/site-packages/airflow/example_dags/example_trigger_target_dag.py
[2024-07-12T08:32:06.074+0000] {processor.py:830} INFO - Processing file /home/airflow/.local/lib/python3.12/site-packages/airflow/example_dags/example_trigger_target_dag.py for tasks to queue
[2024-07-12T08:32:06.076+0000] {logging_mixin.py:188} INFO - [2024-07-12T08:32:06.075+0000] {dagbag.py:545} INFO - Filling up the DagBag from /home/airflow/.local/lib/python3.12/site-packages/airflow/example_dags/example_trigger_target_dag.py
[2024-07-12T08:32:06.079+0000] {processor.py:840} INFO - DAG(s) 'example_trigger_target_dag' retrieved from /home/airflow/.local/lib/python3.12/site-packages/airflow/example_dags/example_trigger_target_dag.py
[2024-07-12T08:32:06.090+0000] {logging_mixin.py:188} INFO - [2024-07-12T08:32:06.090+0000] {dag.py:3096} INFO - Sync 1 DAGs
[2024-07-12T08:32:06.099+0000] {logging_mixin.py:188} INFO - [2024-07-12T08:32:06.099+0000] {dag.py:3954} INFO - Setting next_dagrun for example_trigger_target_dag to None, run_after=None
[2024-07-12T08:32:06.116+0000] {processor.py:183} INFO - Processing /home/airflow/.local/lib/python3.12/site-packages/airflow/example_dags/example_trigger_target_dag.py took 0.046 seconds
[2024-07-12T08:32:36.139+0000] {processor.py:161} INFO - Started process (PID=489) to work on /home/airflow/.local/lib/python3.12/site-packages/airflow/example_dags/example_trigger_target_dag.py
[2024-07-12T08:32:36.140+0000] {processor.py:830} INFO - Processing file /home/airflow/.local/lib/python3.12/site-packages/airflow/example_dags/example_trigger_target_dag.py for tasks to queue
[2024-07-12T08:32:36.141+0000] {logging_mixin.py:188} INFO - [2024-07-12T08:32:36.141+0000] {dagbag.py:545} INFO - Filling up the DagBag from /home/airflow/.local/lib/python3.12/site-packages/airflow/example_dags/example_trigger_target_dag.py
[2024-07-12T08:32:36.146+0000] {processor.py:840} INFO - DAG(s) 'example_trigger_target_dag' retrieved from /home/airflow/.local/lib/python3.12/site-packages/airflow/example_dags/example_trigger_target_dag.py
[2024-07-12T08:32:36.156+0000] {logging_mixin.py:188} INFO - [2024-07-12T08:32:36.156+0000] {dag.py:3096} INFO - Sync 1 DAGs
[2024-07-12T08:32:36.165+0000] {logging_mixin.py:188} INFO - [2024-07-12T08:32:36.164+0000] {dag.py:3954} INFO - Setting next_dagrun for example_trigger_target_dag to None, run_after=None
[2024-07-12T08:32:36.179+0000] {processor.py:183} INFO - Processing /home/airflow/.local/lib/python3.12/site-packages/airflow/example_dags/example_trigger_target_dag.py took 0.044 seconds
[2024-07-12T08:33:06.505+0000] {processor.py:161} INFO - Started process (PID=547) to work on /home/airflow/.local/lib/python3.12/site-packages/airflow/example_dags/example_trigger_target_dag.py
[2024-07-12T08:33:06.506+0000] {processor.py:830} INFO - Processing file /home/airflow/.local/lib/python3.12/site-packages/airflow/example_dags/example_trigger_target_dag.py for tasks to queue
[2024-07-12T08:33:06.507+0000] {logging_mixin.py:188} INFO - [2024-07-12T08:33:06.506+0000] {dagbag.py:545} INFO - Filling up the DagBag from /home/airflow/.local/lib/python3.12/site-packages/airflow/example_dags/example_trigger_target_dag.py
[2024-07-12T08:33:06.510+0000] {processor.py:840} INFO - DAG(s) 'example_trigger_target_dag' retrieved from /home/airflow/.local/lib/python3.12/site-packages/airflow/example_dags/example_trigger_target_dag.py
[2024-07-12T08:33:06.521+0000] {logging_mixin.py:188} INFO - [2024-07-12T08:33:06.521+0000] {dag.py:3096} INFO - Sync 1 DAGs
[2024-07-12T08:33:06.528+0000] {logging_mixin.py:188} INFO - [2024-07-12T08:33:06.528+0000] {dag.py:3954} INFO - Setting next_dagrun for example_trigger_target_dag to None, run_after=None
[2024-07-12T08:33:06.541+0000] {processor.py:183} INFO - Processing /home/airflow/.local/lib/python3.12/site-packages/airflow/example_dags/example_trigger_target_dag.py took 0.040 seconds
[2024-07-12T08:33:36.657+0000] {processor.py:161} INFO - Started process (PID=605) to work on /home/airflow/.local/lib/python3.12/site-packages/airflow/example_dags/example_trigger_target_dag.py
[2024-07-12T08:33:36.658+0000] {processor.py:830} INFO - Processing file /home/airflow/.local/lib/python3.12/site-packages/airflow/example_dags/example_trigger_target_dag.py for tasks to queue
[2024-07-12T08:33:36.660+0000] {logging_mixin.py:188} INFO - [2024-07-12T08:33:36.660+0000] {dagbag.py:545} INFO - Filling up the DagBag from /home/airflow/.local/lib/python3.12/site-packages/airflow/example_dags/example_trigger_target_dag.py
[2024-07-12T08:33:36.664+0000] {processor.py:840} INFO - DAG(s) 'example_trigger_target_dag' retrieved from /home/airflow/.local/lib/python3.12/site-packages/airflow/example_dags/example_trigger_target_dag.py
[2024-07-12T08:33:36.675+0000] {logging_mixin.py:188} INFO - [2024-07-12T08:33:36.675+0000] {dag.py:3096} INFO - Sync 1 DAGs
[2024-07-12T08:33:36.683+0000] {logging_mixin.py:188} INFO - [2024-07-12T08:33:36.683+0000] {dag.py:3954} INFO - Setting next_dagrun for example_trigger_target_dag to None, run_after=None
[2024-07-12T08:33:36.697+0000] {processor.py:183} INFO - Processing /home/airflow/.local/lib/python3.12/site-packages/airflow/example_dags/example_trigger_target_dag.py took 0.043 seconds
[2024-07-12T08:34:06.868+0000] {processor.py:161} INFO - Started process (PID=663) to work on /home/airflow/.local/lib/python3.12/site-packages/airflow/example_dags/example_trigger_target_dag.py
[2024-07-12T08:34:06.869+0000] {processor.py:830} INFO - Processing file /home/airflow/.local/lib/python3.12/site-packages/airflow/example_dags/example_trigger_target_dag.py for tasks to queue
[2024-07-12T08:34:06.870+0000] {logging_mixin.py:188} INFO - [2024-07-12T08:34:06.870+0000] {dagbag.py:545} INFO - Filling up the DagBag from /home/airflow/.local/lib/python3.12/site-packages/airflow/example_dags/example_trigger_target_dag.py
[2024-07-12T08:34:06.874+0000] {processor.py:840} INFO - DAG(s) 'example_trigger_target_dag' retrieved from /home/airflow/.local/lib/python3.12/site-packages/airflow/example_dags/example_trigger_target_dag.py
[2024-07-12T08:34:06.885+0000] {logging_mixin.py:188} INFO - [2024-07-12T08:34:06.885+0000] {dag.py:3096} INFO - Sync 1 DAGs
[2024-07-12T08:34:06.893+0000] {logging_mixin.py:188} INFO - [2024-07-12T08:34:06.893+0000] {dag.py:3954} INFO - Setting next_dagrun for example_trigger_target_dag to None, run_after=None
[2024-07-12T08:34:06.906+0000] {processor.py:183} INFO - Processing /home/airflow/.local/lib/python3.12/site-packages/airflow/example_dags/example_trigger_target_dag.py took 0.041 seconds
[2024-07-12T08:34:37.011+0000] {processor.py:161} INFO - Started process (PID=721) to work on /home/airflow/.local/lib/python3.12/site-packages/airflow/example_dags/example_trigger_target_dag.py
[2024-07-12T08:34:37.012+0000] {processor.py:830} INFO - Processing file /home/airflow/.local/lib/python3.12/site-packages/airflow/example_dags/example_trigger_target_dag.py for tasks to queue
[2024-07-12T08:34:37.013+0000] {logging_mixin.py:188} INFO - [2024-07-12T08:34:37.013+0000] {dagbag.py:545} INFO - Filling up the DagBag from /home/airflow/.local/lib/python3.12/site-packages/airflow/example_dags/example_trigger_target_dag.py
[2024-07-12T08:34:37.018+0000] {processor.py:840} INFO - DAG(s) 'example_trigger_target_dag' retrieved from /home/airflow/.local/lib/python3.12/site-packages/airflow/example_dags/example_trigger_target_dag.py
[2024-07-12T08:34:37.028+0000] {logging_mixin.py:188} INFO - [2024-07-12T08:34:37.028+0000] {dag.py:3096} INFO - Sync 1 DAGs
[2024-07-12T08:34:37.037+0000] {logging_mixin.py:188} INFO - [2024-07-12T08:34:37.036+0000] {dag.py:3954} INFO - Setting next_dagrun for example_trigger_target_dag to None, run_after=None
[2024-07-12T08:34:37.051+0000] {processor.py:183} INFO - Processing /home/airflow/.local/lib/python3.12/site-packages/airflow/example_dags/example_trigger_target_dag.py took 0.044 seconds
[2024-07-12T08:35:07.931+0000] {processor.py:161} INFO - Started process (PID=779) to work on /home/airflow/.local/lib/python3.12/site-packages/airflow/example_dags/example_trigger_target_dag.py
[2024-07-12T08:35:07.932+0000] {processor.py:830} INFO - Processing file /home/airflow/.local/lib/python3.12/site-packages/airflow/example_dags/example_trigger_target_dag.py for tasks to queue
[2024-07-12T08:35:07.933+0000] {logging_mixin.py:188} INFO - [2024-07-12T08:35:07.933+0000] {dagbag.py:545} INFO - Filling up the DagBag from /home/airflow/.local/lib/python3.12/site-packages/airflow/example_dags/example_trigger_target_dag.py
[2024-07-12T08:35:07.937+0000] {processor.py:840} INFO - DAG(s) 'example_trigger_target_dag' retrieved from /home/airflow/.local/lib/python3.12/site-packages/airflow/example_dags/example_trigger_target_dag.py
[2024-07-12T08:35:07.949+0000] {logging_mixin.py:188} INFO - [2024-07-12T08:35:07.949+0000] {dag.py:3096} INFO - Sync 1 DAGs
[2024-07-12T08:35:07.959+0000] {logging_mixin.py:188} INFO - [2024-07-12T08:35:07.959+0000] {dag.py:3954} INFO - Setting next_dagrun for example_trigger_target_dag to None, run_after=None
[2024-07-12T08:35:07.974+0000] {processor.py:183} INFO - Processing /home/airflow/.local/lib/python3.12/site-packages/airflow/example_dags/example_trigger_target_dag.py took 0.048 seconds
[2024-07-12T08:35:38.565+0000] {processor.py:161} INFO - Started process (PID=837) to work on /home/airflow/.local/lib/python3.12/site-packages/airflow/example_dags/example_trigger_target_dag.py
[2024-07-12T08:35:38.566+0000] {processor.py:830} INFO - Processing file /home/airflow/.local/lib/python3.12/site-packages/airflow/example_dags/example_trigger_target_dag.py for tasks to queue
[2024-07-12T08:35:38.567+0000] {logging_mixin.py:188} INFO - [2024-07-12T08:35:38.567+0000] {dagbag.py:545} INFO - Filling up the DagBag from /home/airflow/.local/lib/python3.12/site-packages/airflow/example_dags/example_trigger_target_dag.py
[2024-07-12T08:35:38.570+0000] {processor.py:840} INFO - DAG(s) 'example_trigger_target_dag' retrieved from /home/airflow/.local/lib/python3.12/site-packages/airflow/example_dags/example_trigger_target_dag.py
[2024-07-12T08:35:38.581+0000] {logging_mixin.py:188} INFO - [2024-07-12T08:35:38.581+0000] {dag.py:3096} INFO - Sync 1 DAGs
[2024-07-12T08:35:38.588+0000] {logging_mixin.py:188} INFO - [2024-07-12T08:35:38.588+0000] {dag.py:3954} INFO - Setting next_dagrun for example_trigger_target_dag to None, run_after=None
[2024-07-12T08:35:38.601+0000] {processor.py:183} INFO - Processing /home/airflow/.local/lib/python3.12/site-packages/airflow/example_dags/example_trigger_target_dag.py took 0.040 seconds
[2024-07-12T08:36:09.596+0000] {processor.py:161} INFO - Started process (PID=895) to work on /home/airflow/.local/lib/python3.12/site-packages/airflow/example_dags/example_trigger_target_dag.py
[2024-07-12T08:36:09.597+0000] {processor.py:830} INFO - Processing file /home/airflow/.local/lib/python3.12/site-packages/airflow/example_dags/example_trigger_target_dag.py for tasks to queue
[2024-07-12T08:36:09.598+0000] {logging_mixin.py:188} INFO - [2024-07-12T08:36:09.598+0000] {dagbag.py:545} INFO - Filling up the DagBag from /home/airflow/.local/lib/python3.12/site-packages/airflow/example_dags/example_trigger_target_dag.py
[2024-07-12T08:36:09.602+0000] {processor.py:840} INFO - DAG(s) 'example_trigger_target_dag' retrieved from /home/airflow/.local/lib/python3.12/site-packages/airflow/example_dags/example_trigger_target_dag.py
[2024-07-12T08:36:09.613+0000] {logging_mixin.py:188} INFO - [2024-07-12T08:36:09.612+0000] {dag.py:3096} INFO - Sync 1 DAGs
[2024-07-12T08:36:09.621+0000] {logging_mixin.py:188} INFO - [2024-07-12T08:36:09.620+0000] {dag.py:3954} INFO - Setting next_dagrun for example_trigger_target_dag to None, run_after=None
[2024-07-12T08:36:09.634+0000] {processor.py:183} INFO - Processing /home/airflow/.local/lib/python3.12/site-packages/airflow/example_dags/example_trigger_target_dag.py took 0.042 seconds
[2024-07-12T08:36:40.148+0000] {processor.py:161} INFO - Started process (PID=953) to work on /home/airflow/.local/lib/python3.12/site-packages/airflow/example_dags/example_trigger_target_dag.py
[2024-07-12T08:36:40.149+0000] {processor.py:830} INFO - Processing file /home/airflow/.local/lib/python3.12/site-packages/airflow/example_dags/example_trigger_target_dag.py for tasks to queue
[2024-07-12T08:36:40.150+0000] {logging_mixin.py:188} INFO - [2024-07-12T08:36:40.150+0000] {dagbag.py:545} INFO - Filling up the DagBag from /home/airflow/.local/lib/python3.12/site-packages/airflow/example_dags/example_trigger_target_dag.py
[2024-07-12T08:36:40.154+0000] {processor.py:840} INFO - DAG(s) 'example_trigger_target_dag' retrieved from /home/airflow/.local/lib/python3.12/site-packages/airflow/example_dags/example_trigger_target_dag.py
[2024-07-12T08:36:40.165+0000] {logging_mixin.py:188} INFO - [2024-07-12T08:36:40.164+0000] {dag.py:3096} INFO - Sync 1 DAGs
[2024-07-12T08:36:40.173+0000] {logging_mixin.py:188} INFO - [2024-07-12T08:36:40.173+0000] {dag.py:3954} INFO - Setting next_dagrun for example_trigger_target_dag to None, run_after=None
[2024-07-12T08:36:40.189+0000] {processor.py:183} INFO - Processing /home/airflow/.local/lib/python3.12/site-packages/airflow/example_dags/example_trigger_target_dag.py took 0.045 seconds
[2024-07-12T08:37:10.526+0000] {processor.py:161} INFO - Started process (PID=1011) to work on /home/airflow/.local/lib/python3.12/site-packages/airflow/example_dags/example_trigger_target_dag.py
[2024-07-12T08:37:10.527+0000] {processor.py:830} INFO - Processing file /home/airflow/.local/lib/python3.12/site-packages/airflow/example_dags/example_trigger_target_dag.py for tasks to queue
[2024-07-12T08:37:10.529+0000] {logging_mixin.py:188} INFO - [2024-07-12T08:37:10.528+0000] {dagbag.py:545} INFO - Filling up the DagBag from /home/airflow/.local/lib/python3.12/site-packages/airflow/example_dags/example_trigger_target_dag.py
[2024-07-12T08:37:10.533+0000] {processor.py:840} INFO - DAG(s) 'example_trigger_target_dag' retrieved from /home/airflow/.local/lib/python3.12/site-packages/airflow/example_dags/example_trigger_target_dag.py
[2024-07-12T08:37:10.546+0000] {logging_mixin.py:188} INFO - [2024-07-12T08:37:10.546+0000] {dag.py:3096} INFO - Sync 1 DAGs
[2024-07-12T08:37:10.555+0000] {logging_mixin.py:188} INFO - [2024-07-12T08:37:10.555+0000] {dag.py:3954} INFO - Setting next_dagrun for example_trigger_target_dag to None, run_after=None
[2024-07-12T08:37:10.570+0000] {processor.py:183} INFO - Processing /home/airflow/.local/lib/python3.12/site-packages/airflow/example_dags/example_trigger_target_dag.py took 0.047 seconds
[2024-07-12T08:37:41.543+0000] {processor.py:161} INFO - Started process (PID=1069) to work on /home/airflow/.local/lib/python3.12/site-packages/airflow/example_dags/example_trigger_target_dag.py
[2024-07-12T08:37:41.543+0000] {processor.py:830} INFO - Processing file /home/airflow/.local/lib/python3.12/site-packages/airflow/example_dags/example_trigger_target_dag.py for tasks to queue
[2024-07-12T08:37:41.545+0000] {logging_mixin.py:188} INFO - [2024-07-12T08:37:41.544+0000] {dagbag.py:545} INFO - Filling up the DagBag from /home/airflow/.local/lib/python3.12/site-packages/airflow/example_dags/example_trigger_target_dag.py
[2024-07-12T08:37:41.549+0000] {processor.py:840} INFO - DAG(s) 'example_trigger_target_dag' retrieved from /home/airflow/.local/lib/python3.12/site-packages/airflow/example_dags/example_trigger_target_dag.py
[2024-07-12T08:37:41.559+0000] {logging_mixin.py:188} INFO - [2024-07-12T08:37:41.559+0000] {dag.py:3096} INFO - Sync 1 DAGs
[2024-07-12T08:37:41.567+0000] {logging_mixin.py:188} INFO - [2024-07-12T08:37:41.566+0000] {dag.py:3954} INFO - Setting next_dagrun for example_trigger_target_dag to None, run_after=None
[2024-07-12T08:37:41.580+0000] {processor.py:183} INFO - Processing /home/airflow/.local/lib/python3.12/site-packages/airflow/example_dags/example_trigger_target_dag.py took 0.041 seconds
[2024-07-12T08:38:11.894+0000] {processor.py:161} INFO - Started process (PID=1127) to work on /home/airflow/.local/lib/python3.12/site-packages/airflow/example_dags/example_trigger_target_dag.py
[2024-07-12T08:38:11.894+0000] {processor.py:830} INFO - Processing file /home/airflow/.local/lib/python3.12/site-packages/airflow/example_dags/example_trigger_target_dag.py for tasks to queue
[2024-07-12T08:38:11.895+0000] {logging_mixin.py:188} INFO - [2024-07-12T08:38:11.895+0000] {dagbag.py:545} INFO - Filling up the DagBag from /home/airflow/.local/lib/python3.12/site-packages/airflow/example_dags/example_trigger_target_dag.py
[2024-07-12T08:38:11.899+0000] {processor.py:840} INFO - DAG(s) 'example_trigger_target_dag' retrieved from /home/airflow/.local/lib/python3.12/site-packages/airflow/example_dags/example_trigger_target_dag.py
[2024-07-12T08:38:11.910+0000] {logging_mixin.py:188} INFO - [2024-07-12T08:38:11.910+0000] {dag.py:3096} INFO - Sync 1 DAGs
[2024-07-12T08:38:11.918+0000] {logging_mixin.py:188} INFO - [2024-07-12T08:38:11.918+0000] {dag.py:3954} INFO - Setting next_dagrun for example_trigger_target_dag to None, run_after=None
[2024-07-12T08:38:11.933+0000] {processor.py:183} INFO - Processing /home/airflow/.local/lib/python3.12/site-packages/airflow/example_dags/example_trigger_target_dag.py took 0.043 seconds
[2024-07-12T08:38:42.770+0000] {processor.py:161} INFO - Started process (PID=1185) to work on /home/airflow/.local/lib/python3.12/site-packages/airflow/example_dags/example_trigger_target_dag.py
[2024-07-12T08:38:42.770+0000] {processor.py:830} INFO - Processing file /home/airflow/.local/lib/python3.12/site-packages/airflow/example_dags/example_trigger_target_dag.py for tasks to queue
[2024-07-12T08:38:42.772+0000] {logging_mixin.py:188} INFO - [2024-07-12T08:38:42.772+0000] {dagbag.py:545} INFO - Filling up the DagBag from /home/airflow/.local/lib/python3.12/site-packages/airflow/example_dags/example_trigger_target_dag.py
[2024-07-12T08:38:42.776+0000] {processor.py:840} INFO - DAG(s) 'example_trigger_target_dag' retrieved from /home/airflow/.local/lib/python3.12/site-packages/airflow/example_dags/example_trigger_target_dag.py
[2024-07-12T08:38:42.786+0000] {logging_mixin.py:188} INFO - [2024-07-12T08:38:42.786+0000] {dag.py:3096} INFO - Sync 1 DAGs
[2024-07-12T08:38:42.793+0000] {logging_mixin.py:188} INFO - [2024-07-12T08:38:42.793+0000] {dag.py:3954} INFO - Setting next_dagrun for example_trigger_target_dag to None, run_after=None
[2024-07-12T08:38:42.807+0000] {processor.py:183} INFO - Processing /home/airflow/.local/lib/python3.12/site-packages/airflow/example_dags/example_trigger_target_dag.py took 0.041 seconds
[2024-07-12T08:39:13.721+0000] {processor.py:161} INFO - Started process (PID=1243) to work on /home/airflow/.local/lib/python3.12/site-packages/airflow/example_dags/example_trigger_target_dag.py
[2024-07-12T08:39:13.721+0000] {processor.py:830} INFO - Processing file /home/airflow/.local/lib/python3.12/site-packages/airflow/example_dags/example_trigger_target_dag.py for tasks to queue
[2024-07-12T08:39:13.723+0000] {logging_mixin.py:188} INFO - [2024-07-12T08:39:13.722+0000] {dagbag.py:545} INFO - Filling up the DagBag from /home/airflow/.local/lib/python3.12/site-packages/airflow/example_dags/example_trigger_target_dag.py
[2024-07-12T08:39:13.727+0000] {processor.py:840} INFO - DAG(s) 'example_trigger_target_dag' retrieved from /home/airflow/.local/lib/python3.12/site-packages/airflow/example_dags/example_trigger_target_dag.py
[2024-07-12T08:39:13.737+0000] {logging_mixin.py:188} INFO - [2024-07-12T08:39:13.737+0000] {dag.py:3096} INFO - Sync 1 DAGs
[2024-07-12T08:39:13.746+0000] {logging_mixin.py:188} INFO - [2024-07-12T08:39:13.746+0000] {dag.py:3954} INFO - Setting next_dagrun for example_trigger_target_dag to None, run_after=None
[2024-07-12T08:39:13.761+0000] {processor.py:183} INFO - Processing /home/airflow/.local/lib/python3.12/site-packages/airflow/example_dags/example_trigger_target_dag.py took 0.044 seconds
