[2024-07-12T07:58:05.049+0000] {processor.py:161} INFO - Started process (PID=56) to work on /home/airflow/.local/lib/python3.12/site-packages/airflow/example_dags/example_task_group.py
[2024-07-12T07:58:05.050+0000] {processor.py:830} INFO - Processing file /home/airflow/.local/lib/python3.12/site-packages/airflow/example_dags/example_task_group.py for tasks to queue
[2024-07-12T07:58:05.051+0000] {logging_mixin.py:188} INFO - [2024-07-12T07:58:05.051+0000] {dagbag.py:545} INFO - Filling up the DagBag from /home/airflow/.local/lib/python3.12/site-packages/airflow/example_dags/example_task_group.py
[2024-07-12T07:58:05.058+0000] {processor.py:840} INFO - DAG(s) 'example_task_group' retrieved from /home/airflow/.local/lib/python3.12/site-packages/airflow/example_dags/example_task_group.py
[2024-07-12T07:58:05.065+0000] {logging_mixin.py:188} INFO - [2024-07-12T07:58:05.065+0000] {dag.py:3096} INFO - Sync 1 DAGs
[2024-07-12T07:58:05.080+0000] {logging_mixin.py:188} INFO - [2024-07-12T07:58:05.080+0000] {dag.py:3954} INFO - Setting next_dagrun for example_task_group to 2024-07-11 00:00:00+00:00, run_after=2024-07-12 00:00:00+00:00
[2024-07-12T07:58:05.095+0000] {processor.py:183} INFO - Processing /home/airflow/.local/lib/python3.12/site-packages/airflow/example_dags/example_task_group.py took 0.051 seconds
[2024-07-12T07:58:35.575+0000] {processor.py:161} INFO - Started process (PID=114) to work on /home/airflow/.local/lib/python3.12/site-packages/airflow/example_dags/example_task_group.py
[2024-07-12T07:58:35.576+0000] {processor.py:830} INFO - Processing file /home/airflow/.local/lib/python3.12/site-packages/airflow/example_dags/example_task_group.py for tasks to queue
[2024-07-12T07:58:35.577+0000] {logging_mixin.py:188} INFO - [2024-07-12T07:58:35.577+0000] {dagbag.py:545} INFO - Filling up the DagBag from /home/airflow/.local/lib/python3.12/site-packages/airflow/example_dags/example_task_group.py
[2024-07-12T07:58:35.581+0000] {processor.py:840} INFO - DAG(s) 'example_task_group' retrieved from /home/airflow/.local/lib/python3.12/site-packages/airflow/example_dags/example_task_group.py
[2024-07-12T07:58:35.646+0000] {logging_mixin.py:188} INFO - [2024-07-12T07:58:35.646+0000] {dag.py:3096} INFO - Sync 1 DAGs
[2024-07-12T07:58:35.658+0000] {logging_mixin.py:188} INFO - [2024-07-12T07:58:35.658+0000] {dag.py:3954} INFO - Setting next_dagrun for example_task_group to 2024-07-11 00:00:00+00:00, run_after=2024-07-12 00:00:00+00:00
[2024-07-12T07:58:35.674+0000] {processor.py:183} INFO - Processing /home/airflow/.local/lib/python3.12/site-packages/airflow/example_dags/example_task_group.py took 0.102 seconds
[2024-07-12T07:59:05.741+0000] {processor.py:161} INFO - Started process (PID=172) to work on /home/airflow/.local/lib/python3.12/site-packages/airflow/example_dags/example_task_group.py
[2024-07-12T07:59:05.741+0000] {processor.py:830} INFO - Processing file /home/airflow/.local/lib/python3.12/site-packages/airflow/example_dags/example_task_group.py for tasks to queue
[2024-07-12T07:59:05.743+0000] {logging_mixin.py:188} INFO - [2024-07-12T07:59:05.742+0000] {dagbag.py:545} INFO - Filling up the DagBag from /home/airflow/.local/lib/python3.12/site-packages/airflow/example_dags/example_task_group.py
[2024-07-12T07:59:05.747+0000] {processor.py:840} INFO - DAG(s) 'example_task_group' retrieved from /home/airflow/.local/lib/python3.12/site-packages/airflow/example_dags/example_task_group.py
[2024-07-12T07:59:05.759+0000] {logging_mixin.py:188} INFO - [2024-07-12T07:59:05.759+0000] {dag.py:3096} INFO - Sync 1 DAGs
[2024-07-12T07:59:05.773+0000] {logging_mixin.py:188} INFO - [2024-07-12T07:59:05.772+0000] {dag.py:3954} INFO - Setting next_dagrun for example_task_group to 2024-07-11 00:00:00+00:00, run_after=2024-07-12 00:00:00+00:00
[2024-07-12T07:59:05.786+0000] {processor.py:183} INFO - Processing /home/airflow/.local/lib/python3.12/site-packages/airflow/example_dags/example_task_group.py took 0.048 seconds
[2024-07-12T07:59:35.876+0000] {processor.py:161} INFO - Started process (PID=230) to work on /home/airflow/.local/lib/python3.12/site-packages/airflow/example_dags/example_task_group.py
[2024-07-12T07:59:35.877+0000] {processor.py:830} INFO - Processing file /home/airflow/.local/lib/python3.12/site-packages/airflow/example_dags/example_task_group.py for tasks to queue
[2024-07-12T07:59:35.878+0000] {logging_mixin.py:188} INFO - [2024-07-12T07:59:35.878+0000] {dagbag.py:545} INFO - Filling up the DagBag from /home/airflow/.local/lib/python3.12/site-packages/airflow/example_dags/example_task_group.py
[2024-07-12T07:59:35.882+0000] {processor.py:840} INFO - DAG(s) 'example_task_group' retrieved from /home/airflow/.local/lib/python3.12/site-packages/airflow/example_dags/example_task_group.py
[2024-07-12T07:59:35.895+0000] {logging_mixin.py:188} INFO - [2024-07-12T07:59:35.894+0000] {dag.py:3096} INFO - Sync 1 DAGs
[2024-07-12T07:59:35.908+0000] {logging_mixin.py:188} INFO - [2024-07-12T07:59:35.907+0000] {dag.py:3954} INFO - Setting next_dagrun for example_task_group to 2024-07-11 00:00:00+00:00, run_after=2024-07-12 00:00:00+00:00
[2024-07-12T07:59:35.921+0000] {processor.py:183} INFO - Processing /home/airflow/.local/lib/python3.12/site-packages/airflow/example_dags/example_task_group.py took 0.049 seconds
[2024-07-12T08:01:09.049+0000] {processor.py:161} INFO - Started process (PID=55) to work on /home/airflow/.local/lib/python3.12/site-packages/airflow/example_dags/example_task_group.py
[2024-07-12T08:01:09.049+0000] {processor.py:830} INFO - Processing file /home/airflow/.local/lib/python3.12/site-packages/airflow/example_dags/example_task_group.py for tasks to queue
[2024-07-12T08:01:09.051+0000] {logging_mixin.py:188} INFO - [2024-07-12T08:01:09.051+0000] {dagbag.py:545} INFO - Filling up the DagBag from /home/airflow/.local/lib/python3.12/site-packages/airflow/example_dags/example_task_group.py
[2024-07-12T08:01:09.058+0000] {processor.py:840} INFO - DAG(s) 'example_task_group' retrieved from /home/airflow/.local/lib/python3.12/site-packages/airflow/example_dags/example_task_group.py
[2024-07-12T08:01:09.065+0000] {logging_mixin.py:188} INFO - [2024-07-12T08:01:09.065+0000] {dag.py:3096} INFO - Sync 1 DAGs
[2024-07-12T08:01:09.080+0000] {logging_mixin.py:188} INFO - [2024-07-12T08:01:09.080+0000] {dag.py:3954} INFO - Setting next_dagrun for example_task_group to 2024-07-11 00:00:00+00:00, run_after=2024-07-12 00:00:00+00:00
[2024-07-12T08:01:09.098+0000] {processor.py:183} INFO - Processing /home/airflow/.local/lib/python3.12/site-packages/airflow/example_dags/example_task_group.py took 0.053 seconds
[2024-07-12T08:01:39.357+0000] {processor.py:161} INFO - Started process (PID=113) to work on /home/airflow/.local/lib/python3.12/site-packages/airflow/example_dags/example_task_group.py
[2024-07-12T08:01:39.358+0000] {processor.py:830} INFO - Processing file /home/airflow/.local/lib/python3.12/site-packages/airflow/example_dags/example_task_group.py for tasks to queue
[2024-07-12T08:01:39.360+0000] {logging_mixin.py:188} INFO - [2024-07-12T08:01:39.359+0000] {dagbag.py:545} INFO - Filling up the DagBag from /home/airflow/.local/lib/python3.12/site-packages/airflow/example_dags/example_task_group.py
[2024-07-12T08:01:39.366+0000] {processor.py:840} INFO - DAG(s) 'example_task_group' retrieved from /home/airflow/.local/lib/python3.12/site-packages/airflow/example_dags/example_task_group.py
[2024-07-12T08:01:39.440+0000] {logging_mixin.py:188} INFO - [2024-07-12T08:01:39.439+0000] {dag.py:3096} INFO - Sync 1 DAGs
[2024-07-12T08:01:39.453+0000] {logging_mixin.py:188} INFO - [2024-07-12T08:01:39.453+0000] {dag.py:3954} INFO - Setting next_dagrun for example_task_group to 2024-07-11 00:00:00+00:00, run_after=2024-07-12 00:00:00+00:00
[2024-07-12T08:01:39.471+0000] {processor.py:183} INFO - Processing /home/airflow/.local/lib/python3.12/site-packages/airflow/example_dags/example_task_group.py took 0.118 seconds
[2024-07-12T08:02:09.656+0000] {processor.py:161} INFO - Started process (PID=171) to work on /home/airflow/.local/lib/python3.12/site-packages/airflow/example_dags/example_task_group.py
[2024-07-12T08:02:09.656+0000] {processor.py:830} INFO - Processing file /home/airflow/.local/lib/python3.12/site-packages/airflow/example_dags/example_task_group.py for tasks to queue
[2024-07-12T08:02:09.658+0000] {logging_mixin.py:188} INFO - [2024-07-12T08:02:09.657+0000] {dagbag.py:545} INFO - Filling up the DagBag from /home/airflow/.local/lib/python3.12/site-packages/airflow/example_dags/example_task_group.py
[2024-07-12T08:02:09.662+0000] {processor.py:840} INFO - DAG(s) 'example_task_group' retrieved from /home/airflow/.local/lib/python3.12/site-packages/airflow/example_dags/example_task_group.py
[2024-07-12T08:02:09.675+0000] {logging_mixin.py:188} INFO - [2024-07-12T08:02:09.674+0000] {dag.py:3096} INFO - Sync 1 DAGs
[2024-07-12T08:02:09.689+0000] {logging_mixin.py:188} INFO - [2024-07-12T08:02:09.689+0000] {dag.py:3954} INFO - Setting next_dagrun for example_task_group to 2024-07-11 00:00:00+00:00, run_after=2024-07-12 00:00:00+00:00
[2024-07-12T08:02:09.703+0000] {processor.py:183} INFO - Processing /home/airflow/.local/lib/python3.12/site-packages/airflow/example_dags/example_task_group.py took 0.051 seconds
[2024-07-12T08:02:39.762+0000] {processor.py:161} INFO - Started process (PID=228) to work on /home/airflow/.local/lib/python3.12/site-packages/airflow/example_dags/example_task_group.py
[2024-07-12T08:02:39.763+0000] {processor.py:830} INFO - Processing file /home/airflow/.local/lib/python3.12/site-packages/airflow/example_dags/example_task_group.py for tasks to queue
[2024-07-12T08:02:39.764+0000] {logging_mixin.py:188} INFO - [2024-07-12T08:02:39.764+0000] {dagbag.py:545} INFO - Filling up the DagBag from /home/airflow/.local/lib/python3.12/site-packages/airflow/example_dags/example_task_group.py
[2024-07-12T08:02:39.769+0000] {processor.py:840} INFO - DAG(s) 'example_task_group' retrieved from /home/airflow/.local/lib/python3.12/site-packages/airflow/example_dags/example_task_group.py
[2024-07-12T08:02:39.782+0000] {logging_mixin.py:188} INFO - [2024-07-12T08:02:39.782+0000] {dag.py:3096} INFO - Sync 1 DAGs
[2024-07-12T08:02:39.800+0000] {logging_mixin.py:188} INFO - [2024-07-12T08:02:39.800+0000] {dag.py:3954} INFO - Setting next_dagrun for example_task_group to 2024-07-11 00:00:00+00:00, run_after=2024-07-12 00:00:00+00:00
[2024-07-12T08:02:39.817+0000] {processor.py:183} INFO - Processing /home/airflow/.local/lib/python3.12/site-packages/airflow/example_dags/example_task_group.py took 0.059 seconds
[2024-07-12T08:04:16.685+0000] {processor.py:161} INFO - Started process (PID=56) to work on /home/airflow/.local/lib/python3.12/site-packages/airflow/example_dags/example_task_group.py
[2024-07-12T08:04:16.686+0000] {processor.py:830} INFO - Processing file /home/airflow/.local/lib/python3.12/site-packages/airflow/example_dags/example_task_group.py for tasks to queue
[2024-07-12T08:04:16.687+0000] {logging_mixin.py:188} INFO - [2024-07-12T08:04:16.687+0000] {dagbag.py:545} INFO - Filling up the DagBag from /home/airflow/.local/lib/python3.12/site-packages/airflow/example_dags/example_task_group.py
[2024-07-12T08:04:16.695+0000] {processor.py:840} INFO - DAG(s) 'example_task_group' retrieved from /home/airflow/.local/lib/python3.12/site-packages/airflow/example_dags/example_task_group.py
[2024-07-12T08:04:16.702+0000] {logging_mixin.py:188} INFO - [2024-07-12T08:04:16.701+0000] {dag.py:3096} INFO - Sync 1 DAGs
[2024-07-12T08:04:16.717+0000] {logging_mixin.py:188} INFO - [2024-07-12T08:04:16.717+0000] {dag.py:3954} INFO - Setting next_dagrun for example_task_group to 2024-07-11 00:00:00+00:00, run_after=2024-07-12 00:00:00+00:00
[2024-07-12T08:04:16.734+0000] {processor.py:183} INFO - Processing /home/airflow/.local/lib/python3.12/site-packages/airflow/example_dags/example_task_group.py took 0.053 seconds
[2024-07-12T08:04:47.138+0000] {processor.py:161} INFO - Started process (PID=114) to work on /home/airflow/.local/lib/python3.12/site-packages/airflow/example_dags/example_task_group.py
[2024-07-12T08:04:47.138+0000] {processor.py:830} INFO - Processing file /home/airflow/.local/lib/python3.12/site-packages/airflow/example_dags/example_task_group.py for tasks to queue
[2024-07-12T08:04:47.140+0000] {logging_mixin.py:188} INFO - [2024-07-12T08:04:47.139+0000] {dagbag.py:545} INFO - Filling up the DagBag from /home/airflow/.local/lib/python3.12/site-packages/airflow/example_dags/example_task_group.py
[2024-07-12T08:04:47.145+0000] {processor.py:840} INFO - DAG(s) 'example_task_group' retrieved from /home/airflow/.local/lib/python3.12/site-packages/airflow/example_dags/example_task_group.py
[2024-07-12T08:04:47.209+0000] {logging_mixin.py:188} INFO - [2024-07-12T08:04:47.208+0000] {dag.py:3096} INFO - Sync 1 DAGs
[2024-07-12T08:04:47.221+0000] {logging_mixin.py:188} INFO - [2024-07-12T08:04:47.221+0000] {dag.py:3954} INFO - Setting next_dagrun for example_task_group to 2024-07-11 00:00:00+00:00, run_after=2024-07-12 00:00:00+00:00
[2024-07-12T08:04:47.238+0000] {processor.py:183} INFO - Processing /home/airflow/.local/lib/python3.12/site-packages/airflow/example_dags/example_task_group.py took 0.104 seconds
[2024-07-12T08:05:17.916+0000] {processor.py:161} INFO - Started process (PID=172) to work on /home/airflow/.local/lib/python3.12/site-packages/airflow/example_dags/example_task_group.py
[2024-07-12T08:05:17.917+0000] {processor.py:830} INFO - Processing file /home/airflow/.local/lib/python3.12/site-packages/airflow/example_dags/example_task_group.py for tasks to queue
[2024-07-12T08:05:17.919+0000] {logging_mixin.py:188} INFO - [2024-07-12T08:05:17.918+0000] {dagbag.py:545} INFO - Filling up the DagBag from /home/airflow/.local/lib/python3.12/site-packages/airflow/example_dags/example_task_group.py
[2024-07-12T08:05:17.923+0000] {processor.py:840} INFO - DAG(s) 'example_task_group' retrieved from /home/airflow/.local/lib/python3.12/site-packages/airflow/example_dags/example_task_group.py
[2024-07-12T08:05:17.937+0000] {logging_mixin.py:188} INFO - [2024-07-12T08:05:17.937+0000] {dag.py:3096} INFO - Sync 1 DAGs
[2024-07-12T08:05:17.951+0000] {logging_mixin.py:188} INFO - [2024-07-12T08:05:17.951+0000] {dag.py:3954} INFO - Setting next_dagrun for example_task_group to 2024-07-11 00:00:00+00:00, run_after=2024-07-12 00:00:00+00:00
[2024-07-12T08:05:17.966+0000] {processor.py:183} INFO - Processing /home/airflow/.local/lib/python3.12/site-packages/airflow/example_dags/example_task_group.py took 0.054 seconds
[2024-07-12T08:05:48.008+0000] {processor.py:161} INFO - Started process (PID=230) to work on /home/airflow/.local/lib/python3.12/site-packages/airflow/example_dags/example_task_group.py
[2024-07-12T08:05:48.009+0000] {processor.py:830} INFO - Processing file /home/airflow/.local/lib/python3.12/site-packages/airflow/example_dags/example_task_group.py for tasks to queue
[2024-07-12T08:05:48.010+0000] {logging_mixin.py:188} INFO - [2024-07-12T08:05:48.010+0000] {dagbag.py:545} INFO - Filling up the DagBag from /home/airflow/.local/lib/python3.12/site-packages/airflow/example_dags/example_task_group.py
[2024-07-12T08:05:48.015+0000] {processor.py:840} INFO - DAG(s) 'example_task_group' retrieved from /home/airflow/.local/lib/python3.12/site-packages/airflow/example_dags/example_task_group.py
[2024-07-12T08:05:48.027+0000] {logging_mixin.py:188} INFO - [2024-07-12T08:05:48.027+0000] {dag.py:3096} INFO - Sync 1 DAGs
[2024-07-12T08:05:48.040+0000] {logging_mixin.py:188} INFO - [2024-07-12T08:05:48.040+0000] {dag.py:3954} INFO - Setting next_dagrun for example_task_group to 2024-07-11 00:00:00+00:00, run_after=2024-07-12 00:00:00+00:00
[2024-07-12T08:05:48.055+0000] {processor.py:183} INFO - Processing /home/airflow/.local/lib/python3.12/site-packages/airflow/example_dags/example_task_group.py took 0.051 seconds
[2024-07-12T08:06:18.132+0000] {processor.py:161} INFO - Started process (PID=287) to work on /home/airflow/.local/lib/python3.12/site-packages/airflow/example_dags/example_task_group.py
[2024-07-12T08:06:18.133+0000] {processor.py:830} INFO - Processing file /home/airflow/.local/lib/python3.12/site-packages/airflow/example_dags/example_task_group.py for tasks to queue
[2024-07-12T08:06:18.134+0000] {logging_mixin.py:188} INFO - [2024-07-12T08:06:18.134+0000] {dagbag.py:545} INFO - Filling up the DagBag from /home/airflow/.local/lib/python3.12/site-packages/airflow/example_dags/example_task_group.py
[2024-07-12T08:06:18.139+0000] {processor.py:840} INFO - DAG(s) 'example_task_group' retrieved from /home/airflow/.local/lib/python3.12/site-packages/airflow/example_dags/example_task_group.py
[2024-07-12T08:06:18.145+0000] {logging_mixin.py:188} INFO - [2024-07-12T08:06:18.144+0000] {dag.py:3096} INFO - Sync 1 DAGs
[2024-07-12T08:06:18.159+0000] {logging_mixin.py:188} INFO - [2024-07-12T08:06:18.158+0000] {dag.py:3954} INFO - Setting next_dagrun for example_task_group to 2024-07-11 00:00:00+00:00, run_after=2024-07-12 00:00:00+00:00
[2024-07-12T08:06:18.172+0000] {processor.py:183} INFO - Processing /home/airflow/.local/lib/python3.12/site-packages/airflow/example_dags/example_task_group.py took 0.044 seconds
[2024-07-12T08:06:49.205+0000] {processor.py:161} INFO - Started process (PID=346) to work on /home/airflow/.local/lib/python3.12/site-packages/airflow/example_dags/example_task_group.py
[2024-07-12T08:06:49.206+0000] {processor.py:830} INFO - Processing file /home/airflow/.local/lib/python3.12/site-packages/airflow/example_dags/example_task_group.py for tasks to queue
[2024-07-12T08:06:49.207+0000] {logging_mixin.py:188} INFO - [2024-07-12T08:06:49.207+0000] {dagbag.py:545} INFO - Filling up the DagBag from /home/airflow/.local/lib/python3.12/site-packages/airflow/example_dags/example_task_group.py
[2024-07-12T08:06:49.212+0000] {processor.py:840} INFO - DAG(s) 'example_task_group' retrieved from /home/airflow/.local/lib/python3.12/site-packages/airflow/example_dags/example_task_group.py
[2024-07-12T08:06:49.274+0000] {logging_mixin.py:188} INFO - [2024-07-12T08:06:49.273+0000] {dag.py:3096} INFO - Sync 1 DAGs
[2024-07-12T08:06:49.286+0000] {logging_mixin.py:188} INFO - [2024-07-12T08:06:49.286+0000] {dag.py:3954} INFO - Setting next_dagrun for example_task_group to 2024-07-11 00:00:00+00:00, run_after=2024-07-12 00:00:00+00:00
[2024-07-12T08:06:49.301+0000] {processor.py:183} INFO - Processing /home/airflow/.local/lib/python3.12/site-packages/airflow/example_dags/example_task_group.py took 0.100 seconds
[2024-07-12T08:07:19.413+0000] {processor.py:161} INFO - Started process (PID=404) to work on /home/airflow/.local/lib/python3.12/site-packages/airflow/example_dags/example_task_group.py
[2024-07-12T08:07:19.414+0000] {processor.py:830} INFO - Processing file /home/airflow/.local/lib/python3.12/site-packages/airflow/example_dags/example_task_group.py for tasks to queue
[2024-07-12T08:07:19.415+0000] {logging_mixin.py:188} INFO - [2024-07-12T08:07:19.415+0000] {dagbag.py:545} INFO - Filling up the DagBag from /home/airflow/.local/lib/python3.12/site-packages/airflow/example_dags/example_task_group.py
[2024-07-12T08:07:19.420+0000] {processor.py:840} INFO - DAG(s) 'example_task_group' retrieved from /home/airflow/.local/lib/python3.12/site-packages/airflow/example_dags/example_task_group.py
[2024-07-12T08:07:19.432+0000] {logging_mixin.py:188} INFO - [2024-07-12T08:07:19.432+0000] {dag.py:3096} INFO - Sync 1 DAGs
[2024-07-12T08:07:19.445+0000] {logging_mixin.py:188} INFO - [2024-07-12T08:07:19.445+0000] {dag.py:3954} INFO - Setting next_dagrun for example_task_group to 2024-07-11 00:00:00+00:00, run_after=2024-07-12 00:00:00+00:00
[2024-07-12T08:07:19.458+0000] {processor.py:183} INFO - Processing /home/airflow/.local/lib/python3.12/site-packages/airflow/example_dags/example_task_group.py took 0.049 seconds
[2024-07-12T08:08:13.959+0000] {processor.py:161} INFO - Started process (PID=55) to work on /home/airflow/.local/lib/python3.12/site-packages/airflow/example_dags/example_task_group.py
[2024-07-12T08:08:13.960+0000] {processor.py:830} INFO - Processing file /home/airflow/.local/lib/python3.12/site-packages/airflow/example_dags/example_task_group.py for tasks to queue
[2024-07-12T08:08:13.962+0000] {logging_mixin.py:188} INFO - [2024-07-12T08:08:13.962+0000] {dagbag.py:545} INFO - Filling up the DagBag from /home/airflow/.local/lib/python3.12/site-packages/airflow/example_dags/example_task_group.py
[2024-07-12T08:08:13.972+0000] {processor.py:840} INFO - DAG(s) 'example_task_group' retrieved from /home/airflow/.local/lib/python3.12/site-packages/airflow/example_dags/example_task_group.py
[2024-07-12T08:08:13.980+0000] {logging_mixin.py:188} INFO - [2024-07-12T08:08:13.980+0000] {dag.py:3096} INFO - Sync 1 DAGs
[2024-07-12T08:08:14.008+0000] {logging_mixin.py:188} INFO - [2024-07-12T08:08:14.008+0000] {dag.py:3954} INFO - Setting next_dagrun for example_task_group to 2024-07-11 00:00:00+00:00, run_after=2024-07-12 00:00:00+00:00
[2024-07-12T08:08:14.039+0000] {processor.py:183} INFO - Processing /home/airflow/.local/lib/python3.12/site-packages/airflow/example_dags/example_task_group.py took 0.085 seconds
[2024-07-12T08:08:44.652+0000] {processor.py:161} INFO - Started process (PID=117) to work on /home/airflow/.local/lib/python3.12/site-packages/airflow/example_dags/example_task_group.py
[2024-07-12T08:08:44.653+0000] {processor.py:830} INFO - Processing file /home/airflow/.local/lib/python3.12/site-packages/airflow/example_dags/example_task_group.py for tasks to queue
[2024-07-12T08:08:44.654+0000] {logging_mixin.py:188} INFO - [2024-07-12T08:08:44.654+0000] {dagbag.py:545} INFO - Filling up the DagBag from /home/airflow/.local/lib/python3.12/site-packages/airflow/example_dags/example_task_group.py
[2024-07-12T08:08:44.659+0000] {processor.py:840} INFO - DAG(s) 'example_task_group' retrieved from /home/airflow/.local/lib/python3.12/site-packages/airflow/example_dags/example_task_group.py
[2024-07-12T08:08:44.731+0000] {logging_mixin.py:188} INFO - [2024-07-12T08:08:44.731+0000] {dag.py:3096} INFO - Sync 1 DAGs
[2024-07-12T08:08:44.746+0000] {logging_mixin.py:188} INFO - [2024-07-12T08:08:44.746+0000] {dag.py:3954} INFO - Setting next_dagrun for example_task_group to 2024-07-11 00:00:00+00:00, run_after=2024-07-12 00:00:00+00:00
[2024-07-12T08:08:44.766+0000] {processor.py:183} INFO - Processing /home/airflow/.local/lib/python3.12/site-packages/airflow/example_dags/example_task_group.py took 0.118 seconds
[2024-07-12T08:09:15.520+0000] {processor.py:161} INFO - Started process (PID=175) to work on /home/airflow/.local/lib/python3.12/site-packages/airflow/example_dags/example_task_group.py
[2024-07-12T08:09:15.521+0000] {processor.py:830} INFO - Processing file /home/airflow/.local/lib/python3.12/site-packages/airflow/example_dags/example_task_group.py for tasks to queue
[2024-07-12T08:09:15.522+0000] {logging_mixin.py:188} INFO - [2024-07-12T08:09:15.522+0000] {dagbag.py:545} INFO - Filling up the DagBag from /home/airflow/.local/lib/python3.12/site-packages/airflow/example_dags/example_task_group.py
[2024-07-12T08:09:15.527+0000] {processor.py:840} INFO - DAG(s) 'example_task_group' retrieved from /home/airflow/.local/lib/python3.12/site-packages/airflow/example_dags/example_task_group.py
[2024-07-12T08:09:15.541+0000] {logging_mixin.py:188} INFO - [2024-07-12T08:09:15.541+0000] {dag.py:3096} INFO - Sync 1 DAGs
[2024-07-12T08:09:15.556+0000] {logging_mixin.py:188} INFO - [2024-07-12T08:09:15.556+0000] {dag.py:3954} INFO - Setting next_dagrun for example_task_group to 2024-07-11 00:00:00+00:00, run_after=2024-07-12 00:00:00+00:00
[2024-07-12T08:09:15.569+0000] {processor.py:183} INFO - Processing /home/airflow/.local/lib/python3.12/site-packages/airflow/example_dags/example_task_group.py took 0.054 seconds
[2024-07-12T08:09:45.606+0000] {processor.py:161} INFO - Started process (PID=233) to work on /home/airflow/.local/lib/python3.12/site-packages/airflow/example_dags/example_task_group.py
[2024-07-12T08:09:45.607+0000] {processor.py:830} INFO - Processing file /home/airflow/.local/lib/python3.12/site-packages/airflow/example_dags/example_task_group.py for tasks to queue
[2024-07-12T08:09:45.608+0000] {logging_mixin.py:188} INFO - [2024-07-12T08:09:45.608+0000] {dagbag.py:545} INFO - Filling up the DagBag from /home/airflow/.local/lib/python3.12/site-packages/airflow/example_dags/example_task_group.py
[2024-07-12T08:09:45.613+0000] {processor.py:840} INFO - DAG(s) 'example_task_group' retrieved from /home/airflow/.local/lib/python3.12/site-packages/airflow/example_dags/example_task_group.py
[2024-07-12T08:09:45.625+0000] {logging_mixin.py:188} INFO - [2024-07-12T08:09:45.625+0000] {dag.py:3096} INFO - Sync 1 DAGs
[2024-07-12T08:09:45.639+0000] {logging_mixin.py:188} INFO - [2024-07-12T08:09:45.639+0000] {dag.py:3954} INFO - Setting next_dagrun for example_task_group to 2024-07-11 00:00:00+00:00, run_after=2024-07-12 00:00:00+00:00
[2024-07-12T08:09:45.652+0000] {processor.py:183} INFO - Processing /home/airflow/.local/lib/python3.12/site-packages/airflow/example_dags/example_task_group.py took 0.050 seconds
[2024-07-12T08:10:15.822+0000] {processor.py:161} INFO - Started process (PID=291) to work on /home/airflow/.local/lib/python3.12/site-packages/airflow/example_dags/example_task_group.py
[2024-07-12T08:10:15.822+0000] {processor.py:830} INFO - Processing file /home/airflow/.local/lib/python3.12/site-packages/airflow/example_dags/example_task_group.py for tasks to queue
[2024-07-12T08:10:15.824+0000] {logging_mixin.py:188} INFO - [2024-07-12T08:10:15.823+0000] {dagbag.py:545} INFO - Filling up the DagBag from /home/airflow/.local/lib/python3.12/site-packages/airflow/example_dags/example_task_group.py
[2024-07-12T08:10:15.828+0000] {processor.py:840} INFO - DAG(s) 'example_task_group' retrieved from /home/airflow/.local/lib/python3.12/site-packages/airflow/example_dags/example_task_group.py
[2024-07-12T08:10:15.840+0000] {logging_mixin.py:188} INFO - [2024-07-12T08:10:15.840+0000] {dag.py:3096} INFO - Sync 1 DAGs
[2024-07-12T08:10:15.853+0000] {logging_mixin.py:188} INFO - [2024-07-12T08:10:15.853+0000] {dag.py:3954} INFO - Setting next_dagrun for example_task_group to 2024-07-11 00:00:00+00:00, run_after=2024-07-12 00:00:00+00:00
[2024-07-12T08:10:15.866+0000] {processor.py:183} INFO - Processing /home/airflow/.local/lib/python3.12/site-packages/airflow/example_dags/example_task_group.py took 0.048 seconds
[2024-07-12T08:10:45.972+0000] {processor.py:161} INFO - Started process (PID=348) to work on /home/airflow/.local/lib/python3.12/site-packages/airflow/example_dags/example_task_group.py
[2024-07-12T08:10:45.973+0000] {processor.py:830} INFO - Processing file /home/airflow/.local/lib/python3.12/site-packages/airflow/example_dags/example_task_group.py for tasks to queue
[2024-07-12T08:10:45.974+0000] {logging_mixin.py:188} INFO - [2024-07-12T08:10:45.974+0000] {dagbag.py:545} INFO - Filling up the DagBag from /home/airflow/.local/lib/python3.12/site-packages/airflow/example_dags/example_task_group.py
[2024-07-12T08:10:45.979+0000] {processor.py:840} INFO - DAG(s) 'example_task_group' retrieved from /home/airflow/.local/lib/python3.12/site-packages/airflow/example_dags/example_task_group.py
[2024-07-12T08:10:45.990+0000] {logging_mixin.py:188} INFO - [2024-07-12T08:10:45.990+0000] {dag.py:3096} INFO - Sync 1 DAGs
[2024-07-12T08:10:46.003+0000] {logging_mixin.py:188} INFO - [2024-07-12T08:10:46.003+0000] {dag.py:3954} INFO - Setting next_dagrun for example_task_group to 2024-07-11 00:00:00+00:00, run_after=2024-07-12 00:00:00+00:00
[2024-07-12T08:10:46.016+0000] {processor.py:183} INFO - Processing /home/airflow/.local/lib/python3.12/site-packages/airflow/example_dags/example_task_group.py took 0.048 seconds
[2024-07-12T08:11:16.132+0000] {processor.py:161} INFO - Started process (PID=406) to work on /home/airflow/.local/lib/python3.12/site-packages/airflow/example_dags/example_task_group.py
[2024-07-12T08:11:16.133+0000] {processor.py:830} INFO - Processing file /home/airflow/.local/lib/python3.12/site-packages/airflow/example_dags/example_task_group.py for tasks to queue
[2024-07-12T08:11:16.134+0000] {logging_mixin.py:188} INFO - [2024-07-12T08:11:16.134+0000] {dagbag.py:545} INFO - Filling up the DagBag from /home/airflow/.local/lib/python3.12/site-packages/airflow/example_dags/example_task_group.py
[2024-07-12T08:11:16.139+0000] {processor.py:840} INFO - DAG(s) 'example_task_group' retrieved from /home/airflow/.local/lib/python3.12/site-packages/airflow/example_dags/example_task_group.py
[2024-07-12T08:11:16.152+0000] {logging_mixin.py:188} INFO - [2024-07-12T08:11:16.152+0000] {dag.py:3096} INFO - Sync 1 DAGs
[2024-07-12T08:11:16.167+0000] {logging_mixin.py:188} INFO - [2024-07-12T08:11:16.167+0000] {dag.py:3954} INFO - Setting next_dagrun for example_task_group to 2024-07-11 00:00:00+00:00, run_after=2024-07-12 00:00:00+00:00
[2024-07-12T08:11:16.184+0000] {processor.py:183} INFO - Processing /home/airflow/.local/lib/python3.12/site-packages/airflow/example_dags/example_task_group.py took 0.056 seconds
[2024-07-12T08:11:46.308+0000] {processor.py:161} INFO - Started process (PID=464) to work on /home/airflow/.local/lib/python3.12/site-packages/airflow/example_dags/example_task_group.py
[2024-07-12T08:11:46.309+0000] {processor.py:830} INFO - Processing file /home/airflow/.local/lib/python3.12/site-packages/airflow/example_dags/example_task_group.py for tasks to queue
[2024-07-12T08:11:46.310+0000] {logging_mixin.py:188} INFO - [2024-07-12T08:11:46.310+0000] {dagbag.py:545} INFO - Filling up the DagBag from /home/airflow/.local/lib/python3.12/site-packages/airflow/example_dags/example_task_group.py
[2024-07-12T08:11:46.315+0000] {processor.py:840} INFO - DAG(s) 'example_task_group' retrieved from /home/airflow/.local/lib/python3.12/site-packages/airflow/example_dags/example_task_group.py
[2024-07-12T08:11:46.327+0000] {logging_mixin.py:188} INFO - [2024-07-12T08:11:46.327+0000] {dag.py:3096} INFO - Sync 1 DAGs
[2024-07-12T08:11:46.342+0000] {logging_mixin.py:188} INFO - [2024-07-12T08:11:46.342+0000] {dag.py:3954} INFO - Setting next_dagrun for example_task_group to 2024-07-11 00:00:00+00:00, run_after=2024-07-12 00:00:00+00:00
[2024-07-12T08:11:46.358+0000] {processor.py:183} INFO - Processing /home/airflow/.local/lib/python3.12/site-packages/airflow/example_dags/example_task_group.py took 0.053 seconds
[2024-07-12T08:12:16.408+0000] {processor.py:161} INFO - Started process (PID=522) to work on /home/airflow/.local/lib/python3.12/site-packages/airflow/example_dags/example_task_group.py
[2024-07-12T08:12:16.409+0000] {processor.py:830} INFO - Processing file /home/airflow/.local/lib/python3.12/site-packages/airflow/example_dags/example_task_group.py for tasks to queue
[2024-07-12T08:12:16.410+0000] {logging_mixin.py:188} INFO - [2024-07-12T08:12:16.410+0000] {dagbag.py:545} INFO - Filling up the DagBag from /home/airflow/.local/lib/python3.12/site-packages/airflow/example_dags/example_task_group.py
[2024-07-12T08:12:16.415+0000] {processor.py:840} INFO - DAG(s) 'example_task_group' retrieved from /home/airflow/.local/lib/python3.12/site-packages/airflow/example_dags/example_task_group.py
[2024-07-12T08:12:16.428+0000] {logging_mixin.py:188} INFO - [2024-07-12T08:12:16.428+0000] {dag.py:3096} INFO - Sync 1 DAGs
[2024-07-12T08:12:16.445+0000] {logging_mixin.py:188} INFO - [2024-07-12T08:12:16.444+0000] {dag.py:3954} INFO - Setting next_dagrun for example_task_group to 2024-07-11 00:00:00+00:00, run_after=2024-07-12 00:00:00+00:00
[2024-07-12T08:12:16.461+0000] {processor.py:183} INFO - Processing /home/airflow/.local/lib/python3.12/site-packages/airflow/example_dags/example_task_group.py took 0.057 seconds
[2024-07-12T08:12:46.790+0000] {processor.py:161} INFO - Started process (PID=580) to work on /home/airflow/.local/lib/python3.12/site-packages/airflow/example_dags/example_task_group.py
[2024-07-12T08:12:46.791+0000] {processor.py:830} INFO - Processing file /home/airflow/.local/lib/python3.12/site-packages/airflow/example_dags/example_task_group.py for tasks to queue
[2024-07-12T08:12:46.793+0000] {logging_mixin.py:188} INFO - [2024-07-12T08:12:46.792+0000] {dagbag.py:545} INFO - Filling up the DagBag from /home/airflow/.local/lib/python3.12/site-packages/airflow/example_dags/example_task_group.py
[2024-07-12T08:12:46.797+0000] {processor.py:840} INFO - DAG(s) 'example_task_group' retrieved from /home/airflow/.local/lib/python3.12/site-packages/airflow/example_dags/example_task_group.py
[2024-07-12T08:12:46.810+0000] {logging_mixin.py:188} INFO - [2024-07-12T08:12:46.810+0000] {dag.py:3096} INFO - Sync 1 DAGs
[2024-07-12T08:12:46.824+0000] {logging_mixin.py:188} INFO - [2024-07-12T08:12:46.824+0000] {dag.py:3954} INFO - Setting next_dagrun for example_task_group to 2024-07-11 00:00:00+00:00, run_after=2024-07-12 00:00:00+00:00
[2024-07-12T08:12:46.838+0000] {processor.py:183} INFO - Processing /home/airflow/.local/lib/python3.12/site-packages/airflow/example_dags/example_task_group.py took 0.052 seconds
[2024-07-12T08:13:17.297+0000] {processor.py:161} INFO - Started process (PID=639) to work on /home/airflow/.local/lib/python3.12/site-packages/airflow/example_dags/example_task_group.py
[2024-07-12T08:13:17.298+0000] {processor.py:830} INFO - Processing file /home/airflow/.local/lib/python3.12/site-packages/airflow/example_dags/example_task_group.py for tasks to queue
[2024-07-12T08:13:17.299+0000] {logging_mixin.py:188} INFO - [2024-07-12T08:13:17.299+0000] {dagbag.py:545} INFO - Filling up the DagBag from /home/airflow/.local/lib/python3.12/site-packages/airflow/example_dags/example_task_group.py
[2024-07-12T08:13:17.304+0000] {processor.py:840} INFO - DAG(s) 'example_task_group' retrieved from /home/airflow/.local/lib/python3.12/site-packages/airflow/example_dags/example_task_group.py
[2024-07-12T08:13:17.325+0000] {logging_mixin.py:188} INFO - [2024-07-12T08:13:17.325+0000] {dag.py:3096} INFO - Sync 1 DAGs
[2024-07-12T08:13:17.338+0000] {logging_mixin.py:188} INFO - [2024-07-12T08:13:17.338+0000] {dag.py:3954} INFO - Setting next_dagrun for example_task_group to 2024-07-11 00:00:00+00:00, run_after=2024-07-12 00:00:00+00:00
[2024-07-12T08:13:17.352+0000] {processor.py:183} INFO - Processing /home/airflow/.local/lib/python3.12/site-packages/airflow/example_dags/example_task_group.py took 0.058 seconds
[2024-07-12T08:13:47.682+0000] {processor.py:161} INFO - Started process (PID=697) to work on /home/airflow/.local/lib/python3.12/site-packages/airflow/example_dags/example_task_group.py
[2024-07-12T08:13:47.683+0000] {processor.py:830} INFO - Processing file /home/airflow/.local/lib/python3.12/site-packages/airflow/example_dags/example_task_group.py for tasks to queue
[2024-07-12T08:13:47.684+0000] {logging_mixin.py:188} INFO - [2024-07-12T08:13:47.684+0000] {dagbag.py:545} INFO - Filling up the DagBag from /home/airflow/.local/lib/python3.12/site-packages/airflow/example_dags/example_task_group.py
[2024-07-12T08:13:47.689+0000] {processor.py:840} INFO - DAG(s) 'example_task_group' retrieved from /home/airflow/.local/lib/python3.12/site-packages/airflow/example_dags/example_task_group.py
[2024-07-12T08:13:47.701+0000] {logging_mixin.py:188} INFO - [2024-07-12T08:13:47.701+0000] {dag.py:3096} INFO - Sync 1 DAGs
[2024-07-12T08:13:47.714+0000] {logging_mixin.py:188} INFO - [2024-07-12T08:13:47.714+0000] {dag.py:3954} INFO - Setting next_dagrun for example_task_group to 2024-07-11 00:00:00+00:00, run_after=2024-07-12 00:00:00+00:00
[2024-07-12T08:13:47.729+0000] {processor.py:183} INFO - Processing /home/airflow/.local/lib/python3.12/site-packages/airflow/example_dags/example_task_group.py took 0.051 seconds
[2024-07-12T08:14:17.780+0000] {processor.py:161} INFO - Started process (PID=756) to work on /home/airflow/.local/lib/python3.12/site-packages/airflow/example_dags/example_task_group.py
[2024-07-12T08:14:17.785+0000] {processor.py:830} INFO - Processing file /home/airflow/.local/lib/python3.12/site-packages/airflow/example_dags/example_task_group.py for tasks to queue
[2024-07-12T08:14:17.786+0000] {logging_mixin.py:188} INFO - [2024-07-12T08:14:17.786+0000] {dagbag.py:545} INFO - Filling up the DagBag from /home/airflow/.local/lib/python3.12/site-packages/airflow/example_dags/example_task_group.py
[2024-07-12T08:14:17.791+0000] {processor.py:840} INFO - DAG(s) 'example_task_group' retrieved from /home/airflow/.local/lib/python3.12/site-packages/airflow/example_dags/example_task_group.py
[2024-07-12T08:14:17.804+0000] {logging_mixin.py:188} INFO - [2024-07-12T08:14:17.804+0000] {dag.py:3096} INFO - Sync 1 DAGs
[2024-07-12T08:14:17.820+0000] {logging_mixin.py:188} INFO - [2024-07-12T08:14:17.820+0000] {dag.py:3954} INFO - Setting next_dagrun for example_task_group to 2024-07-11 00:00:00+00:00, run_after=2024-07-12 00:00:00+00:00
[2024-07-12T08:14:17.838+0000] {processor.py:183} INFO - Processing /home/airflow/.local/lib/python3.12/site-packages/airflow/example_dags/example_task_group.py took 0.062 seconds
[2024-07-12T08:14:47.921+0000] {processor.py:161} INFO - Started process (PID=814) to work on /home/airflow/.local/lib/python3.12/site-packages/airflow/example_dags/example_task_group.py
[2024-07-12T08:14:47.921+0000] {processor.py:830} INFO - Processing file /home/airflow/.local/lib/python3.12/site-packages/airflow/example_dags/example_task_group.py for tasks to queue
[2024-07-12T08:14:47.923+0000] {logging_mixin.py:188} INFO - [2024-07-12T08:14:47.922+0000] {dagbag.py:545} INFO - Filling up the DagBag from /home/airflow/.local/lib/python3.12/site-packages/airflow/example_dags/example_task_group.py
[2024-07-12T08:14:47.928+0000] {processor.py:840} INFO - DAG(s) 'example_task_group' retrieved from /home/airflow/.local/lib/python3.12/site-packages/airflow/example_dags/example_task_group.py
[2024-07-12T08:14:47.941+0000] {logging_mixin.py:188} INFO - [2024-07-12T08:14:47.941+0000] {dag.py:3096} INFO - Sync 1 DAGs
[2024-07-12T08:14:47.955+0000] {logging_mixin.py:188} INFO - [2024-07-12T08:14:47.955+0000] {dag.py:3954} INFO - Setting next_dagrun for example_task_group to 2024-07-11 00:00:00+00:00, run_after=2024-07-12 00:00:00+00:00
[2024-07-12T08:14:47.974+0000] {processor.py:183} INFO - Processing /home/airflow/.local/lib/python3.12/site-packages/airflow/example_dags/example_task_group.py took 0.057 seconds
[2024-07-12T08:15:18.200+0000] {processor.py:161} INFO - Started process (PID=872) to work on /home/airflow/.local/lib/python3.12/site-packages/airflow/example_dags/example_task_group.py
[2024-07-12T08:15:18.201+0000] {processor.py:830} INFO - Processing file /home/airflow/.local/lib/python3.12/site-packages/airflow/example_dags/example_task_group.py for tasks to queue
[2024-07-12T08:15:18.202+0000] {logging_mixin.py:188} INFO - [2024-07-12T08:15:18.202+0000] {dagbag.py:545} INFO - Filling up the DagBag from /home/airflow/.local/lib/python3.12/site-packages/airflow/example_dags/example_task_group.py
[2024-07-12T08:15:18.207+0000] {processor.py:840} INFO - DAG(s) 'example_task_group' retrieved from /home/airflow/.local/lib/python3.12/site-packages/airflow/example_dags/example_task_group.py
[2024-07-12T08:15:18.221+0000] {logging_mixin.py:188} INFO - [2024-07-12T08:15:18.221+0000] {dag.py:3096} INFO - Sync 1 DAGs
[2024-07-12T08:15:18.236+0000] {logging_mixin.py:188} INFO - [2024-07-12T08:15:18.236+0000] {dag.py:3954} INFO - Setting next_dagrun for example_task_group to 2024-07-11 00:00:00+00:00, run_after=2024-07-12 00:00:00+00:00
[2024-07-12T08:15:18.251+0000] {processor.py:183} INFO - Processing /home/airflow/.local/lib/python3.12/site-packages/airflow/example_dags/example_task_group.py took 0.055 seconds
[2024-07-12T08:15:48.316+0000] {processor.py:161} INFO - Started process (PID=930) to work on /home/airflow/.local/lib/python3.12/site-packages/airflow/example_dags/example_task_group.py
[2024-07-12T08:15:48.317+0000] {processor.py:830} INFO - Processing file /home/airflow/.local/lib/python3.12/site-packages/airflow/example_dags/example_task_group.py for tasks to queue
[2024-07-12T08:15:48.318+0000] {logging_mixin.py:188} INFO - [2024-07-12T08:15:48.318+0000] {dagbag.py:545} INFO - Filling up the DagBag from /home/airflow/.local/lib/python3.12/site-packages/airflow/example_dags/example_task_group.py
[2024-07-12T08:15:48.323+0000] {processor.py:840} INFO - DAG(s) 'example_task_group' retrieved from /home/airflow/.local/lib/python3.12/site-packages/airflow/example_dags/example_task_group.py
[2024-07-12T08:15:48.335+0000] {logging_mixin.py:188} INFO - [2024-07-12T08:15:48.335+0000] {dag.py:3096} INFO - Sync 1 DAGs
[2024-07-12T08:15:48.350+0000] {logging_mixin.py:188} INFO - [2024-07-12T08:15:48.349+0000] {dag.py:3954} INFO - Setting next_dagrun for example_task_group to 2024-07-11 00:00:00+00:00, run_after=2024-07-12 00:00:00+00:00
[2024-07-12T08:15:48.364+0000] {processor.py:183} INFO - Processing /home/airflow/.local/lib/python3.12/site-packages/airflow/example_dags/example_task_group.py took 0.051 seconds
[2024-07-12T08:16:18.418+0000] {processor.py:161} INFO - Started process (PID=987) to work on /home/airflow/.local/lib/python3.12/site-packages/airflow/example_dags/example_task_group.py
[2024-07-12T08:16:18.419+0000] {processor.py:830} INFO - Processing file /home/airflow/.local/lib/python3.12/site-packages/airflow/example_dags/example_task_group.py for tasks to queue
[2024-07-12T08:16:18.420+0000] {logging_mixin.py:188} INFO - [2024-07-12T08:16:18.420+0000] {dagbag.py:545} INFO - Filling up the DagBag from /home/airflow/.local/lib/python3.12/site-packages/airflow/example_dags/example_task_group.py
[2024-07-12T08:16:18.425+0000] {processor.py:840} INFO - DAG(s) 'example_task_group' retrieved from /home/airflow/.local/lib/python3.12/site-packages/airflow/example_dags/example_task_group.py
[2024-07-12T08:16:18.437+0000] {logging_mixin.py:188} INFO - [2024-07-12T08:16:18.437+0000] {dag.py:3096} INFO - Sync 1 DAGs
[2024-07-12T08:16:18.450+0000] {logging_mixin.py:188} INFO - [2024-07-12T08:16:18.450+0000] {dag.py:3954} INFO - Setting next_dagrun for example_task_group to 2024-07-11 00:00:00+00:00, run_after=2024-07-12 00:00:00+00:00
[2024-07-12T08:16:18.463+0000] {processor.py:183} INFO - Processing /home/airflow/.local/lib/python3.12/site-packages/airflow/example_dags/example_task_group.py took 0.049 seconds
[2024-07-12T08:16:48.753+0000] {processor.py:161} INFO - Started process (PID=1045) to work on /home/airflow/.local/lib/python3.12/site-packages/airflow/example_dags/example_task_group.py
[2024-07-12T08:16:48.754+0000] {processor.py:830} INFO - Processing file /home/airflow/.local/lib/python3.12/site-packages/airflow/example_dags/example_task_group.py for tasks to queue
[2024-07-12T08:16:48.755+0000] {logging_mixin.py:188} INFO - [2024-07-12T08:16:48.755+0000] {dagbag.py:545} INFO - Filling up the DagBag from /home/airflow/.local/lib/python3.12/site-packages/airflow/example_dags/example_task_group.py
[2024-07-12T08:16:48.760+0000] {processor.py:840} INFO - DAG(s) 'example_task_group' retrieved from /home/airflow/.local/lib/python3.12/site-packages/airflow/example_dags/example_task_group.py
[2024-07-12T08:16:48.773+0000] {logging_mixin.py:188} INFO - [2024-07-12T08:16:48.772+0000] {dag.py:3096} INFO - Sync 1 DAGs
[2024-07-12T08:16:48.786+0000] {logging_mixin.py:188} INFO - [2024-07-12T08:16:48.786+0000] {dag.py:3954} INFO - Setting next_dagrun for example_task_group to 2024-07-11 00:00:00+00:00, run_after=2024-07-12 00:00:00+00:00
[2024-07-12T08:16:48.799+0000] {processor.py:183} INFO - Processing /home/airflow/.local/lib/python3.12/site-packages/airflow/example_dags/example_task_group.py took 0.050 seconds
[2024-07-12T08:17:19.028+0000] {processor.py:161} INFO - Started process (PID=1103) to work on /home/airflow/.local/lib/python3.12/site-packages/airflow/example_dags/example_task_group.py
[2024-07-12T08:17:19.029+0000] {processor.py:830} INFO - Processing file /home/airflow/.local/lib/python3.12/site-packages/airflow/example_dags/example_task_group.py for tasks to queue
[2024-07-12T08:17:19.030+0000] {logging_mixin.py:188} INFO - [2024-07-12T08:17:19.030+0000] {dagbag.py:545} INFO - Filling up the DagBag from /home/airflow/.local/lib/python3.12/site-packages/airflow/example_dags/example_task_group.py
[2024-07-12T08:17:19.034+0000] {processor.py:840} INFO - DAG(s) 'example_task_group' retrieved from /home/airflow/.local/lib/python3.12/site-packages/airflow/example_dags/example_task_group.py
[2024-07-12T08:17:19.046+0000] {logging_mixin.py:188} INFO - [2024-07-12T08:17:19.046+0000] {dag.py:3096} INFO - Sync 1 DAGs
[2024-07-12T08:17:19.059+0000] {logging_mixin.py:188} INFO - [2024-07-12T08:17:19.059+0000] {dag.py:3954} INFO - Setting next_dagrun for example_task_group to 2024-07-11 00:00:00+00:00, run_after=2024-07-12 00:00:00+00:00
[2024-07-12T08:17:19.073+0000] {processor.py:183} INFO - Processing /home/airflow/.local/lib/python3.12/site-packages/airflow/example_dags/example_task_group.py took 0.048 seconds
[2024-07-12T08:17:49.296+0000] {processor.py:161} INFO - Started process (PID=1161) to work on /home/airflow/.local/lib/python3.12/site-packages/airflow/example_dags/example_task_group.py
[2024-07-12T08:17:49.297+0000] {processor.py:830} INFO - Processing file /home/airflow/.local/lib/python3.12/site-packages/airflow/example_dags/example_task_group.py for tasks to queue
[2024-07-12T08:17:49.298+0000] {logging_mixin.py:188} INFO - [2024-07-12T08:17:49.298+0000] {dagbag.py:545} INFO - Filling up the DagBag from /home/airflow/.local/lib/python3.12/site-packages/airflow/example_dags/example_task_group.py
[2024-07-12T08:17:49.303+0000] {processor.py:840} INFO - DAG(s) 'example_task_group' retrieved from /home/airflow/.local/lib/python3.12/site-packages/airflow/example_dags/example_task_group.py
[2024-07-12T08:17:49.317+0000] {logging_mixin.py:188} INFO - [2024-07-12T08:17:49.317+0000] {dag.py:3096} INFO - Sync 1 DAGs
[2024-07-12T08:17:49.333+0000] {logging_mixin.py:188} INFO - [2024-07-12T08:17:49.333+0000] {dag.py:3954} INFO - Setting next_dagrun for example_task_group to 2024-07-11 00:00:00+00:00, run_after=2024-07-12 00:00:00+00:00
[2024-07-12T08:17:49.349+0000] {processor.py:183} INFO - Processing /home/airflow/.local/lib/python3.12/site-packages/airflow/example_dags/example_task_group.py took 0.057 seconds
[2024-07-12T08:18:19.580+0000] {processor.py:161} INFO - Started process (PID=1219) to work on /home/airflow/.local/lib/python3.12/site-packages/airflow/example_dags/example_task_group.py
[2024-07-12T08:18:19.581+0000] {processor.py:830} INFO - Processing file /home/airflow/.local/lib/python3.12/site-packages/airflow/example_dags/example_task_group.py for tasks to queue
[2024-07-12T08:18:19.582+0000] {logging_mixin.py:188} INFO - [2024-07-12T08:18:19.582+0000] {dagbag.py:545} INFO - Filling up the DagBag from /home/airflow/.local/lib/python3.12/site-packages/airflow/example_dags/example_task_group.py
[2024-07-12T08:18:19.587+0000] {processor.py:840} INFO - DAG(s) 'example_task_group' retrieved from /home/airflow/.local/lib/python3.12/site-packages/airflow/example_dags/example_task_group.py
[2024-07-12T08:18:19.599+0000] {logging_mixin.py:188} INFO - [2024-07-12T08:18:19.599+0000] {dag.py:3096} INFO - Sync 1 DAGs
[2024-07-12T08:18:19.612+0000] {logging_mixin.py:188} INFO - [2024-07-12T08:18:19.612+0000] {dag.py:3954} INFO - Setting next_dagrun for example_task_group to 2024-07-11 00:00:00+00:00, run_after=2024-07-12 00:00:00+00:00
[2024-07-12T08:18:19.625+0000] {processor.py:183} INFO - Processing /home/airflow/.local/lib/python3.12/site-packages/airflow/example_dags/example_task_group.py took 0.048 seconds
[2024-07-12T08:18:49.841+0000] {processor.py:161} INFO - Started process (PID=1277) to work on /home/airflow/.local/lib/python3.12/site-packages/airflow/example_dags/example_task_group.py
[2024-07-12T08:18:49.842+0000] {processor.py:830} INFO - Processing file /home/airflow/.local/lib/python3.12/site-packages/airflow/example_dags/example_task_group.py for tasks to queue
[2024-07-12T08:18:49.843+0000] {logging_mixin.py:188} INFO - [2024-07-12T08:18:49.843+0000] {dagbag.py:545} INFO - Filling up the DagBag from /home/airflow/.local/lib/python3.12/site-packages/airflow/example_dags/example_task_group.py
[2024-07-12T08:18:49.849+0000] {processor.py:840} INFO - DAG(s) 'example_task_group' retrieved from /home/airflow/.local/lib/python3.12/site-packages/airflow/example_dags/example_task_group.py
[2024-07-12T08:18:49.862+0000] {logging_mixin.py:188} INFO - [2024-07-12T08:18:49.862+0000] {dag.py:3096} INFO - Sync 1 DAGs
[2024-07-12T08:18:49.875+0000] {logging_mixin.py:188} INFO - [2024-07-12T08:18:49.875+0000] {dag.py:3954} INFO - Setting next_dagrun for example_task_group to 2024-07-11 00:00:00+00:00, run_after=2024-07-12 00:00:00+00:00
[2024-07-12T08:18:49.888+0000] {processor.py:183} INFO - Processing /home/airflow/.local/lib/python3.12/site-packages/airflow/example_dags/example_task_group.py took 0.052 seconds
[2024-07-12T08:19:20.204+0000] {processor.py:161} INFO - Started process (PID=1335) to work on /home/airflow/.local/lib/python3.12/site-packages/airflow/example_dags/example_task_group.py
[2024-07-12T08:19:20.204+0000] {processor.py:830} INFO - Processing file /home/airflow/.local/lib/python3.12/site-packages/airflow/example_dags/example_task_group.py for tasks to queue
[2024-07-12T08:19:20.206+0000] {logging_mixin.py:188} INFO - [2024-07-12T08:19:20.205+0000] {dagbag.py:545} INFO - Filling up the DagBag from /home/airflow/.local/lib/python3.12/site-packages/airflow/example_dags/example_task_group.py
[2024-07-12T08:19:20.211+0000] {processor.py:840} INFO - DAG(s) 'example_task_group' retrieved from /home/airflow/.local/lib/python3.12/site-packages/airflow/example_dags/example_task_group.py
[2024-07-12T08:19:20.224+0000] {logging_mixin.py:188} INFO - [2024-07-12T08:19:20.224+0000] {dag.py:3096} INFO - Sync 1 DAGs
[2024-07-12T08:19:20.238+0000] {logging_mixin.py:188} INFO - [2024-07-12T08:19:20.238+0000] {dag.py:3954} INFO - Setting next_dagrun for example_task_group to 2024-07-11 00:00:00+00:00, run_after=2024-07-12 00:00:00+00:00
[2024-07-12T08:19:20.255+0000] {processor.py:183} INFO - Processing /home/airflow/.local/lib/python3.12/site-packages/airflow/example_dags/example_task_group.py took 0.055 seconds
[2024-07-12T08:19:50.358+0000] {processor.py:161} INFO - Started process (PID=1393) to work on /home/airflow/.local/lib/python3.12/site-packages/airflow/example_dags/example_task_group.py
[2024-07-12T08:19:50.359+0000] {processor.py:830} INFO - Processing file /home/airflow/.local/lib/python3.12/site-packages/airflow/example_dags/example_task_group.py for tasks to queue
[2024-07-12T08:19:50.360+0000] {logging_mixin.py:188} INFO - [2024-07-12T08:19:50.360+0000] {dagbag.py:545} INFO - Filling up the DagBag from /home/airflow/.local/lib/python3.12/site-packages/airflow/example_dags/example_task_group.py
[2024-07-12T08:19:50.365+0000] {processor.py:840} INFO - DAG(s) 'example_task_group' retrieved from /home/airflow/.local/lib/python3.12/site-packages/airflow/example_dags/example_task_group.py
[2024-07-12T08:19:50.377+0000] {logging_mixin.py:188} INFO - [2024-07-12T08:19:50.377+0000] {dag.py:3096} INFO - Sync 1 DAGs
[2024-07-12T08:19:50.391+0000] {logging_mixin.py:188} INFO - [2024-07-12T08:19:50.391+0000] {dag.py:3954} INFO - Setting next_dagrun for example_task_group to 2024-07-11 00:00:00+00:00, run_after=2024-07-12 00:00:00+00:00
[2024-07-12T08:19:50.404+0000] {processor.py:183} INFO - Processing /home/airflow/.local/lib/python3.12/site-packages/airflow/example_dags/example_task_group.py took 0.050 seconds
[2024-07-12T08:20:20.443+0000] {processor.py:161} INFO - Started process (PID=1451) to work on /home/airflow/.local/lib/python3.12/site-packages/airflow/example_dags/example_task_group.py
[2024-07-12T08:20:20.444+0000] {processor.py:830} INFO - Processing file /home/airflow/.local/lib/python3.12/site-packages/airflow/example_dags/example_task_group.py for tasks to queue
[2024-07-12T08:20:20.447+0000] {logging_mixin.py:188} INFO - [2024-07-12T08:20:20.446+0000] {dagbag.py:545} INFO - Filling up the DagBag from /home/airflow/.local/lib/python3.12/site-packages/airflow/example_dags/example_task_group.py
[2024-07-12T08:20:20.454+0000] {processor.py:840} INFO - DAG(s) 'example_task_group' retrieved from /home/airflow/.local/lib/python3.12/site-packages/airflow/example_dags/example_task_group.py
[2024-07-12T08:20:20.466+0000] {logging_mixin.py:188} INFO - [2024-07-12T08:20:20.466+0000] {dag.py:3096} INFO - Sync 1 DAGs
[2024-07-12T08:20:20.482+0000] {logging_mixin.py:188} INFO - [2024-07-12T08:20:20.481+0000] {dag.py:3954} INFO - Setting next_dagrun for example_task_group to 2024-07-11 00:00:00+00:00, run_after=2024-07-12 00:00:00+00:00
[2024-07-12T08:20:20.497+0000] {processor.py:183} INFO - Processing /home/airflow/.local/lib/python3.12/site-packages/airflow/example_dags/example_task_group.py took 0.059 seconds
[2024-07-12T08:22:55.330+0000] {processor.py:161} INFO - Started process (PID=55) to work on /home/airflow/.local/lib/python3.12/site-packages/airflow/example_dags/example_task_group.py
[2024-07-12T08:22:55.331+0000] {processor.py:830} INFO - Processing file /home/airflow/.local/lib/python3.12/site-packages/airflow/example_dags/example_task_group.py for tasks to queue
[2024-07-12T08:22:55.332+0000] {logging_mixin.py:188} INFO - [2024-07-12T08:22:55.332+0000] {dagbag.py:545} INFO - Filling up the DagBag from /home/airflow/.local/lib/python3.12/site-packages/airflow/example_dags/example_task_group.py
[2024-07-12T08:22:55.339+0000] {processor.py:840} INFO - DAG(s) 'example_task_group' retrieved from /home/airflow/.local/lib/python3.12/site-packages/airflow/example_dags/example_task_group.py
[2024-07-12T08:22:55.344+0000] {logging_mixin.py:188} INFO - [2024-07-12T08:22:55.344+0000] {dag.py:3096} INFO - Sync 1 DAGs
[2024-07-12T08:22:55.360+0000] {logging_mixin.py:188} INFO - [2024-07-12T08:22:55.360+0000] {dag.py:3954} INFO - Setting next_dagrun for example_task_group to 2024-07-11 00:00:00+00:00, run_after=2024-07-12 00:00:00+00:00
[2024-07-12T08:22:55.375+0000] {processor.py:183} INFO - Processing /home/airflow/.local/lib/python3.12/site-packages/airflow/example_dags/example_task_group.py took 0.049 seconds
[2024-07-12T08:23:25.624+0000] {processor.py:161} INFO - Started process (PID=113) to work on /home/airflow/.local/lib/python3.12/site-packages/airflow/example_dags/example_task_group.py
[2024-07-12T08:23:25.625+0000] {processor.py:830} INFO - Processing file /home/airflow/.local/lib/python3.12/site-packages/airflow/example_dags/example_task_group.py for tasks to queue
[2024-07-12T08:23:25.627+0000] {logging_mixin.py:188} INFO - [2024-07-12T08:23:25.626+0000] {dagbag.py:545} INFO - Filling up the DagBag from /home/airflow/.local/lib/python3.12/site-packages/airflow/example_dags/example_task_group.py
[2024-07-12T08:23:25.631+0000] {processor.py:840} INFO - DAG(s) 'example_task_group' retrieved from /home/airflow/.local/lib/python3.12/site-packages/airflow/example_dags/example_task_group.py
[2024-07-12T08:23:25.695+0000] {logging_mixin.py:188} INFO - [2024-07-12T08:23:25.694+0000] {dag.py:3096} INFO - Sync 1 DAGs
[2024-07-12T08:23:25.707+0000] {logging_mixin.py:188} INFO - [2024-07-12T08:23:25.707+0000] {dag.py:3954} INFO - Setting next_dagrun for example_task_group to 2024-07-11 00:00:00+00:00, run_after=2024-07-12 00:00:00+00:00
[2024-07-12T08:23:25.724+0000] {processor.py:183} INFO - Processing /home/airflow/.local/lib/python3.12/site-packages/airflow/example_dags/example_task_group.py took 0.103 seconds
[2024-07-12T08:23:56.000+0000] {processor.py:161} INFO - Started process (PID=171) to work on /home/airflow/.local/lib/python3.12/site-packages/airflow/example_dags/example_task_group.py
[2024-07-12T08:23:56.001+0000] {processor.py:830} INFO - Processing file /home/airflow/.local/lib/python3.12/site-packages/airflow/example_dags/example_task_group.py for tasks to queue
[2024-07-12T08:23:56.002+0000] {logging_mixin.py:188} INFO - [2024-07-12T08:23:56.002+0000] {dagbag.py:545} INFO - Filling up the DagBag from /home/airflow/.local/lib/python3.12/site-packages/airflow/example_dags/example_task_group.py
[2024-07-12T08:23:56.007+0000] {processor.py:840} INFO - DAG(s) 'example_task_group' retrieved from /home/airflow/.local/lib/python3.12/site-packages/airflow/example_dags/example_task_group.py
[2024-07-12T08:23:56.019+0000] {logging_mixin.py:188} INFO - [2024-07-12T08:23:56.019+0000] {dag.py:3096} INFO - Sync 1 DAGs
[2024-07-12T08:23:56.032+0000] {logging_mixin.py:188} INFO - [2024-07-12T08:23:56.032+0000] {dag.py:3954} INFO - Setting next_dagrun for example_task_group to 2024-07-11 00:00:00+00:00, run_after=2024-07-12 00:00:00+00:00
[2024-07-12T08:23:56.046+0000] {processor.py:183} INFO - Processing /home/airflow/.local/lib/python3.12/site-packages/airflow/example_dags/example_task_group.py took 0.049 seconds
[2024-07-12T08:24:26.071+0000] {processor.py:161} INFO - Started process (PID=229) to work on /home/airflow/.local/lib/python3.12/site-packages/airflow/example_dags/example_task_group.py
[2024-07-12T08:24:26.072+0000] {processor.py:830} INFO - Processing file /home/airflow/.local/lib/python3.12/site-packages/airflow/example_dags/example_task_group.py for tasks to queue
[2024-07-12T08:24:26.073+0000] {logging_mixin.py:188} INFO - [2024-07-12T08:24:26.073+0000] {dagbag.py:545} INFO - Filling up the DagBag from /home/airflow/.local/lib/python3.12/site-packages/airflow/example_dags/example_task_group.py
[2024-07-12T08:24:26.078+0000] {processor.py:840} INFO - DAG(s) 'example_task_group' retrieved from /home/airflow/.local/lib/python3.12/site-packages/airflow/example_dags/example_task_group.py
[2024-07-12T08:24:26.090+0000] {logging_mixin.py:188} INFO - [2024-07-12T08:24:26.090+0000] {dag.py:3096} INFO - Sync 1 DAGs
[2024-07-12T08:24:26.102+0000] {logging_mixin.py:188} INFO - [2024-07-12T08:24:26.102+0000] {dag.py:3954} INFO - Setting next_dagrun for example_task_group to 2024-07-11 00:00:00+00:00, run_after=2024-07-12 00:00:00+00:00
[2024-07-12T08:24:26.115+0000] {processor.py:183} INFO - Processing /home/airflow/.local/lib/python3.12/site-packages/airflow/example_dags/example_task_group.py took 0.048 seconds
[2024-07-12T08:24:56.333+0000] {processor.py:161} INFO - Started process (PID=286) to work on /home/airflow/.local/lib/python3.12/site-packages/airflow/example_dags/example_task_group.py
[2024-07-12T08:24:56.334+0000] {processor.py:830} INFO - Processing file /home/airflow/.local/lib/python3.12/site-packages/airflow/example_dags/example_task_group.py for tasks to queue
[2024-07-12T08:24:56.335+0000] {logging_mixin.py:188} INFO - [2024-07-12T08:24:56.335+0000] {dagbag.py:545} INFO - Filling up the DagBag from /home/airflow/.local/lib/python3.12/site-packages/airflow/example_dags/example_task_group.py
[2024-07-12T08:24:56.340+0000] {processor.py:840} INFO - DAG(s) 'example_task_group' retrieved from /home/airflow/.local/lib/python3.12/site-packages/airflow/example_dags/example_task_group.py
[2024-07-12T08:24:56.354+0000] {logging_mixin.py:188} INFO - [2024-07-12T08:24:56.354+0000] {dag.py:3096} INFO - Sync 1 DAGs
[2024-07-12T08:24:56.369+0000] {logging_mixin.py:188} INFO - [2024-07-12T08:24:56.369+0000] {dag.py:3954} INFO - Setting next_dagrun for example_task_group to 2024-07-11 00:00:00+00:00, run_after=2024-07-12 00:00:00+00:00
[2024-07-12T08:24:56.384+0000] {processor.py:183} INFO - Processing /home/airflow/.local/lib/python3.12/site-packages/airflow/example_dags/example_task_group.py took 0.055 seconds
[2024-07-12T08:25:26.498+0000] {processor.py:161} INFO - Started process (PID=344) to work on /home/airflow/.local/lib/python3.12/site-packages/airflow/example_dags/example_task_group.py
[2024-07-12T08:25:26.499+0000] {processor.py:830} INFO - Processing file /home/airflow/.local/lib/python3.12/site-packages/airflow/example_dags/example_task_group.py for tasks to queue
[2024-07-12T08:25:26.500+0000] {logging_mixin.py:188} INFO - [2024-07-12T08:25:26.500+0000] {dagbag.py:545} INFO - Filling up the DagBag from /home/airflow/.local/lib/python3.12/site-packages/airflow/example_dags/example_task_group.py
[2024-07-12T08:25:26.505+0000] {processor.py:840} INFO - DAG(s) 'example_task_group' retrieved from /home/airflow/.local/lib/python3.12/site-packages/airflow/example_dags/example_task_group.py
[2024-07-12T08:25:26.518+0000] {logging_mixin.py:188} INFO - [2024-07-12T08:25:26.518+0000] {dag.py:3096} INFO - Sync 1 DAGs
[2024-07-12T08:25:26.532+0000] {logging_mixin.py:188} INFO - [2024-07-12T08:25:26.532+0000] {dag.py:3954} INFO - Setting next_dagrun for example_task_group to 2024-07-11 00:00:00+00:00, run_after=2024-07-12 00:00:00+00:00
[2024-07-12T08:25:26.546+0000] {processor.py:183} INFO - Processing /home/airflow/.local/lib/python3.12/site-packages/airflow/example_dags/example_task_group.py took 0.051 seconds
[2024-07-12T08:25:56.656+0000] {processor.py:161} INFO - Started process (PID=402) to work on /home/airflow/.local/lib/python3.12/site-packages/airflow/example_dags/example_task_group.py
[2024-07-12T08:25:56.657+0000] {processor.py:830} INFO - Processing file /home/airflow/.local/lib/python3.12/site-packages/airflow/example_dags/example_task_group.py for tasks to queue
[2024-07-12T08:25:56.658+0000] {logging_mixin.py:188} INFO - [2024-07-12T08:25:56.658+0000] {dagbag.py:545} INFO - Filling up the DagBag from /home/airflow/.local/lib/python3.12/site-packages/airflow/example_dags/example_task_group.py
[2024-07-12T08:25:56.663+0000] {processor.py:840} INFO - DAG(s) 'example_task_group' retrieved from /home/airflow/.local/lib/python3.12/site-packages/airflow/example_dags/example_task_group.py
[2024-07-12T08:25:56.675+0000] {logging_mixin.py:188} INFO - [2024-07-12T08:25:56.675+0000] {dag.py:3096} INFO - Sync 1 DAGs
[2024-07-12T08:25:56.690+0000] {logging_mixin.py:188} INFO - [2024-07-12T08:25:56.690+0000] {dag.py:3954} INFO - Setting next_dagrun for example_task_group to 2024-07-11 00:00:00+00:00, run_after=2024-07-12 00:00:00+00:00
[2024-07-12T08:25:56.705+0000] {processor.py:183} INFO - Processing /home/airflow/.local/lib/python3.12/site-packages/airflow/example_dags/example_task_group.py took 0.052 seconds
[2024-07-12T08:27:24.443+0000] {processor.py:161} INFO - Started process (PID=55) to work on /home/airflow/.local/lib/python3.12/site-packages/airflow/example_dags/example_task_group.py
[2024-07-12T08:27:24.444+0000] {processor.py:830} INFO - Processing file /home/airflow/.local/lib/python3.12/site-packages/airflow/example_dags/example_task_group.py for tasks to queue
[2024-07-12T08:27:24.445+0000] {logging_mixin.py:188} INFO - [2024-07-12T08:27:24.445+0000] {dagbag.py:545} INFO - Filling up the DagBag from /home/airflow/.local/lib/python3.12/site-packages/airflow/example_dags/example_task_group.py
[2024-07-12T08:27:24.452+0000] {processor.py:840} INFO - DAG(s) 'example_task_group' retrieved from /home/airflow/.local/lib/python3.12/site-packages/airflow/example_dags/example_task_group.py
[2024-07-12T08:27:24.459+0000] {logging_mixin.py:188} INFO - [2024-07-12T08:27:24.459+0000] {dag.py:3096} INFO - Sync 1 DAGs
[2024-07-12T08:27:24.476+0000] {logging_mixin.py:188} INFO - [2024-07-12T08:27:24.476+0000] {dag.py:3954} INFO - Setting next_dagrun for example_task_group to 2024-07-11 00:00:00+00:00, run_after=2024-07-12 00:00:00+00:00
[2024-07-12T08:27:24.494+0000] {processor.py:183} INFO - Processing /home/airflow/.local/lib/python3.12/site-packages/airflow/example_dags/example_task_group.py took 0.055 seconds
[2024-07-12T08:27:55.339+0000] {processor.py:161} INFO - Started process (PID=113) to work on /home/airflow/.local/lib/python3.12/site-packages/airflow/example_dags/example_task_group.py
[2024-07-12T08:27:55.340+0000] {processor.py:830} INFO - Processing file /home/airflow/.local/lib/python3.12/site-packages/airflow/example_dags/example_task_group.py for tasks to queue
[2024-07-12T08:27:55.342+0000] {logging_mixin.py:188} INFO - [2024-07-12T08:27:55.342+0000] {dagbag.py:545} INFO - Filling up the DagBag from /home/airflow/.local/lib/python3.12/site-packages/airflow/example_dags/example_task_group.py
[2024-07-12T08:27:55.347+0000] {processor.py:840} INFO - DAG(s) 'example_task_group' retrieved from /home/airflow/.local/lib/python3.12/site-packages/airflow/example_dags/example_task_group.py
[2024-07-12T08:27:55.353+0000] {logging_mixin.py:188} INFO - [2024-07-12T08:27:55.353+0000] {dag.py:3096} INFO - Sync 1 DAGs
[2024-07-12T08:27:55.370+0000] {logging_mixin.py:188} INFO - [2024-07-12T08:27:55.370+0000] {dag.py:3954} INFO - Setting next_dagrun for example_task_group to 2024-07-11 00:00:00+00:00, run_after=2024-07-12 00:00:00+00:00
[2024-07-12T08:27:55.386+0000] {processor.py:183} INFO - Processing /home/airflow/.local/lib/python3.12/site-packages/airflow/example_dags/example_task_group.py took 0.051 seconds
[2024-07-12T08:29:02.497+0000] {processor.py:161} INFO - Started process (PID=55) to work on /home/airflow/.local/lib/python3.12/site-packages/airflow/example_dags/example_task_group.py
[2024-07-12T08:29:02.498+0000] {processor.py:830} INFO - Processing file /home/airflow/.local/lib/python3.12/site-packages/airflow/example_dags/example_task_group.py for tasks to queue
[2024-07-12T08:29:02.499+0000] {logging_mixin.py:188} INFO - [2024-07-12T08:29:02.499+0000] {dagbag.py:545} INFO - Filling up the DagBag from /home/airflow/.local/lib/python3.12/site-packages/airflow/example_dags/example_task_group.py
[2024-07-12T08:29:02.507+0000] {processor.py:840} INFO - DAG(s) 'example_task_group' retrieved from /home/airflow/.local/lib/python3.12/site-packages/airflow/example_dags/example_task_group.py
[2024-07-12T08:29:02.514+0000] {logging_mixin.py:188} INFO - [2024-07-12T08:29:02.514+0000] {dag.py:3096} INFO - Sync 1 DAGs
[2024-07-12T08:29:02.530+0000] {logging_mixin.py:188} INFO - [2024-07-12T08:29:02.530+0000] {dag.py:3954} INFO - Setting next_dagrun for example_task_group to 2024-07-11 00:00:00+00:00, run_after=2024-07-12 00:00:00+00:00
[2024-07-12T08:29:02.548+0000] {processor.py:183} INFO - Processing /home/airflow/.local/lib/python3.12/site-packages/airflow/example_dags/example_task_group.py took 0.055 seconds
[2024-07-12T08:29:32.826+0000] {processor.py:161} INFO - Started process (PID=113) to work on /home/airflow/.local/lib/python3.12/site-packages/airflow/example_dags/example_task_group.py
[2024-07-12T08:29:32.827+0000] {processor.py:830} INFO - Processing file /home/airflow/.local/lib/python3.12/site-packages/airflow/example_dags/example_task_group.py for tasks to queue
[2024-07-12T08:29:32.828+0000] {logging_mixin.py:188} INFO - [2024-07-12T08:29:32.828+0000] {dagbag.py:545} INFO - Filling up the DagBag from /home/airflow/.local/lib/python3.12/site-packages/airflow/example_dags/example_task_group.py
[2024-07-12T08:29:32.833+0000] {processor.py:840} INFO - DAG(s) 'example_task_group' retrieved from /home/airflow/.local/lib/python3.12/site-packages/airflow/example_dags/example_task_group.py
[2024-07-12T08:29:32.893+0000] {logging_mixin.py:188} INFO - [2024-07-12T08:29:32.893+0000] {dag.py:3096} INFO - Sync 1 DAGs
[2024-07-12T08:29:32.905+0000] {logging_mixin.py:188} INFO - [2024-07-12T08:29:32.905+0000] {dag.py:3954} INFO - Setting next_dagrun for example_task_group to 2024-07-11 00:00:00+00:00, run_after=2024-07-12 00:00:00+00:00
[2024-07-12T08:29:32.922+0000] {processor.py:183} INFO - Processing /home/airflow/.local/lib/python3.12/site-packages/airflow/example_dags/example_task_group.py took 0.100 seconds
[2024-07-12T08:30:03.854+0000] {processor.py:161} INFO - Started process (PID=171) to work on /home/airflow/.local/lib/python3.12/site-packages/airflow/example_dags/example_task_group.py
[2024-07-12T08:30:03.854+0000] {processor.py:830} INFO - Processing file /home/airflow/.local/lib/python3.12/site-packages/airflow/example_dags/example_task_group.py for tasks to queue
[2024-07-12T08:30:03.856+0000] {logging_mixin.py:188} INFO - [2024-07-12T08:30:03.855+0000] {dagbag.py:545} INFO - Filling up the DagBag from /home/airflow/.local/lib/python3.12/site-packages/airflow/example_dags/example_task_group.py
[2024-07-12T08:30:03.860+0000] {processor.py:840} INFO - DAG(s) 'example_task_group' retrieved from /home/airflow/.local/lib/python3.12/site-packages/airflow/example_dags/example_task_group.py
[2024-07-12T08:30:03.873+0000] {logging_mixin.py:188} INFO - [2024-07-12T08:30:03.873+0000] {dag.py:3096} INFO - Sync 1 DAGs
[2024-07-12T08:30:03.886+0000] {logging_mixin.py:188} INFO - [2024-07-12T08:30:03.886+0000] {dag.py:3954} INFO - Setting next_dagrun for example_task_group to 2024-07-11 00:00:00+00:00, run_after=2024-07-12 00:00:00+00:00
[2024-07-12T08:30:03.902+0000] {processor.py:183} INFO - Processing /home/airflow/.local/lib/python3.12/site-packages/airflow/example_dags/example_task_group.py took 0.052 seconds
[2024-07-12T08:30:33.981+0000] {processor.py:161} INFO - Started process (PID=228) to work on /home/airflow/.local/lib/python3.12/site-packages/airflow/example_dags/example_task_group.py
[2024-07-12T08:30:33.982+0000] {processor.py:830} INFO - Processing file /home/airflow/.local/lib/python3.12/site-packages/airflow/example_dags/example_task_group.py for tasks to queue
[2024-07-12T08:30:33.983+0000] {logging_mixin.py:188} INFO - [2024-07-12T08:30:33.983+0000] {dagbag.py:545} INFO - Filling up the DagBag from /home/airflow/.local/lib/python3.12/site-packages/airflow/example_dags/example_task_group.py
[2024-07-12T08:30:33.988+0000] {processor.py:840} INFO - DAG(s) 'example_task_group' retrieved from /home/airflow/.local/lib/python3.12/site-packages/airflow/example_dags/example_task_group.py
[2024-07-12T08:30:34.007+0000] {logging_mixin.py:188} INFO - [2024-07-12T08:30:34.007+0000] {dag.py:3096} INFO - Sync 1 DAGs
[2024-07-12T08:30:34.021+0000] {logging_mixin.py:188} INFO - [2024-07-12T08:30:34.021+0000] {dag.py:3954} INFO - Setting next_dagrun for example_task_group to 2024-07-11 00:00:00+00:00, run_after=2024-07-12 00:00:00+00:00
[2024-07-12T08:30:34.038+0000] {processor.py:183} INFO - Processing /home/airflow/.local/lib/python3.12/site-packages/airflow/example_dags/example_task_group.py took 0.061 seconds
[2024-07-12T08:31:04.210+0000] {processor.py:161} INFO - Started process (PID=286) to work on /home/airflow/.local/lib/python3.12/site-packages/airflow/example_dags/example_task_group.py
[2024-07-12T08:31:04.211+0000] {processor.py:830} INFO - Processing file /home/airflow/.local/lib/python3.12/site-packages/airflow/example_dags/example_task_group.py for tasks to queue
[2024-07-12T08:31:04.212+0000] {logging_mixin.py:188} INFO - [2024-07-12T08:31:04.212+0000] {dagbag.py:545} INFO - Filling up the DagBag from /home/airflow/.local/lib/python3.12/site-packages/airflow/example_dags/example_task_group.py
[2024-07-12T08:31:04.217+0000] {processor.py:840} INFO - DAG(s) 'example_task_group' retrieved from /home/airflow/.local/lib/python3.12/site-packages/airflow/example_dags/example_task_group.py
[2024-07-12T08:31:04.229+0000] {logging_mixin.py:188} INFO - [2024-07-12T08:31:04.229+0000] {dag.py:3096} INFO - Sync 1 DAGs
[2024-07-12T08:31:04.243+0000] {logging_mixin.py:188} INFO - [2024-07-12T08:31:04.243+0000] {dag.py:3954} INFO - Setting next_dagrun for example_task_group to 2024-07-11 00:00:00+00:00, run_after=2024-07-12 00:00:00+00:00
[2024-07-12T08:31:04.260+0000] {processor.py:183} INFO - Processing /home/airflow/.local/lib/python3.12/site-packages/airflow/example_dags/example_task_group.py took 0.055 seconds
[2024-07-12T08:31:34.541+0000] {processor.py:161} INFO - Started process (PID=345) to work on /home/airflow/.local/lib/python3.12/site-packages/airflow/example_dags/example_task_group.py
[2024-07-12T08:31:34.542+0000] {processor.py:830} INFO - Processing file /home/airflow/.local/lib/python3.12/site-packages/airflow/example_dags/example_task_group.py for tasks to queue
[2024-07-12T08:31:34.543+0000] {logging_mixin.py:188} INFO - [2024-07-12T08:31:34.543+0000] {dagbag.py:545} INFO - Filling up the DagBag from /home/airflow/.local/lib/python3.12/site-packages/airflow/example_dags/example_task_group.py
[2024-07-12T08:31:34.548+0000] {processor.py:840} INFO - DAG(s) 'example_task_group' retrieved from /home/airflow/.local/lib/python3.12/site-packages/airflow/example_dags/example_task_group.py
[2024-07-12T08:31:34.560+0000] {logging_mixin.py:188} INFO - [2024-07-12T08:31:34.559+0000] {dag.py:3096} INFO - Sync 1 DAGs
[2024-07-12T08:31:34.572+0000] {logging_mixin.py:188} INFO - [2024-07-12T08:31:34.572+0000] {dag.py:3954} INFO - Setting next_dagrun for example_task_group to 2024-07-11 00:00:00+00:00, run_after=2024-07-12 00:00:00+00:00
[2024-07-12T08:31:34.585+0000] {processor.py:183} INFO - Processing /home/airflow/.local/lib/python3.12/site-packages/airflow/example_dags/example_task_group.py took 0.047 seconds
[2024-07-12T08:32:04.758+0000] {processor.py:161} INFO - Started process (PID=403) to work on /home/airflow/.local/lib/python3.12/site-packages/airflow/example_dags/example_task_group.py
[2024-07-12T08:32:04.759+0000] {processor.py:830} INFO - Processing file /home/airflow/.local/lib/python3.12/site-packages/airflow/example_dags/example_task_group.py for tasks to queue
[2024-07-12T08:32:04.760+0000] {logging_mixin.py:188} INFO - [2024-07-12T08:32:04.760+0000] {dagbag.py:545} INFO - Filling up the DagBag from /home/airflow/.local/lib/python3.12/site-packages/airflow/example_dags/example_task_group.py
[2024-07-12T08:32:04.765+0000] {processor.py:840} INFO - DAG(s) 'example_task_group' retrieved from /home/airflow/.local/lib/python3.12/site-packages/airflow/example_dags/example_task_group.py
[2024-07-12T08:32:04.784+0000] {logging_mixin.py:188} INFO - [2024-07-12T08:32:04.784+0000] {dag.py:3096} INFO - Sync 1 DAGs
[2024-07-12T08:32:04.797+0000] {logging_mixin.py:188} INFO - [2024-07-12T08:32:04.797+0000] {dag.py:3954} INFO - Setting next_dagrun for example_task_group to 2024-07-11 00:00:00+00:00, run_after=2024-07-12 00:00:00+00:00
[2024-07-12T08:32:04.812+0000] {processor.py:183} INFO - Processing /home/airflow/.local/lib/python3.12/site-packages/airflow/example_dags/example_task_group.py took 0.058 seconds
[2024-07-12T08:32:34.888+0000] {processor.py:161} INFO - Started process (PID=460) to work on /home/airflow/.local/lib/python3.12/site-packages/airflow/example_dags/example_task_group.py
[2024-07-12T08:32:34.889+0000] {processor.py:830} INFO - Processing file /home/airflow/.local/lib/python3.12/site-packages/airflow/example_dags/example_task_group.py for tasks to queue
[2024-07-12T08:32:34.890+0000] {logging_mixin.py:188} INFO - [2024-07-12T08:32:34.890+0000] {dagbag.py:545} INFO - Filling up the DagBag from /home/airflow/.local/lib/python3.12/site-packages/airflow/example_dags/example_task_group.py
[2024-07-12T08:32:34.895+0000] {processor.py:840} INFO - DAG(s) 'example_task_group' retrieved from /home/airflow/.local/lib/python3.12/site-packages/airflow/example_dags/example_task_group.py
[2024-07-12T08:32:34.908+0000] {logging_mixin.py:188} INFO - [2024-07-12T08:32:34.908+0000] {dag.py:3096} INFO - Sync 1 DAGs
[2024-07-12T08:32:34.922+0000] {logging_mixin.py:188} INFO - [2024-07-12T08:32:34.922+0000] {dag.py:3954} INFO - Setting next_dagrun for example_task_group to 2024-07-11 00:00:00+00:00, run_after=2024-07-12 00:00:00+00:00
[2024-07-12T08:32:34.936+0000] {processor.py:183} INFO - Processing /home/airflow/.local/lib/python3.12/site-packages/airflow/example_dags/example_task_group.py took 0.051 seconds
[2024-07-12T08:33:05.191+0000] {processor.py:161} INFO - Started process (PID=519) to work on /home/airflow/.local/lib/python3.12/site-packages/airflow/example_dags/example_task_group.py
[2024-07-12T08:33:05.192+0000] {processor.py:830} INFO - Processing file /home/airflow/.local/lib/python3.12/site-packages/airflow/example_dags/example_task_group.py for tasks to queue
[2024-07-12T08:33:05.193+0000] {logging_mixin.py:188} INFO - [2024-07-12T08:33:05.193+0000] {dagbag.py:545} INFO - Filling up the DagBag from /home/airflow/.local/lib/python3.12/site-packages/airflow/example_dags/example_task_group.py
[2024-07-12T08:33:05.198+0000] {processor.py:840} INFO - DAG(s) 'example_task_group' retrieved from /home/airflow/.local/lib/python3.12/site-packages/airflow/example_dags/example_task_group.py
[2024-07-12T08:33:05.209+0000] {logging_mixin.py:188} INFO - [2024-07-12T08:33:05.209+0000] {dag.py:3096} INFO - Sync 1 DAGs
[2024-07-12T08:33:05.222+0000] {logging_mixin.py:188} INFO - [2024-07-12T08:33:05.222+0000] {dag.py:3954} INFO - Setting next_dagrun for example_task_group to 2024-07-11 00:00:00+00:00, run_after=2024-07-12 00:00:00+00:00
[2024-07-12T08:33:05.236+0000] {processor.py:183} INFO - Processing /home/airflow/.local/lib/python3.12/site-packages/airflow/example_dags/example_task_group.py took 0.049 seconds
[2024-07-12T08:33:35.388+0000] {processor.py:161} INFO - Started process (PID=577) to work on /home/airflow/.local/lib/python3.12/site-packages/airflow/example_dags/example_task_group.py
[2024-07-12T08:33:35.390+0000] {processor.py:830} INFO - Processing file /home/airflow/.local/lib/python3.12/site-packages/airflow/example_dags/example_task_group.py for tasks to queue
[2024-07-12T08:33:35.391+0000] {logging_mixin.py:188} INFO - [2024-07-12T08:33:35.391+0000] {dagbag.py:545} INFO - Filling up the DagBag from /home/airflow/.local/lib/python3.12/site-packages/airflow/example_dags/example_task_group.py
[2024-07-12T08:33:35.396+0000] {processor.py:840} INFO - DAG(s) 'example_task_group' retrieved from /home/airflow/.local/lib/python3.12/site-packages/airflow/example_dags/example_task_group.py
[2024-07-12T08:33:35.408+0000] {logging_mixin.py:188} INFO - [2024-07-12T08:33:35.408+0000] {dag.py:3096} INFO - Sync 1 DAGs
[2024-07-12T08:33:35.422+0000] {logging_mixin.py:188} INFO - [2024-07-12T08:33:35.422+0000] {dag.py:3954} INFO - Setting next_dagrun for example_task_group to 2024-07-11 00:00:00+00:00, run_after=2024-07-12 00:00:00+00:00
[2024-07-12T08:33:35.437+0000] {processor.py:183} INFO - Processing /home/airflow/.local/lib/python3.12/site-packages/airflow/example_dags/example_task_group.py took 0.053 seconds
[2024-07-12T08:34:05.571+0000] {processor.py:161} INFO - Started process (PID=634) to work on /home/airflow/.local/lib/python3.12/site-packages/airflow/example_dags/example_task_group.py
[2024-07-12T08:34:05.572+0000] {processor.py:830} INFO - Processing file /home/airflow/.local/lib/python3.12/site-packages/airflow/example_dags/example_task_group.py for tasks to queue
[2024-07-12T08:34:05.573+0000] {logging_mixin.py:188} INFO - [2024-07-12T08:34:05.573+0000] {dagbag.py:545} INFO - Filling up the DagBag from /home/airflow/.local/lib/python3.12/site-packages/airflow/example_dags/example_task_group.py
[2024-07-12T08:34:05.578+0000] {processor.py:840} INFO - DAG(s) 'example_task_group' retrieved from /home/airflow/.local/lib/python3.12/site-packages/airflow/example_dags/example_task_group.py
[2024-07-12T08:34:05.590+0000] {logging_mixin.py:188} INFO - [2024-07-12T08:34:05.590+0000] {dag.py:3096} INFO - Sync 1 DAGs
[2024-07-12T08:34:05.603+0000] {logging_mixin.py:188} INFO - [2024-07-12T08:34:05.603+0000] {dag.py:3954} INFO - Setting next_dagrun for example_task_group to 2024-07-11 00:00:00+00:00, run_after=2024-07-12 00:00:00+00:00
[2024-07-12T08:34:05.618+0000] {processor.py:183} INFO - Processing /home/airflow/.local/lib/python3.12/site-packages/airflow/example_dags/example_task_group.py took 0.050 seconds
[2024-07-12T08:34:35.758+0000] {processor.py:161} INFO - Started process (PID=693) to work on /home/airflow/.local/lib/python3.12/site-packages/airflow/example_dags/example_task_group.py
[2024-07-12T08:34:35.758+0000] {processor.py:830} INFO - Processing file /home/airflow/.local/lib/python3.12/site-packages/airflow/example_dags/example_task_group.py for tasks to queue
[2024-07-12T08:34:35.759+0000] {logging_mixin.py:188} INFO - [2024-07-12T08:34:35.759+0000] {dagbag.py:545} INFO - Filling up the DagBag from /home/airflow/.local/lib/python3.12/site-packages/airflow/example_dags/example_task_group.py
[2024-07-12T08:34:35.764+0000] {processor.py:840} INFO - DAG(s) 'example_task_group' retrieved from /home/airflow/.local/lib/python3.12/site-packages/airflow/example_dags/example_task_group.py
[2024-07-12T08:34:35.776+0000] {logging_mixin.py:188} INFO - [2024-07-12T08:34:35.776+0000] {dag.py:3096} INFO - Sync 1 DAGs
[2024-07-12T08:34:35.788+0000] {logging_mixin.py:188} INFO - [2024-07-12T08:34:35.788+0000] {dag.py:3954} INFO - Setting next_dagrun for example_task_group to 2024-07-11 00:00:00+00:00, run_after=2024-07-12 00:00:00+00:00
[2024-07-12T08:34:35.801+0000] {processor.py:183} INFO - Processing /home/airflow/.local/lib/python3.12/site-packages/airflow/example_dags/example_task_group.py took 0.046 seconds
[2024-07-12T08:35:05.850+0000] {processor.py:161} INFO - Started process (PID=750) to work on /home/airflow/.local/lib/python3.12/site-packages/airflow/example_dags/example_task_group.py
[2024-07-12T08:35:05.851+0000] {processor.py:830} INFO - Processing file /home/airflow/.local/lib/python3.12/site-packages/airflow/example_dags/example_task_group.py for tasks to queue
[2024-07-12T08:35:05.852+0000] {logging_mixin.py:188} INFO - [2024-07-12T08:35:05.852+0000] {dagbag.py:545} INFO - Filling up the DagBag from /home/airflow/.local/lib/python3.12/site-packages/airflow/example_dags/example_task_group.py
[2024-07-12T08:35:05.856+0000] {processor.py:840} INFO - DAG(s) 'example_task_group' retrieved from /home/airflow/.local/lib/python3.12/site-packages/airflow/example_dags/example_task_group.py
[2024-07-12T08:35:05.868+0000] {logging_mixin.py:188} INFO - [2024-07-12T08:35:05.868+0000] {dag.py:3096} INFO - Sync 1 DAGs
[2024-07-12T08:35:05.880+0000] {logging_mixin.py:188} INFO - [2024-07-12T08:35:05.880+0000] {dag.py:3954} INFO - Setting next_dagrun for example_task_group to 2024-07-11 00:00:00+00:00, run_after=2024-07-12 00:00:00+00:00
[2024-07-12T08:35:05.892+0000] {processor.py:183} INFO - Processing /home/airflow/.local/lib/python3.12/site-packages/airflow/example_dags/example_task_group.py took 0.046 seconds
[2024-07-12T08:35:36.018+0000] {processor.py:161} INFO - Started process (PID=808) to work on /home/airflow/.local/lib/python3.12/site-packages/airflow/example_dags/example_task_group.py
[2024-07-12T08:35:36.019+0000] {processor.py:830} INFO - Processing file /home/airflow/.local/lib/python3.12/site-packages/airflow/example_dags/example_task_group.py for tasks to queue
[2024-07-12T08:35:36.020+0000] {logging_mixin.py:188} INFO - [2024-07-12T08:35:36.020+0000] {dagbag.py:545} INFO - Filling up the DagBag from /home/airflow/.local/lib/python3.12/site-packages/airflow/example_dags/example_task_group.py
[2024-07-12T08:35:36.025+0000] {processor.py:840} INFO - DAG(s) 'example_task_group' retrieved from /home/airflow/.local/lib/python3.12/site-packages/airflow/example_dags/example_task_group.py
[2024-07-12T08:35:36.038+0000] {logging_mixin.py:188} INFO - [2024-07-12T08:35:36.038+0000] {dag.py:3096} INFO - Sync 1 DAGs
[2024-07-12T08:35:36.051+0000] {logging_mixin.py:188} INFO - [2024-07-12T08:35:36.051+0000] {dag.py:3954} INFO - Setting next_dagrun for example_task_group to 2024-07-11 00:00:00+00:00, run_after=2024-07-12 00:00:00+00:00
[2024-07-12T08:35:36.065+0000] {processor.py:183} INFO - Processing /home/airflow/.local/lib/python3.12/site-packages/airflow/example_dags/example_task_group.py took 0.051 seconds
[2024-07-12T08:36:06.356+0000] {processor.py:161} INFO - Started process (PID=866) to work on /home/airflow/.local/lib/python3.12/site-packages/airflow/example_dags/example_task_group.py
[2024-07-12T08:36:06.357+0000] {processor.py:830} INFO - Processing file /home/airflow/.local/lib/python3.12/site-packages/airflow/example_dags/example_task_group.py for tasks to queue
[2024-07-12T08:36:06.358+0000] {logging_mixin.py:188} INFO - [2024-07-12T08:36:06.358+0000] {dagbag.py:545} INFO - Filling up the DagBag from /home/airflow/.local/lib/python3.12/site-packages/airflow/example_dags/example_task_group.py
[2024-07-12T08:36:06.363+0000] {processor.py:840} INFO - DAG(s) 'example_task_group' retrieved from /home/airflow/.local/lib/python3.12/site-packages/airflow/example_dags/example_task_group.py
[2024-07-12T08:36:06.375+0000] {logging_mixin.py:188} INFO - [2024-07-12T08:36:06.374+0000] {dag.py:3096} INFO - Sync 1 DAGs
[2024-07-12T08:36:06.387+0000] {logging_mixin.py:188} INFO - [2024-07-12T08:36:06.387+0000] {dag.py:3954} INFO - Setting next_dagrun for example_task_group to 2024-07-11 00:00:00+00:00, run_after=2024-07-12 00:00:00+00:00
[2024-07-12T08:36:06.401+0000] {processor.py:183} INFO - Processing /home/airflow/.local/lib/python3.12/site-packages/airflow/example_dags/example_task_group.py took 0.048 seconds
[2024-07-12T08:36:36.566+0000] {processor.py:161} INFO - Started process (PID=924) to work on /home/airflow/.local/lib/python3.12/site-packages/airflow/example_dags/example_task_group.py
[2024-07-12T08:36:36.567+0000] {processor.py:830} INFO - Processing file /home/airflow/.local/lib/python3.12/site-packages/airflow/example_dags/example_task_group.py for tasks to queue
[2024-07-12T08:36:36.568+0000] {logging_mixin.py:188} INFO - [2024-07-12T08:36:36.568+0000] {dagbag.py:545} INFO - Filling up the DagBag from /home/airflow/.local/lib/python3.12/site-packages/airflow/example_dags/example_task_group.py
[2024-07-12T08:36:36.573+0000] {processor.py:840} INFO - DAG(s) 'example_task_group' retrieved from /home/airflow/.local/lib/python3.12/site-packages/airflow/example_dags/example_task_group.py
[2024-07-12T08:36:36.584+0000] {logging_mixin.py:188} INFO - [2024-07-12T08:36:36.584+0000] {dag.py:3096} INFO - Sync 1 DAGs
[2024-07-12T08:36:36.596+0000] {logging_mixin.py:188} INFO - [2024-07-12T08:36:36.596+0000] {dag.py:3954} INFO - Setting next_dagrun for example_task_group to 2024-07-11 00:00:00+00:00, run_after=2024-07-12 00:00:00+00:00
[2024-07-12T08:36:36.608+0000] {processor.py:183} INFO - Processing /home/airflow/.local/lib/python3.12/site-packages/airflow/example_dags/example_task_group.py took 0.046 seconds
[2024-07-12T08:37:07.052+0000] {processor.py:161} INFO - Started process (PID=982) to work on /home/airflow/.local/lib/python3.12/site-packages/airflow/example_dags/example_task_group.py
[2024-07-12T08:37:07.053+0000] {processor.py:830} INFO - Processing file /home/airflow/.local/lib/python3.12/site-packages/airflow/example_dags/example_task_group.py for tasks to queue
[2024-07-12T08:37:07.054+0000] {logging_mixin.py:188} INFO - [2024-07-12T08:37:07.054+0000] {dagbag.py:545} INFO - Filling up the DagBag from /home/airflow/.local/lib/python3.12/site-packages/airflow/example_dags/example_task_group.py
[2024-07-12T08:37:07.060+0000] {processor.py:840} INFO - DAG(s) 'example_task_group' retrieved from /home/airflow/.local/lib/python3.12/site-packages/airflow/example_dags/example_task_group.py
[2024-07-12T08:37:07.074+0000] {logging_mixin.py:188} INFO - [2024-07-12T08:37:07.074+0000] {dag.py:3096} INFO - Sync 1 DAGs
[2024-07-12T08:37:07.091+0000] {logging_mixin.py:188} INFO - [2024-07-12T08:37:07.090+0000] {dag.py:3954} INFO - Setting next_dagrun for example_task_group to 2024-07-11 00:00:00+00:00, run_after=2024-07-12 00:00:00+00:00
[2024-07-12T08:37:07.107+0000] {processor.py:183} INFO - Processing /home/airflow/.local/lib/python3.12/site-packages/airflow/example_dags/example_task_group.py took 0.059 seconds
[2024-07-12T08:37:37.377+0000] {processor.py:161} INFO - Started process (PID=1040) to work on /home/airflow/.local/lib/python3.12/site-packages/airflow/example_dags/example_task_group.py
[2024-07-12T08:37:37.378+0000] {processor.py:830} INFO - Processing file /home/airflow/.local/lib/python3.12/site-packages/airflow/example_dags/example_task_group.py for tasks to queue
[2024-07-12T08:37:37.379+0000] {logging_mixin.py:188} INFO - [2024-07-12T08:37:37.379+0000] {dagbag.py:545} INFO - Filling up the DagBag from /home/airflow/.local/lib/python3.12/site-packages/airflow/example_dags/example_task_group.py
[2024-07-12T08:37:37.384+0000] {processor.py:840} INFO - DAG(s) 'example_task_group' retrieved from /home/airflow/.local/lib/python3.12/site-packages/airflow/example_dags/example_task_group.py
[2024-07-12T08:37:37.395+0000] {logging_mixin.py:188} INFO - [2024-07-12T08:37:37.395+0000] {dag.py:3096} INFO - Sync 1 DAGs
[2024-07-12T08:37:37.409+0000] {logging_mixin.py:188} INFO - [2024-07-12T08:37:37.408+0000] {dag.py:3954} INFO - Setting next_dagrun for example_task_group to 2024-07-11 00:00:00+00:00, run_after=2024-07-12 00:00:00+00:00
[2024-07-12T08:37:37.423+0000] {processor.py:183} INFO - Processing /home/airflow/.local/lib/python3.12/site-packages/airflow/example_dags/example_task_group.py took 0.050 seconds
[2024-07-12T08:38:07.651+0000] {processor.py:161} INFO - Started process (PID=1098) to work on /home/airflow/.local/lib/python3.12/site-packages/airflow/example_dags/example_task_group.py
[2024-07-12T08:38:07.652+0000] {processor.py:830} INFO - Processing file /home/airflow/.local/lib/python3.12/site-packages/airflow/example_dags/example_task_group.py for tasks to queue
[2024-07-12T08:38:07.653+0000] {logging_mixin.py:188} INFO - [2024-07-12T08:38:07.653+0000] {dagbag.py:545} INFO - Filling up the DagBag from /home/airflow/.local/lib/python3.12/site-packages/airflow/example_dags/example_task_group.py
[2024-07-12T08:38:07.658+0000] {processor.py:840} INFO - DAG(s) 'example_task_group' retrieved from /home/airflow/.local/lib/python3.12/site-packages/airflow/example_dags/example_task_group.py
[2024-07-12T08:38:07.670+0000] {logging_mixin.py:188} INFO - [2024-07-12T08:38:07.670+0000] {dag.py:3096} INFO - Sync 1 DAGs
[2024-07-12T08:38:07.683+0000] {logging_mixin.py:188} INFO - [2024-07-12T08:38:07.683+0000] {dag.py:3954} INFO - Setting next_dagrun for example_task_group to 2024-07-11 00:00:00+00:00, run_after=2024-07-12 00:00:00+00:00
[2024-07-12T08:38:07.695+0000] {processor.py:183} INFO - Processing /home/airflow/.local/lib/python3.12/site-packages/airflow/example_dags/example_task_group.py took 0.048 seconds
[2024-07-12T08:38:38.473+0000] {processor.py:161} INFO - Started process (PID=1156) to work on /home/airflow/.local/lib/python3.12/site-packages/airflow/example_dags/example_task_group.py
[2024-07-12T08:38:38.474+0000] {processor.py:830} INFO - Processing file /home/airflow/.local/lib/python3.12/site-packages/airflow/example_dags/example_task_group.py for tasks to queue
[2024-07-12T08:38:38.475+0000] {logging_mixin.py:188} INFO - [2024-07-12T08:38:38.475+0000] {dagbag.py:545} INFO - Filling up the DagBag from /home/airflow/.local/lib/python3.12/site-packages/airflow/example_dags/example_task_group.py
[2024-07-12T08:38:38.489+0000] {processor.py:840} INFO - DAG(s) 'example_task_group' retrieved from /home/airflow/.local/lib/python3.12/site-packages/airflow/example_dags/example_task_group.py
[2024-07-12T08:38:38.501+0000] {logging_mixin.py:188} INFO - [2024-07-12T08:38:38.500+0000] {dag.py:3096} INFO - Sync 1 DAGs
[2024-07-12T08:38:38.513+0000] {logging_mixin.py:188} INFO - [2024-07-12T08:38:38.513+0000] {dag.py:3954} INFO - Setting next_dagrun for example_task_group to 2024-07-11 00:00:00+00:00, run_after=2024-07-12 00:00:00+00:00
[2024-07-12T08:38:38.532+0000] {processor.py:183} INFO - Processing /home/airflow/.local/lib/python3.12/site-packages/airflow/example_dags/example_task_group.py took 0.063 seconds
[2024-07-12T08:39:08.590+0000] {processor.py:161} INFO - Started process (PID=1214) to work on /home/airflow/.local/lib/python3.12/site-packages/airflow/example_dags/example_task_group.py
[2024-07-12T08:39:08.590+0000] {processor.py:830} INFO - Processing file /home/airflow/.local/lib/python3.12/site-packages/airflow/example_dags/example_task_group.py for tasks to queue
[2024-07-12T08:39:08.592+0000] {logging_mixin.py:188} INFO - [2024-07-12T08:39:08.592+0000] {dagbag.py:545} INFO - Filling up the DagBag from /home/airflow/.local/lib/python3.12/site-packages/airflow/example_dags/example_task_group.py
[2024-07-12T08:39:08.597+0000] {processor.py:840} INFO - DAG(s) 'example_task_group' retrieved from /home/airflow/.local/lib/python3.12/site-packages/airflow/example_dags/example_task_group.py
[2024-07-12T08:39:08.609+0000] {logging_mixin.py:188} INFO - [2024-07-12T08:39:08.609+0000] {dag.py:3096} INFO - Sync 1 DAGs
[2024-07-12T08:39:08.622+0000] {logging_mixin.py:188} INFO - [2024-07-12T08:39:08.622+0000] {dag.py:3954} INFO - Setting next_dagrun for example_task_group to 2024-07-11 00:00:00+00:00, run_after=2024-07-12 00:00:00+00:00
[2024-07-12T08:39:08.635+0000] {processor.py:183} INFO - Processing /home/airflow/.local/lib/python3.12/site-packages/airflow/example_dags/example_task_group.py took 0.050 seconds
