[2024-07-12T07:58:06.241+0000] {processor.py:161} INFO - Started process (PID=83) to work on /home/airflow/.local/lib/python3.12/site-packages/airflow/example_dags/example_latest_only_with_trigger.py
[2024-07-12T07:58:06.242+0000] {processor.py:830} INFO - Processing file /home/airflow/.local/lib/python3.12/site-packages/airflow/example_dags/example_latest_only_with_trigger.py for tasks to queue
[2024-07-12T07:58:06.243+0000] {logging_mixin.py:188} INFO - [2024-07-12T07:58:06.243+0000] {dagbag.py:545} INFO - Filling up the DagBag from /home/airflow/.local/lib/python3.12/site-packages/airflow/example_dags/example_latest_only_with_trigger.py
[2024-07-12T07:58:06.249+0000] {processor.py:840} INFO - DAG(s) 'latest_only_with_trigger' retrieved from /home/airflow/.local/lib/python3.12/site-packages/airflow/example_dags/example_latest_only_with_trigger.py
[2024-07-12T07:58:06.255+0000] {logging_mixin.py:188} INFO - [2024-07-12T07:58:06.255+0000] {dag.py:3096} INFO - Sync 1 DAGs
[2024-07-12T07:58:06.269+0000] {logging_mixin.py:188} INFO - [2024-07-12T07:58:06.269+0000] {dag.py:3954} INFO - Setting next_dagrun for latest_only_with_trigger to 2024-07-12 00:00:00+00:00, run_after=2024-07-12 04:00:00+00:00
[2024-07-12T07:58:06.284+0000] {processor.py:183} INFO - Processing /home/airflow/.local/lib/python3.12/site-packages/airflow/example_dags/example_latest_only_with_trigger.py took 0.046 seconds
[2024-07-12T07:58:37.265+0000] {processor.py:161} INFO - Started process (PID=141) to work on /home/airflow/.local/lib/python3.12/site-packages/airflow/example_dags/example_latest_only_with_trigger.py
[2024-07-12T07:58:37.267+0000] {processor.py:830} INFO - Processing file /home/airflow/.local/lib/python3.12/site-packages/airflow/example_dags/example_latest_only_with_trigger.py for tasks to queue
[2024-07-12T07:58:37.268+0000] {logging_mixin.py:188} INFO - [2024-07-12T07:58:37.268+0000] {dagbag.py:545} INFO - Filling up the DagBag from /home/airflow/.local/lib/python3.12/site-packages/airflow/example_dags/example_latest_only_with_trigger.py
[2024-07-12T07:58:37.272+0000] {processor.py:840} INFO - DAG(s) 'latest_only_with_trigger' retrieved from /home/airflow/.local/lib/python3.12/site-packages/airflow/example_dags/example_latest_only_with_trigger.py
[2024-07-12T07:58:37.336+0000] {logging_mixin.py:188} INFO - [2024-07-12T07:58:37.335+0000] {dag.py:3096} INFO - Sync 1 DAGs
[2024-07-12T07:58:37.349+0000] {logging_mixin.py:188} INFO - [2024-07-12T07:58:37.349+0000] {dag.py:3954} INFO - Setting next_dagrun for latest_only_with_trigger to 2024-07-12 00:00:00+00:00, run_after=2024-07-12 04:00:00+00:00
[2024-07-12T07:58:37.365+0000] {processor.py:183} INFO - Processing /home/airflow/.local/lib/python3.12/site-packages/airflow/example_dags/example_latest_only_with_trigger.py took 0.103 seconds
[2024-07-12T07:59:07.623+0000] {processor.py:161} INFO - Started process (PID=199) to work on /home/airflow/.local/lib/python3.12/site-packages/airflow/example_dags/example_latest_only_with_trigger.py
[2024-07-12T07:59:07.624+0000] {processor.py:830} INFO - Processing file /home/airflow/.local/lib/python3.12/site-packages/airflow/example_dags/example_latest_only_with_trigger.py for tasks to queue
[2024-07-12T07:59:07.625+0000] {logging_mixin.py:188} INFO - [2024-07-12T07:59:07.625+0000] {dagbag.py:545} INFO - Filling up the DagBag from /home/airflow/.local/lib/python3.12/site-packages/airflow/example_dags/example_latest_only_with_trigger.py
[2024-07-12T07:59:07.629+0000] {processor.py:840} INFO - DAG(s) 'latest_only_with_trigger' retrieved from /home/airflow/.local/lib/python3.12/site-packages/airflow/example_dags/example_latest_only_with_trigger.py
[2024-07-12T07:59:07.640+0000] {logging_mixin.py:188} INFO - [2024-07-12T07:59:07.640+0000] {dag.py:3096} INFO - Sync 1 DAGs
[2024-07-12T07:59:07.654+0000] {logging_mixin.py:188} INFO - [2024-07-12T07:59:07.654+0000] {dag.py:3954} INFO - Setting next_dagrun for latest_only_with_trigger to 2024-07-12 00:00:00+00:00, run_after=2024-07-12 04:00:00+00:00
[2024-07-12T07:59:07.667+0000] {processor.py:183} INFO - Processing /home/airflow/.local/lib/python3.12/site-packages/airflow/example_dags/example_latest_only_with_trigger.py took 0.048 seconds
[2024-07-12T07:59:37.803+0000] {processor.py:161} INFO - Started process (PID=257) to work on /home/airflow/.local/lib/python3.12/site-packages/airflow/example_dags/example_latest_only_with_trigger.py
[2024-07-12T07:59:37.804+0000] {processor.py:830} INFO - Processing file /home/airflow/.local/lib/python3.12/site-packages/airflow/example_dags/example_latest_only_with_trigger.py for tasks to queue
[2024-07-12T07:59:37.805+0000] {logging_mixin.py:188} INFO - [2024-07-12T07:59:37.805+0000] {dagbag.py:545} INFO - Filling up the DagBag from /home/airflow/.local/lib/python3.12/site-packages/airflow/example_dags/example_latest_only_with_trigger.py
[2024-07-12T07:59:37.809+0000] {processor.py:840} INFO - DAG(s) 'latest_only_with_trigger' retrieved from /home/airflow/.local/lib/python3.12/site-packages/airflow/example_dags/example_latest_only_with_trigger.py
[2024-07-12T07:59:37.820+0000] {logging_mixin.py:188} INFO - [2024-07-12T07:59:37.820+0000] {dag.py:3096} INFO - Sync 1 DAGs
[2024-07-12T07:59:37.834+0000] {logging_mixin.py:188} INFO - [2024-07-12T07:59:37.833+0000] {dag.py:3954} INFO - Setting next_dagrun for latest_only_with_trigger to 2024-07-12 00:00:00+00:00, run_after=2024-07-12 04:00:00+00:00
[2024-07-12T07:59:37.849+0000] {processor.py:183} INFO - Processing /home/airflow/.local/lib/python3.12/site-packages/airflow/example_dags/example_latest_only_with_trigger.py took 0.050 seconds
[2024-07-12T08:01:10.108+0000] {processor.py:161} INFO - Started process (PID=82) to work on /home/airflow/.local/lib/python3.12/site-packages/airflow/example_dags/example_latest_only_with_trigger.py
[2024-07-12T08:01:10.109+0000] {processor.py:830} INFO - Processing file /home/airflow/.local/lib/python3.12/site-packages/airflow/example_dags/example_latest_only_with_trigger.py for tasks to queue
[2024-07-12T08:01:10.110+0000] {logging_mixin.py:188} INFO - [2024-07-12T08:01:10.110+0000] {dagbag.py:545} INFO - Filling up the DagBag from /home/airflow/.local/lib/python3.12/site-packages/airflow/example_dags/example_latest_only_with_trigger.py
[2024-07-12T08:01:10.116+0000] {processor.py:840} INFO - DAG(s) 'latest_only_with_trigger' retrieved from /home/airflow/.local/lib/python3.12/site-packages/airflow/example_dags/example_latest_only_with_trigger.py
[2024-07-12T08:01:10.122+0000] {logging_mixin.py:188} INFO - [2024-07-12T08:01:10.122+0000] {dag.py:3096} INFO - Sync 1 DAGs
[2024-07-12T08:01:10.139+0000] {logging_mixin.py:188} INFO - [2024-07-12T08:01:10.139+0000] {dag.py:3954} INFO - Setting next_dagrun for latest_only_with_trigger to 2024-07-12 04:00:00+00:00, run_after=2024-07-12 08:00:00+00:00
[2024-07-12T08:01:10.156+0000] {processor.py:183} INFO - Processing /home/airflow/.local/lib/python3.12/site-packages/airflow/example_dags/example_latest_only_with_trigger.py took 0.053 seconds
[2024-07-12T08:01:41.562+0000] {processor.py:161} INFO - Started process (PID=140) to work on /home/airflow/.local/lib/python3.12/site-packages/airflow/example_dags/example_latest_only_with_trigger.py
[2024-07-12T08:01:41.563+0000] {processor.py:830} INFO - Processing file /home/airflow/.local/lib/python3.12/site-packages/airflow/example_dags/example_latest_only_with_trigger.py for tasks to queue
[2024-07-12T08:01:41.565+0000] {logging_mixin.py:188} INFO - [2024-07-12T08:01:41.565+0000] {dagbag.py:545} INFO - Filling up the DagBag from /home/airflow/.local/lib/python3.12/site-packages/airflow/example_dags/example_latest_only_with_trigger.py
[2024-07-12T08:01:41.570+0000] {processor.py:840} INFO - DAG(s) 'latest_only_with_trigger' retrieved from /home/airflow/.local/lib/python3.12/site-packages/airflow/example_dags/example_latest_only_with_trigger.py
[2024-07-12T08:01:41.647+0000] {logging_mixin.py:188} INFO - [2024-07-12T08:01:41.646+0000] {dag.py:3096} INFO - Sync 1 DAGs
[2024-07-12T08:01:41.663+0000] {logging_mixin.py:188} INFO - [2024-07-12T08:01:41.663+0000] {dag.py:3954} INFO - Setting next_dagrun for latest_only_with_trigger to 2024-07-12 04:00:00+00:00, run_after=2024-07-12 08:00:00+00:00
[2024-07-12T08:01:41.682+0000] {processor.py:183} INFO - Processing /home/airflow/.local/lib/python3.12/site-packages/airflow/example_dags/example_latest_only_with_trigger.py took 0.126 seconds
[2024-07-12T08:02:11.884+0000] {processor.py:161} INFO - Started process (PID=198) to work on /home/airflow/.local/lib/python3.12/site-packages/airflow/example_dags/example_latest_only_with_trigger.py
[2024-07-12T08:02:11.884+0000] {processor.py:830} INFO - Processing file /home/airflow/.local/lib/python3.12/site-packages/airflow/example_dags/example_latest_only_with_trigger.py for tasks to queue
[2024-07-12T08:02:11.885+0000] {logging_mixin.py:188} INFO - [2024-07-12T08:02:11.885+0000] {dagbag.py:545} INFO - Filling up the DagBag from /home/airflow/.local/lib/python3.12/site-packages/airflow/example_dags/example_latest_only_with_trigger.py
[2024-07-12T08:02:11.889+0000] {processor.py:840} INFO - DAG(s) 'latest_only_with_trigger' retrieved from /home/airflow/.local/lib/python3.12/site-packages/airflow/example_dags/example_latest_only_with_trigger.py
[2024-07-12T08:02:11.901+0000] {logging_mixin.py:188} INFO - [2024-07-12T08:02:11.900+0000] {dag.py:3096} INFO - Sync 1 DAGs
[2024-07-12T08:02:11.914+0000] {logging_mixin.py:188} INFO - [2024-07-12T08:02:11.914+0000] {dag.py:3954} INFO - Setting next_dagrun for latest_only_with_trigger to 2024-07-12 04:00:00+00:00, run_after=2024-07-12 08:00:00+00:00
[2024-07-12T08:02:11.930+0000] {processor.py:183} INFO - Processing /home/airflow/.local/lib/python3.12/site-packages/airflow/example_dags/example_latest_only_with_trigger.py took 0.050 seconds
[2024-07-12T08:02:42.203+0000] {processor.py:161} INFO - Started process (PID=256) to work on /home/airflow/.local/lib/python3.12/site-packages/airflow/example_dags/example_latest_only_with_trigger.py
[2024-07-12T08:02:42.206+0000] {processor.py:830} INFO - Processing file /home/airflow/.local/lib/python3.12/site-packages/airflow/example_dags/example_latest_only_with_trigger.py for tasks to queue
[2024-07-12T08:02:42.207+0000] {logging_mixin.py:188} INFO - [2024-07-12T08:02:42.207+0000] {dagbag.py:545} INFO - Filling up the DagBag from /home/airflow/.local/lib/python3.12/site-packages/airflow/example_dags/example_latest_only_with_trigger.py
[2024-07-12T08:02:42.211+0000] {processor.py:840} INFO - DAG(s) 'latest_only_with_trigger' retrieved from /home/airflow/.local/lib/python3.12/site-packages/airflow/example_dags/example_latest_only_with_trigger.py
[2024-07-12T08:02:42.224+0000] {logging_mixin.py:188} INFO - [2024-07-12T08:02:42.223+0000] {dag.py:3096} INFO - Sync 1 DAGs
[2024-07-12T08:02:42.238+0000] {logging_mixin.py:188} INFO - [2024-07-12T08:02:42.237+0000] {dag.py:3954} INFO - Setting next_dagrun for latest_only_with_trigger to 2024-07-12 04:00:00+00:00, run_after=2024-07-12 08:00:00+00:00
[2024-07-12T08:02:42.253+0000] {processor.py:183} INFO - Processing /home/airflow/.local/lib/python3.12/site-packages/airflow/example_dags/example_latest_only_with_trigger.py took 0.053 seconds
[2024-07-12T08:04:17.786+0000] {processor.py:161} INFO - Started process (PID=83) to work on /home/airflow/.local/lib/python3.12/site-packages/airflow/example_dags/example_latest_only_with_trigger.py
[2024-07-12T08:04:17.787+0000] {processor.py:830} INFO - Processing file /home/airflow/.local/lib/python3.12/site-packages/airflow/example_dags/example_latest_only_with_trigger.py for tasks to queue
[2024-07-12T08:04:17.789+0000] {logging_mixin.py:188} INFO - [2024-07-12T08:04:17.789+0000] {dagbag.py:545} INFO - Filling up the DagBag from /home/airflow/.local/lib/python3.12/site-packages/airflow/example_dags/example_latest_only_with_trigger.py
[2024-07-12T08:04:17.796+0000] {processor.py:840} INFO - DAG(s) 'latest_only_with_trigger' retrieved from /home/airflow/.local/lib/python3.12/site-packages/airflow/example_dags/example_latest_only_with_trigger.py
[2024-07-12T08:04:17.803+0000] {logging_mixin.py:188} INFO - [2024-07-12T08:04:17.803+0000] {dag.py:3096} INFO - Sync 1 DAGs
[2024-07-12T08:04:17.820+0000] {logging_mixin.py:188} INFO - [2024-07-12T08:04:17.820+0000] {dag.py:3954} INFO - Setting next_dagrun for latest_only_with_trigger to 2024-07-12 04:00:00+00:00, run_after=2024-07-12 08:00:00+00:00
[2024-07-12T08:04:17.840+0000] {processor.py:183} INFO - Processing /home/airflow/.local/lib/python3.12/site-packages/airflow/example_dags/example_latest_only_with_trigger.py took 0.058 seconds
[2024-07-12T08:04:48.858+0000] {processor.py:161} INFO - Started process (PID=141) to work on /home/airflow/.local/lib/python3.12/site-packages/airflow/example_dags/example_latest_only_with_trigger.py
[2024-07-12T08:04:48.858+0000] {processor.py:830} INFO - Processing file /home/airflow/.local/lib/python3.12/site-packages/airflow/example_dags/example_latest_only_with_trigger.py for tasks to queue
[2024-07-12T08:04:48.860+0000] {logging_mixin.py:188} INFO - [2024-07-12T08:04:48.860+0000] {dagbag.py:545} INFO - Filling up the DagBag from /home/airflow/.local/lib/python3.12/site-packages/airflow/example_dags/example_latest_only_with_trigger.py
[2024-07-12T08:04:48.864+0000] {processor.py:840} INFO - DAG(s) 'latest_only_with_trigger' retrieved from /home/airflow/.local/lib/python3.12/site-packages/airflow/example_dags/example_latest_only_with_trigger.py
[2024-07-12T08:04:48.928+0000] {logging_mixin.py:188} INFO - [2024-07-12T08:04:48.928+0000] {dag.py:3096} INFO - Sync 1 DAGs
[2024-07-12T08:04:48.940+0000] {logging_mixin.py:188} INFO - [2024-07-12T08:04:48.940+0000] {dag.py:3954} INFO - Setting next_dagrun for latest_only_with_trigger to 2024-07-12 04:00:00+00:00, run_after=2024-07-12 08:00:00+00:00
[2024-07-12T08:04:48.956+0000] {processor.py:183} INFO - Processing /home/airflow/.local/lib/python3.12/site-packages/airflow/example_dags/example_latest_only_with_trigger.py took 0.102 seconds
[2024-07-12T08:05:19.108+0000] {processor.py:161} INFO - Started process (PID=199) to work on /home/airflow/.local/lib/python3.12/site-packages/airflow/example_dags/example_latest_only_with_trigger.py
[2024-07-12T08:05:19.109+0000] {processor.py:830} INFO - Processing file /home/airflow/.local/lib/python3.12/site-packages/airflow/example_dags/example_latest_only_with_trigger.py for tasks to queue
[2024-07-12T08:05:19.110+0000] {logging_mixin.py:188} INFO - [2024-07-12T08:05:19.110+0000] {dagbag.py:545} INFO - Filling up the DagBag from /home/airflow/.local/lib/python3.12/site-packages/airflow/example_dags/example_latest_only_with_trigger.py
[2024-07-12T08:05:19.115+0000] {processor.py:840} INFO - DAG(s) 'latest_only_with_trigger' retrieved from /home/airflow/.local/lib/python3.12/site-packages/airflow/example_dags/example_latest_only_with_trigger.py
[2024-07-12T08:05:19.127+0000] {logging_mixin.py:188} INFO - [2024-07-12T08:05:19.127+0000] {dag.py:3096} INFO - Sync 1 DAGs
[2024-07-12T08:05:19.140+0000] {logging_mixin.py:188} INFO - [2024-07-12T08:05:19.140+0000] {dag.py:3954} INFO - Setting next_dagrun for latest_only_with_trigger to 2024-07-12 04:00:00+00:00, run_after=2024-07-12 08:00:00+00:00
[2024-07-12T08:05:19.155+0000] {processor.py:183} INFO - Processing /home/airflow/.local/lib/python3.12/site-packages/airflow/example_dags/example_latest_only_with_trigger.py took 0.050 seconds
[2024-07-12T08:05:49.328+0000] {processor.py:161} INFO - Started process (PID=257) to work on /home/airflow/.local/lib/python3.12/site-packages/airflow/example_dags/example_latest_only_with_trigger.py
[2024-07-12T08:05:49.329+0000] {processor.py:830} INFO - Processing file /home/airflow/.local/lib/python3.12/site-packages/airflow/example_dags/example_latest_only_with_trigger.py for tasks to queue
[2024-07-12T08:05:49.330+0000] {logging_mixin.py:188} INFO - [2024-07-12T08:05:49.330+0000] {dagbag.py:545} INFO - Filling up the DagBag from /home/airflow/.local/lib/python3.12/site-packages/airflow/example_dags/example_latest_only_with_trigger.py
[2024-07-12T08:05:49.334+0000] {processor.py:840} INFO - DAG(s) 'latest_only_with_trigger' retrieved from /home/airflow/.local/lib/python3.12/site-packages/airflow/example_dags/example_latest_only_with_trigger.py
[2024-07-12T08:05:49.347+0000] {logging_mixin.py:188} INFO - [2024-07-12T08:05:49.347+0000] {dag.py:3096} INFO - Sync 1 DAGs
[2024-07-12T08:05:49.362+0000] {logging_mixin.py:188} INFO - [2024-07-12T08:05:49.361+0000] {dag.py:3954} INFO - Setting next_dagrun for latest_only_with_trigger to 2024-07-12 04:00:00+00:00, run_after=2024-07-12 08:00:00+00:00
[2024-07-12T08:05:49.377+0000] {processor.py:183} INFO - Processing /home/airflow/.local/lib/python3.12/site-packages/airflow/example_dags/example_latest_only_with_trigger.py took 0.053 seconds
[2024-07-12T08:06:20.147+0000] {processor.py:161} INFO - Started process (PID=315) to work on /home/airflow/.local/lib/python3.12/site-packages/airflow/example_dags/example_latest_only_with_trigger.py
[2024-07-12T08:06:20.148+0000] {processor.py:830} INFO - Processing file /home/airflow/.local/lib/python3.12/site-packages/airflow/example_dags/example_latest_only_with_trigger.py for tasks to queue
[2024-07-12T08:06:20.150+0000] {logging_mixin.py:188} INFO - [2024-07-12T08:06:20.149+0000] {dagbag.py:545} INFO - Filling up the DagBag from /home/airflow/.local/lib/python3.12/site-packages/airflow/example_dags/example_latest_only_with_trigger.py
[2024-07-12T08:06:20.153+0000] {processor.py:840} INFO - DAG(s) 'latest_only_with_trigger' retrieved from /home/airflow/.local/lib/python3.12/site-packages/airflow/example_dags/example_latest_only_with_trigger.py
[2024-07-12T08:06:20.159+0000] {logging_mixin.py:188} INFO - [2024-07-12T08:06:20.159+0000] {dag.py:3096} INFO - Sync 1 DAGs
[2024-07-12T08:06:20.173+0000] {logging_mixin.py:188} INFO - [2024-07-12T08:06:20.173+0000] {dag.py:3954} INFO - Setting next_dagrun for latest_only_with_trigger to 2024-07-12 04:00:00+00:00, run_after=2024-07-12 08:00:00+00:00
[2024-07-12T08:06:20.189+0000] {processor.py:183} INFO - Processing /home/airflow/.local/lib/python3.12/site-packages/airflow/example_dags/example_latest_only_with_trigger.py took 0.045 seconds
[2024-07-12T08:06:50.894+0000] {processor.py:161} INFO - Started process (PID=373) to work on /home/airflow/.local/lib/python3.12/site-packages/airflow/example_dags/example_latest_only_with_trigger.py
[2024-07-12T08:06:50.894+0000] {processor.py:830} INFO - Processing file /home/airflow/.local/lib/python3.12/site-packages/airflow/example_dags/example_latest_only_with_trigger.py for tasks to queue
[2024-07-12T08:06:50.896+0000] {logging_mixin.py:188} INFO - [2024-07-12T08:06:50.895+0000] {dagbag.py:545} INFO - Filling up the DagBag from /home/airflow/.local/lib/python3.12/site-packages/airflow/example_dags/example_latest_only_with_trigger.py
[2024-07-12T08:06:50.899+0000] {processor.py:840} INFO - DAG(s) 'latest_only_with_trigger' retrieved from /home/airflow/.local/lib/python3.12/site-packages/airflow/example_dags/example_latest_only_with_trigger.py
[2024-07-12T08:06:50.965+0000] {logging_mixin.py:188} INFO - [2024-07-12T08:06:50.965+0000] {dag.py:3096} INFO - Sync 1 DAGs
[2024-07-12T08:06:50.978+0000] {logging_mixin.py:188} INFO - [2024-07-12T08:06:50.978+0000] {dag.py:3954} INFO - Setting next_dagrun for latest_only_with_trigger to 2024-07-12 04:00:00+00:00, run_after=2024-07-12 08:00:00+00:00
[2024-07-12T08:06:50.998+0000] {processor.py:183} INFO - Processing /home/airflow/.local/lib/python3.12/site-packages/airflow/example_dags/example_latest_only_with_trigger.py took 0.109 seconds
[2024-07-12T08:07:21.085+0000] {processor.py:161} INFO - Started process (PID=431) to work on /home/airflow/.local/lib/python3.12/site-packages/airflow/example_dags/example_latest_only_with_trigger.py
[2024-07-12T08:07:21.086+0000] {processor.py:830} INFO - Processing file /home/airflow/.local/lib/python3.12/site-packages/airflow/example_dags/example_latest_only_with_trigger.py for tasks to queue
[2024-07-12T08:07:21.087+0000] {logging_mixin.py:188} INFO - [2024-07-12T08:07:21.087+0000] {dagbag.py:545} INFO - Filling up the DagBag from /home/airflow/.local/lib/python3.12/site-packages/airflow/example_dags/example_latest_only_with_trigger.py
[2024-07-12T08:07:21.091+0000] {processor.py:840} INFO - DAG(s) 'latest_only_with_trigger' retrieved from /home/airflow/.local/lib/python3.12/site-packages/airflow/example_dags/example_latest_only_with_trigger.py
[2024-07-12T08:07:21.103+0000] {logging_mixin.py:188} INFO - [2024-07-12T08:07:21.103+0000] {dag.py:3096} INFO - Sync 1 DAGs
[2024-07-12T08:07:21.117+0000] {logging_mixin.py:188} INFO - [2024-07-12T08:07:21.116+0000] {dag.py:3954} INFO - Setting next_dagrun for latest_only_with_trigger to 2024-07-12 04:00:00+00:00, run_after=2024-07-12 08:00:00+00:00
[2024-07-12T08:07:21.132+0000] {processor.py:183} INFO - Processing /home/airflow/.local/lib/python3.12/site-packages/airflow/example_dags/example_latest_only_with_trigger.py took 0.051 seconds
[2024-07-12T08:08:15.347+0000] {processor.py:161} INFO - Started process (PID=82) to work on /home/airflow/.local/lib/python3.12/site-packages/airflow/example_dags/example_latest_only_with_trigger.py
[2024-07-12T08:08:15.348+0000] {processor.py:830} INFO - Processing file /home/airflow/.local/lib/python3.12/site-packages/airflow/example_dags/example_latest_only_with_trigger.py for tasks to queue
[2024-07-12T08:08:15.349+0000] {logging_mixin.py:188} INFO - [2024-07-12T08:08:15.349+0000] {dagbag.py:545} INFO - Filling up the DagBag from /home/airflow/.local/lib/python3.12/site-packages/airflow/example_dags/example_latest_only_with_trigger.py
[2024-07-12T08:08:15.355+0000] {processor.py:840} INFO - DAG(s) 'latest_only_with_trigger' retrieved from /home/airflow/.local/lib/python3.12/site-packages/airflow/example_dags/example_latest_only_with_trigger.py
[2024-07-12T08:08:15.363+0000] {logging_mixin.py:188} INFO - [2024-07-12T08:08:15.362+0000] {dag.py:3096} INFO - Sync 1 DAGs
[2024-07-12T08:08:15.378+0000] {logging_mixin.py:188} INFO - [2024-07-12T08:08:15.378+0000] {dag.py:3954} INFO - Setting next_dagrun for latest_only_with_trigger to 2024-07-12 04:00:00+00:00, run_after=2024-07-12 08:00:00+00:00
[2024-07-12T08:08:15.395+0000] {processor.py:183} INFO - Processing /home/airflow/.local/lib/python3.12/site-packages/airflow/example_dags/example_latest_only_with_trigger.py took 0.052 seconds
[2024-07-12T08:08:46.352+0000] {processor.py:161} INFO - Started process (PID=144) to work on /home/airflow/.local/lib/python3.12/site-packages/airflow/example_dags/example_latest_only_with_trigger.py
[2024-07-12T08:08:46.353+0000] {processor.py:830} INFO - Processing file /home/airflow/.local/lib/python3.12/site-packages/airflow/example_dags/example_latest_only_with_trigger.py for tasks to queue
[2024-07-12T08:08:46.355+0000] {logging_mixin.py:188} INFO - [2024-07-12T08:08:46.355+0000] {dagbag.py:545} INFO - Filling up the DagBag from /home/airflow/.local/lib/python3.12/site-packages/airflow/example_dags/example_latest_only_with_trigger.py
[2024-07-12T08:08:46.359+0000] {processor.py:840} INFO - DAG(s) 'latest_only_with_trigger' retrieved from /home/airflow/.local/lib/python3.12/site-packages/airflow/example_dags/example_latest_only_with_trigger.py
[2024-07-12T08:08:46.423+0000] {logging_mixin.py:188} INFO - [2024-07-12T08:08:46.422+0000] {dag.py:3096} INFO - Sync 1 DAGs
[2024-07-12T08:08:46.436+0000] {logging_mixin.py:188} INFO - [2024-07-12T08:08:46.435+0000] {dag.py:3954} INFO - Setting next_dagrun for latest_only_with_trigger to 2024-07-12 04:00:00+00:00, run_after=2024-07-12 08:00:00+00:00
[2024-07-12T08:08:46.449+0000] {processor.py:183} INFO - Processing /home/airflow/.local/lib/python3.12/site-packages/airflow/example_dags/example_latest_only_with_trigger.py took 0.101 seconds
[2024-07-12T08:09:16.619+0000] {processor.py:161} INFO - Started process (PID=202) to work on /home/airflow/.local/lib/python3.12/site-packages/airflow/example_dags/example_latest_only_with_trigger.py
[2024-07-12T08:09:16.619+0000] {processor.py:830} INFO - Processing file /home/airflow/.local/lib/python3.12/site-packages/airflow/example_dags/example_latest_only_with_trigger.py for tasks to queue
[2024-07-12T08:09:16.620+0000] {logging_mixin.py:188} INFO - [2024-07-12T08:09:16.620+0000] {dagbag.py:545} INFO - Filling up the DagBag from /home/airflow/.local/lib/python3.12/site-packages/airflow/example_dags/example_latest_only_with_trigger.py
[2024-07-12T08:09:16.624+0000] {processor.py:840} INFO - DAG(s) 'latest_only_with_trigger' retrieved from /home/airflow/.local/lib/python3.12/site-packages/airflow/example_dags/example_latest_only_with_trigger.py
[2024-07-12T08:09:16.636+0000] {logging_mixin.py:188} INFO - [2024-07-12T08:09:16.636+0000] {dag.py:3096} INFO - Sync 1 DAGs
[2024-07-12T08:09:16.650+0000] {logging_mixin.py:188} INFO - [2024-07-12T08:09:16.649+0000] {dag.py:3954} INFO - Setting next_dagrun for latest_only_with_trigger to 2024-07-12 04:00:00+00:00, run_after=2024-07-12 08:00:00+00:00
[2024-07-12T08:09:16.663+0000] {processor.py:183} INFO - Processing /home/airflow/.local/lib/python3.12/site-packages/airflow/example_dags/example_latest_only_with_trigger.py took 0.048 seconds
[2024-07-12T08:09:46.951+0000] {processor.py:161} INFO - Started process (PID=260) to work on /home/airflow/.local/lib/python3.12/site-packages/airflow/example_dags/example_latest_only_with_trigger.py
[2024-07-12T08:09:46.952+0000] {processor.py:830} INFO - Processing file /home/airflow/.local/lib/python3.12/site-packages/airflow/example_dags/example_latest_only_with_trigger.py for tasks to queue
[2024-07-12T08:09:46.953+0000] {logging_mixin.py:188} INFO - [2024-07-12T08:09:46.953+0000] {dagbag.py:545} INFO - Filling up the DagBag from /home/airflow/.local/lib/python3.12/site-packages/airflow/example_dags/example_latest_only_with_trigger.py
[2024-07-12T08:09:46.957+0000] {processor.py:840} INFO - DAG(s) 'latest_only_with_trigger' retrieved from /home/airflow/.local/lib/python3.12/site-packages/airflow/example_dags/example_latest_only_with_trigger.py
[2024-07-12T08:09:46.969+0000] {logging_mixin.py:188} INFO - [2024-07-12T08:09:46.968+0000] {dag.py:3096} INFO - Sync 1 DAGs
[2024-07-12T08:09:46.982+0000] {logging_mixin.py:188} INFO - [2024-07-12T08:09:46.982+0000] {dag.py:3954} INFO - Setting next_dagrun for latest_only_with_trigger to 2024-07-12 04:00:00+00:00, run_after=2024-07-12 08:00:00+00:00
[2024-07-12T08:09:46.996+0000] {processor.py:183} INFO - Processing /home/airflow/.local/lib/python3.12/site-packages/airflow/example_dags/example_latest_only_with_trigger.py took 0.049 seconds
[2024-07-12T08:10:17.100+0000] {processor.py:161} INFO - Started process (PID=318) to work on /home/airflow/.local/lib/python3.12/site-packages/airflow/example_dags/example_latest_only_with_trigger.py
[2024-07-12T08:10:17.101+0000] {processor.py:830} INFO - Processing file /home/airflow/.local/lib/python3.12/site-packages/airflow/example_dags/example_latest_only_with_trigger.py for tasks to queue
[2024-07-12T08:10:17.102+0000] {logging_mixin.py:188} INFO - [2024-07-12T08:10:17.102+0000] {dagbag.py:545} INFO - Filling up the DagBag from /home/airflow/.local/lib/python3.12/site-packages/airflow/example_dags/example_latest_only_with_trigger.py
[2024-07-12T08:10:17.105+0000] {processor.py:840} INFO - DAG(s) 'latest_only_with_trigger' retrieved from /home/airflow/.local/lib/python3.12/site-packages/airflow/example_dags/example_latest_only_with_trigger.py
[2024-07-12T08:10:17.116+0000] {logging_mixin.py:188} INFO - [2024-07-12T08:10:17.116+0000] {dag.py:3096} INFO - Sync 1 DAGs
[2024-07-12T08:10:17.129+0000] {logging_mixin.py:188} INFO - [2024-07-12T08:10:17.129+0000] {dag.py:3954} INFO - Setting next_dagrun for latest_only_with_trigger to 2024-07-12 04:00:00+00:00, run_after=2024-07-12 08:00:00+00:00
[2024-07-12T08:10:17.142+0000] {processor.py:183} INFO - Processing /home/airflow/.local/lib/python3.12/site-packages/airflow/example_dags/example_latest_only_with_trigger.py took 0.046 seconds
[2024-07-12T08:10:47.282+0000] {processor.py:161} INFO - Started process (PID=376) to work on /home/airflow/.local/lib/python3.12/site-packages/airflow/example_dags/example_latest_only_with_trigger.py
[2024-07-12T08:10:47.282+0000] {processor.py:830} INFO - Processing file /home/airflow/.local/lib/python3.12/site-packages/airflow/example_dags/example_latest_only_with_trigger.py for tasks to queue
[2024-07-12T08:10:47.284+0000] {logging_mixin.py:188} INFO - [2024-07-12T08:10:47.283+0000] {dagbag.py:545} INFO - Filling up the DagBag from /home/airflow/.local/lib/python3.12/site-packages/airflow/example_dags/example_latest_only_with_trigger.py
[2024-07-12T08:10:47.287+0000] {processor.py:840} INFO - DAG(s) 'latest_only_with_trigger' retrieved from /home/airflow/.local/lib/python3.12/site-packages/airflow/example_dags/example_latest_only_with_trigger.py
[2024-07-12T08:10:47.299+0000] {logging_mixin.py:188} INFO - [2024-07-12T08:10:47.299+0000] {dag.py:3096} INFO - Sync 1 DAGs
[2024-07-12T08:10:47.313+0000] {logging_mixin.py:188} INFO - [2024-07-12T08:10:47.312+0000] {dag.py:3954} INFO - Setting next_dagrun for latest_only_with_trigger to 2024-07-12 04:00:00+00:00, run_after=2024-07-12 08:00:00+00:00
[2024-07-12T08:10:47.326+0000] {processor.py:183} INFO - Processing /home/airflow/.local/lib/python3.12/site-packages/airflow/example_dags/example_latest_only_with_trigger.py took 0.048 seconds
[2024-07-12T08:11:17.372+0000] {processor.py:161} INFO - Started process (PID=434) to work on /home/airflow/.local/lib/python3.12/site-packages/airflow/example_dags/example_latest_only_with_trigger.py
[2024-07-12T08:11:17.373+0000] {processor.py:830} INFO - Processing file /home/airflow/.local/lib/python3.12/site-packages/airflow/example_dags/example_latest_only_with_trigger.py for tasks to queue
[2024-07-12T08:11:17.375+0000] {logging_mixin.py:188} INFO - [2024-07-12T08:11:17.374+0000] {dagbag.py:545} INFO - Filling up the DagBag from /home/airflow/.local/lib/python3.12/site-packages/airflow/example_dags/example_latest_only_with_trigger.py
[2024-07-12T08:11:17.378+0000] {processor.py:840} INFO - DAG(s) 'latest_only_with_trigger' retrieved from /home/airflow/.local/lib/python3.12/site-packages/airflow/example_dags/example_latest_only_with_trigger.py
[2024-07-12T08:11:17.391+0000] {logging_mixin.py:188} INFO - [2024-07-12T08:11:17.390+0000] {dag.py:3096} INFO - Sync 1 DAGs
[2024-07-12T08:11:17.404+0000] {logging_mixin.py:188} INFO - [2024-07-12T08:11:17.404+0000] {dag.py:3954} INFO - Setting next_dagrun for latest_only_with_trigger to 2024-07-12 04:00:00+00:00, run_after=2024-07-12 08:00:00+00:00
[2024-07-12T08:11:17.422+0000] {processor.py:183} INFO - Processing /home/airflow/.local/lib/python3.12/site-packages/airflow/example_dags/example_latest_only_with_trigger.py took 0.053 seconds
[2024-07-12T08:11:47.526+0000] {processor.py:161} INFO - Started process (PID=492) to work on /home/airflow/.local/lib/python3.12/site-packages/airflow/example_dags/example_latest_only_with_trigger.py
[2024-07-12T08:11:47.527+0000] {processor.py:830} INFO - Processing file /home/airflow/.local/lib/python3.12/site-packages/airflow/example_dags/example_latest_only_with_trigger.py for tasks to queue
[2024-07-12T08:11:47.529+0000] {logging_mixin.py:188} INFO - [2024-07-12T08:11:47.528+0000] {dagbag.py:545} INFO - Filling up the DagBag from /home/airflow/.local/lib/python3.12/site-packages/airflow/example_dags/example_latest_only_with_trigger.py
[2024-07-12T08:11:47.533+0000] {processor.py:840} INFO - DAG(s) 'latest_only_with_trigger' retrieved from /home/airflow/.local/lib/python3.12/site-packages/airflow/example_dags/example_latest_only_with_trigger.py
[2024-07-12T08:11:47.545+0000] {logging_mixin.py:188} INFO - [2024-07-12T08:11:47.544+0000] {dag.py:3096} INFO - Sync 1 DAGs
[2024-07-12T08:11:47.559+0000] {logging_mixin.py:188} INFO - [2024-07-12T08:11:47.559+0000] {dag.py:3954} INFO - Setting next_dagrun for latest_only_with_trigger to 2024-07-12 04:00:00+00:00, run_after=2024-07-12 08:00:00+00:00
[2024-07-12T08:11:47.573+0000] {processor.py:183} INFO - Processing /home/airflow/.local/lib/python3.12/site-packages/airflow/example_dags/example_latest_only_with_trigger.py took 0.050 seconds
[2024-07-12T08:12:18.569+0000] {processor.py:161} INFO - Started process (PID=550) to work on /home/airflow/.local/lib/python3.12/site-packages/airflow/example_dags/example_latest_only_with_trigger.py
[2024-07-12T08:12:18.570+0000] {processor.py:830} INFO - Processing file /home/airflow/.local/lib/python3.12/site-packages/airflow/example_dags/example_latest_only_with_trigger.py for tasks to queue
[2024-07-12T08:12:18.571+0000] {logging_mixin.py:188} INFO - [2024-07-12T08:12:18.571+0000] {dagbag.py:545} INFO - Filling up the DagBag from /home/airflow/.local/lib/python3.12/site-packages/airflow/example_dags/example_latest_only_with_trigger.py
[2024-07-12T08:12:18.575+0000] {processor.py:840} INFO - DAG(s) 'latest_only_with_trigger' retrieved from /home/airflow/.local/lib/python3.12/site-packages/airflow/example_dags/example_latest_only_with_trigger.py
[2024-07-12T08:12:18.587+0000] {logging_mixin.py:188} INFO - [2024-07-12T08:12:18.587+0000] {dag.py:3096} INFO - Sync 1 DAGs
[2024-07-12T08:12:18.600+0000] {logging_mixin.py:188} INFO - [2024-07-12T08:12:18.600+0000] {dag.py:3954} INFO - Setting next_dagrun for latest_only_with_trigger to 2024-07-12 04:00:00+00:00, run_after=2024-07-12 08:00:00+00:00
[2024-07-12T08:12:18.614+0000] {processor.py:183} INFO - Processing /home/airflow/.local/lib/python3.12/site-packages/airflow/example_dags/example_latest_only_with_trigger.py took 0.050 seconds
[2024-07-12T08:12:48.763+0000] {processor.py:161} INFO - Started process (PID=608) to work on /home/airflow/.local/lib/python3.12/site-packages/airflow/example_dags/example_latest_only_with_trigger.py
[2024-07-12T08:12:48.763+0000] {processor.py:830} INFO - Processing file /home/airflow/.local/lib/python3.12/site-packages/airflow/example_dags/example_latest_only_with_trigger.py for tasks to queue
[2024-07-12T08:12:48.765+0000] {logging_mixin.py:188} INFO - [2024-07-12T08:12:48.765+0000] {dagbag.py:545} INFO - Filling up the DagBag from /home/airflow/.local/lib/python3.12/site-packages/airflow/example_dags/example_latest_only_with_trigger.py
[2024-07-12T08:12:48.769+0000] {processor.py:840} INFO - DAG(s) 'latest_only_with_trigger' retrieved from /home/airflow/.local/lib/python3.12/site-packages/airflow/example_dags/example_latest_only_with_trigger.py
[2024-07-12T08:12:48.781+0000] {logging_mixin.py:188} INFO - [2024-07-12T08:12:48.781+0000] {dag.py:3096} INFO - Sync 1 DAGs
[2024-07-12T08:12:48.795+0000] {logging_mixin.py:188} INFO - [2024-07-12T08:12:48.794+0000] {dag.py:3954} INFO - Setting next_dagrun for latest_only_with_trigger to 2024-07-12 04:00:00+00:00, run_after=2024-07-12 08:00:00+00:00
[2024-07-12T08:12:48.810+0000] {processor.py:183} INFO - Processing /home/airflow/.local/lib/python3.12/site-packages/airflow/example_dags/example_latest_only_with_trigger.py took 0.051 seconds
[2024-07-12T08:13:19.287+0000] {processor.py:161} INFO - Started process (PID=666) to work on /home/airflow/.local/lib/python3.12/site-packages/airflow/example_dags/example_latest_only_with_trigger.py
[2024-07-12T08:13:19.288+0000] {processor.py:830} INFO - Processing file /home/airflow/.local/lib/python3.12/site-packages/airflow/example_dags/example_latest_only_with_trigger.py for tasks to queue
[2024-07-12T08:13:19.289+0000] {logging_mixin.py:188} INFO - [2024-07-12T08:13:19.289+0000] {dagbag.py:545} INFO - Filling up the DagBag from /home/airflow/.local/lib/python3.12/site-packages/airflow/example_dags/example_latest_only_with_trigger.py
[2024-07-12T08:13:19.294+0000] {processor.py:840} INFO - DAG(s) 'latest_only_with_trigger' retrieved from /home/airflow/.local/lib/python3.12/site-packages/airflow/example_dags/example_latest_only_with_trigger.py
[2024-07-12T08:13:19.306+0000] {logging_mixin.py:188} INFO - [2024-07-12T08:13:19.305+0000] {dag.py:3096} INFO - Sync 1 DAGs
[2024-07-12T08:13:19.320+0000] {logging_mixin.py:188} INFO - [2024-07-12T08:13:19.319+0000] {dag.py:3954} INFO - Setting next_dagrun for latest_only_with_trigger to 2024-07-12 04:00:00+00:00, run_after=2024-07-12 08:00:00+00:00
[2024-07-12T08:13:19.334+0000] {processor.py:183} INFO - Processing /home/airflow/.local/lib/python3.12/site-packages/airflow/example_dags/example_latest_only_with_trigger.py took 0.050 seconds
[2024-07-12T08:13:49.736+0000] {processor.py:161} INFO - Started process (PID=724) to work on /home/airflow/.local/lib/python3.12/site-packages/airflow/example_dags/example_latest_only_with_trigger.py
[2024-07-12T08:13:49.737+0000] {processor.py:830} INFO - Processing file /home/airflow/.local/lib/python3.12/site-packages/airflow/example_dags/example_latest_only_with_trigger.py for tasks to queue
[2024-07-12T08:13:49.739+0000] {logging_mixin.py:188} INFO - [2024-07-12T08:13:49.739+0000] {dagbag.py:545} INFO - Filling up the DagBag from /home/airflow/.local/lib/python3.12/site-packages/airflow/example_dags/example_latest_only_with_trigger.py
[2024-07-12T08:13:49.743+0000] {processor.py:840} INFO - DAG(s) 'latest_only_with_trigger' retrieved from /home/airflow/.local/lib/python3.12/site-packages/airflow/example_dags/example_latest_only_with_trigger.py
[2024-07-12T08:13:49.754+0000] {logging_mixin.py:188} INFO - [2024-07-12T08:13:49.754+0000] {dag.py:3096} INFO - Sync 1 DAGs
[2024-07-12T08:13:49.768+0000] {logging_mixin.py:188} INFO - [2024-07-12T08:13:49.768+0000] {dag.py:3954} INFO - Setting next_dagrun for latest_only_with_trigger to 2024-07-12 04:00:00+00:00, run_after=2024-07-12 08:00:00+00:00
[2024-07-12T08:13:49.781+0000] {processor.py:183} INFO - Processing /home/airflow/.local/lib/python3.12/site-packages/airflow/example_dags/example_latest_only_with_trigger.py took 0.048 seconds
[2024-07-12T08:14:19.976+0000] {processor.py:161} INFO - Started process (PID=783) to work on /home/airflow/.local/lib/python3.12/site-packages/airflow/example_dags/example_latest_only_with_trigger.py
[2024-07-12T08:14:19.977+0000] {processor.py:830} INFO - Processing file /home/airflow/.local/lib/python3.12/site-packages/airflow/example_dags/example_latest_only_with_trigger.py for tasks to queue
[2024-07-12T08:14:19.978+0000] {logging_mixin.py:188} INFO - [2024-07-12T08:14:19.978+0000] {dagbag.py:545} INFO - Filling up the DagBag from /home/airflow/.local/lib/python3.12/site-packages/airflow/example_dags/example_latest_only_with_trigger.py
[2024-07-12T08:14:19.982+0000] {processor.py:840} INFO - DAG(s) 'latest_only_with_trigger' retrieved from /home/airflow/.local/lib/python3.12/site-packages/airflow/example_dags/example_latest_only_with_trigger.py
[2024-07-12T08:14:19.996+0000] {logging_mixin.py:188} INFO - [2024-07-12T08:14:19.996+0000] {dag.py:3096} INFO - Sync 1 DAGs
[2024-07-12T08:14:20.010+0000] {logging_mixin.py:188} INFO - [2024-07-12T08:14:20.010+0000] {dag.py:3954} INFO - Setting next_dagrun for latest_only_with_trigger to 2024-07-12 04:00:00+00:00, run_after=2024-07-12 08:00:00+00:00
[2024-07-12T08:14:20.025+0000] {processor.py:183} INFO - Processing /home/airflow/.local/lib/python3.12/site-packages/airflow/example_dags/example_latest_only_with_trigger.py took 0.054 seconds
[2024-07-12T08:14:50.156+0000] {processor.py:161} INFO - Started process (PID=841) to work on /home/airflow/.local/lib/python3.12/site-packages/airflow/example_dags/example_latest_only_with_trigger.py
[2024-07-12T08:14:50.157+0000] {processor.py:830} INFO - Processing file /home/airflow/.local/lib/python3.12/site-packages/airflow/example_dags/example_latest_only_with_trigger.py for tasks to queue
[2024-07-12T08:14:50.159+0000] {logging_mixin.py:188} INFO - [2024-07-12T08:14:50.158+0000] {dagbag.py:545} INFO - Filling up the DagBag from /home/airflow/.local/lib/python3.12/site-packages/airflow/example_dags/example_latest_only_with_trigger.py
[2024-07-12T08:14:50.162+0000] {processor.py:840} INFO - DAG(s) 'latest_only_with_trigger' retrieved from /home/airflow/.local/lib/python3.12/site-packages/airflow/example_dags/example_latest_only_with_trigger.py
[2024-07-12T08:14:50.174+0000] {logging_mixin.py:188} INFO - [2024-07-12T08:14:50.173+0000] {dag.py:3096} INFO - Sync 1 DAGs
[2024-07-12T08:14:50.187+0000] {logging_mixin.py:188} INFO - [2024-07-12T08:14:50.187+0000] {dag.py:3954} INFO - Setting next_dagrun for latest_only_with_trigger to 2024-07-12 04:00:00+00:00, run_after=2024-07-12 08:00:00+00:00
[2024-07-12T08:14:50.200+0000] {processor.py:183} INFO - Processing /home/airflow/.local/lib/python3.12/site-packages/airflow/example_dags/example_latest_only_with_trigger.py took 0.047 seconds
[2024-07-12T08:15:20.325+0000] {processor.py:161} INFO - Started process (PID=899) to work on /home/airflow/.local/lib/python3.12/site-packages/airflow/example_dags/example_latest_only_with_trigger.py
[2024-07-12T08:15:20.327+0000] {processor.py:830} INFO - Processing file /home/airflow/.local/lib/python3.12/site-packages/airflow/example_dags/example_latest_only_with_trigger.py for tasks to queue
[2024-07-12T08:15:20.328+0000] {logging_mixin.py:188} INFO - [2024-07-12T08:15:20.328+0000] {dagbag.py:545} INFO - Filling up the DagBag from /home/airflow/.local/lib/python3.12/site-packages/airflow/example_dags/example_latest_only_with_trigger.py
[2024-07-12T08:15:20.332+0000] {processor.py:840} INFO - DAG(s) 'latest_only_with_trigger' retrieved from /home/airflow/.local/lib/python3.12/site-packages/airflow/example_dags/example_latest_only_with_trigger.py
[2024-07-12T08:15:20.344+0000] {logging_mixin.py:188} INFO - [2024-07-12T08:15:20.344+0000] {dag.py:3096} INFO - Sync 1 DAGs
[2024-07-12T08:15:20.359+0000] {logging_mixin.py:188} INFO - [2024-07-12T08:15:20.359+0000] {dag.py:3954} INFO - Setting next_dagrun for latest_only_with_trigger to 2024-07-12 04:00:00+00:00, run_after=2024-07-12 08:00:00+00:00
[2024-07-12T08:15:20.374+0000] {processor.py:183} INFO - Processing /home/airflow/.local/lib/python3.12/site-packages/airflow/example_dags/example_latest_only_with_trigger.py took 0.053 seconds
[2024-07-12T08:15:50.531+0000] {processor.py:161} INFO - Started process (PID=957) to work on /home/airflow/.local/lib/python3.12/site-packages/airflow/example_dags/example_latest_only_with_trigger.py
[2024-07-12T08:15:50.532+0000] {processor.py:830} INFO - Processing file /home/airflow/.local/lib/python3.12/site-packages/airflow/example_dags/example_latest_only_with_trigger.py for tasks to queue
[2024-07-12T08:15:50.533+0000] {logging_mixin.py:188} INFO - [2024-07-12T08:15:50.533+0000] {dagbag.py:545} INFO - Filling up the DagBag from /home/airflow/.local/lib/python3.12/site-packages/airflow/example_dags/example_latest_only_with_trigger.py
[2024-07-12T08:15:50.537+0000] {processor.py:840} INFO - DAG(s) 'latest_only_with_trigger' retrieved from /home/airflow/.local/lib/python3.12/site-packages/airflow/example_dags/example_latest_only_with_trigger.py
[2024-07-12T08:15:50.549+0000] {logging_mixin.py:188} INFO - [2024-07-12T08:15:50.548+0000] {dag.py:3096} INFO - Sync 1 DAGs
[2024-07-12T08:15:50.562+0000] {logging_mixin.py:188} INFO - [2024-07-12T08:15:50.562+0000] {dag.py:3954} INFO - Setting next_dagrun for latest_only_with_trigger to 2024-07-12 04:00:00+00:00, run_after=2024-07-12 08:00:00+00:00
[2024-07-12T08:15:50.574+0000] {processor.py:183} INFO - Processing /home/airflow/.local/lib/python3.12/site-packages/airflow/example_dags/example_latest_only_with_trigger.py took 0.047 seconds
[2024-07-12T08:16:21.533+0000] {processor.py:161} INFO - Started process (PID=1015) to work on /home/airflow/.local/lib/python3.12/site-packages/airflow/example_dags/example_latest_only_with_trigger.py
[2024-07-12T08:16:21.534+0000] {processor.py:830} INFO - Processing file /home/airflow/.local/lib/python3.12/site-packages/airflow/example_dags/example_latest_only_with_trigger.py for tasks to queue
[2024-07-12T08:16:21.535+0000] {logging_mixin.py:188} INFO - [2024-07-12T08:16:21.535+0000] {dagbag.py:545} INFO - Filling up the DagBag from /home/airflow/.local/lib/python3.12/site-packages/airflow/example_dags/example_latest_only_with_trigger.py
[2024-07-12T08:16:21.539+0000] {processor.py:840} INFO - DAG(s) 'latest_only_with_trigger' retrieved from /home/airflow/.local/lib/python3.12/site-packages/airflow/example_dags/example_latest_only_with_trigger.py
[2024-07-12T08:16:21.552+0000] {logging_mixin.py:188} INFO - [2024-07-12T08:16:21.552+0000] {dag.py:3096} INFO - Sync 1 DAGs
[2024-07-12T08:16:21.565+0000] {logging_mixin.py:188} INFO - [2024-07-12T08:16:21.565+0000] {dag.py:3954} INFO - Setting next_dagrun for latest_only_with_trigger to 2024-07-12 04:00:00+00:00, run_after=2024-07-12 08:00:00+00:00
[2024-07-12T08:16:21.578+0000] {processor.py:183} INFO - Processing /home/airflow/.local/lib/python3.12/site-packages/airflow/example_dags/example_latest_only_with_trigger.py took 0.049 seconds
[2024-07-12T08:16:51.825+0000] {processor.py:161} INFO - Started process (PID=1073) to work on /home/airflow/.local/lib/python3.12/site-packages/airflow/example_dags/example_latest_only_with_trigger.py
[2024-07-12T08:16:51.825+0000] {processor.py:830} INFO - Processing file /home/airflow/.local/lib/python3.12/site-packages/airflow/example_dags/example_latest_only_with_trigger.py for tasks to queue
[2024-07-12T08:16:51.827+0000] {logging_mixin.py:188} INFO - [2024-07-12T08:16:51.827+0000] {dagbag.py:545} INFO - Filling up the DagBag from /home/airflow/.local/lib/python3.12/site-packages/airflow/example_dags/example_latest_only_with_trigger.py
[2024-07-12T08:16:51.831+0000] {processor.py:840} INFO - DAG(s) 'latest_only_with_trigger' retrieved from /home/airflow/.local/lib/python3.12/site-packages/airflow/example_dags/example_latest_only_with_trigger.py
[2024-07-12T08:16:51.843+0000] {logging_mixin.py:188} INFO - [2024-07-12T08:16:51.843+0000] {dag.py:3096} INFO - Sync 1 DAGs
[2024-07-12T08:16:51.856+0000] {logging_mixin.py:188} INFO - [2024-07-12T08:16:51.856+0000] {dag.py:3954} INFO - Setting next_dagrun for latest_only_with_trigger to 2024-07-12 04:00:00+00:00, run_after=2024-07-12 08:00:00+00:00
[2024-07-12T08:16:51.873+0000] {processor.py:183} INFO - Processing /home/airflow/.local/lib/python3.12/site-packages/airflow/example_dags/example_latest_only_with_trigger.py took 0.052 seconds
[2024-07-12T08:17:22.090+0000] {processor.py:161} INFO - Started process (PID=1131) to work on /home/airflow/.local/lib/python3.12/site-packages/airflow/example_dags/example_latest_only_with_trigger.py
[2024-07-12T08:17:22.091+0000] {processor.py:830} INFO - Processing file /home/airflow/.local/lib/python3.12/site-packages/airflow/example_dags/example_latest_only_with_trigger.py for tasks to queue
[2024-07-12T08:17:22.092+0000] {logging_mixin.py:188} INFO - [2024-07-12T08:17:22.092+0000] {dagbag.py:545} INFO - Filling up the DagBag from /home/airflow/.local/lib/python3.12/site-packages/airflow/example_dags/example_latest_only_with_trigger.py
[2024-07-12T08:17:22.096+0000] {processor.py:840} INFO - DAG(s) 'latest_only_with_trigger' retrieved from /home/airflow/.local/lib/python3.12/site-packages/airflow/example_dags/example_latest_only_with_trigger.py
[2024-07-12T08:17:22.107+0000] {logging_mixin.py:188} INFO - [2024-07-12T08:17:22.107+0000] {dag.py:3096} INFO - Sync 1 DAGs
[2024-07-12T08:17:22.119+0000] {logging_mixin.py:188} INFO - [2024-07-12T08:17:22.119+0000] {dag.py:3954} INFO - Setting next_dagrun for latest_only_with_trigger to 2024-07-12 04:00:00+00:00, run_after=2024-07-12 08:00:00+00:00
[2024-07-12T08:17:22.133+0000] {processor.py:183} INFO - Processing /home/airflow/.local/lib/python3.12/site-packages/airflow/example_dags/example_latest_only_with_trigger.py took 0.046 seconds
[2024-07-12T08:17:52.385+0000] {processor.py:161} INFO - Started process (PID=1189) to work on /home/airflow/.local/lib/python3.12/site-packages/airflow/example_dags/example_latest_only_with_trigger.py
[2024-07-12T08:17:52.386+0000] {processor.py:830} INFO - Processing file /home/airflow/.local/lib/python3.12/site-packages/airflow/example_dags/example_latest_only_with_trigger.py for tasks to queue
[2024-07-12T08:17:52.387+0000] {logging_mixin.py:188} INFO - [2024-07-12T08:17:52.387+0000] {dagbag.py:545} INFO - Filling up the DagBag from /home/airflow/.local/lib/python3.12/site-packages/airflow/example_dags/example_latest_only_with_trigger.py
[2024-07-12T08:17:52.391+0000] {processor.py:840} INFO - DAG(s) 'latest_only_with_trigger' retrieved from /home/airflow/.local/lib/python3.12/site-packages/airflow/example_dags/example_latest_only_with_trigger.py
[2024-07-12T08:17:52.403+0000] {logging_mixin.py:188} INFO - [2024-07-12T08:17:52.402+0000] {dag.py:3096} INFO - Sync 1 DAGs
[2024-07-12T08:17:52.416+0000] {logging_mixin.py:188} INFO - [2024-07-12T08:17:52.415+0000] {dag.py:3954} INFO - Setting next_dagrun for latest_only_with_trigger to 2024-07-12 04:00:00+00:00, run_after=2024-07-12 08:00:00+00:00
[2024-07-12T08:17:52.429+0000] {processor.py:183} INFO - Processing /home/airflow/.local/lib/python3.12/site-packages/airflow/example_dags/example_latest_only_with_trigger.py took 0.048 seconds
[2024-07-12T08:18:22.692+0000] {processor.py:161} INFO - Started process (PID=1247) to work on /home/airflow/.local/lib/python3.12/site-packages/airflow/example_dags/example_latest_only_with_trigger.py
[2024-07-12T08:18:22.693+0000] {processor.py:830} INFO - Processing file /home/airflow/.local/lib/python3.12/site-packages/airflow/example_dags/example_latest_only_with_trigger.py for tasks to queue
[2024-07-12T08:18:22.695+0000] {logging_mixin.py:188} INFO - [2024-07-12T08:18:22.694+0000] {dagbag.py:545} INFO - Filling up the DagBag from /home/airflow/.local/lib/python3.12/site-packages/airflow/example_dags/example_latest_only_with_trigger.py
[2024-07-12T08:18:22.698+0000] {processor.py:840} INFO - DAG(s) 'latest_only_with_trigger' retrieved from /home/airflow/.local/lib/python3.12/site-packages/airflow/example_dags/example_latest_only_with_trigger.py
[2024-07-12T08:18:22.710+0000] {logging_mixin.py:188} INFO - [2024-07-12T08:18:22.709+0000] {dag.py:3096} INFO - Sync 1 DAGs
[2024-07-12T08:18:22.722+0000] {logging_mixin.py:188} INFO - [2024-07-12T08:18:22.722+0000] {dag.py:3954} INFO - Setting next_dagrun for latest_only_with_trigger to 2024-07-12 04:00:00+00:00, run_after=2024-07-12 08:00:00+00:00
[2024-07-12T08:18:22.735+0000] {processor.py:183} INFO - Processing /home/airflow/.local/lib/python3.12/site-packages/airflow/example_dags/example_latest_only_with_trigger.py took 0.047 seconds
[2024-07-12T08:18:52.962+0000] {processor.py:161} INFO - Started process (PID=1305) to work on /home/airflow/.local/lib/python3.12/site-packages/airflow/example_dags/example_latest_only_with_trigger.py
[2024-07-12T08:18:52.963+0000] {processor.py:830} INFO - Processing file /home/airflow/.local/lib/python3.12/site-packages/airflow/example_dags/example_latest_only_with_trigger.py for tasks to queue
[2024-07-12T08:18:52.964+0000] {logging_mixin.py:188} INFO - [2024-07-12T08:18:52.964+0000] {dagbag.py:545} INFO - Filling up the DagBag from /home/airflow/.local/lib/python3.12/site-packages/airflow/example_dags/example_latest_only_with_trigger.py
[2024-07-12T08:18:52.968+0000] {processor.py:840} INFO - DAG(s) 'latest_only_with_trigger' retrieved from /home/airflow/.local/lib/python3.12/site-packages/airflow/example_dags/example_latest_only_with_trigger.py
[2024-07-12T08:18:52.979+0000] {logging_mixin.py:188} INFO - [2024-07-12T08:18:52.979+0000] {dag.py:3096} INFO - Sync 1 DAGs
[2024-07-12T08:18:52.992+0000] {logging_mixin.py:188} INFO - [2024-07-12T08:18:52.992+0000] {dag.py:3954} INFO - Setting next_dagrun for latest_only_with_trigger to 2024-07-12 04:00:00+00:00, run_after=2024-07-12 08:00:00+00:00
[2024-07-12T08:18:53.007+0000] {processor.py:183} INFO - Processing /home/airflow/.local/lib/python3.12/site-packages/airflow/example_dags/example_latest_only_with_trigger.py took 0.048 seconds
[2024-07-12T08:19:23.339+0000] {processor.py:161} INFO - Started process (PID=1363) to work on /home/airflow/.local/lib/python3.12/site-packages/airflow/example_dags/example_latest_only_with_trigger.py
[2024-07-12T08:19:23.340+0000] {processor.py:830} INFO - Processing file /home/airflow/.local/lib/python3.12/site-packages/airflow/example_dags/example_latest_only_with_trigger.py for tasks to queue
[2024-07-12T08:19:23.341+0000] {logging_mixin.py:188} INFO - [2024-07-12T08:19:23.341+0000] {dagbag.py:545} INFO - Filling up the DagBag from /home/airflow/.local/lib/python3.12/site-packages/airflow/example_dags/example_latest_only_with_trigger.py
[2024-07-12T08:19:23.345+0000] {processor.py:840} INFO - DAG(s) 'latest_only_with_trigger' retrieved from /home/airflow/.local/lib/python3.12/site-packages/airflow/example_dags/example_latest_only_with_trigger.py
[2024-07-12T08:19:23.358+0000] {logging_mixin.py:188} INFO - [2024-07-12T08:19:23.358+0000] {dag.py:3096} INFO - Sync 1 DAGs
[2024-07-12T08:19:23.372+0000] {logging_mixin.py:188} INFO - [2024-07-12T08:19:23.372+0000] {dag.py:3954} INFO - Setting next_dagrun for latest_only_with_trigger to 2024-07-12 04:00:00+00:00, run_after=2024-07-12 08:00:00+00:00
[2024-07-12T08:19:23.386+0000] {processor.py:183} INFO - Processing /home/airflow/.local/lib/python3.12/site-packages/airflow/example_dags/example_latest_only_with_trigger.py took 0.050 seconds
[2024-07-12T08:19:53.515+0000] {processor.py:161} INFO - Started process (PID=1421) to work on /home/airflow/.local/lib/python3.12/site-packages/airflow/example_dags/example_latest_only_with_trigger.py
[2024-07-12T08:19:53.516+0000] {processor.py:830} INFO - Processing file /home/airflow/.local/lib/python3.12/site-packages/airflow/example_dags/example_latest_only_with_trigger.py for tasks to queue
[2024-07-12T08:19:53.517+0000] {logging_mixin.py:188} INFO - [2024-07-12T08:19:53.517+0000] {dagbag.py:545} INFO - Filling up the DagBag from /home/airflow/.local/lib/python3.12/site-packages/airflow/example_dags/example_latest_only_with_trigger.py
[2024-07-12T08:19:53.522+0000] {processor.py:840} INFO - DAG(s) 'latest_only_with_trigger' retrieved from /home/airflow/.local/lib/python3.12/site-packages/airflow/example_dags/example_latest_only_with_trigger.py
[2024-07-12T08:19:53.535+0000] {logging_mixin.py:188} INFO - [2024-07-12T08:19:53.535+0000] {dag.py:3096} INFO - Sync 1 DAGs
[2024-07-12T08:19:53.550+0000] {logging_mixin.py:188} INFO - [2024-07-12T08:19:53.550+0000] {dag.py:3954} INFO - Setting next_dagrun for latest_only_with_trigger to 2024-07-12 04:00:00+00:00, run_after=2024-07-12 08:00:00+00:00
[2024-07-12T08:19:53.564+0000] {processor.py:183} INFO - Processing /home/airflow/.local/lib/python3.12/site-packages/airflow/example_dags/example_latest_only_with_trigger.py took 0.053 seconds
[2024-07-12T08:20:23.686+0000] {processor.py:161} INFO - Started process (PID=1479) to work on /home/airflow/.local/lib/python3.12/site-packages/airflow/example_dags/example_latest_only_with_trigger.py
[2024-07-12T08:20:23.687+0000] {processor.py:830} INFO - Processing file /home/airflow/.local/lib/python3.12/site-packages/airflow/example_dags/example_latest_only_with_trigger.py for tasks to queue
[2024-07-12T08:20:23.688+0000] {logging_mixin.py:188} INFO - [2024-07-12T08:20:23.688+0000] {dagbag.py:545} INFO - Filling up the DagBag from /home/airflow/.local/lib/python3.12/site-packages/airflow/example_dags/example_latest_only_with_trigger.py
[2024-07-12T08:20:23.692+0000] {processor.py:840} INFO - DAG(s) 'latest_only_with_trigger' retrieved from /home/airflow/.local/lib/python3.12/site-packages/airflow/example_dags/example_latest_only_with_trigger.py
[2024-07-12T08:20:23.705+0000] {logging_mixin.py:188} INFO - [2024-07-12T08:20:23.705+0000] {dag.py:3096} INFO - Sync 1 DAGs
[2024-07-12T08:20:23.719+0000] {logging_mixin.py:188} INFO - [2024-07-12T08:20:23.719+0000] {dag.py:3954} INFO - Setting next_dagrun for latest_only_with_trigger to 2024-07-12 04:00:00+00:00, run_after=2024-07-12 08:00:00+00:00
[2024-07-12T08:20:23.734+0000] {processor.py:183} INFO - Processing /home/airflow/.local/lib/python3.12/site-packages/airflow/example_dags/example_latest_only_with_trigger.py took 0.052 seconds
[2024-07-12T08:22:56.259+0000] {processor.py:161} INFO - Started process (PID=82) to work on /home/airflow/.local/lib/python3.12/site-packages/airflow/example_dags/example_latest_only_with_trigger.py
[2024-07-12T08:22:56.260+0000] {processor.py:830} INFO - Processing file /home/airflow/.local/lib/python3.12/site-packages/airflow/example_dags/example_latest_only_with_trigger.py for tasks to queue
[2024-07-12T08:22:56.261+0000] {logging_mixin.py:188} INFO - [2024-07-12T08:22:56.261+0000] {dagbag.py:545} INFO - Filling up the DagBag from /home/airflow/.local/lib/python3.12/site-packages/airflow/example_dags/example_latest_only_with_trigger.py
[2024-07-12T08:22:56.267+0000] {processor.py:840} INFO - DAG(s) 'latest_only_with_trigger' retrieved from /home/airflow/.local/lib/python3.12/site-packages/airflow/example_dags/example_latest_only_with_trigger.py
[2024-07-12T08:22:56.272+0000] {logging_mixin.py:188} INFO - [2024-07-12T08:22:56.272+0000] {dag.py:3096} INFO - Sync 1 DAGs
[2024-07-12T08:22:56.288+0000] {logging_mixin.py:188} INFO - [2024-07-12T08:22:56.288+0000] {dag.py:3954} INFO - Setting next_dagrun for latest_only_with_trigger to 2024-07-12 04:00:00+00:00, run_after=2024-07-12 08:00:00+00:00
[2024-07-12T08:22:56.305+0000] {processor.py:183} INFO - Processing /home/airflow/.local/lib/python3.12/site-packages/airflow/example_dags/example_latest_only_with_trigger.py took 0.050 seconds
[2024-07-12T08:23:27.517+0000] {processor.py:161} INFO - Started process (PID=140) to work on /home/airflow/.local/lib/python3.12/site-packages/airflow/example_dags/example_latest_only_with_trigger.py
[2024-07-12T08:23:27.518+0000] {processor.py:830} INFO - Processing file /home/airflow/.local/lib/python3.12/site-packages/airflow/example_dags/example_latest_only_with_trigger.py for tasks to queue
[2024-07-12T08:23:27.519+0000] {logging_mixin.py:188} INFO - [2024-07-12T08:23:27.519+0000] {dagbag.py:545} INFO - Filling up the DagBag from /home/airflow/.local/lib/python3.12/site-packages/airflow/example_dags/example_latest_only_with_trigger.py
[2024-07-12T08:23:27.523+0000] {processor.py:840} INFO - DAG(s) 'latest_only_with_trigger' retrieved from /home/airflow/.local/lib/python3.12/site-packages/airflow/example_dags/example_latest_only_with_trigger.py
[2024-07-12T08:23:27.585+0000] {logging_mixin.py:188} INFO - [2024-07-12T08:23:27.585+0000] {dag.py:3096} INFO - Sync 1 DAGs
[2024-07-12T08:23:27.598+0000] {logging_mixin.py:188} INFO - [2024-07-12T08:23:27.598+0000] {dag.py:3954} INFO - Setting next_dagrun for latest_only_with_trigger to 2024-07-12 04:00:00+00:00, run_after=2024-07-12 08:00:00+00:00
[2024-07-12T08:23:27.613+0000] {processor.py:183} INFO - Processing /home/airflow/.local/lib/python3.12/site-packages/airflow/example_dags/example_latest_only_with_trigger.py took 0.100 seconds
[2024-07-12T08:23:58.159+0000] {processor.py:161} INFO - Started process (PID=198) to work on /home/airflow/.local/lib/python3.12/site-packages/airflow/example_dags/example_latest_only_with_trigger.py
[2024-07-12T08:23:58.160+0000] {processor.py:830} INFO - Processing file /home/airflow/.local/lib/python3.12/site-packages/airflow/example_dags/example_latest_only_with_trigger.py for tasks to queue
[2024-07-12T08:23:58.161+0000] {logging_mixin.py:188} INFO - [2024-07-12T08:23:58.161+0000] {dagbag.py:545} INFO - Filling up the DagBag from /home/airflow/.local/lib/python3.12/site-packages/airflow/example_dags/example_latest_only_with_trigger.py
[2024-07-12T08:23:58.165+0000] {processor.py:840} INFO - DAG(s) 'latest_only_with_trigger' retrieved from /home/airflow/.local/lib/python3.12/site-packages/airflow/example_dags/example_latest_only_with_trigger.py
[2024-07-12T08:23:58.177+0000] {logging_mixin.py:188} INFO - [2024-07-12T08:23:58.177+0000] {dag.py:3096} INFO - Sync 1 DAGs
[2024-07-12T08:23:58.191+0000] {logging_mixin.py:188} INFO - [2024-07-12T08:23:58.191+0000] {dag.py:3954} INFO - Setting next_dagrun for latest_only_with_trigger to 2024-07-12 04:00:00+00:00, run_after=2024-07-12 08:00:00+00:00
[2024-07-12T08:23:58.205+0000] {processor.py:183} INFO - Processing /home/airflow/.local/lib/python3.12/site-packages/airflow/example_dags/example_latest_only_with_trigger.py took 0.050 seconds
[2024-07-12T08:24:28.506+0000] {processor.py:161} INFO - Started process (PID=256) to work on /home/airflow/.local/lib/python3.12/site-packages/airflow/example_dags/example_latest_only_with_trigger.py
[2024-07-12T08:24:28.507+0000] {processor.py:830} INFO - Processing file /home/airflow/.local/lib/python3.12/site-packages/airflow/example_dags/example_latest_only_with_trigger.py for tasks to queue
[2024-07-12T08:24:28.510+0000] {logging_mixin.py:188} INFO - [2024-07-12T08:24:28.510+0000] {dagbag.py:545} INFO - Filling up the DagBag from /home/airflow/.local/lib/python3.12/site-packages/airflow/example_dags/example_latest_only_with_trigger.py
[2024-07-12T08:24:28.514+0000] {processor.py:840} INFO - DAG(s) 'latest_only_with_trigger' retrieved from /home/airflow/.local/lib/python3.12/site-packages/airflow/example_dags/example_latest_only_with_trigger.py
[2024-07-12T08:24:28.527+0000] {logging_mixin.py:188} INFO - [2024-07-12T08:24:28.526+0000] {dag.py:3096} INFO - Sync 1 DAGs
[2024-07-12T08:24:28.541+0000] {logging_mixin.py:188} INFO - [2024-07-12T08:24:28.541+0000] {dag.py:3954} INFO - Setting next_dagrun for latest_only_with_trigger to 2024-07-12 04:00:00+00:00, run_after=2024-07-12 08:00:00+00:00
[2024-07-12T08:24:28.560+0000] {processor.py:183} INFO - Processing /home/airflow/.local/lib/python3.12/site-packages/airflow/example_dags/example_latest_only_with_trigger.py took 0.058 seconds
[2024-07-12T08:24:58.627+0000] {processor.py:161} INFO - Started process (PID=314) to work on /home/airflow/.local/lib/python3.12/site-packages/airflow/example_dags/example_latest_only_with_trigger.py
[2024-07-12T08:24:58.628+0000] {processor.py:830} INFO - Processing file /home/airflow/.local/lib/python3.12/site-packages/airflow/example_dags/example_latest_only_with_trigger.py for tasks to queue
[2024-07-12T08:24:58.629+0000] {logging_mixin.py:188} INFO - [2024-07-12T08:24:58.629+0000] {dagbag.py:545} INFO - Filling up the DagBag from /home/airflow/.local/lib/python3.12/site-packages/airflow/example_dags/example_latest_only_with_trigger.py
[2024-07-12T08:24:58.634+0000] {processor.py:840} INFO - DAG(s) 'latest_only_with_trigger' retrieved from /home/airflow/.local/lib/python3.12/site-packages/airflow/example_dags/example_latest_only_with_trigger.py
[2024-07-12T08:24:58.646+0000] {logging_mixin.py:188} INFO - [2024-07-12T08:24:58.645+0000] {dag.py:3096} INFO - Sync 1 DAGs
[2024-07-12T08:24:58.659+0000] {logging_mixin.py:188} INFO - [2024-07-12T08:24:58.658+0000] {dag.py:3954} INFO - Setting next_dagrun for latest_only_with_trigger to 2024-07-12 04:00:00+00:00, run_after=2024-07-12 08:00:00+00:00
[2024-07-12T08:24:58.672+0000] {processor.py:183} INFO - Processing /home/airflow/.local/lib/python3.12/site-packages/airflow/example_dags/example_latest_only_with_trigger.py took 0.051 seconds
[2024-07-12T08:25:28.814+0000] {processor.py:161} INFO - Started process (PID=373) to work on /home/airflow/.local/lib/python3.12/site-packages/airflow/example_dags/example_latest_only_with_trigger.py
[2024-07-12T08:25:28.815+0000] {processor.py:830} INFO - Processing file /home/airflow/.local/lib/python3.12/site-packages/airflow/example_dags/example_latest_only_with_trigger.py for tasks to queue
[2024-07-12T08:25:28.816+0000] {logging_mixin.py:188} INFO - [2024-07-12T08:25:28.816+0000] {dagbag.py:545} INFO - Filling up the DagBag from /home/airflow/.local/lib/python3.12/site-packages/airflow/example_dags/example_latest_only_with_trigger.py
[2024-07-12T08:25:28.820+0000] {processor.py:840} INFO - DAG(s) 'latest_only_with_trigger' retrieved from /home/airflow/.local/lib/python3.12/site-packages/airflow/example_dags/example_latest_only_with_trigger.py
[2024-07-12T08:25:28.831+0000] {logging_mixin.py:188} INFO - [2024-07-12T08:25:28.831+0000] {dag.py:3096} INFO - Sync 1 DAGs
[2024-07-12T08:25:28.845+0000] {logging_mixin.py:188} INFO - [2024-07-12T08:25:28.845+0000] {dag.py:3954} INFO - Setting next_dagrun for latest_only_with_trigger to 2024-07-12 04:00:00+00:00, run_after=2024-07-12 08:00:00+00:00
[2024-07-12T08:25:28.860+0000] {processor.py:183} INFO - Processing /home/airflow/.local/lib/python3.12/site-packages/airflow/example_dags/example_latest_only_with_trigger.py took 0.049 seconds
[2024-07-12T08:25:59.032+0000] {processor.py:161} INFO - Started process (PID=430) to work on /home/airflow/.local/lib/python3.12/site-packages/airflow/example_dags/example_latest_only_with_trigger.py
[2024-07-12T08:25:59.033+0000] {processor.py:830} INFO - Processing file /home/airflow/.local/lib/python3.12/site-packages/airflow/example_dags/example_latest_only_with_trigger.py for tasks to queue
[2024-07-12T08:25:59.034+0000] {logging_mixin.py:188} INFO - [2024-07-12T08:25:59.034+0000] {dagbag.py:545} INFO - Filling up the DagBag from /home/airflow/.local/lib/python3.12/site-packages/airflow/example_dags/example_latest_only_with_trigger.py
[2024-07-12T08:25:59.038+0000] {processor.py:840} INFO - DAG(s) 'latest_only_with_trigger' retrieved from /home/airflow/.local/lib/python3.12/site-packages/airflow/example_dags/example_latest_only_with_trigger.py
[2024-07-12T08:25:59.050+0000] {logging_mixin.py:188} INFO - [2024-07-12T08:25:59.050+0000] {dag.py:3096} INFO - Sync 1 DAGs
[2024-07-12T08:25:59.064+0000] {logging_mixin.py:188} INFO - [2024-07-12T08:25:59.064+0000] {dag.py:3954} INFO - Setting next_dagrun for latest_only_with_trigger to 2024-07-12 04:00:00+00:00, run_after=2024-07-12 08:00:00+00:00
[2024-07-12T08:25:59.078+0000] {processor.py:183} INFO - Processing /home/airflow/.local/lib/python3.12/site-packages/airflow/example_dags/example_latest_only_with_trigger.py took 0.051 seconds
[2024-07-12T08:27:25.546+0000] {processor.py:161} INFO - Started process (PID=82) to work on /home/airflow/.local/lib/python3.12/site-packages/airflow/example_dags/example_latest_only_with_trigger.py
[2024-07-12T08:27:25.547+0000] {processor.py:830} INFO - Processing file /home/airflow/.local/lib/python3.12/site-packages/airflow/example_dags/example_latest_only_with_trigger.py for tasks to queue
[2024-07-12T08:27:25.549+0000] {logging_mixin.py:188} INFO - [2024-07-12T08:27:25.548+0000] {dagbag.py:545} INFO - Filling up the DagBag from /home/airflow/.local/lib/python3.12/site-packages/airflow/example_dags/example_latest_only_with_trigger.py
[2024-07-12T08:27:25.555+0000] {processor.py:840} INFO - DAG(s) 'latest_only_with_trigger' retrieved from /home/airflow/.local/lib/python3.12/site-packages/airflow/example_dags/example_latest_only_with_trigger.py
[2024-07-12T08:27:25.563+0000] {logging_mixin.py:188} INFO - [2024-07-12T08:27:25.563+0000] {dag.py:3096} INFO - Sync 1 DAGs
[2024-07-12T08:27:25.580+0000] {logging_mixin.py:188} INFO - [2024-07-12T08:27:25.580+0000] {dag.py:3954} INFO - Setting next_dagrun for latest_only_with_trigger to 2024-07-12 04:00:00+00:00, run_after=2024-07-12 08:00:00+00:00
[2024-07-12T08:27:25.598+0000] {processor.py:183} INFO - Processing /home/airflow/.local/lib/python3.12/site-packages/airflow/example_dags/example_latest_only_with_trigger.py took 0.056 seconds
[2024-07-12T08:27:56.215+0000] {processor.py:161} INFO - Started process (PID=140) to work on /home/airflow/.local/lib/python3.12/site-packages/airflow/example_dags/example_latest_only_with_trigger.py
[2024-07-12T08:27:56.215+0000] {processor.py:830} INFO - Processing file /home/airflow/.local/lib/python3.12/site-packages/airflow/example_dags/example_latest_only_with_trigger.py for tasks to queue
[2024-07-12T08:27:56.216+0000] {logging_mixin.py:188} INFO - [2024-07-12T08:27:56.216+0000] {dagbag.py:545} INFO - Filling up the DagBag from /home/airflow/.local/lib/python3.12/site-packages/airflow/example_dags/example_latest_only_with_trigger.py
[2024-07-12T08:27:56.220+0000] {processor.py:840} INFO - DAG(s) 'latest_only_with_trigger' retrieved from /home/airflow/.local/lib/python3.12/site-packages/airflow/example_dags/example_latest_only_with_trigger.py
[2024-07-12T08:27:56.225+0000] {logging_mixin.py:188} INFO - [2024-07-12T08:27:56.225+0000] {dag.py:3096} INFO - Sync 1 DAGs
[2024-07-12T08:27:56.239+0000] {logging_mixin.py:188} INFO - [2024-07-12T08:27:56.239+0000] {dag.py:3954} INFO - Setting next_dagrun for latest_only_with_trigger to 2024-07-12 04:00:00+00:00, run_after=2024-07-12 08:00:00+00:00
[2024-07-12T08:27:56.253+0000] {processor.py:183} INFO - Processing /home/airflow/.local/lib/python3.12/site-packages/airflow/example_dags/example_latest_only_with_trigger.py took 0.042 seconds
[2024-07-12T08:29:03.467+0000] {processor.py:161} INFO - Started process (PID=82) to work on /home/airflow/.local/lib/python3.12/site-packages/airflow/example_dags/example_latest_only_with_trigger.py
[2024-07-12T08:29:03.468+0000] {processor.py:830} INFO - Processing file /home/airflow/.local/lib/python3.12/site-packages/airflow/example_dags/example_latest_only_with_trigger.py for tasks to queue
[2024-07-12T08:29:03.470+0000] {logging_mixin.py:188} INFO - [2024-07-12T08:29:03.469+0000] {dagbag.py:545} INFO - Filling up the DagBag from /home/airflow/.local/lib/python3.12/site-packages/airflow/example_dags/example_latest_only_with_trigger.py
[2024-07-12T08:29:03.476+0000] {processor.py:840} INFO - DAG(s) 'latest_only_with_trigger' retrieved from /home/airflow/.local/lib/python3.12/site-packages/airflow/example_dags/example_latest_only_with_trigger.py
[2024-07-12T08:29:03.483+0000] {logging_mixin.py:188} INFO - [2024-07-12T08:29:03.483+0000] {dag.py:3096} INFO - Sync 1 DAGs
[2024-07-12T08:29:03.498+0000] {logging_mixin.py:188} INFO - [2024-07-12T08:29:03.498+0000] {dag.py:3954} INFO - Setting next_dagrun for latest_only_with_trigger to 2024-07-12 04:00:00+00:00, run_after=2024-07-12 08:00:00+00:00
[2024-07-12T08:29:03.515+0000] {processor.py:183} INFO - Processing /home/airflow/.local/lib/python3.12/site-packages/airflow/example_dags/example_latest_only_with_trigger.py took 0.052 seconds
[2024-07-12T08:29:34.503+0000] {processor.py:161} INFO - Started process (PID=140) to work on /home/airflow/.local/lib/python3.12/site-packages/airflow/example_dags/example_latest_only_with_trigger.py
[2024-07-12T08:29:34.504+0000] {processor.py:830} INFO - Processing file /home/airflow/.local/lib/python3.12/site-packages/airflow/example_dags/example_latest_only_with_trigger.py for tasks to queue
[2024-07-12T08:29:34.505+0000] {logging_mixin.py:188} INFO - [2024-07-12T08:29:34.505+0000] {dagbag.py:545} INFO - Filling up the DagBag from /home/airflow/.local/lib/python3.12/site-packages/airflow/example_dags/example_latest_only_with_trigger.py
[2024-07-12T08:29:34.510+0000] {processor.py:840} INFO - DAG(s) 'latest_only_with_trigger' retrieved from /home/airflow/.local/lib/python3.12/site-packages/airflow/example_dags/example_latest_only_with_trigger.py
[2024-07-12T08:29:34.572+0000] {logging_mixin.py:188} INFO - [2024-07-12T08:29:34.571+0000] {dag.py:3096} INFO - Sync 1 DAGs
[2024-07-12T08:29:34.584+0000] {logging_mixin.py:188} INFO - [2024-07-12T08:29:34.584+0000] {dag.py:3954} INFO - Setting next_dagrun for latest_only_with_trigger to 2024-07-12 04:00:00+00:00, run_after=2024-07-12 08:00:00+00:00
[2024-07-12T08:29:34.600+0000] {processor.py:183} INFO - Processing /home/airflow/.local/lib/python3.12/site-packages/airflow/example_dags/example_latest_only_with_trigger.py took 0.100 seconds
[2024-07-12T08:30:05.035+0000] {processor.py:161} INFO - Started process (PID=198) to work on /home/airflow/.local/lib/python3.12/site-packages/airflow/example_dags/example_latest_only_with_trigger.py
[2024-07-12T08:30:05.036+0000] {processor.py:830} INFO - Processing file /home/airflow/.local/lib/python3.12/site-packages/airflow/example_dags/example_latest_only_with_trigger.py for tasks to queue
[2024-07-12T08:30:05.037+0000] {logging_mixin.py:188} INFO - [2024-07-12T08:30:05.037+0000] {dagbag.py:545} INFO - Filling up the DagBag from /home/airflow/.local/lib/python3.12/site-packages/airflow/example_dags/example_latest_only_with_trigger.py
[2024-07-12T08:30:05.042+0000] {processor.py:840} INFO - DAG(s) 'latest_only_with_trigger' retrieved from /home/airflow/.local/lib/python3.12/site-packages/airflow/example_dags/example_latest_only_with_trigger.py
[2024-07-12T08:30:05.055+0000] {logging_mixin.py:188} INFO - [2024-07-12T08:30:05.055+0000] {dag.py:3096} INFO - Sync 1 DAGs
[2024-07-12T08:30:05.068+0000] {logging_mixin.py:188} INFO - [2024-07-12T08:30:05.068+0000] {dag.py:3954} INFO - Setting next_dagrun for latest_only_with_trigger to 2024-07-12 04:00:00+00:00, run_after=2024-07-12 08:00:00+00:00
[2024-07-12T08:30:05.084+0000] {processor.py:183} INFO - Processing /home/airflow/.local/lib/python3.12/site-packages/airflow/example_dags/example_latest_only_with_trigger.py took 0.053 seconds
[2024-07-12T08:30:35.272+0000] {processor.py:161} INFO - Started process (PID=256) to work on /home/airflow/.local/lib/python3.12/site-packages/airflow/example_dags/example_latest_only_with_trigger.py
[2024-07-12T08:30:35.272+0000] {processor.py:830} INFO - Processing file /home/airflow/.local/lib/python3.12/site-packages/airflow/example_dags/example_latest_only_with_trigger.py for tasks to queue
[2024-07-12T08:30:35.273+0000] {logging_mixin.py:188} INFO - [2024-07-12T08:30:35.273+0000] {dagbag.py:545} INFO - Filling up the DagBag from /home/airflow/.local/lib/python3.12/site-packages/airflow/example_dags/example_latest_only_with_trigger.py
[2024-07-12T08:30:35.277+0000] {processor.py:840} INFO - DAG(s) 'latest_only_with_trigger' retrieved from /home/airflow/.local/lib/python3.12/site-packages/airflow/example_dags/example_latest_only_with_trigger.py
[2024-07-12T08:30:35.288+0000] {logging_mixin.py:188} INFO - [2024-07-12T08:30:35.288+0000] {dag.py:3096} INFO - Sync 1 DAGs
[2024-07-12T08:30:35.300+0000] {logging_mixin.py:188} INFO - [2024-07-12T08:30:35.300+0000] {dag.py:3954} INFO - Setting next_dagrun for latest_only_with_trigger to 2024-07-12 04:00:00+00:00, run_after=2024-07-12 08:00:00+00:00
[2024-07-12T08:30:35.313+0000] {processor.py:183} INFO - Processing /home/airflow/.local/lib/python3.12/site-packages/airflow/example_dags/example_latest_only_with_trigger.py took 0.045 seconds
[2024-07-12T08:31:05.364+0000] {processor.py:161} INFO - Started process (PID=314) to work on /home/airflow/.local/lib/python3.12/site-packages/airflow/example_dags/example_latest_only_with_trigger.py
[2024-07-12T08:31:05.365+0000] {processor.py:830} INFO - Processing file /home/airflow/.local/lib/python3.12/site-packages/airflow/example_dags/example_latest_only_with_trigger.py for tasks to queue
[2024-07-12T08:31:05.366+0000] {logging_mixin.py:188} INFO - [2024-07-12T08:31:05.366+0000] {dagbag.py:545} INFO - Filling up the DagBag from /home/airflow/.local/lib/python3.12/site-packages/airflow/example_dags/example_latest_only_with_trigger.py
[2024-07-12T08:31:05.370+0000] {processor.py:840} INFO - DAG(s) 'latest_only_with_trigger' retrieved from /home/airflow/.local/lib/python3.12/site-packages/airflow/example_dags/example_latest_only_with_trigger.py
[2024-07-12T08:31:05.381+0000] {logging_mixin.py:188} INFO - [2024-07-12T08:31:05.380+0000] {dag.py:3096} INFO - Sync 1 DAGs
[2024-07-12T08:31:05.394+0000] {logging_mixin.py:188} INFO - [2024-07-12T08:31:05.393+0000] {dag.py:3954} INFO - Setting next_dagrun for latest_only_with_trigger to 2024-07-12 04:00:00+00:00, run_after=2024-07-12 08:00:00+00:00
[2024-07-12T08:31:05.407+0000] {processor.py:183} INFO - Processing /home/airflow/.local/lib/python3.12/site-packages/airflow/example_dags/example_latest_only_with_trigger.py took 0.047 seconds
[2024-07-12T08:31:35.784+0000] {processor.py:161} INFO - Started process (PID=372) to work on /home/airflow/.local/lib/python3.12/site-packages/airflow/example_dags/example_latest_only_with_trigger.py
[2024-07-12T08:31:35.785+0000] {processor.py:830} INFO - Processing file /home/airflow/.local/lib/python3.12/site-packages/airflow/example_dags/example_latest_only_with_trigger.py for tasks to queue
[2024-07-12T08:31:35.786+0000] {logging_mixin.py:188} INFO - [2024-07-12T08:31:35.786+0000] {dagbag.py:545} INFO - Filling up the DagBag from /home/airflow/.local/lib/python3.12/site-packages/airflow/example_dags/example_latest_only_with_trigger.py
[2024-07-12T08:31:35.790+0000] {processor.py:840} INFO - DAG(s) 'latest_only_with_trigger' retrieved from /home/airflow/.local/lib/python3.12/site-packages/airflow/example_dags/example_latest_only_with_trigger.py
[2024-07-12T08:31:35.800+0000] {logging_mixin.py:188} INFO - [2024-07-12T08:31:35.800+0000] {dag.py:3096} INFO - Sync 1 DAGs
[2024-07-12T08:31:35.812+0000] {logging_mixin.py:188} INFO - [2024-07-12T08:31:35.812+0000] {dag.py:3954} INFO - Setting next_dagrun for latest_only_with_trigger to 2024-07-12 04:00:00+00:00, run_after=2024-07-12 08:00:00+00:00
[2024-07-12T08:31:35.826+0000] {processor.py:183} INFO - Processing /home/airflow/.local/lib/python3.12/site-packages/airflow/example_dags/example_latest_only_with_trigger.py took 0.045 seconds
[2024-07-12T08:32:06.012+0000] {processor.py:161} INFO - Started process (PID=430) to work on /home/airflow/.local/lib/python3.12/site-packages/airflow/example_dags/example_latest_only_with_trigger.py
[2024-07-12T08:32:06.013+0000] {processor.py:830} INFO - Processing file /home/airflow/.local/lib/python3.12/site-packages/airflow/example_dags/example_latest_only_with_trigger.py for tasks to queue
[2024-07-12T08:32:06.014+0000] {logging_mixin.py:188} INFO - [2024-07-12T08:32:06.014+0000] {dagbag.py:545} INFO - Filling up the DagBag from /home/airflow/.local/lib/python3.12/site-packages/airflow/example_dags/example_latest_only_with_trigger.py
[2024-07-12T08:32:06.018+0000] {processor.py:840} INFO - DAG(s) 'latest_only_with_trigger' retrieved from /home/airflow/.local/lib/python3.12/site-packages/airflow/example_dags/example_latest_only_with_trigger.py
[2024-07-12T08:32:06.029+0000] {logging_mixin.py:188} INFO - [2024-07-12T08:32:06.028+0000] {dag.py:3096} INFO - Sync 1 DAGs
[2024-07-12T08:32:06.041+0000] {logging_mixin.py:188} INFO - [2024-07-12T08:32:06.041+0000] {dag.py:3954} INFO - Setting next_dagrun for latest_only_with_trigger to 2024-07-12 04:00:00+00:00, run_after=2024-07-12 08:00:00+00:00
[2024-07-12T08:32:06.054+0000] {processor.py:183} INFO - Processing /home/airflow/.local/lib/python3.12/site-packages/airflow/example_dags/example_latest_only_with_trigger.py took 0.046 seconds
[2024-07-12T08:32:36.106+0000] {processor.py:161} INFO - Started process (PID=488) to work on /home/airflow/.local/lib/python3.12/site-packages/airflow/example_dags/example_latest_only_with_trigger.py
[2024-07-12T08:32:36.107+0000] {processor.py:830} INFO - Processing file /home/airflow/.local/lib/python3.12/site-packages/airflow/example_dags/example_latest_only_with_trigger.py for tasks to queue
[2024-07-12T08:32:36.108+0000] {logging_mixin.py:188} INFO - [2024-07-12T08:32:36.108+0000] {dagbag.py:545} INFO - Filling up the DagBag from /home/airflow/.local/lib/python3.12/site-packages/airflow/example_dags/example_latest_only_with_trigger.py
[2024-07-12T08:32:36.112+0000] {processor.py:840} INFO - DAG(s) 'latest_only_with_trigger' retrieved from /home/airflow/.local/lib/python3.12/site-packages/airflow/example_dags/example_latest_only_with_trigger.py
[2024-07-12T08:32:36.128+0000] {logging_mixin.py:188} INFO - [2024-07-12T08:32:36.128+0000] {dag.py:3096} INFO - Sync 1 DAGs
[2024-07-12T08:32:36.147+0000] {logging_mixin.py:188} INFO - [2024-07-12T08:32:36.147+0000] {dag.py:3954} INFO - Setting next_dagrun for latest_only_with_trigger to 2024-07-12 04:00:00+00:00, run_after=2024-07-12 08:00:00+00:00
[2024-07-12T08:32:36.161+0000] {processor.py:183} INFO - Processing /home/airflow/.local/lib/python3.12/site-packages/airflow/example_dags/example_latest_only_with_trigger.py took 0.058 seconds
[2024-07-12T08:33:06.451+0000] {processor.py:161} INFO - Started process (PID=546) to work on /home/airflow/.local/lib/python3.12/site-packages/airflow/example_dags/example_latest_only_with_trigger.py
[2024-07-12T08:33:06.451+0000] {processor.py:830} INFO - Processing file /home/airflow/.local/lib/python3.12/site-packages/airflow/example_dags/example_latest_only_with_trigger.py for tasks to queue
[2024-07-12T08:33:06.453+0000] {logging_mixin.py:188} INFO - [2024-07-12T08:33:06.452+0000] {dagbag.py:545} INFO - Filling up the DagBag from /home/airflow/.local/lib/python3.12/site-packages/airflow/example_dags/example_latest_only_with_trigger.py
[2024-07-12T08:33:06.457+0000] {processor.py:840} INFO - DAG(s) 'latest_only_with_trigger' retrieved from /home/airflow/.local/lib/python3.12/site-packages/airflow/example_dags/example_latest_only_with_trigger.py
[2024-07-12T08:33:06.467+0000] {logging_mixin.py:188} INFO - [2024-07-12T08:33:06.467+0000] {dag.py:3096} INFO - Sync 1 DAGs
[2024-07-12T08:33:06.480+0000] {logging_mixin.py:188} INFO - [2024-07-12T08:33:06.480+0000] {dag.py:3954} INFO - Setting next_dagrun for latest_only_with_trigger to 2024-07-12 04:00:00+00:00, run_after=2024-07-12 08:00:00+00:00
[2024-07-12T08:33:06.492+0000] {processor.py:183} INFO - Processing /home/airflow/.local/lib/python3.12/site-packages/airflow/example_dags/example_latest_only_with_trigger.py took 0.045 seconds
[2024-07-12T08:33:36.597+0000] {processor.py:161} INFO - Started process (PID=604) to work on /home/airflow/.local/lib/python3.12/site-packages/airflow/example_dags/example_latest_only_with_trigger.py
[2024-07-12T08:33:36.598+0000] {processor.py:830} INFO - Processing file /home/airflow/.local/lib/python3.12/site-packages/airflow/example_dags/example_latest_only_with_trigger.py for tasks to queue
[2024-07-12T08:33:36.599+0000] {logging_mixin.py:188} INFO - [2024-07-12T08:33:36.599+0000] {dagbag.py:545} INFO - Filling up the DagBag from /home/airflow/.local/lib/python3.12/site-packages/airflow/example_dags/example_latest_only_with_trigger.py
[2024-07-12T08:33:36.602+0000] {processor.py:840} INFO - DAG(s) 'latest_only_with_trigger' retrieved from /home/airflow/.local/lib/python3.12/site-packages/airflow/example_dags/example_latest_only_with_trigger.py
[2024-07-12T08:33:36.613+0000] {logging_mixin.py:188} INFO - [2024-07-12T08:33:36.613+0000] {dag.py:3096} INFO - Sync 1 DAGs
[2024-07-12T08:33:36.625+0000] {logging_mixin.py:188} INFO - [2024-07-12T08:33:36.625+0000] {dag.py:3954} INFO - Setting next_dagrun for latest_only_with_trigger to 2024-07-12 04:00:00+00:00, run_after=2024-07-12 08:00:00+00:00
[2024-07-12T08:33:36.638+0000] {processor.py:183} INFO - Processing /home/airflow/.local/lib/python3.12/site-packages/airflow/example_dags/example_latest_only_with_trigger.py took 0.045 seconds
[2024-07-12T08:34:06.868+0000] {processor.py:161} INFO - Started process (PID=662) to work on /home/airflow/.local/lib/python3.12/site-packages/airflow/example_dags/example_latest_only_with_trigger.py
[2024-07-12T08:34:06.869+0000] {processor.py:830} INFO - Processing file /home/airflow/.local/lib/python3.12/site-packages/airflow/example_dags/example_latest_only_with_trigger.py for tasks to queue
[2024-07-12T08:34:06.870+0000] {logging_mixin.py:188} INFO - [2024-07-12T08:34:06.870+0000] {dagbag.py:545} INFO - Filling up the DagBag from /home/airflow/.local/lib/python3.12/site-packages/airflow/example_dags/example_latest_only_with_trigger.py
[2024-07-12T08:34:06.874+0000] {processor.py:840} INFO - DAG(s) 'latest_only_with_trigger' retrieved from /home/airflow/.local/lib/python3.12/site-packages/airflow/example_dags/example_latest_only_with_trigger.py
[2024-07-12T08:34:06.885+0000] {logging_mixin.py:188} INFO - [2024-07-12T08:34:06.885+0000] {dag.py:3096} INFO - Sync 1 DAGs
[2024-07-12T08:34:06.899+0000] {logging_mixin.py:188} INFO - [2024-07-12T08:34:06.899+0000] {dag.py:3954} INFO - Setting next_dagrun for latest_only_with_trigger to 2024-07-12 04:00:00+00:00, run_after=2024-07-12 08:00:00+00:00
[2024-07-12T08:34:06.914+0000] {processor.py:183} INFO - Processing /home/airflow/.local/lib/python3.12/site-packages/airflow/example_dags/example_latest_only_with_trigger.py took 0.050 seconds
[2024-07-12T08:34:37.011+0000] {processor.py:161} INFO - Started process (PID=720) to work on /home/airflow/.local/lib/python3.12/site-packages/airflow/example_dags/example_latest_only_with_trigger.py
[2024-07-12T08:34:37.012+0000] {processor.py:830} INFO - Processing file /home/airflow/.local/lib/python3.12/site-packages/airflow/example_dags/example_latest_only_with_trigger.py for tasks to queue
[2024-07-12T08:34:37.013+0000] {logging_mixin.py:188} INFO - [2024-07-12T08:34:37.013+0000] {dagbag.py:545} INFO - Filling up the DagBag from /home/airflow/.local/lib/python3.12/site-packages/airflow/example_dags/example_latest_only_with_trigger.py
[2024-07-12T08:34:37.017+0000] {processor.py:840} INFO - DAG(s) 'latest_only_with_trigger' retrieved from /home/airflow/.local/lib/python3.12/site-packages/airflow/example_dags/example_latest_only_with_trigger.py
[2024-07-12T08:34:37.029+0000] {logging_mixin.py:188} INFO - [2024-07-12T08:34:37.029+0000] {dag.py:3096} INFO - Sync 1 DAGs
[2024-07-12T08:34:37.042+0000] {logging_mixin.py:188} INFO - [2024-07-12T08:34:37.042+0000] {dag.py:3954} INFO - Setting next_dagrun for latest_only_with_trigger to 2024-07-12 04:00:00+00:00, run_after=2024-07-12 08:00:00+00:00
[2024-07-12T08:34:37.055+0000] {processor.py:183} INFO - Processing /home/airflow/.local/lib/python3.12/site-packages/airflow/example_dags/example_latest_only_with_trigger.py took 0.048 seconds
[2024-07-12T08:35:07.881+0000] {processor.py:161} INFO - Started process (PID=778) to work on /home/airflow/.local/lib/python3.12/site-packages/airflow/example_dags/example_latest_only_with_trigger.py
[2024-07-12T08:35:07.882+0000] {processor.py:830} INFO - Processing file /home/airflow/.local/lib/python3.12/site-packages/airflow/example_dags/example_latest_only_with_trigger.py for tasks to queue
[2024-07-12T08:35:07.884+0000] {logging_mixin.py:188} INFO - [2024-07-12T08:35:07.883+0000] {dagbag.py:545} INFO - Filling up the DagBag from /home/airflow/.local/lib/python3.12/site-packages/airflow/example_dags/example_latest_only_with_trigger.py
[2024-07-12T08:35:07.888+0000] {processor.py:840} INFO - DAG(s) 'latest_only_with_trigger' retrieved from /home/airflow/.local/lib/python3.12/site-packages/airflow/example_dags/example_latest_only_with_trigger.py
[2024-07-12T08:35:07.900+0000] {logging_mixin.py:188} INFO - [2024-07-12T08:35:07.900+0000] {dag.py:3096} INFO - Sync 1 DAGs
[2024-07-12T08:35:07.915+0000] {logging_mixin.py:188} INFO - [2024-07-12T08:35:07.915+0000] {dag.py:3954} INFO - Setting next_dagrun for latest_only_with_trigger to 2024-07-12 04:00:00+00:00, run_after=2024-07-12 08:00:00+00:00
[2024-07-12T08:35:07.930+0000] {processor.py:183} INFO - Processing /home/airflow/.local/lib/python3.12/site-packages/airflow/example_dags/example_latest_only_with_trigger.py took 0.053 seconds
[2024-07-12T08:35:38.499+0000] {processor.py:161} INFO - Started process (PID=836) to work on /home/airflow/.local/lib/python3.12/site-packages/airflow/example_dags/example_latest_only_with_trigger.py
[2024-07-12T08:35:38.499+0000] {processor.py:830} INFO - Processing file /home/airflow/.local/lib/python3.12/site-packages/airflow/example_dags/example_latest_only_with_trigger.py for tasks to queue
[2024-07-12T08:35:38.501+0000] {logging_mixin.py:188} INFO - [2024-07-12T08:35:38.500+0000] {dagbag.py:545} INFO - Filling up the DagBag from /home/airflow/.local/lib/python3.12/site-packages/airflow/example_dags/example_latest_only_with_trigger.py
[2024-07-12T08:35:38.504+0000] {processor.py:840} INFO - DAG(s) 'latest_only_with_trigger' retrieved from /home/airflow/.local/lib/python3.12/site-packages/airflow/example_dags/example_latest_only_with_trigger.py
[2024-07-12T08:35:38.515+0000] {logging_mixin.py:188} INFO - [2024-07-12T08:35:38.515+0000] {dag.py:3096} INFO - Sync 1 DAGs
[2024-07-12T08:35:38.527+0000] {logging_mixin.py:188} INFO - [2024-07-12T08:35:38.527+0000] {dag.py:3954} INFO - Setting next_dagrun for latest_only_with_trigger to 2024-07-12 04:00:00+00:00, run_after=2024-07-12 08:00:00+00:00
[2024-07-12T08:35:38.540+0000] {processor.py:183} INFO - Processing /home/airflow/.local/lib/python3.12/site-packages/airflow/example_dags/example_latest_only_with_trigger.py took 0.044 seconds
[2024-07-12T08:36:09.533+0000] {processor.py:161} INFO - Started process (PID=894) to work on /home/airflow/.local/lib/python3.12/site-packages/airflow/example_dags/example_latest_only_with_trigger.py
[2024-07-12T08:36:09.533+0000] {processor.py:830} INFO - Processing file /home/airflow/.local/lib/python3.12/site-packages/airflow/example_dags/example_latest_only_with_trigger.py for tasks to queue
[2024-07-12T08:36:09.535+0000] {logging_mixin.py:188} INFO - [2024-07-12T08:36:09.534+0000] {dagbag.py:545} INFO - Filling up the DagBag from /home/airflow/.local/lib/python3.12/site-packages/airflow/example_dags/example_latest_only_with_trigger.py
[2024-07-12T08:36:09.538+0000] {processor.py:840} INFO - DAG(s) 'latest_only_with_trigger' retrieved from /home/airflow/.local/lib/python3.12/site-packages/airflow/example_dags/example_latest_only_with_trigger.py
[2024-07-12T08:36:09.550+0000] {logging_mixin.py:188} INFO - [2024-07-12T08:36:09.550+0000] {dag.py:3096} INFO - Sync 1 DAGs
[2024-07-12T08:36:09.563+0000] {logging_mixin.py:188} INFO - [2024-07-12T08:36:09.562+0000] {dag.py:3954} INFO - Setting next_dagrun for latest_only_with_trigger to 2024-07-12 04:00:00+00:00, run_after=2024-07-12 08:00:00+00:00
[2024-07-12T08:36:09.576+0000] {processor.py:183} INFO - Processing /home/airflow/.local/lib/python3.12/site-packages/airflow/example_dags/example_latest_only_with_trigger.py took 0.047 seconds
[2024-07-12T08:36:40.085+0000] {processor.py:161} INFO - Started process (PID=952) to work on /home/airflow/.local/lib/python3.12/site-packages/airflow/example_dags/example_latest_only_with_trigger.py
[2024-07-12T08:36:40.086+0000] {processor.py:830} INFO - Processing file /home/airflow/.local/lib/python3.12/site-packages/airflow/example_dags/example_latest_only_with_trigger.py for tasks to queue
[2024-07-12T08:36:40.087+0000] {logging_mixin.py:188} INFO - [2024-07-12T08:36:40.086+0000] {dagbag.py:545} INFO - Filling up the DagBag from /home/airflow/.local/lib/python3.12/site-packages/airflow/example_dags/example_latest_only_with_trigger.py
[2024-07-12T08:36:40.090+0000] {processor.py:840} INFO - DAG(s) 'latest_only_with_trigger' retrieved from /home/airflow/.local/lib/python3.12/site-packages/airflow/example_dags/example_latest_only_with_trigger.py
[2024-07-12T08:36:40.101+0000] {logging_mixin.py:188} INFO - [2024-07-12T08:36:40.101+0000] {dag.py:3096} INFO - Sync 1 DAGs
[2024-07-12T08:36:40.113+0000] {logging_mixin.py:188} INFO - [2024-07-12T08:36:40.113+0000] {dag.py:3954} INFO - Setting next_dagrun for latest_only_with_trigger to 2024-07-12 04:00:00+00:00, run_after=2024-07-12 08:00:00+00:00
[2024-07-12T08:36:40.125+0000] {processor.py:183} INFO - Processing /home/airflow/.local/lib/python3.12/site-packages/airflow/example_dags/example_latest_only_with_trigger.py took 0.044 seconds
[2024-07-12T08:37:10.457+0000] {processor.py:161} INFO - Started process (PID=1010) to work on /home/airflow/.local/lib/python3.12/site-packages/airflow/example_dags/example_latest_only_with_trigger.py
[2024-07-12T08:37:10.457+0000] {processor.py:830} INFO - Processing file /home/airflow/.local/lib/python3.12/site-packages/airflow/example_dags/example_latest_only_with_trigger.py for tasks to queue
[2024-07-12T08:37:10.459+0000] {logging_mixin.py:188} INFO - [2024-07-12T08:37:10.459+0000] {dagbag.py:545} INFO - Filling up the DagBag from /home/airflow/.local/lib/python3.12/site-packages/airflow/example_dags/example_latest_only_with_trigger.py
[2024-07-12T08:37:10.463+0000] {processor.py:840} INFO - DAG(s) 'latest_only_with_trigger' retrieved from /home/airflow/.local/lib/python3.12/site-packages/airflow/example_dags/example_latest_only_with_trigger.py
[2024-07-12T08:37:10.475+0000] {logging_mixin.py:188} INFO - [2024-07-12T08:37:10.475+0000] {dag.py:3096} INFO - Sync 1 DAGs
[2024-07-12T08:37:10.490+0000] {logging_mixin.py:188} INFO - [2024-07-12T08:37:10.489+0000] {dag.py:3954} INFO - Setting next_dagrun for latest_only_with_trigger to 2024-07-12 04:00:00+00:00, run_after=2024-07-12 08:00:00+00:00
[2024-07-12T08:37:10.505+0000] {processor.py:183} INFO - Processing /home/airflow/.local/lib/python3.12/site-packages/airflow/example_dags/example_latest_only_with_trigger.py took 0.052 seconds
[2024-07-12T08:37:41.478+0000] {processor.py:161} INFO - Started process (PID=1068) to work on /home/airflow/.local/lib/python3.12/site-packages/airflow/example_dags/example_latest_only_with_trigger.py
[2024-07-12T08:37:41.479+0000] {processor.py:830} INFO - Processing file /home/airflow/.local/lib/python3.12/site-packages/airflow/example_dags/example_latest_only_with_trigger.py for tasks to queue
[2024-07-12T08:37:41.480+0000] {logging_mixin.py:188} INFO - [2024-07-12T08:37:41.480+0000] {dagbag.py:545} INFO - Filling up the DagBag from /home/airflow/.local/lib/python3.12/site-packages/airflow/example_dags/example_latest_only_with_trigger.py
[2024-07-12T08:37:41.484+0000] {processor.py:840} INFO - DAG(s) 'latest_only_with_trigger' retrieved from /home/airflow/.local/lib/python3.12/site-packages/airflow/example_dags/example_latest_only_with_trigger.py
[2024-07-12T08:37:41.495+0000] {logging_mixin.py:188} INFO - [2024-07-12T08:37:41.494+0000] {dag.py:3096} INFO - Sync 1 DAGs
[2024-07-12T08:37:41.507+0000] {logging_mixin.py:188} INFO - [2024-07-12T08:37:41.507+0000] {dag.py:3954} INFO - Setting next_dagrun for latest_only_with_trigger to 2024-07-12 04:00:00+00:00, run_after=2024-07-12 08:00:00+00:00
[2024-07-12T08:37:41.521+0000] {processor.py:183} INFO - Processing /home/airflow/.local/lib/python3.12/site-packages/airflow/example_dags/example_latest_only_with_trigger.py took 0.046 seconds
[2024-07-12T08:38:11.894+0000] {processor.py:161} INFO - Started process (PID=1126) to work on /home/airflow/.local/lib/python3.12/site-packages/airflow/example_dags/example_latest_only_with_trigger.py
[2024-07-12T08:38:11.894+0000] {processor.py:830} INFO - Processing file /home/airflow/.local/lib/python3.12/site-packages/airflow/example_dags/example_latest_only_with_trigger.py for tasks to queue
[2024-07-12T08:38:11.895+0000] {logging_mixin.py:188} INFO - [2024-07-12T08:38:11.895+0000] {dagbag.py:545} INFO - Filling up the DagBag from /home/airflow/.local/lib/python3.12/site-packages/airflow/example_dags/example_latest_only_with_trigger.py
[2024-07-12T08:38:11.899+0000] {processor.py:840} INFO - DAG(s) 'latest_only_with_trigger' retrieved from /home/airflow/.local/lib/python3.12/site-packages/airflow/example_dags/example_latest_only_with_trigger.py
[2024-07-12T08:38:11.911+0000] {logging_mixin.py:188} INFO - [2024-07-12T08:38:11.911+0000] {dag.py:3096} INFO - Sync 1 DAGs
[2024-07-12T08:38:11.924+0000] {logging_mixin.py:188} INFO - [2024-07-12T08:38:11.924+0000] {dag.py:3954} INFO - Setting next_dagrun for latest_only_with_trigger to 2024-07-12 04:00:00+00:00, run_after=2024-07-12 08:00:00+00:00
[2024-07-12T08:38:11.939+0000] {processor.py:183} INFO - Processing /home/airflow/.local/lib/python3.12/site-packages/airflow/example_dags/example_latest_only_with_trigger.py took 0.049 seconds
[2024-07-12T08:38:42.707+0000] {processor.py:161} INFO - Started process (PID=1184) to work on /home/airflow/.local/lib/python3.12/site-packages/airflow/example_dags/example_latest_only_with_trigger.py
[2024-07-12T08:38:42.708+0000] {processor.py:830} INFO - Processing file /home/airflow/.local/lib/python3.12/site-packages/airflow/example_dags/example_latest_only_with_trigger.py for tasks to queue
[2024-07-12T08:38:42.709+0000] {logging_mixin.py:188} INFO - [2024-07-12T08:38:42.709+0000] {dagbag.py:545} INFO - Filling up the DagBag from /home/airflow/.local/lib/python3.12/site-packages/airflow/example_dags/example_latest_only_with_trigger.py
[2024-07-12T08:38:42.713+0000] {processor.py:840} INFO - DAG(s) 'latest_only_with_trigger' retrieved from /home/airflow/.local/lib/python3.12/site-packages/airflow/example_dags/example_latest_only_with_trigger.py
[2024-07-12T08:38:42.724+0000] {logging_mixin.py:188} INFO - [2024-07-12T08:38:42.724+0000] {dag.py:3096} INFO - Sync 1 DAGs
[2024-07-12T08:38:42.737+0000] {logging_mixin.py:188} INFO - [2024-07-12T08:38:42.737+0000] {dag.py:3954} INFO - Setting next_dagrun for latest_only_with_trigger to 2024-07-12 04:00:00+00:00, run_after=2024-07-12 08:00:00+00:00
[2024-07-12T08:38:42.751+0000] {processor.py:183} INFO - Processing /home/airflow/.local/lib/python3.12/site-packages/airflow/example_dags/example_latest_only_with_trigger.py took 0.047 seconds
[2024-07-12T08:39:13.719+0000] {processor.py:161} INFO - Started process (PID=1242) to work on /home/airflow/.local/lib/python3.12/site-packages/airflow/example_dags/example_latest_only_with_trigger.py
[2024-07-12T08:39:13.720+0000] {processor.py:830} INFO - Processing file /home/airflow/.local/lib/python3.12/site-packages/airflow/example_dags/example_latest_only_with_trigger.py for tasks to queue
[2024-07-12T08:39:13.722+0000] {logging_mixin.py:188} INFO - [2024-07-12T08:39:13.722+0000] {dagbag.py:545} INFO - Filling up the DagBag from /home/airflow/.local/lib/python3.12/site-packages/airflow/example_dags/example_latest_only_with_trigger.py
[2024-07-12T08:39:13.726+0000] {processor.py:840} INFO - DAG(s) 'latest_only_with_trigger' retrieved from /home/airflow/.local/lib/python3.12/site-packages/airflow/example_dags/example_latest_only_with_trigger.py
[2024-07-12T08:39:13.738+0000] {logging_mixin.py:188} INFO - [2024-07-12T08:39:13.738+0000] {dag.py:3096} INFO - Sync 1 DAGs
[2024-07-12T08:39:13.752+0000] {logging_mixin.py:188} INFO - [2024-07-12T08:39:13.751+0000] {dag.py:3954} INFO - Setting next_dagrun for latest_only_with_trigger to 2024-07-12 04:00:00+00:00, run_after=2024-07-12 08:00:00+00:00
[2024-07-12T08:39:13.765+0000] {processor.py:183} INFO - Processing /home/airflow/.local/lib/python3.12/site-packages/airflow/example_dags/example_latest_only_with_trigger.py took 0.050 seconds
