[2024-07-12T07:58:04.731+0000] {processor.py:161} INFO - Started process (PID=50) to work on /home/airflow/.local/lib/python3.12/site-packages/airflow/example_dags/tutorial_objectstorage.py
[2024-07-12T07:58:04.732+0000] {processor.py:830} INFO - Processing file /home/airflow/.local/lib/python3.12/site-packages/airflow/example_dags/tutorial_objectstorage.py for tasks to queue
[2024-07-12T07:58:04.733+0000] {logging_mixin.py:188} INFO - [2024-07-12T07:58:04.733+0000] {dagbag.py:545} INFO - Filling up the DagBag from /home/airflow/.local/lib/python3.12/site-packages/airflow/example_dags/tutorial_objectstorage.py
[2024-07-12T07:58:04.743+0000] {processor.py:840} INFO - DAG(s) 'tutorial_objectstorage' retrieved from /home/airflow/.local/lib/python3.12/site-packages/airflow/example_dags/tutorial_objectstorage.py
[2024-07-12T07:58:04.753+0000] {logging_mixin.py:188} INFO - [2024-07-12T07:58:04.752+0000] {dag.py:3096} INFO - Sync 1 DAGs
[2024-07-12T07:58:04.765+0000] {logging_mixin.py:188} INFO - [2024-07-12T07:58:04.764+0000] {dag.py:3954} INFO - Setting next_dagrun for tutorial_objectstorage to None, run_after=None
[2024-07-12T07:58:04.786+0000] {processor.py:183} INFO - Processing /home/airflow/.local/lib/python3.12/site-packages/airflow/example_dags/tutorial_objectstorage.py took 0.060 seconds
[2024-07-12T07:58:35.102+0000] {processor.py:161} INFO - Started process (PID=108) to work on /home/airflow/.local/lib/python3.12/site-packages/airflow/example_dags/tutorial_objectstorage.py
[2024-07-12T07:58:35.103+0000] {processor.py:830} INFO - Processing file /home/airflow/.local/lib/python3.12/site-packages/airflow/example_dags/tutorial_objectstorage.py for tasks to queue
[2024-07-12T07:58:35.105+0000] {logging_mixin.py:188} INFO - [2024-07-12T07:58:35.104+0000] {dagbag.py:545} INFO - Filling up the DagBag from /home/airflow/.local/lib/python3.12/site-packages/airflow/example_dags/tutorial_objectstorage.py
[2024-07-12T07:58:35.111+0000] {processor.py:840} INFO - DAG(s) 'tutorial_objectstorage' retrieved from /home/airflow/.local/lib/python3.12/site-packages/airflow/example_dags/tutorial_objectstorage.py
[2024-07-12T07:58:35.172+0000] {logging_mixin.py:188} INFO - [2024-07-12T07:58:35.172+0000] {dag.py:3096} INFO - Sync 1 DAGs
[2024-07-12T07:58:35.179+0000] {logging_mixin.py:188} INFO - [2024-07-12T07:58:35.179+0000] {dag.py:3954} INFO - Setting next_dagrun for tutorial_objectstorage to None, run_after=None
[2024-07-12T07:58:35.196+0000] {processor.py:183} INFO - Processing /home/airflow/.local/lib/python3.12/site-packages/airflow/example_dags/tutorial_objectstorage.py took 0.097 seconds
[2024-07-12T07:59:05.479+0000] {processor.py:161} INFO - Started process (PID=166) to work on /home/airflow/.local/lib/python3.12/site-packages/airflow/example_dags/tutorial_objectstorage.py
[2024-07-12T07:59:05.479+0000] {processor.py:830} INFO - Processing file /home/airflow/.local/lib/python3.12/site-packages/airflow/example_dags/tutorial_objectstorage.py for tasks to queue
[2024-07-12T07:59:05.481+0000] {logging_mixin.py:188} INFO - [2024-07-12T07:59:05.481+0000] {dagbag.py:545} INFO - Filling up the DagBag from /home/airflow/.local/lib/python3.12/site-packages/airflow/example_dags/tutorial_objectstorage.py
[2024-07-12T07:59:05.486+0000] {processor.py:840} INFO - DAG(s) 'tutorial_objectstorage' retrieved from /home/airflow/.local/lib/python3.12/site-packages/airflow/example_dags/tutorial_objectstorage.py
[2024-07-12T07:59:05.497+0000] {logging_mixin.py:188} INFO - [2024-07-12T07:59:05.497+0000] {dag.py:3096} INFO - Sync 1 DAGs
[2024-07-12T07:59:05.505+0000] {logging_mixin.py:188} INFO - [2024-07-12T07:59:05.505+0000] {dag.py:3954} INFO - Setting next_dagrun for tutorial_objectstorage to None, run_after=None
[2024-07-12T07:59:05.518+0000] {processor.py:183} INFO - Processing /home/airflow/.local/lib/python3.12/site-packages/airflow/example_dags/tutorial_objectstorage.py took 0.044 seconds
[2024-07-12T07:59:35.626+0000] {processor.py:161} INFO - Started process (PID=224) to work on /home/airflow/.local/lib/python3.12/site-packages/airflow/example_dags/tutorial_objectstorage.py
[2024-07-12T07:59:35.627+0000] {processor.py:830} INFO - Processing file /home/airflow/.local/lib/python3.12/site-packages/airflow/example_dags/tutorial_objectstorage.py for tasks to queue
[2024-07-12T07:59:35.628+0000] {logging_mixin.py:188} INFO - [2024-07-12T07:59:35.628+0000] {dagbag.py:545} INFO - Filling up the DagBag from /home/airflow/.local/lib/python3.12/site-packages/airflow/example_dags/tutorial_objectstorage.py
[2024-07-12T07:59:35.633+0000] {processor.py:840} INFO - DAG(s) 'tutorial_objectstorage' retrieved from /home/airflow/.local/lib/python3.12/site-packages/airflow/example_dags/tutorial_objectstorage.py
[2024-07-12T07:59:35.644+0000] {logging_mixin.py:188} INFO - [2024-07-12T07:59:35.644+0000] {dag.py:3096} INFO - Sync 1 DAGs
[2024-07-12T07:59:35.652+0000] {logging_mixin.py:188} INFO - [2024-07-12T07:59:35.652+0000] {dag.py:3954} INFO - Setting next_dagrun for tutorial_objectstorage to None, run_after=None
[2024-07-12T07:59:35.667+0000] {processor.py:183} INFO - Processing /home/airflow/.local/lib/python3.12/site-packages/airflow/example_dags/tutorial_objectstorage.py took 0.045 seconds
[2024-07-12T08:01:08.723+0000] {processor.py:161} INFO - Started process (PID=49) to work on /home/airflow/.local/lib/python3.12/site-packages/airflow/example_dags/tutorial_objectstorage.py
[2024-07-12T08:01:08.724+0000] {processor.py:830} INFO - Processing file /home/airflow/.local/lib/python3.12/site-packages/airflow/example_dags/tutorial_objectstorage.py for tasks to queue
[2024-07-12T08:01:08.725+0000] {logging_mixin.py:188} INFO - [2024-07-12T08:01:08.725+0000] {dagbag.py:545} INFO - Filling up the DagBag from /home/airflow/.local/lib/python3.12/site-packages/airflow/example_dags/tutorial_objectstorage.py
[2024-07-12T08:01:08.732+0000] {processor.py:840} INFO - DAG(s) 'tutorial_objectstorage' retrieved from /home/airflow/.local/lib/python3.12/site-packages/airflow/example_dags/tutorial_objectstorage.py
[2024-07-12T08:01:08.739+0000] {logging_mixin.py:188} INFO - [2024-07-12T08:01:08.739+0000] {dag.py:3096} INFO - Sync 1 DAGs
[2024-07-12T08:01:08.748+0000] {logging_mixin.py:188} INFO - [2024-07-12T08:01:08.748+0000] {dag.py:3954} INFO - Setting next_dagrun for tutorial_objectstorage to None, run_after=None
[2024-07-12T08:01:08.765+0000] {processor.py:183} INFO - Processing /home/airflow/.local/lib/python3.12/site-packages/airflow/example_dags/tutorial_objectstorage.py took 0.046 seconds
[2024-07-12T08:01:38.969+0000] {processor.py:161} INFO - Started process (PID=107) to work on /home/airflow/.local/lib/python3.12/site-packages/airflow/example_dags/tutorial_objectstorage.py
[2024-07-12T08:01:38.969+0000] {processor.py:830} INFO - Processing file /home/airflow/.local/lib/python3.12/site-packages/airflow/example_dags/tutorial_objectstorage.py for tasks to queue
[2024-07-12T08:01:38.971+0000] {logging_mixin.py:188} INFO - [2024-07-12T08:01:38.970+0000] {dagbag.py:545} INFO - Filling up the DagBag from /home/airflow/.local/lib/python3.12/site-packages/airflow/example_dags/tutorial_objectstorage.py
[2024-07-12T08:01:38.976+0000] {processor.py:840} INFO - DAG(s) 'tutorial_objectstorage' retrieved from /home/airflow/.local/lib/python3.12/site-packages/airflow/example_dags/tutorial_objectstorage.py
[2024-07-12T08:01:39.043+0000] {logging_mixin.py:188} INFO - [2024-07-12T08:01:39.043+0000] {dag.py:3096} INFO - Sync 1 DAGs
[2024-07-12T08:01:39.050+0000] {logging_mixin.py:188} INFO - [2024-07-12T08:01:39.050+0000] {dag.py:3954} INFO - Setting next_dagrun for tutorial_objectstorage to None, run_after=None
[2024-07-12T08:01:39.065+0000] {processor.py:183} INFO - Processing /home/airflow/.local/lib/python3.12/site-packages/airflow/example_dags/tutorial_objectstorage.py took 0.101 seconds
[2024-07-12T08:02:09.427+0000] {processor.py:161} INFO - Started process (PID=165) to work on /home/airflow/.local/lib/python3.12/site-packages/airflow/example_dags/tutorial_objectstorage.py
[2024-07-12T08:02:09.427+0000] {processor.py:830} INFO - Processing file /home/airflow/.local/lib/python3.12/site-packages/airflow/example_dags/tutorial_objectstorage.py for tasks to queue
[2024-07-12T08:02:09.429+0000] {logging_mixin.py:188} INFO - [2024-07-12T08:02:09.428+0000] {dagbag.py:545} INFO - Filling up the DagBag from /home/airflow/.local/lib/python3.12/site-packages/airflow/example_dags/tutorial_objectstorage.py
[2024-07-12T08:02:09.433+0000] {processor.py:840} INFO - DAG(s) 'tutorial_objectstorage' retrieved from /home/airflow/.local/lib/python3.12/site-packages/airflow/example_dags/tutorial_objectstorage.py
[2024-07-12T08:02:09.444+0000] {logging_mixin.py:188} INFO - [2024-07-12T08:02:09.444+0000] {dag.py:3096} INFO - Sync 1 DAGs
[2024-07-12T08:02:09.452+0000] {logging_mixin.py:188} INFO - [2024-07-12T08:02:09.452+0000] {dag.py:3954} INFO - Setting next_dagrun for tutorial_objectstorage to None, run_after=None
[2024-07-12T08:02:09.467+0000] {processor.py:183} INFO - Processing /home/airflow/.local/lib/python3.12/site-packages/airflow/example_dags/tutorial_objectstorage.py took 0.045 seconds
[2024-07-12T08:02:39.546+0000] {processor.py:161} INFO - Started process (PID=223) to work on /home/airflow/.local/lib/python3.12/site-packages/airflow/example_dags/tutorial_objectstorage.py
[2024-07-12T08:02:39.548+0000] {processor.py:830} INFO - Processing file /home/airflow/.local/lib/python3.12/site-packages/airflow/example_dags/tutorial_objectstorage.py for tasks to queue
[2024-07-12T08:02:39.550+0000] {logging_mixin.py:188} INFO - [2024-07-12T08:02:39.550+0000] {dagbag.py:545} INFO - Filling up the DagBag from /home/airflow/.local/lib/python3.12/site-packages/airflow/example_dags/tutorial_objectstorage.py
[2024-07-12T08:02:39.555+0000] {processor.py:840} INFO - DAG(s) 'tutorial_objectstorage' retrieved from /home/airflow/.local/lib/python3.12/site-packages/airflow/example_dags/tutorial_objectstorage.py
[2024-07-12T08:02:39.568+0000] {logging_mixin.py:188} INFO - [2024-07-12T08:02:39.568+0000] {dag.py:3096} INFO - Sync 1 DAGs
[2024-07-12T08:02:39.576+0000] {logging_mixin.py:188} INFO - [2024-07-12T08:02:39.576+0000] {dag.py:3954} INFO - Setting next_dagrun for tutorial_objectstorage to None, run_after=None
[2024-07-12T08:02:39.592+0000] {processor.py:183} INFO - Processing /home/airflow/.local/lib/python3.12/site-packages/airflow/example_dags/tutorial_objectstorage.py took 0.049 seconds
[2024-07-12T08:04:16.396+0000] {processor.py:161} INFO - Started process (PID=50) to work on /home/airflow/.local/lib/python3.12/site-packages/airflow/example_dags/tutorial_objectstorage.py
[2024-07-12T08:04:16.397+0000] {processor.py:830} INFO - Processing file /home/airflow/.local/lib/python3.12/site-packages/airflow/example_dags/tutorial_objectstorage.py for tasks to queue
[2024-07-12T08:04:16.398+0000] {logging_mixin.py:188} INFO - [2024-07-12T08:04:16.398+0000] {dagbag.py:545} INFO - Filling up the DagBag from /home/airflow/.local/lib/python3.12/site-packages/airflow/example_dags/tutorial_objectstorage.py
[2024-07-12T08:04:16.405+0000] {processor.py:840} INFO - DAG(s) 'tutorial_objectstorage' retrieved from /home/airflow/.local/lib/python3.12/site-packages/airflow/example_dags/tutorial_objectstorage.py
[2024-07-12T08:04:16.411+0000] {logging_mixin.py:188} INFO - [2024-07-12T08:04:16.411+0000] {dag.py:3096} INFO - Sync 1 DAGs
[2024-07-12T08:04:16.420+0000] {logging_mixin.py:188} INFO - [2024-07-12T08:04:16.420+0000] {dag.py:3954} INFO - Setting next_dagrun for tutorial_objectstorage to None, run_after=None
[2024-07-12T08:04:16.436+0000] {processor.py:183} INFO - Processing /home/airflow/.local/lib/python3.12/site-packages/airflow/example_dags/tutorial_objectstorage.py took 0.044 seconds
[2024-07-12T08:04:46.732+0000] {processor.py:161} INFO - Started process (PID=108) to work on /home/airflow/.local/lib/python3.12/site-packages/airflow/example_dags/tutorial_objectstorage.py
[2024-07-12T08:04:46.733+0000] {processor.py:830} INFO - Processing file /home/airflow/.local/lib/python3.12/site-packages/airflow/example_dags/tutorial_objectstorage.py for tasks to queue
[2024-07-12T08:04:46.734+0000] {logging_mixin.py:188} INFO - [2024-07-12T08:04:46.734+0000] {dagbag.py:545} INFO - Filling up the DagBag from /home/airflow/.local/lib/python3.12/site-packages/airflow/example_dags/tutorial_objectstorage.py
[2024-07-12T08:04:46.739+0000] {processor.py:840} INFO - DAG(s) 'tutorial_objectstorage' retrieved from /home/airflow/.local/lib/python3.12/site-packages/airflow/example_dags/tutorial_objectstorage.py
[2024-07-12T08:04:46.800+0000] {logging_mixin.py:188} INFO - [2024-07-12T08:04:46.799+0000] {dag.py:3096} INFO - Sync 1 DAGs
[2024-07-12T08:04:46.806+0000] {logging_mixin.py:188} INFO - [2024-07-12T08:04:46.806+0000] {dag.py:3954} INFO - Setting next_dagrun for tutorial_objectstorage to None, run_after=None
[2024-07-12T08:04:46.820+0000] {processor.py:183} INFO - Processing /home/airflow/.local/lib/python3.12/site-packages/airflow/example_dags/tutorial_objectstorage.py took 0.092 seconds
[2024-07-12T08:05:17.658+0000] {processor.py:161} INFO - Started process (PID=166) to work on /home/airflow/.local/lib/python3.12/site-packages/airflow/example_dags/tutorial_objectstorage.py
[2024-07-12T08:05:17.658+0000] {processor.py:830} INFO - Processing file /home/airflow/.local/lib/python3.12/site-packages/airflow/example_dags/tutorial_objectstorage.py for tasks to queue
[2024-07-12T08:05:17.660+0000] {logging_mixin.py:188} INFO - [2024-07-12T08:05:17.660+0000] {dagbag.py:545} INFO - Filling up the DagBag from /home/airflow/.local/lib/python3.12/site-packages/airflow/example_dags/tutorial_objectstorage.py
[2024-07-12T08:05:17.665+0000] {processor.py:840} INFO - DAG(s) 'tutorial_objectstorage' retrieved from /home/airflow/.local/lib/python3.12/site-packages/airflow/example_dags/tutorial_objectstorage.py
[2024-07-12T08:05:17.676+0000] {logging_mixin.py:188} INFO - [2024-07-12T08:05:17.676+0000] {dag.py:3096} INFO - Sync 1 DAGs
[2024-07-12T08:05:17.685+0000] {logging_mixin.py:188} INFO - [2024-07-12T08:05:17.684+0000] {dag.py:3954} INFO - Setting next_dagrun for tutorial_objectstorage to None, run_after=None
[2024-07-12T08:05:17.699+0000] {processor.py:183} INFO - Processing /home/airflow/.local/lib/python3.12/site-packages/airflow/example_dags/tutorial_objectstorage.py took 0.046 seconds
[2024-07-12T08:05:47.778+0000] {processor.py:161} INFO - Started process (PID=224) to work on /home/airflow/.local/lib/python3.12/site-packages/airflow/example_dags/tutorial_objectstorage.py
[2024-07-12T08:05:47.779+0000] {processor.py:830} INFO - Processing file /home/airflow/.local/lib/python3.12/site-packages/airflow/example_dags/tutorial_objectstorage.py for tasks to queue
[2024-07-12T08:05:47.781+0000] {logging_mixin.py:188} INFO - [2024-07-12T08:05:47.780+0000] {dagbag.py:545} INFO - Filling up the DagBag from /home/airflow/.local/lib/python3.12/site-packages/airflow/example_dags/tutorial_objectstorage.py
[2024-07-12T08:05:47.786+0000] {processor.py:840} INFO - DAG(s) 'tutorial_objectstorage' retrieved from /home/airflow/.local/lib/python3.12/site-packages/airflow/example_dags/tutorial_objectstorage.py
[2024-07-12T08:05:47.797+0000] {logging_mixin.py:188} INFO - [2024-07-12T08:05:47.797+0000] {dag.py:3096} INFO - Sync 1 DAGs
[2024-07-12T08:05:47.805+0000] {logging_mixin.py:188} INFO - [2024-07-12T08:05:47.805+0000] {dag.py:3954} INFO - Setting next_dagrun for tutorial_objectstorage to None, run_after=None
[2024-07-12T08:05:47.821+0000] {processor.py:183} INFO - Processing /home/airflow/.local/lib/python3.12/site-packages/airflow/example_dags/tutorial_objectstorage.py took 0.047 seconds
[2024-07-12T08:06:17.959+0000] {processor.py:161} INFO - Started process (PID=282) to work on /home/airflow/.local/lib/python3.12/site-packages/airflow/example_dags/tutorial_objectstorage.py
[2024-07-12T08:06:17.960+0000] {processor.py:830} INFO - Processing file /home/airflow/.local/lib/python3.12/site-packages/airflow/example_dags/tutorial_objectstorage.py for tasks to queue
[2024-07-12T08:06:17.961+0000] {logging_mixin.py:188} INFO - [2024-07-12T08:06:17.961+0000] {dagbag.py:545} INFO - Filling up the DagBag from /home/airflow/.local/lib/python3.12/site-packages/airflow/example_dags/tutorial_objectstorage.py
[2024-07-12T08:06:17.965+0000] {processor.py:840} INFO - DAG(s) 'tutorial_objectstorage' retrieved from /home/airflow/.local/lib/python3.12/site-packages/airflow/example_dags/tutorial_objectstorage.py
[2024-07-12T08:06:17.971+0000] {logging_mixin.py:188} INFO - [2024-07-12T08:06:17.971+0000] {dag.py:3096} INFO - Sync 1 DAGs
[2024-07-12T08:06:17.980+0000] {logging_mixin.py:188} INFO - [2024-07-12T08:06:17.980+0000] {dag.py:3954} INFO - Setting next_dagrun for tutorial_objectstorage to None, run_after=None
[2024-07-12T08:06:17.994+0000] {processor.py:183} INFO - Processing /home/airflow/.local/lib/python3.12/site-packages/airflow/example_dags/tutorial_objectstorage.py took 0.040 seconds
[2024-07-12T08:06:48.875+0000] {processor.py:161} INFO - Started process (PID=340) to work on /home/airflow/.local/lib/python3.12/site-packages/airflow/example_dags/tutorial_objectstorage.py
[2024-07-12T08:06:48.875+0000] {processor.py:830} INFO - Processing file /home/airflow/.local/lib/python3.12/site-packages/airflow/example_dags/tutorial_objectstorage.py for tasks to queue
[2024-07-12T08:06:48.877+0000] {logging_mixin.py:188} INFO - [2024-07-12T08:06:48.876+0000] {dagbag.py:545} INFO - Filling up the DagBag from /home/airflow/.local/lib/python3.12/site-packages/airflow/example_dags/tutorial_objectstorage.py
[2024-07-12T08:06:48.881+0000] {processor.py:840} INFO - DAG(s) 'tutorial_objectstorage' retrieved from /home/airflow/.local/lib/python3.12/site-packages/airflow/example_dags/tutorial_objectstorage.py
[2024-07-12T08:06:48.941+0000] {logging_mixin.py:188} INFO - [2024-07-12T08:06:48.941+0000] {dag.py:3096} INFO - Sync 1 DAGs
[2024-07-12T08:06:48.948+0000] {logging_mixin.py:188} INFO - [2024-07-12T08:06:48.948+0000] {dag.py:3954} INFO - Setting next_dagrun for tutorial_objectstorage to None, run_after=None
[2024-07-12T08:06:48.962+0000] {processor.py:183} INFO - Processing /home/airflow/.local/lib/python3.12/site-packages/airflow/example_dags/tutorial_objectstorage.py took 0.091 seconds
[2024-07-12T08:07:18.993+0000] {processor.py:161} INFO - Started process (PID=398) to work on /home/airflow/.local/lib/python3.12/site-packages/airflow/example_dags/tutorial_objectstorage.py
[2024-07-12T08:07:18.993+0000] {processor.py:830} INFO - Processing file /home/airflow/.local/lib/python3.12/site-packages/airflow/example_dags/tutorial_objectstorage.py for tasks to queue
[2024-07-12T08:07:18.995+0000] {logging_mixin.py:188} INFO - [2024-07-12T08:07:18.995+0000] {dagbag.py:545} INFO - Filling up the DagBag from /home/airflow/.local/lib/python3.12/site-packages/airflow/example_dags/tutorial_objectstorage.py
[2024-07-12T08:07:18.999+0000] {processor.py:840} INFO - DAG(s) 'tutorial_objectstorage' retrieved from /home/airflow/.local/lib/python3.12/site-packages/airflow/example_dags/tutorial_objectstorage.py
[2024-07-12T08:07:19.009+0000] {logging_mixin.py:188} INFO - [2024-07-12T08:07:19.009+0000] {dag.py:3096} INFO - Sync 1 DAGs
[2024-07-12T08:07:19.017+0000] {logging_mixin.py:188} INFO - [2024-07-12T08:07:19.017+0000] {dag.py:3954} INFO - Setting next_dagrun for tutorial_objectstorage to None, run_after=None
[2024-07-12T08:07:19.030+0000] {processor.py:183} INFO - Processing /home/airflow/.local/lib/python3.12/site-packages/airflow/example_dags/tutorial_objectstorage.py took 0.041 seconds
[2024-07-12T08:08:13.650+0000] {processor.py:161} INFO - Started process (PID=49) to work on /home/airflow/.local/lib/python3.12/site-packages/airflow/example_dags/tutorial_objectstorage.py
[2024-07-12T08:08:13.651+0000] {processor.py:830} INFO - Processing file /home/airflow/.local/lib/python3.12/site-packages/airflow/example_dags/tutorial_objectstorage.py for tasks to queue
[2024-07-12T08:08:13.653+0000] {logging_mixin.py:188} INFO - [2024-07-12T08:08:13.653+0000] {dagbag.py:545} INFO - Filling up the DagBag from /home/airflow/.local/lib/python3.12/site-packages/airflow/example_dags/tutorial_objectstorage.py
[2024-07-12T08:08:13.661+0000] {processor.py:840} INFO - DAG(s) 'tutorial_objectstorage' retrieved from /home/airflow/.local/lib/python3.12/site-packages/airflow/example_dags/tutorial_objectstorage.py
[2024-07-12T08:08:13.671+0000] {logging_mixin.py:188} INFO - [2024-07-12T08:08:13.671+0000] {dag.py:3096} INFO - Sync 1 DAGs
[2024-07-12T08:08:13.687+0000] {logging_mixin.py:188} INFO - [2024-07-12T08:08:13.687+0000] {dag.py:3954} INFO - Setting next_dagrun for tutorial_objectstorage to None, run_after=None
[2024-07-12T08:08:13.744+0000] {processor.py:183} INFO - Processing /home/airflow/.local/lib/python3.12/site-packages/airflow/example_dags/tutorial_objectstorage.py took 0.098 seconds
[2024-07-12T08:08:44.307+0000] {processor.py:161} INFO - Started process (PID=111) to work on /home/airflow/.local/lib/python3.12/site-packages/airflow/example_dags/tutorial_objectstorage.py
[2024-07-12T08:08:44.307+0000] {processor.py:830} INFO - Processing file /home/airflow/.local/lib/python3.12/site-packages/airflow/example_dags/tutorial_objectstorage.py for tasks to queue
[2024-07-12T08:08:44.309+0000] {logging_mixin.py:188} INFO - [2024-07-12T08:08:44.309+0000] {dagbag.py:545} INFO - Filling up the DagBag from /home/airflow/.local/lib/python3.12/site-packages/airflow/example_dags/tutorial_objectstorage.py
[2024-07-12T08:08:44.314+0000] {processor.py:840} INFO - DAG(s) 'tutorial_objectstorage' retrieved from /home/airflow/.local/lib/python3.12/site-packages/airflow/example_dags/tutorial_objectstorage.py
[2024-07-12T08:08:44.377+0000] {logging_mixin.py:188} INFO - [2024-07-12T08:08:44.377+0000] {dag.py:3096} INFO - Sync 1 DAGs
[2024-07-12T08:08:44.385+0000] {logging_mixin.py:188} INFO - [2024-07-12T08:08:44.385+0000] {dag.py:3954} INFO - Setting next_dagrun for tutorial_objectstorage to None, run_after=None
[2024-07-12T08:08:44.402+0000] {processor.py:183} INFO - Processing /home/airflow/.local/lib/python3.12/site-packages/airflow/example_dags/tutorial_objectstorage.py took 0.098 seconds
[2024-07-12T08:09:15.259+0000] {processor.py:161} INFO - Started process (PID=169) to work on /home/airflow/.local/lib/python3.12/site-packages/airflow/example_dags/tutorial_objectstorage.py
[2024-07-12T08:09:15.259+0000] {processor.py:830} INFO - Processing file /home/airflow/.local/lib/python3.12/site-packages/airflow/example_dags/tutorial_objectstorage.py for tasks to queue
[2024-07-12T08:09:15.261+0000] {logging_mixin.py:188} INFO - [2024-07-12T08:09:15.260+0000] {dagbag.py:545} INFO - Filling up the DagBag from /home/airflow/.local/lib/python3.12/site-packages/airflow/example_dags/tutorial_objectstorage.py
[2024-07-12T08:09:15.265+0000] {processor.py:840} INFO - DAG(s) 'tutorial_objectstorage' retrieved from /home/airflow/.local/lib/python3.12/site-packages/airflow/example_dags/tutorial_objectstorage.py
[2024-07-12T08:09:15.275+0000] {logging_mixin.py:188} INFO - [2024-07-12T08:09:15.275+0000] {dag.py:3096} INFO - Sync 1 DAGs
[2024-07-12T08:09:15.283+0000] {logging_mixin.py:188} INFO - [2024-07-12T08:09:15.283+0000] {dag.py:3954} INFO - Setting next_dagrun for tutorial_objectstorage to None, run_after=None
[2024-07-12T08:09:15.297+0000] {processor.py:183} INFO - Processing /home/airflow/.local/lib/python3.12/site-packages/airflow/example_dags/tutorial_objectstorage.py took 0.042 seconds
[2024-07-12T08:09:45.353+0000] {processor.py:161} INFO - Started process (PID=227) to work on /home/airflow/.local/lib/python3.12/site-packages/airflow/example_dags/tutorial_objectstorage.py
[2024-07-12T08:09:45.353+0000] {processor.py:830} INFO - Processing file /home/airflow/.local/lib/python3.12/site-packages/airflow/example_dags/tutorial_objectstorage.py for tasks to queue
[2024-07-12T08:09:45.354+0000] {logging_mixin.py:188} INFO - [2024-07-12T08:09:45.354+0000] {dagbag.py:545} INFO - Filling up the DagBag from /home/airflow/.local/lib/python3.12/site-packages/airflow/example_dags/tutorial_objectstorage.py
[2024-07-12T08:09:45.359+0000] {processor.py:840} INFO - DAG(s) 'tutorial_objectstorage' retrieved from /home/airflow/.local/lib/python3.12/site-packages/airflow/example_dags/tutorial_objectstorage.py
[2024-07-12T08:09:45.370+0000] {logging_mixin.py:188} INFO - [2024-07-12T08:09:45.369+0000] {dag.py:3096} INFO - Sync 1 DAGs
[2024-07-12T08:09:45.377+0000] {logging_mixin.py:188} INFO - [2024-07-12T08:09:45.377+0000] {dag.py:3954} INFO - Setting next_dagrun for tutorial_objectstorage to None, run_after=None
[2024-07-12T08:09:45.391+0000] {processor.py:183} INFO - Processing /home/airflow/.local/lib/python3.12/site-packages/airflow/example_dags/tutorial_objectstorage.py took 0.042 seconds
[2024-07-12T08:10:15.619+0000] {processor.py:161} INFO - Started process (PID=285) to work on /home/airflow/.local/lib/python3.12/site-packages/airflow/example_dags/tutorial_objectstorage.py
[2024-07-12T08:10:15.620+0000] {processor.py:830} INFO - Processing file /home/airflow/.local/lib/python3.12/site-packages/airflow/example_dags/tutorial_objectstorage.py for tasks to queue
[2024-07-12T08:10:15.622+0000] {logging_mixin.py:188} INFO - [2024-07-12T08:10:15.621+0000] {dagbag.py:545} INFO - Filling up the DagBag from /home/airflow/.local/lib/python3.12/site-packages/airflow/example_dags/tutorial_objectstorage.py
[2024-07-12T08:10:15.626+0000] {processor.py:840} INFO - DAG(s) 'tutorial_objectstorage' retrieved from /home/airflow/.local/lib/python3.12/site-packages/airflow/example_dags/tutorial_objectstorage.py
[2024-07-12T08:10:15.637+0000] {logging_mixin.py:188} INFO - [2024-07-12T08:10:15.637+0000] {dag.py:3096} INFO - Sync 1 DAGs
[2024-07-12T08:10:15.645+0000] {logging_mixin.py:188} INFO - [2024-07-12T08:10:15.645+0000] {dag.py:3954} INFO - Setting next_dagrun for tutorial_objectstorage to None, run_after=None
[2024-07-12T08:10:15.660+0000] {processor.py:183} INFO - Processing /home/airflow/.local/lib/python3.12/site-packages/airflow/example_dags/tutorial_objectstorage.py took 0.045 seconds
[2024-07-12T08:10:45.800+0000] {processor.py:161} INFO - Started process (PID=343) to work on /home/airflow/.local/lib/python3.12/site-packages/airflow/example_dags/tutorial_objectstorage.py
[2024-07-12T08:10:45.800+0000] {processor.py:830} INFO - Processing file /home/airflow/.local/lib/python3.12/site-packages/airflow/example_dags/tutorial_objectstorage.py for tasks to queue
[2024-07-12T08:10:45.802+0000] {logging_mixin.py:188} INFO - [2024-07-12T08:10:45.802+0000] {dagbag.py:545} INFO - Filling up the DagBag from /home/airflow/.local/lib/python3.12/site-packages/airflow/example_dags/tutorial_objectstorage.py
[2024-07-12T08:10:45.806+0000] {processor.py:840} INFO - DAG(s) 'tutorial_objectstorage' retrieved from /home/airflow/.local/lib/python3.12/site-packages/airflow/example_dags/tutorial_objectstorage.py
[2024-07-12T08:10:45.817+0000] {logging_mixin.py:188} INFO - [2024-07-12T08:10:45.817+0000] {dag.py:3096} INFO - Sync 1 DAGs
[2024-07-12T08:10:45.824+0000] {logging_mixin.py:188} INFO - [2024-07-12T08:10:45.824+0000] {dag.py:3954} INFO - Setting next_dagrun for tutorial_objectstorage to None, run_after=None
[2024-07-12T08:10:45.838+0000] {processor.py:183} INFO - Processing /home/airflow/.local/lib/python3.12/site-packages/airflow/example_dags/tutorial_objectstorage.py took 0.042 seconds
[2024-07-12T08:11:15.974+0000] {processor.py:161} INFO - Started process (PID=401) to work on /home/airflow/.local/lib/python3.12/site-packages/airflow/example_dags/tutorial_objectstorage.py
[2024-07-12T08:11:15.974+0000] {processor.py:830} INFO - Processing file /home/airflow/.local/lib/python3.12/site-packages/airflow/example_dags/tutorial_objectstorage.py for tasks to queue
[2024-07-12T08:11:15.975+0000] {logging_mixin.py:188} INFO - [2024-07-12T08:11:15.975+0000] {dagbag.py:545} INFO - Filling up the DagBag from /home/airflow/.local/lib/python3.12/site-packages/airflow/example_dags/tutorial_objectstorage.py
[2024-07-12T08:11:15.980+0000] {processor.py:840} INFO - DAG(s) 'tutorial_objectstorage' retrieved from /home/airflow/.local/lib/python3.12/site-packages/airflow/example_dags/tutorial_objectstorage.py
[2024-07-12T08:11:15.991+0000] {logging_mixin.py:188} INFO - [2024-07-12T08:11:15.991+0000] {dag.py:3096} INFO - Sync 1 DAGs
[2024-07-12T08:11:16.000+0000] {logging_mixin.py:188} INFO - [2024-07-12T08:11:16.000+0000] {dag.py:3954} INFO - Setting next_dagrun for tutorial_objectstorage to None, run_after=None
[2024-07-12T08:11:16.014+0000] {processor.py:183} INFO - Processing /home/airflow/.local/lib/python3.12/site-packages/airflow/example_dags/tutorial_objectstorage.py took 0.045 seconds
[2024-07-12T08:11:46.109+0000] {processor.py:161} INFO - Started process (PID=459) to work on /home/airflow/.local/lib/python3.12/site-packages/airflow/example_dags/tutorial_objectstorage.py
[2024-07-12T08:11:46.109+0000] {processor.py:830} INFO - Processing file /home/airflow/.local/lib/python3.12/site-packages/airflow/example_dags/tutorial_objectstorage.py for tasks to queue
[2024-07-12T08:11:46.111+0000] {logging_mixin.py:188} INFO - [2024-07-12T08:11:46.111+0000] {dagbag.py:545} INFO - Filling up the DagBag from /home/airflow/.local/lib/python3.12/site-packages/airflow/example_dags/tutorial_objectstorage.py
[2024-07-12T08:11:46.120+0000] {processor.py:840} INFO - DAG(s) 'tutorial_objectstorage' retrieved from /home/airflow/.local/lib/python3.12/site-packages/airflow/example_dags/tutorial_objectstorage.py
[2024-07-12T08:11:46.131+0000] {logging_mixin.py:188} INFO - [2024-07-12T08:11:46.131+0000] {dag.py:3096} INFO - Sync 1 DAGs
[2024-07-12T08:11:46.143+0000] {logging_mixin.py:188} INFO - [2024-07-12T08:11:46.143+0000] {dag.py:3954} INFO - Setting next_dagrun for tutorial_objectstorage to None, run_after=None
[2024-07-12T08:11:46.158+0000] {processor.py:183} INFO - Processing /home/airflow/.local/lib/python3.12/site-packages/airflow/example_dags/tutorial_objectstorage.py took 0.054 seconds
[2024-07-12T08:12:16.257+0000] {processor.py:161} INFO - Started process (PID=517) to work on /home/airflow/.local/lib/python3.12/site-packages/airflow/example_dags/tutorial_objectstorage.py
[2024-07-12T08:12:16.258+0000] {processor.py:830} INFO - Processing file /home/airflow/.local/lib/python3.12/site-packages/airflow/example_dags/tutorial_objectstorage.py for tasks to queue
[2024-07-12T08:12:16.259+0000] {logging_mixin.py:188} INFO - [2024-07-12T08:12:16.259+0000] {dagbag.py:545} INFO - Filling up the DagBag from /home/airflow/.local/lib/python3.12/site-packages/airflow/example_dags/tutorial_objectstorage.py
[2024-07-12T08:12:16.263+0000] {processor.py:840} INFO - DAG(s) 'tutorial_objectstorage' retrieved from /home/airflow/.local/lib/python3.12/site-packages/airflow/example_dags/tutorial_objectstorage.py
[2024-07-12T08:12:16.274+0000] {logging_mixin.py:188} INFO - [2024-07-12T08:12:16.274+0000] {dag.py:3096} INFO - Sync 1 DAGs
[2024-07-12T08:12:16.282+0000] {logging_mixin.py:188} INFO - [2024-07-12T08:12:16.282+0000] {dag.py:3954} INFO - Setting next_dagrun for tutorial_objectstorage to None, run_after=None
[2024-07-12T08:12:16.297+0000] {processor.py:183} INFO - Processing /home/airflow/.local/lib/python3.12/site-packages/airflow/example_dags/tutorial_objectstorage.py took 0.044 seconds
[2024-07-12T08:12:46.506+0000] {processor.py:161} INFO - Started process (PID=575) to work on /home/airflow/.local/lib/python3.12/site-packages/airflow/example_dags/tutorial_objectstorage.py
[2024-07-12T08:12:46.507+0000] {processor.py:830} INFO - Processing file /home/airflow/.local/lib/python3.12/site-packages/airflow/example_dags/tutorial_objectstorage.py for tasks to queue
[2024-07-12T08:12:46.509+0000] {logging_mixin.py:188} INFO - [2024-07-12T08:12:46.508+0000] {dagbag.py:545} INFO - Filling up the DagBag from /home/airflow/.local/lib/python3.12/site-packages/airflow/example_dags/tutorial_objectstorage.py
[2024-07-12T08:12:46.513+0000] {processor.py:840} INFO - DAG(s) 'tutorial_objectstorage' retrieved from /home/airflow/.local/lib/python3.12/site-packages/airflow/example_dags/tutorial_objectstorage.py
[2024-07-12T08:12:46.526+0000] {logging_mixin.py:188} INFO - [2024-07-12T08:12:46.525+0000] {dag.py:3096} INFO - Sync 1 DAGs
[2024-07-12T08:12:46.533+0000] {logging_mixin.py:188} INFO - [2024-07-12T08:12:46.533+0000] {dag.py:3954} INFO - Setting next_dagrun for tutorial_objectstorage to None, run_after=None
[2024-07-12T08:12:46.547+0000] {processor.py:183} INFO - Processing /home/airflow/.local/lib/python3.12/site-packages/airflow/example_dags/tutorial_objectstorage.py took 0.045 seconds
[2024-07-12T08:13:16.946+0000] {processor.py:161} INFO - Started process (PID=633) to work on /home/airflow/.local/lib/python3.12/site-packages/airflow/example_dags/tutorial_objectstorage.py
[2024-07-12T08:13:16.947+0000] {processor.py:830} INFO - Processing file /home/airflow/.local/lib/python3.12/site-packages/airflow/example_dags/tutorial_objectstorage.py for tasks to queue
[2024-07-12T08:13:16.949+0000] {logging_mixin.py:188} INFO - [2024-07-12T08:13:16.949+0000] {dagbag.py:545} INFO - Filling up the DagBag from /home/airflow/.local/lib/python3.12/site-packages/airflow/example_dags/tutorial_objectstorage.py
[2024-07-12T08:13:16.954+0000] {processor.py:840} INFO - DAG(s) 'tutorial_objectstorage' retrieved from /home/airflow/.local/lib/python3.12/site-packages/airflow/example_dags/tutorial_objectstorage.py
[2024-07-12T08:13:16.965+0000] {logging_mixin.py:188} INFO - [2024-07-12T08:13:16.965+0000] {dag.py:3096} INFO - Sync 1 DAGs
[2024-07-12T08:13:16.973+0000] {logging_mixin.py:188} INFO - [2024-07-12T08:13:16.973+0000] {dag.py:3954} INFO - Setting next_dagrun for tutorial_objectstorage to None, run_after=None
[2024-07-12T08:13:16.987+0000] {processor.py:183} INFO - Processing /home/airflow/.local/lib/python3.12/site-packages/airflow/example_dags/tutorial_objectstorage.py took 0.044 seconds
[2024-07-12T08:13:47.326+0000] {processor.py:161} INFO - Started process (PID=691) to work on /home/airflow/.local/lib/python3.12/site-packages/airflow/example_dags/tutorial_objectstorage.py
[2024-07-12T08:13:47.326+0000] {processor.py:830} INFO - Processing file /home/airflow/.local/lib/python3.12/site-packages/airflow/example_dags/tutorial_objectstorage.py for tasks to queue
[2024-07-12T08:13:47.328+0000] {logging_mixin.py:188} INFO - [2024-07-12T08:13:47.328+0000] {dagbag.py:545} INFO - Filling up the DagBag from /home/airflow/.local/lib/python3.12/site-packages/airflow/example_dags/tutorial_objectstorage.py
[2024-07-12T08:13:47.333+0000] {processor.py:840} INFO - DAG(s) 'tutorial_objectstorage' retrieved from /home/airflow/.local/lib/python3.12/site-packages/airflow/example_dags/tutorial_objectstorage.py
[2024-07-12T08:13:47.345+0000] {logging_mixin.py:188} INFO - [2024-07-12T08:13:47.345+0000] {dag.py:3096} INFO - Sync 1 DAGs
[2024-07-12T08:13:47.354+0000] {logging_mixin.py:188} INFO - [2024-07-12T08:13:47.354+0000] {dag.py:3954} INFO - Setting next_dagrun for tutorial_objectstorage to None, run_after=None
[2024-07-12T08:13:47.371+0000] {processor.py:183} INFO - Processing /home/airflow/.local/lib/python3.12/site-packages/airflow/example_dags/tutorial_objectstorage.py took 0.050 seconds
[2024-07-12T08:14:17.503+0000] {processor.py:161} INFO - Started process (PID=750) to work on /home/airflow/.local/lib/python3.12/site-packages/airflow/example_dags/tutorial_objectstorage.py
[2024-07-12T08:14:17.503+0000] {processor.py:830} INFO - Processing file /home/airflow/.local/lib/python3.12/site-packages/airflow/example_dags/tutorial_objectstorage.py for tasks to queue
[2024-07-12T08:14:17.505+0000] {logging_mixin.py:188} INFO - [2024-07-12T08:14:17.504+0000] {dagbag.py:545} INFO - Filling up the DagBag from /home/airflow/.local/lib/python3.12/site-packages/airflow/example_dags/tutorial_objectstorage.py
[2024-07-12T08:14:17.510+0000] {processor.py:840} INFO - DAG(s) 'tutorial_objectstorage' retrieved from /home/airflow/.local/lib/python3.12/site-packages/airflow/example_dags/tutorial_objectstorage.py
[2024-07-12T08:14:17.520+0000] {logging_mixin.py:188} INFO - [2024-07-12T08:14:17.520+0000] {dag.py:3096} INFO - Sync 1 DAGs
[2024-07-12T08:14:17.528+0000] {logging_mixin.py:188} INFO - [2024-07-12T08:14:17.528+0000] {dag.py:3954} INFO - Setting next_dagrun for tutorial_objectstorage to None, run_after=None
[2024-07-12T08:14:17.542+0000] {processor.py:183} INFO - Processing /home/airflow/.local/lib/python3.12/site-packages/airflow/example_dags/tutorial_objectstorage.py took 0.043 seconds
[2024-07-12T08:14:47.682+0000] {processor.py:161} INFO - Started process (PID=808) to work on /home/airflow/.local/lib/python3.12/site-packages/airflow/example_dags/tutorial_objectstorage.py
[2024-07-12T08:14:47.682+0000] {processor.py:830} INFO - Processing file /home/airflow/.local/lib/python3.12/site-packages/airflow/example_dags/tutorial_objectstorage.py for tasks to queue
[2024-07-12T08:14:47.684+0000] {logging_mixin.py:188} INFO - [2024-07-12T08:14:47.683+0000] {dagbag.py:545} INFO - Filling up the DagBag from /home/airflow/.local/lib/python3.12/site-packages/airflow/example_dags/tutorial_objectstorage.py
[2024-07-12T08:14:47.689+0000] {processor.py:840} INFO - DAG(s) 'tutorial_objectstorage' retrieved from /home/airflow/.local/lib/python3.12/site-packages/airflow/example_dags/tutorial_objectstorage.py
[2024-07-12T08:14:47.701+0000] {logging_mixin.py:188} INFO - [2024-07-12T08:14:47.701+0000] {dag.py:3096} INFO - Sync 1 DAGs
[2024-07-12T08:14:47.711+0000] {logging_mixin.py:188} INFO - [2024-07-12T08:14:47.711+0000] {dag.py:3954} INFO - Setting next_dagrun for tutorial_objectstorage to None, run_after=None
[2024-07-12T08:14:47.733+0000] {processor.py:183} INFO - Processing /home/airflow/.local/lib/python3.12/site-packages/airflow/example_dags/tutorial_objectstorage.py took 0.055 seconds
[2024-07-12T08:15:17.864+0000] {processor.py:161} INFO - Started process (PID=866) to work on /home/airflow/.local/lib/python3.12/site-packages/airflow/example_dags/tutorial_objectstorage.py
[2024-07-12T08:15:17.865+0000] {processor.py:830} INFO - Processing file /home/airflow/.local/lib/python3.12/site-packages/airflow/example_dags/tutorial_objectstorage.py for tasks to queue
[2024-07-12T08:15:17.866+0000] {logging_mixin.py:188} INFO - [2024-07-12T08:15:17.866+0000] {dagbag.py:545} INFO - Filling up the DagBag from /home/airflow/.local/lib/python3.12/site-packages/airflow/example_dags/tutorial_objectstorage.py
[2024-07-12T08:15:17.871+0000] {processor.py:840} INFO - DAG(s) 'tutorial_objectstorage' retrieved from /home/airflow/.local/lib/python3.12/site-packages/airflow/example_dags/tutorial_objectstorage.py
[2024-07-12T08:15:17.882+0000] {logging_mixin.py:188} INFO - [2024-07-12T08:15:17.882+0000] {dag.py:3096} INFO - Sync 1 DAGs
[2024-07-12T08:15:17.890+0000] {logging_mixin.py:188} INFO - [2024-07-12T08:15:17.890+0000] {dag.py:3954} INFO - Setting next_dagrun for tutorial_objectstorage to None, run_after=None
[2024-07-12T08:15:17.903+0000] {processor.py:183} INFO - Processing /home/airflow/.local/lib/python3.12/site-packages/airflow/example_dags/tutorial_objectstorage.py took 0.043 seconds
[2024-07-12T08:15:48.036+0000] {processor.py:161} INFO - Started process (PID=924) to work on /home/airflow/.local/lib/python3.12/site-packages/airflow/example_dags/tutorial_objectstorage.py
[2024-07-12T08:15:48.037+0000] {processor.py:830} INFO - Processing file /home/airflow/.local/lib/python3.12/site-packages/airflow/example_dags/tutorial_objectstorage.py for tasks to queue
[2024-07-12T08:15:48.039+0000] {logging_mixin.py:188} INFO - [2024-07-12T08:15:48.039+0000] {dagbag.py:545} INFO - Filling up the DagBag from /home/airflow/.local/lib/python3.12/site-packages/airflow/example_dags/tutorial_objectstorage.py
[2024-07-12T08:15:48.045+0000] {processor.py:840} INFO - DAG(s) 'tutorial_objectstorage' retrieved from /home/airflow/.local/lib/python3.12/site-packages/airflow/example_dags/tutorial_objectstorage.py
[2024-07-12T08:15:48.057+0000] {logging_mixin.py:188} INFO - [2024-07-12T08:15:48.056+0000] {dag.py:3096} INFO - Sync 1 DAGs
[2024-07-12T08:15:48.065+0000] {logging_mixin.py:188} INFO - [2024-07-12T08:15:48.065+0000] {dag.py:3954} INFO - Setting next_dagrun for tutorial_objectstorage to None, run_after=None
[2024-07-12T08:15:48.080+0000] {processor.py:183} INFO - Processing /home/airflow/.local/lib/python3.12/site-packages/airflow/example_dags/tutorial_objectstorage.py took 0.048 seconds
[2024-07-12T08:16:18.225+0000] {processor.py:161} INFO - Started process (PID=982) to work on /home/airflow/.local/lib/python3.12/site-packages/airflow/example_dags/tutorial_objectstorage.py
[2024-07-12T08:16:18.227+0000] {processor.py:830} INFO - Processing file /home/airflow/.local/lib/python3.12/site-packages/airflow/example_dags/tutorial_objectstorage.py for tasks to queue
[2024-07-12T08:16:18.228+0000] {logging_mixin.py:188} INFO - [2024-07-12T08:16:18.228+0000] {dagbag.py:545} INFO - Filling up the DagBag from /home/airflow/.local/lib/python3.12/site-packages/airflow/example_dags/tutorial_objectstorage.py
[2024-07-12T08:16:18.234+0000] {processor.py:840} INFO - DAG(s) 'tutorial_objectstorage' retrieved from /home/airflow/.local/lib/python3.12/site-packages/airflow/example_dags/tutorial_objectstorage.py
[2024-07-12T08:16:18.245+0000] {logging_mixin.py:188} INFO - [2024-07-12T08:16:18.245+0000] {dag.py:3096} INFO - Sync 1 DAGs
[2024-07-12T08:16:18.254+0000] {logging_mixin.py:188} INFO - [2024-07-12T08:16:18.254+0000] {dag.py:3954} INFO - Setting next_dagrun for tutorial_objectstorage to None, run_after=None
[2024-07-12T08:16:18.270+0000] {processor.py:183} INFO - Processing /home/airflow/.local/lib/python3.12/site-packages/airflow/example_dags/tutorial_objectstorage.py took 0.048 seconds
[2024-07-12T08:16:48.562+0000] {processor.py:161} INFO - Started process (PID=1040) to work on /home/airflow/.local/lib/python3.12/site-packages/airflow/example_dags/tutorial_objectstorage.py
[2024-07-12T08:16:48.563+0000] {processor.py:830} INFO - Processing file /home/airflow/.local/lib/python3.12/site-packages/airflow/example_dags/tutorial_objectstorage.py for tasks to queue
[2024-07-12T08:16:48.564+0000] {logging_mixin.py:188} INFO - [2024-07-12T08:16:48.564+0000] {dagbag.py:545} INFO - Filling up the DagBag from /home/airflow/.local/lib/python3.12/site-packages/airflow/example_dags/tutorial_objectstorage.py
[2024-07-12T08:16:48.569+0000] {processor.py:840} INFO - DAG(s) 'tutorial_objectstorage' retrieved from /home/airflow/.local/lib/python3.12/site-packages/airflow/example_dags/tutorial_objectstorage.py
[2024-07-12T08:16:48.579+0000] {logging_mixin.py:188} INFO - [2024-07-12T08:16:48.579+0000] {dag.py:3096} INFO - Sync 1 DAGs
[2024-07-12T08:16:48.587+0000] {logging_mixin.py:188} INFO - [2024-07-12T08:16:48.586+0000] {dag.py:3954} INFO - Setting next_dagrun for tutorial_objectstorage to None, run_after=None
[2024-07-12T08:16:48.600+0000] {processor.py:183} INFO - Processing /home/airflow/.local/lib/python3.12/site-packages/airflow/example_dags/tutorial_objectstorage.py took 0.042 seconds
[2024-07-12T08:17:18.781+0000] {processor.py:161} INFO - Started process (PID=1098) to work on /home/airflow/.local/lib/python3.12/site-packages/airflow/example_dags/tutorial_objectstorage.py
[2024-07-12T08:17:18.782+0000] {processor.py:830} INFO - Processing file /home/airflow/.local/lib/python3.12/site-packages/airflow/example_dags/tutorial_objectstorage.py for tasks to queue
[2024-07-12T08:17:18.784+0000] {logging_mixin.py:188} INFO - [2024-07-12T08:17:18.783+0000] {dagbag.py:545} INFO - Filling up the DagBag from /home/airflow/.local/lib/python3.12/site-packages/airflow/example_dags/tutorial_objectstorage.py
[2024-07-12T08:17:18.788+0000] {processor.py:840} INFO - DAG(s) 'tutorial_objectstorage' retrieved from /home/airflow/.local/lib/python3.12/site-packages/airflow/example_dags/tutorial_objectstorage.py
[2024-07-12T08:17:18.798+0000] {logging_mixin.py:188} INFO - [2024-07-12T08:17:18.798+0000] {dag.py:3096} INFO - Sync 1 DAGs
[2024-07-12T08:17:18.806+0000] {logging_mixin.py:188} INFO - [2024-07-12T08:17:18.806+0000] {dag.py:3954} INFO - Setting next_dagrun for tutorial_objectstorage to None, run_after=None
[2024-07-12T08:17:18.819+0000] {processor.py:183} INFO - Processing /home/airflow/.local/lib/python3.12/site-packages/airflow/example_dags/tutorial_objectstorage.py took 0.042 seconds
[2024-07-12T08:17:49.011+0000] {processor.py:161} INFO - Started process (PID=1156) to work on /home/airflow/.local/lib/python3.12/site-packages/airflow/example_dags/tutorial_objectstorage.py
[2024-07-12T08:17:49.012+0000] {processor.py:830} INFO - Processing file /home/airflow/.local/lib/python3.12/site-packages/airflow/example_dags/tutorial_objectstorage.py for tasks to queue
[2024-07-12T08:17:49.013+0000] {logging_mixin.py:188} INFO - [2024-07-12T08:17:49.013+0000] {dagbag.py:545} INFO - Filling up the DagBag from /home/airflow/.local/lib/python3.12/site-packages/airflow/example_dags/tutorial_objectstorage.py
[2024-07-12T08:17:49.018+0000] {processor.py:840} INFO - DAG(s) 'tutorial_objectstorage' retrieved from /home/airflow/.local/lib/python3.12/site-packages/airflow/example_dags/tutorial_objectstorage.py
[2024-07-12T08:17:49.029+0000] {logging_mixin.py:188} INFO - [2024-07-12T08:17:49.028+0000] {dag.py:3096} INFO - Sync 1 DAGs
[2024-07-12T08:17:49.037+0000] {logging_mixin.py:188} INFO - [2024-07-12T08:17:49.036+0000] {dag.py:3954} INFO - Setting next_dagrun for tutorial_objectstorage to None, run_after=None
[2024-07-12T08:17:49.050+0000] {processor.py:183} INFO - Processing /home/airflow/.local/lib/python3.12/site-packages/airflow/example_dags/tutorial_objectstorage.py took 0.042 seconds
[2024-07-12T08:18:19.306+0000] {processor.py:161} INFO - Started process (PID=1214) to work on /home/airflow/.local/lib/python3.12/site-packages/airflow/example_dags/tutorial_objectstorage.py
[2024-07-12T08:18:19.306+0000] {processor.py:830} INFO - Processing file /home/airflow/.local/lib/python3.12/site-packages/airflow/example_dags/tutorial_objectstorage.py for tasks to queue
[2024-07-12T08:18:19.308+0000] {logging_mixin.py:188} INFO - [2024-07-12T08:18:19.307+0000] {dagbag.py:545} INFO - Filling up the DagBag from /home/airflow/.local/lib/python3.12/site-packages/airflow/example_dags/tutorial_objectstorage.py
[2024-07-12T08:18:19.312+0000] {processor.py:840} INFO - DAG(s) 'tutorial_objectstorage' retrieved from /home/airflow/.local/lib/python3.12/site-packages/airflow/example_dags/tutorial_objectstorage.py
[2024-07-12T08:18:19.323+0000] {logging_mixin.py:188} INFO - [2024-07-12T08:18:19.323+0000] {dag.py:3096} INFO - Sync 1 DAGs
[2024-07-12T08:18:19.330+0000] {logging_mixin.py:188} INFO - [2024-07-12T08:18:19.330+0000] {dag.py:3954} INFO - Setting next_dagrun for tutorial_objectstorage to None, run_after=None
[2024-07-12T08:18:19.344+0000] {processor.py:183} INFO - Processing /home/airflow/.local/lib/python3.12/site-packages/airflow/example_dags/tutorial_objectstorage.py took 0.042 seconds
[2024-07-12T08:18:49.694+0000] {processor.py:161} INFO - Started process (PID=1272) to work on /home/airflow/.local/lib/python3.12/site-packages/airflow/example_dags/tutorial_objectstorage.py
[2024-07-12T08:18:49.695+0000] {processor.py:830} INFO - Processing file /home/airflow/.local/lib/python3.12/site-packages/airflow/example_dags/tutorial_objectstorage.py for tasks to queue
[2024-07-12T08:18:49.697+0000] {logging_mixin.py:188} INFO - [2024-07-12T08:18:49.696+0000] {dagbag.py:545} INFO - Filling up the DagBag from /home/airflow/.local/lib/python3.12/site-packages/airflow/example_dags/tutorial_objectstorage.py
[2024-07-12T08:18:49.701+0000] {processor.py:840} INFO - DAG(s) 'tutorial_objectstorage' retrieved from /home/airflow/.local/lib/python3.12/site-packages/airflow/example_dags/tutorial_objectstorage.py
[2024-07-12T08:18:49.712+0000] {logging_mixin.py:188} INFO - [2024-07-12T08:18:49.711+0000] {dag.py:3096} INFO - Sync 1 DAGs
[2024-07-12T08:18:49.720+0000] {logging_mixin.py:188} INFO - [2024-07-12T08:18:49.719+0000] {dag.py:3954} INFO - Setting next_dagrun for tutorial_objectstorage to None, run_after=None
[2024-07-12T08:18:49.733+0000] {processor.py:183} INFO - Processing /home/airflow/.local/lib/python3.12/site-packages/airflow/example_dags/tutorial_objectstorage.py took 0.043 seconds
[2024-07-12T08:19:19.915+0000] {processor.py:161} INFO - Started process (PID=1330) to work on /home/airflow/.local/lib/python3.12/site-packages/airflow/example_dags/tutorial_objectstorage.py
[2024-07-12T08:19:19.916+0000] {processor.py:830} INFO - Processing file /home/airflow/.local/lib/python3.12/site-packages/airflow/example_dags/tutorial_objectstorage.py for tasks to queue
[2024-07-12T08:19:19.917+0000] {logging_mixin.py:188} INFO - [2024-07-12T08:19:19.917+0000] {dagbag.py:545} INFO - Filling up the DagBag from /home/airflow/.local/lib/python3.12/site-packages/airflow/example_dags/tutorial_objectstorage.py
[2024-07-12T08:19:19.922+0000] {processor.py:840} INFO - DAG(s) 'tutorial_objectstorage' retrieved from /home/airflow/.local/lib/python3.12/site-packages/airflow/example_dags/tutorial_objectstorage.py
[2024-07-12T08:19:19.933+0000] {logging_mixin.py:188} INFO - [2024-07-12T08:19:19.933+0000] {dag.py:3096} INFO - Sync 1 DAGs
[2024-07-12T08:19:19.942+0000] {logging_mixin.py:188} INFO - [2024-07-12T08:19:19.942+0000] {dag.py:3954} INFO - Setting next_dagrun for tutorial_objectstorage to None, run_after=None
[2024-07-12T08:19:19.957+0000] {processor.py:183} INFO - Processing /home/airflow/.local/lib/python3.12/site-packages/airflow/example_dags/tutorial_objectstorage.py took 0.046 seconds
[2024-07-12T08:19:49.984+0000] {processor.py:161} INFO - Started process (PID=1387) to work on /home/airflow/.local/lib/python3.12/site-packages/airflow/example_dags/tutorial_objectstorage.py
[2024-07-12T08:19:49.985+0000] {processor.py:830} INFO - Processing file /home/airflow/.local/lib/python3.12/site-packages/airflow/example_dags/tutorial_objectstorage.py for tasks to queue
[2024-07-12T08:19:49.986+0000] {logging_mixin.py:188} INFO - [2024-07-12T08:19:49.986+0000] {dagbag.py:545} INFO - Filling up the DagBag from /home/airflow/.local/lib/python3.12/site-packages/airflow/example_dags/tutorial_objectstorage.py
[2024-07-12T08:19:49.991+0000] {processor.py:840} INFO - DAG(s) 'tutorial_objectstorage' retrieved from /home/airflow/.local/lib/python3.12/site-packages/airflow/example_dags/tutorial_objectstorage.py
[2024-07-12T08:19:50.003+0000] {logging_mixin.py:188} INFO - [2024-07-12T08:19:50.002+0000] {dag.py:3096} INFO - Sync 1 DAGs
[2024-07-12T08:19:50.012+0000] {logging_mixin.py:188} INFO - [2024-07-12T08:19:50.012+0000] {dag.py:3954} INFO - Setting next_dagrun for tutorial_objectstorage to None, run_after=None
[2024-07-12T08:19:50.028+0000] {processor.py:183} INFO - Processing /home/airflow/.local/lib/python3.12/site-packages/airflow/example_dags/tutorial_objectstorage.py took 0.048 seconds
[2024-07-12T08:20:20.252+0000] {processor.py:161} INFO - Started process (PID=1446) to work on /home/airflow/.local/lib/python3.12/site-packages/airflow/example_dags/tutorial_objectstorage.py
[2024-07-12T08:20:20.253+0000] {processor.py:830} INFO - Processing file /home/airflow/.local/lib/python3.12/site-packages/airflow/example_dags/tutorial_objectstorage.py for tasks to queue
[2024-07-12T08:20:20.254+0000] {logging_mixin.py:188} INFO - [2024-07-12T08:20:20.254+0000] {dagbag.py:545} INFO - Filling up the DagBag from /home/airflow/.local/lib/python3.12/site-packages/airflow/example_dags/tutorial_objectstorage.py
[2024-07-12T08:20:20.259+0000] {processor.py:840} INFO - DAG(s) 'tutorial_objectstorage' retrieved from /home/airflow/.local/lib/python3.12/site-packages/airflow/example_dags/tutorial_objectstorage.py
[2024-07-12T08:20:20.270+0000] {logging_mixin.py:188} INFO - [2024-07-12T08:20:20.270+0000] {dag.py:3096} INFO - Sync 1 DAGs
[2024-07-12T08:20:20.278+0000] {logging_mixin.py:188} INFO - [2024-07-12T08:20:20.278+0000] {dag.py:3954} INFO - Setting next_dagrun for tutorial_objectstorage to None, run_after=None
[2024-07-12T08:20:20.292+0000] {processor.py:183} INFO - Processing /home/airflow/.local/lib/python3.12/site-packages/airflow/example_dags/tutorial_objectstorage.py took 0.044 seconds
[2024-07-12T08:22:54.862+0000] {processor.py:161} INFO - Started process (PID=49) to work on /home/airflow/.local/lib/python3.12/site-packages/airflow/example_dags/tutorial_objectstorage.py
[2024-07-12T08:22:54.862+0000] {processor.py:830} INFO - Processing file /home/airflow/.local/lib/python3.12/site-packages/airflow/example_dags/tutorial_objectstorage.py for tasks to queue
[2024-07-12T08:22:54.864+0000] {logging_mixin.py:188} INFO - [2024-07-12T08:22:54.863+0000] {dagbag.py:545} INFO - Filling up the DagBag from /home/airflow/.local/lib/python3.12/site-packages/airflow/example_dags/tutorial_objectstorage.py
[2024-07-12T08:22:54.871+0000] {processor.py:840} INFO - DAG(s) 'tutorial_objectstorage' retrieved from /home/airflow/.local/lib/python3.12/site-packages/airflow/example_dags/tutorial_objectstorage.py
[2024-07-12T08:22:54.877+0000] {logging_mixin.py:188} INFO - [2024-07-12T08:22:54.876+0000] {dag.py:3096} INFO - Sync 1 DAGs
[2024-07-12T08:22:54.886+0000] {logging_mixin.py:188} INFO - [2024-07-12T08:22:54.886+0000] {dag.py:3954} INFO - Setting next_dagrun for tutorial_objectstorage to None, run_after=None
[2024-07-12T08:22:54.901+0000] {processor.py:183} INFO - Processing /home/airflow/.local/lib/python3.12/site-packages/airflow/example_dags/tutorial_objectstorage.py took 0.043 seconds
[2024-07-12T08:23:25.221+0000] {processor.py:161} INFO - Started process (PID=107) to work on /home/airflow/.local/lib/python3.12/site-packages/airflow/example_dags/tutorial_objectstorage.py
[2024-07-12T08:23:25.222+0000] {processor.py:830} INFO - Processing file /home/airflow/.local/lib/python3.12/site-packages/airflow/example_dags/tutorial_objectstorage.py for tasks to queue
[2024-07-12T08:23:25.224+0000] {logging_mixin.py:188} INFO - [2024-07-12T08:23:25.223+0000] {dagbag.py:545} INFO - Filling up the DagBag from /home/airflow/.local/lib/python3.12/site-packages/airflow/example_dags/tutorial_objectstorage.py
[2024-07-12T08:23:25.231+0000] {processor.py:840} INFO - DAG(s) 'tutorial_objectstorage' retrieved from /home/airflow/.local/lib/python3.12/site-packages/airflow/example_dags/tutorial_objectstorage.py
[2024-07-12T08:23:25.294+0000] {logging_mixin.py:188} INFO - [2024-07-12T08:23:25.294+0000] {dag.py:3096} INFO - Sync 1 DAGs
[2024-07-12T08:23:25.301+0000] {logging_mixin.py:188} INFO - [2024-07-12T08:23:25.301+0000] {dag.py:3954} INFO - Setting next_dagrun for tutorial_objectstorage to None, run_after=None
[2024-07-12T08:23:25.316+0000] {processor.py:183} INFO - Processing /home/airflow/.local/lib/python3.12/site-packages/airflow/example_dags/tutorial_objectstorage.py took 0.099 seconds
[2024-07-12T08:23:55.736+0000] {processor.py:161} INFO - Started process (PID=165) to work on /home/airflow/.local/lib/python3.12/site-packages/airflow/example_dags/tutorial_objectstorage.py
[2024-07-12T08:23:55.736+0000] {processor.py:830} INFO - Processing file /home/airflow/.local/lib/python3.12/site-packages/airflow/example_dags/tutorial_objectstorage.py for tasks to queue
[2024-07-12T08:23:55.738+0000] {logging_mixin.py:188} INFO - [2024-07-12T08:23:55.738+0000] {dagbag.py:545} INFO - Filling up the DagBag from /home/airflow/.local/lib/python3.12/site-packages/airflow/example_dags/tutorial_objectstorage.py
[2024-07-12T08:23:55.742+0000] {processor.py:840} INFO - DAG(s) 'tutorial_objectstorage' retrieved from /home/airflow/.local/lib/python3.12/site-packages/airflow/example_dags/tutorial_objectstorage.py
[2024-07-12T08:23:55.753+0000] {logging_mixin.py:188} INFO - [2024-07-12T08:23:55.753+0000] {dag.py:3096} INFO - Sync 1 DAGs
[2024-07-12T08:23:55.761+0000] {logging_mixin.py:188} INFO - [2024-07-12T08:23:55.761+0000] {dag.py:3954} INFO - Setting next_dagrun for tutorial_objectstorage to None, run_after=None
[2024-07-12T08:23:55.775+0000] {processor.py:183} INFO - Processing /home/airflow/.local/lib/python3.12/site-packages/airflow/example_dags/tutorial_objectstorage.py took 0.044 seconds
[2024-07-12T08:24:25.890+0000] {processor.py:161} INFO - Started process (PID=223) to work on /home/airflow/.local/lib/python3.12/site-packages/airflow/example_dags/tutorial_objectstorage.py
[2024-07-12T08:24:25.891+0000] {processor.py:830} INFO - Processing file /home/airflow/.local/lib/python3.12/site-packages/airflow/example_dags/tutorial_objectstorage.py for tasks to queue
[2024-07-12T08:24:25.892+0000] {logging_mixin.py:188} INFO - [2024-07-12T08:24:25.892+0000] {dagbag.py:545} INFO - Filling up the DagBag from /home/airflow/.local/lib/python3.12/site-packages/airflow/example_dags/tutorial_objectstorage.py
[2024-07-12T08:24:25.896+0000] {processor.py:840} INFO - DAG(s) 'tutorial_objectstorage' retrieved from /home/airflow/.local/lib/python3.12/site-packages/airflow/example_dags/tutorial_objectstorage.py
[2024-07-12T08:24:25.907+0000] {logging_mixin.py:188} INFO - [2024-07-12T08:24:25.907+0000] {dag.py:3096} INFO - Sync 1 DAGs
[2024-07-12T08:24:25.914+0000] {logging_mixin.py:188} INFO - [2024-07-12T08:24:25.914+0000] {dag.py:3954} INFO - Setting next_dagrun for tutorial_objectstorage to None, run_after=None
[2024-07-12T08:24:25.929+0000] {processor.py:183} INFO - Processing /home/airflow/.local/lib/python3.12/site-packages/airflow/example_dags/tutorial_objectstorage.py took 0.043 seconds
[2024-07-12T08:24:56.189+0000] {processor.py:161} INFO - Started process (PID=281) to work on /home/airflow/.local/lib/python3.12/site-packages/airflow/example_dags/tutorial_objectstorage.py
[2024-07-12T08:24:56.190+0000] {processor.py:830} INFO - Processing file /home/airflow/.local/lib/python3.12/site-packages/airflow/example_dags/tutorial_objectstorage.py for tasks to queue
[2024-07-12T08:24:56.191+0000] {logging_mixin.py:188} INFO - [2024-07-12T08:24:56.191+0000] {dagbag.py:545} INFO - Filling up the DagBag from /home/airflow/.local/lib/python3.12/site-packages/airflow/example_dags/tutorial_objectstorage.py
[2024-07-12T08:24:56.196+0000] {processor.py:840} INFO - DAG(s) 'tutorial_objectstorage' retrieved from /home/airflow/.local/lib/python3.12/site-packages/airflow/example_dags/tutorial_objectstorage.py
[2024-07-12T08:24:56.208+0000] {logging_mixin.py:188} INFO - [2024-07-12T08:24:56.207+0000] {dag.py:3096} INFO - Sync 1 DAGs
[2024-07-12T08:24:56.216+0000] {logging_mixin.py:188} INFO - [2024-07-12T08:24:56.216+0000] {dag.py:3954} INFO - Setting next_dagrun for tutorial_objectstorage to None, run_after=None
[2024-07-12T08:24:56.230+0000] {processor.py:183} INFO - Processing /home/airflow/.local/lib/python3.12/site-packages/airflow/example_dags/tutorial_objectstorage.py took 0.045 seconds
[2024-07-12T08:25:26.285+0000] {processor.py:161} INFO - Started process (PID=339) to work on /home/airflow/.local/lib/python3.12/site-packages/airflow/example_dags/tutorial_objectstorage.py
[2024-07-12T08:25:26.286+0000] {processor.py:830} INFO - Processing file /home/airflow/.local/lib/python3.12/site-packages/airflow/example_dags/tutorial_objectstorage.py for tasks to queue
[2024-07-12T08:25:26.287+0000] {logging_mixin.py:188} INFO - [2024-07-12T08:25:26.287+0000] {dagbag.py:545} INFO - Filling up the DagBag from /home/airflow/.local/lib/python3.12/site-packages/airflow/example_dags/tutorial_objectstorage.py
[2024-07-12T08:25:26.292+0000] {processor.py:840} INFO - DAG(s) 'tutorial_objectstorage' retrieved from /home/airflow/.local/lib/python3.12/site-packages/airflow/example_dags/tutorial_objectstorage.py
[2024-07-12T08:25:26.305+0000] {logging_mixin.py:188} INFO - [2024-07-12T08:25:26.304+0000] {dag.py:3096} INFO - Sync 1 DAGs
[2024-07-12T08:25:26.313+0000] {logging_mixin.py:188} INFO - [2024-07-12T08:25:26.313+0000] {dag.py:3954} INFO - Setting next_dagrun for tutorial_objectstorage to None, run_after=None
[2024-07-12T08:25:26.328+0000] {processor.py:183} INFO - Processing /home/airflow/.local/lib/python3.12/site-packages/airflow/example_dags/tutorial_objectstorage.py took 0.047 seconds
[2024-07-12T08:25:56.467+0000] {processor.py:161} INFO - Started process (PID=397) to work on /home/airflow/.local/lib/python3.12/site-packages/airflow/example_dags/tutorial_objectstorage.py
[2024-07-12T08:25:56.468+0000] {processor.py:830} INFO - Processing file /home/airflow/.local/lib/python3.12/site-packages/airflow/example_dags/tutorial_objectstorage.py for tasks to queue
[2024-07-12T08:25:56.469+0000] {logging_mixin.py:188} INFO - [2024-07-12T08:25:56.469+0000] {dagbag.py:545} INFO - Filling up the DagBag from /home/airflow/.local/lib/python3.12/site-packages/airflow/example_dags/tutorial_objectstorage.py
[2024-07-12T08:25:56.475+0000] {processor.py:840} INFO - DAG(s) 'tutorial_objectstorage' retrieved from /home/airflow/.local/lib/python3.12/site-packages/airflow/example_dags/tutorial_objectstorage.py
[2024-07-12T08:25:56.489+0000] {logging_mixin.py:188} INFO - [2024-07-12T08:25:56.488+0000] {dag.py:3096} INFO - Sync 1 DAGs
[2024-07-12T08:25:56.497+0000] {logging_mixin.py:188} INFO - [2024-07-12T08:25:56.497+0000] {dag.py:3954} INFO - Setting next_dagrun for tutorial_objectstorage to None, run_after=None
[2024-07-12T08:25:56.513+0000] {processor.py:183} INFO - Processing /home/airflow/.local/lib/python3.12/site-packages/airflow/example_dags/tutorial_objectstorage.py took 0.049 seconds
[2024-07-12T08:27:24.119+0000] {processor.py:161} INFO - Started process (PID=49) to work on /home/airflow/.local/lib/python3.12/site-packages/airflow/example_dags/tutorial_objectstorage.py
[2024-07-12T08:27:24.120+0000] {processor.py:830} INFO - Processing file /home/airflow/.local/lib/python3.12/site-packages/airflow/example_dags/tutorial_objectstorage.py for tasks to queue
[2024-07-12T08:27:24.121+0000] {logging_mixin.py:188} INFO - [2024-07-12T08:27:24.121+0000] {dagbag.py:545} INFO - Filling up the DagBag from /home/airflow/.local/lib/python3.12/site-packages/airflow/example_dags/tutorial_objectstorage.py
[2024-07-12T08:27:24.133+0000] {processor.py:840} INFO - DAG(s) 'tutorial_objectstorage' retrieved from /home/airflow/.local/lib/python3.12/site-packages/airflow/example_dags/tutorial_objectstorage.py
[2024-07-12T08:27:24.148+0000] {logging_mixin.py:188} INFO - [2024-07-12T08:27:24.148+0000] {dag.py:3096} INFO - Sync 1 DAGs
[2024-07-12T08:27:24.170+0000] {logging_mixin.py:188} INFO - [2024-07-12T08:27:24.170+0000] {dag.py:3954} INFO - Setting next_dagrun for tutorial_objectstorage to None, run_after=None
[2024-07-12T08:27:24.208+0000] {processor.py:183} INFO - Processing /home/airflow/.local/lib/python3.12/site-packages/airflow/example_dags/tutorial_objectstorage.py took 0.093 seconds
[2024-07-12T08:27:55.143+0000] {processor.py:161} INFO - Started process (PID=107) to work on /home/airflow/.local/lib/python3.12/site-packages/airflow/example_dags/tutorial_objectstorage.py
[2024-07-12T08:27:55.144+0000] {processor.py:830} INFO - Processing file /home/airflow/.local/lib/python3.12/site-packages/airflow/example_dags/tutorial_objectstorage.py for tasks to queue
[2024-07-12T08:27:55.146+0000] {logging_mixin.py:188} INFO - [2024-07-12T08:27:55.146+0000] {dagbag.py:545} INFO - Filling up the DagBag from /home/airflow/.local/lib/python3.12/site-packages/airflow/example_dags/tutorial_objectstorage.py
[2024-07-12T08:27:55.151+0000] {processor.py:840} INFO - DAG(s) 'tutorial_objectstorage' retrieved from /home/airflow/.local/lib/python3.12/site-packages/airflow/example_dags/tutorial_objectstorage.py
[2024-07-12T08:27:55.159+0000] {logging_mixin.py:188} INFO - [2024-07-12T08:27:55.158+0000] {dag.py:3096} INFO - Sync 1 DAGs
[2024-07-12T08:27:55.167+0000] {logging_mixin.py:188} INFO - [2024-07-12T08:27:55.167+0000] {dag.py:3954} INFO - Setting next_dagrun for tutorial_objectstorage to None, run_after=None
[2024-07-12T08:27:55.184+0000] {processor.py:183} INFO - Processing /home/airflow/.local/lib/python3.12/site-packages/airflow/example_dags/tutorial_objectstorage.py took 0.044 seconds
[2024-07-12T08:29:02.210+0000] {processor.py:161} INFO - Started process (PID=49) to work on /home/airflow/.local/lib/python3.12/site-packages/airflow/example_dags/tutorial_objectstorage.py
[2024-07-12T08:29:02.210+0000] {processor.py:830} INFO - Processing file /home/airflow/.local/lib/python3.12/site-packages/airflow/example_dags/tutorial_objectstorage.py for tasks to queue
[2024-07-12T08:29:02.212+0000] {logging_mixin.py:188} INFO - [2024-07-12T08:29:02.212+0000] {dagbag.py:545} INFO - Filling up the DagBag from /home/airflow/.local/lib/python3.12/site-packages/airflow/example_dags/tutorial_objectstorage.py
[2024-07-12T08:29:02.222+0000] {processor.py:840} INFO - DAG(s) 'tutorial_objectstorage' retrieved from /home/airflow/.local/lib/python3.12/site-packages/airflow/example_dags/tutorial_objectstorage.py
[2024-07-12T08:29:02.230+0000] {logging_mixin.py:188} INFO - [2024-07-12T08:29:02.230+0000] {dag.py:3096} INFO - Sync 1 DAGs
[2024-07-12T08:29:02.241+0000] {logging_mixin.py:188} INFO - [2024-07-12T08:29:02.240+0000] {dag.py:3954} INFO - Setting next_dagrun for tutorial_objectstorage to None, run_after=None
[2024-07-12T08:29:02.258+0000] {processor.py:183} INFO - Processing /home/airflow/.local/lib/python3.12/site-packages/airflow/example_dags/tutorial_objectstorage.py took 0.053 seconds
[2024-07-12T08:29:32.496+0000] {processor.py:161} INFO - Started process (PID=107) to work on /home/airflow/.local/lib/python3.12/site-packages/airflow/example_dags/tutorial_objectstorage.py
[2024-07-12T08:29:32.496+0000] {processor.py:830} INFO - Processing file /home/airflow/.local/lib/python3.12/site-packages/airflow/example_dags/tutorial_objectstorage.py for tasks to queue
[2024-07-12T08:29:32.498+0000] {logging_mixin.py:188} INFO - [2024-07-12T08:29:32.497+0000] {dagbag.py:545} INFO - Filling up the DagBag from /home/airflow/.local/lib/python3.12/site-packages/airflow/example_dags/tutorial_objectstorage.py
[2024-07-12T08:29:32.502+0000] {processor.py:840} INFO - DAG(s) 'tutorial_objectstorage' retrieved from /home/airflow/.local/lib/python3.12/site-packages/airflow/example_dags/tutorial_objectstorage.py
[2024-07-12T08:29:32.564+0000] {logging_mixin.py:188} INFO - [2024-07-12T08:29:32.564+0000] {dag.py:3096} INFO - Sync 1 DAGs
[2024-07-12T08:29:32.570+0000] {logging_mixin.py:188} INFO - [2024-07-12T08:29:32.570+0000] {dag.py:3954} INFO - Setting next_dagrun for tutorial_objectstorage to None, run_after=None
[2024-07-12T08:29:32.585+0000] {processor.py:183} INFO - Processing /home/airflow/.local/lib/python3.12/site-packages/airflow/example_dags/tutorial_objectstorage.py took 0.093 seconds
[2024-07-12T08:30:02.633+0000] {processor.py:161} INFO - Started process (PID=165) to work on /home/airflow/.local/lib/python3.12/site-packages/airflow/example_dags/tutorial_objectstorage.py
[2024-07-12T08:30:02.634+0000] {processor.py:830} INFO - Processing file /home/airflow/.local/lib/python3.12/site-packages/airflow/example_dags/tutorial_objectstorage.py for tasks to queue
[2024-07-12T08:30:02.635+0000] {logging_mixin.py:188} INFO - [2024-07-12T08:30:02.635+0000] {dagbag.py:545} INFO - Filling up the DagBag from /home/airflow/.local/lib/python3.12/site-packages/airflow/example_dags/tutorial_objectstorage.py
[2024-07-12T08:30:02.640+0000] {processor.py:840} INFO - DAG(s) 'tutorial_objectstorage' retrieved from /home/airflow/.local/lib/python3.12/site-packages/airflow/example_dags/tutorial_objectstorage.py
[2024-07-12T08:30:02.651+0000] {logging_mixin.py:188} INFO - [2024-07-12T08:30:02.651+0000] {dag.py:3096} INFO - Sync 1 DAGs
[2024-07-12T08:30:02.660+0000] {logging_mixin.py:188} INFO - [2024-07-12T08:30:02.660+0000] {dag.py:3954} INFO - Setting next_dagrun for tutorial_objectstorage to None, run_after=None
[2024-07-12T08:30:02.676+0000] {processor.py:183} INFO - Processing /home/airflow/.local/lib/python3.12/site-packages/airflow/example_dags/tutorial_objectstorage.py took 0.047 seconds
[2024-07-12T08:30:32.767+0000] {processor.py:161} INFO - Started process (PID=223) to work on /home/airflow/.local/lib/python3.12/site-packages/airflow/example_dags/tutorial_objectstorage.py
[2024-07-12T08:30:32.768+0000] {processor.py:830} INFO - Processing file /home/airflow/.local/lib/python3.12/site-packages/airflow/example_dags/tutorial_objectstorage.py for tasks to queue
[2024-07-12T08:30:32.769+0000] {logging_mixin.py:188} INFO - [2024-07-12T08:30:32.769+0000] {dagbag.py:545} INFO - Filling up the DagBag from /home/airflow/.local/lib/python3.12/site-packages/airflow/example_dags/tutorial_objectstorage.py
[2024-07-12T08:30:32.774+0000] {processor.py:840} INFO - DAG(s) 'tutorial_objectstorage' retrieved from /home/airflow/.local/lib/python3.12/site-packages/airflow/example_dags/tutorial_objectstorage.py
[2024-07-12T08:30:32.784+0000] {logging_mixin.py:188} INFO - [2024-07-12T08:30:32.783+0000] {dag.py:3096} INFO - Sync 1 DAGs
[2024-07-12T08:30:32.791+0000] {logging_mixin.py:188} INFO - [2024-07-12T08:30:32.791+0000] {dag.py:3954} INFO - Setting next_dagrun for tutorial_objectstorage to None, run_after=None
[2024-07-12T08:30:32.804+0000] {processor.py:183} INFO - Processing /home/airflow/.local/lib/python3.12/site-packages/airflow/example_dags/tutorial_objectstorage.py took 0.041 seconds
[2024-07-12T08:31:03.076+0000] {processor.py:161} INFO - Started process (PID=281) to work on /home/airflow/.local/lib/python3.12/site-packages/airflow/example_dags/tutorial_objectstorage.py
[2024-07-12T08:31:03.076+0000] {processor.py:830} INFO - Processing file /home/airflow/.local/lib/python3.12/site-packages/airflow/example_dags/tutorial_objectstorage.py for tasks to queue
[2024-07-12T08:31:03.077+0000] {logging_mixin.py:188} INFO - [2024-07-12T08:31:03.077+0000] {dagbag.py:545} INFO - Filling up the DagBag from /home/airflow/.local/lib/python3.12/site-packages/airflow/example_dags/tutorial_objectstorage.py
[2024-07-12T08:31:03.082+0000] {processor.py:840} INFO - DAG(s) 'tutorial_objectstorage' retrieved from /home/airflow/.local/lib/python3.12/site-packages/airflow/example_dags/tutorial_objectstorage.py
[2024-07-12T08:31:03.092+0000] {logging_mixin.py:188} INFO - [2024-07-12T08:31:03.091+0000] {dag.py:3096} INFO - Sync 1 DAGs
[2024-07-12T08:31:03.100+0000] {logging_mixin.py:188} INFO - [2024-07-12T08:31:03.099+0000] {dag.py:3954} INFO - Setting next_dagrun for tutorial_objectstorage to None, run_after=None
[2024-07-12T08:31:03.111+0000] {processor.py:183} INFO - Processing /home/airflow/.local/lib/python3.12/site-packages/airflow/example_dags/tutorial_objectstorage.py took 0.039 seconds
[2024-07-12T08:31:33.387+0000] {processor.py:161} INFO - Started process (PID=339) to work on /home/airflow/.local/lib/python3.12/site-packages/airflow/example_dags/tutorial_objectstorage.py
[2024-07-12T08:31:33.388+0000] {processor.py:830} INFO - Processing file /home/airflow/.local/lib/python3.12/site-packages/airflow/example_dags/tutorial_objectstorage.py for tasks to queue
[2024-07-12T08:31:33.389+0000] {logging_mixin.py:188} INFO - [2024-07-12T08:31:33.389+0000] {dagbag.py:545} INFO - Filling up the DagBag from /home/airflow/.local/lib/python3.12/site-packages/airflow/example_dags/tutorial_objectstorage.py
[2024-07-12T08:31:33.394+0000] {processor.py:840} INFO - DAG(s) 'tutorial_objectstorage' retrieved from /home/airflow/.local/lib/python3.12/site-packages/airflow/example_dags/tutorial_objectstorage.py
[2024-07-12T08:31:33.405+0000] {logging_mixin.py:188} INFO - [2024-07-12T08:31:33.405+0000] {dag.py:3096} INFO - Sync 1 DAGs
[2024-07-12T08:31:33.413+0000] {logging_mixin.py:188} INFO - [2024-07-12T08:31:33.413+0000] {dag.py:3954} INFO - Setting next_dagrun for tutorial_objectstorage to None, run_after=None
[2024-07-12T08:31:33.429+0000] {processor.py:183} INFO - Processing /home/airflow/.local/lib/python3.12/site-packages/airflow/example_dags/tutorial_objectstorage.py took 0.045 seconds
[2024-07-12T08:32:03.527+0000] {processor.py:161} INFO - Started process (PID=397) to work on /home/airflow/.local/lib/python3.12/site-packages/airflow/example_dags/tutorial_objectstorage.py
[2024-07-12T08:32:03.528+0000] {processor.py:830} INFO - Processing file /home/airflow/.local/lib/python3.12/site-packages/airflow/example_dags/tutorial_objectstorage.py for tasks to queue
[2024-07-12T08:32:03.529+0000] {logging_mixin.py:188} INFO - [2024-07-12T08:32:03.529+0000] {dagbag.py:545} INFO - Filling up the DagBag from /home/airflow/.local/lib/python3.12/site-packages/airflow/example_dags/tutorial_objectstorage.py
[2024-07-12T08:32:03.534+0000] {processor.py:840} INFO - DAG(s) 'tutorial_objectstorage' retrieved from /home/airflow/.local/lib/python3.12/site-packages/airflow/example_dags/tutorial_objectstorage.py
[2024-07-12T08:32:03.546+0000] {logging_mixin.py:188} INFO - [2024-07-12T08:32:03.546+0000] {dag.py:3096} INFO - Sync 1 DAGs
[2024-07-12T08:32:03.554+0000] {logging_mixin.py:188} INFO - [2024-07-12T08:32:03.554+0000] {dag.py:3954} INFO - Setting next_dagrun for tutorial_objectstorage to None, run_after=None
[2024-07-12T08:32:03.568+0000] {processor.py:183} INFO - Processing /home/airflow/.local/lib/python3.12/site-packages/airflow/example_dags/tutorial_objectstorage.py took 0.045 seconds
[2024-07-12T08:32:33.736+0000] {processor.py:161} INFO - Started process (PID=455) to work on /home/airflow/.local/lib/python3.12/site-packages/airflow/example_dags/tutorial_objectstorage.py
[2024-07-12T08:32:33.737+0000] {processor.py:830} INFO - Processing file /home/airflow/.local/lib/python3.12/site-packages/airflow/example_dags/tutorial_objectstorage.py for tasks to queue
[2024-07-12T08:32:33.738+0000] {logging_mixin.py:188} INFO - [2024-07-12T08:32:33.738+0000] {dagbag.py:545} INFO - Filling up the DagBag from /home/airflow/.local/lib/python3.12/site-packages/airflow/example_dags/tutorial_objectstorage.py
[2024-07-12T08:32:33.742+0000] {processor.py:840} INFO - DAG(s) 'tutorial_objectstorage' retrieved from /home/airflow/.local/lib/python3.12/site-packages/airflow/example_dags/tutorial_objectstorage.py
[2024-07-12T08:32:33.752+0000] {logging_mixin.py:188} INFO - [2024-07-12T08:32:33.752+0000] {dag.py:3096} INFO - Sync 1 DAGs
[2024-07-12T08:32:33.760+0000] {logging_mixin.py:188} INFO - [2024-07-12T08:32:33.760+0000] {dag.py:3954} INFO - Setting next_dagrun for tutorial_objectstorage to None, run_after=None
[2024-07-12T08:32:33.773+0000] {processor.py:183} INFO - Processing /home/airflow/.local/lib/python3.12/site-packages/airflow/example_dags/tutorial_objectstorage.py took 0.040 seconds
[2024-07-12T08:33:04.051+0000] {processor.py:161} INFO - Started process (PID=513) to work on /home/airflow/.local/lib/python3.12/site-packages/airflow/example_dags/tutorial_objectstorage.py
[2024-07-12T08:33:04.052+0000] {processor.py:830} INFO - Processing file /home/airflow/.local/lib/python3.12/site-packages/airflow/example_dags/tutorial_objectstorage.py for tasks to queue
[2024-07-12T08:33:04.053+0000] {logging_mixin.py:188} INFO - [2024-07-12T08:33:04.053+0000] {dagbag.py:545} INFO - Filling up the DagBag from /home/airflow/.local/lib/python3.12/site-packages/airflow/example_dags/tutorial_objectstorage.py
[2024-07-12T08:33:04.058+0000] {processor.py:840} INFO - DAG(s) 'tutorial_objectstorage' retrieved from /home/airflow/.local/lib/python3.12/site-packages/airflow/example_dags/tutorial_objectstorage.py
[2024-07-12T08:33:04.068+0000] {logging_mixin.py:188} INFO - [2024-07-12T08:33:04.068+0000] {dag.py:3096} INFO - Sync 1 DAGs
[2024-07-12T08:33:04.076+0000] {logging_mixin.py:188} INFO - [2024-07-12T08:33:04.075+0000] {dag.py:3954} INFO - Setting next_dagrun for tutorial_objectstorage to None, run_after=None
[2024-07-12T08:33:04.089+0000] {processor.py:183} INFO - Processing /home/airflow/.local/lib/python3.12/site-packages/airflow/example_dags/tutorial_objectstorage.py took 0.041 seconds
[2024-07-12T08:33:34.186+0000] {processor.py:161} INFO - Started process (PID=571) to work on /home/airflow/.local/lib/python3.12/site-packages/airflow/example_dags/tutorial_objectstorage.py
[2024-07-12T08:33:34.186+0000] {processor.py:830} INFO - Processing file /home/airflow/.local/lib/python3.12/site-packages/airflow/example_dags/tutorial_objectstorage.py for tasks to queue
[2024-07-12T08:33:34.188+0000] {logging_mixin.py:188} INFO - [2024-07-12T08:33:34.188+0000] {dagbag.py:545} INFO - Filling up the DagBag from /home/airflow/.local/lib/python3.12/site-packages/airflow/example_dags/tutorial_objectstorage.py
[2024-07-12T08:33:34.193+0000] {processor.py:840} INFO - DAG(s) 'tutorial_objectstorage' retrieved from /home/airflow/.local/lib/python3.12/site-packages/airflow/example_dags/tutorial_objectstorage.py
[2024-07-12T08:33:34.205+0000] {logging_mixin.py:188} INFO - [2024-07-12T08:33:34.205+0000] {dag.py:3096} INFO - Sync 1 DAGs
[2024-07-12T08:33:34.214+0000] {logging_mixin.py:188} INFO - [2024-07-12T08:33:34.214+0000] {dag.py:3954} INFO - Setting next_dagrun for tutorial_objectstorage to None, run_after=None
[2024-07-12T08:33:34.230+0000] {processor.py:183} INFO - Processing /home/airflow/.local/lib/python3.12/site-packages/airflow/example_dags/tutorial_objectstorage.py took 0.048 seconds
[2024-07-12T08:34:04.284+0000] {processor.py:161} INFO - Started process (PID=629) to work on /home/airflow/.local/lib/python3.12/site-packages/airflow/example_dags/tutorial_objectstorage.py
[2024-07-12T08:34:04.285+0000] {processor.py:830} INFO - Processing file /home/airflow/.local/lib/python3.12/site-packages/airflow/example_dags/tutorial_objectstorage.py for tasks to queue
[2024-07-12T08:34:04.287+0000] {logging_mixin.py:188} INFO - [2024-07-12T08:34:04.286+0000] {dagbag.py:545} INFO - Filling up the DagBag from /home/airflow/.local/lib/python3.12/site-packages/airflow/example_dags/tutorial_objectstorage.py
[2024-07-12T08:34:04.292+0000] {processor.py:840} INFO - DAG(s) 'tutorial_objectstorage' retrieved from /home/airflow/.local/lib/python3.12/site-packages/airflow/example_dags/tutorial_objectstorage.py
[2024-07-12T08:34:04.305+0000] {logging_mixin.py:188} INFO - [2024-07-12T08:34:04.304+0000] {dag.py:3096} INFO - Sync 1 DAGs
[2024-07-12T08:34:04.313+0000] {logging_mixin.py:188} INFO - [2024-07-12T08:34:04.312+0000] {dag.py:3954} INFO - Setting next_dagrun for tutorial_objectstorage to None, run_after=None
[2024-07-12T08:34:04.325+0000] {processor.py:183} INFO - Processing /home/airflow/.local/lib/python3.12/site-packages/airflow/example_dags/tutorial_objectstorage.py took 0.045 seconds
[2024-07-12T08:34:34.558+0000] {processor.py:161} INFO - Started process (PID=687) to work on /home/airflow/.local/lib/python3.12/site-packages/airflow/example_dags/tutorial_objectstorage.py
[2024-07-12T08:34:34.558+0000] {processor.py:830} INFO - Processing file /home/airflow/.local/lib/python3.12/site-packages/airflow/example_dags/tutorial_objectstorage.py for tasks to queue
[2024-07-12T08:34:34.560+0000] {logging_mixin.py:188} INFO - [2024-07-12T08:34:34.559+0000] {dagbag.py:545} INFO - Filling up the DagBag from /home/airflow/.local/lib/python3.12/site-packages/airflow/example_dags/tutorial_objectstorage.py
[2024-07-12T08:34:34.565+0000] {processor.py:840} INFO - DAG(s) 'tutorial_objectstorage' retrieved from /home/airflow/.local/lib/python3.12/site-packages/airflow/example_dags/tutorial_objectstorage.py
[2024-07-12T08:34:34.575+0000] {logging_mixin.py:188} INFO - [2024-07-12T08:34:34.575+0000] {dag.py:3096} INFO - Sync 1 DAGs
[2024-07-12T08:34:34.583+0000] {logging_mixin.py:188} INFO - [2024-07-12T08:34:34.583+0000] {dag.py:3954} INFO - Setting next_dagrun for tutorial_objectstorage to None, run_after=None
[2024-07-12T08:34:34.597+0000] {processor.py:183} INFO - Processing /home/airflow/.local/lib/python3.12/site-packages/airflow/example_dags/tutorial_objectstorage.py took 0.043 seconds
[2024-07-12T08:35:04.639+0000] {processor.py:161} INFO - Started process (PID=745) to work on /home/airflow/.local/lib/python3.12/site-packages/airflow/example_dags/tutorial_objectstorage.py
[2024-07-12T08:35:04.640+0000] {processor.py:830} INFO - Processing file /home/airflow/.local/lib/python3.12/site-packages/airflow/example_dags/tutorial_objectstorage.py for tasks to queue
[2024-07-12T08:35:04.641+0000] {logging_mixin.py:188} INFO - [2024-07-12T08:35:04.641+0000] {dagbag.py:545} INFO - Filling up the DagBag from /home/airflow/.local/lib/python3.12/site-packages/airflow/example_dags/tutorial_objectstorage.py
[2024-07-12T08:35:04.646+0000] {processor.py:840} INFO - DAG(s) 'tutorial_objectstorage' retrieved from /home/airflow/.local/lib/python3.12/site-packages/airflow/example_dags/tutorial_objectstorage.py
[2024-07-12T08:35:04.656+0000] {logging_mixin.py:188} INFO - [2024-07-12T08:35:04.655+0000] {dag.py:3096} INFO - Sync 1 DAGs
[2024-07-12T08:35:04.663+0000] {logging_mixin.py:188} INFO - [2024-07-12T08:35:04.663+0000] {dag.py:3954} INFO - Setting next_dagrun for tutorial_objectstorage to None, run_after=None
[2024-07-12T08:35:04.676+0000] {processor.py:183} INFO - Processing /home/airflow/.local/lib/python3.12/site-packages/airflow/example_dags/tutorial_objectstorage.py took 0.040 seconds
[2024-07-12T08:35:34.820+0000] {processor.py:161} INFO - Started process (PID=803) to work on /home/airflow/.local/lib/python3.12/site-packages/airflow/example_dags/tutorial_objectstorage.py
[2024-07-12T08:35:34.820+0000] {processor.py:830} INFO - Processing file /home/airflow/.local/lib/python3.12/site-packages/airflow/example_dags/tutorial_objectstorage.py for tasks to queue
[2024-07-12T08:35:34.822+0000] {logging_mixin.py:188} INFO - [2024-07-12T08:35:34.821+0000] {dagbag.py:545} INFO - Filling up the DagBag from /home/airflow/.local/lib/python3.12/site-packages/airflow/example_dags/tutorial_objectstorage.py
[2024-07-12T08:35:34.826+0000] {processor.py:840} INFO - DAG(s) 'tutorial_objectstorage' retrieved from /home/airflow/.local/lib/python3.12/site-packages/airflow/example_dags/tutorial_objectstorage.py
[2024-07-12T08:35:34.837+0000] {logging_mixin.py:188} INFO - [2024-07-12T08:35:34.837+0000] {dag.py:3096} INFO - Sync 1 DAGs
[2024-07-12T08:35:34.844+0000] {logging_mixin.py:188} INFO - [2024-07-12T08:35:34.844+0000] {dag.py:3954} INFO - Setting next_dagrun for tutorial_objectstorage to None, run_after=None
[2024-07-12T08:35:34.858+0000] {processor.py:183} INFO - Processing /home/airflow/.local/lib/python3.12/site-packages/airflow/example_dags/tutorial_objectstorage.py took 0.042 seconds
[2024-07-12T08:36:05.147+0000] {processor.py:161} INFO - Started process (PID=861) to work on /home/airflow/.local/lib/python3.12/site-packages/airflow/example_dags/tutorial_objectstorage.py
[2024-07-12T08:36:05.148+0000] {processor.py:830} INFO - Processing file /home/airflow/.local/lib/python3.12/site-packages/airflow/example_dags/tutorial_objectstorage.py for tasks to queue
[2024-07-12T08:36:05.149+0000] {logging_mixin.py:188} INFO - [2024-07-12T08:36:05.149+0000] {dagbag.py:545} INFO - Filling up the DagBag from /home/airflow/.local/lib/python3.12/site-packages/airflow/example_dags/tutorial_objectstorage.py
[2024-07-12T08:36:05.154+0000] {processor.py:840} INFO - DAG(s) 'tutorial_objectstorage' retrieved from /home/airflow/.local/lib/python3.12/site-packages/airflow/example_dags/tutorial_objectstorage.py
[2024-07-12T08:36:05.165+0000] {logging_mixin.py:188} INFO - [2024-07-12T08:36:05.165+0000] {dag.py:3096} INFO - Sync 1 DAGs
[2024-07-12T08:36:05.173+0000] {logging_mixin.py:188} INFO - [2024-07-12T08:36:05.173+0000] {dag.py:3954} INFO - Setting next_dagrun for tutorial_objectstorage to None, run_after=None
[2024-07-12T08:36:05.189+0000] {processor.py:183} INFO - Processing /home/airflow/.local/lib/python3.12/site-packages/airflow/example_dags/tutorial_objectstorage.py took 0.047 seconds
[2024-07-12T08:36:35.341+0000] {processor.py:161} INFO - Started process (PID=919) to work on /home/airflow/.local/lib/python3.12/site-packages/airflow/example_dags/tutorial_objectstorage.py
[2024-07-12T08:36:35.342+0000] {processor.py:830} INFO - Processing file /home/airflow/.local/lib/python3.12/site-packages/airflow/example_dags/tutorial_objectstorage.py for tasks to queue
[2024-07-12T08:36:35.343+0000] {logging_mixin.py:188} INFO - [2024-07-12T08:36:35.343+0000] {dagbag.py:545} INFO - Filling up the DagBag from /home/airflow/.local/lib/python3.12/site-packages/airflow/example_dags/tutorial_objectstorage.py
[2024-07-12T08:36:35.348+0000] {processor.py:840} INFO - DAG(s) 'tutorial_objectstorage' retrieved from /home/airflow/.local/lib/python3.12/site-packages/airflow/example_dags/tutorial_objectstorage.py
[2024-07-12T08:36:35.358+0000] {logging_mixin.py:188} INFO - [2024-07-12T08:36:35.358+0000] {dag.py:3096} INFO - Sync 1 DAGs
[2024-07-12T08:36:35.366+0000] {logging_mixin.py:188} INFO - [2024-07-12T08:36:35.366+0000] {dag.py:3954} INFO - Setting next_dagrun for tutorial_objectstorage to None, run_after=None
[2024-07-12T08:36:35.381+0000] {processor.py:183} INFO - Processing /home/airflow/.local/lib/python3.12/site-packages/airflow/example_dags/tutorial_objectstorage.py took 0.043 seconds
[2024-07-12T08:37:05.879+0000] {processor.py:161} INFO - Started process (PID=977) to work on /home/airflow/.local/lib/python3.12/site-packages/airflow/example_dags/tutorial_objectstorage.py
[2024-07-12T08:37:05.880+0000] {processor.py:830} INFO - Processing file /home/airflow/.local/lib/python3.12/site-packages/airflow/example_dags/tutorial_objectstorage.py for tasks to queue
[2024-07-12T08:37:05.881+0000] {logging_mixin.py:188} INFO - [2024-07-12T08:37:05.881+0000] {dagbag.py:545} INFO - Filling up the DagBag from /home/airflow/.local/lib/python3.12/site-packages/airflow/example_dags/tutorial_objectstorage.py
[2024-07-12T08:37:05.886+0000] {processor.py:840} INFO - DAG(s) 'tutorial_objectstorage' retrieved from /home/airflow/.local/lib/python3.12/site-packages/airflow/example_dags/tutorial_objectstorage.py
[2024-07-12T08:37:05.896+0000] {logging_mixin.py:188} INFO - [2024-07-12T08:37:05.896+0000] {dag.py:3096} INFO - Sync 1 DAGs
[2024-07-12T08:37:05.904+0000] {logging_mixin.py:188} INFO - [2024-07-12T08:37:05.904+0000] {dag.py:3954} INFO - Setting next_dagrun for tutorial_objectstorage to None, run_after=None
[2024-07-12T08:37:05.917+0000] {processor.py:183} INFO - Processing /home/airflow/.local/lib/python3.12/site-packages/airflow/example_dags/tutorial_objectstorage.py took 0.042 seconds
[2024-07-12T08:37:36.171+0000] {processor.py:161} INFO - Started process (PID=1035) to work on /home/airflow/.local/lib/python3.12/site-packages/airflow/example_dags/tutorial_objectstorage.py
[2024-07-12T08:37:36.172+0000] {processor.py:830} INFO - Processing file /home/airflow/.local/lib/python3.12/site-packages/airflow/example_dags/tutorial_objectstorage.py for tasks to queue
[2024-07-12T08:37:36.173+0000] {logging_mixin.py:188} INFO - [2024-07-12T08:37:36.173+0000] {dagbag.py:545} INFO - Filling up the DagBag from /home/airflow/.local/lib/python3.12/site-packages/airflow/example_dags/tutorial_objectstorage.py
[2024-07-12T08:37:36.178+0000] {processor.py:840} INFO - DAG(s) 'tutorial_objectstorage' retrieved from /home/airflow/.local/lib/python3.12/site-packages/airflow/example_dags/tutorial_objectstorage.py
[2024-07-12T08:37:36.188+0000] {logging_mixin.py:188} INFO - [2024-07-12T08:37:36.187+0000] {dag.py:3096} INFO - Sync 1 DAGs
[2024-07-12T08:37:36.195+0000] {logging_mixin.py:188} INFO - [2024-07-12T08:37:36.194+0000] {dag.py:3954} INFO - Setting next_dagrun for tutorial_objectstorage to None, run_after=None
[2024-07-12T08:37:36.207+0000] {processor.py:183} INFO - Processing /home/airflow/.local/lib/python3.12/site-packages/airflow/example_dags/tutorial_objectstorage.py took 0.040 seconds
[2024-07-12T08:38:06.499+0000] {processor.py:161} INFO - Started process (PID=1093) to work on /home/airflow/.local/lib/python3.12/site-packages/airflow/example_dags/tutorial_objectstorage.py
[2024-07-12T08:38:06.500+0000] {processor.py:830} INFO - Processing file /home/airflow/.local/lib/python3.12/site-packages/airflow/example_dags/tutorial_objectstorage.py for tasks to queue
[2024-07-12T08:38:06.501+0000] {logging_mixin.py:188} INFO - [2024-07-12T08:38:06.501+0000] {dagbag.py:545} INFO - Filling up the DagBag from /home/airflow/.local/lib/python3.12/site-packages/airflow/example_dags/tutorial_objectstorage.py
[2024-07-12T08:38:06.506+0000] {processor.py:840} INFO - DAG(s) 'tutorial_objectstorage' retrieved from /home/airflow/.local/lib/python3.12/site-packages/airflow/example_dags/tutorial_objectstorage.py
[2024-07-12T08:38:06.517+0000] {logging_mixin.py:188} INFO - [2024-07-12T08:38:06.517+0000] {dag.py:3096} INFO - Sync 1 DAGs
[2024-07-12T08:38:06.525+0000] {logging_mixin.py:188} INFO - [2024-07-12T08:38:06.525+0000] {dag.py:3954} INFO - Setting next_dagrun for tutorial_objectstorage to None, run_after=None
[2024-07-12T08:38:06.540+0000] {processor.py:183} INFO - Processing /home/airflow/.local/lib/python3.12/site-packages/airflow/example_dags/tutorial_objectstorage.py took 0.045 seconds
[2024-07-12T08:38:37.180+0000] {processor.py:161} INFO - Started process (PID=1151) to work on /home/airflow/.local/lib/python3.12/site-packages/airflow/example_dags/tutorial_objectstorage.py
[2024-07-12T08:38:37.191+0000] {processor.py:830} INFO - Processing file /home/airflow/.local/lib/python3.12/site-packages/airflow/example_dags/tutorial_objectstorage.py for tasks to queue
[2024-07-12T08:38:37.193+0000] {logging_mixin.py:188} INFO - [2024-07-12T08:38:37.193+0000] {dagbag.py:545} INFO - Filling up the DagBag from /home/airflow/.local/lib/python3.12/site-packages/airflow/example_dags/tutorial_objectstorage.py
[2024-07-12T08:38:37.199+0000] {processor.py:840} INFO - DAG(s) 'tutorial_objectstorage' retrieved from /home/airflow/.local/lib/python3.12/site-packages/airflow/example_dags/tutorial_objectstorage.py
[2024-07-12T08:38:37.212+0000] {logging_mixin.py:188} INFO - [2024-07-12T08:38:37.211+0000] {dag.py:3096} INFO - Sync 1 DAGs
[2024-07-12T08:38:37.221+0000] {logging_mixin.py:188} INFO - [2024-07-12T08:38:37.221+0000] {dag.py:3954} INFO - Setting next_dagrun for tutorial_objectstorage to None, run_after=None
[2024-07-12T08:38:37.237+0000] {processor.py:183} INFO - Processing /home/airflow/.local/lib/python3.12/site-packages/airflow/example_dags/tutorial_objectstorage.py took 0.060 seconds
[2024-07-12T08:39:07.450+0000] {processor.py:161} INFO - Started process (PID=1209) to work on /home/airflow/.local/lib/python3.12/site-packages/airflow/example_dags/tutorial_objectstorage.py
[2024-07-12T08:39:07.450+0000] {processor.py:830} INFO - Processing file /home/airflow/.local/lib/python3.12/site-packages/airflow/example_dags/tutorial_objectstorage.py for tasks to queue
[2024-07-12T08:39:07.452+0000] {logging_mixin.py:188} INFO - [2024-07-12T08:39:07.451+0000] {dagbag.py:545} INFO - Filling up the DagBag from /home/airflow/.local/lib/python3.12/site-packages/airflow/example_dags/tutorial_objectstorage.py
[2024-07-12T08:39:07.457+0000] {processor.py:840} INFO - DAG(s) 'tutorial_objectstorage' retrieved from /home/airflow/.local/lib/python3.12/site-packages/airflow/example_dags/tutorial_objectstorage.py
[2024-07-12T08:39:07.467+0000] {logging_mixin.py:188} INFO - [2024-07-12T08:39:07.467+0000] {dag.py:3096} INFO - Sync 1 DAGs
[2024-07-12T08:39:07.475+0000] {logging_mixin.py:188} INFO - [2024-07-12T08:39:07.474+0000] {dag.py:3954} INFO - Setting next_dagrun for tutorial_objectstorage to None, run_after=None
[2024-07-12T08:39:07.488+0000] {processor.py:183} INFO - Processing /home/airflow/.local/lib/python3.12/site-packages/airflow/example_dags/tutorial_objectstorage.py took 0.042 seconds
