[2024-07-12T07:58:05.511+0000] {processor.py:161} INFO - Started process (PID=64) to work on /home/airflow/.local/lib/python3.12/site-packages/airflow/example_dags/tutorial.py
[2024-07-12T07:58:05.512+0000] {processor.py:830} INFO - Processing file /home/airflow/.local/lib/python3.12/site-packages/airflow/example_dags/tutorial.py for tasks to queue
[2024-07-12T07:58:05.513+0000] {logging_mixin.py:188} INFO - [2024-07-12T07:58:05.513+0000] {dagbag.py:545} INFO - Filling up the DagBag from /home/airflow/.local/lib/python3.12/site-packages/airflow/example_dags/tutorial.py
[2024-07-12T07:58:05.520+0000] {processor.py:840} INFO - DAG(s) 'tutorial' retrieved from /home/airflow/.local/lib/python3.12/site-packages/airflow/example_dags/tutorial.py
[2024-07-12T07:58:05.526+0000] {logging_mixin.py:188} INFO - [2024-07-12T07:58:05.526+0000] {dag.py:3096} INFO - Sync 1 DAGs
[2024-07-12T07:58:05.542+0000] {logging_mixin.py:188} INFO - [2024-07-12T07:58:05.542+0000] {dag.py:3954} INFO - Setting next_dagrun for tutorial to 2024-07-11 00:00:00+00:00, run_after=2024-07-12 00:00:00+00:00
[2024-07-12T07:58:05.559+0000] {processor.py:183} INFO - Processing /home/airflow/.local/lib/python3.12/site-packages/airflow/example_dags/tutorial.py took 0.052 seconds
[2024-07-12T07:58:36.111+0000] {processor.py:161} INFO - Started process (PID=122) to work on /home/airflow/.local/lib/python3.12/site-packages/airflow/example_dags/tutorial.py
[2024-07-12T07:58:36.112+0000] {processor.py:830} INFO - Processing file /home/airflow/.local/lib/python3.12/site-packages/airflow/example_dags/tutorial.py for tasks to queue
[2024-07-12T07:58:36.114+0000] {logging_mixin.py:188} INFO - [2024-07-12T07:58:36.114+0000] {dagbag.py:545} INFO - Filling up the DagBag from /home/airflow/.local/lib/python3.12/site-packages/airflow/example_dags/tutorial.py
[2024-07-12T07:58:36.118+0000] {processor.py:840} INFO - DAG(s) 'tutorial' retrieved from /home/airflow/.local/lib/python3.12/site-packages/airflow/example_dags/tutorial.py
[2024-07-12T07:58:36.181+0000] {logging_mixin.py:188} INFO - [2024-07-12T07:58:36.181+0000] {dag.py:3096} INFO - Sync 1 DAGs
[2024-07-12T07:58:36.196+0000] {logging_mixin.py:188} INFO - [2024-07-12T07:58:36.196+0000] {dag.py:3954} INFO - Setting next_dagrun for tutorial to 2024-07-11 00:00:00+00:00, run_after=2024-07-12 00:00:00+00:00
[2024-07-12T07:58:36.213+0000] {processor.py:183} INFO - Processing /home/airflow/.local/lib/python3.12/site-packages/airflow/example_dags/tutorial.py took 0.105 seconds
[2024-07-12T07:59:07.000+0000] {processor.py:161} INFO - Started process (PID=180) to work on /home/airflow/.local/lib/python3.12/site-packages/airflow/example_dags/tutorial.py
[2024-07-12T07:59:07.001+0000] {processor.py:830} INFO - Processing file /home/airflow/.local/lib/python3.12/site-packages/airflow/example_dags/tutorial.py for tasks to queue
[2024-07-12T07:59:07.002+0000] {logging_mixin.py:188} INFO - [2024-07-12T07:59:07.002+0000] {dagbag.py:545} INFO - Filling up the DagBag from /home/airflow/.local/lib/python3.12/site-packages/airflow/example_dags/tutorial.py
[2024-07-12T07:59:07.007+0000] {processor.py:840} INFO - DAG(s) 'tutorial' retrieved from /home/airflow/.local/lib/python3.12/site-packages/airflow/example_dags/tutorial.py
[2024-07-12T07:59:07.018+0000] {logging_mixin.py:188} INFO - [2024-07-12T07:59:07.018+0000] {dag.py:3096} INFO - Sync 1 DAGs
[2024-07-12T07:59:07.032+0000] {logging_mixin.py:188} INFO - [2024-07-12T07:59:07.032+0000] {dag.py:3954} INFO - Setting next_dagrun for tutorial to 2024-07-11 00:00:00+00:00, run_after=2024-07-12 00:00:00+00:00
[2024-07-12T07:59:07.048+0000] {processor.py:183} INFO - Processing /home/airflow/.local/lib/python3.12/site-packages/airflow/example_dags/tutorial.py took 0.052 seconds
[2024-07-12T07:59:37.145+0000] {processor.py:161} INFO - Started process (PID=238) to work on /home/airflow/.local/lib/python3.12/site-packages/airflow/example_dags/tutorial.py
[2024-07-12T07:59:37.146+0000] {processor.py:830} INFO - Processing file /home/airflow/.local/lib/python3.12/site-packages/airflow/example_dags/tutorial.py for tasks to queue
[2024-07-12T07:59:37.147+0000] {logging_mixin.py:188} INFO - [2024-07-12T07:59:37.147+0000] {dagbag.py:545} INFO - Filling up the DagBag from /home/airflow/.local/lib/python3.12/site-packages/airflow/example_dags/tutorial.py
[2024-07-12T07:59:37.151+0000] {processor.py:840} INFO - DAG(s) 'tutorial' retrieved from /home/airflow/.local/lib/python3.12/site-packages/airflow/example_dags/tutorial.py
[2024-07-12T07:59:37.163+0000] {logging_mixin.py:188} INFO - [2024-07-12T07:59:37.163+0000] {dag.py:3096} INFO - Sync 1 DAGs
[2024-07-12T07:59:37.178+0000] {logging_mixin.py:188} INFO - [2024-07-12T07:59:37.177+0000] {dag.py:3954} INFO - Setting next_dagrun for tutorial to 2024-07-11 00:00:00+00:00, run_after=2024-07-12 00:00:00+00:00
[2024-07-12T07:59:37.192+0000] {processor.py:183} INFO - Processing /home/airflow/.local/lib/python3.12/site-packages/airflow/example_dags/tutorial.py took 0.050 seconds
[2024-07-12T08:01:09.401+0000] {processor.py:161} INFO - Started process (PID=63) to work on /home/airflow/.local/lib/python3.12/site-packages/airflow/example_dags/tutorial.py
[2024-07-12T08:01:09.402+0000] {processor.py:830} INFO - Processing file /home/airflow/.local/lib/python3.12/site-packages/airflow/example_dags/tutorial.py for tasks to queue
[2024-07-12T08:01:09.403+0000] {logging_mixin.py:188} INFO - [2024-07-12T08:01:09.403+0000] {dagbag.py:545} INFO - Filling up the DagBag from /home/airflow/.local/lib/python3.12/site-packages/airflow/example_dags/tutorial.py
[2024-07-12T08:01:09.409+0000] {processor.py:840} INFO - DAG(s) 'tutorial' retrieved from /home/airflow/.local/lib/python3.12/site-packages/airflow/example_dags/tutorial.py
[2024-07-12T08:01:09.415+0000] {logging_mixin.py:188} INFO - [2024-07-12T08:01:09.415+0000] {dag.py:3096} INFO - Sync 1 DAGs
[2024-07-12T08:01:09.433+0000] {logging_mixin.py:188} INFO - [2024-07-12T08:01:09.433+0000] {dag.py:3954} INFO - Setting next_dagrun for tutorial to 2024-07-11 00:00:00+00:00, run_after=2024-07-12 00:00:00+00:00
[2024-07-12T08:01:09.449+0000] {processor.py:183} INFO - Processing /home/airflow/.local/lib/python3.12/site-packages/airflow/example_dags/tutorial.py took 0.052 seconds
[2024-07-12T08:01:40.037+0000] {processor.py:161} INFO - Started process (PID=121) to work on /home/airflow/.local/lib/python3.12/site-packages/airflow/example_dags/tutorial.py
[2024-07-12T08:01:40.038+0000] {processor.py:830} INFO - Processing file /home/airflow/.local/lib/python3.12/site-packages/airflow/example_dags/tutorial.py for tasks to queue
[2024-07-12T08:01:40.039+0000] {logging_mixin.py:188} INFO - [2024-07-12T08:01:40.039+0000] {dagbag.py:545} INFO - Filling up the DagBag from /home/airflow/.local/lib/python3.12/site-packages/airflow/example_dags/tutorial.py
[2024-07-12T08:01:40.043+0000] {processor.py:840} INFO - DAG(s) 'tutorial' retrieved from /home/airflow/.local/lib/python3.12/site-packages/airflow/example_dags/tutorial.py
[2024-07-12T08:01:40.108+0000] {logging_mixin.py:188} INFO - [2024-07-12T08:01:40.107+0000] {dag.py:3096} INFO - Sync 1 DAGs
[2024-07-12T08:01:40.120+0000] {logging_mixin.py:188} INFO - [2024-07-12T08:01:40.120+0000] {dag.py:3954} INFO - Setting next_dagrun for tutorial to 2024-07-11 00:00:00+00:00, run_after=2024-07-12 00:00:00+00:00
[2024-07-12T08:01:40.134+0000] {processor.py:183} INFO - Processing /home/airflow/.local/lib/python3.12/site-packages/airflow/example_dags/tutorial.py took 0.100 seconds
[2024-07-12T08:02:11.063+0000] {processor.py:161} INFO - Started process (PID=179) to work on /home/airflow/.local/lib/python3.12/site-packages/airflow/example_dags/tutorial.py
[2024-07-12T08:02:11.064+0000] {processor.py:830} INFO - Processing file /home/airflow/.local/lib/python3.12/site-packages/airflow/example_dags/tutorial.py for tasks to queue
[2024-07-12T08:02:11.065+0000] {logging_mixin.py:188} INFO - [2024-07-12T08:02:11.065+0000] {dagbag.py:545} INFO - Filling up the DagBag from /home/airflow/.local/lib/python3.12/site-packages/airflow/example_dags/tutorial.py
[2024-07-12T08:02:11.069+0000] {processor.py:840} INFO - DAG(s) 'tutorial' retrieved from /home/airflow/.local/lib/python3.12/site-packages/airflow/example_dags/tutorial.py
[2024-07-12T08:02:11.080+0000] {logging_mixin.py:188} INFO - [2024-07-12T08:02:11.079+0000] {dag.py:3096} INFO - Sync 1 DAGs
[2024-07-12T08:02:11.093+0000] {logging_mixin.py:188} INFO - [2024-07-12T08:02:11.093+0000] {dag.py:3954} INFO - Setting next_dagrun for tutorial to 2024-07-11 00:00:00+00:00, run_after=2024-07-12 00:00:00+00:00
[2024-07-12T08:02:11.107+0000] {processor.py:183} INFO - Processing /home/airflow/.local/lib/python3.12/site-packages/airflow/example_dags/tutorial.py took 0.047 seconds
[2024-07-12T08:02:41.306+0000] {processor.py:161} INFO - Started process (PID=237) to work on /home/airflow/.local/lib/python3.12/site-packages/airflow/example_dags/tutorial.py
[2024-07-12T08:02:41.306+0000] {processor.py:830} INFO - Processing file /home/airflow/.local/lib/python3.12/site-packages/airflow/example_dags/tutorial.py for tasks to queue
[2024-07-12T08:02:41.308+0000] {logging_mixin.py:188} INFO - [2024-07-12T08:02:41.308+0000] {dagbag.py:545} INFO - Filling up the DagBag from /home/airflow/.local/lib/python3.12/site-packages/airflow/example_dags/tutorial.py
[2024-07-12T08:02:41.312+0000] {processor.py:840} INFO - DAG(s) 'tutorial' retrieved from /home/airflow/.local/lib/python3.12/site-packages/airflow/example_dags/tutorial.py
[2024-07-12T08:02:41.325+0000] {logging_mixin.py:188} INFO - [2024-07-12T08:02:41.325+0000] {dag.py:3096} INFO - Sync 1 DAGs
[2024-07-12T08:02:41.339+0000] {logging_mixin.py:188} INFO - [2024-07-12T08:02:41.339+0000] {dag.py:3954} INFO - Setting next_dagrun for tutorial to 2024-07-11 00:00:00+00:00, run_after=2024-07-12 00:00:00+00:00
[2024-07-12T08:02:41.356+0000] {processor.py:183} INFO - Processing /home/airflow/.local/lib/python3.12/site-packages/airflow/example_dags/tutorial.py took 0.054 seconds
[2024-07-12T08:04:17.029+0000] {processor.py:161} INFO - Started process (PID=64) to work on /home/airflow/.local/lib/python3.12/site-packages/airflow/example_dags/tutorial.py
[2024-07-12T08:04:17.030+0000] {processor.py:830} INFO - Processing file /home/airflow/.local/lib/python3.12/site-packages/airflow/example_dags/tutorial.py for tasks to queue
[2024-07-12T08:04:17.031+0000] {logging_mixin.py:188} INFO - [2024-07-12T08:04:17.031+0000] {dagbag.py:545} INFO - Filling up the DagBag from /home/airflow/.local/lib/python3.12/site-packages/airflow/example_dags/tutorial.py
[2024-07-12T08:04:17.037+0000] {processor.py:840} INFO - DAG(s) 'tutorial' retrieved from /home/airflow/.local/lib/python3.12/site-packages/airflow/example_dags/tutorial.py
[2024-07-12T08:04:17.045+0000] {logging_mixin.py:188} INFO - [2024-07-12T08:04:17.045+0000] {dag.py:3096} INFO - Sync 1 DAGs
[2024-07-12T08:04:17.061+0000] {logging_mixin.py:188} INFO - [2024-07-12T08:04:17.061+0000] {dag.py:3954} INFO - Setting next_dagrun for tutorial to 2024-07-11 00:00:00+00:00, run_after=2024-07-12 00:00:00+00:00
[2024-07-12T08:04:17.077+0000] {processor.py:183} INFO - Processing /home/airflow/.local/lib/python3.12/site-packages/airflow/example_dags/tutorial.py took 0.052 seconds
[2024-07-12T08:04:47.704+0000] {processor.py:161} INFO - Started process (PID=122) to work on /home/airflow/.local/lib/python3.12/site-packages/airflow/example_dags/tutorial.py
[2024-07-12T08:04:47.705+0000] {processor.py:830} INFO - Processing file /home/airflow/.local/lib/python3.12/site-packages/airflow/example_dags/tutorial.py for tasks to queue
[2024-07-12T08:04:47.706+0000] {logging_mixin.py:188} INFO - [2024-07-12T08:04:47.706+0000] {dagbag.py:545} INFO - Filling up the DagBag from /home/airflow/.local/lib/python3.12/site-packages/airflow/example_dags/tutorial.py
[2024-07-12T08:04:47.710+0000] {processor.py:840} INFO - DAG(s) 'tutorial' retrieved from /home/airflow/.local/lib/python3.12/site-packages/airflow/example_dags/tutorial.py
[2024-07-12T08:04:47.775+0000] {logging_mixin.py:188} INFO - [2024-07-12T08:04:47.775+0000] {dag.py:3096} INFO - Sync 1 DAGs
[2024-07-12T08:04:47.789+0000] {logging_mixin.py:188} INFO - [2024-07-12T08:04:47.789+0000] {dag.py:3954} INFO - Setting next_dagrun for tutorial to 2024-07-11 00:00:00+00:00, run_after=2024-07-12 00:00:00+00:00
[2024-07-12T08:04:47.804+0000] {processor.py:183} INFO - Processing /home/airflow/.local/lib/python3.12/site-packages/airflow/example_dags/tutorial.py took 0.104 seconds
[2024-07-12T08:05:18.276+0000] {processor.py:161} INFO - Started process (PID=180) to work on /home/airflow/.local/lib/python3.12/site-packages/airflow/example_dags/tutorial.py
[2024-07-12T08:05:18.277+0000] {processor.py:830} INFO - Processing file /home/airflow/.local/lib/python3.12/site-packages/airflow/example_dags/tutorial.py for tasks to queue
[2024-07-12T08:05:18.279+0000] {logging_mixin.py:188} INFO - [2024-07-12T08:05:18.278+0000] {dagbag.py:545} INFO - Filling up the DagBag from /home/airflow/.local/lib/python3.12/site-packages/airflow/example_dags/tutorial.py
[2024-07-12T08:05:18.282+0000] {processor.py:840} INFO - DAG(s) 'tutorial' retrieved from /home/airflow/.local/lib/python3.12/site-packages/airflow/example_dags/tutorial.py
[2024-07-12T08:05:18.293+0000] {logging_mixin.py:188} INFO - [2024-07-12T08:05:18.293+0000] {dag.py:3096} INFO - Sync 1 DAGs
[2024-07-12T08:05:18.308+0000] {logging_mixin.py:188} INFO - [2024-07-12T08:05:18.307+0000] {dag.py:3954} INFO - Setting next_dagrun for tutorial to 2024-07-11 00:00:00+00:00, run_after=2024-07-12 00:00:00+00:00
[2024-07-12T08:05:18.322+0000] {processor.py:183} INFO - Processing /home/airflow/.local/lib/python3.12/site-packages/airflow/example_dags/tutorial.py took 0.049 seconds
[2024-07-12T08:05:48.490+0000] {processor.py:161} INFO - Started process (PID=238) to work on /home/airflow/.local/lib/python3.12/site-packages/airflow/example_dags/tutorial.py
[2024-07-12T08:05:48.490+0000] {processor.py:830} INFO - Processing file /home/airflow/.local/lib/python3.12/site-packages/airflow/example_dags/tutorial.py for tasks to queue
[2024-07-12T08:05:48.492+0000] {logging_mixin.py:188} INFO - [2024-07-12T08:05:48.492+0000] {dagbag.py:545} INFO - Filling up the DagBag from /home/airflow/.local/lib/python3.12/site-packages/airflow/example_dags/tutorial.py
[2024-07-12T08:05:48.496+0000] {processor.py:840} INFO - DAG(s) 'tutorial' retrieved from /home/airflow/.local/lib/python3.12/site-packages/airflow/example_dags/tutorial.py
[2024-07-12T08:05:48.508+0000] {logging_mixin.py:188} INFO - [2024-07-12T08:05:48.508+0000] {dag.py:3096} INFO - Sync 1 DAGs
[2024-07-12T08:05:48.522+0000] {logging_mixin.py:188} INFO - [2024-07-12T08:05:48.521+0000] {dag.py:3954} INFO - Setting next_dagrun for tutorial to 2024-07-11 00:00:00+00:00, run_after=2024-07-12 00:00:00+00:00
[2024-07-12T08:05:48.537+0000] {processor.py:183} INFO - Processing /home/airflow/.local/lib/python3.12/site-packages/airflow/example_dags/tutorial.py took 0.051 seconds
[2024-07-12T08:06:19.507+0000] {processor.py:161} INFO - Started process (PID=296) to work on /home/airflow/.local/lib/python3.12/site-packages/airflow/example_dags/tutorial.py
[2024-07-12T08:06:19.508+0000] {processor.py:830} INFO - Processing file /home/airflow/.local/lib/python3.12/site-packages/airflow/example_dags/tutorial.py for tasks to queue
[2024-07-12T08:06:19.509+0000] {logging_mixin.py:188} INFO - [2024-07-12T08:06:19.509+0000] {dagbag.py:545} INFO - Filling up the DagBag from /home/airflow/.local/lib/python3.12/site-packages/airflow/example_dags/tutorial.py
[2024-07-12T08:06:19.513+0000] {processor.py:840} INFO - DAG(s) 'tutorial' retrieved from /home/airflow/.local/lib/python3.12/site-packages/airflow/example_dags/tutorial.py
[2024-07-12T08:06:19.521+0000] {logging_mixin.py:188} INFO - [2024-07-12T08:06:19.521+0000] {dag.py:3096} INFO - Sync 1 DAGs
[2024-07-12T08:06:19.536+0000] {logging_mixin.py:188} INFO - [2024-07-12T08:06:19.536+0000] {dag.py:3954} INFO - Setting next_dagrun for tutorial to 2024-07-11 00:00:00+00:00, run_after=2024-07-12 00:00:00+00:00
[2024-07-12T08:06:19.552+0000] {processor.py:183} INFO - Processing /home/airflow/.local/lib/python3.12/site-packages/airflow/example_dags/tutorial.py took 0.049 seconds
[2024-07-12T08:06:49.755+0000] {processor.py:161} INFO - Started process (PID=354) to work on /home/airflow/.local/lib/python3.12/site-packages/airflow/example_dags/tutorial.py
[2024-07-12T08:06:49.756+0000] {processor.py:830} INFO - Processing file /home/airflow/.local/lib/python3.12/site-packages/airflow/example_dags/tutorial.py for tasks to queue
[2024-07-12T08:06:49.757+0000] {logging_mixin.py:188} INFO - [2024-07-12T08:06:49.757+0000] {dagbag.py:545} INFO - Filling up the DagBag from /home/airflow/.local/lib/python3.12/site-packages/airflow/example_dags/tutorial.py
[2024-07-12T08:06:49.761+0000] {processor.py:840} INFO - DAG(s) 'tutorial' retrieved from /home/airflow/.local/lib/python3.12/site-packages/airflow/example_dags/tutorial.py
[2024-07-12T08:06:49.829+0000] {logging_mixin.py:188} INFO - [2024-07-12T08:06:49.828+0000] {dag.py:3096} INFO - Sync 1 DAGs
[2024-07-12T08:06:49.843+0000] {logging_mixin.py:188} INFO - [2024-07-12T08:06:49.843+0000] {dag.py:3954} INFO - Setting next_dagrun for tutorial to 2024-07-11 00:00:00+00:00, run_after=2024-07-12 00:00:00+00:00
[2024-07-12T08:06:49.862+0000] {processor.py:183} INFO - Processing /home/airflow/.local/lib/python3.12/site-packages/airflow/example_dags/tutorial.py took 0.110 seconds
[2024-07-12T08:07:19.889+0000] {processor.py:161} INFO - Started process (PID=412) to work on /home/airflow/.local/lib/python3.12/site-packages/airflow/example_dags/tutorial.py
[2024-07-12T08:07:19.890+0000] {processor.py:830} INFO - Processing file /home/airflow/.local/lib/python3.12/site-packages/airflow/example_dags/tutorial.py for tasks to queue
[2024-07-12T08:07:19.891+0000] {logging_mixin.py:188} INFO - [2024-07-12T08:07:19.891+0000] {dagbag.py:545} INFO - Filling up the DagBag from /home/airflow/.local/lib/python3.12/site-packages/airflow/example_dags/tutorial.py
[2024-07-12T08:07:19.895+0000] {processor.py:840} INFO - DAG(s) 'tutorial' retrieved from /home/airflow/.local/lib/python3.12/site-packages/airflow/example_dags/tutorial.py
[2024-07-12T08:07:19.908+0000] {logging_mixin.py:188} INFO - [2024-07-12T08:07:19.907+0000] {dag.py:3096} INFO - Sync 1 DAGs
[2024-07-12T08:07:19.925+0000] {logging_mixin.py:188} INFO - [2024-07-12T08:07:19.925+0000] {dag.py:3954} INFO - Setting next_dagrun for tutorial to 2024-07-11 00:00:00+00:00, run_after=2024-07-12 00:00:00+00:00
[2024-07-12T08:07:19.941+0000] {processor.py:183} INFO - Processing /home/airflow/.local/lib/python3.12/site-packages/airflow/example_dags/tutorial.py took 0.057 seconds
[2024-07-12T08:08:14.444+0000] {processor.py:161} INFO - Started process (PID=63) to work on /home/airflow/.local/lib/python3.12/site-packages/airflow/example_dags/tutorial.py
[2024-07-12T08:08:14.445+0000] {processor.py:830} INFO - Processing file /home/airflow/.local/lib/python3.12/site-packages/airflow/example_dags/tutorial.py for tasks to queue
[2024-07-12T08:08:14.446+0000] {logging_mixin.py:188} INFO - [2024-07-12T08:08:14.446+0000] {dagbag.py:545} INFO - Filling up the DagBag from /home/airflow/.local/lib/python3.12/site-packages/airflow/example_dags/tutorial.py
[2024-07-12T08:08:14.451+0000] {processor.py:840} INFO - DAG(s) 'tutorial' retrieved from /home/airflow/.local/lib/python3.12/site-packages/airflow/example_dags/tutorial.py
[2024-07-12T08:08:14.458+0000] {logging_mixin.py:188} INFO - [2024-07-12T08:08:14.458+0000] {dag.py:3096} INFO - Sync 1 DAGs
[2024-07-12T08:08:14.472+0000] {logging_mixin.py:188} INFO - [2024-07-12T08:08:14.472+0000] {dag.py:3954} INFO - Setting next_dagrun for tutorial to 2024-07-11 00:00:00+00:00, run_after=2024-07-12 00:00:00+00:00
[2024-07-12T08:08:14.489+0000] {processor.py:183} INFO - Processing /home/airflow/.local/lib/python3.12/site-packages/airflow/example_dags/tutorial.py took 0.049 seconds
[2024-07-12T08:08:45.218+0000] {processor.py:161} INFO - Started process (PID=125) to work on /home/airflow/.local/lib/python3.12/site-packages/airflow/example_dags/tutorial.py
[2024-07-12T08:08:45.219+0000] {processor.py:830} INFO - Processing file /home/airflow/.local/lib/python3.12/site-packages/airflow/example_dags/tutorial.py for tasks to queue
[2024-07-12T08:08:45.220+0000] {logging_mixin.py:188} INFO - [2024-07-12T08:08:45.220+0000] {dagbag.py:545} INFO - Filling up the DagBag from /home/airflow/.local/lib/python3.12/site-packages/airflow/example_dags/tutorial.py
[2024-07-12T08:08:45.224+0000] {processor.py:840} INFO - DAG(s) 'tutorial' retrieved from /home/airflow/.local/lib/python3.12/site-packages/airflow/example_dags/tutorial.py
[2024-07-12T08:08:45.285+0000] {logging_mixin.py:188} INFO - [2024-07-12T08:08:45.285+0000] {dag.py:3096} INFO - Sync 1 DAGs
[2024-07-12T08:08:45.298+0000] {logging_mixin.py:188} INFO - [2024-07-12T08:08:45.297+0000] {dag.py:3954} INFO - Setting next_dagrun for tutorial to 2024-07-12 00:00:00+00:00, run_after=2024-07-13 00:00:00+00:00
[2024-07-12T08:08:45.314+0000] {processor.py:183} INFO - Processing /home/airflow/.local/lib/python3.12/site-packages/airflow/example_dags/tutorial.py took 0.101 seconds
[2024-07-12T08:09:15.871+0000] {processor.py:161} INFO - Started process (PID=183) to work on /home/airflow/.local/lib/python3.12/site-packages/airflow/example_dags/tutorial.py
[2024-07-12T08:09:15.871+0000] {processor.py:830} INFO - Processing file /home/airflow/.local/lib/python3.12/site-packages/airflow/example_dags/tutorial.py for tasks to queue
[2024-07-12T08:09:15.873+0000] {logging_mixin.py:188} INFO - [2024-07-12T08:09:15.872+0000] {dagbag.py:545} INFO - Filling up the DagBag from /home/airflow/.local/lib/python3.12/site-packages/airflow/example_dags/tutorial.py
[2024-07-12T08:09:15.876+0000] {processor.py:840} INFO - DAG(s) 'tutorial' retrieved from /home/airflow/.local/lib/python3.12/site-packages/airflow/example_dags/tutorial.py
[2024-07-12T08:09:15.887+0000] {logging_mixin.py:188} INFO - [2024-07-12T08:09:15.887+0000] {dag.py:3096} INFO - Sync 1 DAGs
[2024-07-12T08:09:15.901+0000] {logging_mixin.py:188} INFO - [2024-07-12T08:09:15.900+0000] {dag.py:3954} INFO - Setting next_dagrun for tutorial to 2024-07-12 00:00:00+00:00, run_after=2024-07-13 00:00:00+00:00
[2024-07-12T08:09:15.913+0000] {processor.py:183} INFO - Processing /home/airflow/.local/lib/python3.12/site-packages/airflow/example_dags/tutorial.py took 0.046 seconds
[2024-07-12T08:09:46.070+0000] {processor.py:161} INFO - Started process (PID=241) to work on /home/airflow/.local/lib/python3.12/site-packages/airflow/example_dags/tutorial.py
[2024-07-12T08:09:46.071+0000] {processor.py:830} INFO - Processing file /home/airflow/.local/lib/python3.12/site-packages/airflow/example_dags/tutorial.py for tasks to queue
[2024-07-12T08:09:46.072+0000] {logging_mixin.py:188} INFO - [2024-07-12T08:09:46.072+0000] {dagbag.py:545} INFO - Filling up the DagBag from /home/airflow/.local/lib/python3.12/site-packages/airflow/example_dags/tutorial.py
[2024-07-12T08:09:46.076+0000] {processor.py:840} INFO - DAG(s) 'tutorial' retrieved from /home/airflow/.local/lib/python3.12/site-packages/airflow/example_dags/tutorial.py
[2024-07-12T08:09:46.087+0000] {logging_mixin.py:188} INFO - [2024-07-12T08:09:46.087+0000] {dag.py:3096} INFO - Sync 1 DAGs
[2024-07-12T08:09:46.101+0000] {logging_mixin.py:188} INFO - [2024-07-12T08:09:46.101+0000] {dag.py:3954} INFO - Setting next_dagrun for tutorial to 2024-07-12 00:00:00+00:00, run_after=2024-07-13 00:00:00+00:00
[2024-07-12T08:09:46.114+0000] {processor.py:183} INFO - Processing /home/airflow/.local/lib/python3.12/site-packages/airflow/example_dags/tutorial.py took 0.048 seconds
[2024-07-12T08:10:16.165+0000] {processor.py:161} INFO - Started process (PID=299) to work on /home/airflow/.local/lib/python3.12/site-packages/airflow/example_dags/tutorial.py
[2024-07-12T08:10:16.166+0000] {processor.py:830} INFO - Processing file /home/airflow/.local/lib/python3.12/site-packages/airflow/example_dags/tutorial.py for tasks to queue
[2024-07-12T08:10:16.167+0000] {logging_mixin.py:188} INFO - [2024-07-12T08:10:16.167+0000] {dagbag.py:545} INFO - Filling up the DagBag from /home/airflow/.local/lib/python3.12/site-packages/airflow/example_dags/tutorial.py
[2024-07-12T08:10:16.171+0000] {processor.py:840} INFO - DAG(s) 'tutorial' retrieved from /home/airflow/.local/lib/python3.12/site-packages/airflow/example_dags/tutorial.py
[2024-07-12T08:10:16.181+0000] {logging_mixin.py:188} INFO - [2024-07-12T08:10:16.181+0000] {dag.py:3096} INFO - Sync 1 DAGs
[2024-07-12T08:10:16.193+0000] {logging_mixin.py:188} INFO - [2024-07-12T08:10:16.193+0000] {dag.py:3954} INFO - Setting next_dagrun for tutorial to 2024-07-12 00:00:00+00:00, run_after=2024-07-13 00:00:00+00:00
[2024-07-12T08:10:16.207+0000] {processor.py:183} INFO - Processing /home/airflow/.local/lib/python3.12/site-packages/airflow/example_dags/tutorial.py took 0.046 seconds
[2024-07-12T08:10:46.443+0000] {processor.py:161} INFO - Started process (PID=357) to work on /home/airflow/.local/lib/python3.12/site-packages/airflow/example_dags/tutorial.py
[2024-07-12T08:10:46.444+0000] {processor.py:830} INFO - Processing file /home/airflow/.local/lib/python3.12/site-packages/airflow/example_dags/tutorial.py for tasks to queue
[2024-07-12T08:10:46.445+0000] {logging_mixin.py:188} INFO - [2024-07-12T08:10:46.445+0000] {dagbag.py:545} INFO - Filling up the DagBag from /home/airflow/.local/lib/python3.12/site-packages/airflow/example_dags/tutorial.py
[2024-07-12T08:10:46.449+0000] {processor.py:840} INFO - DAG(s) 'tutorial' retrieved from /home/airflow/.local/lib/python3.12/site-packages/airflow/example_dags/tutorial.py
[2024-07-12T08:10:46.463+0000] {logging_mixin.py:188} INFO - [2024-07-12T08:10:46.463+0000] {dag.py:3096} INFO - Sync 1 DAGs
[2024-07-12T08:10:46.478+0000] {logging_mixin.py:188} INFO - [2024-07-12T08:10:46.478+0000] {dag.py:3954} INFO - Setting next_dagrun for tutorial to 2024-07-12 00:00:00+00:00, run_after=2024-07-13 00:00:00+00:00
[2024-07-12T08:10:46.496+0000] {processor.py:183} INFO - Processing /home/airflow/.local/lib/python3.12/site-packages/airflow/example_dags/tutorial.py took 0.056 seconds
[2024-07-12T08:11:16.537+0000] {processor.py:161} INFO - Started process (PID=415) to work on /home/airflow/.local/lib/python3.12/site-packages/airflow/example_dags/tutorial.py
[2024-07-12T08:11:16.537+0000] {processor.py:830} INFO - Processing file /home/airflow/.local/lib/python3.12/site-packages/airflow/example_dags/tutorial.py for tasks to queue
[2024-07-12T08:11:16.539+0000] {logging_mixin.py:188} INFO - [2024-07-12T08:11:16.539+0000] {dagbag.py:545} INFO - Filling up the DagBag from /home/airflow/.local/lib/python3.12/site-packages/airflow/example_dags/tutorial.py
[2024-07-12T08:11:16.542+0000] {processor.py:840} INFO - DAG(s) 'tutorial' retrieved from /home/airflow/.local/lib/python3.12/site-packages/airflow/example_dags/tutorial.py
[2024-07-12T08:11:16.554+0000] {logging_mixin.py:188} INFO - [2024-07-12T08:11:16.554+0000] {dag.py:3096} INFO - Sync 1 DAGs
[2024-07-12T08:11:16.570+0000] {logging_mixin.py:188} INFO - [2024-07-12T08:11:16.570+0000] {dag.py:3954} INFO - Setting next_dagrun for tutorial to 2024-07-12 00:00:00+00:00, run_after=2024-07-13 00:00:00+00:00
[2024-07-12T08:11:16.585+0000] {processor.py:183} INFO - Processing /home/airflow/.local/lib/python3.12/site-packages/airflow/example_dags/tutorial.py took 0.053 seconds
[2024-07-12T08:11:46.709+0000] {processor.py:161} INFO - Started process (PID=473) to work on /home/airflow/.local/lib/python3.12/site-packages/airflow/example_dags/tutorial.py
[2024-07-12T08:11:46.710+0000] {processor.py:830} INFO - Processing file /home/airflow/.local/lib/python3.12/site-packages/airflow/example_dags/tutorial.py for tasks to queue
[2024-07-12T08:11:46.711+0000] {logging_mixin.py:188} INFO - [2024-07-12T08:11:46.711+0000] {dagbag.py:545} INFO - Filling up the DagBag from /home/airflow/.local/lib/python3.12/site-packages/airflow/example_dags/tutorial.py
[2024-07-12T08:11:46.715+0000] {processor.py:840} INFO - DAG(s) 'tutorial' retrieved from /home/airflow/.local/lib/python3.12/site-packages/airflow/example_dags/tutorial.py
[2024-07-12T08:11:46.728+0000] {logging_mixin.py:188} INFO - [2024-07-12T08:11:46.728+0000] {dag.py:3096} INFO - Sync 1 DAGs
[2024-07-12T08:11:46.743+0000] {logging_mixin.py:188} INFO - [2024-07-12T08:11:46.743+0000] {dag.py:3954} INFO - Setting next_dagrun for tutorial to 2024-07-12 00:00:00+00:00, run_after=2024-07-13 00:00:00+00:00
[2024-07-12T08:11:46.759+0000] {processor.py:183} INFO - Processing /home/airflow/.local/lib/python3.12/site-packages/airflow/example_dags/tutorial.py took 0.054 seconds
[2024-07-12T08:12:16.855+0000] {processor.py:161} INFO - Started process (PID=531) to work on /home/airflow/.local/lib/python3.12/site-packages/airflow/example_dags/tutorial.py
[2024-07-12T08:12:16.856+0000] {processor.py:830} INFO - Processing file /home/airflow/.local/lib/python3.12/site-packages/airflow/example_dags/tutorial.py for tasks to queue
[2024-07-12T08:12:16.858+0000] {logging_mixin.py:188} INFO - [2024-07-12T08:12:16.857+0000] {dagbag.py:545} INFO - Filling up the DagBag from /home/airflow/.local/lib/python3.12/site-packages/airflow/example_dags/tutorial.py
[2024-07-12T08:12:16.862+0000] {processor.py:840} INFO - DAG(s) 'tutorial' retrieved from /home/airflow/.local/lib/python3.12/site-packages/airflow/example_dags/tutorial.py
[2024-07-12T08:12:16.874+0000] {logging_mixin.py:188} INFO - [2024-07-12T08:12:16.874+0000] {dag.py:3096} INFO - Sync 1 DAGs
[2024-07-12T08:12:16.889+0000] {logging_mixin.py:188} INFO - [2024-07-12T08:12:16.889+0000] {dag.py:3954} INFO - Setting next_dagrun for tutorial to 2024-07-12 00:00:00+00:00, run_after=2024-07-13 00:00:00+00:00
[2024-07-12T08:12:16.905+0000] {processor.py:183} INFO - Processing /home/airflow/.local/lib/python3.12/site-packages/airflow/example_dags/tutorial.py took 0.055 seconds
[2024-07-12T08:12:47.121+0000] {processor.py:161} INFO - Started process (PID=589) to work on /home/airflow/.local/lib/python3.12/site-packages/airflow/example_dags/tutorial.py
[2024-07-12T08:12:47.122+0000] {processor.py:830} INFO - Processing file /home/airflow/.local/lib/python3.12/site-packages/airflow/example_dags/tutorial.py for tasks to queue
[2024-07-12T08:12:47.123+0000] {logging_mixin.py:188} INFO - [2024-07-12T08:12:47.123+0000] {dagbag.py:545} INFO - Filling up the DagBag from /home/airflow/.local/lib/python3.12/site-packages/airflow/example_dags/tutorial.py
[2024-07-12T08:12:47.126+0000] {processor.py:840} INFO - DAG(s) 'tutorial' retrieved from /home/airflow/.local/lib/python3.12/site-packages/airflow/example_dags/tutorial.py
[2024-07-12T08:12:47.137+0000] {logging_mixin.py:188} INFO - [2024-07-12T08:12:47.137+0000] {dag.py:3096} INFO - Sync 1 DAGs
[2024-07-12T08:12:47.152+0000] {logging_mixin.py:188} INFO - [2024-07-12T08:12:47.152+0000] {dag.py:3954} INFO - Setting next_dagrun for tutorial to 2024-07-12 00:00:00+00:00, run_after=2024-07-13 00:00:00+00:00
[2024-07-12T08:12:47.167+0000] {processor.py:183} INFO - Processing /home/airflow/.local/lib/python3.12/site-packages/airflow/example_dags/tutorial.py took 0.050 seconds
[2024-07-12T08:13:17.582+0000] {processor.py:161} INFO - Started process (PID=647) to work on /home/airflow/.local/lib/python3.12/site-packages/airflow/example_dags/tutorial.py
[2024-07-12T08:13:17.583+0000] {processor.py:830} INFO - Processing file /home/airflow/.local/lib/python3.12/site-packages/airflow/example_dags/tutorial.py for tasks to queue
[2024-07-12T08:13:17.584+0000] {logging_mixin.py:188} INFO - [2024-07-12T08:13:17.584+0000] {dagbag.py:545} INFO - Filling up the DagBag from /home/airflow/.local/lib/python3.12/site-packages/airflow/example_dags/tutorial.py
[2024-07-12T08:13:17.588+0000] {processor.py:840} INFO - DAG(s) 'tutorial' retrieved from /home/airflow/.local/lib/python3.12/site-packages/airflow/example_dags/tutorial.py
[2024-07-12T08:13:17.599+0000] {logging_mixin.py:188} INFO - [2024-07-12T08:13:17.599+0000] {dag.py:3096} INFO - Sync 1 DAGs
[2024-07-12T08:13:17.614+0000] {logging_mixin.py:188} INFO - [2024-07-12T08:13:17.614+0000] {dag.py:3954} INFO - Setting next_dagrun for tutorial to 2024-07-12 00:00:00+00:00, run_after=2024-07-13 00:00:00+00:00
[2024-07-12T08:13:17.629+0000] {processor.py:183} INFO - Processing /home/airflow/.local/lib/python3.12/site-packages/airflow/example_dags/tutorial.py took 0.051 seconds
[2024-07-12T08:13:48.044+0000] {processor.py:161} INFO - Started process (PID=705) to work on /home/airflow/.local/lib/python3.12/site-packages/airflow/example_dags/tutorial.py
[2024-07-12T08:13:48.045+0000] {processor.py:830} INFO - Processing file /home/airflow/.local/lib/python3.12/site-packages/airflow/example_dags/tutorial.py for tasks to queue
[2024-07-12T08:13:48.047+0000] {logging_mixin.py:188} INFO - [2024-07-12T08:13:48.047+0000] {dagbag.py:545} INFO - Filling up the DagBag from /home/airflow/.local/lib/python3.12/site-packages/airflow/example_dags/tutorial.py
[2024-07-12T08:13:48.051+0000] {processor.py:840} INFO - DAG(s) 'tutorial' retrieved from /home/airflow/.local/lib/python3.12/site-packages/airflow/example_dags/tutorial.py
[2024-07-12T08:13:48.063+0000] {logging_mixin.py:188} INFO - [2024-07-12T08:13:48.062+0000] {dag.py:3096} INFO - Sync 1 DAGs
[2024-07-12T08:13:48.078+0000] {logging_mixin.py:188} INFO - [2024-07-12T08:13:48.078+0000] {dag.py:3954} INFO - Setting next_dagrun for tutorial to 2024-07-12 00:00:00+00:00, run_after=2024-07-13 00:00:00+00:00
[2024-07-12T08:13:48.092+0000] {processor.py:183} INFO - Processing /home/airflow/.local/lib/python3.12/site-packages/airflow/example_dags/tutorial.py took 0.052 seconds
[2024-07-12T08:14:18.201+0000] {processor.py:161} INFO - Started process (PID=764) to work on /home/airflow/.local/lib/python3.12/site-packages/airflow/example_dags/tutorial.py
[2024-07-12T08:14:18.202+0000] {processor.py:830} INFO - Processing file /home/airflow/.local/lib/python3.12/site-packages/airflow/example_dags/tutorial.py for tasks to queue
[2024-07-12T08:14:18.203+0000] {logging_mixin.py:188} INFO - [2024-07-12T08:14:18.203+0000] {dagbag.py:545} INFO - Filling up the DagBag from /home/airflow/.local/lib/python3.12/site-packages/airflow/example_dags/tutorial.py
[2024-07-12T08:14:18.207+0000] {processor.py:840} INFO - DAG(s) 'tutorial' retrieved from /home/airflow/.local/lib/python3.12/site-packages/airflow/example_dags/tutorial.py
[2024-07-12T08:14:18.219+0000] {logging_mixin.py:188} INFO - [2024-07-12T08:14:18.219+0000] {dag.py:3096} INFO - Sync 1 DAGs
[2024-07-12T08:14:18.233+0000] {logging_mixin.py:188} INFO - [2024-07-12T08:14:18.233+0000] {dag.py:3954} INFO - Setting next_dagrun for tutorial to 2024-07-12 00:00:00+00:00, run_after=2024-07-13 00:00:00+00:00
[2024-07-12T08:14:18.249+0000] {processor.py:183} INFO - Processing /home/airflow/.local/lib/python3.12/site-packages/airflow/example_dags/tutorial.py took 0.052 seconds
[2024-07-12T08:14:48.336+0000] {processor.py:161} INFO - Started process (PID=822) to work on /home/airflow/.local/lib/python3.12/site-packages/airflow/example_dags/tutorial.py
[2024-07-12T08:14:48.337+0000] {processor.py:830} INFO - Processing file /home/airflow/.local/lib/python3.12/site-packages/airflow/example_dags/tutorial.py for tasks to queue
[2024-07-12T08:14:48.339+0000] {logging_mixin.py:188} INFO - [2024-07-12T08:14:48.338+0000] {dagbag.py:545} INFO - Filling up the DagBag from /home/airflow/.local/lib/python3.12/site-packages/airflow/example_dags/tutorial.py
[2024-07-12T08:14:48.344+0000] {processor.py:840} INFO - DAG(s) 'tutorial' retrieved from /home/airflow/.local/lib/python3.12/site-packages/airflow/example_dags/tutorial.py
[2024-07-12T08:14:48.356+0000] {logging_mixin.py:188} INFO - [2024-07-12T08:14:48.356+0000] {dag.py:3096} INFO - Sync 1 DAGs
[2024-07-12T08:14:48.371+0000] {logging_mixin.py:188} INFO - [2024-07-12T08:14:48.371+0000] {dag.py:3954} INFO - Setting next_dagrun for tutorial to 2024-07-12 00:00:00+00:00, run_after=2024-07-13 00:00:00+00:00
[2024-07-12T08:14:48.385+0000] {processor.py:183} INFO - Processing /home/airflow/.local/lib/python3.12/site-packages/airflow/example_dags/tutorial.py took 0.053 seconds
[2024-07-12T08:15:18.516+0000] {processor.py:161} INFO - Started process (PID=880) to work on /home/airflow/.local/lib/python3.12/site-packages/airflow/example_dags/tutorial.py
[2024-07-12T08:15:18.517+0000] {processor.py:830} INFO - Processing file /home/airflow/.local/lib/python3.12/site-packages/airflow/example_dags/tutorial.py for tasks to queue
[2024-07-12T08:15:18.519+0000] {logging_mixin.py:188} INFO - [2024-07-12T08:15:18.518+0000] {dagbag.py:545} INFO - Filling up the DagBag from /home/airflow/.local/lib/python3.12/site-packages/airflow/example_dags/tutorial.py
[2024-07-12T08:15:18.522+0000] {processor.py:840} INFO - DAG(s) 'tutorial' retrieved from /home/airflow/.local/lib/python3.12/site-packages/airflow/example_dags/tutorial.py
[2024-07-12T08:15:18.533+0000] {logging_mixin.py:188} INFO - [2024-07-12T08:15:18.533+0000] {dag.py:3096} INFO - Sync 1 DAGs
[2024-07-12T08:15:18.548+0000] {logging_mixin.py:188} INFO - [2024-07-12T08:15:18.548+0000] {dag.py:3954} INFO - Setting next_dagrun for tutorial to 2024-07-12 00:00:00+00:00, run_after=2024-07-13 00:00:00+00:00
[2024-07-12T08:15:18.561+0000] {processor.py:183} INFO - Processing /home/airflow/.local/lib/python3.12/site-packages/airflow/example_dags/tutorial.py took 0.049 seconds
[2024-07-12T08:15:48.782+0000] {processor.py:161} INFO - Started process (PID=938) to work on /home/airflow/.local/lib/python3.12/site-packages/airflow/example_dags/tutorial.py
[2024-07-12T08:15:48.783+0000] {processor.py:830} INFO - Processing file /home/airflow/.local/lib/python3.12/site-packages/airflow/example_dags/tutorial.py for tasks to queue
[2024-07-12T08:15:48.784+0000] {logging_mixin.py:188} INFO - [2024-07-12T08:15:48.784+0000] {dagbag.py:545} INFO - Filling up the DagBag from /home/airflow/.local/lib/python3.12/site-packages/airflow/example_dags/tutorial.py
[2024-07-12T08:15:48.788+0000] {processor.py:840} INFO - DAG(s) 'tutorial' retrieved from /home/airflow/.local/lib/python3.12/site-packages/airflow/example_dags/tutorial.py
[2024-07-12T08:15:48.798+0000] {logging_mixin.py:188} INFO - [2024-07-12T08:15:48.798+0000] {dag.py:3096} INFO - Sync 1 DAGs
[2024-07-12T08:15:48.811+0000] {logging_mixin.py:188} INFO - [2024-07-12T08:15:48.811+0000] {dag.py:3954} INFO - Setting next_dagrun for tutorial to 2024-07-12 00:00:00+00:00, run_after=2024-07-13 00:00:00+00:00
[2024-07-12T08:15:48.824+0000] {processor.py:183} INFO - Processing /home/airflow/.local/lib/python3.12/site-packages/airflow/example_dags/tutorial.py took 0.046 seconds
[2024-07-12T08:16:19.873+0000] {processor.py:161} INFO - Started process (PID=996) to work on /home/airflow/.local/lib/python3.12/site-packages/airflow/example_dags/tutorial.py
[2024-07-12T08:16:19.873+0000] {processor.py:830} INFO - Processing file /home/airflow/.local/lib/python3.12/site-packages/airflow/example_dags/tutorial.py for tasks to queue
[2024-07-12T08:16:19.875+0000] {logging_mixin.py:188} INFO - [2024-07-12T08:16:19.875+0000] {dagbag.py:545} INFO - Filling up the DagBag from /home/airflow/.local/lib/python3.12/site-packages/airflow/example_dags/tutorial.py
[2024-07-12T08:16:19.879+0000] {processor.py:840} INFO - DAG(s) 'tutorial' retrieved from /home/airflow/.local/lib/python3.12/site-packages/airflow/example_dags/tutorial.py
[2024-07-12T08:16:19.890+0000] {logging_mixin.py:188} INFO - [2024-07-12T08:16:19.890+0000] {dag.py:3096} INFO - Sync 1 DAGs
[2024-07-12T08:16:19.903+0000] {logging_mixin.py:188} INFO - [2024-07-12T08:16:19.903+0000] {dag.py:3954} INFO - Setting next_dagrun for tutorial to 2024-07-12 00:00:00+00:00, run_after=2024-07-13 00:00:00+00:00
[2024-07-12T08:16:19.918+0000] {processor.py:183} INFO - Processing /home/airflow/.local/lib/python3.12/site-packages/airflow/example_dags/tutorial.py took 0.049 seconds
[2024-07-12T08:16:50.147+0000] {processor.py:161} INFO - Started process (PID=1054) to work on /home/airflow/.local/lib/python3.12/site-packages/airflow/example_dags/tutorial.py
[2024-07-12T08:16:50.147+0000] {processor.py:830} INFO - Processing file /home/airflow/.local/lib/python3.12/site-packages/airflow/example_dags/tutorial.py for tasks to queue
[2024-07-12T08:16:50.149+0000] {logging_mixin.py:188} INFO - [2024-07-12T08:16:50.148+0000] {dagbag.py:545} INFO - Filling up the DagBag from /home/airflow/.local/lib/python3.12/site-packages/airflow/example_dags/tutorial.py
[2024-07-12T08:16:50.153+0000] {processor.py:840} INFO - DAG(s) 'tutorial' retrieved from /home/airflow/.local/lib/python3.12/site-packages/airflow/example_dags/tutorial.py
[2024-07-12T08:16:50.164+0000] {logging_mixin.py:188} INFO - [2024-07-12T08:16:50.163+0000] {dag.py:3096} INFO - Sync 1 DAGs
[2024-07-12T08:16:50.177+0000] {logging_mixin.py:188} INFO - [2024-07-12T08:16:50.177+0000] {dag.py:3954} INFO - Setting next_dagrun for tutorial to 2024-07-12 00:00:00+00:00, run_after=2024-07-13 00:00:00+00:00
[2024-07-12T08:16:50.190+0000] {processor.py:183} INFO - Processing /home/airflow/.local/lib/python3.12/site-packages/airflow/example_dags/tutorial.py took 0.047 seconds
[2024-07-12T08:17:20.406+0000] {processor.py:161} INFO - Started process (PID=1112) to work on /home/airflow/.local/lib/python3.12/site-packages/airflow/example_dags/tutorial.py
[2024-07-12T08:17:20.406+0000] {processor.py:830} INFO - Processing file /home/airflow/.local/lib/python3.12/site-packages/airflow/example_dags/tutorial.py for tasks to queue
[2024-07-12T08:17:20.408+0000] {logging_mixin.py:188} INFO - [2024-07-12T08:17:20.407+0000] {dagbag.py:545} INFO - Filling up the DagBag from /home/airflow/.local/lib/python3.12/site-packages/airflow/example_dags/tutorial.py
[2024-07-12T08:17:20.412+0000] {processor.py:840} INFO - DAG(s) 'tutorial' retrieved from /home/airflow/.local/lib/python3.12/site-packages/airflow/example_dags/tutorial.py
[2024-07-12T08:17:20.423+0000] {logging_mixin.py:188} INFO - [2024-07-12T08:17:20.423+0000] {dag.py:3096} INFO - Sync 1 DAGs
[2024-07-12T08:17:20.436+0000] {logging_mixin.py:188} INFO - [2024-07-12T08:17:20.436+0000] {dag.py:3954} INFO - Setting next_dagrun for tutorial to 2024-07-12 00:00:00+00:00, run_after=2024-07-13 00:00:00+00:00
[2024-07-12T08:17:20.449+0000] {processor.py:183} INFO - Processing /home/airflow/.local/lib/python3.12/site-packages/airflow/example_dags/tutorial.py took 0.048 seconds
[2024-07-12T08:17:50.674+0000] {processor.py:161} INFO - Started process (PID=1170) to work on /home/airflow/.local/lib/python3.12/site-packages/airflow/example_dags/tutorial.py
[2024-07-12T08:17:50.675+0000] {processor.py:830} INFO - Processing file /home/airflow/.local/lib/python3.12/site-packages/airflow/example_dags/tutorial.py for tasks to queue
[2024-07-12T08:17:50.676+0000] {logging_mixin.py:188} INFO - [2024-07-12T08:17:50.676+0000] {dagbag.py:545} INFO - Filling up the DagBag from /home/airflow/.local/lib/python3.12/site-packages/airflow/example_dags/tutorial.py
[2024-07-12T08:17:50.680+0000] {processor.py:840} INFO - DAG(s) 'tutorial' retrieved from /home/airflow/.local/lib/python3.12/site-packages/airflow/example_dags/tutorial.py
[2024-07-12T08:17:50.692+0000] {logging_mixin.py:188} INFO - [2024-07-12T08:17:50.691+0000] {dag.py:3096} INFO - Sync 1 DAGs
[2024-07-12T08:17:50.706+0000] {logging_mixin.py:188} INFO - [2024-07-12T08:17:50.706+0000] {dag.py:3954} INFO - Setting next_dagrun for tutorial to 2024-07-12 00:00:00+00:00, run_after=2024-07-13 00:00:00+00:00
[2024-07-12T08:17:50.722+0000] {processor.py:183} INFO - Processing /home/airflow/.local/lib/python3.12/site-packages/airflow/example_dags/tutorial.py took 0.052 seconds
[2024-07-12T08:18:20.983+0000] {processor.py:161} INFO - Started process (PID=1228) to work on /home/airflow/.local/lib/python3.12/site-packages/airflow/example_dags/tutorial.py
[2024-07-12T08:18:20.983+0000] {processor.py:830} INFO - Processing file /home/airflow/.local/lib/python3.12/site-packages/airflow/example_dags/tutorial.py for tasks to queue
[2024-07-12T08:18:20.985+0000] {logging_mixin.py:188} INFO - [2024-07-12T08:18:20.984+0000] {dagbag.py:545} INFO - Filling up the DagBag from /home/airflow/.local/lib/python3.12/site-packages/airflow/example_dags/tutorial.py
[2024-07-12T08:18:20.989+0000] {processor.py:840} INFO - DAG(s) 'tutorial' retrieved from /home/airflow/.local/lib/python3.12/site-packages/airflow/example_dags/tutorial.py
[2024-07-12T08:18:21.001+0000] {logging_mixin.py:188} INFO - [2024-07-12T08:18:21.000+0000] {dag.py:3096} INFO - Sync 1 DAGs
[2024-07-12T08:18:21.016+0000] {logging_mixin.py:188} INFO - [2024-07-12T08:18:21.016+0000] {dag.py:3954} INFO - Setting next_dagrun for tutorial to 2024-07-12 00:00:00+00:00, run_after=2024-07-13 00:00:00+00:00
[2024-07-12T08:18:21.032+0000] {processor.py:183} INFO - Processing /home/airflow/.local/lib/python3.12/site-packages/airflow/example_dags/tutorial.py took 0.053 seconds
[2024-07-12T08:18:51.269+0000] {processor.py:161} INFO - Started process (PID=1286) to work on /home/airflow/.local/lib/python3.12/site-packages/airflow/example_dags/tutorial.py
[2024-07-12T08:18:51.270+0000] {processor.py:830} INFO - Processing file /home/airflow/.local/lib/python3.12/site-packages/airflow/example_dags/tutorial.py for tasks to queue
[2024-07-12T08:18:51.272+0000] {logging_mixin.py:188} INFO - [2024-07-12T08:18:51.271+0000] {dagbag.py:545} INFO - Filling up the DagBag from /home/airflow/.local/lib/python3.12/site-packages/airflow/example_dags/tutorial.py
[2024-07-12T08:18:51.276+0000] {processor.py:840} INFO - DAG(s) 'tutorial' retrieved from /home/airflow/.local/lib/python3.12/site-packages/airflow/example_dags/tutorial.py
[2024-07-12T08:18:51.288+0000] {logging_mixin.py:188} INFO - [2024-07-12T08:18:51.288+0000] {dag.py:3096} INFO - Sync 1 DAGs
[2024-07-12T08:18:51.302+0000] {logging_mixin.py:188} INFO - [2024-07-12T08:18:51.301+0000] {dag.py:3954} INFO - Setting next_dagrun for tutorial to 2024-07-12 00:00:00+00:00, run_after=2024-07-13 00:00:00+00:00
[2024-07-12T08:18:51.318+0000] {processor.py:183} INFO - Processing /home/airflow/.local/lib/python3.12/site-packages/airflow/example_dags/tutorial.py took 0.052 seconds
[2024-07-12T08:19:21.624+0000] {processor.py:161} INFO - Started process (PID=1344) to work on /home/airflow/.local/lib/python3.12/site-packages/airflow/example_dags/tutorial.py
[2024-07-12T08:19:21.625+0000] {processor.py:830} INFO - Processing file /home/airflow/.local/lib/python3.12/site-packages/airflow/example_dags/tutorial.py for tasks to queue
[2024-07-12T08:19:21.626+0000] {logging_mixin.py:188} INFO - [2024-07-12T08:19:21.626+0000] {dagbag.py:545} INFO - Filling up the DagBag from /home/airflow/.local/lib/python3.12/site-packages/airflow/example_dags/tutorial.py
[2024-07-12T08:19:21.631+0000] {processor.py:840} INFO - DAG(s) 'tutorial' retrieved from /home/airflow/.local/lib/python3.12/site-packages/airflow/example_dags/tutorial.py
[2024-07-12T08:19:21.644+0000] {logging_mixin.py:188} INFO - [2024-07-12T08:19:21.643+0000] {dag.py:3096} INFO - Sync 1 DAGs
[2024-07-12T08:19:21.659+0000] {logging_mixin.py:188} INFO - [2024-07-12T08:19:21.659+0000] {dag.py:3954} INFO - Setting next_dagrun for tutorial to 2024-07-12 00:00:00+00:00, run_after=2024-07-13 00:00:00+00:00
[2024-07-12T08:19:21.673+0000] {processor.py:183} INFO - Processing /home/airflow/.local/lib/python3.12/site-packages/airflow/example_dags/tutorial.py took 0.053 seconds
[2024-07-12T08:19:51.794+0000] {processor.py:161} INFO - Started process (PID=1402) to work on /home/airflow/.local/lib/python3.12/site-packages/airflow/example_dags/tutorial.py
[2024-07-12T08:19:51.795+0000] {processor.py:830} INFO - Processing file /home/airflow/.local/lib/python3.12/site-packages/airflow/example_dags/tutorial.py for tasks to queue
[2024-07-12T08:19:51.797+0000] {logging_mixin.py:188} INFO - [2024-07-12T08:19:51.797+0000] {dagbag.py:545} INFO - Filling up the DagBag from /home/airflow/.local/lib/python3.12/site-packages/airflow/example_dags/tutorial.py
[2024-07-12T08:19:51.801+0000] {processor.py:840} INFO - DAG(s) 'tutorial' retrieved from /home/airflow/.local/lib/python3.12/site-packages/airflow/example_dags/tutorial.py
[2024-07-12T08:19:51.812+0000] {logging_mixin.py:188} INFO - [2024-07-12T08:19:51.812+0000] {dag.py:3096} INFO - Sync 1 DAGs
[2024-07-12T08:19:51.826+0000] {logging_mixin.py:188} INFO - [2024-07-12T08:19:51.826+0000] {dag.py:3954} INFO - Setting next_dagrun for tutorial to 2024-07-12 00:00:00+00:00, run_after=2024-07-13 00:00:00+00:00
[2024-07-12T08:19:51.840+0000] {processor.py:183} INFO - Processing /home/airflow/.local/lib/python3.12/site-packages/airflow/example_dags/tutorial.py took 0.049 seconds
[2024-07-12T08:20:21.938+0000] {processor.py:161} INFO - Started process (PID=1460) to work on /home/airflow/.local/lib/python3.12/site-packages/airflow/example_dags/tutorial.py
[2024-07-12T08:20:21.939+0000] {processor.py:830} INFO - Processing file /home/airflow/.local/lib/python3.12/site-packages/airflow/example_dags/tutorial.py for tasks to queue
[2024-07-12T08:20:21.941+0000] {logging_mixin.py:188} INFO - [2024-07-12T08:20:21.941+0000] {dagbag.py:545} INFO - Filling up the DagBag from /home/airflow/.local/lib/python3.12/site-packages/airflow/example_dags/tutorial.py
[2024-07-12T08:20:21.945+0000] {processor.py:840} INFO - DAG(s) 'tutorial' retrieved from /home/airflow/.local/lib/python3.12/site-packages/airflow/example_dags/tutorial.py
[2024-07-12T08:20:21.956+0000] {logging_mixin.py:188} INFO - [2024-07-12T08:20:21.956+0000] {dag.py:3096} INFO - Sync 1 DAGs
[2024-07-12T08:20:21.970+0000] {logging_mixin.py:188} INFO - [2024-07-12T08:20:21.970+0000] {dag.py:3954} INFO - Setting next_dagrun for tutorial to 2024-07-12 00:00:00+00:00, run_after=2024-07-13 00:00:00+00:00
[2024-07-12T08:20:21.983+0000] {processor.py:183} INFO - Processing /home/airflow/.local/lib/python3.12/site-packages/airflow/example_dags/tutorial.py took 0.049 seconds
[2024-07-12T08:22:55.599+0000] {processor.py:161} INFO - Started process (PID=63) to work on /home/airflow/.local/lib/python3.12/site-packages/airflow/example_dags/tutorial.py
[2024-07-12T08:22:55.600+0000] {processor.py:830} INFO - Processing file /home/airflow/.local/lib/python3.12/site-packages/airflow/example_dags/tutorial.py for tasks to queue
[2024-07-12T08:22:55.602+0000] {logging_mixin.py:188} INFO - [2024-07-12T08:22:55.601+0000] {dagbag.py:545} INFO - Filling up the DagBag from /home/airflow/.local/lib/python3.12/site-packages/airflow/example_dags/tutorial.py
[2024-07-12T08:22:55.608+0000] {processor.py:840} INFO - DAG(s) 'tutorial' retrieved from /home/airflow/.local/lib/python3.12/site-packages/airflow/example_dags/tutorial.py
[2024-07-12T08:22:55.615+0000] {logging_mixin.py:188} INFO - [2024-07-12T08:22:55.615+0000] {dag.py:3096} INFO - Sync 1 DAGs
[2024-07-12T08:22:55.634+0000] {logging_mixin.py:188} INFO - [2024-07-12T08:22:55.633+0000] {dag.py:3954} INFO - Setting next_dagrun for tutorial to 2024-07-11 00:00:00+00:00, run_after=2024-07-12 00:00:00+00:00
[2024-07-12T08:22:55.651+0000] {processor.py:183} INFO - Processing /home/airflow/.local/lib/python3.12/site-packages/airflow/example_dags/tutorial.py took 0.055 seconds
[2024-07-12T08:23:26.234+0000] {processor.py:161} INFO - Started process (PID=121) to work on /home/airflow/.local/lib/python3.12/site-packages/airflow/example_dags/tutorial.py
[2024-07-12T08:23:26.235+0000] {processor.py:830} INFO - Processing file /home/airflow/.local/lib/python3.12/site-packages/airflow/example_dags/tutorial.py for tasks to queue
[2024-07-12T08:23:26.236+0000] {logging_mixin.py:188} INFO - [2024-07-12T08:23:26.236+0000] {dagbag.py:545} INFO - Filling up the DagBag from /home/airflow/.local/lib/python3.12/site-packages/airflow/example_dags/tutorial.py
[2024-07-12T08:23:26.240+0000] {processor.py:840} INFO - DAG(s) 'tutorial' retrieved from /home/airflow/.local/lib/python3.12/site-packages/airflow/example_dags/tutorial.py
[2024-07-12T08:23:26.305+0000] {logging_mixin.py:188} INFO - [2024-07-12T08:23:26.305+0000] {dag.py:3096} INFO - Sync 1 DAGs
[2024-07-12T08:23:26.318+0000] {logging_mixin.py:188} INFO - [2024-07-12T08:23:26.317+0000] {dag.py:3954} INFO - Setting next_dagrun for tutorial to 2024-07-11 00:00:00+00:00, run_after=2024-07-12 00:00:00+00:00
[2024-07-12T08:23:26.331+0000] {processor.py:183} INFO - Processing /home/airflow/.local/lib/python3.12/site-packages/airflow/example_dags/tutorial.py took 0.101 seconds
[2024-07-12T08:23:56.361+0000] {processor.py:161} INFO - Started process (PID=179) to work on /home/airflow/.local/lib/python3.12/site-packages/airflow/example_dags/tutorial.py
[2024-07-12T08:23:56.362+0000] {processor.py:830} INFO - Processing file /home/airflow/.local/lib/python3.12/site-packages/airflow/example_dags/tutorial.py for tasks to queue
[2024-07-12T08:23:56.363+0000] {logging_mixin.py:188} INFO - [2024-07-12T08:23:56.363+0000] {dagbag.py:545} INFO - Filling up the DagBag from /home/airflow/.local/lib/python3.12/site-packages/airflow/example_dags/tutorial.py
[2024-07-12T08:23:56.367+0000] {processor.py:840} INFO - DAG(s) 'tutorial' retrieved from /home/airflow/.local/lib/python3.12/site-packages/airflow/example_dags/tutorial.py
[2024-07-12T08:23:56.379+0000] {logging_mixin.py:188} INFO - [2024-07-12T08:23:56.379+0000] {dag.py:3096} INFO - Sync 1 DAGs
[2024-07-12T08:23:56.396+0000] {logging_mixin.py:188} INFO - [2024-07-12T08:23:56.396+0000] {dag.py:3954} INFO - Setting next_dagrun for tutorial to 2024-07-11 00:00:00+00:00, run_after=2024-07-12 00:00:00+00:00
[2024-07-12T08:23:56.410+0000] {processor.py:183} INFO - Processing /home/airflow/.local/lib/python3.12/site-packages/airflow/example_dags/tutorial.py took 0.053 seconds
[2024-07-12T08:24:26.529+0000] {processor.py:161} INFO - Started process (PID=237) to work on /home/airflow/.local/lib/python3.12/site-packages/airflow/example_dags/tutorial.py
[2024-07-12T08:24:26.530+0000] {processor.py:830} INFO - Processing file /home/airflow/.local/lib/python3.12/site-packages/airflow/example_dags/tutorial.py for tasks to queue
[2024-07-12T08:24:26.531+0000] {logging_mixin.py:188} INFO - [2024-07-12T08:24:26.531+0000] {dagbag.py:545} INFO - Filling up the DagBag from /home/airflow/.local/lib/python3.12/site-packages/airflow/example_dags/tutorial.py
[2024-07-12T08:24:26.536+0000] {processor.py:840} INFO - DAG(s) 'tutorial' retrieved from /home/airflow/.local/lib/python3.12/site-packages/airflow/example_dags/tutorial.py
[2024-07-12T08:24:26.549+0000] {logging_mixin.py:188} INFO - [2024-07-12T08:24:26.548+0000] {dag.py:3096} INFO - Sync 1 DAGs
[2024-07-12T08:24:26.563+0000] {logging_mixin.py:188} INFO - [2024-07-12T08:24:26.563+0000] {dag.py:3954} INFO - Setting next_dagrun for tutorial to 2024-07-11 00:00:00+00:00, run_after=2024-07-12 00:00:00+00:00
[2024-07-12T08:24:26.578+0000] {processor.py:183} INFO - Processing /home/airflow/.local/lib/python3.12/site-packages/airflow/example_dags/tutorial.py took 0.054 seconds
[2024-07-12T08:24:56.724+0000] {processor.py:161} INFO - Started process (PID=295) to work on /home/airflow/.local/lib/python3.12/site-packages/airflow/example_dags/tutorial.py
[2024-07-12T08:24:56.725+0000] {processor.py:830} INFO - Processing file /home/airflow/.local/lib/python3.12/site-packages/airflow/example_dags/tutorial.py for tasks to queue
[2024-07-12T08:24:56.726+0000] {logging_mixin.py:188} INFO - [2024-07-12T08:24:56.726+0000] {dagbag.py:545} INFO - Filling up the DagBag from /home/airflow/.local/lib/python3.12/site-packages/airflow/example_dags/tutorial.py
[2024-07-12T08:24:56.730+0000] {processor.py:840} INFO - DAG(s) 'tutorial' retrieved from /home/airflow/.local/lib/python3.12/site-packages/airflow/example_dags/tutorial.py
[2024-07-12T08:24:56.740+0000] {logging_mixin.py:188} INFO - [2024-07-12T08:24:56.740+0000] {dag.py:3096} INFO - Sync 1 DAGs
[2024-07-12T08:24:56.754+0000] {logging_mixin.py:188} INFO - [2024-07-12T08:24:56.754+0000] {dag.py:3954} INFO - Setting next_dagrun for tutorial to 2024-07-11 00:00:00+00:00, run_after=2024-07-12 00:00:00+00:00
[2024-07-12T08:24:56.769+0000] {processor.py:183} INFO - Processing /home/airflow/.local/lib/python3.12/site-packages/airflow/example_dags/tutorial.py took 0.049 seconds
[2024-07-12T08:25:26.950+0000] {processor.py:161} INFO - Started process (PID=353) to work on /home/airflow/.local/lib/python3.12/site-packages/airflow/example_dags/tutorial.py
[2024-07-12T08:25:26.951+0000] {processor.py:830} INFO - Processing file /home/airflow/.local/lib/python3.12/site-packages/airflow/example_dags/tutorial.py for tasks to queue
[2024-07-12T08:25:26.952+0000] {logging_mixin.py:188} INFO - [2024-07-12T08:25:26.951+0000] {dagbag.py:545} INFO - Filling up the DagBag from /home/airflow/.local/lib/python3.12/site-packages/airflow/example_dags/tutorial.py
[2024-07-12T08:25:26.956+0000] {processor.py:840} INFO - DAG(s) 'tutorial' retrieved from /home/airflow/.local/lib/python3.12/site-packages/airflow/example_dags/tutorial.py
[2024-07-12T08:25:26.967+0000] {logging_mixin.py:188} INFO - [2024-07-12T08:25:26.967+0000] {dag.py:3096} INFO - Sync 1 DAGs
[2024-07-12T08:25:26.981+0000] {logging_mixin.py:188} INFO - [2024-07-12T08:25:26.981+0000] {dag.py:3954} INFO - Setting next_dagrun for tutorial to 2024-07-11 00:00:00+00:00, run_after=2024-07-12 00:00:00+00:00
[2024-07-12T08:25:26.996+0000] {processor.py:183} INFO - Processing /home/airflow/.local/lib/python3.12/site-packages/airflow/example_dags/tutorial.py took 0.049 seconds
[2024-07-12T08:25:57.260+0000] {processor.py:161} INFO - Started process (PID=411) to work on /home/airflow/.local/lib/python3.12/site-packages/airflow/example_dags/tutorial.py
[2024-07-12T08:25:57.261+0000] {processor.py:830} INFO - Processing file /home/airflow/.local/lib/python3.12/site-packages/airflow/example_dags/tutorial.py for tasks to queue
[2024-07-12T08:25:57.262+0000] {logging_mixin.py:188} INFO - [2024-07-12T08:25:57.262+0000] {dagbag.py:545} INFO - Filling up the DagBag from /home/airflow/.local/lib/python3.12/site-packages/airflow/example_dags/tutorial.py
[2024-07-12T08:25:57.266+0000] {processor.py:840} INFO - DAG(s) 'tutorial' retrieved from /home/airflow/.local/lib/python3.12/site-packages/airflow/example_dags/tutorial.py
[2024-07-12T08:25:57.279+0000] {logging_mixin.py:188} INFO - [2024-07-12T08:25:57.279+0000] {dag.py:3096} INFO - Sync 1 DAGs
[2024-07-12T08:25:57.295+0000] {logging_mixin.py:188} INFO - [2024-07-12T08:25:57.295+0000] {dag.py:3954} INFO - Setting next_dagrun for tutorial to 2024-07-11 00:00:00+00:00, run_after=2024-07-12 00:00:00+00:00
[2024-07-12T08:25:57.311+0000] {processor.py:183} INFO - Processing /home/airflow/.local/lib/python3.12/site-packages/airflow/example_dags/tutorial.py took 0.055 seconds
[2024-07-12T08:27:24.817+0000] {processor.py:161} INFO - Started process (PID=63) to work on /home/airflow/.local/lib/python3.12/site-packages/airflow/example_dags/tutorial.py
[2024-07-12T08:27:24.818+0000] {processor.py:830} INFO - Processing file /home/airflow/.local/lib/python3.12/site-packages/airflow/example_dags/tutorial.py for tasks to queue
[2024-07-12T08:27:24.820+0000] {logging_mixin.py:188} INFO - [2024-07-12T08:27:24.819+0000] {dagbag.py:545} INFO - Filling up the DagBag from /home/airflow/.local/lib/python3.12/site-packages/airflow/example_dags/tutorial.py
[2024-07-12T08:27:24.826+0000] {processor.py:840} INFO - DAG(s) 'tutorial' retrieved from /home/airflow/.local/lib/python3.12/site-packages/airflow/example_dags/tutorial.py
[2024-07-12T08:27:24.834+0000] {logging_mixin.py:188} INFO - [2024-07-12T08:27:24.833+0000] {dag.py:3096} INFO - Sync 1 DAGs
[2024-07-12T08:27:24.850+0000] {logging_mixin.py:188} INFO - [2024-07-12T08:27:24.850+0000] {dag.py:3954} INFO - Setting next_dagrun for tutorial to 2024-07-11 00:00:00+00:00, run_after=2024-07-12 00:00:00+00:00
[2024-07-12T08:27:24.868+0000] {processor.py:183} INFO - Processing /home/airflow/.local/lib/python3.12/site-packages/airflow/example_dags/tutorial.py took 0.056 seconds
[2024-07-12T08:27:55.609+0000] {processor.py:161} INFO - Started process (PID=121) to work on /home/airflow/.local/lib/python3.12/site-packages/airflow/example_dags/tutorial.py
[2024-07-12T08:27:55.610+0000] {processor.py:830} INFO - Processing file /home/airflow/.local/lib/python3.12/site-packages/airflow/example_dags/tutorial.py for tasks to queue
[2024-07-12T08:27:55.612+0000] {logging_mixin.py:188} INFO - [2024-07-12T08:27:55.612+0000] {dagbag.py:545} INFO - Filling up the DagBag from /home/airflow/.local/lib/python3.12/site-packages/airflow/example_dags/tutorial.py
[2024-07-12T08:27:55.616+0000] {processor.py:840} INFO - DAG(s) 'tutorial' retrieved from /home/airflow/.local/lib/python3.12/site-packages/airflow/example_dags/tutorial.py
[2024-07-12T08:27:55.623+0000] {logging_mixin.py:188} INFO - [2024-07-12T08:27:55.623+0000] {dag.py:3096} INFO - Sync 1 DAGs
[2024-07-12T08:27:55.640+0000] {logging_mixin.py:188} INFO - [2024-07-12T08:27:55.640+0000] {dag.py:3954} INFO - Setting next_dagrun for tutorial to 2024-07-11 00:00:00+00:00, run_after=2024-07-12 00:00:00+00:00
[2024-07-12T08:27:55.657+0000] {processor.py:183} INFO - Processing /home/airflow/.local/lib/python3.12/site-packages/airflow/example_dags/tutorial.py took 0.052 seconds
[2024-07-12T08:29:02.823+0000] {processor.py:161} INFO - Started process (PID=63) to work on /home/airflow/.local/lib/python3.12/site-packages/airflow/example_dags/tutorial.py
[2024-07-12T08:29:02.824+0000] {processor.py:830} INFO - Processing file /home/airflow/.local/lib/python3.12/site-packages/airflow/example_dags/tutorial.py for tasks to queue
[2024-07-12T08:29:02.826+0000] {logging_mixin.py:188} INFO - [2024-07-12T08:29:02.826+0000] {dagbag.py:545} INFO - Filling up the DagBag from /home/airflow/.local/lib/python3.12/site-packages/airflow/example_dags/tutorial.py
[2024-07-12T08:29:02.832+0000] {processor.py:840} INFO - DAG(s) 'tutorial' retrieved from /home/airflow/.local/lib/python3.12/site-packages/airflow/example_dags/tutorial.py
[2024-07-12T08:29:02.838+0000] {logging_mixin.py:188} INFO - [2024-07-12T08:29:02.837+0000] {dag.py:3096} INFO - Sync 1 DAGs
[2024-07-12T08:29:02.853+0000] {logging_mixin.py:188} INFO - [2024-07-12T08:29:02.853+0000] {dag.py:3954} INFO - Setting next_dagrun for tutorial to 2024-07-11 00:00:00+00:00, run_after=2024-07-12 00:00:00+00:00
[2024-07-12T08:29:02.869+0000] {processor.py:183} INFO - Processing /home/airflow/.local/lib/python3.12/site-packages/airflow/example_dags/tutorial.py took 0.050 seconds
[2024-07-12T08:29:33.373+0000] {processor.py:161} INFO - Started process (PID=121) to work on /home/airflow/.local/lib/python3.12/site-packages/airflow/example_dags/tutorial.py
[2024-07-12T08:29:33.373+0000] {processor.py:830} INFO - Processing file /home/airflow/.local/lib/python3.12/site-packages/airflow/example_dags/tutorial.py for tasks to queue
[2024-07-12T08:29:33.375+0000] {logging_mixin.py:188} INFO - [2024-07-12T08:29:33.374+0000] {dagbag.py:545} INFO - Filling up the DagBag from /home/airflow/.local/lib/python3.12/site-packages/airflow/example_dags/tutorial.py
[2024-07-12T08:29:33.379+0000] {processor.py:840} INFO - DAG(s) 'tutorial' retrieved from /home/airflow/.local/lib/python3.12/site-packages/airflow/example_dags/tutorial.py
[2024-07-12T08:29:33.442+0000] {logging_mixin.py:188} INFO - [2024-07-12T08:29:33.442+0000] {dag.py:3096} INFO - Sync 1 DAGs
[2024-07-12T08:29:33.454+0000] {logging_mixin.py:188} INFO - [2024-07-12T08:29:33.454+0000] {dag.py:3954} INFO - Setting next_dagrun for tutorial to 2024-07-11 00:00:00+00:00, run_after=2024-07-12 00:00:00+00:00
[2024-07-12T08:29:33.470+0000] {processor.py:183} INFO - Processing /home/airflow/.local/lib/python3.12/site-packages/airflow/example_dags/tutorial.py took 0.101 seconds
[2024-07-12T08:30:04.342+0000] {processor.py:161} INFO - Started process (PID=179) to work on /home/airflow/.local/lib/python3.12/site-packages/airflow/example_dags/tutorial.py
[2024-07-12T08:30:04.342+0000] {processor.py:830} INFO - Processing file /home/airflow/.local/lib/python3.12/site-packages/airflow/example_dags/tutorial.py for tasks to queue
[2024-07-12T08:30:04.344+0000] {logging_mixin.py:188} INFO - [2024-07-12T08:30:04.344+0000] {dagbag.py:545} INFO - Filling up the DagBag from /home/airflow/.local/lib/python3.12/site-packages/airflow/example_dags/tutorial.py
[2024-07-12T08:30:04.348+0000] {processor.py:840} INFO - DAG(s) 'tutorial' retrieved from /home/airflow/.local/lib/python3.12/site-packages/airflow/example_dags/tutorial.py
[2024-07-12T08:30:04.359+0000] {logging_mixin.py:188} INFO - [2024-07-12T08:30:04.359+0000] {dag.py:3096} INFO - Sync 1 DAGs
[2024-07-12T08:30:04.372+0000] {logging_mixin.py:188} INFO - [2024-07-12T08:30:04.372+0000] {dag.py:3954} INFO - Setting next_dagrun for tutorial to 2024-07-11 00:00:00+00:00, run_after=2024-07-12 00:00:00+00:00
[2024-07-12T08:30:04.386+0000] {processor.py:183} INFO - Processing /home/airflow/.local/lib/python3.12/site-packages/airflow/example_dags/tutorial.py took 0.048 seconds
[2024-07-12T08:30:34.414+0000] {processor.py:161} INFO - Started process (PID=237) to work on /home/airflow/.local/lib/python3.12/site-packages/airflow/example_dags/tutorial.py
[2024-07-12T08:30:34.414+0000] {processor.py:830} INFO - Processing file /home/airflow/.local/lib/python3.12/site-packages/airflow/example_dags/tutorial.py for tasks to queue
[2024-07-12T08:30:34.416+0000] {logging_mixin.py:188} INFO - [2024-07-12T08:30:34.416+0000] {dagbag.py:545} INFO - Filling up the DagBag from /home/airflow/.local/lib/python3.12/site-packages/airflow/example_dags/tutorial.py
[2024-07-12T08:30:34.420+0000] {processor.py:840} INFO - DAG(s) 'tutorial' retrieved from /home/airflow/.local/lib/python3.12/site-packages/airflow/example_dags/tutorial.py
[2024-07-12T08:30:34.432+0000] {logging_mixin.py:188} INFO - [2024-07-12T08:30:34.432+0000] {dag.py:3096} INFO - Sync 1 DAGs
[2024-07-12T08:30:34.446+0000] {logging_mixin.py:188} INFO - [2024-07-12T08:30:34.446+0000] {dag.py:3954} INFO - Setting next_dagrun for tutorial to 2024-07-11 00:00:00+00:00, run_after=2024-07-12 00:00:00+00:00
[2024-07-12T08:30:34.460+0000] {processor.py:183} INFO - Processing /home/airflow/.local/lib/python3.12/site-packages/airflow/example_dags/tutorial.py took 0.050 seconds
[2024-07-12T08:31:04.586+0000] {processor.py:161} INFO - Started process (PID=295) to work on /home/airflow/.local/lib/python3.12/site-packages/airflow/example_dags/tutorial.py
[2024-07-12T08:31:04.587+0000] {processor.py:830} INFO - Processing file /home/airflow/.local/lib/python3.12/site-packages/airflow/example_dags/tutorial.py for tasks to queue
[2024-07-12T08:31:04.588+0000] {logging_mixin.py:188} INFO - [2024-07-12T08:31:04.587+0000] {dagbag.py:545} INFO - Filling up the DagBag from /home/airflow/.local/lib/python3.12/site-packages/airflow/example_dags/tutorial.py
[2024-07-12T08:31:04.591+0000] {processor.py:840} INFO - DAG(s) 'tutorial' retrieved from /home/airflow/.local/lib/python3.12/site-packages/airflow/example_dags/tutorial.py
[2024-07-12T08:31:04.602+0000] {logging_mixin.py:188} INFO - [2024-07-12T08:31:04.602+0000] {dag.py:3096} INFO - Sync 1 DAGs
[2024-07-12T08:31:04.614+0000] {logging_mixin.py:188} INFO - [2024-07-12T08:31:04.614+0000] {dag.py:3954} INFO - Setting next_dagrun for tutorial to 2024-07-11 00:00:00+00:00, run_after=2024-07-12 00:00:00+00:00
[2024-07-12T08:31:04.628+0000] {processor.py:183} INFO - Processing /home/airflow/.local/lib/python3.12/site-packages/airflow/example_dags/tutorial.py took 0.046 seconds
[2024-07-12T08:31:34.993+0000] {processor.py:161} INFO - Started process (PID=353) to work on /home/airflow/.local/lib/python3.12/site-packages/airflow/example_dags/tutorial.py
[2024-07-12T08:31:34.993+0000] {processor.py:830} INFO - Processing file /home/airflow/.local/lib/python3.12/site-packages/airflow/example_dags/tutorial.py for tasks to queue
[2024-07-12T08:31:34.995+0000] {logging_mixin.py:188} INFO - [2024-07-12T08:31:34.994+0000] {dagbag.py:545} INFO - Filling up the DagBag from /home/airflow/.local/lib/python3.12/site-packages/airflow/example_dags/tutorial.py
[2024-07-12T08:31:34.998+0000] {processor.py:840} INFO - DAG(s) 'tutorial' retrieved from /home/airflow/.local/lib/python3.12/site-packages/airflow/example_dags/tutorial.py
[2024-07-12T08:31:35.009+0000] {logging_mixin.py:188} INFO - [2024-07-12T08:31:35.009+0000] {dag.py:3096} INFO - Sync 1 DAGs
[2024-07-12T08:31:35.021+0000] {logging_mixin.py:188} INFO - [2024-07-12T08:31:35.021+0000] {dag.py:3954} INFO - Setting next_dagrun for tutorial to 2024-07-11 00:00:00+00:00, run_after=2024-07-12 00:00:00+00:00
[2024-07-12T08:31:35.035+0000] {processor.py:183} INFO - Processing /home/airflow/.local/lib/python3.12/site-packages/airflow/example_dags/tutorial.py took 0.046 seconds
[2024-07-12T08:32:05.209+0000] {processor.py:161} INFO - Started process (PID=411) to work on /home/airflow/.local/lib/python3.12/site-packages/airflow/example_dags/tutorial.py
[2024-07-12T08:32:05.210+0000] {processor.py:830} INFO - Processing file /home/airflow/.local/lib/python3.12/site-packages/airflow/example_dags/tutorial.py for tasks to queue
[2024-07-12T08:32:05.211+0000] {logging_mixin.py:188} INFO - [2024-07-12T08:32:05.211+0000] {dagbag.py:545} INFO - Filling up the DagBag from /home/airflow/.local/lib/python3.12/site-packages/airflow/example_dags/tutorial.py
[2024-07-12T08:32:05.216+0000] {processor.py:840} INFO - DAG(s) 'tutorial' retrieved from /home/airflow/.local/lib/python3.12/site-packages/airflow/example_dags/tutorial.py
[2024-07-12T08:32:05.228+0000] {logging_mixin.py:188} INFO - [2024-07-12T08:32:05.228+0000] {dag.py:3096} INFO - Sync 1 DAGs
[2024-07-12T08:32:05.245+0000] {logging_mixin.py:188} INFO - [2024-07-12T08:32:05.244+0000] {dag.py:3954} INFO - Setting next_dagrun for tutorial to 2024-07-11 00:00:00+00:00, run_after=2024-07-12 00:00:00+00:00
[2024-07-12T08:32:05.261+0000] {processor.py:183} INFO - Processing /home/airflow/.local/lib/python3.12/site-packages/airflow/example_dags/tutorial.py took 0.056 seconds
[2024-07-12T08:32:35.337+0000] {processor.py:161} INFO - Started process (PID=469) to work on /home/airflow/.local/lib/python3.12/site-packages/airflow/example_dags/tutorial.py
[2024-07-12T08:32:35.338+0000] {processor.py:830} INFO - Processing file /home/airflow/.local/lib/python3.12/site-packages/airflow/example_dags/tutorial.py for tasks to queue
[2024-07-12T08:32:35.339+0000] {logging_mixin.py:188} INFO - [2024-07-12T08:32:35.339+0000] {dagbag.py:545} INFO - Filling up the DagBag from /home/airflow/.local/lib/python3.12/site-packages/airflow/example_dags/tutorial.py
[2024-07-12T08:32:35.343+0000] {processor.py:840} INFO - DAG(s) 'tutorial' retrieved from /home/airflow/.local/lib/python3.12/site-packages/airflow/example_dags/tutorial.py
[2024-07-12T08:32:35.354+0000] {logging_mixin.py:188} INFO - [2024-07-12T08:32:35.353+0000] {dag.py:3096} INFO - Sync 1 DAGs
[2024-07-12T08:32:35.366+0000] {logging_mixin.py:188} INFO - [2024-07-12T08:32:35.366+0000] {dag.py:3954} INFO - Setting next_dagrun for tutorial to 2024-07-11 00:00:00+00:00, run_after=2024-07-12 00:00:00+00:00
[2024-07-12T08:32:35.378+0000] {processor.py:183} INFO - Processing /home/airflow/.local/lib/python3.12/site-packages/airflow/example_dags/tutorial.py took 0.045 seconds
[2024-07-12T08:33:05.638+0000] {processor.py:161} INFO - Started process (PID=527) to work on /home/airflow/.local/lib/python3.12/site-packages/airflow/example_dags/tutorial.py
[2024-07-12T08:33:05.638+0000] {processor.py:830} INFO - Processing file /home/airflow/.local/lib/python3.12/site-packages/airflow/example_dags/tutorial.py for tasks to queue
[2024-07-12T08:33:05.640+0000] {logging_mixin.py:188} INFO - [2024-07-12T08:33:05.640+0000] {dagbag.py:545} INFO - Filling up the DagBag from /home/airflow/.local/lib/python3.12/site-packages/airflow/example_dags/tutorial.py
[2024-07-12T08:33:05.644+0000] {processor.py:840} INFO - DAG(s) 'tutorial' retrieved from /home/airflow/.local/lib/python3.12/site-packages/airflow/example_dags/tutorial.py
[2024-07-12T08:33:05.655+0000] {logging_mixin.py:188} INFO - [2024-07-12T08:33:05.655+0000] {dag.py:3096} INFO - Sync 1 DAGs
[2024-07-12T08:33:05.669+0000] {logging_mixin.py:188} INFO - [2024-07-12T08:33:05.668+0000] {dag.py:3954} INFO - Setting next_dagrun for tutorial to 2024-07-11 00:00:00+00:00, run_after=2024-07-12 00:00:00+00:00
[2024-07-12T08:33:05.683+0000] {processor.py:183} INFO - Processing /home/airflow/.local/lib/python3.12/site-packages/airflow/example_dags/tutorial.py took 0.049 seconds
[2024-07-12T08:33:35.858+0000] {processor.py:161} INFO - Started process (PID=585) to work on /home/airflow/.local/lib/python3.12/site-packages/airflow/example_dags/tutorial.py
[2024-07-12T08:33:35.859+0000] {processor.py:830} INFO - Processing file /home/airflow/.local/lib/python3.12/site-packages/airflow/example_dags/tutorial.py for tasks to queue
[2024-07-12T08:33:35.860+0000] {logging_mixin.py:188} INFO - [2024-07-12T08:33:35.860+0000] {dagbag.py:545} INFO - Filling up the DagBag from /home/airflow/.local/lib/python3.12/site-packages/airflow/example_dags/tutorial.py
[2024-07-12T08:33:35.864+0000] {processor.py:840} INFO - DAG(s) 'tutorial' retrieved from /home/airflow/.local/lib/python3.12/site-packages/airflow/example_dags/tutorial.py
[2024-07-12T08:33:35.882+0000] {logging_mixin.py:188} INFO - [2024-07-12T08:33:35.882+0000] {dag.py:3096} INFO - Sync 1 DAGs
[2024-07-12T08:33:35.895+0000] {logging_mixin.py:188} INFO - [2024-07-12T08:33:35.895+0000] {dag.py:3954} INFO - Setting next_dagrun for tutorial to 2024-07-11 00:00:00+00:00, run_after=2024-07-12 00:00:00+00:00
[2024-07-12T08:33:35.908+0000] {processor.py:183} INFO - Processing /home/airflow/.local/lib/python3.12/site-packages/airflow/example_dags/tutorial.py took 0.053 seconds
[2024-07-12T08:34:06.038+0000] {processor.py:161} INFO - Started process (PID=643) to work on /home/airflow/.local/lib/python3.12/site-packages/airflow/example_dags/tutorial.py
[2024-07-12T08:34:06.039+0000] {processor.py:830} INFO - Processing file /home/airflow/.local/lib/python3.12/site-packages/airflow/example_dags/tutorial.py for tasks to queue
[2024-07-12T08:34:06.040+0000] {logging_mixin.py:188} INFO - [2024-07-12T08:34:06.040+0000] {dagbag.py:545} INFO - Filling up the DagBag from /home/airflow/.local/lib/python3.12/site-packages/airflow/example_dags/tutorial.py
[2024-07-12T08:34:06.044+0000] {processor.py:840} INFO - DAG(s) 'tutorial' retrieved from /home/airflow/.local/lib/python3.12/site-packages/airflow/example_dags/tutorial.py
[2024-07-12T08:34:06.055+0000] {logging_mixin.py:188} INFO - [2024-07-12T08:34:06.054+0000] {dag.py:3096} INFO - Sync 1 DAGs
[2024-07-12T08:34:06.067+0000] {logging_mixin.py:188} INFO - [2024-07-12T08:34:06.067+0000] {dag.py:3954} INFO - Setting next_dagrun for tutorial to 2024-07-11 00:00:00+00:00, run_after=2024-07-12 00:00:00+00:00
[2024-07-12T08:34:06.081+0000] {processor.py:183} INFO - Processing /home/airflow/.local/lib/python3.12/site-packages/airflow/example_dags/tutorial.py took 0.046 seconds
[2024-07-12T08:34:36.201+0000] {processor.py:161} INFO - Started process (PID=701) to work on /home/airflow/.local/lib/python3.12/site-packages/airflow/example_dags/tutorial.py
[2024-07-12T08:34:36.202+0000] {processor.py:830} INFO - Processing file /home/airflow/.local/lib/python3.12/site-packages/airflow/example_dags/tutorial.py for tasks to queue
[2024-07-12T08:34:36.204+0000] {logging_mixin.py:188} INFO - [2024-07-12T08:34:36.203+0000] {dagbag.py:545} INFO - Filling up the DagBag from /home/airflow/.local/lib/python3.12/site-packages/airflow/example_dags/tutorial.py
[2024-07-12T08:34:36.208+0000] {processor.py:840} INFO - DAG(s) 'tutorial' retrieved from /home/airflow/.local/lib/python3.12/site-packages/airflow/example_dags/tutorial.py
[2024-07-12T08:34:36.220+0000] {logging_mixin.py:188} INFO - [2024-07-12T08:34:36.220+0000] {dag.py:3096} INFO - Sync 1 DAGs
[2024-07-12T08:34:36.236+0000] {logging_mixin.py:188} INFO - [2024-07-12T08:34:36.236+0000] {dag.py:3954} INFO - Setting next_dagrun for tutorial to 2024-07-11 00:00:00+00:00, run_after=2024-07-12 00:00:00+00:00
[2024-07-12T08:34:36.251+0000] {processor.py:183} INFO - Processing /home/airflow/.local/lib/python3.12/site-packages/airflow/example_dags/tutorial.py took 0.053 seconds
[2024-07-12T08:35:07.240+0000] {processor.py:161} INFO - Started process (PID=759) to work on /home/airflow/.local/lib/python3.12/site-packages/airflow/example_dags/tutorial.py
[2024-07-12T08:35:07.241+0000] {processor.py:830} INFO - Processing file /home/airflow/.local/lib/python3.12/site-packages/airflow/example_dags/tutorial.py for tasks to queue
[2024-07-12T08:35:07.244+0000] {logging_mixin.py:188} INFO - [2024-07-12T08:35:07.243+0000] {dagbag.py:545} INFO - Filling up the DagBag from /home/airflow/.local/lib/python3.12/site-packages/airflow/example_dags/tutorial.py
[2024-07-12T08:35:07.248+0000] {processor.py:840} INFO - DAG(s) 'tutorial' retrieved from /home/airflow/.local/lib/python3.12/site-packages/airflow/example_dags/tutorial.py
[2024-07-12T08:35:07.258+0000] {logging_mixin.py:188} INFO - [2024-07-12T08:35:07.258+0000] {dag.py:3096} INFO - Sync 1 DAGs
[2024-07-12T08:35:07.272+0000] {logging_mixin.py:188} INFO - [2024-07-12T08:35:07.271+0000] {dag.py:3954} INFO - Setting next_dagrun for tutorial to 2024-07-11 00:00:00+00:00, run_after=2024-07-12 00:00:00+00:00
[2024-07-12T08:35:07.286+0000] {processor.py:183} INFO - Processing /home/airflow/.local/lib/python3.12/site-packages/airflow/example_dags/tutorial.py took 0.050 seconds
[2024-07-12T08:35:37.749+0000] {processor.py:161} INFO - Started process (PID=817) to work on /home/airflow/.local/lib/python3.12/site-packages/airflow/example_dags/tutorial.py
[2024-07-12T08:35:37.750+0000] {processor.py:830} INFO - Processing file /home/airflow/.local/lib/python3.12/site-packages/airflow/example_dags/tutorial.py for tasks to queue
[2024-07-12T08:35:37.751+0000] {logging_mixin.py:188} INFO - [2024-07-12T08:35:37.751+0000] {dagbag.py:545} INFO - Filling up the DagBag from /home/airflow/.local/lib/python3.12/site-packages/airflow/example_dags/tutorial.py
[2024-07-12T08:35:37.755+0000] {processor.py:840} INFO - DAG(s) 'tutorial' retrieved from /home/airflow/.local/lib/python3.12/site-packages/airflow/example_dags/tutorial.py
[2024-07-12T08:35:37.765+0000] {logging_mixin.py:188} INFO - [2024-07-12T08:35:37.765+0000] {dag.py:3096} INFO - Sync 1 DAGs
[2024-07-12T08:35:37.778+0000] {logging_mixin.py:188} INFO - [2024-07-12T08:35:37.778+0000] {dag.py:3954} INFO - Setting next_dagrun for tutorial to 2024-07-11 00:00:00+00:00, run_after=2024-07-12 00:00:00+00:00
[2024-07-12T08:35:37.791+0000] {processor.py:183} INFO - Processing /home/airflow/.local/lib/python3.12/site-packages/airflow/example_dags/tutorial.py took 0.045 seconds
[2024-07-12T08:36:08.689+0000] {processor.py:161} INFO - Started process (PID=875) to work on /home/airflow/.local/lib/python3.12/site-packages/airflow/example_dags/tutorial.py
[2024-07-12T08:36:08.690+0000] {processor.py:830} INFO - Processing file /home/airflow/.local/lib/python3.12/site-packages/airflow/example_dags/tutorial.py for tasks to queue
[2024-07-12T08:36:08.691+0000] {logging_mixin.py:188} INFO - [2024-07-12T08:36:08.691+0000] {dagbag.py:545} INFO - Filling up the DagBag from /home/airflow/.local/lib/python3.12/site-packages/airflow/example_dags/tutorial.py
[2024-07-12T08:36:08.695+0000] {processor.py:840} INFO - DAG(s) 'tutorial' retrieved from /home/airflow/.local/lib/python3.12/site-packages/airflow/example_dags/tutorial.py
[2024-07-12T08:36:08.706+0000] {logging_mixin.py:188} INFO - [2024-07-12T08:36:08.706+0000] {dag.py:3096} INFO - Sync 1 DAGs
[2024-07-12T08:36:08.723+0000] {logging_mixin.py:188} INFO - [2024-07-12T08:36:08.722+0000] {dag.py:3954} INFO - Setting next_dagrun for tutorial to 2024-07-11 00:00:00+00:00, run_after=2024-07-12 00:00:00+00:00
[2024-07-12T08:36:08.740+0000] {processor.py:183} INFO - Processing /home/airflow/.local/lib/python3.12/site-packages/airflow/example_dags/tutorial.py took 0.054 seconds
[2024-07-12T08:36:38.827+0000] {processor.py:161} INFO - Started process (PID=932) to work on /home/airflow/.local/lib/python3.12/site-packages/airflow/example_dags/tutorial.py
[2024-07-12T08:36:38.828+0000] {processor.py:830} INFO - Processing file /home/airflow/.local/lib/python3.12/site-packages/airflow/example_dags/tutorial.py for tasks to queue
[2024-07-12T08:36:38.829+0000] {logging_mixin.py:188} INFO - [2024-07-12T08:36:38.829+0000] {dagbag.py:545} INFO - Filling up the DagBag from /home/airflow/.local/lib/python3.12/site-packages/airflow/example_dags/tutorial.py
[2024-07-12T08:36:38.833+0000] {processor.py:840} INFO - DAG(s) 'tutorial' retrieved from /home/airflow/.local/lib/python3.12/site-packages/airflow/example_dags/tutorial.py
[2024-07-12T08:36:38.844+0000] {logging_mixin.py:188} INFO - [2024-07-12T08:36:38.844+0000] {dag.py:3096} INFO - Sync 1 DAGs
[2024-07-12T08:36:38.858+0000] {logging_mixin.py:188} INFO - [2024-07-12T08:36:38.858+0000] {dag.py:3954} INFO - Setting next_dagrun for tutorial to 2024-07-11 00:00:00+00:00, run_after=2024-07-12 00:00:00+00:00
[2024-07-12T08:36:38.871+0000] {processor.py:183} INFO - Processing /home/airflow/.local/lib/python3.12/site-packages/airflow/example_dags/tutorial.py took 0.048 seconds
[2024-07-12T08:37:09.531+0000] {processor.py:161} INFO - Started process (PID=991) to work on /home/airflow/.local/lib/python3.12/site-packages/airflow/example_dags/tutorial.py
[2024-07-12T08:37:09.532+0000] {processor.py:830} INFO - Processing file /home/airflow/.local/lib/python3.12/site-packages/airflow/example_dags/tutorial.py for tasks to queue
[2024-07-12T08:37:09.533+0000] {logging_mixin.py:188} INFO - [2024-07-12T08:37:09.533+0000] {dagbag.py:545} INFO - Filling up the DagBag from /home/airflow/.local/lib/python3.12/site-packages/airflow/example_dags/tutorial.py
[2024-07-12T08:37:09.537+0000] {processor.py:840} INFO - DAG(s) 'tutorial' retrieved from /home/airflow/.local/lib/python3.12/site-packages/airflow/example_dags/tutorial.py
[2024-07-12T08:37:09.548+0000] {logging_mixin.py:188} INFO - [2024-07-12T08:37:09.548+0000] {dag.py:3096} INFO - Sync 1 DAGs
[2024-07-12T08:37:09.561+0000] {logging_mixin.py:188} INFO - [2024-07-12T08:37:09.561+0000] {dag.py:3954} INFO - Setting next_dagrun for tutorial to 2024-07-11 00:00:00+00:00, run_after=2024-07-12 00:00:00+00:00
[2024-07-12T08:37:09.582+0000] {processor.py:183} INFO - Processing /home/airflow/.local/lib/python3.12/site-packages/airflow/example_dags/tutorial.py took 0.054 seconds
[2024-07-12T08:37:39.669+0000] {processor.py:161} INFO - Started process (PID=1048) to work on /home/airflow/.local/lib/python3.12/site-packages/airflow/example_dags/tutorial.py
[2024-07-12T08:37:39.670+0000] {processor.py:830} INFO - Processing file /home/airflow/.local/lib/python3.12/site-packages/airflow/example_dags/tutorial.py for tasks to queue
[2024-07-12T08:37:39.671+0000] {logging_mixin.py:188} INFO - [2024-07-12T08:37:39.671+0000] {dagbag.py:545} INFO - Filling up the DagBag from /home/airflow/.local/lib/python3.12/site-packages/airflow/example_dags/tutorial.py
[2024-07-12T08:37:39.675+0000] {processor.py:840} INFO - DAG(s) 'tutorial' retrieved from /home/airflow/.local/lib/python3.12/site-packages/airflow/example_dags/tutorial.py
[2024-07-12T08:37:39.685+0000] {logging_mixin.py:188} INFO - [2024-07-12T08:37:39.684+0000] {dag.py:3096} INFO - Sync 1 DAGs
[2024-07-12T08:37:39.697+0000] {logging_mixin.py:188} INFO - [2024-07-12T08:37:39.697+0000] {dag.py:3954} INFO - Setting next_dagrun for tutorial to 2024-07-11 00:00:00+00:00, run_after=2024-07-12 00:00:00+00:00
[2024-07-12T08:37:39.709+0000] {processor.py:183} INFO - Processing /home/airflow/.local/lib/python3.12/site-packages/airflow/example_dags/tutorial.py took 0.043 seconds
[2024-07-12T08:38:09.964+0000] {processor.py:161} INFO - Started process (PID=1106) to work on /home/airflow/.local/lib/python3.12/site-packages/airflow/example_dags/tutorial.py
[2024-07-12T08:38:09.964+0000] {processor.py:830} INFO - Processing file /home/airflow/.local/lib/python3.12/site-packages/airflow/example_dags/tutorial.py for tasks to queue
[2024-07-12T08:38:09.966+0000] {logging_mixin.py:188} INFO - [2024-07-12T08:38:09.965+0000] {dagbag.py:545} INFO - Filling up the DagBag from /home/airflow/.local/lib/python3.12/site-packages/airflow/example_dags/tutorial.py
[2024-07-12T08:38:09.969+0000] {processor.py:840} INFO - DAG(s) 'tutorial' retrieved from /home/airflow/.local/lib/python3.12/site-packages/airflow/example_dags/tutorial.py
[2024-07-12T08:38:09.981+0000] {logging_mixin.py:188} INFO - [2024-07-12T08:38:09.981+0000] {dag.py:3096} INFO - Sync 1 DAGs
[2024-07-12T08:38:09.994+0000] {logging_mixin.py:188} INFO - [2024-07-12T08:38:09.994+0000] {dag.py:3954} INFO - Setting next_dagrun for tutorial to 2024-07-11 00:00:00+00:00, run_after=2024-07-12 00:00:00+00:00
[2024-07-12T08:38:10.007+0000] {processor.py:183} INFO - Processing /home/airflow/.local/lib/python3.12/site-packages/airflow/example_dags/tutorial.py took 0.047 seconds
[2024-07-12T08:38:40.953+0000] {processor.py:161} INFO - Started process (PID=1165) to work on /home/airflow/.local/lib/python3.12/site-packages/airflow/example_dags/tutorial.py
[2024-07-12T08:38:40.953+0000] {processor.py:830} INFO - Processing file /home/airflow/.local/lib/python3.12/site-packages/airflow/example_dags/tutorial.py for tasks to queue
[2024-07-12T08:38:40.955+0000] {logging_mixin.py:188} INFO - [2024-07-12T08:38:40.954+0000] {dagbag.py:545} INFO - Filling up the DagBag from /home/airflow/.local/lib/python3.12/site-packages/airflow/example_dags/tutorial.py
[2024-07-12T08:38:40.959+0000] {processor.py:840} INFO - DAG(s) 'tutorial' retrieved from /home/airflow/.local/lib/python3.12/site-packages/airflow/example_dags/tutorial.py
[2024-07-12T08:38:40.970+0000] {logging_mixin.py:188} INFO - [2024-07-12T08:38:40.970+0000] {dag.py:3096} INFO - Sync 1 DAGs
[2024-07-12T08:38:40.984+0000] {logging_mixin.py:188} INFO - [2024-07-12T08:38:40.984+0000] {dag.py:3954} INFO - Setting next_dagrun for tutorial to 2024-07-11 00:00:00+00:00, run_after=2024-07-12 00:00:00+00:00
[2024-07-12T08:38:40.999+0000] {processor.py:183} INFO - Processing /home/airflow/.local/lib/python3.12/site-packages/airflow/example_dags/tutorial.py took 0.051 seconds
[2024-07-12T08:39:11.966+0000] {processor.py:161} INFO - Started process (PID=1223) to work on /home/airflow/.local/lib/python3.12/site-packages/airflow/example_dags/tutorial.py
[2024-07-12T08:39:11.967+0000] {processor.py:830} INFO - Processing file /home/airflow/.local/lib/python3.12/site-packages/airflow/example_dags/tutorial.py for tasks to queue
[2024-07-12T08:39:11.969+0000] {logging_mixin.py:188} INFO - [2024-07-12T08:39:11.968+0000] {dagbag.py:545} INFO - Filling up the DagBag from /home/airflow/.local/lib/python3.12/site-packages/airflow/example_dags/tutorial.py
[2024-07-12T08:39:11.973+0000] {processor.py:840} INFO - DAG(s) 'tutorial' retrieved from /home/airflow/.local/lib/python3.12/site-packages/airflow/example_dags/tutorial.py
[2024-07-12T08:39:11.985+0000] {logging_mixin.py:188} INFO - [2024-07-12T08:39:11.985+0000] {dag.py:3096} INFO - Sync 1 DAGs
[2024-07-12T08:39:12.000+0000] {logging_mixin.py:188} INFO - [2024-07-12T08:39:11.999+0000] {dag.py:3954} INFO - Setting next_dagrun for tutorial to 2024-07-11 00:00:00+00:00, run_after=2024-07-12 00:00:00+00:00
[2024-07-12T08:39:12.013+0000] {processor.py:183} INFO - Processing /home/airflow/.local/lib/python3.12/site-packages/airflow/example_dags/tutorial.py took 0.051 seconds
