[2024-08-06T09:33:36.412+0000] {processor.py:161} INFO - Started process (PID=12138) to work on /opt/airflow/dags/rocket.py
[2024-08-06T09:33:36.413+0000] {processor.py:830} INFO - Processing file /opt/airflow/dags/rocket.py for tasks to queue
[2024-08-06T09:33:36.413+0000] {logging_mixin.py:188} INFO - [2024-08-06T09:33:36.413+0000] {dagbag.py:545} INFO - Filling up the DagBag from /opt/airflow/dags/rocket.py
[2024-08-06T09:33:36.428+0000] {processor.py:840} INFO - DAG(s) 'download_rocket_launches' retrieved from /opt/airflow/dags/rocket.py
[2024-08-06T09:33:36.500+0000] {logging_mixin.py:188} INFO - [2024-08-06T09:33:36.500+0000] {override.py:1829} INFO - Created Permission View: can delete on DAG:download_rocket_launches
[2024-08-06T09:33:36.508+0000] {logging_mixin.py:188} INFO - [2024-08-06T09:33:36.508+0000] {override.py:1829} INFO - Created Permission View: can edit on DAG:download_rocket_launches
[2024-08-06T09:33:36.515+0000] {logging_mixin.py:188} INFO - [2024-08-06T09:33:36.515+0000] {override.py:1829} INFO - Created Permission View: can read on DAG:download_rocket_launches
[2024-08-06T09:33:36.516+0000] {logging_mixin.py:188} INFO - [2024-08-06T09:33:36.516+0000] {dag.py:3096} INFO - Sync 1 DAGs
[2024-08-06T09:33:36.522+0000] {logging_mixin.py:188} INFO - [2024-08-06T09:33:36.522+0000] {dag.py:3118} INFO - Creating ORM DAG for download_rocket_launches
[2024-08-06T09:33:36.529+0000] {logging_mixin.py:188} INFO - [2024-08-06T09:33:36.529+0000] {dag.py:3954} INFO - Setting next_dagrun for download_rocket_launches to 2024-07-23 00:00:00+00:00, run_after=2024-07-24 00:00:00+00:00
[2024-08-06T09:33:36.544+0000] {processor.py:183} INFO - Processing /opt/airflow/dags/rocket.py took 0.136 seconds
[2024-08-06T09:34:06.635+0000] {processor.py:161} INFO - Started process (PID=12198) to work on /opt/airflow/dags/rocket.py
[2024-08-06T09:34:06.636+0000] {processor.py:830} INFO - Processing file /opt/airflow/dags/rocket.py for tasks to queue
[2024-08-06T09:34:06.637+0000] {logging_mixin.py:188} INFO - [2024-08-06T09:34:06.637+0000] {dagbag.py:545} INFO - Filling up the DagBag from /opt/airflow/dags/rocket.py
[2024-08-06T09:34:06.652+0000] {processor.py:840} INFO - DAG(s) 'download_rocket_launches' retrieved from /opt/airflow/dags/rocket.py
[2024-08-06T09:34:06.663+0000] {logging_mixin.py:188} INFO - [2024-08-06T09:34:06.663+0000] {dag.py:3096} INFO - Sync 1 DAGs
[2024-08-06T09:34:06.678+0000] {logging_mixin.py:188} INFO - [2024-08-06T09:34:06.678+0000] {dag.py:3954} INFO - Setting next_dagrun for download_rocket_launches to 2024-07-23 00:00:00+00:00, run_after=2024-07-24 00:00:00+00:00
[2024-08-06T09:34:06.696+0000] {processor.py:183} INFO - Processing /opt/airflow/dags/rocket.py took 0.065 seconds
[2024-08-06T09:34:36.753+0000] {processor.py:161} INFO - Started process (PID=12257) to work on /opt/airflow/dags/rocket.py
[2024-08-06T09:34:36.754+0000] {processor.py:830} INFO - Processing file /opt/airflow/dags/rocket.py for tasks to queue
[2024-08-06T09:34:36.755+0000] {logging_mixin.py:188} INFO - [2024-08-06T09:34:36.755+0000] {dagbag.py:545} INFO - Filling up the DagBag from /opt/airflow/dags/rocket.py
[2024-08-06T09:34:36.770+0000] {processor.py:840} INFO - DAG(s) 'download_rocket_launches' retrieved from /opt/airflow/dags/rocket.py
[2024-08-06T09:34:36.782+0000] {logging_mixin.py:188} INFO - [2024-08-06T09:34:36.782+0000] {dag.py:3096} INFO - Sync 1 DAGs
[2024-08-06T09:34:36.798+0000] {logging_mixin.py:188} INFO - [2024-08-06T09:34:36.798+0000] {dag.py:3954} INFO - Setting next_dagrun for download_rocket_launches to 2024-07-23 00:00:00+00:00, run_after=2024-07-24 00:00:00+00:00
[2024-08-06T09:34:36.813+0000] {processor.py:183} INFO - Processing /opt/airflow/dags/rocket.py took 0.065 seconds
[2024-08-06T09:35:06.900+0000] {processor.py:161} INFO - Started process (PID=12316) to work on /opt/airflow/dags/rocket.py
[2024-08-06T09:35:06.900+0000] {processor.py:830} INFO - Processing file /opt/airflow/dags/rocket.py for tasks to queue
[2024-08-06T09:35:06.901+0000] {logging_mixin.py:188} INFO - [2024-08-06T09:35:06.901+0000] {dagbag.py:545} INFO - Filling up the DagBag from /opt/airflow/dags/rocket.py
[2024-08-06T09:35:06.915+0000] {processor.py:840} INFO - DAG(s) 'download_rocket_launches' retrieved from /opt/airflow/dags/rocket.py
[2024-08-06T09:35:06.927+0000] {logging_mixin.py:188} INFO - [2024-08-06T09:35:06.927+0000] {dag.py:3096} INFO - Sync 1 DAGs
[2024-08-06T09:35:06.941+0000] {logging_mixin.py:188} INFO - [2024-08-06T09:35:06.941+0000] {dag.py:3954} INFO - Setting next_dagrun for download_rocket_launches to 2024-07-23 00:00:00+00:00, run_after=2024-07-24 00:00:00+00:00
[2024-08-06T09:35:06.956+0000] {processor.py:183} INFO - Processing /opt/airflow/dags/rocket.py took 0.061 seconds
[2024-08-06T09:35:37.055+0000] {processor.py:161} INFO - Started process (PID=12375) to work on /opt/airflow/dags/rocket.py
[2024-08-06T09:35:37.056+0000] {processor.py:830} INFO - Processing file /opt/airflow/dags/rocket.py for tasks to queue
[2024-08-06T09:35:37.056+0000] {logging_mixin.py:188} INFO - [2024-08-06T09:35:37.056+0000] {dagbag.py:545} INFO - Filling up the DagBag from /opt/airflow/dags/rocket.py
[2024-08-06T09:35:37.069+0000] {processor.py:840} INFO - DAG(s) 'download_rocket_launches' retrieved from /opt/airflow/dags/rocket.py
[2024-08-06T09:35:37.080+0000] {logging_mixin.py:188} INFO - [2024-08-06T09:35:37.080+0000] {dag.py:3096} INFO - Sync 1 DAGs
[2024-08-06T09:35:37.095+0000] {logging_mixin.py:188} INFO - [2024-08-06T09:35:37.095+0000] {dag.py:3954} INFO - Setting next_dagrun for download_rocket_launches to 2024-07-23 00:00:00+00:00, run_after=2024-07-24 00:00:00+00:00
[2024-08-06T09:35:37.111+0000] {processor.py:183} INFO - Processing /opt/airflow/dags/rocket.py took 0.060 seconds
[2024-08-06T09:36:07.265+0000] {processor.py:161} INFO - Started process (PID=12434) to work on /opt/airflow/dags/rocket.py
[2024-08-06T09:36:07.266+0000] {processor.py:830} INFO - Processing file /opt/airflow/dags/rocket.py for tasks to queue
[2024-08-06T09:36:07.266+0000] {logging_mixin.py:188} INFO - [2024-08-06T09:36:07.266+0000] {dagbag.py:545} INFO - Filling up the DagBag from /opt/airflow/dags/rocket.py
[2024-08-06T09:36:07.278+0000] {processor.py:840} INFO - DAG(s) 'download_rocket_launches' retrieved from /opt/airflow/dags/rocket.py
[2024-08-06T09:36:07.289+0000] {logging_mixin.py:188} INFO - [2024-08-06T09:36:07.288+0000] {dag.py:3096} INFO - Sync 1 DAGs
[2024-08-06T09:36:07.302+0000] {logging_mixin.py:188} INFO - [2024-08-06T09:36:07.302+0000] {dag.py:3954} INFO - Setting next_dagrun for download_rocket_launches to 2024-07-23 00:00:00+00:00, run_after=2024-07-24 00:00:00+00:00
[2024-08-06T09:36:07.316+0000] {processor.py:183} INFO - Processing /opt/airflow/dags/rocket.py took 0.056 seconds
[2024-08-06T09:36:37.422+0000] {processor.py:161} INFO - Started process (PID=12493) to work on /opt/airflow/dags/rocket.py
[2024-08-06T09:36:37.424+0000] {processor.py:830} INFO - Processing file /opt/airflow/dags/rocket.py for tasks to queue
[2024-08-06T09:36:37.425+0000] {logging_mixin.py:188} INFO - [2024-08-06T09:36:37.424+0000] {dagbag.py:545} INFO - Filling up the DagBag from /opt/airflow/dags/rocket.py
[2024-08-06T09:36:37.439+0000] {processor.py:840} INFO - DAG(s) 'download_rocket_launches' retrieved from /opt/airflow/dags/rocket.py
[2024-08-06T09:36:37.450+0000] {logging_mixin.py:188} INFO - [2024-08-06T09:36:37.450+0000] {dag.py:3096} INFO - Sync 1 DAGs
[2024-08-06T09:36:37.465+0000] {logging_mixin.py:188} INFO - [2024-08-06T09:36:37.464+0000] {dag.py:3954} INFO - Setting next_dagrun for download_rocket_launches to 2024-07-23 00:00:00+00:00, run_after=2024-07-24 00:00:00+00:00
[2024-08-06T09:36:37.479+0000] {processor.py:183} INFO - Processing /opt/airflow/dags/rocket.py took 0.061 seconds
[2024-08-06T09:37:07.569+0000] {processor.py:161} INFO - Started process (PID=12552) to work on /opt/airflow/dags/rocket.py
[2024-08-06T09:37:07.570+0000] {processor.py:830} INFO - Processing file /opt/airflow/dags/rocket.py for tasks to queue
[2024-08-06T09:37:07.570+0000] {logging_mixin.py:188} INFO - [2024-08-06T09:37:07.570+0000] {dagbag.py:545} INFO - Filling up the DagBag from /opt/airflow/dags/rocket.py
[2024-08-06T09:37:07.582+0000] {processor.py:840} INFO - DAG(s) 'download_rocket_launches' retrieved from /opt/airflow/dags/rocket.py
[2024-08-06T09:37:07.593+0000] {logging_mixin.py:188} INFO - [2024-08-06T09:37:07.593+0000] {dag.py:3096} INFO - Sync 1 DAGs
[2024-08-06T09:37:07.607+0000] {logging_mixin.py:188} INFO - [2024-08-06T09:37:07.607+0000] {dag.py:3954} INFO - Setting next_dagrun for download_rocket_launches to 2024-07-23 00:00:00+00:00, run_after=2024-07-24 00:00:00+00:00
[2024-08-06T09:37:07.622+0000] {processor.py:183} INFO - Processing /opt/airflow/dags/rocket.py took 0.058 seconds
[2024-08-06T09:37:37.720+0000] {processor.py:161} INFO - Started process (PID=12611) to work on /opt/airflow/dags/rocket.py
[2024-08-06T09:37:37.720+0000] {processor.py:830} INFO - Processing file /opt/airflow/dags/rocket.py for tasks to queue
[2024-08-06T09:37:37.721+0000] {logging_mixin.py:188} INFO - [2024-08-06T09:37:37.721+0000] {dagbag.py:545} INFO - Filling up the DagBag from /opt/airflow/dags/rocket.py
[2024-08-06T09:37:37.733+0000] {processor.py:840} INFO - DAG(s) 'download_rocket_launches' retrieved from /opt/airflow/dags/rocket.py
[2024-08-06T09:37:37.743+0000] {logging_mixin.py:188} INFO - [2024-08-06T09:37:37.743+0000] {dag.py:3096} INFO - Sync 1 DAGs
[2024-08-06T09:37:37.757+0000] {logging_mixin.py:188} INFO - [2024-08-06T09:37:37.757+0000] {dag.py:3954} INFO - Setting next_dagrun for download_rocket_launches to 2024-07-23 00:00:00+00:00, run_after=2024-07-24 00:00:00+00:00
[2024-08-06T09:37:37.771+0000] {processor.py:183} INFO - Processing /opt/airflow/dags/rocket.py took 0.056 seconds
