[2024-07-12T08:08:43.512+0000] {local_task_job_runner.py:120} INFO - ::group::Pre task execution logs
[2024-07-12T08:08:43.524+0000] {taskinstance.py:2076} INFO - Dependencies all met for dep_context=non-requeueable deps ti=<TaskInstance: tutorial.templated scheduled__2024-07-11T00:00:00+00:00 [queued]>
[2024-07-12T08:08:43.528+0000] {taskinstance.py:2076} INFO - Dependencies all met for dep_context=requeueable deps ti=<TaskInstance: tutorial.templated scheduled__2024-07-11T00:00:00+00:00 [queued]>
[2024-07-12T08:08:43.529+0000] {taskinstance.py:2306} INFO - Starting attempt 1 of 2
[2024-07-12T08:08:43.540+0000] {taskinstance.py:2330} INFO - Executing <Task(BashOperator): templated> on 2024-07-11 00:00:00+00:00
[2024-07-12T08:08:43.544+0000] {warnings.py:112} WARNING - /home/***/.local/lib/python3.12/site-packages/***/task/task_runner/standard_task_runner.py:61: DeprecationWarning: This process (pid=72) is multi-threaded, use of fork() may lead to deadlocks in the child.
  pid = os.fork()

[2024-07-12T08:08:43.545+0000] {standard_task_runner.py:63} INFO - Started process 75 to run task
[2024-07-12T08:08:43.546+0000] {standard_task_runner.py:90} INFO - Running: ['***', 'tasks', 'run', 'tutorial', 'templated', 'scheduled__2024-07-11T00:00:00+00:00', '--job-id', '6', '--raw', '--subdir', '/home/***/.local/lib/python3.12/site-packages/***/example_dags/tutorial.py', '--cfg-path', '/tmp/tmp_ipiwuko']
[2024-07-12T08:08:43.548+0000] {standard_task_runner.py:91} INFO - Job 6: Subtask templated
[2024-07-12T08:08:43.575+0000] {task_command.py:426} INFO - Running <TaskInstance: tutorial.templated scheduled__2024-07-11T00:00:00+00:00 [running]> on host 498ca3f7b88e
[2024-07-12T08:08:43.624+0000] {taskinstance.py:2648} INFO - Exporting env vars: AIRFLOW_CTX_DAG_EMAIL='***@example.com' AIRFLOW_CTX_DAG_OWNER='***' AIRFLOW_CTX_DAG_ID='tutorial' AIRFLOW_CTX_TASK_ID='templated' AIRFLOW_CTX_EXECUTION_DATE='2024-07-11T00:00:00+00:00' AIRFLOW_CTX_TRY_NUMBER='1' AIRFLOW_CTX_DAG_RUN_ID='scheduled__2024-07-11T00:00:00+00:00'
[2024-07-12T08:08:43.625+0000] {taskinstance.py:430} INFO - ::endgroup::
[2024-07-12T08:08:43.626+0000] {subprocess.py:63} INFO - Tmp dir root location: /tmp
[2024-07-12T08:08:43.627+0000] {subprocess.py:75} INFO - Running command: ['/usr/bin/bash', '-c', '\n\n    echo "2024-07-11"\n    echo "2024-07-18"\n\n    echo "2024-07-11"\n    echo "2024-07-18"\n\n    echo "2024-07-11"\n    echo "2024-07-18"\n\n    echo "2024-07-11"\n    echo "2024-07-18"\n\n    echo "2024-07-11"\n    echo "2024-07-18"\n']
[2024-07-12T08:08:43.632+0000] {subprocess.py:86} INFO - Output:
[2024-07-12T08:08:43.633+0000] {subprocess.py:93} INFO - 2024-07-11
[2024-07-12T08:08:43.633+0000] {subprocess.py:93} INFO - 2024-07-18
[2024-07-12T08:08:43.633+0000] {subprocess.py:93} INFO - 2024-07-11
[2024-07-12T08:08:43.634+0000] {subprocess.py:93} INFO - 2024-07-18
[2024-07-12T08:08:43.634+0000] {subprocess.py:93} INFO - 2024-07-11
[2024-07-12T08:08:43.634+0000] {subprocess.py:93} INFO - 2024-07-18
[2024-07-12T08:08:43.634+0000] {subprocess.py:93} INFO - 2024-07-11
[2024-07-12T08:08:43.634+0000] {subprocess.py:93} INFO - 2024-07-18
[2024-07-12T08:08:43.635+0000] {subprocess.py:93} INFO - 2024-07-11
[2024-07-12T08:08:43.635+0000] {subprocess.py:93} INFO - 2024-07-18
[2024-07-12T08:08:43.635+0000] {subprocess.py:97} INFO - Command exited with return code 0
[2024-07-12T08:08:43.635+0000] {taskinstance.py:441} INFO - ::group::Post task execution logs
[2024-07-12T08:08:43.647+0000] {taskinstance.py:1206} INFO - Marking task as SUCCESS. dag_id=tutorial, task_id=templated, run_id=scheduled__2024-07-11T00:00:00+00:00, execution_date=20240711T000000, start_date=20240712T080843, end_date=20240712T080843
[2024-07-12T08:08:43.679+0000] {local_task_job_runner.py:240} INFO - Task exited with return code 0
[2024-07-12T08:08:43.687+0000] {taskinstance.py:3503} INFO - 0 downstream tasks scheduled from follow-on schedule check
[2024-07-12T08:08:43.688+0000] {local_task_job_runner.py:222} INFO - ::endgroup::
