[2024-07-12T08:08:43.512+0000] {local_task_job_runner.py:120} INFO - ::group::Pre task execution logs
[2024-07-12T08:08:43.524+0000] {taskinstance.py:2076} INFO - Dependencies all met for dep_context=non-requeueable deps ti=<TaskInstance: tutorial.sleep scheduled__2024-07-11T00:00:00+00:00 [queued]>
[2024-07-12T08:08:43.528+0000] {taskinstance.py:2076} INFO - Dependencies all met for dep_context=requeueable deps ti=<TaskInstance: tutorial.sleep scheduled__2024-07-11T00:00:00+00:00 [queued]>
[2024-07-12T08:08:43.529+0000] {taskinstance.py:2306} INFO - Starting attempt 1 of 4
[2024-07-12T08:08:43.541+0000] {taskinstance.py:2330} INFO - Executing <Task(BashOperator): sleep> on 2024-07-11 00:00:00+00:00
[2024-07-12T08:08:43.545+0000] {warnings.py:112} WARNING - /home/***/.local/lib/python3.12/site-packages/***/task/task_runner/standard_task_runner.py:61: DeprecationWarning: This process (pid=71) is multi-threaded, use of fork() may lead to deadlocks in the child.
  pid = os.fork()

[2024-07-12T08:08:43.547+0000] {standard_task_runner.py:63} INFO - Started process 76 to run task
[2024-07-12T08:08:43.546+0000] {standard_task_runner.py:90} INFO - Running: ['***', 'tasks', 'run', 'tutorial', 'sleep', 'scheduled__2024-07-11T00:00:00+00:00', '--job-id', '7', '--raw', '--subdir', '/home/***/.local/lib/python3.12/site-packages/***/example_dags/tutorial.py', '--cfg-path', '/tmp/tmpldg9wnnb']
[2024-07-12T08:08:43.548+0000] {standard_task_runner.py:91} INFO - Job 7: Subtask sleep
[2024-07-12T08:08:43.575+0000] {task_command.py:426} INFO - Running <TaskInstance: tutorial.sleep scheduled__2024-07-11T00:00:00+00:00 [running]> on host 498ca3f7b88e
[2024-07-12T08:08:43.621+0000] {taskinstance.py:2648} INFO - Exporting env vars: AIRFLOW_CTX_DAG_EMAIL='***@example.com' AIRFLOW_CTX_DAG_OWNER='***' AIRFLOW_CTX_DAG_ID='tutorial' AIRFLOW_CTX_TASK_ID='sleep' AIRFLOW_CTX_EXECUTION_DATE='2024-07-11T00:00:00+00:00' AIRFLOW_CTX_TRY_NUMBER='1' AIRFLOW_CTX_DAG_RUN_ID='scheduled__2024-07-11T00:00:00+00:00'
[2024-07-12T08:08:43.622+0000] {taskinstance.py:430} INFO - ::endgroup::
[2024-07-12T08:08:43.623+0000] {subprocess.py:63} INFO - Tmp dir root location: /tmp
[2024-07-12T08:08:43.623+0000] {subprocess.py:75} INFO - Running command: ['/usr/bin/bash', '-c', 'sleep 5']
[2024-07-12T08:08:43.629+0000] {subprocess.py:86} INFO - Output:
[2024-07-12T08:08:48.632+0000] {subprocess.py:97} INFO - Command exited with return code 0
[2024-07-12T08:08:48.633+0000] {taskinstance.py:441} INFO - ::group::Post task execution logs
[2024-07-12T08:08:48.649+0000] {taskinstance.py:1206} INFO - Marking task as SUCCESS. dag_id=tutorial, task_id=sleep, run_id=scheduled__2024-07-11T00:00:00+00:00, execution_date=20240711T000000, start_date=20240712T080843, end_date=20240712T080848
[2024-07-12T08:08:48.679+0000] {local_task_job_runner.py:240} INFO - Task exited with return code 0
[2024-07-12T08:08:48.690+0000] {taskinstance.py:3503} INFO - 0 downstream tasks scheduled from follow-on schedule check
[2024-07-12T08:08:48.691+0000] {local_task_job_runner.py:222} INFO - ::endgroup::
